<routes>
  <routings>
    <routing for="Miami">
      <destinations>
        <destination from="eg0" ip="ip">
          <te-groups>
            <te-group>
              <routes>
                <route to="in0">
                  <actions>
                    <action arg="97" type="push"/>
                  </actions>
                </route>
                <route to="in0">
                  <actions>
                    <action arg="165" type="push"/>
                  </actions>
                </route>
                <route to="in0">
                  <actions>
                    <action arg="161" type="push"/>
                  </actions>
                </route>
                <route to="in0">
                  <actions>
                    <action arg="156" type="push"/>
                  </actions>
                </route>
                <route to="in0">
                  <actions>
                    <action arg="150" type="push"/>
                  </actions>
                </route>
                <route to="in0">
                  <actions>
                    <action arg="144" type="push"/>
                  </actions>
                </route>
                <route to="in0">
                  <actions>
                    <action arg="139" type="push"/>
                  </actions>
                </route>
                <route to="in0">
                  <actions>
                    <action arg="130" type="push"/>
                  </actions>
                </route>
                <route to="in0">
                  <actions>
                    <action arg="122" type="push"/>
                  </actions>
                </route>
                <route to="in0">
                  <actions>
                    <action arg="116" type="push"/>
                  </actions>
                </route>
                <route to="in0">
                  <actions>
                    <action arg="111" type="push"/>
                  </actions>
                </route>
                <route to="in0">
                  <actions>
                    <action arg="104" type="push"/>
                  </actions>
                </route>
                <route to="in0">
                  <actions>
                    <action arg="43" type="push"/>
                  </actions>
                </route>
                <route to="in0">
                  <actions>
                    <action arg="91" type="push"/>
                  </actions>
                </route>
                <route to="in0">
                  <actions>
                    <action arg="84" type="push"/>
                  </actions>
                </route>
                <route to="in0">
                  <actions>
                    <action arg="78" type="push"/>
                  </actions>
                </route>
                <route to="in0">
                  <actions>
                    <action arg="73" type="push"/>
                  </actions>
                </route>
                <route to="in0">
                  <actions>
                    <action arg="67" type="push"/>
                  </actions>
                </route>
                <route to="in0">
                  <actions>
                    <action arg="63" type="push"/>
                  </actions>
                </route>
                <route to="in0">
                  <actions>
                    <action arg="60" type="push"/>
                  </actions>
                </route>
                <route to="in0">
                  <actions>
                    <action arg="56" type="push"/>
                  </actions>
                </route>
                <route to="in0">
                  <actions>
                    <action arg="52" type="push"/>
                  </actions>
                </route>
                <route to="in0">
                  <actions>
                    <action arg="50" type="push"/>
                  </actions>
                </route>
                <route to="in0">
                  <actions>
                    <action arg="47" type="push"/>
                  </actions>
                </route>
              </routes>
            </te-group>
          </te-groups>
        </destination>
        <destination from="in0" label="172">
          <te-groups>
            <te-group>
              <routes>
                <route to="eg0">
                  <actions>
                    <action type="pop"/>
                  </actions>
                </route>
              </routes>
            </te-group>
          </te-groups>
        </destination>
        <destination from="in0" label="289">
          <te-groups>
            <te-group>
              <routes>
                <route to="eg0">
                  <actions>
                    <action type="pop"/>
                  </actions>
                </route>
              </routes>
            </te-group>
          </te-groups>
        </destination>
        <destination from="in0" label="405">
          <te-groups>
            <te-group>
              <routes>
                <route to="eg0">
                  <actions>
                    <action type="pop"/>
                  </actions>
                </route>
              </routes>
            </te-group>
          </te-groups>
        </destination>
        <destination from="in0" label="507">
          <te-groups>
            <te-group>
              <routes>
                <route to="eg0">
                  <actions>
                    <action type="pop"/>
                  </actions>
                </route>
              </routes>
            </te-group>
          </te-groups>
        </destination>
        <destination from="in0" label="625">
          <te-groups>
            <te-group>
              <routes>
                <route to="eg0">
                  <actions>
                    <action type="pop"/>
                  </actions>
                </route>
              </routes>
            </te-group>
          </te-groups>
        </destination>
        <destination from="in0" label="724">
          <te-groups>
            <te-group>
              <routes>
                <route to="eg0">
                  <actions>
                    <action type="pop"/>
                  </actions>
                </route>
              </routes>
            </te-group>
          </te-groups>
        </destination>
        <destination from="in0" label="820">
          <te-groups>
            <te-group>
              <routes>
                <route to="eg0">
                  <actions>
                    <action type="pop"/>
                  </actions>
                </route>
              </routes>
            </te-group>
          </te-groups>
        </destination>
        <destination from="in0" label="924">
          <te-groups>
            <te-group>
              <routes>
                <route to="eg0">
                  <actions>
                    <action type="pop"/>
                  </actions>
                </route>
              </routes>
            </te-group>
          </te-groups>
        </destination>
        <destination from="in0" label="1028">
          <te-groups>
            <te-group>
              <routes>
                <route to="eg0">
                  <actions>
                    <action type="pop"/>
                  </actions>
                </route>
              </routes>
            </te-group>
          </te-groups>
        </destination>
        <destination from="in0" label="1112">
          <te-groups>
            <te-group>
              <routes>
                <route to="eg0">
                  <actions>
                    <action type="pop"/>
                  </actions>
                </route>
              </routes>
            </te-group>
          </te-groups>
        </destination>
        <destination from="in0" label="1206">
          <te-groups>
            <te-group>
              <routes>
                <route to="eg0">
                  <actions>
                    <action type="pop"/>
                  </actions>
                </route>
              </routes>
            </te-group>
          </te-groups>
        </destination>
        <destination from="in0" label="1321">
          <te-groups>
            <te-group>
              <routes>
                <route to="eg0">
                  <actions>
                    <action type="pop"/>
                  </actions>
                </route>
              </routes>
            </te-group>
          </te-groups>
        </destination>
        <destination from="in0" label="1420">
          <te-groups>
            <te-group>
              <routes>
                <route to="eg0">
                  <actions>
                    <action type="pop"/>
                  </actions>
                </route>
              </routes>
            </te-group>
          </te-groups>
        </destination>
        <destination from="in0" label="1536">
          <te-groups>
            <te-group>
              <routes>
                <route to="eg0">
                  <actions>
                    <action type="pop"/>
                  </actions>
                </route>
              </routes>
            </te-group>
          </te-groups>
        </destination>
        <destination from="in0" label="1638">
          <te-groups>
            <te-group>
              <routes>
                <route to="eg0">
                  <actions>
                    <action type="pop"/>
                  </actions>
                </route>
              </routes>
            </te-group>
          </te-groups>
        </destination>
        <destination from="in0" label="1756">
          <te-groups>
            <te-group>
              <routes>
                <route to="eg0">
                  <actions>
                    <action type="pop"/>
                  </actions>
                </route>
              </routes>
            </te-group>
          </te-groups>
        </destination>
        <destination from="in0" label="1905">
          <te-groups>
            <te-group>
              <routes>
                <route to="eg0">
                  <actions>
                    <action type="pop"/>
                  </actions>
                </route>
              </routes>
            </te-group>
          </te-groups>
        </destination>
        <destination from="in0" label="2019">
          <te-groups>
            <te-group>
              <routes>
                <route to="eg0">
                  <actions>
                    <action type="pop"/>
                  </actions>
                </route>
              </routes>
            </te-group>
          </te-groups>
        </destination>
        <destination from="in0" label="2155">
          <te-groups>
            <te-group>
              <routes>
                <route to="eg0">
                  <actions>
                    <action type="pop"/>
                  </actions>
                </route>
              </routes>
            </te-group>
          </te-groups>
        </destination>
        <destination from="in0" label="2249">
          <te-groups>
            <te-group>
              <routes>
                <route to="eg0">
                  <actions>
                    <action type="pop"/>
                  </actions>
                </route>
              </routes>
            </te-group>
          </te-groups>
        </destination>
        <destination from="in0" label="2366">
          <te-groups>
            <te-group>
              <routes>
                <route to="eg0">
                  <actions>
                    <action type="pop"/>
                  </actions>
                </route>
              </routes>
            </te-group>
          </te-groups>
        </destination>
        <destination from="in0" label="2480">
          <te-groups>
            <te-group>
              <routes>
                <route to="eg0">
                  <actions>
                    <action type="pop"/>
                  </actions>
                </route>
              </routes>
            </te-group>
          </te-groups>
        </destination>
        <destination from="in0" label="2585">
          <te-groups>
            <te-group>
              <routes>
                <route to="eg0">
                  <actions>
                    <action type="pop"/>
                  </actions>
                </route>
              </routes>
            </te-group>
          </te-groups>
        </destination>
        <destination from="in0" label="2687">
          <te-groups>
            <te-group>
              <routes>
                <route to="eg0">
                  <actions>
                    <action type="pop"/>
                  </actions>
                </route>
              </routes>
            </te-group>
          </te-groups>
        </destination>
      </destinations>
    </routing>
    <routing for="Houston">
      <destinations>
        <destination from="eg0" ip="ip">
          <te-groups>
            <te-group>
              <routes>
                <route to="in0">
                  <actions>
                    <action arg="217" type="push"/>
                  </actions>
                </route>
                <route to="in0">
                  <actions>
                    <action arg="282" type="push"/>
                  </actions>
                </route>
                <route to="in0">
                  <actions>
                    <action arg="277" type="push"/>
                  </actions>
                </route>
                <route to="in0">
                  <actions>
                    <action arg="271" type="push"/>
                  </actions>
                </route>
                <route to="in0">
                  <actions>
                    <action arg="266" type="push"/>
                  </actions>
                </route>
                <route to="in0">
                  <actions>
                    <action arg="261" type="push"/>
                  </actions>
                </route>
                <route to="in0">
                  <actions>
                    <action arg="257" type="push"/>
                  </actions>
                </route>
                <route to="in0">
                  <actions>
                    <action arg="249" type="push"/>
                  </actions>
                </route>
                <route to="in0">
                  <actions>
                    <action arg="242" type="push"/>
                  </actions>
                </route>
                <route to="in0">
                  <actions>
                    <action arg="235" type="push"/>
                  </actions>
                </route>
                <route to="in0">
                  <actions>
                    <action arg="229" type="push"/>
                  </actions>
                </route>
                <route to="in0">
                  <actions>
                    <action arg="223" type="push"/>
                  </actions>
                </route>
                <route to="in0">
                  <actions>
                    <action arg="170" type="push"/>
                  </actions>
                </route>
                <route to="in0">
                  <actions>
                    <action arg="212" type="push"/>
                  </actions>
                </route>
                <route to="in0">
                  <actions>
                    <action arg="206" type="push"/>
                  </actions>
                </route>
                <route to="in0">
                  <actions>
                    <action arg="201" type="push"/>
                  </actions>
                </route>
                <route to="in0">
                  <actions>
                    <action arg="197" type="push"/>
                  </actions>
                </route>
                <route to="in0">
                  <actions>
                    <action arg="192" type="push"/>
                  </actions>
                </route>
                <route to="in0">
                  <actions>
                    <action arg="189" type="push"/>
                  </actions>
                </route>
                <route to="in0">
                  <actions>
                    <action arg="187" type="push"/>
                  </actions>
                </route>
                <route to="in0">
                  <actions>
                    <action arg="184" type="push"/>
                  </actions>
                </route>
                <route to="in0">
                  <actions>
                    <action arg="181" type="push"/>
                  </actions>
                </route>
                <route to="in0">
                  <actions>
                    <action arg="178" type="push"/>
                  </actions>
                </route>
                <route to="in0">
                  <actions>
                    <action arg="174" type="push"/>
                  </actions>
                </route>
              </routes>
            </te-group>
          </te-groups>
        </destination>
        <destination from="in0" label="45">
          <te-groups>
            <te-group>
              <routes>
                <route to="eg0">
                  <actions>
                    <action type="pop"/>
                  </actions>
                </route>
              </routes>
            </te-group>
          </te-groups>
        </destination>
        <destination from="in0" label="293">
          <te-groups>
            <te-group>
              <routes>
                <route to="eg0">
                  <actions>
                    <action type="pop"/>
                  </actions>
                </route>
              </routes>
            </te-group>
          </te-groups>
        </destination>
        <destination from="in0" label="408">
          <te-groups>
            <te-group>
              <routes>
                <route to="eg0">
                  <actions>
                    <action type="pop"/>
                  </actions>
                </route>
              </routes>
            </te-group>
          </te-groups>
        </destination>
        <destination from="in0" label="510">
          <te-groups>
            <te-group>
              <routes>
                <route to="eg0">
                  <actions>
                    <action type="pop"/>
                  </actions>
                </route>
              </routes>
            </te-group>
          </te-groups>
        </destination>
        <destination from="in0" label="628">
          <te-groups>
            <te-group>
              <routes>
                <route to="eg0">
                  <actions>
                    <action type="pop"/>
                  </actions>
                </route>
              </routes>
            </te-group>
          </te-groups>
        </destination>
        <destination from="in0" label="726">
          <te-groups>
            <te-group>
              <routes>
                <route to="eg0">
                  <actions>
                    <action type="pop"/>
                  </actions>
                </route>
              </routes>
            </te-group>
          </te-groups>
        </destination>
        <destination from="in0" label="823">
          <te-groups>
            <te-group>
              <routes>
                <route to="eg0">
                  <actions>
                    <action type="pop"/>
                  </actions>
                </route>
              </routes>
            </te-group>
          </te-groups>
        </destination>
        <destination from="in0" label="929">
          <te-groups>
            <te-group>
              <routes>
                <route to="eg0">
                  <actions>
                    <action type="pop"/>
                  </actions>
                </route>
              </routes>
            </te-group>
          </te-groups>
        </destination>
        <destination from="in0" label="1033">
          <te-groups>
            <te-group>
              <routes>
                <route to="eg0">
                  <actions>
                    <action type="pop"/>
                  </actions>
                </route>
              </routes>
            </te-group>
          </te-groups>
        </destination>
        <destination from="in0" label="1117">
          <te-groups>
            <te-group>
              <routes>
                <route to="eg0">
                  <actions>
                    <action type="pop"/>
                  </actions>
                </route>
              </routes>
            </te-group>
          </te-groups>
        </destination>
        <destination from="in0" label="1212">
          <te-groups>
            <te-group>
              <routes>
                <route to="eg0">
                  <actions>
                    <action type="pop"/>
                  </actions>
                </route>
              </routes>
            </te-group>
          </te-groups>
        </destination>
        <destination from="in0" label="1326">
          <te-groups>
            <te-group>
              <routes>
                <route to="eg0">
                  <actions>
                    <action type="pop"/>
                  </actions>
                </route>
              </routes>
            </te-group>
          </te-groups>
        </destination>
        <destination from="in0" label="1426">
          <te-groups>
            <te-group>
              <routes>
                <route to="eg0">
                  <actions>
                    <action type="pop"/>
                  </actions>
                </route>
              </routes>
            </te-group>
          </te-groups>
        </destination>
        <destination from="in0" label="1542">
          <te-groups>
            <te-group>
              <routes>
                <route to="eg0">
                  <actions>
                    <action type="pop"/>
                  </actions>
                </route>
              </routes>
            </te-group>
          </te-groups>
        </destination>
        <destination from="in0" label="1642">
          <te-groups>
            <te-group>
              <routes>
                <route to="eg0">
                  <actions>
                    <action type="pop"/>
                  </actions>
                </route>
              </routes>
            </te-group>
          </te-groups>
        </destination>
        <destination from="in0" label="1763">
          <te-groups>
            <te-group>
              <routes>
                <route to="eg0">
                  <actions>
                    <action type="pop"/>
                  </actions>
                </route>
              </routes>
            </te-group>
          </te-groups>
        </destination>
        <destination from="in0" label="1910">
          <te-groups>
            <te-group>
              <routes>
                <route to="eg0">
                  <actions>
                    <action type="pop"/>
                  </actions>
                </route>
              </routes>
            </te-group>
          </te-groups>
        </destination>
        <destination from="in0" label="2027">
          <te-groups>
            <te-group>
              <routes>
                <route to="eg0">
                  <actions>
                    <action type="pop"/>
                  </actions>
                </route>
              </routes>
            </te-group>
          </te-groups>
        </destination>
        <destination from="in0" label="2159">
          <te-groups>
            <te-group>
              <routes>
                <route to="eg0">
                  <actions>
                    <action type="pop"/>
                  </actions>
                </route>
              </routes>
            </te-group>
          </te-groups>
        </destination>
        <destination from="in0" label="2254">
          <te-groups>
            <te-group>
              <routes>
                <route to="eg0">
                  <actions>
                    <action type="pop"/>
                  </actions>
                </route>
              </routes>
            </te-group>
          </te-groups>
        </destination>
        <destination from="in0" label="2371">
          <te-groups>
            <te-group>
              <routes>
                <route to="eg0">
                  <actions>
                    <action type="pop"/>
                  </actions>
                </route>
              </routes>
            </te-group>
          </te-groups>
        </destination>
        <destination from="in0" label="2486">
          <te-groups>
            <te-group>
              <routes>
                <route to="eg0">
                  <actions>
                    <action type="pop"/>
                  </actions>
                </route>
              </routes>
            </te-group>
          </te-groups>
        </destination>
        <destination from="in0" label="2590">
          <te-groups>
            <te-group>
              <routes>
                <route to="eg0">
                  <actions>
                    <action type="pop"/>
                  </actions>
                </route>
              </routes>
            </te-group>
          </te-groups>
        </destination>
        <destination from="in0" label="2692">
          <te-groups>
            <te-group>
              <routes>
                <route to="eg0">
                  <actions>
                    <action type="pop"/>
                  </actions>
                </route>
              </routes>
            </te-group>
          </te-groups>
        </destination>
      </destinations>
    </routing>
    <routing for="Washington_DC">
      <destinations>
        <destination from="eg0" ip="ip">
          <te-groups>
            <te-group>
              <routes>
                <route to="in0">
                  <actions>
                    <action arg="291" type="push"/>
                  </actions>
                </route>
                <route to="in0">
                  <actions>
                    <action arg="288" type="push"/>
                  </actions>
                </route>
                <route to="in1">
                  <actions>
                    <action arg="402" type="push"/>
                  </actions>
                </route>
                <route to="in1">
                  <actions>
                    <action arg="400" type="push"/>
                  </actions>
                </route>
                <route to="in1">
                  <actions>
                    <action arg="397" type="push"/>
                  </actions>
                </route>
                <route to="in0">
                  <actions>
                    <action arg="391" type="push"/>
                  </actions>
                </route>
                <route to="in0">
                  <actions>
                    <action arg="385" type="push"/>
                  </actions>
                </route>
                <route to="in0">
                  <actions>
                    <action arg="380" type="push"/>
                  </actions>
                </route>
                <route to="in0">
                  <actions>
                    <action arg="371" type="push"/>
                  </actions>
                </route>
                <route to="in0">
                  <actions>
                    <action arg="363" type="push"/>
                  </actions>
                </route>
                <route to="in1">
                  <actions>
                    <action arg="359" type="push"/>
                  </actions>
                </route>
                <route to="in1">
                  <actions>
                    <action arg="356" type="push"/>
                  </actions>
                </route>
                <route to="in0">
                  <actions>
                    <action arg="349" type="push"/>
                  </actions>
                </route>
                <route to="in0">
                  <actions>
                    <action arg="336" type="push"/>
                  </actions>
                </route>
                <route to="in0">
                  <actions>
                    <action arg="342" type="push"/>
                  </actions>
                </route>
                <route to="in0">
                  <actions>
                    <action arg="295" type="push"/>
                  </actions>
                </route>
                <route to="in0">
                  <actions>
                    <action arg="297" type="push"/>
                  </actions>
                </route>
                <route to="in0">
                  <actions>
                    <action arg="301" type="push"/>
                  </actions>
                </route>
                <route to="in0">
                  <actions>
                    <action arg="305" type="push"/>
                  </actions>
                </route>
                <route to="in0">
                  <actions>
                    <action arg="308" type="push"/>
                  </actions>
                </route>
                <route to="in0">
                  <actions>
                    <action arg="312" type="push"/>
                  </actions>
                </route>
                <route to="in0">
                  <actions>
                    <action arg="318" type="push"/>
                  </actions>
                </route>
                <route to="in0">
                  <actions>
                    <action arg="323" type="push"/>
                  </actions>
                </route>
                <route to="in0">
                  <actions>
                    <action arg="329" type="push"/>
                  </actions>
                </route>
              </routes>
            </te-group>
            <te-group>
              <routes>
                <route to="in1">
                  <actions>
                    <action arg="349" type="push"/>
                    <action arg="2775" type="push"/>
                  </actions>
                </route>
                <route to="in1">
                  <actions>
                    <action arg="363" type="push"/>
                    <action arg="2775" type="push"/>
                  </actions>
                </route>
                <route to="in1">
                  <actions>
                    <action arg="323" type="push"/>
                    <action arg="2775" type="push"/>
                  </actions>
                </route>
                <route to="in1">
                  <actions>
                    <action arg="371" type="push"/>
                    <action arg="2775" type="push"/>
                  </actions>
                </route>
                <route to="in1">
                  <actions>
                    <action arg="380" type="push"/>
                    <action arg="2775" type="push"/>
                  </actions>
                </route>
                <route to="in1">
                  <actions>
                    <action arg="385" type="push"/>
                    <action arg="2775" type="push"/>
                  </actions>
                </route>
                <route to="in1">
                  <actions>
                    <action arg="391" type="push"/>
                    <action arg="2775" type="push"/>
                  </actions>
                </route>
                <route to="in0">
                  <actions>
                    <action arg="356" type="push"/>
                    <action arg="2777" type="push"/>
                  </actions>
                </route>
                <route to="in0">
                  <actions>
                    <action arg="359" type="push"/>
                    <action arg="2777" type="push"/>
                  </actions>
                </route>
                <route to="in0">
                  <actions>
                    <action arg="397" type="push"/>
                    <action arg="2777" type="push"/>
                  </actions>
                </route>
                <route to="in0">
                  <actions>
                    <action arg="400" type="push"/>
                    <action arg="2777" type="push"/>
                  </actions>
                </route>
                <route to="in0">
                  <actions>
                    <action arg="402" type="push"/>
                    <action arg="2777" type="push"/>
                  </actions>
                </route>
                <route to="in1">
                  <actions>
                    <action arg="336" type="push"/>
                    <action arg="2775" type="push"/>
                  </actions>
                </route>
                <route to="in1">
                  <actions>
                    <action arg="342" type="push"/>
                    <action arg="2775" type="push"/>
                  </actions>
                </route>
                <route to="in1">
                  <actions>
                    <action arg="288" type="push"/>
                    <action arg="2775" type="push"/>
                  </actions>
                </route>
                <route to="in1">
                  <actions>
                    <action arg="291" type="push"/>
                    <action arg="2775" type="push"/>
                  </actions>
                </route>
                <route to="in1">
                  <actions>
                    <action arg="295" type="push"/>
                    <action arg="2775" type="push"/>
                  </actions>
                </route>
                <route to="in1">
                  <actions>
                    <action arg="297" type="push"/>
                    <action arg="2775" type="push"/>
                  </actions>
                </route>
                <route to="in1">
                  <actions>
                    <action arg="301" type="push"/>
                    <action arg="2775" type="push"/>
                  </actions>
                </route>
                <route to="in1">
                  <actions>
                    <action arg="305" type="push"/>
                    <action arg="2775" type="push"/>
                  </actions>
                </route>
                <route to="in1">
                  <actions>
                    <action arg="308" type="push"/>
                    <action arg="2775" type="push"/>
                  </actions>
                </route>
                <route to="in1">
                  <actions>
                    <action arg="312" type="push"/>
                    <action arg="2775" type="push"/>
                  </actions>
                </route>
                <route to="in1">
                  <actions>
                    <action arg="318" type="push"/>
                    <action arg="2775" type="push"/>
                  </actions>
                </route>
                <route to="in1">
                  <actions>
                    <action arg="329" type="push"/>
                    <action arg="2775" type="push"/>
                  </actions>
                </route>
              </routes>
            </te-group>
            <te-group>
              <routes>
                <route to="in0">
                  <actions>
                    <action arg="391" type="push"/>
                    <action arg="2775" type="push"/>
                    <action arg="2777" type="push"/>
                  </actions>
                </route>
                <route to="in0">
                  <actions>
                    <action arg="385" type="push"/>
                    <action arg="2775" type="push"/>
                    <action arg="2777" type="push"/>
                  </actions>
                </route>
                <route to="in0">
                  <actions>
                    <action arg="380" type="push"/>
                    <action arg="2775" type="push"/>
                    <action arg="2777" type="push"/>
                  </actions>
                </route>
                <route to="in0">
                  <actions>
                    <action arg="371" type="push"/>
                    <action arg="2775" type="push"/>
                    <action arg="2777" type="push"/>
                  </actions>
                </route>
                <route to="in0">
                  <actions>
                    <action arg="363" type="push"/>
                    <action arg="2775" type="push"/>
                    <action arg="2777" type="push"/>
                  </actions>
                </route>
                <route to="in0">
                  <actions>
                    <action arg="349" type="push"/>
                    <action arg="2775" type="push"/>
                    <action arg="2777" type="push"/>
                  </actions>
                </route>
                <route to="in0">
                  <actions>
                    <action arg="342" type="push"/>
                    <action arg="2775" type="push"/>
                    <action arg="2777" type="push"/>
                  </actions>
                </route>
                <route to="in0">
                  <actions>
                    <action arg="336" type="push"/>
                    <action arg="2775" type="push"/>
                    <action arg="2777" type="push"/>
                  </actions>
                </route>
                <route to="in0">
                  <actions>
                    <action arg="329" type="push"/>
                    <action arg="2775" type="push"/>
                    <action arg="2777" type="push"/>
                  </actions>
                </route>
                <route to="in0">
                  <actions>
                    <action arg="323" type="push"/>
                    <action arg="2775" type="push"/>
                    <action arg="2777" type="push"/>
                  </actions>
                </route>
                <route to="in0">
                  <actions>
                    <action arg="318" type="push"/>
                    <action arg="2775" type="push"/>
                    <action arg="2777" type="push"/>
                  </actions>
                </route>
                <route to="in0">
                  <actions>
                    <action arg="312" type="push"/>
                    <action arg="2775" type="push"/>
                    <action arg="2777" type="push"/>
                  </actions>
                </route>
                <route to="in0">
                  <actions>
                    <action arg="308" type="push"/>
                    <action arg="2775" type="push"/>
                    <action arg="2777" type="push"/>
                  </actions>
                </route>
                <route to="in0">
                  <actions>
                    <action arg="305" type="push"/>
                    <action arg="2775" type="push"/>
                    <action arg="2777" type="push"/>
                  </actions>
                </route>
                <route to="in0">
                  <actions>
                    <action arg="301" type="push"/>
                    <action arg="2775" type="push"/>
                    <action arg="2777" type="push"/>
                  </actions>
                </route>
                <route to="in0">
                  <actions>
                    <action arg="297" type="push"/>
                    <action arg="2775" type="push"/>
                    <action arg="2777" type="push"/>
                  </actions>
                </route>
                <route to="in0">
                  <actions>
                    <action arg="295" type="push"/>
                    <action arg="2775" type="push"/>
                    <action arg="2777" type="push"/>
                  </actions>
                </route>
                <route to="in0">
                  <actions>
                    <action arg="291" type="push"/>
                    <action arg="2775" type="push"/>
                    <action arg="2777" type="push"/>
                  </actions>
                </route>
                <route to="in0">
                  <actions>
                    <action arg="288" type="push"/>
                    <action arg="2775" type="push"/>
                    <action arg="2777" type="push"/>
                  </actions>
                </route>
              </routes>
            </te-group>
          </te-groups>
        </destination>
        <destination from="in0" label="48">
          <te-groups>
            <te-group>
              <routes>
                <route to="eg0">
                  <actions>
                    <action type="pop"/>
                  </actions>
                </route>
              </routes>
            </te-group>
          </te-groups>
        </destination>
        <destination from="in0" label="176">
          <te-groups>
            <te-group>
              <routes>
                <route to="eg0">
                  <actions>
                    <action type="pop"/>
                  </actions>
                </route>
              </routes>
            </te-group>
          </te-groups>
        </destination>
        <destination from="in0" label="410">
          <te-groups>
            <te-group>
              <routes>
                <route to="eg0">
                  <actions>
                    <action type="pop"/>
                  </actions>
                </route>
              </routes>
            </te-group>
          </te-groups>
        </destination>
        <destination from="in0" label="514">
          <te-groups>
            <te-group>
              <routes>
                <route to="eg0">
                  <actions>
                    <action type="pop"/>
                  </actions>
                </route>
              </routes>
            </te-group>
          </te-groups>
        </destination>
        <destination from="in0" label="632">
          <te-groups>
            <te-group>
              <routes>
                <route to="eg0">
                  <actions>
                    <action type="pop"/>
                  </actions>
                </route>
              </routes>
            </te-group>
          </te-groups>
        </destination>
        <destination from="in0" label="729">
          <te-groups>
            <te-group>
              <routes>
                <route to="eg0">
                  <actions>
                    <action type="pop"/>
                  </actions>
                </route>
              </routes>
            </te-group>
          </te-groups>
        </destination>
        <destination from="in0" label="827">
          <te-groups>
            <te-group>
              <routes>
                <route to="eg0">
                  <actions>
                    <action type="pop"/>
                  </actions>
                </route>
              </routes>
            </te-group>
          </te-groups>
        </destination>
        <destination from="in0" label="935">
          <te-groups>
            <te-group>
              <routes>
                <route to="eg0">
                  <actions>
                    <action type="pop"/>
                  </actions>
                </route>
              </routes>
            </te-group>
          </te-groups>
        </destination>
        <destination from="in0" label="1037">
          <te-groups>
            <te-group>
              <routes>
                <route to="eg0">
                  <actions>
                    <action type="pop"/>
                  </actions>
                </route>
              </routes>
            </te-group>
          </te-groups>
        </destination>
        <destination from="in0" label="1123">
          <te-groups>
            <te-group>
              <routes>
                <route to="eg0">
                  <actions>
                    <action type="pop"/>
                  </actions>
                </route>
              </routes>
            </te-group>
          </te-groups>
        </destination>
        <destination from="in0" label="1219">
          <te-groups>
            <te-group>
              <routes>
                <route to="eg0">
                  <actions>
                    <action type="pop"/>
                  </actions>
                </route>
              </routes>
            </te-group>
          </te-groups>
        </destination>
        <destination from="in0" label="1332">
          <te-groups>
            <te-group>
              <routes>
                <route to="eg0">
                  <actions>
                    <action type="pop"/>
                  </actions>
                </route>
              </routes>
            </te-group>
          </te-groups>
        </destination>
        <destination from="in0" label="1433">
          <te-groups>
            <te-group>
              <routes>
                <route to="eg0">
                  <actions>
                    <action type="pop"/>
                  </actions>
                </route>
              </routes>
            </te-group>
          </te-groups>
        </destination>
        <destination from="in0" label="1549">
          <te-groups>
            <te-group>
              <routes>
                <route to="eg0">
                  <actions>
                    <action type="pop"/>
                  </actions>
                </route>
              </routes>
            </te-group>
          </te-groups>
        </destination>
        <destination from="in0" label="1645">
          <te-groups>
            <te-group>
              <routes>
                <route to="eg0">
                  <actions>
                    <action type="pop"/>
                  </actions>
                </route>
              </routes>
            </te-group>
          </te-groups>
        </destination>
        <destination from="in0" label="1767">
          <te-groups>
            <te-group>
              <routes>
                <route to="eg0">
                  <actions>
                    <action type="pop"/>
                  </actions>
                </route>
              </routes>
            </te-group>
          </te-groups>
        </destination>
        <destination from="in0" label="1916">
          <te-groups>
            <te-group>
              <routes>
                <route to="eg0">
                  <actions>
                    <action type="pop"/>
                  </actions>
                </route>
              </routes>
            </te-group>
          </te-groups>
        </destination>
        <destination from="in0" label="2036">
          <te-groups>
            <te-group>
              <routes>
                <route to="eg0">
                  <actions>
                    <action type="pop"/>
                  </actions>
                </route>
              </routes>
            </te-group>
          </te-groups>
        </destination>
        <destination from="in0" label="2164">
          <te-groups>
            <te-group>
              <routes>
                <route to="eg0">
                  <actions>
                    <action type="pop"/>
                  </actions>
                </route>
              </routes>
            </te-group>
          </te-groups>
        </destination>
        <destination from="in0" label="2260">
          <te-groups>
            <te-group>
              <routes>
                <route to="eg0">
                  <actions>
                    <action type="pop"/>
                  </actions>
                </route>
              </routes>
            </te-group>
          </te-groups>
        </destination>
        <destination from="in0" label="2377">
          <te-groups>
            <te-group>
              <routes>
                <route to="eg0">
                  <actions>
                    <action type="pop"/>
                  </actions>
                </route>
              </routes>
            </te-group>
          </te-groups>
        </destination>
        <destination from="in0" label="2489">
          <te-groups>
            <te-group>
              <routes>
                <route to="eg0">
                  <actions>
                    <action type="pop"/>
                  </actions>
                </route>
              </routes>
            </te-group>
          </te-groups>
        </destination>
        <destination from="in0" label="2592">
          <te-groups>
            <te-group>
              <routes>
                <route to="eg0">
                  <actions>
                    <action type="pop"/>
                  </actions>
                </route>
              </routes>
            </te-group>
          </te-groups>
        </destination>
        <destination from="in0" label="2695">
          <te-groups>
            <te-group>
              <routes>
                <route to="eg0">
                  <actions>
                    <action type="pop"/>
                  </actions>
                </route>
              </routes>
            </te-group>
          </te-groups>
        </destination>
        <destination from="in0" label="2786">
          <te-groups>
            <te-group>
              <routes>
                <route to="in1">
                  <actions>
                    <action arg="2785" type="swap"/>
                  </actions>
                </route>
              </routes>
            </te-group>
          </te-groups>
        </destination>
        <destination from="in0" label="2793">
          <te-groups>
            <te-group>
              <routes>
                <route to="in0">
                  <actions>
                    <action type="pop"/>
                  </actions>
                </route>
              </routes>
            </te-group>
          </te-groups>
        </destination>
        <destination from="in0" label="2819">
          <te-groups>
            <te-group>
              <routes>
                <route to="in1">
                  <actions>
                    <action arg="2818" type="swap"/>
                  </actions>
                </route>
              </routes>
            </te-group>
          </te-groups>
        </destination>
        <destination from="in0" label="2837">
          <te-groups>
            <te-group>
              <routes>
                <route to="in0">
                  <actions>
                    <action type="pop"/>
                  </actions>
                </route>
              </routes>
            </te-group>
          </te-groups>
        </destination>
        <destination from="in0" label="2839">
          <te-groups>
            <te-group>
              <routes>
                <route to="in1">
                  <actions>
                    <action type="pop"/>
                  </actions>
                </route>
              </routes>
            </te-group>
          </te-groups>
        </destination>
        <destination from="in0" label="2858">
          <te-groups>
            <te-group>
              <routes>
                <route to="in1">
                  <actions>
                    <action arg="2857" type="swap"/>
                  </actions>
                </route>
              </routes>
            </te-group>
          </te-groups>
        </destination>
        <destination from="in0" label="2865">
          <te-groups>
            <te-group>
              <routes>
                <route to="in0">
                  <actions>
                    <action arg="2864" type="swap"/>
                  </actions>
                </route>
              </routes>
            </te-group>
          </te-groups>
        </destination>
        <destination from="in0" label="2869">
          <te-groups>
            <te-group>
              <routes>
                <route to="in1">
                  <actions>
                    <action arg="2868" type="swap"/>
                  </actions>
                </route>
              </routes>
            </te-group>
          </te-groups>
        </destination>
        <destination from="in0" label="2878">
          <te-groups>
            <te-group>
              <routes>
                <route to="in0">
                  <actions>
                    <action arg="2877" type="swap"/>
                  </actions>
                </route>
              </routes>
            </te-group>
          </te-groups>
        </destination>
        <destination from="in0" label="2880">
          <te-groups>
            <te-group>
              <routes>
                <route to="in1">
                  <actions>
                    <action type="pop"/>
                  </actions>
                </route>
              </routes>
            </te-group>
          </te-groups>
        </destination>
        <destination from="in0" label="2906">
          <te-groups>
            <te-group>
              <routes>
                <route to="in1">
                  <actions>
                    <action type="pop"/>
                  </actions>
                </route>
              </routes>
            </te-group>
          </te-groups>
        </destination>
        <destination from="in0" label="$112">
          <te-groups>
            <te-group>
              <routes>
                <route to="in1">
                  <actions>
                    <action arg="113" type="swap"/>
                  </actions>
                </route>
              </routes>
            </te-group>
            <te-group>
              <routes>
                <route to="in0">
                  <actions>
                    <action arg="113" type="swap"/>
                    <action arg="2777" type="push"/>
                  </actions>
                </route>
              </routes>
            </te-group>
          </te-groups>
        </destination>
        <destination from="in0" label="$117">
          <te-groups>
            <te-group>
              <routes>
                <route to="in1">
                  <actions>
                    <action arg="118" type="swap"/>
                  </actions>
                </route>
              </routes>
            </te-group>
            <te-group>
              <routes>
                <route to="in0">
                  <actions>
                    <action arg="118" type="swap"/>
                    <action arg="2777" type="push"/>
                  </actions>
                </route>
              </routes>
            </te-group>
          </te-groups>
        </destination>
        <destination from="in0" label="$157">
          <te-groups>
            <te-group>
              <routes>
                <route to="in1">
                  <actions>
                    <action arg="158" type="swap"/>
                  </actions>
                </route>
              </routes>
            </te-group>
            <te-group>
              <routes>
                <route to="in0">
                  <actions>
                    <action arg="158" type="swap"/>
                    <action arg="2777" type="push"/>
                  </actions>
                </route>
              </routes>
            </te-group>
          </te-groups>
        </destination>
        <destination from="in0" label="$162">
          <te-groups>
            <te-group>
              <routes>
                <route to="in1">
                  <actions>
                    <action arg="163" type="swap"/>
                  </actions>
                </route>
              </routes>
            </te-group>
            <te-group>
              <routes>
                <route to="in0">
                  <actions>
                    <action arg="163" type="swap"/>
                    <action arg="2777" type="push"/>
                  </actions>
                </route>
              </routes>
            </te-group>
          </te-groups>
        </destination>
        <destination from="in0" label="$166">
          <te-groups>
            <te-group>
              <routes>
                <route to="in1">
                  <actions>
                    <action arg="167" type="swap"/>
                  </actions>
                </route>
              </routes>
            </te-group>
            <te-group>
              <routes>
                <route to="in0">
                  <actions>
                    <action arg="167" type="swap"/>
                    <action arg="2777" type="push"/>
                  </actions>
                </route>
              </routes>
            </te-group>
          </te-groups>
        </destination>
        <destination from="in0" label="$231">
          <te-groups>
            <te-group>
              <routes>
                <route to="in1">
                  <actions>
                    <action arg="232" type="swap"/>
                  </actions>
                </route>
              </routes>
            </te-group>
            <te-group>
              <routes>
                <route to="in0">
                  <actions>
                    <action arg="232" type="swap"/>
                    <action arg="2777" type="push"/>
                  </actions>
                </route>
              </routes>
            </te-group>
          </te-groups>
        </destination>
        <destination from="in0" label="$237">
          <te-groups>
            <te-group>
              <routes>
                <route to="in1">
                  <actions>
                    <action arg="238" type="swap"/>
                  </actions>
                </route>
              </routes>
            </te-group>
            <te-group>
              <routes>
                <route to="in0">
                  <actions>
                    <action arg="238" type="swap"/>
                    <action arg="2777" type="push"/>
                  </actions>
                </route>
              </routes>
            </te-group>
          </te-groups>
        </destination>
        <destination from="in0" label="$279">
          <te-groups>
            <te-group>
              <routes>
                <route to="in1">
                  <actions>
                    <action arg="280" type="swap"/>
                  </actions>
                </route>
              </routes>
            </te-group>
            <te-group>
              <routes>
                <route to="in0">
                  <actions>
                    <action arg="280" type="swap"/>
                    <action arg="2777" type="push"/>
                  </actions>
                </route>
              </routes>
            </te-group>
          </te-groups>
        </destination>
        <destination from="in0" label="$284">
          <te-groups>
            <te-group>
              <routes>
                <route to="in1">
                  <actions>
                    <action arg="285" type="swap"/>
                  </actions>
                </route>
              </routes>
            </te-group>
            <te-group>
              <routes>
                <route to="in0">
                  <actions>
                    <action arg="285" type="swap"/>
                    <action arg="2777" type="push"/>
                  </actions>
                </route>
              </routes>
            </te-group>
          </te-groups>
        </destination>
        <destination from="in0" label="$566">
          <te-groups>
            <te-group>
              <routes>
                <route to="in1">
                  <actions>
                    <action arg="567" type="swap"/>
                  </actions>
                </route>
              </routes>
            </te-group>
            <te-group>
              <routes>
                <route to="in0">
                  <actions>
                    <action arg="567" type="swap"/>
                    <action arg="2777" type="push"/>
                  </actions>
                </route>
              </routes>
            </te-group>
          </te-groups>
        </destination>
        <destination from="in0" label="$572">
          <te-groups>
            <te-group>
              <routes>
                <route to="in1">
                  <actions>
                    <action arg="573" type="swap"/>
                  </actions>
                </route>
              </routes>
            </te-group>
            <te-group>
              <routes>
                <route to="in0">
                  <actions>
                    <action arg="573" type="swap"/>
                    <action arg="2777" type="push"/>
                  </actions>
                </route>
              </routes>
            </te-group>
          </te-groups>
        </destination>
        <destination from="in0" label="$614">
          <te-groups>
            <te-group>
              <routes>
                <route to="in1">
                  <actions>
                    <action arg="615" type="swap"/>
                  </actions>
                </route>
              </routes>
            </te-group>
            <te-group>
              <routes>
                <route to="in0">
                  <actions>
                    <action arg="615" type="swap"/>
                    <action arg="2777" type="push"/>
                  </actions>
                </route>
              </routes>
            </te-group>
          </te-groups>
        </destination>
        <destination from="in0" label="$619">
          <te-groups>
            <te-group>
              <routes>
                <route to="in1">
                  <actions>
                    <action arg="620" type="swap"/>
                  </actions>
                </route>
              </routes>
            </te-group>
            <te-group>
              <routes>
                <route to="in0">
                  <actions>
                    <action arg="620" type="swap"/>
                    <action arg="2777" type="push"/>
                  </actions>
                </route>
              </routes>
            </te-group>
          </te-groups>
        </destination>
        <destination from="in0" label="$670">
          <te-groups>
            <te-group>
              <routes>
                <route to="in1">
                  <actions>
                    <action arg="671" type="swap"/>
                  </actions>
                </route>
              </routes>
            </te-group>
            <te-group>
              <routes>
                <route to="in0">
                  <actions>
                    <action arg="671" type="swap"/>
                    <action arg="2777" type="push"/>
                  </actions>
                </route>
              </routes>
            </te-group>
          </te-groups>
        </destination>
        <destination from="in0" label="$676">
          <te-groups>
            <te-group>
              <routes>
                <route to="in1">
                  <actions>
                    <action arg="677" type="swap"/>
                  </actions>
                </route>
              </routes>
            </te-group>
            <te-group>
              <routes>
                <route to="in0">
                  <actions>
                    <action arg="677" type="swap"/>
                    <action arg="2777" type="push"/>
                  </actions>
                </route>
              </routes>
            </te-group>
          </te-groups>
        </destination>
        <destination from="in0" label="$714">
          <te-groups>
            <te-group>
              <routes>
                <route to="in1">
                  <actions>
                    <action arg="715" type="swap"/>
                  </actions>
                </route>
              </routes>
            </te-group>
            <te-group>
              <routes>
                <route to="in0">
                  <actions>
                    <action arg="715" type="swap"/>
                    <action arg="2777" type="push"/>
                  </actions>
                </route>
              </routes>
            </te-group>
          </te-groups>
        </destination>
        <destination from="in0" label="$719">
          <te-groups>
            <te-group>
              <routes>
                <route to="in1">
                  <actions>
                    <action arg="720" type="swap"/>
                  </actions>
                </route>
              </routes>
            </te-group>
            <te-group>
              <routes>
                <route to="in0">
                  <actions>
                    <action arg="720" type="swap"/>
                    <action arg="2777" type="push"/>
                  </actions>
                </route>
              </routes>
            </te-group>
          </te-groups>
        </destination>
        <destination from="in0" label="$770">
          <te-groups>
            <te-group>
              <routes>
                <route to="in1">
                  <actions>
                    <action arg="771" type="swap"/>
                  </actions>
                </route>
              </routes>
            </te-group>
            <te-group>
              <routes>
                <route to="in0">
                  <actions>
                    <action arg="771" type="swap"/>
                    <action arg="2777" type="push"/>
                  </actions>
                </route>
              </routes>
            </te-group>
          </te-groups>
        </destination>
        <destination from="in0" label="$775">
          <te-groups>
            <te-group>
              <routes>
                <route to="in1">
                  <actions>
                    <action arg="776" type="swap"/>
                  </actions>
                </route>
              </routes>
            </te-group>
            <te-group>
              <routes>
                <route to="in0">
                  <actions>
                    <action arg="776" type="swap"/>
                    <action arg="2777" type="push"/>
                  </actions>
                </route>
              </routes>
            </te-group>
          </te-groups>
        </destination>
        <destination from="in0" label="$810">
          <te-groups>
            <te-group>
              <routes>
                <route to="in1">
                  <actions>
                    <action arg="811" type="swap"/>
                  </actions>
                </route>
              </routes>
            </te-group>
            <te-group>
              <routes>
                <route to="in0">
                  <actions>
                    <action arg="811" type="swap"/>
                    <action arg="2777" type="push"/>
                  </actions>
                </route>
              </routes>
            </te-group>
          </te-groups>
        </destination>
        <destination from="in0" label="$814">
          <te-groups>
            <te-group>
              <routes>
                <route to="in1">
                  <actions>
                    <action arg="815" type="swap"/>
                  </actions>
                </route>
              </routes>
            </te-group>
            <te-group>
              <routes>
                <route to="in0">
                  <actions>
                    <action arg="815" type="swap"/>
                    <action arg="2777" type="push"/>
                  </actions>
                </route>
              </routes>
            </te-group>
          </te-groups>
        </destination>
        <destination from="in0" label="$879">
          <te-groups>
            <te-group>
              <routes>
                <route to="in1">
                  <actions>
                    <action arg="880" type="swap"/>
                  </actions>
                </route>
              </routes>
            </te-group>
            <te-group>
              <routes>
                <route to="in0">
                  <actions>
                    <action arg="880" type="swap"/>
                    <action arg="2777" type="push"/>
                  </actions>
                </route>
              </routes>
            </te-group>
          </te-groups>
        </destination>
        <destination from="in0" label="$885">
          <te-groups>
            <te-group>
              <routes>
                <route to="in1">
                  <actions>
                    <action arg="886" type="swap"/>
                  </actions>
                </route>
              </routes>
            </te-group>
            <te-group>
              <routes>
                <route to="in0">
                  <actions>
                    <action arg="886" type="swap"/>
                    <action arg="2777" type="push"/>
                  </actions>
                </route>
              </routes>
            </te-group>
          </te-groups>
        </destination>
        <destination from="in0" label="$911">
          <te-groups>
            <te-group>
              <routes>
                <route to="in1">
                  <actions>
                    <action arg="912" type="swap"/>
                  </actions>
                </route>
              </routes>
            </te-group>
            <te-group>
              <routes>
                <route to="in0">
                  <actions>
                    <action arg="912" type="swap"/>
                    <action arg="2777" type="push"/>
                  </actions>
                </route>
              </routes>
            </te-group>
          </te-groups>
        </destination>
        <destination from="in0" label="$916">
          <te-groups>
            <te-group>
              <routes>
                <route to="in1">
                  <actions>
                    <action arg="917" type="swap"/>
                  </actions>
                </route>
              </routes>
            </te-group>
            <te-group>
              <routes>
                <route to="in0">
                  <actions>
                    <action arg="917" type="swap"/>
                    <action arg="2777" type="push"/>
                  </actions>
                </route>
              </routes>
            </te-group>
          </te-groups>
        </destination>
        <destination from="in0" label="$1026">
          <te-groups>
            <te-group>
              <routes>
                <route to="in0">
                  <actions>
                    <action arg="1027" type="swap"/>
                  </actions>
                </route>
              </routes>
            </te-group>
            <te-group>
              <routes>
                <route to="in1">
                  <actions>
                    <action arg="1027" type="swap"/>
                    <action arg="2775" type="push"/>
                  </actions>
                </route>
              </routes>
            </te-group>
          </te-groups>
        </destination>
        <destination from="in0" label="$1041">
          <te-groups>
            <te-group>
              <routes>
                <route to="in0">
                  <actions>
                    <action arg="1042" type="swap"/>
                  </actions>
                </route>
              </routes>
            </te-group>
            <te-group>
              <routes>
                <route to="in1">
                  <actions>
                    <action arg="1042" type="swap"/>
                    <action arg="2775" type="push"/>
                  </actions>
                </route>
              </routes>
            </te-group>
          </te-groups>
        </destination>
        <destination from="in0" label="$1754">
          <te-groups>
            <te-group>
              <routes>
                <route to="in0">
                  <actions>
                    <action arg="1755" type="swap"/>
                  </actions>
                </route>
              </routes>
            </te-group>
            <te-group>
              <routes>
                <route to="in1">
                  <actions>
                    <action arg="1755" type="swap"/>
                    <action arg="2775" type="push"/>
                  </actions>
                </route>
              </routes>
            </te-group>
          </te-groups>
        </destination>
        <destination from="in0" label="$1760">
          <te-groups>
            <te-group>
              <routes>
                <route to="in0">
                  <actions>
                    <action arg="1761" type="swap"/>
                  </actions>
                </route>
              </routes>
            </te-group>
            <te-group>
              <routes>
                <route to="in1">
                  <actions>
                    <action arg="1761" type="swap"/>
                    <action arg="2775" type="push"/>
                  </actions>
                </route>
              </routes>
            </te-group>
          </te-groups>
        </destination>
        <destination from="in0" label="$1771">
          <te-groups>
            <te-group>
              <routes>
                <route to="in0">
                  <actions>
                    <action arg="1772" type="swap"/>
                  </actions>
                </route>
              </routes>
            </te-group>
            <te-group>
              <routes>
                <route to="in1">
                  <actions>
                    <action arg="1772" type="swap"/>
                    <action arg="2775" type="push"/>
                  </actions>
                </route>
              </routes>
            </te-group>
          </te-groups>
        </destination>
        <destination from="in0" label="$1776">
          <te-groups>
            <te-group>
              <routes>
                <route to="in0">
                  <actions>
                    <action arg="1777" type="swap"/>
                  </actions>
                </route>
              </routes>
            </te-group>
            <te-group>
              <routes>
                <route to="in1">
                  <actions>
                    <action arg="1777" type="swap"/>
                    <action arg="2775" type="push"/>
                  </actions>
                </route>
              </routes>
            </te-group>
          </te-groups>
        </destination>
        <destination from="in0" label="$1783">
          <te-groups>
            <te-group>
              <routes>
                <route to="in0">
                  <actions>
                    <action arg="1784" type="swap"/>
                  </actions>
                </route>
              </routes>
            </te-group>
            <te-group>
              <routes>
                <route to="in1">
                  <actions>
                    <action arg="1784" type="swap"/>
                    <action arg="2775" type="push"/>
                  </actions>
                </route>
              </routes>
            </te-group>
          </te-groups>
        </destination>
        <destination from="in0" label="$1790">
          <te-groups>
            <te-group>
              <routes>
                <route to="in0">
                  <actions>
                    <action arg="1791" type="swap"/>
                  </actions>
                </route>
              </routes>
            </te-group>
            <te-group>
              <routes>
                <route to="in1">
                  <actions>
                    <action arg="1791" type="swap"/>
                    <action arg="2775" type="push"/>
                  </actions>
                </route>
              </routes>
            </te-group>
          </te-groups>
        </destination>
        <destination from="in0" label="$1796">
          <te-groups>
            <te-group>
              <routes>
                <route to="in0">
                  <actions>
                    <action arg="1797" type="swap"/>
                  </actions>
                </route>
              </routes>
            </te-group>
            <te-group>
              <routes>
                <route to="in1">
                  <actions>
                    <action arg="1797" type="swap"/>
                    <action arg="2775" type="push"/>
                  </actions>
                </route>
              </routes>
            </te-group>
          </te-groups>
        </destination>
        <destination from="in0" label="$1866">
          <te-groups>
            <te-group>
              <routes>
                <route to="in0">
                  <actions>
                    <action arg="1867" type="swap"/>
                  </actions>
                </route>
              </routes>
            </te-group>
            <te-group>
              <routes>
                <route to="in1">
                  <actions>
                    <action arg="1867" type="swap"/>
                    <action arg="2775" type="push"/>
                  </actions>
                </route>
              </routes>
            </te-group>
          </te-groups>
        </destination>
        <destination from="in0" label="$1874">
          <te-groups>
            <te-group>
              <routes>
                <route to="in0">
                  <actions>
                    <action arg="1875" type="swap"/>
                  </actions>
                </route>
              </routes>
            </te-group>
            <te-group>
              <routes>
                <route to="in1">
                  <actions>
                    <action arg="1875" type="swap"/>
                    <action arg="2775" type="push"/>
                  </actions>
                </route>
              </routes>
            </te-group>
          </te-groups>
        </destination>
        <destination from="in0" label="$1883">
          <te-groups>
            <te-group>
              <routes>
                <route to="in0">
                  <actions>
                    <action arg="1884" type="swap"/>
                  </actions>
                </route>
              </routes>
            </te-group>
            <te-group>
              <routes>
                <route to="in1">
                  <actions>
                    <action arg="1884" type="swap"/>
                    <action arg="2775" type="push"/>
                  </actions>
                </route>
              </routes>
            </te-group>
          </te-groups>
        </destination>
        <destination from="in0" label="$1970">
          <te-groups>
            <te-group>
              <routes>
                <route to="in1">
                  <actions>
                    <action arg="1971" type="swap"/>
                  </actions>
                </route>
              </routes>
            </te-group>
            <te-group>
              <routes>
                <route to="in0">
                  <actions>
                    <action arg="1971" type="swap"/>
                    <action arg="2777" type="push"/>
                  </actions>
                </route>
              </routes>
            </te-group>
          </te-groups>
        </destination>
        <destination from="in0" label="$1978">
          <te-groups>
            <te-group>
              <routes>
                <route to="in1">
                  <actions>
                    <action arg="1979" type="swap"/>
                  </actions>
                </route>
              </routes>
            </te-group>
            <te-group>
              <routes>
                <route to="in0">
                  <actions>
                    <action arg="1979" type="swap"/>
                    <action arg="2777" type="push"/>
                  </actions>
                </route>
              </routes>
            </te-group>
          </te-groups>
        </destination>
        <destination from="in0" label="$2001">
          <te-groups>
            <te-group>
              <routes>
                <route to="in1">
                  <actions>
                    <action arg="2002" type="swap"/>
                  </actions>
                </route>
              </routes>
            </te-group>
            <te-group>
              <routes>
                <route to="in0">
                  <actions>
                    <action arg="2002" type="swap"/>
                    <action arg="2777" type="push"/>
                  </actions>
                </route>
              </routes>
            </te-group>
          </te-groups>
        </destination>
        <destination from="in0" label="$2008">
          <te-groups>
            <te-group>
              <routes>
                <route to="in1">
                  <actions>
                    <action arg="2009" type="swap"/>
                  </actions>
                </route>
              </routes>
            </te-group>
            <te-group>
              <routes>
                <route to="in0">
                  <actions>
                    <action arg="2009" type="swap"/>
                    <action arg="2777" type="push"/>
                  </actions>
                </route>
              </routes>
            </te-group>
          </te-groups>
        </destination>
        <destination from="in0" label="$2208">
          <te-groups>
            <te-group>
              <routes>
                <route to="in1">
                  <actions>
                    <action arg="2209" type="swap"/>
                  </actions>
                </route>
              </routes>
            </te-group>
            <te-group>
              <routes>
                <route to="in0">
                  <actions>
                    <action arg="2209" type="swap"/>
                    <action arg="2777" type="push"/>
                  </actions>
                </route>
              </routes>
            </te-group>
          </te-groups>
        </destination>
        <destination from="in0" label="$2215">
          <te-groups>
            <te-group>
              <routes>
                <route to="in1">
                  <actions>
                    <action arg="2216" type="swap"/>
                  </actions>
                </route>
              </routes>
            </te-group>
            <te-group>
              <routes>
                <route to="in0">
                  <actions>
                    <action arg="2216" type="swap"/>
                    <action arg="2777" type="push"/>
                  </actions>
                </route>
              </routes>
            </te-group>
          </te-groups>
        </destination>
        <destination from="in0" label="$2235">
          <te-groups>
            <te-group>
              <routes>
                <route to="in1">
                  <actions>
                    <action arg="2236" type="swap"/>
                  </actions>
                </route>
              </routes>
            </te-group>
            <te-group>
              <routes>
                <route to="in0">
                  <actions>
                    <action arg="2236" type="swap"/>
                    <action arg="2777" type="push"/>
                  </actions>
                </route>
              </routes>
            </te-group>
          </te-groups>
        </destination>
        <destination from="in0" label="$2241">
          <te-groups>
            <te-group>
              <routes>
                <route to="in1">
                  <actions>
                    <action arg="2242" type="swap"/>
                  </actions>
                </route>
              </routes>
            </te-group>
            <te-group>
              <routes>
                <route to="in0">
                  <actions>
                    <action arg="2242" type="swap"/>
                    <action arg="2777" type="push"/>
                  </actions>
                </route>
              </routes>
            </te-group>
          </te-groups>
        </destination>
        <destination from="in0" label="$2318">
          <te-groups>
            <te-group>
              <routes>
                <route to="in1">
                  <actions>
                    <action arg="2319" type="swap"/>
                  </actions>
                </route>
              </routes>
            </te-group>
            <te-group>
              <routes>
                <route to="in0">
                  <actions>
                    <action arg="2319" type="swap"/>
                    <action arg="2777" type="push"/>
                  </actions>
                </route>
              </routes>
            </te-group>
          </te-groups>
        </destination>
        <destination from="in0" label="$2326">
          <te-groups>
            <te-group>
              <routes>
                <route to="in1">
                  <actions>
                    <action arg="2327" type="swap"/>
                  </actions>
                </route>
              </routes>
            </te-group>
            <te-group>
              <routes>
                <route to="in0">
                  <actions>
                    <action arg="2327" type="swap"/>
                    <action arg="2777" type="push"/>
                  </actions>
                </route>
              </routes>
            </te-group>
          </te-groups>
        </destination>
        <destination from="in0" label="$2351">
          <te-groups>
            <te-group>
              <routes>
                <route to="in1">
                  <actions>
                    <action arg="2352" type="swap"/>
                  </actions>
                </route>
              </routes>
            </te-group>
            <te-group>
              <routes>
                <route to="in0">
                  <actions>
                    <action arg="2352" type="swap"/>
                    <action arg="2777" type="push"/>
                  </actions>
                </route>
              </routes>
            </te-group>
          </te-groups>
        </destination>
        <destination from="in0" label="$2358">
          <te-groups>
            <te-group>
              <routes>
                <route to="in1">
                  <actions>
                    <action arg="2359" type="swap"/>
                  </actions>
                </route>
              </routes>
            </te-group>
            <te-group>
              <routes>
                <route to="in0">
                  <actions>
                    <action arg="2359" type="swap"/>
                    <action arg="2777" type="push"/>
                  </actions>
                </route>
              </routes>
            </te-group>
          </te-groups>
        </destination>
        <destination from="in0" label="$2435">
          <te-groups>
            <te-group>
              <routes>
                <route to="in1">
                  <actions>
                    <action arg="2436" type="swap"/>
                  </actions>
                </route>
              </routes>
            </te-group>
            <te-group>
              <routes>
                <route to="in0">
                  <actions>
                    <action arg="2436" type="swap"/>
                    <action arg="2777" type="push"/>
                  </actions>
                </route>
              </routes>
            </te-group>
          </te-groups>
        </destination>
        <destination from="in0" label="$2443">
          <te-groups>
            <te-group>
              <routes>
                <route to="in1">
                  <actions>
                    <action arg="2444" type="swap"/>
                  </actions>
                </route>
              </routes>
            </te-group>
            <te-group>
              <routes>
                <route to="in0">
                  <actions>
                    <action arg="2444" type="swap"/>
                    <action arg="2777" type="push"/>
                  </actions>
                </route>
              </routes>
            </te-group>
          </te-groups>
        </destination>
        <destination from="in0" label="$2466">
          <te-groups>
            <te-group>
              <routes>
                <route to="in1">
                  <actions>
                    <action arg="2467" type="swap"/>
                  </actions>
                </route>
              </routes>
            </te-group>
            <te-group>
              <routes>
                <route to="in0">
                  <actions>
                    <action arg="2467" type="swap"/>
                    <action arg="2777" type="push"/>
                  </actions>
                </route>
              </routes>
            </te-group>
          </te-groups>
        </destination>
        <destination from="in0" label="$2473">
          <te-groups>
            <te-group>
              <routes>
                <route to="in1">
                  <actions>
                    <action arg="2474" type="swap"/>
                  </actions>
                </route>
              </routes>
            </te-group>
            <te-group>
              <routes>
                <route to="in0">
                  <actions>
                    <action arg="2474" type="swap"/>
                    <action arg="2777" type="push"/>
                  </actions>
                </route>
              </routes>
            </te-group>
          </te-groups>
        </destination>
        <destination from="in0" label="$2478">
          <te-groups>
            <te-group>
              <routes>
                <route to="in0">
                  <actions>
                    <action arg="2479" type="swap"/>
                  </actions>
                </route>
              </routes>
            </te-group>
            <te-group>
              <routes>
                <route to="in1">
                  <actions>
                    <action arg="2479" type="swap"/>
                    <action arg="2775" type="push"/>
                  </actions>
                </route>
              </routes>
            </te-group>
          </te-groups>
        </destination>
        <destination from="in0" label="$2492">
          <te-groups>
            <te-group>
              <routes>
                <route to="in0">
                  <actions>
                    <action arg="2493" type="swap"/>
                  </actions>
                </route>
              </routes>
            </te-group>
            <te-group>
              <routes>
                <route to="in1">
                  <actions>
                    <action arg="2493" type="swap"/>
                    <action arg="2775" type="push"/>
                  </actions>
                </route>
              </routes>
            </te-group>
          </te-groups>
        </destination>
        <destination from="in0" label="$2583">
          <te-groups>
            <te-group>
              <routes>
                <route to="in0">
                  <actions>
                    <action arg="2584" type="swap"/>
                  </actions>
                </route>
              </routes>
            </te-group>
            <te-group>
              <routes>
                <route to="in1">
                  <actions>
                    <action arg="2584" type="swap"/>
                    <action arg="2775" type="push"/>
                  </actions>
                </route>
              </routes>
            </te-group>
          </te-groups>
        </destination>
        <destination from="in0" label="$2587">
          <te-groups>
            <te-group>
              <routes>
                <route to="in0">
                  <actions>
                    <action arg="2588" type="swap"/>
                  </actions>
                </route>
              </routes>
            </te-group>
            <te-group>
              <routes>
                <route to="in1">
                  <actions>
                    <action arg="2588" type="swap"/>
                    <action arg="2775" type="push"/>
                  </actions>
                </route>
              </routes>
            </te-group>
          </te-groups>
        </destination>
        <destination from="in0" label="$2594">
          <te-groups>
            <te-group>
              <routes>
                <route to="in0">
                  <actions>
                    <action arg="2595" type="swap"/>
                  </actions>
                </route>
              </routes>
            </te-group>
            <te-group>
              <routes>
                <route to="in1">
                  <actions>
                    <action arg="2595" type="swap"/>
                    <action arg="2775" type="push"/>
                  </actions>
                </route>
              </routes>
            </te-group>
          </te-groups>
        </destination>
        <destination from="in0" label="$2597">
          <te-groups>
            <te-group>
              <routes>
                <route to="in0">
                  <actions>
                    <action arg="2598" type="swap"/>
                  </actions>
                </route>
              </routes>
            </te-group>
            <te-group>
              <routes>
                <route to="in1">
                  <actions>
                    <action arg="2598" type="swap"/>
                    <action arg="2775" type="push"/>
                  </actions>
                </route>
              </routes>
            </te-group>
          </te-groups>
        </destination>
        <destination from="in0" label="$2602">
          <te-groups>
            <te-group>
              <routes>
                <route to="in0">
                  <actions>
                    <action arg="2603" type="swap"/>
                  </actions>
                </route>
              </routes>
            </te-group>
            <te-group>
              <routes>
                <route to="in1">
                  <actions>
                    <action arg="2603" type="swap"/>
                    <action arg="2775" type="push"/>
                  </actions>
                </route>
              </routes>
            </te-group>
          </te-groups>
        </destination>
        <destination from="in0" label="$2607">
          <te-groups>
            <te-group>
              <routes>
                <route to="in0">
                  <actions>
                    <action arg="2608" type="swap"/>
                  </actions>
                </route>
              </routes>
            </te-group>
            <te-group>
              <routes>
                <route to="in1">
                  <actions>
                    <action arg="2608" type="swap"/>
                    <action arg="2775" type="push"/>
                  </actions>
                </route>
              </routes>
            </te-group>
          </te-groups>
        </destination>
        <destination from="in0" label="$2611">
          <te-groups>
            <te-group>
              <routes>
                <route to="in0">
                  <actions>
                    <action arg="2612" type="swap"/>
                  </actions>
                </route>
              </routes>
            </te-group>
            <te-group>
              <routes>
                <route to="in1">
                  <actions>
                    <action arg="2612" type="swap"/>
                    <action arg="2775" type="push"/>
                  </actions>
                </route>
              </routes>
            </te-group>
          </te-groups>
        </destination>
        <destination from="in0" label="$2664">
          <te-groups>
            <te-group>
              <routes>
                <route to="in0">
                  <actions>
                    <action arg="2665" type="swap"/>
                  </actions>
                </route>
              </routes>
            </te-group>
            <te-group>
              <routes>
                <route to="in1">
                  <actions>
                    <action arg="2665" type="swap"/>
                    <action arg="2775" type="push"/>
                  </actions>
                </route>
              </routes>
            </te-group>
          </te-groups>
        </destination>
        <destination from="in0" label="$2670">
          <te-groups>
            <te-group>
              <routes>
                <route to="in0">
                  <actions>
                    <action arg="2671" type="swap"/>
                  </actions>
                </route>
              </routes>
            </te-group>
            <te-group>
              <routes>
                <route to="in1">
                  <actions>
                    <action arg="2671" type="swap"/>
                    <action arg="2775" type="push"/>
                  </actions>
                </route>
              </routes>
            </te-group>
          </te-groups>
        </destination>
        <destination from="in0" label="$2685">
          <te-groups>
            <te-group>
              <routes>
                <route to="in0">
                  <actions>
                    <action arg="2686" type="swap"/>
                  </actions>
                </route>
              </routes>
            </te-group>
            <te-group>
              <routes>
                <route to="in1">
                  <actions>
                    <action arg="2686" type="swap"/>
                    <action arg="2775" type="push"/>
                  </actions>
                </route>
              </routes>
            </te-group>
          </te-groups>
        </destination>
        <destination from="in0" label="$2698">
          <te-groups>
            <te-group>
              <routes>
                <route to="in0">
                  <actions>
                    <action arg="2699" type="swap"/>
                  </actions>
                </route>
              </routes>
            </te-group>
            <te-group>
              <routes>
                <route to="in1">
                  <actions>
                    <action arg="2699" type="swap"/>
                    <action arg="2775" type="push"/>
                  </actions>
                </route>
              </routes>
            </te-group>
          </te-groups>
        </destination>
        <destination from="in1" label="48">
          <te-groups>
            <te-group>
              <routes>
                <route to="eg0">
                  <actions>
                    <action type="pop"/>
                  </actions>
                </route>
              </routes>
            </te-group>
          </te-groups>
        </destination>
        <destination from="in1" label="176">
          <te-groups>
            <te-group>
              <routes>
                <route to="eg0">
                  <actions>
                    <action type="pop"/>
                  </actions>
                </route>
              </routes>
            </te-group>
          </te-groups>
        </destination>
        <destination from="in1" label="410">
          <te-groups>
            <te-group>
              <routes>
                <route to="eg0">
                  <actions>
                    <action type="pop"/>
                  </actions>
                </route>
              </routes>
            </te-group>
          </te-groups>
        </destination>
        <destination from="in1" label="514">
          <te-groups>
            <te-group>
              <routes>
                <route to="eg0">
                  <actions>
                    <action type="pop"/>
                  </actions>
                </route>
              </routes>
            </te-group>
          </te-groups>
        </destination>
        <destination from="in1" label="632">
          <te-groups>
            <te-group>
              <routes>
                <route to="eg0">
                  <actions>
                    <action type="pop"/>
                  </actions>
                </route>
              </routes>
            </te-group>
          </te-groups>
        </destination>
        <destination from="in1" label="729">
          <te-groups>
            <te-group>
              <routes>
                <route to="eg0">
                  <actions>
                    <action type="pop"/>
                  </actions>
                </route>
              </routes>
            </te-group>
          </te-groups>
        </destination>
        <destination from="in1" label="827">
          <te-groups>
            <te-group>
              <routes>
                <route to="eg0">
                  <actions>
                    <action type="pop"/>
                  </actions>
                </route>
              </routes>
            </te-group>
          </te-groups>
        </destination>
        <destination from="in1" label="935">
          <te-groups>
            <te-group>
              <routes>
                <route to="eg0">
                  <actions>
                    <action type="pop"/>
                  </actions>
                </route>
              </routes>
            </te-group>
          </te-groups>
        </destination>
        <destination from="in1" label="1037">
          <te-groups>
            <te-group>
              <routes>
                <route to="eg0">
                  <actions>
                    <action type="pop"/>
                  </actions>
                </route>
              </routes>
            </te-group>
          </te-groups>
        </destination>
        <destination from="in1" label="1123">
          <te-groups>
            <te-group>
              <routes>
                <route to="eg0">
                  <actions>
                    <action type="pop"/>
                  </actions>
                </route>
              </routes>
            </te-group>
          </te-groups>
        </destination>
        <destination from="in1" label="1219">
          <te-groups>
            <te-group>
              <routes>
                <route to="eg0">
                  <actions>
                    <action type="pop"/>
                  </actions>
                </route>
              </routes>
            </te-group>
          </te-groups>
        </destination>
        <destination from="in1" label="1332">
          <te-groups>
            <te-group>
              <routes>
                <route to="eg0">
                  <actions>
                    <action type="pop"/>
                  </actions>
                </route>
              </routes>
            </te-group>
          </te-groups>
        </destination>
        <destination from="in1" label="1433">
          <te-groups>
            <te-group>
              <routes>
                <route to="eg0">
                  <actions>
                    <action type="pop"/>
                  </actions>
                </route>
              </routes>
            </te-group>
          </te-groups>
        </destination>
        <destination from="in1" label="1549">
          <te-groups>
            <te-group>
              <routes>
                <route to="eg0">
                  <actions>
                    <action type="pop"/>
                  </actions>
                </route>
              </routes>
            </te-group>
          </te-groups>
        </destination>
        <destination from="in1" label="1645">
          <te-groups>
            <te-group>
              <routes>
                <route to="eg0">
                  <actions>
                    <action type="pop"/>
                  </actions>
                </route>
              </routes>
            </te-group>
          </te-groups>
        </destination>
        <destination from="in1" label="1767">
          <te-groups>
            <te-group>
              <routes>
                <route to="eg0">
                  <actions>
                    <action type="pop"/>
                  </actions>
                </route>
              </routes>
            </te-group>
          </te-groups>
        </destination>
        <destination from="in1" label="1916">
          <te-groups>
            <te-group>
              <routes>
                <route to="eg0">
                  <actions>
                    <action type="pop"/>
                  </actions>
                </route>
              </routes>
            </te-group>
          </te-groups>
        </destination>
        <destination from="in1" label="2036">
          <te-groups>
            <te-group>
              <routes>
                <route to="eg0">
                  <actions>
                    <action type="pop"/>
                  </actions>
                </route>
              </routes>
            </te-group>
          </te-groups>
        </destination>
        <destination from="in1" label="2164">
          <te-groups>
            <te-group>
              <routes>
                <route to="eg0">
                  <actions>
                    <action type="pop"/>
                  </actions>
                </route>
              </routes>
            </te-group>
          </te-groups>
        </destination>
        <destination from="in1" label="2260">
          <te-groups>
            <te-group>
              <routes>
                <route to="eg0">
                  <actions>
                    <action type="pop"/>
                  </actions>
                </route>
              </routes>
            </te-group>
          </te-groups>
        </destination>
        <destination from="in1" label="2377">
          <te-groups>
            <te-group>
              <routes>
                <route to="eg0">
                  <actions>
                    <action type="pop"/>
                  </actions>
                </route>
              </routes>
            </te-group>
          </te-groups>
        </destination>
        <destination from="in1" label="2489">
          <te-groups>
            <te-group>
              <routes>
                <route to="eg0">
                  <actions>
                    <action type="pop"/>
                  </actions>
                </route>
              </routes>
            </te-group>
          </te-groups>
        </destination>
        <destination from="in1" label="2592">
          <te-groups>
            <te-group>
              <routes>
                <route to="eg0">
                  <actions>
                    <action type="pop"/>
                  </actions>
                </route>
              </routes>
            </te-group>
          </te-groups>
        </destination>
        <destination from="in1" label="2695">
          <te-groups>
            <te-group>
              <routes>
                <route to="eg0">
                  <actions>
                    <action type="pop"/>
                  </actions>
                </route>
              </routes>
            </te-group>
          </te-groups>
        </destination>
        <destination from="in1" label="2793">
          <te-groups>
            <te-group>
              <routes>
                <route to="in0">
                  <actions>
                    <action type="pop"/>
                  </actions>
                </route>
              </routes>
            </te-group>
          </te-groups>
        </destination>
        <destination from="in1" label="2837">
          <te-groups>
            <te-group>
              <routes>
                <route to="in0">
                  <actions>
                    <action type="pop"/>
                  </actions>
                </route>
              </routes>
            </te-group>
          </te-groups>
        </destination>
        <destination from="in1" label="2865">
          <te-groups>
            <te-group>
              <routes>
                <route to="in0">
                  <actions>
                    <action arg="2864" type="swap"/>
                  </actions>
                </route>
              </routes>
            </te-group>
          </te-groups>
        </destination>
        <destination from="in1" label="2878">
          <te-groups>
            <te-group>
              <routes>
                <route to="in0">
                  <actions>
                    <action arg="2877" type="swap"/>
                  </actions>
                </route>
              </routes>
            </te-group>
          </te-groups>
        </destination>
        <destination from="in1" label="2889">
          <te-groups>
            <te-group>
              <routes>
                <route to="in0">
                  <actions>
                    <action arg="2888" type="swap"/>
                  </actions>
                </route>
              </routes>
            </te-group>
          </te-groups>
        </destination>
        <destination from="in1" label="2895">
          <te-groups>
            <te-group>
              <routes>
                <route to="in0">
                  <actions>
                    <action arg="2894" type="swap"/>
                  </actions>
                </route>
              </routes>
            </te-group>
          </te-groups>
        </destination>
        <destination from="in1" label="2900">
          <te-groups>
            <te-group>
              <routes>
                <route to="in0">
                  <actions>
                    <action arg="2899" type="swap"/>
                  </actions>
                </route>
              </routes>
            </te-group>
          </te-groups>
        </destination>
        <destination from="in1" label="2904">
          <te-groups>
            <te-group>
              <routes>
                <route to="in0">
                  <actions>
                    <action arg="2903" type="swap"/>
                  </actions>
                </route>
              </routes>
            </te-group>
          </te-groups>
        </destination>
        <destination from="in1" label="$112">
          <te-groups>
            <te-group>
              <routes>
                <route to="in1">
                  <actions>
                    <action arg="113" type="swap"/>
                  </actions>
                </route>
              </routes>
            </te-group>
            <te-group>
              <routes>
                <route to="in0">
                  <actions>
                    <action arg="113" type="swap"/>
                    <action arg="2777" type="push"/>
                  </actions>
                </route>
              </routes>
            </te-group>
          </te-groups>
        </destination>
        <destination from="in1" label="$117">
          <te-groups>
            <te-group>
              <routes>
                <route to="in1">
                  <actions>
                    <action arg="118" type="swap"/>
                  </actions>
                </route>
              </routes>
            </te-group>
            <te-group>
              <routes>
                <route to="in0">
                  <actions>
                    <action arg="118" type="swap"/>
                    <action arg="2777" type="push"/>
                  </actions>
                </route>
              </routes>
            </te-group>
          </te-groups>
        </destination>
        <destination from="in1" label="$157">
          <te-groups>
            <te-group>
              <routes>
                <route to="in1">
                  <actions>
                    <action arg="158" type="swap"/>
                  </actions>
                </route>
              </routes>
            </te-group>
            <te-group>
              <routes>
                <route to="in0">
                  <actions>
                    <action arg="158" type="swap"/>
                    <action arg="2777" type="push"/>
                  </actions>
                </route>
              </routes>
            </te-group>
          </te-groups>
        </destination>
        <destination from="in1" label="$162">
          <te-groups>
            <te-group>
              <routes>
                <route to="in1">
                  <actions>
                    <action arg="163" type="swap"/>
                  </actions>
                </route>
              </routes>
            </te-group>
            <te-group>
              <routes>
                <route to="in0">
                  <actions>
                    <action arg="163" type="swap"/>
                    <action arg="2777" type="push"/>
                  </actions>
                </route>
              </routes>
            </te-group>
          </te-groups>
        </destination>
        <destination from="in1" label="$166">
          <te-groups>
            <te-group>
              <routes>
                <route to="in1">
                  <actions>
                    <action arg="167" type="swap"/>
                  </actions>
                </route>
              </routes>
            </te-group>
            <te-group>
              <routes>
                <route to="in0">
                  <actions>
                    <action arg="167" type="swap"/>
                    <action arg="2777" type="push"/>
                  </actions>
                </route>
              </routes>
            </te-group>
          </te-groups>
        </destination>
        <destination from="in1" label="$231">
          <te-groups>
            <te-group>
              <routes>
                <route to="in1">
                  <actions>
                    <action arg="232" type="swap"/>
                  </actions>
                </route>
              </routes>
            </te-group>
            <te-group>
              <routes>
                <route to="in0">
                  <actions>
                    <action arg="232" type="swap"/>
                    <action arg="2777" type="push"/>
                  </actions>
                </route>
              </routes>
            </te-group>
          </te-groups>
        </destination>
        <destination from="in1" label="$237">
          <te-groups>
            <te-group>
              <routes>
                <route to="in1">
                  <actions>
                    <action arg="238" type="swap"/>
                  </actions>
                </route>
              </routes>
            </te-group>
            <te-group>
              <routes>
                <route to="in0">
                  <actions>
                    <action arg="238" type="swap"/>
                    <action arg="2777" type="push"/>
                  </actions>
                </route>
              </routes>
            </te-group>
          </te-groups>
        </destination>
        <destination from="in1" label="$279">
          <te-groups>
            <te-group>
              <routes>
                <route to="in1">
                  <actions>
                    <action arg="280" type="swap"/>
                  </actions>
                </route>
              </routes>
            </te-group>
            <te-group>
              <routes>
                <route to="in0">
                  <actions>
                    <action arg="280" type="swap"/>
                    <action arg="2777" type="push"/>
                  </actions>
                </route>
              </routes>
            </te-group>
          </te-groups>
        </destination>
        <destination from="in1" label="$284">
          <te-groups>
            <te-group>
              <routes>
                <route to="in1">
                  <actions>
                    <action arg="285" type="swap"/>
                  </actions>
                </route>
              </routes>
            </te-group>
            <te-group>
              <routes>
                <route to="in0">
                  <actions>
                    <action arg="285" type="swap"/>
                    <action arg="2777" type="push"/>
                  </actions>
                </route>
              </routes>
            </te-group>
          </te-groups>
        </destination>
        <destination from="in1" label="$566">
          <te-groups>
            <te-group>
              <routes>
                <route to="in1">
                  <actions>
                    <action arg="567" type="swap"/>
                  </actions>
                </route>
              </routes>
            </te-group>
            <te-group>
              <routes>
                <route to="in0">
                  <actions>
                    <action arg="567" type="swap"/>
                    <action arg="2777" type="push"/>
                  </actions>
                </route>
              </routes>
            </te-group>
          </te-groups>
        </destination>
        <destination from="in1" label="$572">
          <te-groups>
            <te-group>
              <routes>
                <route to="in1">
                  <actions>
                    <action arg="573" type="swap"/>
                  </actions>
                </route>
              </routes>
            </te-group>
            <te-group>
              <routes>
                <route to="in0">
                  <actions>
                    <action arg="573" type="swap"/>
                    <action arg="2777" type="push"/>
                  </actions>
                </route>
              </routes>
            </te-group>
          </te-groups>
        </destination>
        <destination from="in1" label="$614">
          <te-groups>
            <te-group>
              <routes>
                <route to="in1">
                  <actions>
                    <action arg="615" type="swap"/>
                  </actions>
                </route>
              </routes>
            </te-group>
            <te-group>
              <routes>
                <route to="in0">
                  <actions>
                    <action arg="615" type="swap"/>
                    <action arg="2777" type="push"/>
                  </actions>
                </route>
              </routes>
            </te-group>
          </te-groups>
        </destination>
        <destination from="in1" label="$619">
          <te-groups>
            <te-group>
              <routes>
                <route to="in1">
                  <actions>
                    <action arg="620" type="swap"/>
                  </actions>
                </route>
              </routes>
            </te-group>
            <te-group>
              <routes>
                <route to="in0">
                  <actions>
                    <action arg="620" type="swap"/>
                    <action arg="2777" type="push"/>
                  </actions>
                </route>
              </routes>
            </te-group>
          </te-groups>
        </destination>
        <destination from="in1" label="$670">
          <te-groups>
            <te-group>
              <routes>
                <route to="in1">
                  <actions>
                    <action arg="671" type="swap"/>
                  </actions>
                </route>
              </routes>
            </te-group>
            <te-group>
              <routes>
                <route to="in0">
                  <actions>
                    <action arg="671" type="swap"/>
                    <action arg="2777" type="push"/>
                  </actions>
                </route>
              </routes>
            </te-group>
          </te-groups>
        </destination>
        <destination from="in1" label="$676">
          <te-groups>
            <te-group>
              <routes>
                <route to="in1">
                  <actions>
                    <action arg="677" type="swap"/>
                  </actions>
                </route>
              </routes>
            </te-group>
            <te-group>
              <routes>
                <route to="in0">
                  <actions>
                    <action arg="677" type="swap"/>
                    <action arg="2777" type="push"/>
                  </actions>
                </route>
              </routes>
            </te-group>
          </te-groups>
        </destination>
        <destination from="in1" label="$714">
          <te-groups>
            <te-group>
              <routes>
                <route to="in1">
                  <actions>
                    <action arg="715" type="swap"/>
                  </actions>
                </route>
              </routes>
            </te-group>
            <te-group>
              <routes>
                <route to="in0">
                  <actions>
                    <action arg="715" type="swap"/>
                    <action arg="2777" type="push"/>
                  </actions>
                </route>
              </routes>
            </te-group>
          </te-groups>
        </destination>
        <destination from="in1" label="$719">
          <te-groups>
            <te-group>
              <routes>
                <route to="in1">
                  <actions>
                    <action arg="720" type="swap"/>
                  </actions>
                </route>
              </routes>
            </te-group>
            <te-group>
              <routes>
                <route to="in0">
                  <actions>
                    <action arg="720" type="swap"/>
                    <action arg="2777" type="push"/>
                  </actions>
                </route>
              </routes>
            </te-group>
          </te-groups>
        </destination>
        <destination from="in1" label="$770">
          <te-groups>
            <te-group>
              <routes>
                <route to="in1">
                  <actions>
                    <action arg="771" type="swap"/>
                  </actions>
                </route>
              </routes>
            </te-group>
            <te-group>
              <routes>
                <route to="in0">
                  <actions>
                    <action arg="771" type="swap"/>
                    <action arg="2777" type="push"/>
                  </actions>
                </route>
              </routes>
            </te-group>
          </te-groups>
        </destination>
        <destination from="in1" label="$775">
          <te-groups>
            <te-group>
              <routes>
                <route to="in1">
                  <actions>
                    <action arg="776" type="swap"/>
                  </actions>
                </route>
              </routes>
            </te-group>
            <te-group>
              <routes>
                <route to="in0">
                  <actions>
                    <action arg="776" type="swap"/>
                    <action arg="2777" type="push"/>
                  </actions>
                </route>
              </routes>
            </te-group>
          </te-groups>
        </destination>
        <destination from="in1" label="$810">
          <te-groups>
            <te-group>
              <routes>
                <route to="in1">
                  <actions>
                    <action arg="811" type="swap"/>
                  </actions>
                </route>
              </routes>
            </te-group>
            <te-group>
              <routes>
                <route to="in0">
                  <actions>
                    <action arg="811" type="swap"/>
                    <action arg="2777" type="push"/>
                  </actions>
                </route>
              </routes>
            </te-group>
          </te-groups>
        </destination>
        <destination from="in1" label="$814">
          <te-groups>
            <te-group>
              <routes>
                <route to="in1">
                  <actions>
                    <action arg="815" type="swap"/>
                  </actions>
                </route>
              </routes>
            </te-group>
            <te-group>
              <routes>
                <route to="in0">
                  <actions>
                    <action arg="815" type="swap"/>
                    <action arg="2777" type="push"/>
                  </actions>
                </route>
              </routes>
            </te-group>
          </te-groups>
        </destination>
        <destination from="in1" label="$879">
          <te-groups>
            <te-group>
              <routes>
                <route to="in1">
                  <actions>
                    <action arg="880" type="swap"/>
                  </actions>
                </route>
              </routes>
            </te-group>
            <te-group>
              <routes>
                <route to="in0">
                  <actions>
                    <action arg="880" type="swap"/>
                    <action arg="2777" type="push"/>
                  </actions>
                </route>
              </routes>
            </te-group>
          </te-groups>
        </destination>
        <destination from="in1" label="$885">
          <te-groups>
            <te-group>
              <routes>
                <route to="in1">
                  <actions>
                    <action arg="886" type="swap"/>
                  </actions>
                </route>
              </routes>
            </te-group>
            <te-group>
              <routes>
                <route to="in0">
                  <actions>
                    <action arg="886" type="swap"/>
                    <action arg="2777" type="push"/>
                  </actions>
                </route>
              </routes>
            </te-group>
          </te-groups>
        </destination>
        <destination from="in1" label="$911">
          <te-groups>
            <te-group>
              <routes>
                <route to="in1">
                  <actions>
                    <action arg="912" type="swap"/>
                  </actions>
                </route>
              </routes>
            </te-group>
            <te-group>
              <routes>
                <route to="in0">
                  <actions>
                    <action arg="912" type="swap"/>
                    <action arg="2777" type="push"/>
                  </actions>
                </route>
              </routes>
            </te-group>
          </te-groups>
        </destination>
        <destination from="in1" label="$916">
          <te-groups>
            <te-group>
              <routes>
                <route to="in1">
                  <actions>
                    <action arg="917" type="swap"/>
                  </actions>
                </route>
              </routes>
            </te-group>
            <te-group>
              <routes>
                <route to="in0">
                  <actions>
                    <action arg="917" type="swap"/>
                    <action arg="2777" type="push"/>
                  </actions>
                </route>
              </routes>
            </te-group>
          </te-groups>
        </destination>
        <destination from="in1" label="$1026">
          <te-groups>
            <te-group>
              <routes>
                <route to="in0">
                  <actions>
                    <action arg="1027" type="swap"/>
                  </actions>
                </route>
              </routes>
            </te-group>
            <te-group>
              <routes>
                <route to="in1">
                  <actions>
                    <action arg="1027" type="swap"/>
                    <action arg="2775" type="push"/>
                  </actions>
                </route>
              </routes>
            </te-group>
          </te-groups>
        </destination>
        <destination from="in1" label="$1041">
          <te-groups>
            <te-group>
              <routes>
                <route to="in0">
                  <actions>
                    <action arg="1042" type="swap"/>
                  </actions>
                </route>
              </routes>
            </te-group>
            <te-group>
              <routes>
                <route to="in1">
                  <actions>
                    <action arg="1042" type="swap"/>
                    <action arg="2775" type="push"/>
                  </actions>
                </route>
              </routes>
            </te-group>
          </te-groups>
        </destination>
        <destination from="in1" label="$1754">
          <te-groups>
            <te-group>
              <routes>
                <route to="in0">
                  <actions>
                    <action arg="1755" type="swap"/>
                  </actions>
                </route>
              </routes>
            </te-group>
            <te-group>
              <routes>
                <route to="in1">
                  <actions>
                    <action arg="1755" type="swap"/>
                    <action arg="2775" type="push"/>
                  </actions>
                </route>
              </routes>
            </te-group>
          </te-groups>
        </destination>
        <destination from="in1" label="$1760">
          <te-groups>
            <te-group>
              <routes>
                <route to="in0">
                  <actions>
                    <action arg="1761" type="swap"/>
                  </actions>
                </route>
              </routes>
            </te-group>
            <te-group>
              <routes>
                <route to="in1">
                  <actions>
                    <action arg="1761" type="swap"/>
                    <action arg="2775" type="push"/>
                  </actions>
                </route>
              </routes>
            </te-group>
          </te-groups>
        </destination>
        <destination from="in1" label="$1771">
          <te-groups>
            <te-group>
              <routes>
                <route to="in0">
                  <actions>
                    <action arg="1772" type="swap"/>
                  </actions>
                </route>
              </routes>
            </te-group>
            <te-group>
              <routes>
                <route to="in1">
                  <actions>
                    <action arg="1772" type="swap"/>
                    <action arg="2775" type="push"/>
                  </actions>
                </route>
              </routes>
            </te-group>
          </te-groups>
        </destination>
        <destination from="in1" label="$1776">
          <te-groups>
            <te-group>
              <routes>
                <route to="in0">
                  <actions>
                    <action arg="1777" type="swap"/>
                  </actions>
                </route>
              </routes>
            </te-group>
            <te-group>
              <routes>
                <route to="in1">
                  <actions>
                    <action arg="1777" type="swap"/>
                    <action arg="2775" type="push"/>
                  </actions>
                </route>
              </routes>
            </te-group>
          </te-groups>
        </destination>
        <destination from="in1" label="$1783">
          <te-groups>
            <te-group>
              <routes>
                <route to="in0">
                  <actions>
                    <action arg="1784" type="swap"/>
                  </actions>
                </route>
              </routes>
            </te-group>
            <te-group>
              <routes>
                <route to="in1">
                  <actions>
                    <action arg="1784" type="swap"/>
                    <action arg="2775" type="push"/>
                  </actions>
                </route>
              </routes>
            </te-group>
          </te-groups>
        </destination>
        <destination from="in1" label="$1790">
          <te-groups>
            <te-group>
              <routes>
                <route to="in0">
                  <actions>
                    <action arg="1791" type="swap"/>
                  </actions>
                </route>
              </routes>
            </te-group>
            <te-group>
              <routes>
                <route to="in1">
                  <actions>
                    <action arg="1791" type="swap"/>
                    <action arg="2775" type="push"/>
                  </actions>
                </route>
              </routes>
            </te-group>
          </te-groups>
        </destination>
        <destination from="in1" label="$1796">
          <te-groups>
            <te-group>
              <routes>
                <route to="in0">
                  <actions>
                    <action arg="1797" type="swap"/>
                  </actions>
                </route>
              </routes>
            </te-group>
            <te-group>
              <routes>
                <route to="in1">
                  <actions>
                    <action arg="1797" type="swap"/>
                    <action arg="2775" type="push"/>
                  </actions>
                </route>
              </routes>
            </te-group>
          </te-groups>
        </destination>
        <destination from="in1" label="$1866">
          <te-groups>
            <te-group>
              <routes>
                <route to="in0">
                  <actions>
                    <action arg="1867" type="swap"/>
                  </actions>
                </route>
              </routes>
            </te-group>
            <te-group>
              <routes>
                <route to="in1">
                  <actions>
                    <action arg="1867" type="swap"/>
                    <action arg="2775" type="push"/>
                  </actions>
                </route>
              </routes>
            </te-group>
          </te-groups>
        </destination>
        <destination from="in1" label="$1874">
          <te-groups>
            <te-group>
              <routes>
                <route to="in0">
                  <actions>
                    <action arg="1875" type="swap"/>
                  </actions>
                </route>
              </routes>
            </te-group>
            <te-group>
              <routes>
                <route to="in1">
                  <actions>
                    <action arg="1875" type="swap"/>
                    <action arg="2775" type="push"/>
                  </actions>
                </route>
              </routes>
            </te-group>
          </te-groups>
        </destination>
        <destination from="in1" label="$1883">
          <te-groups>
            <te-group>
              <routes>
                <route to="in0">
                  <actions>
                    <action arg="1884" type="swap"/>
                  </actions>
                </route>
              </routes>
            </te-group>
            <te-group>
              <routes>
                <route to="in1">
                  <actions>
                    <action arg="1884" type="swap"/>
                    <action arg="2775" type="push"/>
                  </actions>
                </route>
              </routes>
            </te-group>
          </te-groups>
        </destination>
        <destination from="in1" label="$1970">
          <te-groups>
            <te-group>
              <routes>
                <route to="in1">
                  <actions>
                    <action arg="1971" type="swap"/>
                  </actions>
                </route>
              </routes>
            </te-group>
            <te-group>
              <routes>
                <route to="in0">
                  <actions>
                    <action arg="1971" type="swap"/>
                    <action arg="2777" type="push"/>
                  </actions>
                </route>
              </routes>
            </te-group>
          </te-groups>
        </destination>
        <destination from="in1" label="$1978">
          <te-groups>
            <te-group>
              <routes>
                <route to="in1">
                  <actions>
                    <action arg="1979" type="swap"/>
                  </actions>
                </route>
              </routes>
            </te-group>
            <te-group>
              <routes>
                <route to="in0">
                  <actions>
                    <action arg="1979" type="swap"/>
                    <action arg="2777" type="push"/>
                  </actions>
                </route>
              </routes>
            </te-group>
          </te-groups>
        </destination>
        <destination from="in1" label="$2001">
          <te-groups>
            <te-group>
              <routes>
                <route to="in1">
                  <actions>
                    <action arg="2002" type="swap"/>
                  </actions>
                </route>
              </routes>
            </te-group>
            <te-group>
              <routes>
                <route to="in0">
                  <actions>
                    <action arg="2002" type="swap"/>
                    <action arg="2777" type="push"/>
                  </actions>
                </route>
              </routes>
            </te-group>
          </te-groups>
        </destination>
        <destination from="in1" label="$2008">
          <te-groups>
            <te-group>
              <routes>
                <route to="in1">
                  <actions>
                    <action arg="2009" type="swap"/>
                  </actions>
                </route>
              </routes>
            </te-group>
            <te-group>
              <routes>
                <route to="in0">
                  <actions>
                    <action arg="2009" type="swap"/>
                    <action arg="2777" type="push"/>
                  </actions>
                </route>
              </routes>
            </te-group>
          </te-groups>
        </destination>
        <destination from="in1" label="$2208">
          <te-groups>
            <te-group>
              <routes>
                <route to="in1">
                  <actions>
                    <action arg="2209" type="swap"/>
                  </actions>
                </route>
              </routes>
            </te-group>
            <te-group>
              <routes>
                <route to="in0">
                  <actions>
                    <action arg="2209" type="swap"/>
                    <action arg="2777" type="push"/>
                  </actions>
                </route>
              </routes>
            </te-group>
          </te-groups>
        </destination>
        <destination from="in1" label="$2215">
          <te-groups>
            <te-group>
              <routes>
                <route to="in1">
                  <actions>
                    <action arg="2216" type="swap"/>
                  </actions>
                </route>
              </routes>
            </te-group>
            <te-group>
              <routes>
                <route to="in0">
                  <actions>
                    <action arg="2216" type="swap"/>
                    <action arg="2777" type="push"/>
                  </actions>
                </route>
              </routes>
            </te-group>
          </te-groups>
        </destination>
        <destination from="in1" label="$2235">
          <te-groups>
            <te-group>
              <routes>
                <route to="in1">
                  <actions>
                    <action arg="2236" type="swap"/>
                  </actions>
                </route>
              </routes>
            </te-group>
            <te-group>
              <routes>
                <route to="in0">
                  <actions>
                    <action arg="2236" type="swap"/>
                    <action arg="2777" type="push"/>
                  </actions>
                </route>
              </routes>
            </te-group>
          </te-groups>
        </destination>
        <destination from="in1" label="$2241">
          <te-groups>
            <te-group>
              <routes>
                <route to="in1">
                  <actions>
                    <action arg="2242" type="swap"/>
                  </actions>
                </route>
              </routes>
            </te-group>
            <te-group>
              <routes>
                <route to="in0">
                  <actions>
                    <action arg="2242" type="swap"/>
                    <action arg="2777" type="push"/>
                  </actions>
                </route>
              </routes>
            </te-group>
          </te-groups>
        </destination>
        <destination from="in1" label="$2318">
          <te-groups>
            <te-group>
              <routes>
                <route to="in1">
                  <actions>
                    <action arg="2319" type="swap"/>
                  </actions>
                </route>
              </routes>
            </te-group>
            <te-group>
              <routes>
                <route to="in0">
                  <actions>
                    <action arg="2319" type="swap"/>
                    <action arg="2777" type="push"/>
                  </actions>
                </route>
              </routes>
            </te-group>
          </te-groups>
        </destination>
        <destination from="in1" label="$2326">
          <te-groups>
            <te-group>
              <routes>
                <route to="in1">
                  <actions>
                    <action arg="2327" type="swap"/>
                  </actions>
                </route>
              </routes>
            </te-group>
            <te-group>
              <routes>
                <route to="in0">
                  <actions>
                    <action arg="2327" type="swap"/>
                    <action arg="2777" type="push"/>
                  </actions>
                </route>
              </routes>
            </te-group>
          </te-groups>
        </destination>
        <destination from="in1" label="$2351">
          <te-groups>
            <te-group>
              <routes>
                <route to="in1">
                  <actions>
                    <action arg="2352" type="swap"/>
                  </actions>
                </route>
              </routes>
            </te-group>
            <te-group>
              <routes>
                <route to="in0">
                  <actions>
                    <action arg="2352" type="swap"/>
                    <action arg="2777" type="push"/>
                  </actions>
                </route>
              </routes>
            </te-group>
          </te-groups>
        </destination>
        <destination from="in1" label="$2358">
          <te-groups>
            <te-group>
              <routes>
                <route to="in1">
                  <actions>
                    <action arg="2359" type="swap"/>
                  </actions>
                </route>
              </routes>
            </te-group>
            <te-group>
              <routes>
                <route to="in0">
                  <actions>
                    <action arg="2359" type="swap"/>
                    <action arg="2777" type="push"/>
                  </actions>
                </route>
              </routes>
            </te-group>
          </te-groups>
        </destination>
        <destination from="in1" label="$2435">
          <te-groups>
            <te-group>
              <routes>
                <route to="in1">
                  <actions>
                    <action arg="2436" type="swap"/>
                  </actions>
                </route>
              </routes>
            </te-group>
            <te-group>
              <routes>
                <route to="in0">
                  <actions>
                    <action arg="2436" type="swap"/>
                    <action arg="2777" type="push"/>
                  </actions>
                </route>
              </routes>
            </te-group>
          </te-groups>
        </destination>
        <destination from="in1" label="$2443">
          <te-groups>
            <te-group>
              <routes>
                <route to="in1">
                  <actions>
                    <action arg="2444" type="swap"/>
                  </actions>
                </route>
              </routes>
            </te-group>
            <te-group>
              <routes>
                <route to="in0">
                  <actions>
                    <action arg="2444" type="swap"/>
                    <action arg="2777" type="push"/>
                  </actions>
                </route>
              </routes>
            </te-group>
          </te-groups>
        </destination>
        <destination from="in1" label="$2466">
          <te-groups>
            <te-group>
              <routes>
                <route to="in1">
                  <actions>
                    <action arg="2467" type="swap"/>
                  </actions>
                </route>
              </routes>
            </te-group>
            <te-group>
              <routes>
                <route to="in0">
                  <actions>
                    <action arg="2467" type="swap"/>
                    <action arg="2777" type="push"/>
                  </actions>
                </route>
              </routes>
            </te-group>
          </te-groups>
        </destination>
        <destination from="in1" label="$2473">
          <te-groups>
            <te-group>
              <routes>
                <route to="in1">
                  <actions>
                    <action arg="2474" type="swap"/>
                  </actions>
                </route>
              </routes>
            </te-group>
            <te-group>
              <routes>
                <route to="in0">
                  <actions>
                    <action arg="2474" type="swap"/>
                    <action arg="2777" type="push"/>
                  </actions>
                </route>
              </routes>
            </te-group>
          </te-groups>
        </destination>
        <destination from="in1" label="$2478">
          <te-groups>
            <te-group>
              <routes>
                <route to="in0">
                  <actions>
                    <action arg="2479" type="swap"/>
                  </actions>
                </route>
              </routes>
            </te-group>
            <te-group>
              <routes>
                <route to="in1">
                  <actions>
                    <action arg="2479" type="swap"/>
                    <action arg="2775" type="push"/>
                  </actions>
                </route>
              </routes>
            </te-group>
          </te-groups>
        </destination>
        <destination from="in1" label="$2492">
          <te-groups>
            <te-group>
              <routes>
                <route to="in0">
                  <actions>
                    <action arg="2493" type="swap"/>
                  </actions>
                </route>
              </routes>
            </te-group>
            <te-group>
              <routes>
                <route to="in1">
                  <actions>
                    <action arg="2493" type="swap"/>
                    <action arg="2775" type="push"/>
                  </actions>
                </route>
              </routes>
            </te-group>
          </te-groups>
        </destination>
        <destination from="in1" label="$2583">
          <te-groups>
            <te-group>
              <routes>
                <route to="in0">
                  <actions>
                    <action arg="2584" type="swap"/>
                  </actions>
                </route>
              </routes>
            </te-group>
            <te-group>
              <routes>
                <route to="in1">
                  <actions>
                    <action arg="2584" type="swap"/>
                    <action arg="2775" type="push"/>
                  </actions>
                </route>
              </routes>
            </te-group>
          </te-groups>
        </destination>
        <destination from="in1" label="$2587">
          <te-groups>
            <te-group>
              <routes>
                <route to="in0">
                  <actions>
                    <action arg="2588" type="swap"/>
                  </actions>
                </route>
              </routes>
            </te-group>
            <te-group>
              <routes>
                <route to="in1">
                  <actions>
                    <action arg="2588" type="swap"/>
                    <action arg="2775" type="push"/>
                  </actions>
                </route>
              </routes>
            </te-group>
          </te-groups>
        </destination>
        <destination from="in1" label="$2594">
          <te-groups>
            <te-group>
              <routes>
                <route to="in0">
                  <actions>
                    <action arg="2595" type="swap"/>
                  </actions>
                </route>
              </routes>
            </te-group>
            <te-group>
              <routes>
                <route to="in1">
                  <actions>
                    <action arg="2595" type="swap"/>
                    <action arg="2775" type="push"/>
                  </actions>
                </route>
              </routes>
            </te-group>
          </te-groups>
        </destination>
        <destination from="in1" label="$2597">
          <te-groups>
            <te-group>
              <routes>
                <route to="in0">
                  <actions>
                    <action arg="2598" type="swap"/>
                  </actions>
                </route>
              </routes>
            </te-group>
            <te-group>
              <routes>
                <route to="in1">
                  <actions>
                    <action arg="2598" type="swap"/>
                    <action arg="2775" type="push"/>
                  </actions>
                </route>
              </routes>
            </te-group>
          </te-groups>
        </destination>
        <destination from="in1" label="$2602">
          <te-groups>
            <te-group>
              <routes>
                <route to="in0">
                  <actions>
                    <action arg="2603" type="swap"/>
                  </actions>
                </route>
              </routes>
            </te-group>
            <te-group>
              <routes>
                <route to="in1">
                  <actions>
                    <action arg="2603" type="swap"/>
                    <action arg="2775" type="push"/>
                  </actions>
                </route>
              </routes>
            </te-group>
          </te-groups>
        </destination>
        <destination from="in1" label="$2607">
          <te-groups>
            <te-group>
              <routes>
                <route to="in0">
                  <actions>
                    <action arg="2608" type="swap"/>
                  </actions>
                </route>
              </routes>
            </te-group>
            <te-group>
              <routes>
                <route to="in1">
                  <actions>
                    <action arg="2608" type="swap"/>
                    <action arg="2775" type="push"/>
                  </actions>
                </route>
              </routes>
            </te-group>
          </te-groups>
        </destination>
        <destination from="in1" label="$2611">
          <te-groups>
            <te-group>
              <routes>
                <route to="in0">
                  <actions>
                    <action arg="2612" type="swap"/>
                  </actions>
                </route>
              </routes>
            </te-group>
            <te-group>
              <routes>
                <route to="in1">
                  <actions>
                    <action arg="2612" type="swap"/>
                    <action arg="2775" type="push"/>
                  </actions>
                </route>
              </routes>
            </te-group>
          </te-groups>
        </destination>
        <destination from="in1" label="$2664">
          <te-groups>
            <te-group>
              <routes>
                <route to="in0">
                  <actions>
                    <action arg="2665" type="swap"/>
                  </actions>
                </route>
              </routes>
            </te-group>
            <te-group>
              <routes>
                <route to="in1">
                  <actions>
                    <action arg="2665" type="swap"/>
                    <action arg="2775" type="push"/>
                  </actions>
                </route>
              </routes>
            </te-group>
          </te-groups>
        </destination>
        <destination from="in1" label="$2670">
          <te-groups>
            <te-group>
              <routes>
                <route to="in0">
                  <actions>
                    <action arg="2671" type="swap"/>
                  </actions>
                </route>
              </routes>
            </te-group>
            <te-group>
              <routes>
                <route to="in1">
                  <actions>
                    <action arg="2671" type="swap"/>
                    <action arg="2775" type="push"/>
                  </actions>
                </route>
              </routes>
            </te-group>
          </te-groups>
        </destination>
        <destination from="in1" label="$2685">
          <te-groups>
            <te-group>
              <routes>
                <route to="in0">
                  <actions>
                    <action arg="2686" type="swap"/>
                  </actions>
                </route>
              </routes>
            </te-group>
            <te-group>
              <routes>
                <route to="in1">
                  <actions>
                    <action arg="2686" type="swap"/>
                    <action arg="2775" type="push"/>
                  </actions>
                </route>
              </routes>
            </te-group>
          </te-groups>
        </destination>
        <destination from="in1" label="$2698">
          <te-groups>
            <te-group>
              <routes>
                <route to="in0">
                  <actions>
                    <action arg="2699" type="swap"/>
                  </actions>
                </route>
              </routes>
            </te-group>
            <te-group>
              <routes>
                <route to="in1">
                  <actions>
                    <action arg="2699" type="swap"/>
                    <action arg="2775" type="push"/>
                  </actions>
                </route>
              </routes>
            </te-group>
          </te-groups>
        </destination>
      </destinations>
    </routing>
    <routing for="Atlanta">
      <destinations>
        <destination from="eg0" ip="ip">
          <te-groups>
            <te-group>
              <routes>
                <route to="in2">
                  <actions>
                    <action arg="407" type="push"/>
                  </actions>
                </route>
                <route to="in0">
                  <actions>
                    <action arg="405" type="push"/>
                  </actions>
                </route>
                <route to="in3">
                  <actions>
                    <action arg="501" type="push"/>
                  </actions>
                </route>
                <route to="in3">
                  <actions>
                    <action arg="498" type="push"/>
                  </actions>
                </route>
                <route to="in3">
                  <actions>
                    <action arg="494" type="push"/>
                  </actions>
                </route>
                <route to="in2">
                  <actions>
                    <action arg="489" type="push"/>
                  </actions>
                </route>
                <route to="in2">
                  <actions>
                    <action arg="484" type="push"/>
                  </actions>
                </route>
                <route to="in2">
                  <actions>
                    <action arg="480" type="push"/>
                  </actions>
                </route>
                <route to="in2">
                  <actions>
                    <action arg="472" type="push"/>
                  </actions>
                </route>
                <route to="in2">
                  <actions>
                    <action arg="465" type="push"/>
                  </actions>
                </route>
                <route to="in3">
                  <actions>
                    <action arg="462" type="push"/>
                  </actions>
                </route>
                <route to="in3">
                  <actions>
                    <action arg="460" type="push"/>
                  </actions>
                </route>
                <route to="in2">
                  <actions>
                    <action arg="454" type="push"/>
                  </actions>
                </route>
                <route to="in2">
                  <actions>
                    <action arg="443" type="push"/>
                  </actions>
                </route>
                <route to="in2">
                  <actions>
                    <action arg="448" type="push"/>
                  </actions>
                </route>
                <route to="in1">
                  <actions>
                    <action arg="410" type="push"/>
                  </actions>
                </route>
                <route to="in2">
                  <actions>
                    <action arg="412" type="push"/>
                  </actions>
                </route>
                <route to="in2">
                  <actions>
                    <action arg="415" type="push"/>
                  </actions>
                </route>
                <route to="in2">
                  <actions>
                    <action arg="418" type="push"/>
                  </actions>
                </route>
                <route to="in2">
                  <actions>
                    <action arg="420" type="push"/>
                  </actions>
                </route>
                <route to="in2">
                  <actions>
                    <action arg="423" type="push"/>
                  </actions>
                </route>
                <route to="in2">
                  <actions>
                    <action arg="428" type="push"/>
                  </actions>
                </route>
                <route to="in2">
                  <actions>
                    <action arg="432" type="push"/>
                  </actions>
                </route>
                <route to="in2">
                  <actions>
                    <action arg="437" type="push"/>
                  </actions>
                </route>
              </routes>
            </te-group>
            <te-group>
              <routes>
                <route to="in3">
                  <actions>
                    <action arg="454" type="push"/>
                    <action arg="2784" type="push"/>
                  </actions>
                </route>
                <route to="in3">
                  <actions>
                    <action arg="465" type="push"/>
                    <action arg="2784" type="push"/>
                  </actions>
                </route>
                <route to="in3">
                  <actions>
                    <action arg="472" type="push"/>
                    <action arg="2784" type="push"/>
                  </actions>
                </route>
                <route to="in3">
                  <actions>
                    <action arg="432" type="push"/>
                    <action arg="2784" type="push"/>
                  </actions>
                </route>
                <route to="in3">
                  <actions>
                    <action arg="480" type="push"/>
                    <action arg="2784" type="push"/>
                  </actions>
                </route>
                <route to="in3">
                  <actions>
                    <action arg="484" type="push"/>
                    <action arg="2784" type="push"/>
                  </actions>
                </route>
                <route to="in3">
                  <actions>
                    <action arg="489" type="push"/>
                    <action arg="2784" type="push"/>
                  </actions>
                </route>
                <route to="in1">
                  <actions>
                    <action arg="460" type="push"/>
                    <action arg="2786" type="push"/>
                  </actions>
                </route>
                <route to="in1">
                  <actions>
                    <action arg="462" type="push"/>
                    <action arg="2786" type="push"/>
                  </actions>
                </route>
                <route to="in1">
                  <actions>
                    <action arg="494" type="push"/>
                    <action arg="2786" type="push"/>
                  </actions>
                </route>
                <route to="in1">
                  <actions>
                    <action arg="498" type="push"/>
                    <action arg="2786" type="push"/>
                  </actions>
                </route>
                <route to="in1">
                  <actions>
                    <action arg="501" type="push"/>
                    <action arg="2786" type="push"/>
                  </actions>
                </route>
                <route to="in3">
                  <actions>
                    <action arg="443" type="push"/>
                    <action arg="2784" type="push"/>
                  </actions>
                </route>
                <route to="in3">
                  <actions>
                    <action arg="448" type="push"/>
                    <action arg="2784" type="push"/>
                  </actions>
                </route>
                <route to="in3">
                  <actions>
                    <action arg="410" type="push"/>
                    <action arg="2779" type="push"/>
                  </actions>
                </route>
                <route to="in3">
                  <actions>
                    <action arg="407" type="push"/>
                    <action arg="2784" type="push"/>
                  </actions>
                </route>
                <route to="in3">
                  <actions>
                    <action arg="412" type="push"/>
                    <action arg="2784" type="push"/>
                  </actions>
                </route>
                <route to="in3">
                  <actions>
                    <action arg="415" type="push"/>
                    <action arg="2784" type="push"/>
                  </actions>
                </route>
                <route to="in3">
                  <actions>
                    <action arg="418" type="push"/>
                    <action arg="2784" type="push"/>
                  </actions>
                </route>
                <route to="in3">
                  <actions>
                    <action arg="420" type="push"/>
                    <action arg="2784" type="push"/>
                  </actions>
                </route>
                <route to="in3">
                  <actions>
                    <action arg="423" type="push"/>
                    <action arg="2784" type="push"/>
                  </actions>
                </route>
                <route to="in3">
                  <actions>
                    <action arg="428" type="push"/>
                    <action arg="2784" type="push"/>
                  </actions>
                </route>
                <route to="in3">
                  <actions>
                    <action arg="437" type="push"/>
                    <action arg="2784" type="push"/>
                  </actions>
                </route>
              </routes>
            </te-group>
            <te-group>
              <routes>
                <route to="in1">
                  <actions>
                    <action arg="489" type="push"/>
                    <action arg="2784" type="push"/>
                    <action arg="2786" type="push"/>
                  </actions>
                </route>
                <route to="in1">
                  <actions>
                    <action arg="484" type="push"/>
                    <action arg="2784" type="push"/>
                    <action arg="2786" type="push"/>
                  </actions>
                </route>
                <route to="in1">
                  <actions>
                    <action arg="480" type="push"/>
                    <action arg="2784" type="push"/>
                    <action arg="2786" type="push"/>
                  </actions>
                </route>
                <route to="in1">
                  <actions>
                    <action arg="472" type="push"/>
                    <action arg="2784" type="push"/>
                    <action arg="2786" type="push"/>
                  </actions>
                </route>
                <route to="in1">
                  <actions>
                    <action arg="465" type="push"/>
                    <action arg="2784" type="push"/>
                    <action arg="2786" type="push"/>
                  </actions>
                </route>
                <route to="in1">
                  <actions>
                    <action arg="454" type="push"/>
                    <action arg="2784" type="push"/>
                    <action arg="2786" type="push"/>
                  </actions>
                </route>
                <route to="in1">
                  <actions>
                    <action arg="448" type="push"/>
                    <action arg="2784" type="push"/>
                    <action arg="2786" type="push"/>
                  </actions>
                </route>
                <route to="in1">
                  <actions>
                    <action arg="443" type="push"/>
                    <action arg="2784" type="push"/>
                    <action arg="2786" type="push"/>
                  </actions>
                </route>
                <route to="in1">
                  <actions>
                    <action arg="437" type="push"/>
                    <action arg="2784" type="push"/>
                    <action arg="2786" type="push"/>
                  </actions>
                </route>
                <route to="in1">
                  <actions>
                    <action arg="432" type="push"/>
                    <action arg="2784" type="push"/>
                    <action arg="2786" type="push"/>
                  </actions>
                </route>
                <route to="in1">
                  <actions>
                    <action arg="428" type="push"/>
                    <action arg="2784" type="push"/>
                    <action arg="2786" type="push"/>
                  </actions>
                </route>
                <route to="in1">
                  <actions>
                    <action arg="423" type="push"/>
                    <action arg="2784" type="push"/>
                    <action arg="2786" type="push"/>
                  </actions>
                </route>
                <route to="in1">
                  <actions>
                    <action arg="420" type="push"/>
                    <action arg="2784" type="push"/>
                    <action arg="2786" type="push"/>
                  </actions>
                </route>
                <route to="in1">
                  <actions>
                    <action arg="418" type="push"/>
                    <action arg="2784" type="push"/>
                    <action arg="2786" type="push"/>
                  </actions>
                </route>
                <route to="in1">
                  <actions>
                    <action arg="415" type="push"/>
                    <action arg="2784" type="push"/>
                    <action arg="2786" type="push"/>
                  </actions>
                </route>
                <route to="in1">
                  <actions>
                    <action arg="412" type="push"/>
                    <action arg="2784" type="push"/>
                    <action arg="2786" type="push"/>
                  </actions>
                </route>
                <route to="in1">
                  <actions>
                    <action arg="407" type="push"/>
                    <action arg="2784" type="push"/>
                    <action arg="2786" type="push"/>
                  </actions>
                </route>
                <route to="in1">
                  <actions>
                    <action arg="410" type="push"/>
                    <action arg="2779" type="push"/>
                    <action arg="2786" type="push"/>
                  </actions>
                </route>
              </routes>
            </te-group>
          </te-groups>
        </destination>
        <destination from="in0" label="50">
          <te-groups>
            <te-group>
              <routes>
                <route to="eg0">
                  <actions>
                    <action type="pop"/>
                  </actions>
                </route>
              </routes>
            </te-group>
          </te-groups>
        </destination>
        <destination from="in0" label="$43">
          <te-groups>
            <te-group>
              <routes>
                <route to="in2">
                  <actions>
                    <action arg="44" type="swap"/>
                  </actions>
                </route>
              </routes>
            </te-group>
            <te-group>
              <routes>
                <route to="in3">
                  <actions>
                    <action arg="44" type="swap"/>
                    <action arg="2784" type="push"/>
                  </actions>
                </route>
              </routes>
            </te-group>
            <te-group>
              <routes>
                <route to="in1">
                  <actions>
                    <action arg="44" type="swap"/>
                    <action arg="2784" type="push"/>
                    <action arg="2786" type="push"/>
                  </actions>
                </route>
              </routes>
            </te-group>
          </te-groups>
        </destination>
        <destination from="in0" label="$47">
          <te-groups>
            <te-group>
              <routes>
                <route to="in1">
                  <actions>
                    <action arg="48" type="swap"/>
                  </actions>
                </route>
              </routes>
            </te-group>
            <te-group>
              <routes>
                <route to="in3">
                  <actions>
                    <action arg="48" type="swap"/>
                    <action arg="2779" type="push"/>
                  </actions>
                </route>
              </routes>
            </te-group>
            <te-group>
              <routes>
                <route to="in1">
                  <actions>
                    <action arg="48" type="swap"/>
                    <action arg="2779" type="push"/>
                    <action arg="2786" type="push"/>
                  </actions>
                </route>
              </routes>
            </te-group>
          </te-groups>
        </destination>
        <destination from="in0" label="$52">
          <te-groups>
            <te-group>
              <routes>
                <route to="in2">
                  <actions>
                    <action arg="53" type="swap"/>
                  </actions>
                </route>
              </routes>
            </te-group>
            <te-group>
              <routes>
                <route to="in3">
                  <actions>
                    <action arg="53" type="swap"/>
                    <action arg="2784" type="push"/>
                  </actions>
                </route>
              </routes>
            </te-group>
            <te-group>
              <routes>
                <route to="in1">
                  <actions>
                    <action arg="53" type="swap"/>
                    <action arg="2784" type="push"/>
                    <action arg="2786" type="push"/>
                  </actions>
                </route>
              </routes>
            </te-group>
          </te-groups>
        </destination>
        <destination from="in0" label="$56">
          <te-groups>
            <te-group>
              <routes>
                <route to="in2">
                  <actions>
                    <action arg="57" type="swap"/>
                  </actions>
                </route>
              </routes>
            </te-group>
            <te-group>
              <routes>
                <route to="in3">
                  <actions>
                    <action arg="57" type="swap"/>
                    <action arg="2784" type="push"/>
                  </actions>
                </route>
              </routes>
            </te-group>
            <te-group>
              <routes>
                <route to="in1">
                  <actions>
                    <action arg="57" type="swap"/>
                    <action arg="2784" type="push"/>
                    <action arg="2786" type="push"/>
                  </actions>
                </route>
              </routes>
            </te-group>
          </te-groups>
        </destination>
        <destination from="in0" label="$60">
          <te-groups>
            <te-group>
              <routes>
                <route to="in2">
                  <actions>
                    <action arg="61" type="swap"/>
                  </actions>
                </route>
              </routes>
            </te-group>
            <te-group>
              <routes>
                <route to="in3">
                  <actions>
                    <action arg="61" type="swap"/>
                    <action arg="2784" type="push"/>
                  </actions>
                </route>
              </routes>
            </te-group>
            <te-group>
              <routes>
                <route to="in1">
                  <actions>
                    <action arg="61" type="swap"/>
                    <action arg="2784" type="push"/>
                    <action arg="2786" type="push"/>
                  </actions>
                </route>
              </routes>
            </te-group>
          </te-groups>
        </destination>
        <destination from="in0" label="$63">
          <te-groups>
            <te-group>
              <routes>
                <route to="in2">
                  <actions>
                    <action arg="64" type="swap"/>
                  </actions>
                </route>
              </routes>
            </te-group>
            <te-group>
              <routes>
                <route to="in3">
                  <actions>
                    <action arg="64" type="swap"/>
                    <action arg="2784" type="push"/>
                  </actions>
                </route>
              </routes>
            </te-group>
            <te-group>
              <routes>
                <route to="in1">
                  <actions>
                    <action arg="64" type="swap"/>
                    <action arg="2784" type="push"/>
                    <action arg="2786" type="push"/>
                  </actions>
                </route>
              </routes>
            </te-group>
          </te-groups>
        </destination>
        <destination from="in0" label="$67">
          <te-groups>
            <te-group>
              <routes>
                <route to="in2">
                  <actions>
                    <action arg="68" type="swap"/>
                  </actions>
                </route>
              </routes>
            </te-group>
            <te-group>
              <routes>
                <route to="in3">
                  <actions>
                    <action arg="68" type="swap"/>
                    <action arg="2784" type="push"/>
                  </actions>
                </route>
              </routes>
            </te-group>
            <te-group>
              <routes>
                <route to="in1">
                  <actions>
                    <action arg="68" type="swap"/>
                    <action arg="2784" type="push"/>
                    <action arg="2786" type="push"/>
                  </actions>
                </route>
              </routes>
            </te-group>
          </te-groups>
        </destination>
        <destination from="in0" label="$73">
          <te-groups>
            <te-group>
              <routes>
                <route to="in2">
                  <actions>
                    <action arg="74" type="swap"/>
                  </actions>
                </route>
              </routes>
            </te-group>
            <te-group>
              <routes>
                <route to="in3">
                  <actions>
                    <action arg="74" type="swap"/>
                    <action arg="2784" type="push"/>
                  </actions>
                </route>
              </routes>
            </te-group>
            <te-group>
              <routes>
                <route to="in1">
                  <actions>
                    <action arg="74" type="swap"/>
                    <action arg="2784" type="push"/>
                    <action arg="2786" type="push"/>
                  </actions>
                </route>
              </routes>
            </te-group>
          </te-groups>
        </destination>
        <destination from="in0" label="$78">
          <te-groups>
            <te-group>
              <routes>
                <route to="in2">
                  <actions>
                    <action arg="79" type="swap"/>
                  </actions>
                </route>
              </routes>
            </te-group>
            <te-group>
              <routes>
                <route to="in3">
                  <actions>
                    <action arg="79" type="swap"/>
                    <action arg="2784" type="push"/>
                  </actions>
                </route>
              </routes>
            </te-group>
            <te-group>
              <routes>
                <route to="in1">
                  <actions>
                    <action arg="79" type="swap"/>
                    <action arg="2784" type="push"/>
                    <action arg="2786" type="push"/>
                  </actions>
                </route>
              </routes>
            </te-group>
          </te-groups>
        </destination>
        <destination from="in0" label="$84">
          <te-groups>
            <te-group>
              <routes>
                <route to="in2">
                  <actions>
                    <action arg="85" type="swap"/>
                  </actions>
                </route>
              </routes>
            </te-group>
            <te-group>
              <routes>
                <route to="in3">
                  <actions>
                    <action arg="85" type="swap"/>
                    <action arg="2784" type="push"/>
                  </actions>
                </route>
              </routes>
            </te-group>
            <te-group>
              <routes>
                <route to="in1">
                  <actions>
                    <action arg="85" type="swap"/>
                    <action arg="2784" type="push"/>
                    <action arg="2786" type="push"/>
                  </actions>
                </route>
              </routes>
            </te-group>
          </te-groups>
        </destination>
        <destination from="in0" label="$91">
          <te-groups>
            <te-group>
              <routes>
                <route to="in2">
                  <actions>
                    <action arg="92" type="swap"/>
                  </actions>
                </route>
              </routes>
            </te-group>
            <te-group>
              <routes>
                <route to="in3">
                  <actions>
                    <action arg="92" type="swap"/>
                    <action arg="2784" type="push"/>
                  </actions>
                </route>
              </routes>
            </te-group>
            <te-group>
              <routes>
                <route to="in1">
                  <actions>
                    <action arg="92" type="swap"/>
                    <action arg="2784" type="push"/>
                    <action arg="2786" type="push"/>
                  </actions>
                </route>
              </routes>
            </te-group>
          </te-groups>
        </destination>
        <destination from="in0" label="$97">
          <te-groups>
            <te-group>
              <routes>
                <route to="in2">
                  <actions>
                    <action arg="98" type="swap"/>
                  </actions>
                </route>
              </routes>
            </te-group>
            <te-group>
              <routes>
                <route to="in3">
                  <actions>
                    <action arg="98" type="swap"/>
                    <action arg="2784" type="push"/>
                  </actions>
                </route>
              </routes>
            </te-group>
            <te-group>
              <routes>
                <route to="in1">
                  <actions>
                    <action arg="98" type="swap"/>
                    <action arg="2784" type="push"/>
                    <action arg="2786" type="push"/>
                  </actions>
                </route>
              </routes>
            </te-group>
          </te-groups>
        </destination>
        <destination from="in0" label="$104">
          <te-groups>
            <te-group>
              <routes>
                <route to="in2">
                  <actions>
                    <action arg="105" type="swap"/>
                  </actions>
                </route>
              </routes>
            </te-group>
            <te-group>
              <routes>
                <route to="in3">
                  <actions>
                    <action arg="105" type="swap"/>
                    <action arg="2784" type="push"/>
                  </actions>
                </route>
              </routes>
            </te-group>
            <te-group>
              <routes>
                <route to="in1">
                  <actions>
                    <action arg="105" type="swap"/>
                    <action arg="2784" type="push"/>
                    <action arg="2786" type="push"/>
                  </actions>
                </route>
              </routes>
            </te-group>
          </te-groups>
        </destination>
        <destination from="in0" label="$111">
          <te-groups>
            <te-group>
              <routes>
                <route to="in1">
                  <actions>
                    <action arg="112" type="swap"/>
                  </actions>
                </route>
              </routes>
            </te-group>
            <te-group>
              <routes>
                <route to="in3">
                  <actions>
                    <action arg="112" type="swap"/>
                    <action arg="2779" type="push"/>
                  </actions>
                </route>
              </routes>
            </te-group>
            <te-group>
              <routes>
                <route to="in1">
                  <actions>
                    <action arg="112" type="swap"/>
                    <action arg="2779" type="push"/>
                    <action arg="2786" type="push"/>
                  </actions>
                </route>
              </routes>
            </te-group>
          </te-groups>
        </destination>
        <destination from="in0" label="$116">
          <te-groups>
            <te-group>
              <routes>
                <route to="in1">
                  <actions>
                    <action arg="117" type="swap"/>
                  </actions>
                </route>
              </routes>
            </te-group>
            <te-group>
              <routes>
                <route to="in3">
                  <actions>
                    <action arg="117" type="swap"/>
                    <action arg="2779" type="push"/>
                  </actions>
                </route>
              </routes>
            </te-group>
            <te-group>
              <routes>
                <route to="in1">
                  <actions>
                    <action arg="117" type="swap"/>
                    <action arg="2779" type="push"/>
                    <action arg="2786" type="push"/>
                  </actions>
                </route>
              </routes>
            </te-group>
          </te-groups>
        </destination>
        <destination from="in0" label="$122">
          <te-groups>
            <te-group>
              <routes>
                <route to="in2">
                  <actions>
                    <action arg="123" type="swap"/>
                  </actions>
                </route>
              </routes>
            </te-group>
            <te-group>
              <routes>
                <route to="in3">
                  <actions>
                    <action arg="123" type="swap"/>
                    <action arg="2784" type="push"/>
                  </actions>
                </route>
              </routes>
            </te-group>
            <te-group>
              <routes>
                <route to="in1">
                  <actions>
                    <action arg="123" type="swap"/>
                    <action arg="2784" type="push"/>
                    <action arg="2786" type="push"/>
                  </actions>
                </route>
              </routes>
            </te-group>
          </te-groups>
        </destination>
        <destination from="in0" label="$130">
          <te-groups>
            <te-group>
              <routes>
                <route to="in2">
                  <actions>
                    <action arg="131" type="swap"/>
                  </actions>
                </route>
              </routes>
            </te-group>
            <te-group>
              <routes>
                <route to="in3">
                  <actions>
                    <action arg="131" type="swap"/>
                    <action arg="2784" type="push"/>
                  </actions>
                </route>
              </routes>
            </te-group>
            <te-group>
              <routes>
                <route to="in1">
                  <actions>
                    <action arg="131" type="swap"/>
                    <action arg="2784" type="push"/>
                    <action arg="2786" type="push"/>
                  </actions>
                </route>
              </routes>
            </te-group>
          </te-groups>
        </destination>
        <destination from="in0" label="$139">
          <te-groups>
            <te-group>
              <routes>
                <route to="in2">
                  <actions>
                    <action arg="140" type="swap"/>
                  </actions>
                </route>
              </routes>
            </te-group>
            <te-group>
              <routes>
                <route to="in3">
                  <actions>
                    <action arg="140" type="swap"/>
                    <action arg="2784" type="push"/>
                  </actions>
                </route>
              </routes>
            </te-group>
            <te-group>
              <routes>
                <route to="in1">
                  <actions>
                    <action arg="140" type="swap"/>
                    <action arg="2784" type="push"/>
                    <action arg="2786" type="push"/>
                  </actions>
                </route>
              </routes>
            </te-group>
          </te-groups>
        </destination>
        <destination from="in0" label="$144">
          <te-groups>
            <te-group>
              <routes>
                <route to="in2">
                  <actions>
                    <action arg="145" type="swap"/>
                  </actions>
                </route>
              </routes>
            </te-group>
            <te-group>
              <routes>
                <route to="in3">
                  <actions>
                    <action arg="145" type="swap"/>
                    <action arg="2784" type="push"/>
                  </actions>
                </route>
              </routes>
            </te-group>
            <te-group>
              <routes>
                <route to="in1">
                  <actions>
                    <action arg="145" type="swap"/>
                    <action arg="2784" type="push"/>
                    <action arg="2786" type="push"/>
                  </actions>
                </route>
              </routes>
            </te-group>
          </te-groups>
        </destination>
        <destination from="in0" label="$150">
          <te-groups>
            <te-group>
              <routes>
                <route to="in2">
                  <actions>
                    <action arg="151" type="swap"/>
                  </actions>
                </route>
              </routes>
            </te-group>
            <te-group>
              <routes>
                <route to="in3">
                  <actions>
                    <action arg="151" type="swap"/>
                    <action arg="2784" type="push"/>
                  </actions>
                </route>
              </routes>
            </te-group>
            <te-group>
              <routes>
                <route to="in1">
                  <actions>
                    <action arg="151" type="swap"/>
                    <action arg="2784" type="push"/>
                    <action arg="2786" type="push"/>
                  </actions>
                </route>
              </routes>
            </te-group>
          </te-groups>
        </destination>
        <destination from="in0" label="$156">
          <te-groups>
            <te-group>
              <routes>
                <route to="in1">
                  <actions>
                    <action arg="157" type="swap"/>
                  </actions>
                </route>
              </routes>
            </te-group>
            <te-group>
              <routes>
                <route to="in3">
                  <actions>
                    <action arg="157" type="swap"/>
                    <action arg="2779" type="push"/>
                  </actions>
                </route>
              </routes>
            </te-group>
            <te-group>
              <routes>
                <route to="in1">
                  <actions>
                    <action arg="157" type="swap"/>
                    <action arg="2779" type="push"/>
                    <action arg="2786" type="push"/>
                  </actions>
                </route>
              </routes>
            </te-group>
          </te-groups>
        </destination>
        <destination from="in0" label="$161">
          <te-groups>
            <te-group>
              <routes>
                <route to="in1">
                  <actions>
                    <action arg="162" type="swap"/>
                  </actions>
                </route>
              </routes>
            </te-group>
            <te-group>
              <routes>
                <route to="in3">
                  <actions>
                    <action arg="162" type="swap"/>
                    <action arg="2779" type="push"/>
                  </actions>
                </route>
              </routes>
            </te-group>
            <te-group>
              <routes>
                <route to="in1">
                  <actions>
                    <action arg="162" type="swap"/>
                    <action arg="2779" type="push"/>
                    <action arg="2786" type="push"/>
                  </actions>
                </route>
              </routes>
            </te-group>
          </te-groups>
        </destination>
        <destination from="in0" label="$165">
          <te-groups>
            <te-group>
              <routes>
                <route to="in1">
                  <actions>
                    <action arg="166" type="swap"/>
                  </actions>
                </route>
              </routes>
            </te-group>
            <te-group>
              <routes>
                <route to="in3">
                  <actions>
                    <action arg="166" type="swap"/>
                    <action arg="2779" type="push"/>
                  </actions>
                </route>
              </routes>
            </te-group>
            <te-group>
              <routes>
                <route to="in1">
                  <actions>
                    <action arg="166" type="swap"/>
                    <action arg="2779" type="push"/>
                    <action arg="2786" type="push"/>
                  </actions>
                </route>
              </routes>
            </te-group>
          </te-groups>
        </destination>
        <destination from="in1" label="179">
          <te-groups>
            <te-group>
              <routes>
                <route to="eg0">
                  <actions>
                    <action type="pop"/>
                  </actions>
                </route>
              </routes>
            </te-group>
          </te-groups>
        </destination>
        <destination from="in1" label="295">
          <te-groups>
            <te-group>
              <routes>
                <route to="eg0">
                  <actions>
                    <action type="pop"/>
                  </actions>
                </route>
              </routes>
            </te-group>
          </te-groups>
        </destination>
        <destination from="in1" label="517">
          <te-groups>
            <te-group>
              <routes>
                <route to="eg0">
                  <actions>
                    <action type="pop"/>
                  </actions>
                </route>
              </routes>
            </te-group>
          </te-groups>
        </destination>
        <destination from="in1" label="635">
          <te-groups>
            <te-group>
              <routes>
                <route to="eg0">
                  <actions>
                    <action type="pop"/>
                  </actions>
                </route>
              </routes>
            </te-group>
          </te-groups>
        </destination>
        <destination from="in1" label="731">
          <te-groups>
            <te-group>
              <routes>
                <route to="eg0">
                  <actions>
                    <action type="pop"/>
                  </actions>
                </route>
              </routes>
            </te-group>
          </te-groups>
        </destination>
        <destination from="in1" label="830">
          <te-groups>
            <te-group>
              <routes>
                <route to="eg0">
                  <actions>
                    <action type="pop"/>
                  </actions>
                </route>
              </routes>
            </te-group>
          </te-groups>
        </destination>
        <destination from="in1" label="940">
          <te-groups>
            <te-group>
              <routes>
                <route to="eg0">
                  <actions>
                    <action type="pop"/>
                  </actions>
                </route>
              </routes>
            </te-group>
          </te-groups>
        </destination>
        <destination from="in1" label="1042">
          <te-groups>
            <te-group>
              <routes>
                <route to="eg0">
                  <actions>
                    <action type="pop"/>
                  </actions>
                </route>
              </routes>
            </te-group>
          </te-groups>
        </destination>
        <destination from="in1" label="1128">
          <te-groups>
            <te-group>
              <routes>
                <route to="eg0">
                  <actions>
                    <action type="pop"/>
                  </actions>
                </route>
              </routes>
            </te-group>
          </te-groups>
        </destination>
        <destination from="in1" label="1225">
          <te-groups>
            <te-group>
              <routes>
                <route to="eg0">
                  <actions>
                    <action type="pop"/>
                  </actions>
                </route>
              </routes>
            </te-group>
          </te-groups>
        </destination>
        <destination from="in1" label="1337">
          <te-groups>
            <te-group>
              <routes>
                <route to="eg0">
                  <actions>
                    <action type="pop"/>
                  </actions>
                </route>
              </routes>
            </te-group>
          </te-groups>
        </destination>
        <destination from="in1" label="1439">
          <te-groups>
            <te-group>
              <routes>
                <route to="eg0">
                  <actions>
                    <action type="pop"/>
                  </actions>
                </route>
              </routes>
            </te-group>
          </te-groups>
        </destination>
        <destination from="in1" label="1555">
          <te-groups>
            <te-group>
              <routes>
                <route to="eg0">
                  <actions>
                    <action type="pop"/>
                  </actions>
                </route>
              </routes>
            </te-group>
          </te-groups>
        </destination>
        <destination from="in1" label="1647">
          <te-groups>
            <te-group>
              <routes>
                <route to="eg0">
                  <actions>
                    <action type="pop"/>
                  </actions>
                </route>
              </routes>
            </te-group>
          </te-groups>
        </destination>
        <destination from="in1" label="1772">
          <te-groups>
            <te-group>
              <routes>
                <route to="eg0">
                  <actions>
                    <action type="pop"/>
                  </actions>
                </route>
              </routes>
            </te-group>
          </te-groups>
        </destination>
        <destination from="in1" label="1921">
          <te-groups>
            <te-group>
              <routes>
                <route to="eg0">
                  <actions>
                    <action type="pop"/>
                  </actions>
                </route>
              </routes>
            </te-group>
          </te-groups>
        </destination>
        <destination from="in1" label="2044">
          <te-groups>
            <te-group>
              <routes>
                <route to="eg0">
                  <actions>
                    <action type="pop"/>
                  </actions>
                </route>
              </routes>
            </te-group>
          </te-groups>
        </destination>
        <destination from="in1" label="2168">
          <te-groups>
            <te-group>
              <routes>
                <route to="eg0">
                  <actions>
                    <action type="pop"/>
                  </actions>
                </route>
              </routes>
            </te-group>
          </te-groups>
        </destination>
        <destination from="in1" label="2265">
          <te-groups>
            <te-group>
              <routes>
                <route to="eg0">
                  <actions>
                    <action type="pop"/>
                  </actions>
                </route>
              </routes>
            </te-group>
          </te-groups>
        </destination>
        <destination from="in1" label="2382">
          <te-groups>
            <te-group>
              <routes>
                <route to="eg0">
                  <actions>
                    <action type="pop"/>
                  </actions>
                </route>
              </routes>
            </te-group>
          </te-groups>
        </destination>
        <destination from="in1" label="2493">
          <te-groups>
            <te-group>
              <routes>
                <route to="eg0">
                  <actions>
                    <action type="pop"/>
                  </actions>
                </route>
              </routes>
            </te-group>
          </te-groups>
        </destination>
        <destination from="in1" label="2595">
          <te-groups>
            <te-group>
              <routes>
                <route to="eg0">
                  <actions>
                    <action type="pop"/>
                  </actions>
                </route>
              </routes>
            </te-group>
          </te-groups>
        </destination>
        <destination from="in1" label="2699">
          <te-groups>
            <te-group>
              <routes>
                <route to="eg0">
                  <actions>
                    <action type="pop"/>
                  </actions>
                </route>
              </routes>
            </te-group>
          </te-groups>
        </destination>
        <destination from="in1" label="2777">
          <te-groups>
            <te-group>
              <routes>
                <route to="in3">
                  <actions>
                    <action arg="2776" type="swap"/>
                  </actions>
                </route>
              </routes>
            </te-group>
            <te-group>
              <routes>
                <route to="in1">
                  <actions>
                    <action arg="2776" type="swap"/>
                    <action arg="2786" type="push"/>
                  </actions>
                </route>
              </routes>
            </te-group>
          </te-groups>
        </destination>
        <destination from="in1" label="2864">
          <te-groups>
            <te-group>
              <routes>
                <route to="in2">
                  <actions>
                    <action arg="2863" type="swap"/>
                  </actions>
                </route>
              </routes>
            </te-group>
          </te-groups>
        </destination>
        <destination from="in1" label="2877">
          <te-groups>
            <te-group>
              <routes>
                <route to="in2">
                  <actions>
                    <action arg="2876" type="swap"/>
                  </actions>
                </route>
              </routes>
            </te-group>
          </te-groups>
        </destination>
        <destination from="in1" label="2888">
          <te-groups>
            <te-group>
              <routes>
                <route to="in3">
                  <actions>
                    <action type="pop"/>
                  </actions>
                </route>
              </routes>
            </te-group>
          </te-groups>
        </destination>
        <destination from="in1" label="2894">
          <te-groups>
            <te-group>
              <routes>
                <route to="in2">
                  <actions>
                    <action arg="2893" type="swap"/>
                  </actions>
                </route>
              </routes>
            </te-group>
          </te-groups>
        </destination>
        <destination from="in1" label="2899">
          <te-groups>
            <te-group>
              <routes>
                <route to="in2">
                  <actions>
                    <action arg="2898" type="swap"/>
                  </actions>
                </route>
              </routes>
            </te-group>
          </te-groups>
        </destination>
        <destination from="in1" label="2903">
          <te-groups>
            <te-group>
              <routes>
                <route to="in2">
                  <actions>
                    <action arg="2902" type="swap"/>
                  </actions>
                </route>
              </routes>
            </te-group>
          </te-groups>
        </destination>
        <destination from="in1" label="$171">
          <te-groups>
            <te-group>
              <routes>
                <route to="in0">
                  <actions>
                    <action arg="172" type="swap"/>
                  </actions>
                </route>
              </routes>
            </te-group>
          </te-groups>
        </destination>
        <destination from="in1" label="$175">
          <te-groups>
            <te-group>
              <routes>
                <route to="in1">
                  <actions>
                    <action arg="176" type="swap"/>
                  </actions>
                </route>
              </routes>
            </te-group>
            <te-group>
              <routes>
                <route to="in3">
                  <actions>
                    <action arg="176" type="swap"/>
                    <action arg="2779" type="push"/>
                  </actions>
                </route>
              </routes>
            </te-group>
            <te-group>
              <routes>
                <route to="in1">
                  <actions>
                    <action arg="176" type="swap"/>
                    <action arg="2779" type="push"/>
                    <action arg="2786" type="push"/>
                  </actions>
                </route>
              </routes>
            </te-group>
          </te-groups>
        </destination>
        <destination from="in1" label="$230">
          <te-groups>
            <te-group>
              <routes>
                <route to="in1">
                  <actions>
                    <action arg="231" type="swap"/>
                  </actions>
                </route>
              </routes>
            </te-group>
            <te-group>
              <routes>
                <route to="in3">
                  <actions>
                    <action arg="231" type="swap"/>
                    <action arg="2779" type="push"/>
                  </actions>
                </route>
              </routes>
            </te-group>
            <te-group>
              <routes>
                <route to="in1">
                  <actions>
                    <action arg="231" type="swap"/>
                    <action arg="2779" type="push"/>
                    <action arg="2786" type="push"/>
                  </actions>
                </route>
              </routes>
            </te-group>
          </te-groups>
        </destination>
        <destination from="in1" label="$236">
          <te-groups>
            <te-group>
              <routes>
                <route to="in1">
                  <actions>
                    <action arg="237" type="swap"/>
                  </actions>
                </route>
              </routes>
            </te-group>
            <te-group>
              <routes>
                <route to="in3">
                  <actions>
                    <action arg="237" type="swap"/>
                    <action arg="2779" type="push"/>
                  </actions>
                </route>
              </routes>
            </te-group>
            <te-group>
              <routes>
                <route to="in1">
                  <actions>
                    <action arg="237" type="swap"/>
                    <action arg="2779" type="push"/>
                    <action arg="2786" type="push"/>
                  </actions>
                </route>
              </routes>
            </te-group>
          </te-groups>
        </destination>
        <destination from="in1" label="$278">
          <te-groups>
            <te-group>
              <routes>
                <route to="in1">
                  <actions>
                    <action arg="279" type="swap"/>
                  </actions>
                </route>
              </routes>
            </te-group>
            <te-group>
              <routes>
                <route to="in3">
                  <actions>
                    <action arg="279" type="swap"/>
                    <action arg="2779" type="push"/>
                  </actions>
                </route>
              </routes>
            </te-group>
            <te-group>
              <routes>
                <route to="in1">
                  <actions>
                    <action arg="279" type="swap"/>
                    <action arg="2779" type="push"/>
                    <action arg="2786" type="push"/>
                  </actions>
                </route>
              </routes>
            </te-group>
          </te-groups>
        </destination>
        <destination from="in1" label="$283">
          <te-groups>
            <te-group>
              <routes>
                <route to="in1">
                  <actions>
                    <action arg="284" type="swap"/>
                  </actions>
                </route>
              </routes>
            </te-group>
            <te-group>
              <routes>
                <route to="in3">
                  <actions>
                    <action arg="284" type="swap"/>
                    <action arg="2779" type="push"/>
                  </actions>
                </route>
              </routes>
            </te-group>
            <te-group>
              <routes>
                <route to="in1">
                  <actions>
                    <action arg="284" type="swap"/>
                    <action arg="2779" type="push"/>
                    <action arg="2786" type="push"/>
                  </actions>
                </route>
              </routes>
            </te-group>
          </te-groups>
        </destination>
        <destination from="in1" label="$288">
          <te-groups>
            <te-group>
              <routes>
                <route to="in0">
                  <actions>
                    <action arg="289" type="swap"/>
                  </actions>
                </route>
              </routes>
            </te-group>
          </te-groups>
        </destination>
        <destination from="in1" label="$291">
          <te-groups>
            <te-group>
              <routes>
                <route to="in2">
                  <actions>
                    <action arg="292" type="swap"/>
                  </actions>
                </route>
              </routes>
            </te-group>
            <te-group>
              <routes>
                <route to="in3">
                  <actions>
                    <action arg="292" type="swap"/>
                    <action arg="2784" type="push"/>
                  </actions>
                </route>
              </routes>
            </te-group>
            <te-group>
              <routes>
                <route to="in1">
                  <actions>
                    <action arg="292" type="swap"/>
                    <action arg="2784" type="push"/>
                    <action arg="2786" type="push"/>
                  </actions>
                </route>
              </routes>
            </te-group>
          </te-groups>
        </destination>
        <destination from="in1" label="$297">
          <te-groups>
            <te-group>
              <routes>
                <route to="in2">
                  <actions>
                    <action arg="298" type="swap"/>
                  </actions>
                </route>
              </routes>
            </te-group>
            <te-group>
              <routes>
                <route to="in3">
                  <actions>
                    <action arg="298" type="swap"/>
                    <action arg="2784" type="push"/>
                  </actions>
                </route>
              </routes>
            </te-group>
            <te-group>
              <routes>
                <route to="in1">
                  <actions>
                    <action arg="298" type="swap"/>
                    <action arg="2784" type="push"/>
                    <action arg="2786" type="push"/>
                  </actions>
                </route>
              </routes>
            </te-group>
          </te-groups>
        </destination>
        <destination from="in1" label="$301">
          <te-groups>
            <te-group>
              <routes>
                <route to="in2">
                  <actions>
                    <action arg="302" type="swap"/>
                  </actions>
                </route>
              </routes>
            </te-group>
            <te-group>
              <routes>
                <route to="in3">
                  <actions>
                    <action arg="302" type="swap"/>
                    <action arg="2784" type="push"/>
                  </actions>
                </route>
              </routes>
            </te-group>
            <te-group>
              <routes>
                <route to="in1">
                  <actions>
                    <action arg="302" type="swap"/>
                    <action arg="2784" type="push"/>
                    <action arg="2786" type="push"/>
                  </actions>
                </route>
              </routes>
            </te-group>
          </te-groups>
        </destination>
        <destination from="in1" label="$305">
          <te-groups>
            <te-group>
              <routes>
                <route to="in2">
                  <actions>
                    <action arg="306" type="swap"/>
                  </actions>
                </route>
              </routes>
            </te-group>
            <te-group>
              <routes>
                <route to="in3">
                  <actions>
                    <action arg="306" type="swap"/>
                    <action arg="2784" type="push"/>
                  </actions>
                </route>
              </routes>
            </te-group>
            <te-group>
              <routes>
                <route to="in1">
                  <actions>
                    <action arg="306" type="swap"/>
                    <action arg="2784" type="push"/>
                    <action arg="2786" type="push"/>
                  </actions>
                </route>
              </routes>
            </te-group>
          </te-groups>
        </destination>
        <destination from="in1" label="$308">
          <te-groups>
            <te-group>
              <routes>
                <route to="in2">
                  <actions>
                    <action arg="309" type="swap"/>
                  </actions>
                </route>
              </routes>
            </te-group>
            <te-group>
              <routes>
                <route to="in3">
                  <actions>
                    <action arg="309" type="swap"/>
                    <action arg="2784" type="push"/>
                  </actions>
                </route>
              </routes>
            </te-group>
            <te-group>
              <routes>
                <route to="in1">
                  <actions>
                    <action arg="309" type="swap"/>
                    <action arg="2784" type="push"/>
                    <action arg="2786" type="push"/>
                  </actions>
                </route>
              </routes>
            </te-group>
          </te-groups>
        </destination>
        <destination from="in1" label="$312">
          <te-groups>
            <te-group>
              <routes>
                <route to="in2">
                  <actions>
                    <action arg="313" type="swap"/>
                  </actions>
                </route>
              </routes>
            </te-group>
            <te-group>
              <routes>
                <route to="in3">
                  <actions>
                    <action arg="313" type="swap"/>
                    <action arg="2784" type="push"/>
                  </actions>
                </route>
              </routes>
            </te-group>
            <te-group>
              <routes>
                <route to="in1">
                  <actions>
                    <action arg="313" type="swap"/>
                    <action arg="2784" type="push"/>
                    <action arg="2786" type="push"/>
                  </actions>
                </route>
              </routes>
            </te-group>
          </te-groups>
        </destination>
        <destination from="in1" label="$318">
          <te-groups>
            <te-group>
              <routes>
                <route to="in2">
                  <actions>
                    <action arg="319" type="swap"/>
                  </actions>
                </route>
              </routes>
            </te-group>
            <te-group>
              <routes>
                <route to="in3">
                  <actions>
                    <action arg="319" type="swap"/>
                    <action arg="2784" type="push"/>
                  </actions>
                </route>
              </routes>
            </te-group>
            <te-group>
              <routes>
                <route to="in1">
                  <actions>
                    <action arg="319" type="swap"/>
                    <action arg="2784" type="push"/>
                    <action arg="2786" type="push"/>
                  </actions>
                </route>
              </routes>
            </te-group>
          </te-groups>
        </destination>
        <destination from="in1" label="$323">
          <te-groups>
            <te-group>
              <routes>
                <route to="in2">
                  <actions>
                    <action arg="324" type="swap"/>
                  </actions>
                </route>
              </routes>
            </te-group>
            <te-group>
              <routes>
                <route to="in3">
                  <actions>
                    <action arg="324" type="swap"/>
                    <action arg="2784" type="push"/>
                  </actions>
                </route>
              </routes>
            </te-group>
            <te-group>
              <routes>
                <route to="in1">
                  <actions>
                    <action arg="324" type="swap"/>
                    <action arg="2784" type="push"/>
                    <action arg="2786" type="push"/>
                  </actions>
                </route>
              </routes>
            </te-group>
          </te-groups>
        </destination>
        <destination from="in1" label="$329">
          <te-groups>
            <te-group>
              <routes>
                <route to="in2">
                  <actions>
                    <action arg="330" type="swap"/>
                  </actions>
                </route>
              </routes>
            </te-group>
            <te-group>
              <routes>
                <route to="in3">
                  <actions>
                    <action arg="330" type="swap"/>
                    <action arg="2784" type="push"/>
                  </actions>
                </route>
              </routes>
            </te-group>
            <te-group>
              <routes>
                <route to="in1">
                  <actions>
                    <action arg="330" type="swap"/>
                    <action arg="2784" type="push"/>
                    <action arg="2786" type="push"/>
                  </actions>
                </route>
              </routes>
            </te-group>
          </te-groups>
        </destination>
        <destination from="in1" label="$336">
          <te-groups>
            <te-group>
              <routes>
                <route to="in2">
                  <actions>
                    <action arg="337" type="swap"/>
                  </actions>
                </route>
              </routes>
            </te-group>
            <te-group>
              <routes>
                <route to="in3">
                  <actions>
                    <action arg="337" type="swap"/>
                    <action arg="2784" type="push"/>
                  </actions>
                </route>
              </routes>
            </te-group>
            <te-group>
              <routes>
                <route to="in1">
                  <actions>
                    <action arg="337" type="swap"/>
                    <action arg="2784" type="push"/>
                    <action arg="2786" type="push"/>
                  </actions>
                </route>
              </routes>
            </te-group>
          </te-groups>
        </destination>
        <destination from="in1" label="$342">
          <te-groups>
            <te-group>
              <routes>
                <route to="in2">
                  <actions>
                    <action arg="343" type="swap"/>
                  </actions>
                </route>
              </routes>
            </te-group>
            <te-group>
              <routes>
                <route to="in3">
                  <actions>
                    <action arg="343" type="swap"/>
                    <action arg="2784" type="push"/>
                  </actions>
                </route>
              </routes>
            </te-group>
            <te-group>
              <routes>
                <route to="in1">
                  <actions>
                    <action arg="343" type="swap"/>
                    <action arg="2784" type="push"/>
                    <action arg="2786" type="push"/>
                  </actions>
                </route>
              </routes>
            </te-group>
          </te-groups>
        </destination>
        <destination from="in1" label="$349">
          <te-groups>
            <te-group>
              <routes>
                <route to="in2">
                  <actions>
                    <action arg="350" type="swap"/>
                  </actions>
                </route>
              </routes>
            </te-group>
            <te-group>
              <routes>
                <route to="in3">
                  <actions>
                    <action arg="350" type="swap"/>
                    <action arg="2784" type="push"/>
                  </actions>
                </route>
              </routes>
            </te-group>
            <te-group>
              <routes>
                <route to="in1">
                  <actions>
                    <action arg="350" type="swap"/>
                    <action arg="2784" type="push"/>
                    <action arg="2786" type="push"/>
                  </actions>
                </route>
              </routes>
            </te-group>
          </te-groups>
        </destination>
        <destination from="in1" label="$363">
          <te-groups>
            <te-group>
              <routes>
                <route to="in2">
                  <actions>
                    <action arg="364" type="swap"/>
                  </actions>
                </route>
              </routes>
            </te-group>
            <te-group>
              <routes>
                <route to="in3">
                  <actions>
                    <action arg="364" type="swap"/>
                    <action arg="2784" type="push"/>
                  </actions>
                </route>
              </routes>
            </te-group>
            <te-group>
              <routes>
                <route to="in1">
                  <actions>
                    <action arg="364" type="swap"/>
                    <action arg="2784" type="push"/>
                    <action arg="2786" type="push"/>
                  </actions>
                </route>
              </routes>
            </te-group>
          </te-groups>
        </destination>
        <destination from="in1" label="$371">
          <te-groups>
            <te-group>
              <routes>
                <route to="in2">
                  <actions>
                    <action arg="372" type="swap"/>
                  </actions>
                </route>
              </routes>
            </te-group>
            <te-group>
              <routes>
                <route to="in3">
                  <actions>
                    <action arg="372" type="swap"/>
                    <action arg="2784" type="push"/>
                  </actions>
                </route>
              </routes>
            </te-group>
            <te-group>
              <routes>
                <route to="in1">
                  <actions>
                    <action arg="372" type="swap"/>
                    <action arg="2784" type="push"/>
                    <action arg="2786" type="push"/>
                  </actions>
                </route>
              </routes>
            </te-group>
          </te-groups>
        </destination>
        <destination from="in1" label="$380">
          <te-groups>
            <te-group>
              <routes>
                <route to="in2">
                  <actions>
                    <action arg="381" type="swap"/>
                  </actions>
                </route>
              </routes>
            </te-group>
            <te-group>
              <routes>
                <route to="in3">
                  <actions>
                    <action arg="381" type="swap"/>
                    <action arg="2784" type="push"/>
                  </actions>
                </route>
              </routes>
            </te-group>
            <te-group>
              <routes>
                <route to="in1">
                  <actions>
                    <action arg="381" type="swap"/>
                    <action arg="2784" type="push"/>
                    <action arg="2786" type="push"/>
                  </actions>
                </route>
              </routes>
            </te-group>
          </te-groups>
        </destination>
        <destination from="in1" label="$385">
          <te-groups>
            <te-group>
              <routes>
                <route to="in2">
                  <actions>
                    <action arg="386" type="swap"/>
                  </actions>
                </route>
              </routes>
            </te-group>
            <te-group>
              <routes>
                <route to="in3">
                  <actions>
                    <action arg="386" type="swap"/>
                    <action arg="2784" type="push"/>
                  </actions>
                </route>
              </routes>
            </te-group>
            <te-group>
              <routes>
                <route to="in1">
                  <actions>
                    <action arg="386" type="swap"/>
                    <action arg="2784" type="push"/>
                    <action arg="2786" type="push"/>
                  </actions>
                </route>
              </routes>
            </te-group>
          </te-groups>
        </destination>
        <destination from="in1" label="$391">
          <te-groups>
            <te-group>
              <routes>
                <route to="in2">
                  <actions>
                    <action arg="392" type="swap"/>
                  </actions>
                </route>
              </routes>
            </te-group>
            <te-group>
              <routes>
                <route to="in3">
                  <actions>
                    <action arg="392" type="swap"/>
                    <action arg="2784" type="push"/>
                  </actions>
                </route>
              </routes>
            </te-group>
            <te-group>
              <routes>
                <route to="in1">
                  <actions>
                    <action arg="392" type="swap"/>
                    <action arg="2784" type="push"/>
                    <action arg="2786" type="push"/>
                  </actions>
                </route>
              </routes>
            </te-group>
          </te-groups>
        </destination>
        <destination from="in1" label="$506">
          <te-groups>
            <te-group>
              <routes>
                <route to="in0">
                  <actions>
                    <action arg="507" type="swap"/>
                  </actions>
                </route>
              </routes>
            </te-group>
          </te-groups>
        </destination>
        <destination from="in1" label="$513">
          <te-groups>
            <te-group>
              <routes>
                <route to="in1">
                  <actions>
                    <action arg="514" type="swap"/>
                  </actions>
                </route>
              </routes>
            </te-group>
            <te-group>
              <routes>
                <route to="in3">
                  <actions>
                    <action arg="514" type="swap"/>
                    <action arg="2779" type="push"/>
                  </actions>
                </route>
              </routes>
            </te-group>
            <te-group>
              <routes>
                <route to="in1">
                  <actions>
                    <action arg="514" type="swap"/>
                    <action arg="2779" type="push"/>
                    <action arg="2786" type="push"/>
                  </actions>
                </route>
              </routes>
            </te-group>
          </te-groups>
        </destination>
        <destination from="in1" label="$565">
          <te-groups>
            <te-group>
              <routes>
                <route to="in1">
                  <actions>
                    <action arg="566" type="swap"/>
                  </actions>
                </route>
              </routes>
            </te-group>
            <te-group>
              <routes>
                <route to="in3">
                  <actions>
                    <action arg="566" type="swap"/>
                    <action arg="2779" type="push"/>
                  </actions>
                </route>
              </routes>
            </te-group>
            <te-group>
              <routes>
                <route to="in1">
                  <actions>
                    <action arg="566" type="swap"/>
                    <action arg="2779" type="push"/>
                    <action arg="2786" type="push"/>
                  </actions>
                </route>
              </routes>
            </te-group>
          </te-groups>
        </destination>
        <destination from="in1" label="$571">
          <te-groups>
            <te-group>
              <routes>
                <route to="in1">
                  <actions>
                    <action arg="572" type="swap"/>
                  </actions>
                </route>
              </routes>
            </te-group>
            <te-group>
              <routes>
                <route to="in3">
                  <actions>
                    <action arg="572" type="swap"/>
                    <action arg="2779" type="push"/>
                  </actions>
                </route>
              </routes>
            </te-group>
            <te-group>
              <routes>
                <route to="in1">
                  <actions>
                    <action arg="572" type="swap"/>
                    <action arg="2779" type="push"/>
                    <action arg="2786" type="push"/>
                  </actions>
                </route>
              </routes>
            </te-group>
          </te-groups>
        </destination>
        <destination from="in1" label="$613">
          <te-groups>
            <te-group>
              <routes>
                <route to="in1">
                  <actions>
                    <action arg="614" type="swap"/>
                  </actions>
                </route>
              </routes>
            </te-group>
            <te-group>
              <routes>
                <route to="in3">
                  <actions>
                    <action arg="614" type="swap"/>
                    <action arg="2779" type="push"/>
                  </actions>
                </route>
              </routes>
            </te-group>
            <te-group>
              <routes>
                <route to="in1">
                  <actions>
                    <action arg="614" type="swap"/>
                    <action arg="2779" type="push"/>
                    <action arg="2786" type="push"/>
                  </actions>
                </route>
              </routes>
            </te-group>
          </te-groups>
        </destination>
        <destination from="in1" label="$618">
          <te-groups>
            <te-group>
              <routes>
                <route to="in1">
                  <actions>
                    <action arg="619" type="swap"/>
                  </actions>
                </route>
              </routes>
            </te-group>
            <te-group>
              <routes>
                <route to="in3">
                  <actions>
                    <action arg="619" type="swap"/>
                    <action arg="2779" type="push"/>
                  </actions>
                </route>
              </routes>
            </te-group>
            <te-group>
              <routes>
                <route to="in1">
                  <actions>
                    <action arg="619" type="swap"/>
                    <action arg="2779" type="push"/>
                    <action arg="2786" type="push"/>
                  </actions>
                </route>
              </routes>
            </te-group>
          </te-groups>
        </destination>
        <destination from="in1" label="$624">
          <te-groups>
            <te-group>
              <routes>
                <route to="in0">
                  <actions>
                    <action arg="625" type="swap"/>
                  </actions>
                </route>
              </routes>
            </te-group>
          </te-groups>
        </destination>
        <destination from="in1" label="$631">
          <te-groups>
            <te-group>
              <routes>
                <route to="in1">
                  <actions>
                    <action arg="632" type="swap"/>
                  </actions>
                </route>
              </routes>
            </te-group>
            <te-group>
              <routes>
                <route to="in3">
                  <actions>
                    <action arg="632" type="swap"/>
                    <action arg="2779" type="push"/>
                  </actions>
                </route>
              </routes>
            </te-group>
            <te-group>
              <routes>
                <route to="in1">
                  <actions>
                    <action arg="632" type="swap"/>
                    <action arg="2779" type="push"/>
                    <action arg="2786" type="push"/>
                  </actions>
                </route>
              </routes>
            </te-group>
          </te-groups>
        </destination>
        <destination from="in1" label="$669">
          <te-groups>
            <te-group>
              <routes>
                <route to="in1">
                  <actions>
                    <action arg="670" type="swap"/>
                  </actions>
                </route>
              </routes>
            </te-group>
            <te-group>
              <routes>
                <route to="in3">
                  <actions>
                    <action arg="670" type="swap"/>
                    <action arg="2779" type="push"/>
                  </actions>
                </route>
              </routes>
            </te-group>
            <te-group>
              <routes>
                <route to="in1">
                  <actions>
                    <action arg="670" type="swap"/>
                    <action arg="2779" type="push"/>
                    <action arg="2786" type="push"/>
                  </actions>
                </route>
              </routes>
            </te-group>
          </te-groups>
        </destination>
        <destination from="in1" label="$675">
          <te-groups>
            <te-group>
              <routes>
                <route to="in1">
                  <actions>
                    <action arg="676" type="swap"/>
                  </actions>
                </route>
              </routes>
            </te-group>
            <te-group>
              <routes>
                <route to="in3">
                  <actions>
                    <action arg="676" type="swap"/>
                    <action arg="2779" type="push"/>
                  </actions>
                </route>
              </routes>
            </te-group>
            <te-group>
              <routes>
                <route to="in1">
                  <actions>
                    <action arg="676" type="swap"/>
                    <action arg="2779" type="push"/>
                    <action arg="2786" type="push"/>
                  </actions>
                </route>
              </routes>
            </te-group>
          </te-groups>
        </destination>
        <destination from="in1" label="$713">
          <te-groups>
            <te-group>
              <routes>
                <route to="in1">
                  <actions>
                    <action arg="714" type="swap"/>
                  </actions>
                </route>
              </routes>
            </te-group>
            <te-group>
              <routes>
                <route to="in3">
                  <actions>
                    <action arg="714" type="swap"/>
                    <action arg="2779" type="push"/>
                  </actions>
                </route>
              </routes>
            </te-group>
            <te-group>
              <routes>
                <route to="in1">
                  <actions>
                    <action arg="714" type="swap"/>
                    <action arg="2779" type="push"/>
                    <action arg="2786" type="push"/>
                  </actions>
                </route>
              </routes>
            </te-group>
          </te-groups>
        </destination>
        <destination from="in1" label="$718">
          <te-groups>
            <te-group>
              <routes>
                <route to="in1">
                  <actions>
                    <action arg="719" type="swap"/>
                  </actions>
                </route>
              </routes>
            </te-group>
            <te-group>
              <routes>
                <route to="in3">
                  <actions>
                    <action arg="719" type="swap"/>
                    <action arg="2779" type="push"/>
                  </actions>
                </route>
              </routes>
            </te-group>
            <te-group>
              <routes>
                <route to="in1">
                  <actions>
                    <action arg="719" type="swap"/>
                    <action arg="2779" type="push"/>
                    <action arg="2786" type="push"/>
                  </actions>
                </route>
              </routes>
            </te-group>
          </te-groups>
        </destination>
        <destination from="in1" label="$723">
          <te-groups>
            <te-group>
              <routes>
                <route to="in0">
                  <actions>
                    <action arg="724" type="swap"/>
                  </actions>
                </route>
              </routes>
            </te-group>
          </te-groups>
        </destination>
        <destination from="in1" label="$728">
          <te-groups>
            <te-group>
              <routes>
                <route to="in1">
                  <actions>
                    <action arg="729" type="swap"/>
                  </actions>
                </route>
              </routes>
            </te-group>
            <te-group>
              <routes>
                <route to="in3">
                  <actions>
                    <action arg="729" type="swap"/>
                    <action arg="2779" type="push"/>
                  </actions>
                </route>
              </routes>
            </te-group>
            <te-group>
              <routes>
                <route to="in1">
                  <actions>
                    <action arg="729" type="swap"/>
                    <action arg="2779" type="push"/>
                    <action arg="2786" type="push"/>
                  </actions>
                </route>
              </routes>
            </te-group>
          </te-groups>
        </destination>
        <destination from="in1" label="$769">
          <te-groups>
            <te-group>
              <routes>
                <route to="in1">
                  <actions>
                    <action arg="770" type="swap"/>
                  </actions>
                </route>
              </routes>
            </te-group>
            <te-group>
              <routes>
                <route to="in3">
                  <actions>
                    <action arg="770" type="swap"/>
                    <action arg="2779" type="push"/>
                  </actions>
                </route>
              </routes>
            </te-group>
            <te-group>
              <routes>
                <route to="in1">
                  <actions>
                    <action arg="770" type="swap"/>
                    <action arg="2779" type="push"/>
                    <action arg="2786" type="push"/>
                  </actions>
                </route>
              </routes>
            </te-group>
          </te-groups>
        </destination>
        <destination from="in1" label="$774">
          <te-groups>
            <te-group>
              <routes>
                <route to="in1">
                  <actions>
                    <action arg="775" type="swap"/>
                  </actions>
                </route>
              </routes>
            </te-group>
            <te-group>
              <routes>
                <route to="in3">
                  <actions>
                    <action arg="775" type="swap"/>
                    <action arg="2779" type="push"/>
                  </actions>
                </route>
              </routes>
            </te-group>
            <te-group>
              <routes>
                <route to="in1">
                  <actions>
                    <action arg="775" type="swap"/>
                    <action arg="2779" type="push"/>
                    <action arg="2786" type="push"/>
                  </actions>
                </route>
              </routes>
            </te-group>
          </te-groups>
        </destination>
        <destination from="in1" label="$809">
          <te-groups>
            <te-group>
              <routes>
                <route to="in1">
                  <actions>
                    <action arg="810" type="swap"/>
                  </actions>
                </route>
              </routes>
            </te-group>
            <te-group>
              <routes>
                <route to="in3">
                  <actions>
                    <action arg="810" type="swap"/>
                    <action arg="2779" type="push"/>
                  </actions>
                </route>
              </routes>
            </te-group>
            <te-group>
              <routes>
                <route to="in1">
                  <actions>
                    <action arg="810" type="swap"/>
                    <action arg="2779" type="push"/>
                    <action arg="2786" type="push"/>
                  </actions>
                </route>
              </routes>
            </te-group>
          </te-groups>
        </destination>
        <destination from="in1" label="$813">
          <te-groups>
            <te-group>
              <routes>
                <route to="in1">
                  <actions>
                    <action arg="814" type="swap"/>
                  </actions>
                </route>
              </routes>
            </te-group>
            <te-group>
              <routes>
                <route to="in3">
                  <actions>
                    <action arg="814" type="swap"/>
                    <action arg="2779" type="push"/>
                  </actions>
                </route>
              </routes>
            </te-group>
            <te-group>
              <routes>
                <route to="in1">
                  <actions>
                    <action arg="814" type="swap"/>
                    <action arg="2779" type="push"/>
                    <action arg="2786" type="push"/>
                  </actions>
                </route>
              </routes>
            </te-group>
          </te-groups>
        </destination>
        <destination from="in1" label="$819">
          <te-groups>
            <te-group>
              <routes>
                <route to="in0">
                  <actions>
                    <action arg="820" type="swap"/>
                  </actions>
                </route>
              </routes>
            </te-group>
          </te-groups>
        </destination>
        <destination from="in1" label="$826">
          <te-groups>
            <te-group>
              <routes>
                <route to="in1">
                  <actions>
                    <action arg="827" type="swap"/>
                  </actions>
                </route>
              </routes>
            </te-group>
            <te-group>
              <routes>
                <route to="in3">
                  <actions>
                    <action arg="827" type="swap"/>
                    <action arg="2779" type="push"/>
                  </actions>
                </route>
              </routes>
            </te-group>
            <te-group>
              <routes>
                <route to="in1">
                  <actions>
                    <action arg="827" type="swap"/>
                    <action arg="2779" type="push"/>
                    <action arg="2786" type="push"/>
                  </actions>
                </route>
              </routes>
            </te-group>
          </te-groups>
        </destination>
        <destination from="in1" label="$878">
          <te-groups>
            <te-group>
              <routes>
                <route to="in1">
                  <actions>
                    <action arg="879" type="swap"/>
                  </actions>
                </route>
              </routes>
            </te-group>
            <te-group>
              <routes>
                <route to="in3">
                  <actions>
                    <action arg="879" type="swap"/>
                    <action arg="2779" type="push"/>
                  </actions>
                </route>
              </routes>
            </te-group>
            <te-group>
              <routes>
                <route to="in1">
                  <actions>
                    <action arg="879" type="swap"/>
                    <action arg="2779" type="push"/>
                    <action arg="2786" type="push"/>
                  </actions>
                </route>
              </routes>
            </te-group>
          </te-groups>
        </destination>
        <destination from="in1" label="$884">
          <te-groups>
            <te-group>
              <routes>
                <route to="in1">
                  <actions>
                    <action arg="885" type="swap"/>
                  </actions>
                </route>
              </routes>
            </te-group>
            <te-group>
              <routes>
                <route to="in3">
                  <actions>
                    <action arg="885" type="swap"/>
                    <action arg="2779" type="push"/>
                  </actions>
                </route>
              </routes>
            </te-group>
            <te-group>
              <routes>
                <route to="in1">
                  <actions>
                    <action arg="885" type="swap"/>
                    <action arg="2779" type="push"/>
                    <action arg="2786" type="push"/>
                  </actions>
                </route>
              </routes>
            </te-group>
          </te-groups>
        </destination>
        <destination from="in1" label="$910">
          <te-groups>
            <te-group>
              <routes>
                <route to="in1">
                  <actions>
                    <action arg="911" type="swap"/>
                  </actions>
                </route>
              </routes>
            </te-group>
            <te-group>
              <routes>
                <route to="in3">
                  <actions>
                    <action arg="911" type="swap"/>
                    <action arg="2779" type="push"/>
                  </actions>
                </route>
              </routes>
            </te-group>
            <te-group>
              <routes>
                <route to="in1">
                  <actions>
                    <action arg="911" type="swap"/>
                    <action arg="2779" type="push"/>
                    <action arg="2786" type="push"/>
                  </actions>
                </route>
              </routes>
            </te-group>
          </te-groups>
        </destination>
        <destination from="in1" label="$915">
          <te-groups>
            <te-group>
              <routes>
                <route to="in1">
                  <actions>
                    <action arg="916" type="swap"/>
                  </actions>
                </route>
              </routes>
            </te-group>
            <te-group>
              <routes>
                <route to="in3">
                  <actions>
                    <action arg="916" type="swap"/>
                    <action arg="2779" type="push"/>
                  </actions>
                </route>
              </routes>
            </te-group>
            <te-group>
              <routes>
                <route to="in1">
                  <actions>
                    <action arg="916" type="swap"/>
                    <action arg="2779" type="push"/>
                    <action arg="2786" type="push"/>
                  </actions>
                </route>
              </routes>
            </te-group>
          </te-groups>
        </destination>
        <destination from="in1" label="$923">
          <te-groups>
            <te-group>
              <routes>
                <route to="in0">
                  <actions>
                    <action arg="924" type="swap"/>
                  </actions>
                </route>
              </routes>
            </te-group>
          </te-groups>
        </destination>
        <destination from="in1" label="$934">
          <te-groups>
            <te-group>
              <routes>
                <route to="in1">
                  <actions>
                    <action arg="935" type="swap"/>
                  </actions>
                </route>
              </routes>
            </te-group>
            <te-group>
              <routes>
                <route to="in3">
                  <actions>
                    <action arg="935" type="swap"/>
                    <action arg="2779" type="push"/>
                  </actions>
                </route>
              </routes>
            </te-group>
            <te-group>
              <routes>
                <route to="in1">
                  <actions>
                    <action arg="935" type="swap"/>
                    <action arg="2779" type="push"/>
                    <action arg="2786" type="push"/>
                  </actions>
                </route>
              </routes>
            </te-group>
          </te-groups>
        </destination>
        <destination from="in1" label="$1027">
          <te-groups>
            <te-group>
              <routes>
                <route to="in0">
                  <actions>
                    <action arg="1028" type="swap"/>
                  </actions>
                </route>
              </routes>
            </te-group>
          </te-groups>
        </destination>
        <destination from="in1" label="$1111">
          <te-groups>
            <te-group>
              <routes>
                <route to="in0">
                  <actions>
                    <action arg="1112" type="swap"/>
                  </actions>
                </route>
              </routes>
            </te-group>
          </te-groups>
        </destination>
        <destination from="in1" label="$1122">
          <te-groups>
            <te-group>
              <routes>
                <route to="in1">
                  <actions>
                    <action arg="1123" type="swap"/>
                  </actions>
                </route>
              </routes>
            </te-group>
            <te-group>
              <routes>
                <route to="in3">
                  <actions>
                    <action arg="1123" type="swap"/>
                    <action arg="2779" type="push"/>
                  </actions>
                </route>
              </routes>
            </te-group>
            <te-group>
              <routes>
                <route to="in1">
                  <actions>
                    <action arg="1123" type="swap"/>
                    <action arg="2779" type="push"/>
                    <action arg="2786" type="push"/>
                  </actions>
                </route>
              </routes>
            </te-group>
          </te-groups>
        </destination>
        <destination from="in1" label="$1205">
          <te-groups>
            <te-group>
              <routes>
                <route to="in0">
                  <actions>
                    <action arg="1206" type="swap"/>
                  </actions>
                </route>
              </routes>
            </te-group>
          </te-groups>
        </destination>
        <destination from="in1" label="$1218">
          <te-groups>
            <te-group>
              <routes>
                <route to="in1">
                  <actions>
                    <action arg="1219" type="swap"/>
                  </actions>
                </route>
              </routes>
            </te-group>
            <te-group>
              <routes>
                <route to="in3">
                  <actions>
                    <action arg="1219" type="swap"/>
                    <action arg="2779" type="push"/>
                  </actions>
                </route>
              </routes>
            </te-group>
            <te-group>
              <routes>
                <route to="in1">
                  <actions>
                    <action arg="1219" type="swap"/>
                    <action arg="2779" type="push"/>
                    <action arg="2786" type="push"/>
                  </actions>
                </route>
              </routes>
            </te-group>
          </te-groups>
        </destination>
        <destination from="in1" label="$1320">
          <te-groups>
            <te-group>
              <routes>
                <route to="in0">
                  <actions>
                    <action arg="1321" type="swap"/>
                  </actions>
                </route>
              </routes>
            </te-group>
          </te-groups>
        </destination>
        <destination from="in1" label="$1331">
          <te-groups>
            <te-group>
              <routes>
                <route to="in1">
                  <actions>
                    <action arg="1332" type="swap"/>
                  </actions>
                </route>
              </routes>
            </te-group>
            <te-group>
              <routes>
                <route to="in3">
                  <actions>
                    <action arg="1332" type="swap"/>
                    <action arg="2779" type="push"/>
                  </actions>
                </route>
              </routes>
            </te-group>
            <te-group>
              <routes>
                <route to="in1">
                  <actions>
                    <action arg="1332" type="swap"/>
                    <action arg="2779" type="push"/>
                    <action arg="2786" type="push"/>
                  </actions>
                </route>
              </routes>
            </te-group>
          </te-groups>
        </destination>
        <destination from="in1" label="$1419">
          <te-groups>
            <te-group>
              <routes>
                <route to="in0">
                  <actions>
                    <action arg="1420" type="swap"/>
                  </actions>
                </route>
              </routes>
            </te-group>
          </te-groups>
        </destination>
        <destination from="in1" label="$1432">
          <te-groups>
            <te-group>
              <routes>
                <route to="in1">
                  <actions>
                    <action arg="1433" type="swap"/>
                  </actions>
                </route>
              </routes>
            </te-group>
            <te-group>
              <routes>
                <route to="in3">
                  <actions>
                    <action arg="1433" type="swap"/>
                    <action arg="2779" type="push"/>
                  </actions>
                </route>
              </routes>
            </te-group>
            <te-group>
              <routes>
                <route to="in1">
                  <actions>
                    <action arg="1433" type="swap"/>
                    <action arg="2779" type="push"/>
                    <action arg="2786" type="push"/>
                  </actions>
                </route>
              </routes>
            </te-group>
          </te-groups>
        </destination>
        <destination from="in1" label="$1535">
          <te-groups>
            <te-group>
              <routes>
                <route to="in0">
                  <actions>
                    <action arg="1536" type="swap"/>
                  </actions>
                </route>
              </routes>
            </te-group>
          </te-groups>
        </destination>
        <destination from="in1" label="$1548">
          <te-groups>
            <te-group>
              <routes>
                <route to="in1">
                  <actions>
                    <action arg="1549" type="swap"/>
                  </actions>
                </route>
              </routes>
            </te-group>
            <te-group>
              <routes>
                <route to="in3">
                  <actions>
                    <action arg="1549" type="swap"/>
                    <action arg="2779" type="push"/>
                  </actions>
                </route>
              </routes>
            </te-group>
            <te-group>
              <routes>
                <route to="in1">
                  <actions>
                    <action arg="1549" type="swap"/>
                    <action arg="2779" type="push"/>
                    <action arg="2786" type="push"/>
                  </actions>
                </route>
              </routes>
            </te-group>
          </te-groups>
        </destination>
        <destination from="in1" label="$1637">
          <te-groups>
            <te-group>
              <routes>
                <route to="in0">
                  <actions>
                    <action arg="1638" type="swap"/>
                  </actions>
                </route>
              </routes>
            </te-group>
          </te-groups>
        </destination>
        <destination from="in1" label="$1640">
          <te-groups>
            <te-group>
              <routes>
                <route to="in2">
                  <actions>
                    <action arg="1641" type="swap"/>
                  </actions>
                </route>
              </routes>
            </te-group>
            <te-group>
              <routes>
                <route to="in3">
                  <actions>
                    <action arg="1641" type="swap"/>
                    <action arg="2784" type="push"/>
                  </actions>
                </route>
              </routes>
            </te-group>
          </te-groups>
        </destination>
        <destination from="in1" label="$1649">
          <te-groups>
            <te-group>
              <routes>
                <route to="in2">
                  <actions>
                    <action arg="1650" type="swap"/>
                  </actions>
                </route>
              </routes>
            </te-group>
            <te-group>
              <routes>
                <route to="in3">
                  <actions>
                    <action arg="1650" type="swap"/>
                    <action arg="2784" type="push"/>
                  </actions>
                </route>
              </routes>
            </te-group>
          </te-groups>
        </destination>
        <destination from="in1" label="$1653">
          <te-groups>
            <te-group>
              <routes>
                <route to="in2">
                  <actions>
                    <action arg="1654" type="swap"/>
                  </actions>
                </route>
              </routes>
            </te-group>
            <te-group>
              <routes>
                <route to="in3">
                  <actions>
                    <action arg="1654" type="swap"/>
                    <action arg="2784" type="push"/>
                  </actions>
                </route>
              </routes>
            </te-group>
          </te-groups>
        </destination>
        <destination from="in1" label="$1657">
          <te-groups>
            <te-group>
              <routes>
                <route to="in2">
                  <actions>
                    <action arg="1658" type="swap"/>
                  </actions>
                </route>
              </routes>
            </te-group>
            <te-group>
              <routes>
                <route to="in3">
                  <actions>
                    <action arg="1658" type="swap"/>
                    <action arg="2784" type="push"/>
                  </actions>
                </route>
              </routes>
            </te-group>
          </te-groups>
        </destination>
        <destination from="in1" label="$1660">
          <te-groups>
            <te-group>
              <routes>
                <route to="in2">
                  <actions>
                    <action arg="1661" type="swap"/>
                  </actions>
                </route>
              </routes>
            </te-group>
            <te-group>
              <routes>
                <route to="in3">
                  <actions>
                    <action arg="1661" type="swap"/>
                    <action arg="2784" type="push"/>
                  </actions>
                </route>
              </routes>
            </te-group>
          </te-groups>
        </destination>
        <destination from="in1" label="$1664">
          <te-groups>
            <te-group>
              <routes>
                <route to="in2">
                  <actions>
                    <action arg="1665" type="swap"/>
                  </actions>
                </route>
              </routes>
            </te-group>
            <te-group>
              <routes>
                <route to="in3">
                  <actions>
                    <action arg="1665" type="swap"/>
                    <action arg="2784" type="push"/>
                  </actions>
                </route>
              </routes>
            </te-group>
          </te-groups>
        </destination>
        <destination from="in1" label="$1670">
          <te-groups>
            <te-group>
              <routes>
                <route to="in2">
                  <actions>
                    <action arg="1671" type="swap"/>
                  </actions>
                </route>
              </routes>
            </te-group>
            <te-group>
              <routes>
                <route to="in3">
                  <actions>
                    <action arg="1671" type="swap"/>
                    <action arg="2784" type="push"/>
                  </actions>
                </route>
              </routes>
            </te-group>
          </te-groups>
        </destination>
        <destination from="in1" label="$1675">
          <te-groups>
            <te-group>
              <routes>
                <route to="in2">
                  <actions>
                    <action arg="1676" type="swap"/>
                  </actions>
                </route>
              </routes>
            </te-group>
            <te-group>
              <routes>
                <route to="in3">
                  <actions>
                    <action arg="1676" type="swap"/>
                    <action arg="2784" type="push"/>
                  </actions>
                </route>
              </routes>
            </te-group>
          </te-groups>
        </destination>
        <destination from="in1" label="$1681">
          <te-groups>
            <te-group>
              <routes>
                <route to="in2">
                  <actions>
                    <action arg="1682" type="swap"/>
                  </actions>
                </route>
              </routes>
            </te-group>
            <te-group>
              <routes>
                <route to="in3">
                  <actions>
                    <action arg="1682" type="swap"/>
                    <action arg="2784" type="push"/>
                  </actions>
                </route>
              </routes>
            </te-group>
          </te-groups>
        </destination>
        <destination from="in1" label="$1688">
          <te-groups>
            <te-group>
              <routes>
                <route to="in2">
                  <actions>
                    <action arg="1689" type="swap"/>
                  </actions>
                </route>
              </routes>
            </te-group>
            <te-group>
              <routes>
                <route to="in3">
                  <actions>
                    <action arg="1689" type="swap"/>
                    <action arg="2784" type="push"/>
                  </actions>
                </route>
              </routes>
            </te-group>
          </te-groups>
        </destination>
        <destination from="in1" label="$1694">
          <te-groups>
            <te-group>
              <routes>
                <route to="in2">
                  <actions>
                    <action arg="1695" type="swap"/>
                  </actions>
                </route>
              </routes>
            </te-group>
            <te-group>
              <routes>
                <route to="in3">
                  <actions>
                    <action arg="1695" type="swap"/>
                    <action arg="2784" type="push"/>
                  </actions>
                </route>
              </routes>
            </te-group>
          </te-groups>
        </destination>
        <destination from="in1" label="$1701">
          <te-groups>
            <te-group>
              <routes>
                <route to="in2">
                  <actions>
                    <action arg="1702" type="swap"/>
                  </actions>
                </route>
              </routes>
            </te-group>
            <te-group>
              <routes>
                <route to="in3">
                  <actions>
                    <action arg="1702" type="swap"/>
                    <action arg="2784" type="push"/>
                  </actions>
                </route>
              </routes>
            </te-group>
          </te-groups>
        </destination>
        <destination from="in1" label="$1710">
          <te-groups>
            <te-group>
              <routes>
                <route to="in2">
                  <actions>
                    <action arg="1711" type="swap"/>
                  </actions>
                </route>
              </routes>
            </te-group>
            <te-group>
              <routes>
                <route to="in3">
                  <actions>
                    <action arg="1711" type="swap"/>
                    <action arg="2784" type="push"/>
                  </actions>
                </route>
              </routes>
            </te-group>
          </te-groups>
        </destination>
        <destination from="in1" label="$1718">
          <te-groups>
            <te-group>
              <routes>
                <route to="in2">
                  <actions>
                    <action arg="1719" type="swap"/>
                  </actions>
                </route>
              </routes>
            </te-group>
            <te-group>
              <routes>
                <route to="in3">
                  <actions>
                    <action arg="1719" type="swap"/>
                    <action arg="2784" type="push"/>
                  </actions>
                </route>
              </routes>
            </te-group>
          </te-groups>
        </destination>
        <destination from="in1" label="$1727">
          <te-groups>
            <te-group>
              <routes>
                <route to="in2">
                  <actions>
                    <action arg="1728" type="swap"/>
                  </actions>
                </route>
              </routes>
            </te-group>
            <te-group>
              <routes>
                <route to="in3">
                  <actions>
                    <action arg="1728" type="swap"/>
                    <action arg="2784" type="push"/>
                  </actions>
                </route>
              </routes>
            </te-group>
          </te-groups>
        </destination>
        <destination from="in1" label="$1732">
          <te-groups>
            <te-group>
              <routes>
                <route to="in2">
                  <actions>
                    <action arg="1733" type="swap"/>
                  </actions>
                </route>
              </routes>
            </te-group>
            <te-group>
              <routes>
                <route to="in3">
                  <actions>
                    <action arg="1733" type="swap"/>
                    <action arg="2784" type="push"/>
                  </actions>
                </route>
              </routes>
            </te-group>
          </te-groups>
        </destination>
        <destination from="in1" label="$1738">
          <te-groups>
            <te-group>
              <routes>
                <route to="in2">
                  <actions>
                    <action arg="1739" type="swap"/>
                  </actions>
                </route>
              </routes>
            </te-group>
            <te-group>
              <routes>
                <route to="in3">
                  <actions>
                    <action arg="1739" type="swap"/>
                    <action arg="2784" type="push"/>
                  </actions>
                </route>
              </routes>
            </te-group>
          </te-groups>
        </destination>
        <destination from="in1" label="$1755">
          <te-groups>
            <te-group>
              <routes>
                <route to="in0">
                  <actions>
                    <action arg="1756" type="swap"/>
                  </actions>
                </route>
              </routes>
            </te-group>
          </te-groups>
        </destination>
        <destination from="in1" label="$1761">
          <te-groups>
            <te-group>
              <routes>
                <route to="in2">
                  <actions>
                    <action arg="1762" type="swap"/>
                  </actions>
                </route>
              </routes>
            </te-group>
            <te-group>
              <routes>
                <route to="in3">
                  <actions>
                    <action arg="1762" type="swap"/>
                    <action arg="2784" type="push"/>
                  </actions>
                </route>
              </routes>
            </te-group>
            <te-group>
              <routes>
                <route to="in1">
                  <actions>
                    <action arg="1762" type="swap"/>
                    <action arg="2784" type="push"/>
                    <action arg="2786" type="push"/>
                  </actions>
                </route>
              </routes>
            </te-group>
          </te-groups>
        </destination>
        <destination from="in1" label="$1777">
          <te-groups>
            <te-group>
              <routes>
                <route to="in2">
                  <actions>
                    <action arg="1778" type="swap"/>
                  </actions>
                </route>
              </routes>
            </te-group>
            <te-group>
              <routes>
                <route to="in3">
                  <actions>
                    <action arg="1778" type="swap"/>
                    <action arg="2784" type="push"/>
                  </actions>
                </route>
              </routes>
            </te-group>
            <te-group>
              <routes>
                <route to="in1">
                  <actions>
                    <action arg="1778" type="swap"/>
                    <action arg="2784" type="push"/>
                    <action arg="2786" type="push"/>
                  </actions>
                </route>
              </routes>
            </te-group>
          </te-groups>
        </destination>
        <destination from="in1" label="$1784">
          <te-groups>
            <te-group>
              <routes>
                <route to="in2">
                  <actions>
                    <action arg="1785" type="swap"/>
                  </actions>
                </route>
              </routes>
            </te-group>
            <te-group>
              <routes>
                <route to="in3">
                  <actions>
                    <action arg="1785" type="swap"/>
                    <action arg="2784" type="push"/>
                  </actions>
                </route>
              </routes>
            </te-group>
            <te-group>
              <routes>
                <route to="in1">
                  <actions>
                    <action arg="1785" type="swap"/>
                    <action arg="2784" type="push"/>
                    <action arg="2786" type="push"/>
                  </actions>
                </route>
              </routes>
            </te-group>
          </te-groups>
        </destination>
        <destination from="in1" label="$1791">
          <te-groups>
            <te-group>
              <routes>
                <route to="in2">
                  <actions>
                    <action arg="1792" type="swap"/>
                  </actions>
                </route>
              </routes>
            </te-group>
            <te-group>
              <routes>
                <route to="in3">
                  <actions>
                    <action arg="1792" type="swap"/>
                    <action arg="2784" type="push"/>
                  </actions>
                </route>
              </routes>
            </te-group>
            <te-group>
              <routes>
                <route to="in1">
                  <actions>
                    <action arg="1792" type="swap"/>
                    <action arg="2784" type="push"/>
                    <action arg="2786" type="push"/>
                  </actions>
                </route>
              </routes>
            </te-group>
          </te-groups>
        </destination>
        <destination from="in1" label="$1797">
          <te-groups>
            <te-group>
              <routes>
                <route to="in2">
                  <actions>
                    <action arg="1798" type="swap"/>
                  </actions>
                </route>
              </routes>
            </te-group>
            <te-group>
              <routes>
                <route to="in3">
                  <actions>
                    <action arg="1798" type="swap"/>
                    <action arg="2784" type="push"/>
                  </actions>
                </route>
              </routes>
            </te-group>
            <te-group>
              <routes>
                <route to="in1">
                  <actions>
                    <action arg="1798" type="swap"/>
                    <action arg="2784" type="push"/>
                    <action arg="2786" type="push"/>
                  </actions>
                </route>
              </routes>
            </te-group>
          </te-groups>
        </destination>
        <destination from="in1" label="$1867">
          <te-groups>
            <te-group>
              <routes>
                <route to="in2">
                  <actions>
                    <action arg="1868" type="swap"/>
                  </actions>
                </route>
              </routes>
            </te-group>
            <te-group>
              <routes>
                <route to="in3">
                  <actions>
                    <action arg="1868" type="swap"/>
                    <action arg="2784" type="push"/>
                  </actions>
                </route>
              </routes>
            </te-group>
            <te-group>
              <routes>
                <route to="in1">
                  <actions>
                    <action arg="1868" type="swap"/>
                    <action arg="2784" type="push"/>
                    <action arg="2786" type="push"/>
                  </actions>
                </route>
              </routes>
            </te-group>
          </te-groups>
        </destination>
        <destination from="in1" label="$1875">
          <te-groups>
            <te-group>
              <routes>
                <route to="in2">
                  <actions>
                    <action arg="1876" type="swap"/>
                  </actions>
                </route>
              </routes>
            </te-group>
            <te-group>
              <routes>
                <route to="in3">
                  <actions>
                    <action arg="1876" type="swap"/>
                    <action arg="2784" type="push"/>
                  </actions>
                </route>
              </routes>
            </te-group>
            <te-group>
              <routes>
                <route to="in1">
                  <actions>
                    <action arg="1876" type="swap"/>
                    <action arg="2784" type="push"/>
                    <action arg="2786" type="push"/>
                  </actions>
                </route>
              </routes>
            </te-group>
          </te-groups>
        </destination>
        <destination from="in1" label="$1884">
          <te-groups>
            <te-group>
              <routes>
                <route to="in2">
                  <actions>
                    <action arg="1885" type="swap"/>
                  </actions>
                </route>
              </routes>
            </te-group>
            <te-group>
              <routes>
                <route to="in3">
                  <actions>
                    <action arg="1885" type="swap"/>
                    <action arg="2784" type="push"/>
                  </actions>
                </route>
              </routes>
            </te-group>
            <te-group>
              <routes>
                <route to="in1">
                  <actions>
                    <action arg="1885" type="swap"/>
                    <action arg="2784" type="push"/>
                    <action arg="2786" type="push"/>
                  </actions>
                </route>
              </routes>
            </te-group>
          </te-groups>
        </destination>
        <destination from="in1" label="$1904">
          <te-groups>
            <te-group>
              <routes>
                <route to="in0">
                  <actions>
                    <action arg="1905" type="swap"/>
                  </actions>
                </route>
              </routes>
            </te-group>
          </te-groups>
        </destination>
        <destination from="in1" label="$1915">
          <te-groups>
            <te-group>
              <routes>
                <route to="in1">
                  <actions>
                    <action arg="1916" type="swap"/>
                  </actions>
                </route>
              </routes>
            </te-group>
            <te-group>
              <routes>
                <route to="in3">
                  <actions>
                    <action arg="1916" type="swap"/>
                    <action arg="2779" type="push"/>
                  </actions>
                </route>
              </routes>
            </te-group>
            <te-group>
              <routes>
                <route to="in1">
                  <actions>
                    <action arg="1916" type="swap"/>
                    <action arg="2779" type="push"/>
                    <action arg="2786" type="push"/>
                  </actions>
                </route>
              </routes>
            </te-group>
          </te-groups>
        </destination>
        <destination from="in1" label="$1969">
          <te-groups>
            <te-group>
              <routes>
                <route to="in1">
                  <actions>
                    <action arg="1970" type="swap"/>
                  </actions>
                </route>
              </routes>
            </te-group>
            <te-group>
              <routes>
                <route to="in3">
                  <actions>
                    <action arg="1970" type="swap"/>
                    <action arg="2779" type="push"/>
                  </actions>
                </route>
              </routes>
            </te-group>
            <te-group>
              <routes>
                <route to="in1">
                  <actions>
                    <action arg="1970" type="swap"/>
                    <action arg="2779" type="push"/>
                    <action arg="2786" type="push"/>
                  </actions>
                </route>
              </routes>
            </te-group>
          </te-groups>
        </destination>
        <destination from="in1" label="$1977">
          <te-groups>
            <te-group>
              <routes>
                <route to="in1">
                  <actions>
                    <action arg="1978" type="swap"/>
                  </actions>
                </route>
              </routes>
            </te-group>
            <te-group>
              <routes>
                <route to="in3">
                  <actions>
                    <action arg="1978" type="swap"/>
                    <action arg="2779" type="push"/>
                  </actions>
                </route>
              </routes>
            </te-group>
            <te-group>
              <routes>
                <route to="in1">
                  <actions>
                    <action arg="1978" type="swap"/>
                    <action arg="2779" type="push"/>
                    <action arg="2786" type="push"/>
                  </actions>
                </route>
              </routes>
            </te-group>
          </te-groups>
        </destination>
        <destination from="in1" label="$2000">
          <te-groups>
            <te-group>
              <routes>
                <route to="in1">
                  <actions>
                    <action arg="2001" type="swap"/>
                  </actions>
                </route>
              </routes>
            </te-group>
            <te-group>
              <routes>
                <route to="in3">
                  <actions>
                    <action arg="2001" type="swap"/>
                    <action arg="2779" type="push"/>
                  </actions>
                </route>
              </routes>
            </te-group>
            <te-group>
              <routes>
                <route to="in1">
                  <actions>
                    <action arg="2001" type="swap"/>
                    <action arg="2779" type="push"/>
                    <action arg="2786" type="push"/>
                  </actions>
                </route>
              </routes>
            </te-group>
          </te-groups>
        </destination>
        <destination from="in1" label="$2007">
          <te-groups>
            <te-group>
              <routes>
                <route to="in1">
                  <actions>
                    <action arg="2008" type="swap"/>
                  </actions>
                </route>
              </routes>
            </te-group>
            <te-group>
              <routes>
                <route to="in3">
                  <actions>
                    <action arg="2008" type="swap"/>
                    <action arg="2779" type="push"/>
                  </actions>
                </route>
              </routes>
            </te-group>
            <te-group>
              <routes>
                <route to="in1">
                  <actions>
                    <action arg="2008" type="swap"/>
                    <action arg="2779" type="push"/>
                    <action arg="2786" type="push"/>
                  </actions>
                </route>
              </routes>
            </te-group>
          </te-groups>
        </destination>
        <destination from="in1" label="$2018">
          <te-groups>
            <te-group>
              <routes>
                <route to="in0">
                  <actions>
                    <action arg="2019" type="swap"/>
                  </actions>
                </route>
              </routes>
            </te-group>
          </te-groups>
        </destination>
        <destination from="in1" label="$2035">
          <te-groups>
            <te-group>
              <routes>
                <route to="in1">
                  <actions>
                    <action arg="2036" type="swap"/>
                  </actions>
                </route>
              </routes>
            </te-group>
            <te-group>
              <routes>
                <route to="in3">
                  <actions>
                    <action arg="2036" type="swap"/>
                    <action arg="2779" type="push"/>
                  </actions>
                </route>
              </routes>
            </te-group>
            <te-group>
              <routes>
                <route to="in1">
                  <actions>
                    <action arg="2036" type="swap"/>
                    <action arg="2779" type="push"/>
                    <action arg="2786" type="push"/>
                  </actions>
                </route>
              </routes>
            </te-group>
          </te-groups>
        </destination>
        <destination from="in1" label="$2154">
          <te-groups>
            <te-group>
              <routes>
                <route to="in0">
                  <actions>
                    <action arg="2155" type="swap"/>
                  </actions>
                </route>
              </routes>
            </te-group>
          </te-groups>
        </destination>
        <destination from="in1" label="$2163">
          <te-groups>
            <te-group>
              <routes>
                <route to="in1">
                  <actions>
                    <action arg="2164" type="swap"/>
                  </actions>
                </route>
              </routes>
            </te-group>
            <te-group>
              <routes>
                <route to="in3">
                  <actions>
                    <action arg="2164" type="swap"/>
                    <action arg="2779" type="push"/>
                  </actions>
                </route>
              </routes>
            </te-group>
            <te-group>
              <routes>
                <route to="in1">
                  <actions>
                    <action arg="2164" type="swap"/>
                    <action arg="2779" type="push"/>
                    <action arg="2786" type="push"/>
                  </actions>
                </route>
              </routes>
            </te-group>
          </te-groups>
        </destination>
        <destination from="in1" label="$2207">
          <te-groups>
            <te-group>
              <routes>
                <route to="in1">
                  <actions>
                    <action arg="2208" type="swap"/>
                  </actions>
                </route>
              </routes>
            </te-group>
            <te-group>
              <routes>
                <route to="in3">
                  <actions>
                    <action arg="2208" type="swap"/>
                    <action arg="2779" type="push"/>
                  </actions>
                </route>
              </routes>
            </te-group>
            <te-group>
              <routes>
                <route to="in1">
                  <actions>
                    <action arg="2208" type="swap"/>
                    <action arg="2779" type="push"/>
                    <action arg="2786" type="push"/>
                  </actions>
                </route>
              </routes>
            </te-group>
          </te-groups>
        </destination>
        <destination from="in1" label="$2214">
          <te-groups>
            <te-group>
              <routes>
                <route to="in1">
                  <actions>
                    <action arg="2215" type="swap"/>
                  </actions>
                </route>
              </routes>
            </te-group>
            <te-group>
              <routes>
                <route to="in3">
                  <actions>
                    <action arg="2215" type="swap"/>
                    <action arg="2779" type="push"/>
                  </actions>
                </route>
              </routes>
            </te-group>
            <te-group>
              <routes>
                <route to="in1">
                  <actions>
                    <action arg="2215" type="swap"/>
                    <action arg="2779" type="push"/>
                    <action arg="2786" type="push"/>
                  </actions>
                </route>
              </routes>
            </te-group>
          </te-groups>
        </destination>
        <destination from="in1" label="$2234">
          <te-groups>
            <te-group>
              <routes>
                <route to="in1">
                  <actions>
                    <action arg="2235" type="swap"/>
                  </actions>
                </route>
              </routes>
            </te-group>
            <te-group>
              <routes>
                <route to="in3">
                  <actions>
                    <action arg="2235" type="swap"/>
                    <action arg="2779" type="push"/>
                  </actions>
                </route>
              </routes>
            </te-group>
            <te-group>
              <routes>
                <route to="in1">
                  <actions>
                    <action arg="2235" type="swap"/>
                    <action arg="2779" type="push"/>
                    <action arg="2786" type="push"/>
                  </actions>
                </route>
              </routes>
            </te-group>
          </te-groups>
        </destination>
        <destination from="in1" label="$2240">
          <te-groups>
            <te-group>
              <routes>
                <route to="in1">
                  <actions>
                    <action arg="2241" type="swap"/>
                  </actions>
                </route>
              </routes>
            </te-group>
            <te-group>
              <routes>
                <route to="in3">
                  <actions>
                    <action arg="2241" type="swap"/>
                    <action arg="2779" type="push"/>
                  </actions>
                </route>
              </routes>
            </te-group>
            <te-group>
              <routes>
                <route to="in1">
                  <actions>
                    <action arg="2241" type="swap"/>
                    <action arg="2779" type="push"/>
                    <action arg="2786" type="push"/>
                  </actions>
                </route>
              </routes>
            </te-group>
          </te-groups>
        </destination>
        <destination from="in1" label="$2248">
          <te-groups>
            <te-group>
              <routes>
                <route to="in0">
                  <actions>
                    <action arg="2249" type="swap"/>
                  </actions>
                </route>
              </routes>
            </te-group>
          </te-groups>
        </destination>
        <destination from="in1" label="$2259">
          <te-groups>
            <te-group>
              <routes>
                <route to="in1">
                  <actions>
                    <action arg="2260" type="swap"/>
                  </actions>
                </route>
              </routes>
            </te-group>
            <te-group>
              <routes>
                <route to="in3">
                  <actions>
                    <action arg="2260" type="swap"/>
                    <action arg="2779" type="push"/>
                  </actions>
                </route>
              </routes>
            </te-group>
            <te-group>
              <routes>
                <route to="in1">
                  <actions>
                    <action arg="2260" type="swap"/>
                    <action arg="2779" type="push"/>
                    <action arg="2786" type="push"/>
                  </actions>
                </route>
              </routes>
            </te-group>
          </te-groups>
        </destination>
        <destination from="in1" label="$2317">
          <te-groups>
            <te-group>
              <routes>
                <route to="in1">
                  <actions>
                    <action arg="2318" type="swap"/>
                  </actions>
                </route>
              </routes>
            </te-group>
            <te-group>
              <routes>
                <route to="in3">
                  <actions>
                    <action arg="2318" type="swap"/>
                    <action arg="2779" type="push"/>
                  </actions>
                </route>
              </routes>
            </te-group>
            <te-group>
              <routes>
                <route to="in1">
                  <actions>
                    <action arg="2318" type="swap"/>
                    <action arg="2779" type="push"/>
                    <action arg="2786" type="push"/>
                  </actions>
                </route>
              </routes>
            </te-group>
          </te-groups>
        </destination>
        <destination from="in1" label="$2325">
          <te-groups>
            <te-group>
              <routes>
                <route to="in1">
                  <actions>
                    <action arg="2326" type="swap"/>
                  </actions>
                </route>
              </routes>
            </te-group>
            <te-group>
              <routes>
                <route to="in3">
                  <actions>
                    <action arg="2326" type="swap"/>
                    <action arg="2779" type="push"/>
                  </actions>
                </route>
              </routes>
            </te-group>
            <te-group>
              <routes>
                <route to="in1">
                  <actions>
                    <action arg="2326" type="swap"/>
                    <action arg="2779" type="push"/>
                    <action arg="2786" type="push"/>
                  </actions>
                </route>
              </routes>
            </te-group>
          </te-groups>
        </destination>
        <destination from="in1" label="$2350">
          <te-groups>
            <te-group>
              <routes>
                <route to="in1">
                  <actions>
                    <action arg="2351" type="swap"/>
                  </actions>
                </route>
              </routes>
            </te-group>
            <te-group>
              <routes>
                <route to="in3">
                  <actions>
                    <action arg="2351" type="swap"/>
                    <action arg="2779" type="push"/>
                  </actions>
                </route>
              </routes>
            </te-group>
            <te-group>
              <routes>
                <route to="in1">
                  <actions>
                    <action arg="2351" type="swap"/>
                    <action arg="2779" type="push"/>
                    <action arg="2786" type="push"/>
                  </actions>
                </route>
              </routes>
            </te-group>
          </te-groups>
        </destination>
        <destination from="in1" label="$2357">
          <te-groups>
            <te-group>
              <routes>
                <route to="in1">
                  <actions>
                    <action arg="2358" type="swap"/>
                  </actions>
                </route>
              </routes>
            </te-group>
            <te-group>
              <routes>
                <route to="in3">
                  <actions>
                    <action arg="2358" type="swap"/>
                    <action arg="2779" type="push"/>
                  </actions>
                </route>
              </routes>
            </te-group>
            <te-group>
              <routes>
                <route to="in1">
                  <actions>
                    <action arg="2358" type="swap"/>
                    <action arg="2779" type="push"/>
                    <action arg="2786" type="push"/>
                  </actions>
                </route>
              </routes>
            </te-group>
          </te-groups>
        </destination>
        <destination from="in1" label="$2365">
          <te-groups>
            <te-group>
              <routes>
                <route to="in0">
                  <actions>
                    <action arg="2366" type="swap"/>
                  </actions>
                </route>
              </routes>
            </te-group>
          </te-groups>
        </destination>
        <destination from="in1" label="$2376">
          <te-groups>
            <te-group>
              <routes>
                <route to="in1">
                  <actions>
                    <action arg="2377" type="swap"/>
                  </actions>
                </route>
              </routes>
            </te-group>
            <te-group>
              <routes>
                <route to="in3">
                  <actions>
                    <action arg="2377" type="swap"/>
                    <action arg="2779" type="push"/>
                  </actions>
                </route>
              </routes>
            </te-group>
            <te-group>
              <routes>
                <route to="in1">
                  <actions>
                    <action arg="2377" type="swap"/>
                    <action arg="2779" type="push"/>
                    <action arg="2786" type="push"/>
                  </actions>
                </route>
              </routes>
            </te-group>
          </te-groups>
        </destination>
        <destination from="in1" label="$2434">
          <te-groups>
            <te-group>
              <routes>
                <route to="in1">
                  <actions>
                    <action arg="2435" type="swap"/>
                  </actions>
                </route>
              </routes>
            </te-group>
            <te-group>
              <routes>
                <route to="in3">
                  <actions>
                    <action arg="2435" type="swap"/>
                    <action arg="2779" type="push"/>
                  </actions>
                </route>
              </routes>
            </te-group>
            <te-group>
              <routes>
                <route to="in1">
                  <actions>
                    <action arg="2435" type="swap"/>
                    <action arg="2779" type="push"/>
                    <action arg="2786" type="push"/>
                  </actions>
                </route>
              </routes>
            </te-group>
          </te-groups>
        </destination>
        <destination from="in1" label="$2442">
          <te-groups>
            <te-group>
              <routes>
                <route to="in1">
                  <actions>
                    <action arg="2443" type="swap"/>
                  </actions>
                </route>
              </routes>
            </te-group>
            <te-group>
              <routes>
                <route to="in3">
                  <actions>
                    <action arg="2443" type="swap"/>
                    <action arg="2779" type="push"/>
                  </actions>
                </route>
              </routes>
            </te-group>
            <te-group>
              <routes>
                <route to="in1">
                  <actions>
                    <action arg="2443" type="swap"/>
                    <action arg="2779" type="push"/>
                    <action arg="2786" type="push"/>
                  </actions>
                </route>
              </routes>
            </te-group>
          </te-groups>
        </destination>
        <destination from="in1" label="$2465">
          <te-groups>
            <te-group>
              <routes>
                <route to="in1">
                  <actions>
                    <action arg="2466" type="swap"/>
                  </actions>
                </route>
              </routes>
            </te-group>
            <te-group>
              <routes>
                <route to="in3">
                  <actions>
                    <action arg="2466" type="swap"/>
                    <action arg="2779" type="push"/>
                  </actions>
                </route>
              </routes>
            </te-group>
            <te-group>
              <routes>
                <route to="in1">
                  <actions>
                    <action arg="2466" type="swap"/>
                    <action arg="2779" type="push"/>
                    <action arg="2786" type="push"/>
                  </actions>
                </route>
              </routes>
            </te-group>
          </te-groups>
        </destination>
        <destination from="in1" label="$2472">
          <te-groups>
            <te-group>
              <routes>
                <route to="in1">
                  <actions>
                    <action arg="2473" type="swap"/>
                  </actions>
                </route>
              </routes>
            </te-group>
            <te-group>
              <routes>
                <route to="in3">
                  <actions>
                    <action arg="2473" type="swap"/>
                    <action arg="2779" type="push"/>
                  </actions>
                </route>
              </routes>
            </te-group>
            <te-group>
              <routes>
                <route to="in1">
                  <actions>
                    <action arg="2473" type="swap"/>
                    <action arg="2779" type="push"/>
                    <action arg="2786" type="push"/>
                  </actions>
                </route>
              </routes>
            </te-group>
          </te-groups>
        </destination>
        <destination from="in1" label="$2479">
          <te-groups>
            <te-group>
              <routes>
                <route to="in0">
                  <actions>
                    <action arg="2480" type="swap"/>
                  </actions>
                </route>
              </routes>
            </te-group>
          </te-groups>
        </destination>
        <destination from="in1" label="$2584">
          <te-groups>
            <te-group>
              <routes>
                <route to="in0">
                  <actions>
                    <action arg="2585" type="swap"/>
                  </actions>
                </route>
              </routes>
            </te-group>
          </te-groups>
        </destination>
        <destination from="in1" label="$2588">
          <te-groups>
            <te-group>
              <routes>
                <route to="in2">
                  <actions>
                    <action arg="2589" type="swap"/>
                  </actions>
                </route>
              </routes>
            </te-group>
            <te-group>
              <routes>
                <route to="in3">
                  <actions>
                    <action arg="2589" type="swap"/>
                    <action arg="2784" type="push"/>
                  </actions>
                </route>
              </routes>
            </te-group>
            <te-group>
              <routes>
                <route to="in1">
                  <actions>
                    <action arg="2589" type="swap"/>
                    <action arg="2784" type="push"/>
                    <action arg="2786" type="push"/>
                  </actions>
                </route>
              </routes>
            </te-group>
          </te-groups>
        </destination>
        <destination from="in1" label="$2598">
          <te-groups>
            <te-group>
              <routes>
                <route to="in2">
                  <actions>
                    <action arg="2599" type="swap"/>
                  </actions>
                </route>
              </routes>
            </te-group>
            <te-group>
              <routes>
                <route to="in3">
                  <actions>
                    <action arg="2599" type="swap"/>
                    <action arg="2784" type="push"/>
                  </actions>
                </route>
              </routes>
            </te-group>
            <te-group>
              <routes>
                <route to="in1">
                  <actions>
                    <action arg="2599" type="swap"/>
                    <action arg="2784" type="push"/>
                    <action arg="2786" type="push"/>
                  </actions>
                </route>
              </routes>
            </te-group>
          </te-groups>
        </destination>
        <destination from="in1" label="$2603">
          <te-groups>
            <te-group>
              <routes>
                <route to="in2">
                  <actions>
                    <action arg="2604" type="swap"/>
                  </actions>
                </route>
              </routes>
            </te-group>
            <te-group>
              <routes>
                <route to="in3">
                  <actions>
                    <action arg="2604" type="swap"/>
                    <action arg="2784" type="push"/>
                  </actions>
                </route>
              </routes>
            </te-group>
            <te-group>
              <routes>
                <route to="in1">
                  <actions>
                    <action arg="2604" type="swap"/>
                    <action arg="2784" type="push"/>
                    <action arg="2786" type="push"/>
                  </actions>
                </route>
              </routes>
            </te-group>
          </te-groups>
        </destination>
        <destination from="in1" label="$2608">
          <te-groups>
            <te-group>
              <routes>
                <route to="in2">
                  <actions>
                    <action arg="2609" type="swap"/>
                  </actions>
                </route>
              </routes>
            </te-group>
            <te-group>
              <routes>
                <route to="in3">
                  <actions>
                    <action arg="2609" type="swap"/>
                    <action arg="2784" type="push"/>
                  </actions>
                </route>
              </routes>
            </te-group>
            <te-group>
              <routes>
                <route to="in1">
                  <actions>
                    <action arg="2609" type="swap"/>
                    <action arg="2784" type="push"/>
                    <action arg="2786" type="push"/>
                  </actions>
                </route>
              </routes>
            </te-group>
          </te-groups>
        </destination>
        <destination from="in1" label="$2612">
          <te-groups>
            <te-group>
              <routes>
                <route to="in2">
                  <actions>
                    <action arg="2613" type="swap"/>
                  </actions>
                </route>
              </routes>
            </te-group>
            <te-group>
              <routes>
                <route to="in3">
                  <actions>
                    <action arg="2613" type="swap"/>
                    <action arg="2784" type="push"/>
                  </actions>
                </route>
              </routes>
            </te-group>
            <te-group>
              <routes>
                <route to="in1">
                  <actions>
                    <action arg="2613" type="swap"/>
                    <action arg="2784" type="push"/>
                    <action arg="2786" type="push"/>
                  </actions>
                </route>
              </routes>
            </te-group>
          </te-groups>
        </destination>
        <destination from="in1" label="$2665">
          <te-groups>
            <te-group>
              <routes>
                <route to="in2">
                  <actions>
                    <action arg="2666" type="swap"/>
                  </actions>
                </route>
              </routes>
            </te-group>
            <te-group>
              <routes>
                <route to="in3">
                  <actions>
                    <action arg="2666" type="swap"/>
                    <action arg="2784" type="push"/>
                  </actions>
                </route>
              </routes>
            </te-group>
            <te-group>
              <routes>
                <route to="in1">
                  <actions>
                    <action arg="2666" type="swap"/>
                    <action arg="2784" type="push"/>
                    <action arg="2786" type="push"/>
                  </actions>
                </route>
              </routes>
            </te-group>
          </te-groups>
        </destination>
        <destination from="in1" label="$2671">
          <te-groups>
            <te-group>
              <routes>
                <route to="in2">
                  <actions>
                    <action arg="2672" type="swap"/>
                  </actions>
                </route>
              </routes>
            </te-group>
            <te-group>
              <routes>
                <route to="in3">
                  <actions>
                    <action arg="2672" type="swap"/>
                    <action arg="2784" type="push"/>
                  </actions>
                </route>
              </routes>
            </te-group>
            <te-group>
              <routes>
                <route to="in1">
                  <actions>
                    <action arg="2672" type="swap"/>
                    <action arg="2784" type="push"/>
                    <action arg="2786" type="push"/>
                  </actions>
                </route>
              </routes>
            </te-group>
          </te-groups>
        </destination>
        <destination from="in1" label="$2686">
          <te-groups>
            <te-group>
              <routes>
                <route to="in0">
                  <actions>
                    <action arg="2687" type="swap"/>
                  </actions>
                </route>
              </routes>
            </te-group>
          </te-groups>
        </destination>
        <destination from="in2" label="179">
          <te-groups>
            <te-group>
              <routes>
                <route to="eg0">
                  <actions>
                    <action type="pop"/>
                  </actions>
                </route>
              </routes>
            </te-group>
          </te-groups>
        </destination>
        <destination from="in2" label="517">
          <te-groups>
            <te-group>
              <routes>
                <route to="eg0">
                  <actions>
                    <action type="pop"/>
                  </actions>
                </route>
              </routes>
            </te-group>
          </te-groups>
        </destination>
        <destination from="in2" label="635">
          <te-groups>
            <te-group>
              <routes>
                <route to="eg0">
                  <actions>
                    <action type="pop"/>
                  </actions>
                </route>
              </routes>
            </te-group>
          </te-groups>
        </destination>
        <destination from="in2" label="731">
          <te-groups>
            <te-group>
              <routes>
                <route to="eg0">
                  <actions>
                    <action type="pop"/>
                  </actions>
                </route>
              </routes>
            </te-group>
          </te-groups>
        </destination>
        <destination from="in2" label="830">
          <te-groups>
            <te-group>
              <routes>
                <route to="eg0">
                  <actions>
                    <action type="pop"/>
                  </actions>
                </route>
              </routes>
            </te-group>
          </te-groups>
        </destination>
        <destination from="in2" label="940">
          <te-groups>
            <te-group>
              <routes>
                <route to="eg0">
                  <actions>
                    <action type="pop"/>
                  </actions>
                </route>
              </routes>
            </te-group>
          </te-groups>
        </destination>
        <destination from="in2" label="1128">
          <te-groups>
            <te-group>
              <routes>
                <route to="eg0">
                  <actions>
                    <action type="pop"/>
                  </actions>
                </route>
              </routes>
            </te-group>
          </te-groups>
        </destination>
        <destination from="in2" label="1225">
          <te-groups>
            <te-group>
              <routes>
                <route to="eg0">
                  <actions>
                    <action type="pop"/>
                  </actions>
                </route>
              </routes>
            </te-group>
          </te-groups>
        </destination>
        <destination from="in2" label="1337">
          <te-groups>
            <te-group>
              <routes>
                <route to="eg0">
                  <actions>
                    <action type="pop"/>
                  </actions>
                </route>
              </routes>
            </te-group>
          </te-groups>
        </destination>
        <destination from="in2" label="1439">
          <te-groups>
            <te-group>
              <routes>
                <route to="eg0">
                  <actions>
                    <action type="pop"/>
                  </actions>
                </route>
              </routes>
            </te-group>
          </te-groups>
        </destination>
        <destination from="in2" label="1555">
          <te-groups>
            <te-group>
              <routes>
                <route to="eg0">
                  <actions>
                    <action type="pop"/>
                  </actions>
                </route>
              </routes>
            </te-group>
          </te-groups>
        </destination>
        <destination from="in2" label="1921">
          <te-groups>
            <te-group>
              <routes>
                <route to="eg0">
                  <actions>
                    <action type="pop"/>
                  </actions>
                </route>
              </routes>
            </te-group>
          </te-groups>
        </destination>
        <destination from="in2" label="2044">
          <te-groups>
            <te-group>
              <routes>
                <route to="eg0">
                  <actions>
                    <action type="pop"/>
                  </actions>
                </route>
              </routes>
            </te-group>
          </te-groups>
        </destination>
        <destination from="in2" label="2168">
          <te-groups>
            <te-group>
              <routes>
                <route to="eg0">
                  <actions>
                    <action type="pop"/>
                  </actions>
                </route>
              </routes>
            </te-group>
          </te-groups>
        </destination>
        <destination from="in2" label="2265">
          <te-groups>
            <te-group>
              <routes>
                <route to="eg0">
                  <actions>
                    <action type="pop"/>
                  </actions>
                </route>
              </routes>
            </te-group>
          </te-groups>
        </destination>
        <destination from="in2" label="2382">
          <te-groups>
            <te-group>
              <routes>
                <route to="eg0">
                  <actions>
                    <action type="pop"/>
                  </actions>
                </route>
              </routes>
            </te-group>
          </te-groups>
        </destination>
        <destination from="in2" label="2820">
          <te-groups>
            <te-group>
              <routes>
                <route to="in1">
                  <actions>
                    <action arg="2819" type="swap"/>
                  </actions>
                </route>
              </routes>
            </te-group>
          </te-groups>
        </destination>
        <destination from="in2" label="2859">
          <te-groups>
            <te-group>
              <routes>
                <route to="in1">
                  <actions>
                    <action arg="2858" type="swap"/>
                  </actions>
                </route>
              </routes>
            </te-group>
          </te-groups>
        </destination>
        <destination from="in2" label="2870">
          <te-groups>
            <te-group>
              <routes>
                <route to="in1">
                  <actions>
                    <action arg="2869" type="swap"/>
                  </actions>
                </route>
              </routes>
            </te-group>
          </te-groups>
        </destination>
        <destination from="in2" label="2881">
          <te-groups>
            <te-group>
              <routes>
                <route to="in1">
                  <actions>
                    <action arg="2880" type="swap"/>
                  </actions>
                </route>
              </routes>
            </te-group>
          </te-groups>
        </destination>
        <destination from="in2" label="2907">
          <te-groups>
            <te-group>
              <routes>
                <route to="in1">
                  <actions>
                    <action arg="2906" type="swap"/>
                  </actions>
                </route>
              </routes>
            </te-group>
          </te-groups>
        </destination>
        <destination from="in2" label="$171">
          <te-groups>
            <te-group>
              <routes>
                <route to="in0">
                  <actions>
                    <action arg="172" type="swap"/>
                  </actions>
                </route>
              </routes>
            </te-group>
          </te-groups>
        </destination>
        <destination from="in2" label="$175">
          <te-groups>
            <te-group>
              <routes>
                <route to="in1">
                  <actions>
                    <action arg="176" type="swap"/>
                  </actions>
                </route>
              </routes>
            </te-group>
            <te-group>
              <routes>
                <route to="in3">
                  <actions>
                    <action arg="176" type="swap"/>
                    <action arg="2779" type="push"/>
                  </actions>
                </route>
              </routes>
            </te-group>
            <te-group>
              <routes>
                <route to="in1">
                  <actions>
                    <action arg="176" type="swap"/>
                    <action arg="2779" type="push"/>
                    <action arg="2786" type="push"/>
                  </actions>
                </route>
              </routes>
            </te-group>
          </te-groups>
        </destination>
        <destination from="in2" label="$230">
          <te-groups>
            <te-group>
              <routes>
                <route to="in1">
                  <actions>
                    <action arg="231" type="swap"/>
                  </actions>
                </route>
              </routes>
            </te-group>
            <te-group>
              <routes>
                <route to="in3">
                  <actions>
                    <action arg="231" type="swap"/>
                    <action arg="2779" type="push"/>
                  </actions>
                </route>
              </routes>
            </te-group>
            <te-group>
              <routes>
                <route to="in1">
                  <actions>
                    <action arg="231" type="swap"/>
                    <action arg="2779" type="push"/>
                    <action arg="2786" type="push"/>
                  </actions>
                </route>
              </routes>
            </te-group>
          </te-groups>
        </destination>
        <destination from="in2" label="$236">
          <te-groups>
            <te-group>
              <routes>
                <route to="in1">
                  <actions>
                    <action arg="237" type="swap"/>
                  </actions>
                </route>
              </routes>
            </te-group>
            <te-group>
              <routes>
                <route to="in3">
                  <actions>
                    <action arg="237" type="swap"/>
                    <action arg="2779" type="push"/>
                  </actions>
                </route>
              </routes>
            </te-group>
            <te-group>
              <routes>
                <route to="in1">
                  <actions>
                    <action arg="237" type="swap"/>
                    <action arg="2779" type="push"/>
                    <action arg="2786" type="push"/>
                  </actions>
                </route>
              </routes>
            </te-group>
          </te-groups>
        </destination>
        <destination from="in2" label="$278">
          <te-groups>
            <te-group>
              <routes>
                <route to="in1">
                  <actions>
                    <action arg="279" type="swap"/>
                  </actions>
                </route>
              </routes>
            </te-group>
            <te-group>
              <routes>
                <route to="in3">
                  <actions>
                    <action arg="279" type="swap"/>
                    <action arg="2779" type="push"/>
                  </actions>
                </route>
              </routes>
            </te-group>
            <te-group>
              <routes>
                <route to="in1">
                  <actions>
                    <action arg="279" type="swap"/>
                    <action arg="2779" type="push"/>
                    <action arg="2786" type="push"/>
                  </actions>
                </route>
              </routes>
            </te-group>
          </te-groups>
        </destination>
        <destination from="in2" label="$283">
          <te-groups>
            <te-group>
              <routes>
                <route to="in1">
                  <actions>
                    <action arg="284" type="swap"/>
                  </actions>
                </route>
              </routes>
            </te-group>
            <te-group>
              <routes>
                <route to="in3">
                  <actions>
                    <action arg="284" type="swap"/>
                    <action arg="2779" type="push"/>
                  </actions>
                </route>
              </routes>
            </te-group>
            <te-group>
              <routes>
                <route to="in1">
                  <actions>
                    <action arg="284" type="swap"/>
                    <action arg="2779" type="push"/>
                    <action arg="2786" type="push"/>
                  </actions>
                </route>
              </routes>
            </te-group>
          </te-groups>
        </destination>
        <destination from="in2" label="$506">
          <te-groups>
            <te-group>
              <routes>
                <route to="in0">
                  <actions>
                    <action arg="507" type="swap"/>
                  </actions>
                </route>
              </routes>
            </te-group>
          </te-groups>
        </destination>
        <destination from="in2" label="$513">
          <te-groups>
            <te-group>
              <routes>
                <route to="in1">
                  <actions>
                    <action arg="514" type="swap"/>
                  </actions>
                </route>
              </routes>
            </te-group>
            <te-group>
              <routes>
                <route to="in3">
                  <actions>
                    <action arg="514" type="swap"/>
                    <action arg="2779" type="push"/>
                  </actions>
                </route>
              </routes>
            </te-group>
            <te-group>
              <routes>
                <route to="in1">
                  <actions>
                    <action arg="514" type="swap"/>
                    <action arg="2779" type="push"/>
                    <action arg="2786" type="push"/>
                  </actions>
                </route>
              </routes>
            </te-group>
          </te-groups>
        </destination>
        <destination from="in2" label="$565">
          <te-groups>
            <te-group>
              <routes>
                <route to="in1">
                  <actions>
                    <action arg="566" type="swap"/>
                  </actions>
                </route>
              </routes>
            </te-group>
            <te-group>
              <routes>
                <route to="in3">
                  <actions>
                    <action arg="566" type="swap"/>
                    <action arg="2779" type="push"/>
                  </actions>
                </route>
              </routes>
            </te-group>
            <te-group>
              <routes>
                <route to="in1">
                  <actions>
                    <action arg="566" type="swap"/>
                    <action arg="2779" type="push"/>
                    <action arg="2786" type="push"/>
                  </actions>
                </route>
              </routes>
            </te-group>
          </te-groups>
        </destination>
        <destination from="in2" label="$571">
          <te-groups>
            <te-group>
              <routes>
                <route to="in1">
                  <actions>
                    <action arg="572" type="swap"/>
                  </actions>
                </route>
              </routes>
            </te-group>
            <te-group>
              <routes>
                <route to="in3">
                  <actions>
                    <action arg="572" type="swap"/>
                    <action arg="2779" type="push"/>
                  </actions>
                </route>
              </routes>
            </te-group>
            <te-group>
              <routes>
                <route to="in1">
                  <actions>
                    <action arg="572" type="swap"/>
                    <action arg="2779" type="push"/>
                    <action arg="2786" type="push"/>
                  </actions>
                </route>
              </routes>
            </te-group>
          </te-groups>
        </destination>
        <destination from="in2" label="$613">
          <te-groups>
            <te-group>
              <routes>
                <route to="in1">
                  <actions>
                    <action arg="614" type="swap"/>
                  </actions>
                </route>
              </routes>
            </te-group>
            <te-group>
              <routes>
                <route to="in3">
                  <actions>
                    <action arg="614" type="swap"/>
                    <action arg="2779" type="push"/>
                  </actions>
                </route>
              </routes>
            </te-group>
            <te-group>
              <routes>
                <route to="in1">
                  <actions>
                    <action arg="614" type="swap"/>
                    <action arg="2779" type="push"/>
                    <action arg="2786" type="push"/>
                  </actions>
                </route>
              </routes>
            </te-group>
          </te-groups>
        </destination>
        <destination from="in2" label="$618">
          <te-groups>
            <te-group>
              <routes>
                <route to="in1">
                  <actions>
                    <action arg="619" type="swap"/>
                  </actions>
                </route>
              </routes>
            </te-group>
            <te-group>
              <routes>
                <route to="in3">
                  <actions>
                    <action arg="619" type="swap"/>
                    <action arg="2779" type="push"/>
                  </actions>
                </route>
              </routes>
            </te-group>
            <te-group>
              <routes>
                <route to="in1">
                  <actions>
                    <action arg="619" type="swap"/>
                    <action arg="2779" type="push"/>
                    <action arg="2786" type="push"/>
                  </actions>
                </route>
              </routes>
            </te-group>
          </te-groups>
        </destination>
        <destination from="in2" label="$624">
          <te-groups>
            <te-group>
              <routes>
                <route to="in0">
                  <actions>
                    <action arg="625" type="swap"/>
                  </actions>
                </route>
              </routes>
            </te-group>
          </te-groups>
        </destination>
        <destination from="in2" label="$631">
          <te-groups>
            <te-group>
              <routes>
                <route to="in1">
                  <actions>
                    <action arg="632" type="swap"/>
                  </actions>
                </route>
              </routes>
            </te-group>
            <te-group>
              <routes>
                <route to="in3">
                  <actions>
                    <action arg="632" type="swap"/>
                    <action arg="2779" type="push"/>
                  </actions>
                </route>
              </routes>
            </te-group>
            <te-group>
              <routes>
                <route to="in1">
                  <actions>
                    <action arg="632" type="swap"/>
                    <action arg="2779" type="push"/>
                    <action arg="2786" type="push"/>
                  </actions>
                </route>
              </routes>
            </te-group>
          </te-groups>
        </destination>
        <destination from="in2" label="$669">
          <te-groups>
            <te-group>
              <routes>
                <route to="in1">
                  <actions>
                    <action arg="670" type="swap"/>
                  </actions>
                </route>
              </routes>
            </te-group>
            <te-group>
              <routes>
                <route to="in3">
                  <actions>
                    <action arg="670" type="swap"/>
                    <action arg="2779" type="push"/>
                  </actions>
                </route>
              </routes>
            </te-group>
            <te-group>
              <routes>
                <route to="in1">
                  <actions>
                    <action arg="670" type="swap"/>
                    <action arg="2779" type="push"/>
                    <action arg="2786" type="push"/>
                  </actions>
                </route>
              </routes>
            </te-group>
          </te-groups>
        </destination>
        <destination from="in2" label="$675">
          <te-groups>
            <te-group>
              <routes>
                <route to="in1">
                  <actions>
                    <action arg="676" type="swap"/>
                  </actions>
                </route>
              </routes>
            </te-group>
            <te-group>
              <routes>
                <route to="in3">
                  <actions>
                    <action arg="676" type="swap"/>
                    <action arg="2779" type="push"/>
                  </actions>
                </route>
              </routes>
            </te-group>
            <te-group>
              <routes>
                <route to="in1">
                  <actions>
                    <action arg="676" type="swap"/>
                    <action arg="2779" type="push"/>
                    <action arg="2786" type="push"/>
                  </actions>
                </route>
              </routes>
            </te-group>
          </te-groups>
        </destination>
        <destination from="in2" label="$713">
          <te-groups>
            <te-group>
              <routes>
                <route to="in1">
                  <actions>
                    <action arg="714" type="swap"/>
                  </actions>
                </route>
              </routes>
            </te-group>
            <te-group>
              <routes>
                <route to="in3">
                  <actions>
                    <action arg="714" type="swap"/>
                    <action arg="2779" type="push"/>
                  </actions>
                </route>
              </routes>
            </te-group>
            <te-group>
              <routes>
                <route to="in1">
                  <actions>
                    <action arg="714" type="swap"/>
                    <action arg="2779" type="push"/>
                    <action arg="2786" type="push"/>
                  </actions>
                </route>
              </routes>
            </te-group>
          </te-groups>
        </destination>
        <destination from="in2" label="$718">
          <te-groups>
            <te-group>
              <routes>
                <route to="in1">
                  <actions>
                    <action arg="719" type="swap"/>
                  </actions>
                </route>
              </routes>
            </te-group>
            <te-group>
              <routes>
                <route to="in3">
                  <actions>
                    <action arg="719" type="swap"/>
                    <action arg="2779" type="push"/>
                  </actions>
                </route>
              </routes>
            </te-group>
            <te-group>
              <routes>
                <route to="in1">
                  <actions>
                    <action arg="719" type="swap"/>
                    <action arg="2779" type="push"/>
                    <action arg="2786" type="push"/>
                  </actions>
                </route>
              </routes>
            </te-group>
          </te-groups>
        </destination>
        <destination from="in2" label="$723">
          <te-groups>
            <te-group>
              <routes>
                <route to="in0">
                  <actions>
                    <action arg="724" type="swap"/>
                  </actions>
                </route>
              </routes>
            </te-group>
          </te-groups>
        </destination>
        <destination from="in2" label="$728">
          <te-groups>
            <te-group>
              <routes>
                <route to="in1">
                  <actions>
                    <action arg="729" type="swap"/>
                  </actions>
                </route>
              </routes>
            </te-group>
            <te-group>
              <routes>
                <route to="in3">
                  <actions>
                    <action arg="729" type="swap"/>
                    <action arg="2779" type="push"/>
                  </actions>
                </route>
              </routes>
            </te-group>
            <te-group>
              <routes>
                <route to="in1">
                  <actions>
                    <action arg="729" type="swap"/>
                    <action arg="2779" type="push"/>
                    <action arg="2786" type="push"/>
                  </actions>
                </route>
              </routes>
            </te-group>
          </te-groups>
        </destination>
        <destination from="in2" label="$769">
          <te-groups>
            <te-group>
              <routes>
                <route to="in1">
                  <actions>
                    <action arg="770" type="swap"/>
                  </actions>
                </route>
              </routes>
            </te-group>
            <te-group>
              <routes>
                <route to="in3">
                  <actions>
                    <action arg="770" type="swap"/>
                    <action arg="2779" type="push"/>
                  </actions>
                </route>
              </routes>
            </te-group>
            <te-group>
              <routes>
                <route to="in1">
                  <actions>
                    <action arg="770" type="swap"/>
                    <action arg="2779" type="push"/>
                    <action arg="2786" type="push"/>
                  </actions>
                </route>
              </routes>
            </te-group>
          </te-groups>
        </destination>
        <destination from="in2" label="$774">
          <te-groups>
            <te-group>
              <routes>
                <route to="in1">
                  <actions>
                    <action arg="775" type="swap"/>
                  </actions>
                </route>
              </routes>
            </te-group>
            <te-group>
              <routes>
                <route to="in3">
                  <actions>
                    <action arg="775" type="swap"/>
                    <action arg="2779" type="push"/>
                  </actions>
                </route>
              </routes>
            </te-group>
            <te-group>
              <routes>
                <route to="in1">
                  <actions>
                    <action arg="775" type="swap"/>
                    <action arg="2779" type="push"/>
                    <action arg="2786" type="push"/>
                  </actions>
                </route>
              </routes>
            </te-group>
          </te-groups>
        </destination>
        <destination from="in2" label="$809">
          <te-groups>
            <te-group>
              <routes>
                <route to="in1">
                  <actions>
                    <action arg="810" type="swap"/>
                  </actions>
                </route>
              </routes>
            </te-group>
            <te-group>
              <routes>
                <route to="in3">
                  <actions>
                    <action arg="810" type="swap"/>
                    <action arg="2779" type="push"/>
                  </actions>
                </route>
              </routes>
            </te-group>
            <te-group>
              <routes>
                <route to="in1">
                  <actions>
                    <action arg="810" type="swap"/>
                    <action arg="2779" type="push"/>
                    <action arg="2786" type="push"/>
                  </actions>
                </route>
              </routes>
            </te-group>
          </te-groups>
        </destination>
        <destination from="in2" label="$813">
          <te-groups>
            <te-group>
              <routes>
                <route to="in1">
                  <actions>
                    <action arg="814" type="swap"/>
                  </actions>
                </route>
              </routes>
            </te-group>
            <te-group>
              <routes>
                <route to="in3">
                  <actions>
                    <action arg="814" type="swap"/>
                    <action arg="2779" type="push"/>
                  </actions>
                </route>
              </routes>
            </te-group>
            <te-group>
              <routes>
                <route to="in1">
                  <actions>
                    <action arg="814" type="swap"/>
                    <action arg="2779" type="push"/>
                    <action arg="2786" type="push"/>
                  </actions>
                </route>
              </routes>
            </te-group>
          </te-groups>
        </destination>
        <destination from="in2" label="$819">
          <te-groups>
            <te-group>
              <routes>
                <route to="in0">
                  <actions>
                    <action arg="820" type="swap"/>
                  </actions>
                </route>
              </routes>
            </te-group>
          </te-groups>
        </destination>
        <destination from="in2" label="$826">
          <te-groups>
            <te-group>
              <routes>
                <route to="in1">
                  <actions>
                    <action arg="827" type="swap"/>
                  </actions>
                </route>
              </routes>
            </te-group>
            <te-group>
              <routes>
                <route to="in3">
                  <actions>
                    <action arg="827" type="swap"/>
                    <action arg="2779" type="push"/>
                  </actions>
                </route>
              </routes>
            </te-group>
            <te-group>
              <routes>
                <route to="in1">
                  <actions>
                    <action arg="827" type="swap"/>
                    <action arg="2779" type="push"/>
                    <action arg="2786" type="push"/>
                  </actions>
                </route>
              </routes>
            </te-group>
          </te-groups>
        </destination>
        <destination from="in2" label="$878">
          <te-groups>
            <te-group>
              <routes>
                <route to="in1">
                  <actions>
                    <action arg="879" type="swap"/>
                  </actions>
                </route>
              </routes>
            </te-group>
            <te-group>
              <routes>
                <route to="in3">
                  <actions>
                    <action arg="879" type="swap"/>
                    <action arg="2779" type="push"/>
                  </actions>
                </route>
              </routes>
            </te-group>
            <te-group>
              <routes>
                <route to="in1">
                  <actions>
                    <action arg="879" type="swap"/>
                    <action arg="2779" type="push"/>
                    <action arg="2786" type="push"/>
                  </actions>
                </route>
              </routes>
            </te-group>
          </te-groups>
        </destination>
        <destination from="in2" label="$884">
          <te-groups>
            <te-group>
              <routes>
                <route to="in1">
                  <actions>
                    <action arg="885" type="swap"/>
                  </actions>
                </route>
              </routes>
            </te-group>
            <te-group>
              <routes>
                <route to="in3">
                  <actions>
                    <action arg="885" type="swap"/>
                    <action arg="2779" type="push"/>
                  </actions>
                </route>
              </routes>
            </te-group>
            <te-group>
              <routes>
                <route to="in1">
                  <actions>
                    <action arg="885" type="swap"/>
                    <action arg="2779" type="push"/>
                    <action arg="2786" type="push"/>
                  </actions>
                </route>
              </routes>
            </te-group>
          </te-groups>
        </destination>
        <destination from="in2" label="$910">
          <te-groups>
            <te-group>
              <routes>
                <route to="in1">
                  <actions>
                    <action arg="911" type="swap"/>
                  </actions>
                </route>
              </routes>
            </te-group>
            <te-group>
              <routes>
                <route to="in3">
                  <actions>
                    <action arg="911" type="swap"/>
                    <action arg="2779" type="push"/>
                  </actions>
                </route>
              </routes>
            </te-group>
            <te-group>
              <routes>
                <route to="in1">
                  <actions>
                    <action arg="911" type="swap"/>
                    <action arg="2779" type="push"/>
                    <action arg="2786" type="push"/>
                  </actions>
                </route>
              </routes>
            </te-group>
          </te-groups>
        </destination>
        <destination from="in2" label="$915">
          <te-groups>
            <te-group>
              <routes>
                <route to="in1">
                  <actions>
                    <action arg="916" type="swap"/>
                  </actions>
                </route>
              </routes>
            </te-group>
            <te-group>
              <routes>
                <route to="in3">
                  <actions>
                    <action arg="916" type="swap"/>
                    <action arg="2779" type="push"/>
                  </actions>
                </route>
              </routes>
            </te-group>
            <te-group>
              <routes>
                <route to="in1">
                  <actions>
                    <action arg="916" type="swap"/>
                    <action arg="2779" type="push"/>
                    <action arg="2786" type="push"/>
                  </actions>
                </route>
              </routes>
            </te-group>
          </te-groups>
        </destination>
        <destination from="in2" label="$923">
          <te-groups>
            <te-group>
              <routes>
                <route to="in0">
                  <actions>
                    <action arg="924" type="swap"/>
                  </actions>
                </route>
              </routes>
            </te-group>
          </te-groups>
        </destination>
        <destination from="in2" label="$934">
          <te-groups>
            <te-group>
              <routes>
                <route to="in1">
                  <actions>
                    <action arg="935" type="swap"/>
                  </actions>
                </route>
              </routes>
            </te-group>
            <te-group>
              <routes>
                <route to="in3">
                  <actions>
                    <action arg="935" type="swap"/>
                    <action arg="2779" type="push"/>
                  </actions>
                </route>
              </routes>
            </te-group>
            <te-group>
              <routes>
                <route to="in1">
                  <actions>
                    <action arg="935" type="swap"/>
                    <action arg="2779" type="push"/>
                    <action arg="2786" type="push"/>
                  </actions>
                </route>
              </routes>
            </te-group>
          </te-groups>
        </destination>
        <destination from="in2" label="$1111">
          <te-groups>
            <te-group>
              <routes>
                <route to="in0">
                  <actions>
                    <action arg="1112" type="swap"/>
                  </actions>
                </route>
              </routes>
            </te-group>
          </te-groups>
        </destination>
        <destination from="in2" label="$1122">
          <te-groups>
            <te-group>
              <routes>
                <route to="in1">
                  <actions>
                    <action arg="1123" type="swap"/>
                  </actions>
                </route>
              </routes>
            </te-group>
            <te-group>
              <routes>
                <route to="in3">
                  <actions>
                    <action arg="1123" type="swap"/>
                    <action arg="2779" type="push"/>
                  </actions>
                </route>
              </routes>
            </te-group>
            <te-group>
              <routes>
                <route to="in1">
                  <actions>
                    <action arg="1123" type="swap"/>
                    <action arg="2779" type="push"/>
                    <action arg="2786" type="push"/>
                  </actions>
                </route>
              </routes>
            </te-group>
          </te-groups>
        </destination>
        <destination from="in2" label="$1205">
          <te-groups>
            <te-group>
              <routes>
                <route to="in0">
                  <actions>
                    <action arg="1206" type="swap"/>
                  </actions>
                </route>
              </routes>
            </te-group>
          </te-groups>
        </destination>
        <destination from="in2" label="$1218">
          <te-groups>
            <te-group>
              <routes>
                <route to="in1">
                  <actions>
                    <action arg="1219" type="swap"/>
                  </actions>
                </route>
              </routes>
            </te-group>
            <te-group>
              <routes>
                <route to="in3">
                  <actions>
                    <action arg="1219" type="swap"/>
                    <action arg="2779" type="push"/>
                  </actions>
                </route>
              </routes>
            </te-group>
            <te-group>
              <routes>
                <route to="in1">
                  <actions>
                    <action arg="1219" type="swap"/>
                    <action arg="2779" type="push"/>
                    <action arg="2786" type="push"/>
                  </actions>
                </route>
              </routes>
            </te-group>
          </te-groups>
        </destination>
        <destination from="in2" label="$1320">
          <te-groups>
            <te-group>
              <routes>
                <route to="in0">
                  <actions>
                    <action arg="1321" type="swap"/>
                  </actions>
                </route>
              </routes>
            </te-group>
          </te-groups>
        </destination>
        <destination from="in2" label="$1331">
          <te-groups>
            <te-group>
              <routes>
                <route to="in1">
                  <actions>
                    <action arg="1332" type="swap"/>
                  </actions>
                </route>
              </routes>
            </te-group>
            <te-group>
              <routes>
                <route to="in3">
                  <actions>
                    <action arg="1332" type="swap"/>
                    <action arg="2779" type="push"/>
                  </actions>
                </route>
              </routes>
            </te-group>
            <te-group>
              <routes>
                <route to="in1">
                  <actions>
                    <action arg="1332" type="swap"/>
                    <action arg="2779" type="push"/>
                    <action arg="2786" type="push"/>
                  </actions>
                </route>
              </routes>
            </te-group>
          </te-groups>
        </destination>
        <destination from="in2" label="$1419">
          <te-groups>
            <te-group>
              <routes>
                <route to="in0">
                  <actions>
                    <action arg="1420" type="swap"/>
                  </actions>
                </route>
              </routes>
            </te-group>
          </te-groups>
        </destination>
        <destination from="in2" label="$1432">
          <te-groups>
            <te-group>
              <routes>
                <route to="in1">
                  <actions>
                    <action arg="1433" type="swap"/>
                  </actions>
                </route>
              </routes>
            </te-group>
            <te-group>
              <routes>
                <route to="in3">
                  <actions>
                    <action arg="1433" type="swap"/>
                    <action arg="2779" type="push"/>
                  </actions>
                </route>
              </routes>
            </te-group>
            <te-group>
              <routes>
                <route to="in1">
                  <actions>
                    <action arg="1433" type="swap"/>
                    <action arg="2779" type="push"/>
                    <action arg="2786" type="push"/>
                  </actions>
                </route>
              </routes>
            </te-group>
          </te-groups>
        </destination>
        <destination from="in2" label="$1535">
          <te-groups>
            <te-group>
              <routes>
                <route to="in0">
                  <actions>
                    <action arg="1536" type="swap"/>
                  </actions>
                </route>
              </routes>
            </te-group>
          </te-groups>
        </destination>
        <destination from="in2" label="$1548">
          <te-groups>
            <te-group>
              <routes>
                <route to="in1">
                  <actions>
                    <action arg="1549" type="swap"/>
                  </actions>
                </route>
              </routes>
            </te-group>
            <te-group>
              <routes>
                <route to="in3">
                  <actions>
                    <action arg="1549" type="swap"/>
                    <action arg="2779" type="push"/>
                  </actions>
                </route>
              </routes>
            </te-group>
            <te-group>
              <routes>
                <route to="in1">
                  <actions>
                    <action arg="1549" type="swap"/>
                    <action arg="2779" type="push"/>
                    <action arg="2786" type="push"/>
                  </actions>
                </route>
              </routes>
            </te-group>
          </te-groups>
        </destination>
        <destination from="in2" label="$1904">
          <te-groups>
            <te-group>
              <routes>
                <route to="in0">
                  <actions>
                    <action arg="1905" type="swap"/>
                  </actions>
                </route>
              </routes>
            </te-group>
          </te-groups>
        </destination>
        <destination from="in2" label="$1915">
          <te-groups>
            <te-group>
              <routes>
                <route to="in1">
                  <actions>
                    <action arg="1916" type="swap"/>
                  </actions>
                </route>
              </routes>
            </te-group>
            <te-group>
              <routes>
                <route to="in3">
                  <actions>
                    <action arg="1916" type="swap"/>
                    <action arg="2779" type="push"/>
                  </actions>
                </route>
              </routes>
            </te-group>
            <te-group>
              <routes>
                <route to="in1">
                  <actions>
                    <action arg="1916" type="swap"/>
                    <action arg="2779" type="push"/>
                    <action arg="2786" type="push"/>
                  </actions>
                </route>
              </routes>
            </te-group>
          </te-groups>
        </destination>
        <destination from="in2" label="$1969">
          <te-groups>
            <te-group>
              <routes>
                <route to="in1">
                  <actions>
                    <action arg="1970" type="swap"/>
                  </actions>
                </route>
              </routes>
            </te-group>
            <te-group>
              <routes>
                <route to="in3">
                  <actions>
                    <action arg="1970" type="swap"/>
                    <action arg="2779" type="push"/>
                  </actions>
                </route>
              </routes>
            </te-group>
            <te-group>
              <routes>
                <route to="in1">
                  <actions>
                    <action arg="1970" type="swap"/>
                    <action arg="2779" type="push"/>
                    <action arg="2786" type="push"/>
                  </actions>
                </route>
              </routes>
            </te-group>
          </te-groups>
        </destination>
        <destination from="in2" label="$1977">
          <te-groups>
            <te-group>
              <routes>
                <route to="in1">
                  <actions>
                    <action arg="1978" type="swap"/>
                  </actions>
                </route>
              </routes>
            </te-group>
            <te-group>
              <routes>
                <route to="in3">
                  <actions>
                    <action arg="1978" type="swap"/>
                    <action arg="2779" type="push"/>
                  </actions>
                </route>
              </routes>
            </te-group>
            <te-group>
              <routes>
                <route to="in1">
                  <actions>
                    <action arg="1978" type="swap"/>
                    <action arg="2779" type="push"/>
                    <action arg="2786" type="push"/>
                  </actions>
                </route>
              </routes>
            </te-group>
          </te-groups>
        </destination>
        <destination from="in2" label="$2000">
          <te-groups>
            <te-group>
              <routes>
                <route to="in1">
                  <actions>
                    <action arg="2001" type="swap"/>
                  </actions>
                </route>
              </routes>
            </te-group>
            <te-group>
              <routes>
                <route to="in3">
                  <actions>
                    <action arg="2001" type="swap"/>
                    <action arg="2779" type="push"/>
                  </actions>
                </route>
              </routes>
            </te-group>
            <te-group>
              <routes>
                <route to="in1">
                  <actions>
                    <action arg="2001" type="swap"/>
                    <action arg="2779" type="push"/>
                    <action arg="2786" type="push"/>
                  </actions>
                </route>
              </routes>
            </te-group>
          </te-groups>
        </destination>
        <destination from="in2" label="$2007">
          <te-groups>
            <te-group>
              <routes>
                <route to="in1">
                  <actions>
                    <action arg="2008" type="swap"/>
                  </actions>
                </route>
              </routes>
            </te-group>
            <te-group>
              <routes>
                <route to="in3">
                  <actions>
                    <action arg="2008" type="swap"/>
                    <action arg="2779" type="push"/>
                  </actions>
                </route>
              </routes>
            </te-group>
            <te-group>
              <routes>
                <route to="in1">
                  <actions>
                    <action arg="2008" type="swap"/>
                    <action arg="2779" type="push"/>
                    <action arg="2786" type="push"/>
                  </actions>
                </route>
              </routes>
            </te-group>
          </te-groups>
        </destination>
        <destination from="in2" label="$2018">
          <te-groups>
            <te-group>
              <routes>
                <route to="in0">
                  <actions>
                    <action arg="2019" type="swap"/>
                  </actions>
                </route>
              </routes>
            </te-group>
          </te-groups>
        </destination>
        <destination from="in2" label="$2035">
          <te-groups>
            <te-group>
              <routes>
                <route to="in1">
                  <actions>
                    <action arg="2036" type="swap"/>
                  </actions>
                </route>
              </routes>
            </te-group>
            <te-group>
              <routes>
                <route to="in3">
                  <actions>
                    <action arg="2036" type="swap"/>
                    <action arg="2779" type="push"/>
                  </actions>
                </route>
              </routes>
            </te-group>
            <te-group>
              <routes>
                <route to="in1">
                  <actions>
                    <action arg="2036" type="swap"/>
                    <action arg="2779" type="push"/>
                    <action arg="2786" type="push"/>
                  </actions>
                </route>
              </routes>
            </te-group>
          </te-groups>
        </destination>
        <destination from="in2" label="$2154">
          <te-groups>
            <te-group>
              <routes>
                <route to="in0">
                  <actions>
                    <action arg="2155" type="swap"/>
                  </actions>
                </route>
              </routes>
            </te-group>
          </te-groups>
        </destination>
        <destination from="in2" label="$2163">
          <te-groups>
            <te-group>
              <routes>
                <route to="in1">
                  <actions>
                    <action arg="2164" type="swap"/>
                  </actions>
                </route>
              </routes>
            </te-group>
            <te-group>
              <routes>
                <route to="in3">
                  <actions>
                    <action arg="2164" type="swap"/>
                    <action arg="2779" type="push"/>
                  </actions>
                </route>
              </routes>
            </te-group>
            <te-group>
              <routes>
                <route to="in1">
                  <actions>
                    <action arg="2164" type="swap"/>
                    <action arg="2779" type="push"/>
                    <action arg="2786" type="push"/>
                  </actions>
                </route>
              </routes>
            </te-group>
          </te-groups>
        </destination>
        <destination from="in2" label="$2207">
          <te-groups>
            <te-group>
              <routes>
                <route to="in1">
                  <actions>
                    <action arg="2208" type="swap"/>
                  </actions>
                </route>
              </routes>
            </te-group>
            <te-group>
              <routes>
                <route to="in3">
                  <actions>
                    <action arg="2208" type="swap"/>
                    <action arg="2779" type="push"/>
                  </actions>
                </route>
              </routes>
            </te-group>
            <te-group>
              <routes>
                <route to="in1">
                  <actions>
                    <action arg="2208" type="swap"/>
                    <action arg="2779" type="push"/>
                    <action arg="2786" type="push"/>
                  </actions>
                </route>
              </routes>
            </te-group>
          </te-groups>
        </destination>
        <destination from="in2" label="$2214">
          <te-groups>
            <te-group>
              <routes>
                <route to="in1">
                  <actions>
                    <action arg="2215" type="swap"/>
                  </actions>
                </route>
              </routes>
            </te-group>
            <te-group>
              <routes>
                <route to="in3">
                  <actions>
                    <action arg="2215" type="swap"/>
                    <action arg="2779" type="push"/>
                  </actions>
                </route>
              </routes>
            </te-group>
            <te-group>
              <routes>
                <route to="in1">
                  <actions>
                    <action arg="2215" type="swap"/>
                    <action arg="2779" type="push"/>
                    <action arg="2786" type="push"/>
                  </actions>
                </route>
              </routes>
            </te-group>
          </te-groups>
        </destination>
        <destination from="in2" label="$2234">
          <te-groups>
            <te-group>
              <routes>
                <route to="in1">
                  <actions>
                    <action arg="2235" type="swap"/>
                  </actions>
                </route>
              </routes>
            </te-group>
            <te-group>
              <routes>
                <route to="in3">
                  <actions>
                    <action arg="2235" type="swap"/>
                    <action arg="2779" type="push"/>
                  </actions>
                </route>
              </routes>
            </te-group>
            <te-group>
              <routes>
                <route to="in1">
                  <actions>
                    <action arg="2235" type="swap"/>
                    <action arg="2779" type="push"/>
                    <action arg="2786" type="push"/>
                  </actions>
                </route>
              </routes>
            </te-group>
          </te-groups>
        </destination>
        <destination from="in2" label="$2240">
          <te-groups>
            <te-group>
              <routes>
                <route to="in1">
                  <actions>
                    <action arg="2241" type="swap"/>
                  </actions>
                </route>
              </routes>
            </te-group>
            <te-group>
              <routes>
                <route to="in3">
                  <actions>
                    <action arg="2241" type="swap"/>
                    <action arg="2779" type="push"/>
                  </actions>
                </route>
              </routes>
            </te-group>
            <te-group>
              <routes>
                <route to="in1">
                  <actions>
                    <action arg="2241" type="swap"/>
                    <action arg="2779" type="push"/>
                    <action arg="2786" type="push"/>
                  </actions>
                </route>
              </routes>
            </te-group>
          </te-groups>
        </destination>
        <destination from="in2" label="$2248">
          <te-groups>
            <te-group>
              <routes>
                <route to="in0">
                  <actions>
                    <action arg="2249" type="swap"/>
                  </actions>
                </route>
              </routes>
            </te-group>
          </te-groups>
        </destination>
        <destination from="in2" label="$2259">
          <te-groups>
            <te-group>
              <routes>
                <route to="in1">
                  <actions>
                    <action arg="2260" type="swap"/>
                  </actions>
                </route>
              </routes>
            </te-group>
            <te-group>
              <routes>
                <route to="in3">
                  <actions>
                    <action arg="2260" type="swap"/>
                    <action arg="2779" type="push"/>
                  </actions>
                </route>
              </routes>
            </te-group>
            <te-group>
              <routes>
                <route to="in1">
                  <actions>
                    <action arg="2260" type="swap"/>
                    <action arg="2779" type="push"/>
                    <action arg="2786" type="push"/>
                  </actions>
                </route>
              </routes>
            </te-group>
          </te-groups>
        </destination>
        <destination from="in2" label="$2317">
          <te-groups>
            <te-group>
              <routes>
                <route to="in1">
                  <actions>
                    <action arg="2318" type="swap"/>
                  </actions>
                </route>
              </routes>
            </te-group>
            <te-group>
              <routes>
                <route to="in3">
                  <actions>
                    <action arg="2318" type="swap"/>
                    <action arg="2779" type="push"/>
                  </actions>
                </route>
              </routes>
            </te-group>
            <te-group>
              <routes>
                <route to="in1">
                  <actions>
                    <action arg="2318" type="swap"/>
                    <action arg="2779" type="push"/>
                    <action arg="2786" type="push"/>
                  </actions>
                </route>
              </routes>
            </te-group>
          </te-groups>
        </destination>
        <destination from="in2" label="$2325">
          <te-groups>
            <te-group>
              <routes>
                <route to="in1">
                  <actions>
                    <action arg="2326" type="swap"/>
                  </actions>
                </route>
              </routes>
            </te-group>
            <te-group>
              <routes>
                <route to="in3">
                  <actions>
                    <action arg="2326" type="swap"/>
                    <action arg="2779" type="push"/>
                  </actions>
                </route>
              </routes>
            </te-group>
            <te-group>
              <routes>
                <route to="in1">
                  <actions>
                    <action arg="2326" type="swap"/>
                    <action arg="2779" type="push"/>
                    <action arg="2786" type="push"/>
                  </actions>
                </route>
              </routes>
            </te-group>
          </te-groups>
        </destination>
        <destination from="in2" label="$2350">
          <te-groups>
            <te-group>
              <routes>
                <route to="in1">
                  <actions>
                    <action arg="2351" type="swap"/>
                  </actions>
                </route>
              </routes>
            </te-group>
            <te-group>
              <routes>
                <route to="in3">
                  <actions>
                    <action arg="2351" type="swap"/>
                    <action arg="2779" type="push"/>
                  </actions>
                </route>
              </routes>
            </te-group>
            <te-group>
              <routes>
                <route to="in1">
                  <actions>
                    <action arg="2351" type="swap"/>
                    <action arg="2779" type="push"/>
                    <action arg="2786" type="push"/>
                  </actions>
                </route>
              </routes>
            </te-group>
          </te-groups>
        </destination>
        <destination from="in2" label="$2357">
          <te-groups>
            <te-group>
              <routes>
                <route to="in1">
                  <actions>
                    <action arg="2358" type="swap"/>
                  </actions>
                </route>
              </routes>
            </te-group>
            <te-group>
              <routes>
                <route to="in3">
                  <actions>
                    <action arg="2358" type="swap"/>
                    <action arg="2779" type="push"/>
                  </actions>
                </route>
              </routes>
            </te-group>
            <te-group>
              <routes>
                <route to="in1">
                  <actions>
                    <action arg="2358" type="swap"/>
                    <action arg="2779" type="push"/>
                    <action arg="2786" type="push"/>
                  </actions>
                </route>
              </routes>
            </te-group>
          </te-groups>
        </destination>
        <destination from="in2" label="$2365">
          <te-groups>
            <te-group>
              <routes>
                <route to="in0">
                  <actions>
                    <action arg="2366" type="swap"/>
                  </actions>
                </route>
              </routes>
            </te-group>
          </te-groups>
        </destination>
        <destination from="in2" label="$2376">
          <te-groups>
            <te-group>
              <routes>
                <route to="in1">
                  <actions>
                    <action arg="2377" type="swap"/>
                  </actions>
                </route>
              </routes>
            </te-group>
            <te-group>
              <routes>
                <route to="in3">
                  <actions>
                    <action arg="2377" type="swap"/>
                    <action arg="2779" type="push"/>
                  </actions>
                </route>
              </routes>
            </te-group>
            <te-group>
              <routes>
                <route to="in1">
                  <actions>
                    <action arg="2377" type="swap"/>
                    <action arg="2779" type="push"/>
                    <action arg="2786" type="push"/>
                  </actions>
                </route>
              </routes>
            </te-group>
          </te-groups>
        </destination>
        <destination from="in2" label="$2434">
          <te-groups>
            <te-group>
              <routes>
                <route to="in1">
                  <actions>
                    <action arg="2435" type="swap"/>
                  </actions>
                </route>
              </routes>
            </te-group>
            <te-group>
              <routes>
                <route to="in3">
                  <actions>
                    <action arg="2435" type="swap"/>
                    <action arg="2779" type="push"/>
                  </actions>
                </route>
              </routes>
            </te-group>
            <te-group>
              <routes>
                <route to="in1">
                  <actions>
                    <action arg="2435" type="swap"/>
                    <action arg="2779" type="push"/>
                    <action arg="2786" type="push"/>
                  </actions>
                </route>
              </routes>
            </te-group>
          </te-groups>
        </destination>
        <destination from="in2" label="$2442">
          <te-groups>
            <te-group>
              <routes>
                <route to="in1">
                  <actions>
                    <action arg="2443" type="swap"/>
                  </actions>
                </route>
              </routes>
            </te-group>
            <te-group>
              <routes>
                <route to="in3">
                  <actions>
                    <action arg="2443" type="swap"/>
                    <action arg="2779" type="push"/>
                  </actions>
                </route>
              </routes>
            </te-group>
            <te-group>
              <routes>
                <route to="in1">
                  <actions>
                    <action arg="2443" type="swap"/>
                    <action arg="2779" type="push"/>
                    <action arg="2786" type="push"/>
                  </actions>
                </route>
              </routes>
            </te-group>
          </te-groups>
        </destination>
        <destination from="in2" label="$2465">
          <te-groups>
            <te-group>
              <routes>
                <route to="in1">
                  <actions>
                    <action arg="2466" type="swap"/>
                  </actions>
                </route>
              </routes>
            </te-group>
            <te-group>
              <routes>
                <route to="in3">
                  <actions>
                    <action arg="2466" type="swap"/>
                    <action arg="2779" type="push"/>
                  </actions>
                </route>
              </routes>
            </te-group>
            <te-group>
              <routes>
                <route to="in1">
                  <actions>
                    <action arg="2466" type="swap"/>
                    <action arg="2779" type="push"/>
                    <action arg="2786" type="push"/>
                  </actions>
                </route>
              </routes>
            </te-group>
          </te-groups>
        </destination>
        <destination from="in2" label="$2472">
          <te-groups>
            <te-group>
              <routes>
                <route to="in1">
                  <actions>
                    <action arg="2473" type="swap"/>
                  </actions>
                </route>
              </routes>
            </te-group>
            <te-group>
              <routes>
                <route to="in3">
                  <actions>
                    <action arg="2473" type="swap"/>
                    <action arg="2779" type="push"/>
                  </actions>
                </route>
              </routes>
            </te-group>
            <te-group>
              <routes>
                <route to="in1">
                  <actions>
                    <action arg="2473" type="swap"/>
                    <action arg="2779" type="push"/>
                    <action arg="2786" type="push"/>
                  </actions>
                </route>
              </routes>
            </te-group>
          </te-groups>
        </destination>
        <destination from="in3" label="295">
          <te-groups>
            <te-group>
              <routes>
                <route to="eg0">
                  <actions>
                    <action type="pop"/>
                  </actions>
                </route>
              </routes>
            </te-group>
          </te-groups>
        </destination>
        <destination from="in3" label="1042">
          <te-groups>
            <te-group>
              <routes>
                <route to="eg0">
                  <actions>
                    <action type="pop"/>
                  </actions>
                </route>
              </routes>
            </te-group>
          </te-groups>
        </destination>
        <destination from="in3" label="1647">
          <te-groups>
            <te-group>
              <routes>
                <route to="eg0">
                  <actions>
                    <action type="pop"/>
                  </actions>
                </route>
              </routes>
            </te-group>
          </te-groups>
        </destination>
        <destination from="in3" label="1772">
          <te-groups>
            <te-group>
              <routes>
                <route to="eg0">
                  <actions>
                    <action type="pop"/>
                  </actions>
                </route>
              </routes>
            </te-group>
          </te-groups>
        </destination>
        <destination from="in3" label="2493">
          <te-groups>
            <te-group>
              <routes>
                <route to="eg0">
                  <actions>
                    <action type="pop"/>
                  </actions>
                </route>
              </routes>
            </te-group>
          </te-groups>
        </destination>
        <destination from="in3" label="2595">
          <te-groups>
            <te-group>
              <routes>
                <route to="eg0">
                  <actions>
                    <action type="pop"/>
                  </actions>
                </route>
              </routes>
            </te-group>
          </te-groups>
        </destination>
        <destination from="in3" label="2699">
          <te-groups>
            <te-group>
              <routes>
                <route to="eg0">
                  <actions>
                    <action type="pop"/>
                  </actions>
                </route>
              </routes>
            </te-group>
          </te-groups>
        </destination>
        <destination from="in3" label="2840">
          <te-groups>
            <te-group>
              <routes>
                <route to="in1">
                  <actions>
                    <action arg="2839" type="swap"/>
                  </actions>
                </route>
              </routes>
            </te-group>
          </te-groups>
        </destination>
        <destination from="in3" label="2886">
          <te-groups>
            <te-group>
              <routes>
                <route to="in1">
                  <actions>
                    <action type="pop"/>
                  </actions>
                </route>
              </routes>
            </te-group>
          </te-groups>
        </destination>
        <destination from="in3" label="$288">
          <te-groups>
            <te-group>
              <routes>
                <route to="in0">
                  <actions>
                    <action arg="289" type="swap"/>
                  </actions>
                </route>
              </routes>
            </te-group>
          </te-groups>
        </destination>
        <destination from="in3" label="$291">
          <te-groups>
            <te-group>
              <routes>
                <route to="in2">
                  <actions>
                    <action arg="292" type="swap"/>
                  </actions>
                </route>
              </routes>
            </te-group>
            <te-group>
              <routes>
                <route to="in3">
                  <actions>
                    <action arg="292" type="swap"/>
                    <action arg="2784" type="push"/>
                  </actions>
                </route>
              </routes>
            </te-group>
          </te-groups>
        </destination>
        <destination from="in3" label="$297">
          <te-groups>
            <te-group>
              <routes>
                <route to="in2">
                  <actions>
                    <action arg="298" type="swap"/>
                  </actions>
                </route>
              </routes>
            </te-group>
            <te-group>
              <routes>
                <route to="in3">
                  <actions>
                    <action arg="298" type="swap"/>
                    <action arg="2784" type="push"/>
                  </actions>
                </route>
              </routes>
            </te-group>
          </te-groups>
        </destination>
        <destination from="in3" label="$301">
          <te-groups>
            <te-group>
              <routes>
                <route to="in2">
                  <actions>
                    <action arg="302" type="swap"/>
                  </actions>
                </route>
              </routes>
            </te-group>
            <te-group>
              <routes>
                <route to="in3">
                  <actions>
                    <action arg="302" type="swap"/>
                    <action arg="2784" type="push"/>
                  </actions>
                </route>
              </routes>
            </te-group>
          </te-groups>
        </destination>
        <destination from="in3" label="$305">
          <te-groups>
            <te-group>
              <routes>
                <route to="in2">
                  <actions>
                    <action arg="306" type="swap"/>
                  </actions>
                </route>
              </routes>
            </te-group>
            <te-group>
              <routes>
                <route to="in3">
                  <actions>
                    <action arg="306" type="swap"/>
                    <action arg="2784" type="push"/>
                  </actions>
                </route>
              </routes>
            </te-group>
          </te-groups>
        </destination>
        <destination from="in3" label="$308">
          <te-groups>
            <te-group>
              <routes>
                <route to="in2">
                  <actions>
                    <action arg="309" type="swap"/>
                  </actions>
                </route>
              </routes>
            </te-group>
            <te-group>
              <routes>
                <route to="in3">
                  <actions>
                    <action arg="309" type="swap"/>
                    <action arg="2784" type="push"/>
                  </actions>
                </route>
              </routes>
            </te-group>
          </te-groups>
        </destination>
        <destination from="in3" label="$312">
          <te-groups>
            <te-group>
              <routes>
                <route to="in2">
                  <actions>
                    <action arg="313" type="swap"/>
                  </actions>
                </route>
              </routes>
            </te-group>
            <te-group>
              <routes>
                <route to="in3">
                  <actions>
                    <action arg="313" type="swap"/>
                    <action arg="2784" type="push"/>
                  </actions>
                </route>
              </routes>
            </te-group>
          </te-groups>
        </destination>
        <destination from="in3" label="$318">
          <te-groups>
            <te-group>
              <routes>
                <route to="in2">
                  <actions>
                    <action arg="319" type="swap"/>
                  </actions>
                </route>
              </routes>
            </te-group>
            <te-group>
              <routes>
                <route to="in3">
                  <actions>
                    <action arg="319" type="swap"/>
                    <action arg="2784" type="push"/>
                  </actions>
                </route>
              </routes>
            </te-group>
          </te-groups>
        </destination>
        <destination from="in3" label="$323">
          <te-groups>
            <te-group>
              <routes>
                <route to="in2">
                  <actions>
                    <action arg="324" type="swap"/>
                  </actions>
                </route>
              </routes>
            </te-group>
            <te-group>
              <routes>
                <route to="in3">
                  <actions>
                    <action arg="324" type="swap"/>
                    <action arg="2784" type="push"/>
                  </actions>
                </route>
              </routes>
            </te-group>
          </te-groups>
        </destination>
        <destination from="in3" label="$329">
          <te-groups>
            <te-group>
              <routes>
                <route to="in2">
                  <actions>
                    <action arg="330" type="swap"/>
                  </actions>
                </route>
              </routes>
            </te-group>
            <te-group>
              <routes>
                <route to="in3">
                  <actions>
                    <action arg="330" type="swap"/>
                    <action arg="2784" type="push"/>
                  </actions>
                </route>
              </routes>
            </te-group>
          </te-groups>
        </destination>
        <destination from="in3" label="$336">
          <te-groups>
            <te-group>
              <routes>
                <route to="in2">
                  <actions>
                    <action arg="337" type="swap"/>
                  </actions>
                </route>
              </routes>
            </te-group>
            <te-group>
              <routes>
                <route to="in3">
                  <actions>
                    <action arg="337" type="swap"/>
                    <action arg="2784" type="push"/>
                  </actions>
                </route>
              </routes>
            </te-group>
          </te-groups>
        </destination>
        <destination from="in3" label="$342">
          <te-groups>
            <te-group>
              <routes>
                <route to="in2">
                  <actions>
                    <action arg="343" type="swap"/>
                  </actions>
                </route>
              </routes>
            </te-group>
            <te-group>
              <routes>
                <route to="in3">
                  <actions>
                    <action arg="343" type="swap"/>
                    <action arg="2784" type="push"/>
                  </actions>
                </route>
              </routes>
            </te-group>
          </te-groups>
        </destination>
        <destination from="in3" label="$349">
          <te-groups>
            <te-group>
              <routes>
                <route to="in2">
                  <actions>
                    <action arg="350" type="swap"/>
                  </actions>
                </route>
              </routes>
            </te-group>
            <te-group>
              <routes>
                <route to="in3">
                  <actions>
                    <action arg="350" type="swap"/>
                    <action arg="2784" type="push"/>
                  </actions>
                </route>
              </routes>
            </te-group>
          </te-groups>
        </destination>
        <destination from="in3" label="$363">
          <te-groups>
            <te-group>
              <routes>
                <route to="in2">
                  <actions>
                    <action arg="364" type="swap"/>
                  </actions>
                </route>
              </routes>
            </te-group>
            <te-group>
              <routes>
                <route to="in3">
                  <actions>
                    <action arg="364" type="swap"/>
                    <action arg="2784" type="push"/>
                  </actions>
                </route>
              </routes>
            </te-group>
          </te-groups>
        </destination>
        <destination from="in3" label="$371">
          <te-groups>
            <te-group>
              <routes>
                <route to="in2">
                  <actions>
                    <action arg="372" type="swap"/>
                  </actions>
                </route>
              </routes>
            </te-group>
            <te-group>
              <routes>
                <route to="in3">
                  <actions>
                    <action arg="372" type="swap"/>
                    <action arg="2784" type="push"/>
                  </actions>
                </route>
              </routes>
            </te-group>
          </te-groups>
        </destination>
        <destination from="in3" label="$380">
          <te-groups>
            <te-group>
              <routes>
                <route to="in2">
                  <actions>
                    <action arg="381" type="swap"/>
                  </actions>
                </route>
              </routes>
            </te-group>
            <te-group>
              <routes>
                <route to="in3">
                  <actions>
                    <action arg="381" type="swap"/>
                    <action arg="2784" type="push"/>
                  </actions>
                </route>
              </routes>
            </te-group>
          </te-groups>
        </destination>
        <destination from="in3" label="$385">
          <te-groups>
            <te-group>
              <routes>
                <route to="in2">
                  <actions>
                    <action arg="386" type="swap"/>
                  </actions>
                </route>
              </routes>
            </te-group>
            <te-group>
              <routes>
                <route to="in3">
                  <actions>
                    <action arg="386" type="swap"/>
                    <action arg="2784" type="push"/>
                  </actions>
                </route>
              </routes>
            </te-group>
          </te-groups>
        </destination>
        <destination from="in3" label="$391">
          <te-groups>
            <te-group>
              <routes>
                <route to="in2">
                  <actions>
                    <action arg="392" type="swap"/>
                  </actions>
                </route>
              </routes>
            </te-group>
            <te-group>
              <routes>
                <route to="in3">
                  <actions>
                    <action arg="392" type="swap"/>
                    <action arg="2784" type="push"/>
                  </actions>
                </route>
              </routes>
            </te-group>
          </te-groups>
        </destination>
        <destination from="in3" label="$1027">
          <te-groups>
            <te-group>
              <routes>
                <route to="in0">
                  <actions>
                    <action arg="1028" type="swap"/>
                  </actions>
                </route>
              </routes>
            </te-group>
          </te-groups>
        </destination>
        <destination from="in3" label="$1637">
          <te-groups>
            <te-group>
              <routes>
                <route to="in0">
                  <actions>
                    <action arg="1638" type="swap"/>
                  </actions>
                </route>
              </routes>
            </te-group>
          </te-groups>
        </destination>
        <destination from="in3" label="$1640">
          <te-groups>
            <te-group>
              <routes>
                <route to="in2">
                  <actions>
                    <action arg="1641" type="swap"/>
                  </actions>
                </route>
              </routes>
            </te-group>
            <te-group>
              <routes>
                <route to="in3">
                  <actions>
                    <action arg="1641" type="swap"/>
                    <action arg="2784" type="push"/>
                  </actions>
                </route>
              </routes>
            </te-group>
          </te-groups>
        </destination>
        <destination from="in3" label="$1649">
          <te-groups>
            <te-group>
              <routes>
                <route to="in2">
                  <actions>
                    <action arg="1650" type="swap"/>
                  </actions>
                </route>
              </routes>
            </te-group>
            <te-group>
              <routes>
                <route to="in3">
                  <actions>
                    <action arg="1650" type="swap"/>
                    <action arg="2784" type="push"/>
                  </actions>
                </route>
              </routes>
            </te-group>
          </te-groups>
        </destination>
        <destination from="in3" label="$1653">
          <te-groups>
            <te-group>
              <routes>
                <route to="in2">
                  <actions>
                    <action arg="1654" type="swap"/>
                  </actions>
                </route>
              </routes>
            </te-group>
            <te-group>
              <routes>
                <route to="in3">
                  <actions>
                    <action arg="1654" type="swap"/>
                    <action arg="2784" type="push"/>
                  </actions>
                </route>
              </routes>
            </te-group>
          </te-groups>
        </destination>
        <destination from="in3" label="$1657">
          <te-groups>
            <te-group>
              <routes>
                <route to="in2">
                  <actions>
                    <action arg="1658" type="swap"/>
                  </actions>
                </route>
              </routes>
            </te-group>
            <te-group>
              <routes>
                <route to="in3">
                  <actions>
                    <action arg="1658" type="swap"/>
                    <action arg="2784" type="push"/>
                  </actions>
                </route>
              </routes>
            </te-group>
          </te-groups>
        </destination>
        <destination from="in3" label="$1660">
          <te-groups>
            <te-group>
              <routes>
                <route to="in2">
                  <actions>
                    <action arg="1661" type="swap"/>
                  </actions>
                </route>
              </routes>
            </te-group>
            <te-group>
              <routes>
                <route to="in3">
                  <actions>
                    <action arg="1661" type="swap"/>
                    <action arg="2784" type="push"/>
                  </actions>
                </route>
              </routes>
            </te-group>
          </te-groups>
        </destination>
        <destination from="in3" label="$1664">
          <te-groups>
            <te-group>
              <routes>
                <route to="in2">
                  <actions>
                    <action arg="1665" type="swap"/>
                  </actions>
                </route>
              </routes>
            </te-group>
            <te-group>
              <routes>
                <route to="in3">
                  <actions>
                    <action arg="1665" type="swap"/>
                    <action arg="2784" type="push"/>
                  </actions>
                </route>
              </routes>
            </te-group>
          </te-groups>
        </destination>
        <destination from="in3" label="$1670">
          <te-groups>
            <te-group>
              <routes>
                <route to="in2">
                  <actions>
                    <action arg="1671" type="swap"/>
                  </actions>
                </route>
              </routes>
            </te-group>
            <te-group>
              <routes>
                <route to="in3">
                  <actions>
                    <action arg="1671" type="swap"/>
                    <action arg="2784" type="push"/>
                  </actions>
                </route>
              </routes>
            </te-group>
          </te-groups>
        </destination>
        <destination from="in3" label="$1675">
          <te-groups>
            <te-group>
              <routes>
                <route to="in2">
                  <actions>
                    <action arg="1676" type="swap"/>
                  </actions>
                </route>
              </routes>
            </te-group>
            <te-group>
              <routes>
                <route to="in3">
                  <actions>
                    <action arg="1676" type="swap"/>
                    <action arg="2784" type="push"/>
                  </actions>
                </route>
              </routes>
            </te-group>
          </te-groups>
        </destination>
        <destination from="in3" label="$1681">
          <te-groups>
            <te-group>
              <routes>
                <route to="in2">
                  <actions>
                    <action arg="1682" type="swap"/>
                  </actions>
                </route>
              </routes>
            </te-group>
            <te-group>
              <routes>
                <route to="in3">
                  <actions>
                    <action arg="1682" type="swap"/>
                    <action arg="2784" type="push"/>
                  </actions>
                </route>
              </routes>
            </te-group>
          </te-groups>
        </destination>
        <destination from="in3" label="$1688">
          <te-groups>
            <te-group>
              <routes>
                <route to="in2">
                  <actions>
                    <action arg="1689" type="swap"/>
                  </actions>
                </route>
              </routes>
            </te-group>
            <te-group>
              <routes>
                <route to="in3">
                  <actions>
                    <action arg="1689" type="swap"/>
                    <action arg="2784" type="push"/>
                  </actions>
                </route>
              </routes>
            </te-group>
          </te-groups>
        </destination>
        <destination from="in3" label="$1694">
          <te-groups>
            <te-group>
              <routes>
                <route to="in2">
                  <actions>
                    <action arg="1695" type="swap"/>
                  </actions>
                </route>
              </routes>
            </te-group>
            <te-group>
              <routes>
                <route to="in3">
                  <actions>
                    <action arg="1695" type="swap"/>
                    <action arg="2784" type="push"/>
                  </actions>
                </route>
              </routes>
            </te-group>
          </te-groups>
        </destination>
        <destination from="in3" label="$1701">
          <te-groups>
            <te-group>
              <routes>
                <route to="in2">
                  <actions>
                    <action arg="1702" type="swap"/>
                  </actions>
                </route>
              </routes>
            </te-group>
            <te-group>
              <routes>
                <route to="in3">
                  <actions>
                    <action arg="1702" type="swap"/>
                    <action arg="2784" type="push"/>
                  </actions>
                </route>
              </routes>
            </te-group>
          </te-groups>
        </destination>
        <destination from="in3" label="$1710">
          <te-groups>
            <te-group>
              <routes>
                <route to="in2">
                  <actions>
                    <action arg="1711" type="swap"/>
                  </actions>
                </route>
              </routes>
            </te-group>
            <te-group>
              <routes>
                <route to="in3">
                  <actions>
                    <action arg="1711" type="swap"/>
                    <action arg="2784" type="push"/>
                  </actions>
                </route>
              </routes>
            </te-group>
          </te-groups>
        </destination>
        <destination from="in3" label="$1718">
          <te-groups>
            <te-group>
              <routes>
                <route to="in2">
                  <actions>
                    <action arg="1719" type="swap"/>
                  </actions>
                </route>
              </routes>
            </te-group>
            <te-group>
              <routes>
                <route to="in3">
                  <actions>
                    <action arg="1719" type="swap"/>
                    <action arg="2784" type="push"/>
                  </actions>
                </route>
              </routes>
            </te-group>
          </te-groups>
        </destination>
        <destination from="in3" label="$1727">
          <te-groups>
            <te-group>
              <routes>
                <route to="in2">
                  <actions>
                    <action arg="1728" type="swap"/>
                  </actions>
                </route>
              </routes>
            </te-group>
            <te-group>
              <routes>
                <route to="in3">
                  <actions>
                    <action arg="1728" type="swap"/>
                    <action arg="2784" type="push"/>
                  </actions>
                </route>
              </routes>
            </te-group>
          </te-groups>
        </destination>
        <destination from="in3" label="$1732">
          <te-groups>
            <te-group>
              <routes>
                <route to="in2">
                  <actions>
                    <action arg="1733" type="swap"/>
                  </actions>
                </route>
              </routes>
            </te-group>
            <te-group>
              <routes>
                <route to="in3">
                  <actions>
                    <action arg="1733" type="swap"/>
                    <action arg="2784" type="push"/>
                  </actions>
                </route>
              </routes>
            </te-group>
          </te-groups>
        </destination>
        <destination from="in3" label="$1738">
          <te-groups>
            <te-group>
              <routes>
                <route to="in2">
                  <actions>
                    <action arg="1739" type="swap"/>
                  </actions>
                </route>
              </routes>
            </te-group>
            <te-group>
              <routes>
                <route to="in3">
                  <actions>
                    <action arg="1739" type="swap"/>
                    <action arg="2784" type="push"/>
                  </actions>
                </route>
              </routes>
            </te-group>
          </te-groups>
        </destination>
        <destination from="in3" label="$1755">
          <te-groups>
            <te-group>
              <routes>
                <route to="in0">
                  <actions>
                    <action arg="1756" type="swap"/>
                  </actions>
                </route>
              </routes>
            </te-group>
          </te-groups>
        </destination>
        <destination from="in3" label="$1761">
          <te-groups>
            <te-group>
              <routes>
                <route to="in2">
                  <actions>
                    <action arg="1762" type="swap"/>
                  </actions>
                </route>
              </routes>
            </te-group>
            <te-group>
              <routes>
                <route to="in3">
                  <actions>
                    <action arg="1762" type="swap"/>
                    <action arg="2784" type="push"/>
                  </actions>
                </route>
              </routes>
            </te-group>
          </te-groups>
        </destination>
        <destination from="in3" label="$1777">
          <te-groups>
            <te-group>
              <routes>
                <route to="in2">
                  <actions>
                    <action arg="1778" type="swap"/>
                  </actions>
                </route>
              </routes>
            </te-group>
            <te-group>
              <routes>
                <route to="in3">
                  <actions>
                    <action arg="1778" type="swap"/>
                    <action arg="2784" type="push"/>
                  </actions>
                </route>
              </routes>
            </te-group>
          </te-groups>
        </destination>
        <destination from="in3" label="$1784">
          <te-groups>
            <te-group>
              <routes>
                <route to="in2">
                  <actions>
                    <action arg="1785" type="swap"/>
                  </actions>
                </route>
              </routes>
            </te-group>
            <te-group>
              <routes>
                <route to="in3">
                  <actions>
                    <action arg="1785" type="swap"/>
                    <action arg="2784" type="push"/>
                  </actions>
                </route>
              </routes>
            </te-group>
          </te-groups>
        </destination>
        <destination from="in3" label="$1791">
          <te-groups>
            <te-group>
              <routes>
                <route to="in2">
                  <actions>
                    <action arg="1792" type="swap"/>
                  </actions>
                </route>
              </routes>
            </te-group>
            <te-group>
              <routes>
                <route to="in3">
                  <actions>
                    <action arg="1792" type="swap"/>
                    <action arg="2784" type="push"/>
                  </actions>
                </route>
              </routes>
            </te-group>
          </te-groups>
        </destination>
        <destination from="in3" label="$1797">
          <te-groups>
            <te-group>
              <routes>
                <route to="in2">
                  <actions>
                    <action arg="1798" type="swap"/>
                  </actions>
                </route>
              </routes>
            </te-group>
            <te-group>
              <routes>
                <route to="in3">
                  <actions>
                    <action arg="1798" type="swap"/>
                    <action arg="2784" type="push"/>
                  </actions>
                </route>
              </routes>
            </te-group>
          </te-groups>
        </destination>
        <destination from="in3" label="$1867">
          <te-groups>
            <te-group>
              <routes>
                <route to="in2">
                  <actions>
                    <action arg="1868" type="swap"/>
                  </actions>
                </route>
              </routes>
            </te-group>
            <te-group>
              <routes>
                <route to="in3">
                  <actions>
                    <action arg="1868" type="swap"/>
                    <action arg="2784" type="push"/>
                  </actions>
                </route>
              </routes>
            </te-group>
          </te-groups>
        </destination>
        <destination from="in3" label="$1875">
          <te-groups>
            <te-group>
              <routes>
                <route to="in2">
                  <actions>
                    <action arg="1876" type="swap"/>
                  </actions>
                </route>
              </routes>
            </te-group>
            <te-group>
              <routes>
                <route to="in3">
                  <actions>
                    <action arg="1876" type="swap"/>
                    <action arg="2784" type="push"/>
                  </actions>
                </route>
              </routes>
            </te-group>
          </te-groups>
        </destination>
        <destination from="in3" label="$1884">
          <te-groups>
            <te-group>
              <routes>
                <route to="in2">
                  <actions>
                    <action arg="1885" type="swap"/>
                  </actions>
                </route>
              </routes>
            </te-group>
            <te-group>
              <routes>
                <route to="in3">
                  <actions>
                    <action arg="1885" type="swap"/>
                    <action arg="2784" type="push"/>
                  </actions>
                </route>
              </routes>
            </te-group>
          </te-groups>
        </destination>
        <destination from="in3" label="$2479">
          <te-groups>
            <te-group>
              <routes>
                <route to="in0">
                  <actions>
                    <action arg="2480" type="swap"/>
                  </actions>
                </route>
              </routes>
            </te-group>
          </te-groups>
        </destination>
        <destination from="in3" label="$2584">
          <te-groups>
            <te-group>
              <routes>
                <route to="in0">
                  <actions>
                    <action arg="2585" type="swap"/>
                  </actions>
                </route>
              </routes>
            </te-group>
          </te-groups>
        </destination>
        <destination from="in3" label="$2588">
          <te-groups>
            <te-group>
              <routes>
                <route to="in2">
                  <actions>
                    <action arg="2589" type="swap"/>
                  </actions>
                </route>
              </routes>
            </te-group>
            <te-group>
              <routes>
                <route to="in3">
                  <actions>
                    <action arg="2589" type="swap"/>
                    <action arg="2784" type="push"/>
                  </actions>
                </route>
              </routes>
            </te-group>
          </te-groups>
        </destination>
        <destination from="in3" label="$2598">
          <te-groups>
            <te-group>
              <routes>
                <route to="in2">
                  <actions>
                    <action arg="2599" type="swap"/>
                  </actions>
                </route>
              </routes>
            </te-group>
            <te-group>
              <routes>
                <route to="in3">
                  <actions>
                    <action arg="2599" type="swap"/>
                    <action arg="2784" type="push"/>
                  </actions>
                </route>
              </routes>
            </te-group>
          </te-groups>
        </destination>
        <destination from="in3" label="$2603">
          <te-groups>
            <te-group>
              <routes>
                <route to="in2">
                  <actions>
                    <action arg="2604" type="swap"/>
                  </actions>
                </route>
              </routes>
            </te-group>
            <te-group>
              <routes>
                <route to="in3">
                  <actions>
                    <action arg="2604" type="swap"/>
                    <action arg="2784" type="push"/>
                  </actions>
                </route>
              </routes>
            </te-group>
          </te-groups>
        </destination>
        <destination from="in3" label="$2608">
          <te-groups>
            <te-group>
              <routes>
                <route to="in2">
                  <actions>
                    <action arg="2609" type="swap"/>
                  </actions>
                </route>
              </routes>
            </te-group>
            <te-group>
              <routes>
                <route to="in3">
                  <actions>
                    <action arg="2609" type="swap"/>
                    <action arg="2784" type="push"/>
                  </actions>
                </route>
              </routes>
            </te-group>
          </te-groups>
        </destination>
        <destination from="in3" label="$2612">
          <te-groups>
            <te-group>
              <routes>
                <route to="in2">
                  <actions>
                    <action arg="2613" type="swap"/>
                  </actions>
                </route>
              </routes>
            </te-group>
            <te-group>
              <routes>
                <route to="in3">
                  <actions>
                    <action arg="2613" type="swap"/>
                    <action arg="2784" type="push"/>
                  </actions>
                </route>
              </routes>
            </te-group>
          </te-groups>
        </destination>
        <destination from="in3" label="$2665">
          <te-groups>
            <te-group>
              <routes>
                <route to="in2">
                  <actions>
                    <action arg="2666" type="swap"/>
                  </actions>
                </route>
              </routes>
            </te-group>
            <te-group>
              <routes>
                <route to="in3">
                  <actions>
                    <action arg="2666" type="swap"/>
                    <action arg="2784" type="push"/>
                  </actions>
                </route>
              </routes>
            </te-group>
          </te-groups>
        </destination>
        <destination from="in3" label="$2671">
          <te-groups>
            <te-group>
              <routes>
                <route to="in2">
                  <actions>
                    <action arg="2672" type="swap"/>
                  </actions>
                </route>
              </routes>
            </te-group>
            <te-group>
              <routes>
                <route to="in3">
                  <actions>
                    <action arg="2672" type="swap"/>
                    <action arg="2784" type="push"/>
                  </actions>
                </route>
              </routes>
            </te-group>
          </te-groups>
        </destination>
        <destination from="in3" label="$2686">
          <te-groups>
            <te-group>
              <routes>
                <route to="in0">
                  <actions>
                    <action arg="2687" type="swap"/>
                  </actions>
                </route>
              </routes>
            </te-group>
          </te-groups>
        </destination>
      </destinations>
    </routing>
    <routing for="Mexico_City">
      <destinations>
        <destination from="eg0" ip="ip">
          <te-groups>
            <te-group>
              <routes>
                <route to="in0">
                  <actions>
                    <action arg="552" type="push"/>
                  </actions>
                </route>
                <route to="in0">
                  <actions>
                    <action arg="617" type="push"/>
                  </actions>
                </route>
                <route to="in0">
                  <actions>
                    <action arg="612" type="push"/>
                  </actions>
                </route>
                <route to="in0">
                  <actions>
                    <action arg="606" type="push"/>
                  </actions>
                </route>
                <route to="in0">
                  <actions>
                    <action arg="601" type="push"/>
                  </actions>
                </route>
                <route to="in0">
                  <actions>
                    <action arg="596" type="push"/>
                  </actions>
                </route>
                <route to="in0">
                  <actions>
                    <action arg="592" type="push"/>
                  </actions>
                </route>
                <route to="in0">
                  <actions>
                    <action arg="584" type="push"/>
                  </actions>
                </route>
                <route to="in0">
                  <actions>
                    <action arg="577" type="push"/>
                  </actions>
                </route>
                <route to="in0">
                  <actions>
                    <action arg="570" type="push"/>
                  </actions>
                </route>
                <route to="in0">
                  <actions>
                    <action arg="564" type="push"/>
                  </actions>
                </route>
                <route to="in0">
                  <actions>
                    <action arg="558" type="push"/>
                  </actions>
                </route>
                <route to="in0">
                  <actions>
                    <action arg="505" type="push"/>
                  </actions>
                </route>
                <route to="in0">
                  <actions>
                    <action arg="547" type="push"/>
                  </actions>
                </route>
                <route to="in0">
                  <actions>
                    <action arg="541" type="push"/>
                  </actions>
                </route>
                <route to="in0">
                  <actions>
                    <action arg="536" type="push"/>
                  </actions>
                </route>
                <route to="in0">
                  <actions>
                    <action arg="532" type="push"/>
                  </actions>
                </route>
                <route to="in0">
                  <actions>
                    <action arg="527" type="push"/>
                  </actions>
                </route>
                <route to="in0">
                  <actions>
                    <action arg="524" type="push"/>
                  </actions>
                </route>
                <route to="in0">
                  <actions>
                    <action arg="522" type="push"/>
                  </actions>
                </route>
                <route to="in0">
                  <actions>
                    <action arg="519" type="push"/>
                  </actions>
                </route>
                <route to="in0">
                  <actions>
                    <action arg="516" type="push"/>
                  </actions>
                </route>
                <route to="in0">
                  <actions>
                    <action arg="512" type="push"/>
                  </actions>
                </route>
                <route to="in0">
                  <actions>
                    <action arg="509" type="push"/>
                  </actions>
                </route>
              </routes>
            </te-group>
          </te-groups>
        </destination>
        <destination from="in0" label="54">
          <te-groups>
            <te-group>
              <routes>
                <route to="eg0">
                  <actions>
                    <action type="pop"/>
                  </actions>
                </route>
              </routes>
            </te-group>
          </te-groups>
        </destination>
        <destination from="in0" label="182">
          <te-groups>
            <te-group>
              <routes>
                <route to="eg0">
                  <actions>
                    <action type="pop"/>
                  </actions>
                </route>
              </routes>
            </te-group>
          </te-groups>
        </destination>
        <destination from="in0" label="299">
          <te-groups>
            <te-group>
              <routes>
                <route to="eg0">
                  <actions>
                    <action type="pop"/>
                  </actions>
                </route>
              </routes>
            </te-group>
          </te-groups>
        </destination>
        <destination from="in0" label="413">
          <te-groups>
            <te-group>
              <routes>
                <route to="eg0">
                  <actions>
                    <action type="pop"/>
                  </actions>
                </route>
              </routes>
            </te-group>
          </te-groups>
        </destination>
        <destination from="in0" label="638">
          <te-groups>
            <te-group>
              <routes>
                <route to="eg0">
                  <actions>
                    <action type="pop"/>
                  </actions>
                </route>
              </routes>
            </te-group>
          </te-groups>
        </destination>
        <destination from="in0" label="733">
          <te-groups>
            <te-group>
              <routes>
                <route to="eg0">
                  <actions>
                    <action type="pop"/>
                  </actions>
                </route>
              </routes>
            </te-group>
          </te-groups>
        </destination>
        <destination from="in0" label="833">
          <te-groups>
            <te-group>
              <routes>
                <route to="eg0">
                  <actions>
                    <action type="pop"/>
                  </actions>
                </route>
              </routes>
            </te-group>
          </te-groups>
        </destination>
        <destination from="in0" label="945">
          <te-groups>
            <te-group>
              <routes>
                <route to="eg0">
                  <actions>
                    <action type="pop"/>
                  </actions>
                </route>
              </routes>
            </te-group>
          </te-groups>
        </destination>
        <destination from="in0" label="1047">
          <te-groups>
            <te-group>
              <routes>
                <route to="eg0">
                  <actions>
                    <action type="pop"/>
                  </actions>
                </route>
              </routes>
            </te-group>
          </te-groups>
        </destination>
        <destination from="in0" label="1133">
          <te-groups>
            <te-group>
              <routes>
                <route to="eg0">
                  <actions>
                    <action type="pop"/>
                  </actions>
                </route>
              </routes>
            </te-group>
          </te-groups>
        </destination>
        <destination from="in0" label="1231">
          <te-groups>
            <te-group>
              <routes>
                <route to="eg0">
                  <actions>
                    <action type="pop"/>
                  </actions>
                </route>
              </routes>
            </te-group>
          </te-groups>
        </destination>
        <destination from="in0" label="1342">
          <te-groups>
            <te-group>
              <routes>
                <route to="eg0">
                  <actions>
                    <action type="pop"/>
                  </actions>
                </route>
              </routes>
            </te-group>
          </te-groups>
        </destination>
        <destination from="in0" label="1445">
          <te-groups>
            <te-group>
              <routes>
                <route to="eg0">
                  <actions>
                    <action type="pop"/>
                  </actions>
                </route>
              </routes>
            </te-group>
          </te-groups>
        </destination>
        <destination from="in0" label="1561">
          <te-groups>
            <te-group>
              <routes>
                <route to="eg0">
                  <actions>
                    <action type="pop"/>
                  </actions>
                </route>
              </routes>
            </te-group>
          </te-groups>
        </destination>
        <destination from="in0" label="1651">
          <te-groups>
            <te-group>
              <routes>
                <route to="eg0">
                  <actions>
                    <action type="pop"/>
                  </actions>
                </route>
              </routes>
            </te-group>
          </te-groups>
        </destination>
        <destination from="in0" label="1779">
          <te-groups>
            <te-group>
              <routes>
                <route to="eg0">
                  <actions>
                    <action type="pop"/>
                  </actions>
                </route>
              </routes>
            </te-group>
          </te-groups>
        </destination>
        <destination from="in0" label="1926">
          <te-groups>
            <te-group>
              <routes>
                <route to="eg0">
                  <actions>
                    <action type="pop"/>
                  </actions>
                </route>
              </routes>
            </te-group>
          </te-groups>
        </destination>
        <destination from="in0" label="2052">
          <te-groups>
            <te-group>
              <routes>
                <route to="eg0">
                  <actions>
                    <action type="pop"/>
                  </actions>
                </route>
              </routes>
            </te-group>
          </te-groups>
        </destination>
        <destination from="in0" label="2172">
          <te-groups>
            <te-group>
              <routes>
                <route to="eg0">
                  <actions>
                    <action type="pop"/>
                  </actions>
                </route>
              </routes>
            </te-group>
          </te-groups>
        </destination>
        <destination from="in0" label="2270">
          <te-groups>
            <te-group>
              <routes>
                <route to="eg0">
                  <actions>
                    <action type="pop"/>
                  </actions>
                </route>
              </routes>
            </te-group>
          </te-groups>
        </destination>
        <destination from="in0" label="2387">
          <te-groups>
            <te-group>
              <routes>
                <route to="eg0">
                  <actions>
                    <action type="pop"/>
                  </actions>
                </route>
              </routes>
            </te-group>
          </te-groups>
        </destination>
        <destination from="in0" label="2499">
          <te-groups>
            <te-group>
              <routes>
                <route to="eg0">
                  <actions>
                    <action type="pop"/>
                  </actions>
                </route>
              </routes>
            </te-group>
          </te-groups>
        </destination>
        <destination from="in0" label="2600">
          <te-groups>
            <te-group>
              <routes>
                <route to="eg0">
                  <actions>
                    <action type="pop"/>
                  </actions>
                </route>
              </routes>
            </te-group>
          </te-groups>
        </destination>
        <destination from="in0" label="2704">
          <te-groups>
            <te-group>
              <routes>
                <route to="eg0">
                  <actions>
                    <action type="pop"/>
                  </actions>
                </route>
              </routes>
            </te-group>
          </te-groups>
        </destination>
      </destinations>
    </routing>
    <routing for="Phoenix">
      <destinations>
        <destination from="eg0" ip="ip">
          <te-groups>
            <te-group>
              <routes>
                <route to="in1">
                  <actions>
                    <action arg="627" type="push"/>
                  </actions>
                </route>
                <route to="in1">
                  <actions>
                    <action arg="623" type="push"/>
                  </actions>
                </route>
                <route to="in1">
                  <actions>
                    <action arg="717" type="push"/>
                  </actions>
                </route>
                <route to="in1">
                  <actions>
                    <action arg="712" type="push"/>
                  </actions>
                </route>
                <route to="in1">
                  <actions>
                    <action arg="706" type="push"/>
                  </actions>
                </route>
                <route to="in1">
                  <actions>
                    <action arg="701" type="push"/>
                  </actions>
                </route>
                <route to="in1">
                  <actions>
                    <action arg="696" type="push"/>
                  </actions>
                </route>
                <route to="in1">
                  <actions>
                    <action arg="692" type="push"/>
                  </actions>
                </route>
                <route to="in0">
                  <actions>
                    <action arg="686" type="push"/>
                  </actions>
                </route>
                <route to="in0">
                  <actions>
                    <action arg="681" type="push"/>
                  </actions>
                </route>
                <route to="in1">
                  <actions>
                    <action arg="674" type="push"/>
                  </actions>
                </route>
                <route to="in1">
                  <actions>
                    <action arg="668" type="push"/>
                  </actions>
                </route>
                <route to="in0">
                  <actions>
                    <action arg="664" type="push"/>
                  </actions>
                </route>
                <route to="in0">
                  <actions>
                    <action arg="657" type="push"/>
                  </actions>
                </route>
                <route to="in0">
                  <actions>
                    <action arg="660" type="push"/>
                  </actions>
                </route>
                <route to="in1">
                  <actions>
                    <action arg="630" type="push"/>
                  </actions>
                </route>
                <route to="in1">
                  <actions>
                    <action arg="634" type="push"/>
                  </actions>
                </route>
                <route to="in1">
                  <actions>
                    <action arg="637" type="push"/>
                  </actions>
                </route>
                <route to="in1">
                  <actions>
                    <action arg="640" type="push"/>
                  </actions>
                </route>
                <route to="in1">
                  <actions>
                    <action arg="642" type="push"/>
                  </actions>
                </route>
                <route to="in0">
                  <actions>
                    <action arg="645" type="push"/>
                  </actions>
                </route>
                <route to="in0">
                  <actions>
                    <action arg="648" type="push"/>
                  </actions>
                </route>
                <route to="in0">
                  <actions>
                    <action arg="650" type="push"/>
                  </actions>
                </route>
                <route to="in0">
                  <actions>
                    <action arg="653" type="push"/>
                  </actions>
                </route>
              </routes>
            </te-group>
            <te-group>
              <routes>
                <route to="in0">
                  <actions>
                    <action arg="637" type="push"/>
                    <action arg="2792" type="push"/>
                  </actions>
                </route>
                <route to="in0">
                  <actions>
                    <action arg="640" type="push"/>
                    <action arg="2792" type="push"/>
                  </actions>
                </route>
                <route to="in0">
                  <actions>
                    <action arg="642" type="push"/>
                    <action arg="2792" type="push"/>
                  </actions>
                </route>
                <route to="in0">
                  <actions>
                    <action arg="668" type="push"/>
                    <action arg="2792" type="push"/>
                  </actions>
                </route>
                <route to="in0">
                  <actions>
                    <action arg="674" type="push"/>
                    <action arg="2792" type="push"/>
                  </actions>
                </route>
                <route to="in0">
                  <actions>
                    <action arg="692" type="push"/>
                    <action arg="2792" type="push"/>
                  </actions>
                </route>
                <route to="in0">
                  <actions>
                    <action arg="696" type="push"/>
                    <action arg="2792" type="push"/>
                  </actions>
                </route>
                <route to="in1">
                  <actions>
                    <action arg="657" type="push"/>
                    <action arg="2789" type="push"/>
                  </actions>
                </route>
                <route to="in0">
                  <actions>
                    <action arg="701" type="push"/>
                    <action arg="2792" type="push"/>
                  </actions>
                </route>
                <route to="in0">
                  <actions>
                    <action arg="706" type="push"/>
                    <action arg="2792" type="push"/>
                  </actions>
                </route>
                <route to="in0">
                  <actions>
                    <action arg="712" type="push"/>
                    <action arg="2792" type="push"/>
                  </actions>
                </route>
                <route to="in0">
                  <actions>
                    <action arg="717" type="push"/>
                    <action arg="2792" type="push"/>
                  </actions>
                </route>
                <route to="in0">
                  <actions>
                    <action arg="630" type="push"/>
                    <action arg="2792" type="push"/>
                  </actions>
                </route>
                <route to="in1">
                  <actions>
                    <action arg="645" type="push"/>
                    <action arg="2789" type="push"/>
                  </actions>
                </route>
                <route to="in1">
                  <actions>
                    <action arg="648" type="push"/>
                    <action arg="2789" type="push"/>
                  </actions>
                </route>
                <route to="in1">
                  <actions>
                    <action arg="650" type="push"/>
                    <action arg="2789" type="push"/>
                  </actions>
                </route>
                <route to="in1">
                  <actions>
                    <action arg="653" type="push"/>
                    <action arg="2789" type="push"/>
                  </actions>
                </route>
                <route to="in1">
                  <actions>
                    <action arg="660" type="push"/>
                    <action arg="2789" type="push"/>
                  </actions>
                </route>
                <route to="in1">
                  <actions>
                    <action arg="664" type="push"/>
                    <action arg="2789" type="push"/>
                  </actions>
                </route>
                <route to="in1">
                  <actions>
                    <action arg="681" type="push"/>
                    <action arg="2789" type="push"/>
                  </actions>
                </route>
                <route to="in1">
                  <actions>
                    <action arg="686" type="push"/>
                    <action arg="2789" type="push"/>
                  </actions>
                </route>
                <route to="in0">
                  <actions>
                    <action arg="623" type="push"/>
                    <action arg="2792" type="push"/>
                  </actions>
                </route>
                <route to="in0">
                  <actions>
                    <action arg="627" type="push"/>
                    <action arg="2792" type="push"/>
                  </actions>
                </route>
                <route to="in0">
                  <actions>
                    <action arg="634" type="push"/>
                    <action arg="2792" type="push"/>
                  </actions>
                </route>
              </routes>
            </te-group>
            <te-group>
              <routes>
                <route to="in0">
                  <actions>
                    <action arg="645" type="push"/>
                    <action arg="2789" type="push"/>
                    <action arg="2792" type="push"/>
                  </actions>
                </route>
                <route to="in0">
                  <actions>
                    <action arg="648" type="push"/>
                    <action arg="2789" type="push"/>
                    <action arg="2792" type="push"/>
                  </actions>
                </route>
                <route to="in0">
                  <actions>
                    <action arg="650" type="push"/>
                    <action arg="2789" type="push"/>
                    <action arg="2792" type="push"/>
                  </actions>
                </route>
                <route to="in0">
                  <actions>
                    <action arg="653" type="push"/>
                    <action arg="2789" type="push"/>
                    <action arg="2792" type="push"/>
                  </actions>
                </route>
                <route to="in0">
                  <actions>
                    <action arg="657" type="push"/>
                    <action arg="2789" type="push"/>
                    <action arg="2792" type="push"/>
                  </actions>
                </route>
                <route to="in0">
                  <actions>
                    <action arg="660" type="push"/>
                    <action arg="2789" type="push"/>
                    <action arg="2792" type="push"/>
                  </actions>
                </route>
                <route to="in0">
                  <actions>
                    <action arg="664" type="push"/>
                    <action arg="2789" type="push"/>
                    <action arg="2792" type="push"/>
                  </actions>
                </route>
                <route to="in0">
                  <actions>
                    <action arg="681" type="push"/>
                    <action arg="2789" type="push"/>
                    <action arg="2792" type="push"/>
                  </actions>
                </route>
                <route to="in0">
                  <actions>
                    <action arg="686" type="push"/>
                    <action arg="2789" type="push"/>
                    <action arg="2792" type="push"/>
                  </actions>
                </route>
              </routes>
            </te-group>
          </te-groups>
        </destination>
        <destination from="in0" label="58">
          <te-groups>
            <te-group>
              <routes>
                <route to="eg0">
                  <actions>
                    <action type="pop"/>
                  </actions>
                </route>
              </routes>
            </te-group>
          </te-groups>
        </destination>
        <destination from="in0" label="185">
          <te-groups>
            <te-group>
              <routes>
                <route to="eg0">
                  <actions>
                    <action type="pop"/>
                  </actions>
                </route>
              </routes>
            </te-group>
          </te-groups>
        </destination>
        <destination from="in0" label="303">
          <te-groups>
            <te-group>
              <routes>
                <route to="eg0">
                  <actions>
                    <action type="pop"/>
                  </actions>
                </route>
              </routes>
            </te-group>
          </te-groups>
        </destination>
        <destination from="in0" label="416">
          <te-groups>
            <te-group>
              <routes>
                <route to="eg0">
                  <actions>
                    <action type="pop"/>
                  </actions>
                </route>
              </routes>
            </te-group>
          </te-groups>
        </destination>
        <destination from="in0" label="520">
          <te-groups>
            <te-group>
              <routes>
                <route to="eg0">
                  <actions>
                    <action type="pop"/>
                  </actions>
                </route>
              </routes>
            </te-group>
          </te-groups>
        </destination>
        <destination from="in0" label="735">
          <te-groups>
            <te-group>
              <routes>
                <route to="eg0">
                  <actions>
                    <action type="pop"/>
                  </actions>
                </route>
              </routes>
            </te-group>
          </te-groups>
        </destination>
        <destination from="in0" label="836">
          <te-groups>
            <te-group>
              <routes>
                <route to="eg0">
                  <actions>
                    <action type="pop"/>
                  </actions>
                </route>
              </routes>
            </te-group>
          </te-groups>
        </destination>
        <destination from="in0" label="948">
          <te-groups>
            <te-group>
              <routes>
                <route to="eg0">
                  <actions>
                    <action type="pop"/>
                  </actions>
                </route>
              </routes>
            </te-group>
          </te-groups>
        </destination>
        <destination from="in0" label="1049">
          <te-groups>
            <te-group>
              <routes>
                <route to="eg0">
                  <actions>
                    <action type="pop"/>
                  </actions>
                </route>
              </routes>
            </te-group>
          </te-groups>
        </destination>
        <destination from="in0" label="1136">
          <te-groups>
            <te-group>
              <routes>
                <route to="eg0">
                  <actions>
                    <action type="pop"/>
                  </actions>
                </route>
              </routes>
            </te-group>
          </te-groups>
        </destination>
        <destination from="in0" label="1235">
          <te-groups>
            <te-group>
              <routes>
                <route to="eg0">
                  <actions>
                    <action type="pop"/>
                  </actions>
                </route>
              </routes>
            </te-group>
          </te-groups>
        </destination>
        <destination from="in0" label="1345">
          <te-groups>
            <te-group>
              <routes>
                <route to="eg0">
                  <actions>
                    <action type="pop"/>
                  </actions>
                </route>
              </routes>
            </te-group>
          </te-groups>
        </destination>
        <destination from="in0" label="1449">
          <te-groups>
            <te-group>
              <routes>
                <route to="eg0">
                  <actions>
                    <action type="pop"/>
                  </actions>
                </route>
              </routes>
            </te-group>
          </te-groups>
        </destination>
        <destination from="in0" label="1565">
          <te-groups>
            <te-group>
              <routes>
                <route to="eg0">
                  <actions>
                    <action type="pop"/>
                  </actions>
                </route>
              </routes>
            </te-group>
          </te-groups>
        </destination>
        <destination from="in0" label="1655">
          <te-groups>
            <te-group>
              <routes>
                <route to="eg0">
                  <actions>
                    <action type="pop"/>
                  </actions>
                </route>
              </routes>
            </te-group>
          </te-groups>
        </destination>
        <destination from="in0" label="1786">
          <te-groups>
            <te-group>
              <routes>
                <route to="eg0">
                  <actions>
                    <action type="pop"/>
                  </actions>
                </route>
              </routes>
            </te-group>
          </te-groups>
        </destination>
        <destination from="in0" label="1931">
          <te-groups>
            <te-group>
              <routes>
                <route to="eg0">
                  <actions>
                    <action type="pop"/>
                  </actions>
                </route>
              </routes>
            </te-group>
          </te-groups>
        </destination>
        <destination from="in0" label="2058">
          <te-groups>
            <te-group>
              <routes>
                <route to="eg0">
                  <actions>
                    <action type="pop"/>
                  </actions>
                </route>
              </routes>
            </te-group>
          </te-groups>
        </destination>
        <destination from="in0" label="2175">
          <te-groups>
            <te-group>
              <routes>
                <route to="eg0">
                  <actions>
                    <action type="pop"/>
                  </actions>
                </route>
              </routes>
            </te-group>
          </te-groups>
        </destination>
        <destination from="in0" label="2275">
          <te-groups>
            <te-group>
              <routes>
                <route to="eg0">
                  <actions>
                    <action type="pop"/>
                  </actions>
                </route>
              </routes>
            </te-group>
          </te-groups>
        </destination>
        <destination from="in0" label="2392">
          <te-groups>
            <te-group>
              <routes>
                <route to="eg0">
                  <actions>
                    <action type="pop"/>
                  </actions>
                </route>
              </routes>
            </te-group>
          </te-groups>
        </destination>
        <destination from="in0" label="2505">
          <te-groups>
            <te-group>
              <routes>
                <route to="eg0">
                  <actions>
                    <action type="pop"/>
                  </actions>
                </route>
              </routes>
            </te-group>
          </te-groups>
        </destination>
        <destination from="in0" label="2605">
          <te-groups>
            <te-group>
              <routes>
                <route to="eg0">
                  <actions>
                    <action type="pop"/>
                  </actions>
                </route>
              </routes>
            </te-group>
          </te-groups>
        </destination>
        <destination from="in0" label="2707">
          <te-groups>
            <te-group>
              <routes>
                <route to="eg0">
                  <actions>
                    <action type="pop"/>
                  </actions>
                </route>
              </routes>
            </te-group>
          </te-groups>
        </destination>
        <destination from="in0" label="2780">
          <te-groups>
            <te-group>
              <routes>
                <route to="in1">
                  <actions>
                    <action type="pop"/>
                  </actions>
                </route>
              </routes>
            </te-group>
            <te-group>
              <routes>
                <route to="in0">
                  <actions>
                    <action arg="2792" type="swap"/>
                  </actions>
                </route>
              </routes>
            </te-group>
          </te-groups>
        </destination>
        <destination from="in0" label="2797">
          <te-groups>
            <te-group>
              <routes>
                <route to="in0">
                  <actions>
                    <action arg="2796" type="swap"/>
                  </actions>
                </route>
              </routes>
            </te-group>
          </te-groups>
        </destination>
        <destination from="in0" label="2804">
          <te-groups>
            <te-group>
              <routes>
                <route to="in1">
                  <actions>
                    <action type="pop"/>
                  </actions>
                </route>
              </routes>
            </te-group>
          </te-groups>
        </destination>
        <destination from="in0" label="2817">
          <te-groups>
            <te-group>
              <routes>
                <route to="in1">
                  <actions>
                    <action arg="2816" type="swap"/>
                  </actions>
                </route>
              </routes>
            </te-group>
          </te-groups>
        </destination>
        <destination from="in0" label="2848">
          <te-groups>
            <te-group>
              <routes>
                <route to="in1">
                  <actions>
                    <action arg="2847" type="swap"/>
                  </actions>
                </route>
              </routes>
            </te-group>
          </te-groups>
        </destination>
        <destination from="in0" label="2909">
          <te-groups>
            <te-group>
              <routes>
                <route to="in1">
                  <actions>
                    <action arg="2908" type="swap"/>
                  </actions>
                </route>
              </routes>
            </te-group>
          </te-groups>
        </destination>
        <destination from="in0" label="$69">
          <te-groups>
            <te-group>
              <routes>
                <route to="in0">
                  <actions>
                    <action arg="70" type="swap"/>
                  </actions>
                </route>
              </routes>
            </te-group>
            <te-group>
              <routes>
                <route to="in1">
                  <actions>
                    <action arg="70" type="swap"/>
                    <action arg="2789" type="push"/>
                  </actions>
                </route>
              </routes>
            </te-group>
          </te-groups>
        </destination>
        <destination from="in0" label="$75">
          <te-groups>
            <te-group>
              <routes>
                <route to="in0">
                  <actions>
                    <action arg="76" type="swap"/>
                  </actions>
                </route>
              </routes>
            </te-group>
            <te-group>
              <routes>
                <route to="in1">
                  <actions>
                    <action arg="76" type="swap"/>
                    <action arg="2789" type="push"/>
                  </actions>
                </route>
              </routes>
            </te-group>
          </te-groups>
        </destination>
        <destination from="in0" label="$80">
          <te-groups>
            <te-group>
              <routes>
                <route to="in0">
                  <actions>
                    <action arg="81" type="swap"/>
                  </actions>
                </route>
              </routes>
            </te-group>
            <te-group>
              <routes>
                <route to="in1">
                  <actions>
                    <action arg="81" type="swap"/>
                    <action arg="2789" type="push"/>
                  </actions>
                </route>
              </routes>
            </te-group>
          </te-groups>
        </destination>
        <destination from="in0" label="$86">
          <te-groups>
            <te-group>
              <routes>
                <route to="in0">
                  <actions>
                    <action arg="87" type="swap"/>
                  </actions>
                </route>
              </routes>
            </te-group>
            <te-group>
              <routes>
                <route to="in1">
                  <actions>
                    <action arg="87" type="swap"/>
                    <action arg="2789" type="push"/>
                  </actions>
                </route>
              </routes>
            </te-group>
          </te-groups>
        </destination>
        <destination from="in0" label="$93">
          <te-groups>
            <te-group>
              <routes>
                <route to="in0">
                  <actions>
                    <action arg="94" type="swap"/>
                  </actions>
                </route>
              </routes>
            </te-group>
            <te-group>
              <routes>
                <route to="in1">
                  <actions>
                    <action arg="94" type="swap"/>
                    <action arg="2789" type="push"/>
                  </actions>
                </route>
              </routes>
            </te-group>
          </te-groups>
        </destination>
        <destination from="in0" label="$99">
          <te-groups>
            <te-group>
              <routes>
                <route to="in0">
                  <actions>
                    <action arg="100" type="swap"/>
                  </actions>
                </route>
              </routes>
            </te-group>
            <te-group>
              <routes>
                <route to="in1">
                  <actions>
                    <action arg="100" type="swap"/>
                    <action arg="2789" type="push"/>
                  </actions>
                </route>
              </routes>
            </te-group>
          </te-groups>
        </destination>
        <destination from="in0" label="$106">
          <te-groups>
            <te-group>
              <routes>
                <route to="in0">
                  <actions>
                    <action arg="107" type="swap"/>
                  </actions>
                </route>
              </routes>
            </te-group>
            <te-group>
              <routes>
                <route to="in1">
                  <actions>
                    <action arg="107" type="swap"/>
                    <action arg="2789" type="push"/>
                  </actions>
                </route>
              </routes>
            </te-group>
          </te-groups>
        </destination>
        <destination from="in0" label="$124">
          <te-groups>
            <te-group>
              <routes>
                <route to="in0">
                  <actions>
                    <action arg="125" type="swap"/>
                  </actions>
                </route>
              </routes>
            </te-group>
            <te-group>
              <routes>
                <route to="in1">
                  <actions>
                    <action arg="125" type="swap"/>
                    <action arg="2789" type="push"/>
                  </actions>
                </route>
              </routes>
            </te-group>
          </te-groups>
        </destination>
        <destination from="in0" label="$132">
          <te-groups>
            <te-group>
              <routes>
                <route to="in0">
                  <actions>
                    <action arg="133" type="swap"/>
                  </actions>
                </route>
              </routes>
            </te-group>
            <te-group>
              <routes>
                <route to="in1">
                  <actions>
                    <action arg="133" type="swap"/>
                    <action arg="2789" type="push"/>
                  </actions>
                </route>
              </routes>
            </te-group>
          </te-groups>
        </destination>
        <destination from="in0" label="$193">
          <te-groups>
            <te-group>
              <routes>
                <route to="in0">
                  <actions>
                    <action arg="194" type="swap"/>
                  </actions>
                </route>
              </routes>
            </te-group>
            <te-group>
              <routes>
                <route to="in1">
                  <actions>
                    <action arg="194" type="swap"/>
                    <action arg="2789" type="push"/>
                  </actions>
                </route>
              </routes>
            </te-group>
          </te-groups>
        </destination>
        <destination from="in0" label="$198">
          <te-groups>
            <te-group>
              <routes>
                <route to="in0">
                  <actions>
                    <action arg="199" type="swap"/>
                  </actions>
                </route>
              </routes>
            </te-group>
            <te-group>
              <routes>
                <route to="in1">
                  <actions>
                    <action arg="199" type="swap"/>
                    <action arg="2789" type="push"/>
                  </actions>
                </route>
              </routes>
            </te-group>
          </te-groups>
        </destination>
        <destination from="in0" label="$202">
          <te-groups>
            <te-group>
              <routes>
                <route to="in0">
                  <actions>
                    <action arg="203" type="swap"/>
                  </actions>
                </route>
              </routes>
            </te-group>
            <te-group>
              <routes>
                <route to="in1">
                  <actions>
                    <action arg="203" type="swap"/>
                    <action arg="2789" type="push"/>
                  </actions>
                </route>
              </routes>
            </te-group>
          </te-groups>
        </destination>
        <destination from="in0" label="$207">
          <te-groups>
            <te-group>
              <routes>
                <route to="in0">
                  <actions>
                    <action arg="208" type="swap"/>
                  </actions>
                </route>
              </routes>
            </te-group>
            <te-group>
              <routes>
                <route to="in1">
                  <actions>
                    <action arg="208" type="swap"/>
                    <action arg="2789" type="push"/>
                  </actions>
                </route>
              </routes>
            </te-group>
          </te-groups>
        </destination>
        <destination from="in0" label="$213">
          <te-groups>
            <te-group>
              <routes>
                <route to="in0">
                  <actions>
                    <action arg="214" type="swap"/>
                  </actions>
                </route>
              </routes>
            </te-group>
            <te-group>
              <routes>
                <route to="in1">
                  <actions>
                    <action arg="214" type="swap"/>
                    <action arg="2789" type="push"/>
                  </actions>
                </route>
              </routes>
            </te-group>
          </te-groups>
        </destination>
        <destination from="in0" label="$218">
          <te-groups>
            <te-group>
              <routes>
                <route to="in0">
                  <actions>
                    <action arg="219" type="swap"/>
                  </actions>
                </route>
              </routes>
            </te-group>
            <te-group>
              <routes>
                <route to="in1">
                  <actions>
                    <action arg="219" type="swap"/>
                    <action arg="2789" type="push"/>
                  </actions>
                </route>
              </routes>
            </te-group>
          </te-groups>
        </destination>
        <destination from="in0" label="$224">
          <te-groups>
            <te-group>
              <routes>
                <route to="in0">
                  <actions>
                    <action arg="225" type="swap"/>
                  </actions>
                </route>
              </routes>
            </te-group>
            <te-group>
              <routes>
                <route to="in1">
                  <actions>
                    <action arg="225" type="swap"/>
                    <action arg="2789" type="push"/>
                  </actions>
                </route>
              </routes>
            </te-group>
          </te-groups>
        </destination>
        <destination from="in0" label="$243">
          <te-groups>
            <te-group>
              <routes>
                <route to="in0">
                  <actions>
                    <action arg="244" type="swap"/>
                  </actions>
                </route>
              </routes>
            </te-group>
            <te-group>
              <routes>
                <route to="in1">
                  <actions>
                    <action arg="244" type="swap"/>
                    <action arg="2789" type="push"/>
                  </actions>
                </route>
              </routes>
            </te-group>
          </te-groups>
        </destination>
        <destination from="in0" label="$250">
          <te-groups>
            <te-group>
              <routes>
                <route to="in0">
                  <actions>
                    <action arg="251" type="swap"/>
                  </actions>
                </route>
              </routes>
            </te-group>
            <te-group>
              <routes>
                <route to="in1">
                  <actions>
                    <action arg="251" type="swap"/>
                    <action arg="2789" type="push"/>
                  </actions>
                </route>
              </routes>
            </te-group>
          </te-groups>
        </destination>
        <destination from="in0" label="$314">
          <te-groups>
            <te-group>
              <routes>
                <route to="in0">
                  <actions>
                    <action arg="315" type="swap"/>
                  </actions>
                </route>
              </routes>
            </te-group>
            <te-group>
              <routes>
                <route to="in1">
                  <actions>
                    <action arg="315" type="swap"/>
                    <action arg="2789" type="push"/>
                  </actions>
                </route>
              </routes>
            </te-group>
          </te-groups>
        </destination>
        <destination from="in0" label="$320">
          <te-groups>
            <te-group>
              <routes>
                <route to="in0">
                  <actions>
                    <action arg="321" type="swap"/>
                  </actions>
                </route>
              </routes>
            </te-group>
            <te-group>
              <routes>
                <route to="in1">
                  <actions>
                    <action arg="321" type="swap"/>
                    <action arg="2789" type="push"/>
                  </actions>
                </route>
              </routes>
            </te-group>
          </te-groups>
        </destination>
        <destination from="in0" label="$325">
          <te-groups>
            <te-group>
              <routes>
                <route to="in0">
                  <actions>
                    <action arg="326" type="swap"/>
                  </actions>
                </route>
              </routes>
            </te-group>
            <te-group>
              <routes>
                <route to="in1">
                  <actions>
                    <action arg="326" type="swap"/>
                    <action arg="2789" type="push"/>
                  </actions>
                </route>
              </routes>
            </te-group>
          </te-groups>
        </destination>
        <destination from="in0" label="$331">
          <te-groups>
            <te-group>
              <routes>
                <route to="in0">
                  <actions>
                    <action arg="332" type="swap"/>
                  </actions>
                </route>
              </routes>
            </te-group>
            <te-group>
              <routes>
                <route to="in1">
                  <actions>
                    <action arg="332" type="swap"/>
                    <action arg="2789" type="push"/>
                  </actions>
                </route>
              </routes>
            </te-group>
          </te-groups>
        </destination>
        <destination from="in0" label="$338">
          <te-groups>
            <te-group>
              <routes>
                <route to="in0">
                  <actions>
                    <action arg="339" type="swap"/>
                  </actions>
                </route>
              </routes>
            </te-group>
            <te-group>
              <routes>
                <route to="in1">
                  <actions>
                    <action arg="339" type="swap"/>
                    <action arg="2789" type="push"/>
                  </actions>
                </route>
              </routes>
            </te-group>
          </te-groups>
        </destination>
        <destination from="in0" label="$344">
          <te-groups>
            <te-group>
              <routes>
                <route to="in0">
                  <actions>
                    <action arg="345" type="swap"/>
                  </actions>
                </route>
              </routes>
            </te-group>
            <te-group>
              <routes>
                <route to="in1">
                  <actions>
                    <action arg="345" type="swap"/>
                    <action arg="2789" type="push"/>
                  </actions>
                </route>
              </routes>
            </te-group>
          </te-groups>
        </destination>
        <destination from="in0" label="$351">
          <te-groups>
            <te-group>
              <routes>
                <route to="in0">
                  <actions>
                    <action arg="352" type="swap"/>
                  </actions>
                </route>
              </routes>
            </te-group>
            <te-group>
              <routes>
                <route to="in1">
                  <actions>
                    <action arg="352" type="swap"/>
                    <action arg="2789" type="push"/>
                  </actions>
                </route>
              </routes>
            </te-group>
          </te-groups>
        </destination>
        <destination from="in0" label="$365">
          <te-groups>
            <te-group>
              <routes>
                <route to="in0">
                  <actions>
                    <action arg="366" type="swap"/>
                  </actions>
                </route>
              </routes>
            </te-group>
            <te-group>
              <routes>
                <route to="in1">
                  <actions>
                    <action arg="366" type="swap"/>
                    <action arg="2789" type="push"/>
                  </actions>
                </route>
              </routes>
            </te-group>
          </te-groups>
        </destination>
        <destination from="in0" label="$373">
          <te-groups>
            <te-group>
              <routes>
                <route to="in0">
                  <actions>
                    <action arg="374" type="swap"/>
                  </actions>
                </route>
              </routes>
            </te-group>
            <te-group>
              <routes>
                <route to="in1">
                  <actions>
                    <action arg="374" type="swap"/>
                    <action arg="2789" type="push"/>
                  </actions>
                </route>
              </routes>
            </te-group>
          </te-groups>
        </destination>
        <destination from="in0" label="$424">
          <te-groups>
            <te-group>
              <routes>
                <route to="in0">
                  <actions>
                    <action arg="425" type="swap"/>
                  </actions>
                </route>
              </routes>
            </te-group>
            <te-group>
              <routes>
                <route to="in1">
                  <actions>
                    <action arg="425" type="swap"/>
                    <action arg="2789" type="push"/>
                  </actions>
                </route>
              </routes>
            </te-group>
          </te-groups>
        </destination>
        <destination from="in0" label="$429">
          <te-groups>
            <te-group>
              <routes>
                <route to="in0">
                  <actions>
                    <action arg="430" type="swap"/>
                  </actions>
                </route>
              </routes>
            </te-group>
            <te-group>
              <routes>
                <route to="in1">
                  <actions>
                    <action arg="430" type="swap"/>
                    <action arg="2789" type="push"/>
                  </actions>
                </route>
              </routes>
            </te-group>
          </te-groups>
        </destination>
        <destination from="in0" label="$433">
          <te-groups>
            <te-group>
              <routes>
                <route to="in0">
                  <actions>
                    <action arg="434" type="swap"/>
                  </actions>
                </route>
              </routes>
            </te-group>
            <te-group>
              <routes>
                <route to="in1">
                  <actions>
                    <action arg="434" type="swap"/>
                    <action arg="2789" type="push"/>
                  </actions>
                </route>
              </routes>
            </te-group>
          </te-groups>
        </destination>
        <destination from="in0" label="$438">
          <te-groups>
            <te-group>
              <routes>
                <route to="in0">
                  <actions>
                    <action arg="439" type="swap"/>
                  </actions>
                </route>
              </routes>
            </te-group>
            <te-group>
              <routes>
                <route to="in1">
                  <actions>
                    <action arg="439" type="swap"/>
                    <action arg="2789" type="push"/>
                  </actions>
                </route>
              </routes>
            </te-group>
          </te-groups>
        </destination>
        <destination from="in0" label="$444">
          <te-groups>
            <te-group>
              <routes>
                <route to="in0">
                  <actions>
                    <action arg="445" type="swap"/>
                  </actions>
                </route>
              </routes>
            </te-group>
            <te-group>
              <routes>
                <route to="in1">
                  <actions>
                    <action arg="445" type="swap"/>
                    <action arg="2789" type="push"/>
                  </actions>
                </route>
              </routes>
            </te-group>
          </te-groups>
        </destination>
        <destination from="in0" label="$449">
          <te-groups>
            <te-group>
              <routes>
                <route to="in0">
                  <actions>
                    <action arg="450" type="swap"/>
                  </actions>
                </route>
              </routes>
            </te-group>
            <te-group>
              <routes>
                <route to="in1">
                  <actions>
                    <action arg="450" type="swap"/>
                    <action arg="2789" type="push"/>
                  </actions>
                </route>
              </routes>
            </te-group>
          </te-groups>
        </destination>
        <destination from="in0" label="$455">
          <te-groups>
            <te-group>
              <routes>
                <route to="in0">
                  <actions>
                    <action arg="456" type="swap"/>
                  </actions>
                </route>
              </routes>
            </te-group>
            <te-group>
              <routes>
                <route to="in1">
                  <actions>
                    <action arg="456" type="swap"/>
                    <action arg="2789" type="push"/>
                  </actions>
                </route>
              </routes>
            </te-group>
          </te-groups>
        </destination>
        <destination from="in0" label="$466">
          <te-groups>
            <te-group>
              <routes>
                <route to="in0">
                  <actions>
                    <action arg="467" type="swap"/>
                  </actions>
                </route>
              </routes>
            </te-group>
            <te-group>
              <routes>
                <route to="in1">
                  <actions>
                    <action arg="467" type="swap"/>
                    <action arg="2789" type="push"/>
                  </actions>
                </route>
              </routes>
            </te-group>
          </te-groups>
        </destination>
        <destination from="in0" label="$473">
          <te-groups>
            <te-group>
              <routes>
                <route to="in0">
                  <actions>
                    <action arg="474" type="swap"/>
                  </actions>
                </route>
              </routes>
            </te-group>
            <te-group>
              <routes>
                <route to="in1">
                  <actions>
                    <action arg="474" type="swap"/>
                    <action arg="2789" type="push"/>
                  </actions>
                </route>
              </routes>
            </te-group>
          </te-groups>
        </destination>
        <destination from="in0" label="$528">
          <te-groups>
            <te-group>
              <routes>
                <route to="in0">
                  <actions>
                    <action arg="529" type="swap"/>
                  </actions>
                </route>
              </routes>
            </te-group>
            <te-group>
              <routes>
                <route to="in1">
                  <actions>
                    <action arg="529" type="swap"/>
                    <action arg="2789" type="push"/>
                  </actions>
                </route>
              </routes>
            </te-group>
          </te-groups>
        </destination>
        <destination from="in0" label="$533">
          <te-groups>
            <te-group>
              <routes>
                <route to="in0">
                  <actions>
                    <action arg="534" type="swap"/>
                  </actions>
                </route>
              </routes>
            </te-group>
            <te-group>
              <routes>
                <route to="in1">
                  <actions>
                    <action arg="534" type="swap"/>
                    <action arg="2789" type="push"/>
                  </actions>
                </route>
              </routes>
            </te-group>
          </te-groups>
        </destination>
        <destination from="in0" label="$537">
          <te-groups>
            <te-group>
              <routes>
                <route to="in0">
                  <actions>
                    <action arg="538" type="swap"/>
                  </actions>
                </route>
              </routes>
            </te-group>
            <te-group>
              <routes>
                <route to="in1">
                  <actions>
                    <action arg="538" type="swap"/>
                    <action arg="2789" type="push"/>
                  </actions>
                </route>
              </routes>
            </te-group>
          </te-groups>
        </destination>
        <destination from="in0" label="$542">
          <te-groups>
            <te-group>
              <routes>
                <route to="in0">
                  <actions>
                    <action arg="543" type="swap"/>
                  </actions>
                </route>
              </routes>
            </te-group>
            <te-group>
              <routes>
                <route to="in1">
                  <actions>
                    <action arg="543" type="swap"/>
                    <action arg="2789" type="push"/>
                  </actions>
                </route>
              </routes>
            </te-group>
          </te-groups>
        </destination>
        <destination from="in0" label="$548">
          <te-groups>
            <te-group>
              <routes>
                <route to="in0">
                  <actions>
                    <action arg="549" type="swap"/>
                  </actions>
                </route>
              </routes>
            </te-group>
            <te-group>
              <routes>
                <route to="in1">
                  <actions>
                    <action arg="549" type="swap"/>
                    <action arg="2789" type="push"/>
                  </actions>
                </route>
              </routes>
            </te-group>
          </te-groups>
        </destination>
        <destination from="in0" label="$553">
          <te-groups>
            <te-group>
              <routes>
                <route to="in0">
                  <actions>
                    <action arg="554" type="swap"/>
                  </actions>
                </route>
              </routes>
            </te-group>
            <te-group>
              <routes>
                <route to="in1">
                  <actions>
                    <action arg="554" type="swap"/>
                    <action arg="2789" type="push"/>
                  </actions>
                </route>
              </routes>
            </te-group>
          </te-groups>
        </destination>
        <destination from="in0" label="$559">
          <te-groups>
            <te-group>
              <routes>
                <route to="in0">
                  <actions>
                    <action arg="560" type="swap"/>
                  </actions>
                </route>
              </routes>
            </te-group>
            <te-group>
              <routes>
                <route to="in1">
                  <actions>
                    <action arg="560" type="swap"/>
                    <action arg="2789" type="push"/>
                  </actions>
                </route>
              </routes>
            </te-group>
          </te-groups>
        </destination>
        <destination from="in0" label="$578">
          <te-groups>
            <te-group>
              <routes>
                <route to="in0">
                  <actions>
                    <action arg="579" type="swap"/>
                  </actions>
                </route>
              </routes>
            </te-group>
            <te-group>
              <routes>
                <route to="in1">
                  <actions>
                    <action arg="579" type="swap"/>
                    <action arg="2789" type="push"/>
                  </actions>
                </route>
              </routes>
            </te-group>
          </te-groups>
        </destination>
        <destination from="in0" label="$585">
          <te-groups>
            <te-group>
              <routes>
                <route to="in0">
                  <actions>
                    <action arg="586" type="swap"/>
                  </actions>
                </route>
              </routes>
            </te-group>
            <te-group>
              <routes>
                <route to="in1">
                  <actions>
                    <action arg="586" type="swap"/>
                    <action arg="2789" type="push"/>
                  </actions>
                </route>
              </routes>
            </te-group>
          </te-groups>
        </destination>
        <destination from="in0" label="$739">
          <te-groups>
            <te-group>
              <routes>
                <route to="in0">
                  <actions>
                    <action arg="740" type="swap"/>
                  </actions>
                </route>
              </routes>
            </te-group>
            <te-group>
              <routes>
                <route to="in1">
                  <actions>
                    <action arg="740" type="swap"/>
                    <action arg="2789" type="push"/>
                  </actions>
                </route>
              </routes>
            </te-group>
          </te-groups>
        </destination>
        <destination from="in0" label="$743">
          <te-groups>
            <te-group>
              <routes>
                <route to="in0">
                  <actions>
                    <action arg="744" type="swap"/>
                  </actions>
                </route>
              </routes>
            </te-group>
            <te-group>
              <routes>
                <route to="in1">
                  <actions>
                    <action arg="744" type="swap"/>
                    <action arg="2789" type="push"/>
                  </actions>
                </route>
              </routes>
            </te-group>
          </te-groups>
        </destination>
        <destination from="in0" label="$746">
          <te-groups>
            <te-group>
              <routes>
                <route to="in0">
                  <actions>
                    <action arg="747" type="swap"/>
                  </actions>
                </route>
              </routes>
            </te-group>
            <te-group>
              <routes>
                <route to="in1">
                  <actions>
                    <action arg="747" type="swap"/>
                    <action arg="2789" type="push"/>
                  </actions>
                </route>
              </routes>
            </te-group>
          </te-groups>
        </destination>
        <destination from="in0" label="$750">
          <te-groups>
            <te-group>
              <routes>
                <route to="in0">
                  <actions>
                    <action arg="751" type="swap"/>
                  </actions>
                </route>
              </routes>
            </te-group>
            <te-group>
              <routes>
                <route to="in1">
                  <actions>
                    <action arg="751" type="swap"/>
                    <action arg="2789" type="push"/>
                  </actions>
                </route>
              </routes>
            </te-group>
          </te-groups>
        </destination>
        <destination from="in0" label="$755">
          <te-groups>
            <te-group>
              <routes>
                <route to="in0">
                  <actions>
                    <action arg="756" type="swap"/>
                  </actions>
                </route>
              </routes>
            </te-group>
            <te-group>
              <routes>
                <route to="in1">
                  <actions>
                    <action arg="756" type="swap"/>
                    <action arg="2789" type="push"/>
                  </actions>
                </route>
              </routes>
            </te-group>
          </te-groups>
        </destination>
        <destination from="in0" label="$759">
          <te-groups>
            <te-group>
              <routes>
                <route to="in0">
                  <actions>
                    <action arg="760" type="swap"/>
                  </actions>
                </route>
              </routes>
            </te-group>
            <te-group>
              <routes>
                <route to="in1">
                  <actions>
                    <action arg="760" type="swap"/>
                    <action arg="2789" type="push"/>
                  </actions>
                </route>
              </routes>
            </te-group>
          </te-groups>
        </destination>
        <destination from="in0" label="$764">
          <te-groups>
            <te-group>
              <routes>
                <route to="in0">
                  <actions>
                    <action arg="765" type="swap"/>
                  </actions>
                </route>
              </routes>
            </te-group>
            <te-group>
              <routes>
                <route to="in1">
                  <actions>
                    <action arg="765" type="swap"/>
                    <action arg="2789" type="push"/>
                  </actions>
                </route>
              </routes>
            </te-group>
          </te-groups>
        </destination>
        <destination from="in0" label="$780">
          <te-groups>
            <te-group>
              <routes>
                <route to="in0">
                  <actions>
                    <action arg="781" type="swap"/>
                  </actions>
                </route>
              </routes>
            </te-group>
            <te-group>
              <routes>
                <route to="in1">
                  <actions>
                    <action arg="781" type="swap"/>
                    <action arg="2789" type="push"/>
                  </actions>
                </route>
              </routes>
            </te-group>
          </te-groups>
        </destination>
        <destination from="in0" label="$786">
          <te-groups>
            <te-group>
              <routes>
                <route to="in0">
                  <actions>
                    <action arg="787" type="swap"/>
                  </actions>
                </route>
              </routes>
            </te-group>
            <te-group>
              <routes>
                <route to="in1">
                  <actions>
                    <action arg="787" type="swap"/>
                    <action arg="2789" type="push"/>
                  </actions>
                </route>
              </routes>
            </te-group>
          </te-groups>
        </destination>
        <destination from="in0" label="$841">
          <te-groups>
            <te-group>
              <routes>
                <route to="in0">
                  <actions>
                    <action arg="842" type="swap"/>
                  </actions>
                </route>
              </routes>
            </te-group>
            <te-group>
              <routes>
                <route to="in1">
                  <actions>
                    <action arg="842" type="swap"/>
                    <action arg="2789" type="push"/>
                  </actions>
                </route>
              </routes>
            </te-group>
          </te-groups>
        </destination>
        <destination from="in0" label="$846">
          <te-groups>
            <te-group>
              <routes>
                <route to="in0">
                  <actions>
                    <action arg="847" type="swap"/>
                  </actions>
                </route>
              </routes>
            </te-group>
            <te-group>
              <routes>
                <route to="in1">
                  <actions>
                    <action arg="847" type="swap"/>
                    <action arg="2789" type="push"/>
                  </actions>
                </route>
              </routes>
            </te-group>
          </te-groups>
        </destination>
        <destination from="in0" label="$850">
          <te-groups>
            <te-group>
              <routes>
                <route to="in0">
                  <actions>
                    <action arg="851" type="swap"/>
                  </actions>
                </route>
              </routes>
            </te-group>
            <te-group>
              <routes>
                <route to="in1">
                  <actions>
                    <action arg="851" type="swap"/>
                    <action arg="2789" type="push"/>
                  </actions>
                </route>
              </routes>
            </te-group>
          </te-groups>
        </destination>
        <destination from="in0" label="$855">
          <te-groups>
            <te-group>
              <routes>
                <route to="in0">
                  <actions>
                    <action arg="856" type="swap"/>
                  </actions>
                </route>
              </routes>
            </te-group>
            <te-group>
              <routes>
                <route to="in1">
                  <actions>
                    <action arg="856" type="swap"/>
                    <action arg="2789" type="push"/>
                  </actions>
                </route>
              </routes>
            </te-group>
          </te-groups>
        </destination>
        <destination from="in0" label="$861">
          <te-groups>
            <te-group>
              <routes>
                <route to="in0">
                  <actions>
                    <action arg="862" type="swap"/>
                  </actions>
                </route>
              </routes>
            </te-group>
            <te-group>
              <routes>
                <route to="in1">
                  <actions>
                    <action arg="862" type="swap"/>
                    <action arg="2789" type="push"/>
                  </actions>
                </route>
              </routes>
            </te-group>
          </te-groups>
        </destination>
        <destination from="in0" label="$866">
          <te-groups>
            <te-group>
              <routes>
                <route to="in0">
                  <actions>
                    <action arg="867" type="swap"/>
                  </actions>
                </route>
              </routes>
            </te-group>
            <te-group>
              <routes>
                <route to="in1">
                  <actions>
                    <action arg="867" type="swap"/>
                    <action arg="2789" type="push"/>
                  </actions>
                </route>
              </routes>
            </te-group>
          </te-groups>
        </destination>
        <destination from="in0" label="$872">
          <te-groups>
            <te-group>
              <routes>
                <route to="in0">
                  <actions>
                    <action arg="873" type="swap"/>
                  </actions>
                </route>
              </routes>
            </te-group>
            <te-group>
              <routes>
                <route to="in1">
                  <actions>
                    <action arg="873" type="swap"/>
                    <action arg="2789" type="push"/>
                  </actions>
                </route>
              </routes>
            </te-group>
          </te-groups>
        </destination>
        <destination from="in0" label="$921">
          <te-groups>
            <te-group>
              <routes>
                <route to="in1">
                  <actions>
                    <action arg="922" type="swap"/>
                  </actions>
                </route>
              </routes>
            </te-group>
            <te-group>
              <routes>
                <route to="in0">
                  <actions>
                    <action arg="922" type="swap"/>
                    <action arg="2792" type="push"/>
                  </actions>
                </route>
              </routes>
            </te-group>
          </te-groups>
        </destination>
        <destination from="in0" label="$927">
          <te-groups>
            <te-group>
              <routes>
                <route to="in1">
                  <actions>
                    <action arg="928" type="swap"/>
                  </actions>
                </route>
              </routes>
            </te-group>
            <te-group>
              <routes>
                <route to="in0">
                  <actions>
                    <action arg="928" type="swap"/>
                    <action arg="2792" type="push"/>
                  </actions>
                </route>
              </routes>
            </te-group>
          </te-groups>
        </destination>
        <destination from="in0" label="$932">
          <te-groups>
            <te-group>
              <routes>
                <route to="in1">
                  <actions>
                    <action arg="933" type="swap"/>
                  </actions>
                </route>
              </routes>
            </te-group>
            <te-group>
              <routes>
                <route to="in0">
                  <actions>
                    <action arg="933" type="swap"/>
                    <action arg="2792" type="push"/>
                  </actions>
                </route>
              </routes>
            </te-group>
          </te-groups>
        </destination>
        <destination from="in0" label="$938">
          <te-groups>
            <te-group>
              <routes>
                <route to="in1">
                  <actions>
                    <action arg="939" type="swap"/>
                  </actions>
                </route>
              </routes>
            </te-group>
            <te-group>
              <routes>
                <route to="in0">
                  <actions>
                    <action arg="939" type="swap"/>
                    <action arg="2792" type="push"/>
                  </actions>
                </route>
              </routes>
            </te-group>
          </te-groups>
        </destination>
        <destination from="in0" label="$943">
          <te-groups>
            <te-group>
              <routes>
                <route to="in1">
                  <actions>
                    <action arg="944" type="swap"/>
                  </actions>
                </route>
              </routes>
            </te-group>
            <te-group>
              <routes>
                <route to="in0">
                  <actions>
                    <action arg="944" type="swap"/>
                    <action arg="2792" type="push"/>
                  </actions>
                </route>
              </routes>
            </te-group>
          </te-groups>
        </destination>
        <destination from="in0" label="$951">
          <te-groups>
            <te-group>
              <routes>
                <route to="in1">
                  <actions>
                    <action arg="952" type="swap"/>
                  </actions>
                </route>
              </routes>
            </te-group>
            <te-group>
              <routes>
                <route to="in0">
                  <actions>
                    <action arg="952" type="swap"/>
                    <action arg="2792" type="push"/>
                  </actions>
                </route>
              </routes>
            </te-group>
          </te-groups>
        </destination>
        <destination from="in0" label="$955">
          <te-groups>
            <te-group>
              <routes>
                <route to="in1">
                  <actions>
                    <action arg="956" type="swap"/>
                  </actions>
                </route>
              </routes>
            </te-group>
            <te-group>
              <routes>
                <route to="in0">
                  <actions>
                    <action arg="956" type="swap"/>
                    <action arg="2792" type="push"/>
                  </actions>
                </route>
              </routes>
            </te-group>
          </te-groups>
        </destination>
        <destination from="in0" label="$1109">
          <te-groups>
            <te-group>
              <routes>
                <route to="in1">
                  <actions>
                    <action arg="1110" type="swap"/>
                  </actions>
                </route>
              </routes>
            </te-group>
            <te-group>
              <routes>
                <route to="in0">
                  <actions>
                    <action arg="1110" type="swap"/>
                    <action arg="2792" type="push"/>
                  </actions>
                </route>
              </routes>
            </te-group>
          </te-groups>
        </destination>
        <destination from="in0" label="$1115">
          <te-groups>
            <te-group>
              <routes>
                <route to="in1">
                  <actions>
                    <action arg="1116" type="swap"/>
                  </actions>
                </route>
              </routes>
            </te-group>
            <te-group>
              <routes>
                <route to="in0">
                  <actions>
                    <action arg="1116" type="swap"/>
                    <action arg="2792" type="push"/>
                  </actions>
                </route>
              </routes>
            </te-group>
          </te-groups>
        </destination>
        <destination from="in0" label="$1120">
          <te-groups>
            <te-group>
              <routes>
                <route to="in1">
                  <actions>
                    <action arg="1121" type="swap"/>
                  </actions>
                </route>
              </routes>
            </te-group>
            <te-group>
              <routes>
                <route to="in0">
                  <actions>
                    <action arg="1121" type="swap"/>
                    <action arg="2792" type="push"/>
                  </actions>
                </route>
              </routes>
            </te-group>
          </te-groups>
        </destination>
        <destination from="in0" label="$1126">
          <te-groups>
            <te-group>
              <routes>
                <route to="in1">
                  <actions>
                    <action arg="1127" type="swap"/>
                  </actions>
                </route>
              </routes>
            </te-group>
            <te-group>
              <routes>
                <route to="in0">
                  <actions>
                    <action arg="1127" type="swap"/>
                    <action arg="2792" type="push"/>
                  </actions>
                </route>
              </routes>
            </te-group>
          </te-groups>
        </destination>
        <destination from="in0" label="$1131">
          <te-groups>
            <te-group>
              <routes>
                <route to="in1">
                  <actions>
                    <action arg="1132" type="swap"/>
                  </actions>
                </route>
              </routes>
            </te-group>
            <te-group>
              <routes>
                <route to="in0">
                  <actions>
                    <action arg="1132" type="swap"/>
                    <action arg="2792" type="push"/>
                  </actions>
                </route>
              </routes>
            </te-group>
          </te-groups>
        </destination>
        <destination from="in0" label="$1139">
          <te-groups>
            <te-group>
              <routes>
                <route to="in1">
                  <actions>
                    <action arg="1140" type="swap"/>
                  </actions>
                </route>
              </routes>
            </te-group>
            <te-group>
              <routes>
                <route to="in0">
                  <actions>
                    <action arg="1140" type="swap"/>
                    <action arg="2792" type="push"/>
                  </actions>
                </route>
              </routes>
            </te-group>
          </te-groups>
        </destination>
        <destination from="in0" label="$1143">
          <te-groups>
            <te-group>
              <routes>
                <route to="in1">
                  <actions>
                    <action arg="1144" type="swap"/>
                  </actions>
                </route>
              </routes>
            </te-group>
            <te-group>
              <routes>
                <route to="in0">
                  <actions>
                    <action arg="1144" type="swap"/>
                    <action arg="2792" type="push"/>
                  </actions>
                </route>
              </routes>
            </te-group>
          </te-groups>
        </destination>
        <destination from="in0" label="$1203">
          <te-groups>
            <te-group>
              <routes>
                <route to="in1">
                  <actions>
                    <action arg="1204" type="swap"/>
                  </actions>
                </route>
              </routes>
            </te-group>
            <te-group>
              <routes>
                <route to="in0">
                  <actions>
                    <action arg="1204" type="swap"/>
                    <action arg="2792" type="push"/>
                  </actions>
                </route>
              </routes>
            </te-group>
          </te-groups>
        </destination>
        <destination from="in0" label="$1210">
          <te-groups>
            <te-group>
              <routes>
                <route to="in1">
                  <actions>
                    <action arg="1211" type="swap"/>
                  </actions>
                </route>
              </routes>
            </te-group>
            <te-group>
              <routes>
                <route to="in0">
                  <actions>
                    <action arg="1211" type="swap"/>
                    <action arg="2792" type="push"/>
                  </actions>
                </route>
              </routes>
            </te-group>
          </te-groups>
        </destination>
        <destination from="in0" label="$1216">
          <te-groups>
            <te-group>
              <routes>
                <route to="in1">
                  <actions>
                    <action arg="1217" type="swap"/>
                  </actions>
                </route>
              </routes>
            </te-group>
            <te-group>
              <routes>
                <route to="in0">
                  <actions>
                    <action arg="1217" type="swap"/>
                    <action arg="2792" type="push"/>
                  </actions>
                </route>
              </routes>
            </te-group>
          </te-groups>
        </destination>
        <destination from="in0" label="$1223">
          <te-groups>
            <te-group>
              <routes>
                <route to="in1">
                  <actions>
                    <action arg="1224" type="swap"/>
                  </actions>
                </route>
              </routes>
            </te-group>
            <te-group>
              <routes>
                <route to="in0">
                  <actions>
                    <action arg="1224" type="swap"/>
                    <action arg="2792" type="push"/>
                  </actions>
                </route>
              </routes>
            </te-group>
          </te-groups>
        </destination>
        <destination from="in0" label="$1229">
          <te-groups>
            <te-group>
              <routes>
                <route to="in1">
                  <actions>
                    <action arg="1230" type="swap"/>
                  </actions>
                </route>
              </routes>
            </te-group>
            <te-group>
              <routes>
                <route to="in0">
                  <actions>
                    <action arg="1230" type="swap"/>
                    <action arg="2792" type="push"/>
                  </actions>
                </route>
              </routes>
            </te-group>
          </te-groups>
        </destination>
        <destination from="in0" label="$1239">
          <te-groups>
            <te-group>
              <routes>
                <route to="in1">
                  <actions>
                    <action arg="1240" type="swap"/>
                  </actions>
                </route>
              </routes>
            </te-group>
            <te-group>
              <routes>
                <route to="in0">
                  <actions>
                    <action arg="1240" type="swap"/>
                    <action arg="2792" type="push"/>
                  </actions>
                </route>
              </routes>
            </te-group>
          </te-groups>
        </destination>
        <destination from="in0" label="$1244">
          <te-groups>
            <te-group>
              <routes>
                <route to="in1">
                  <actions>
                    <action arg="1245" type="swap"/>
                  </actions>
                </route>
              </routes>
            </te-group>
            <te-group>
              <routes>
                <route to="in0">
                  <actions>
                    <action arg="1245" type="swap"/>
                    <action arg="2792" type="push"/>
                  </actions>
                </route>
              </routes>
            </te-group>
          </te-groups>
        </destination>
        <destination from="in0" label="$1318">
          <te-groups>
            <te-group>
              <routes>
                <route to="in1">
                  <actions>
                    <action arg="1319" type="swap"/>
                  </actions>
                </route>
              </routes>
            </te-group>
            <te-group>
              <routes>
                <route to="in0">
                  <actions>
                    <action arg="1319" type="swap"/>
                    <action arg="2792" type="push"/>
                  </actions>
                </route>
              </routes>
            </te-group>
          </te-groups>
        </destination>
        <destination from="in0" label="$1324">
          <te-groups>
            <te-group>
              <routes>
                <route to="in1">
                  <actions>
                    <action arg="1325" type="swap"/>
                  </actions>
                </route>
              </routes>
            </te-group>
            <te-group>
              <routes>
                <route to="in0">
                  <actions>
                    <action arg="1325" type="swap"/>
                    <action arg="2792" type="push"/>
                  </actions>
                </route>
              </routes>
            </te-group>
          </te-groups>
        </destination>
        <destination from="in0" label="$1329">
          <te-groups>
            <te-group>
              <routes>
                <route to="in1">
                  <actions>
                    <action arg="1330" type="swap"/>
                  </actions>
                </route>
              </routes>
            </te-group>
            <te-group>
              <routes>
                <route to="in0">
                  <actions>
                    <action arg="1330" type="swap"/>
                    <action arg="2792" type="push"/>
                  </actions>
                </route>
              </routes>
            </te-group>
          </te-groups>
        </destination>
        <destination from="in0" label="$1335">
          <te-groups>
            <te-group>
              <routes>
                <route to="in1">
                  <actions>
                    <action arg="1336" type="swap"/>
                  </actions>
                </route>
              </routes>
            </te-group>
            <te-group>
              <routes>
                <route to="in0">
                  <actions>
                    <action arg="1336" type="swap"/>
                    <action arg="2792" type="push"/>
                  </actions>
                </route>
              </routes>
            </te-group>
          </te-groups>
        </destination>
        <destination from="in0" label="$1340">
          <te-groups>
            <te-group>
              <routes>
                <route to="in1">
                  <actions>
                    <action arg="1341" type="swap"/>
                  </actions>
                </route>
              </routes>
            </te-group>
            <te-group>
              <routes>
                <route to="in0">
                  <actions>
                    <action arg="1341" type="swap"/>
                    <action arg="2792" type="push"/>
                  </actions>
                </route>
              </routes>
            </te-group>
          </te-groups>
        </destination>
        <destination from="in0" label="$1348">
          <te-groups>
            <te-group>
              <routes>
                <route to="in1">
                  <actions>
                    <action arg="1349" type="swap"/>
                  </actions>
                </route>
              </routes>
            </te-group>
            <te-group>
              <routes>
                <route to="in0">
                  <actions>
                    <action arg="1349" type="swap"/>
                    <action arg="2792" type="push"/>
                  </actions>
                </route>
              </routes>
            </te-group>
          </te-groups>
        </destination>
        <destination from="in0" label="$1352">
          <te-groups>
            <te-group>
              <routes>
                <route to="in1">
                  <actions>
                    <action arg="1353" type="swap"/>
                  </actions>
                </route>
              </routes>
            </te-group>
            <te-group>
              <routes>
                <route to="in0">
                  <actions>
                    <action arg="1353" type="swap"/>
                    <action arg="2792" type="push"/>
                  </actions>
                </route>
              </routes>
            </te-group>
          </te-groups>
        </destination>
        <destination from="in0" label="$1417">
          <te-groups>
            <te-group>
              <routes>
                <route to="in1">
                  <actions>
                    <action arg="1418" type="swap"/>
                  </actions>
                </route>
              </routes>
            </te-group>
            <te-group>
              <routes>
                <route to="in0">
                  <actions>
                    <action arg="1418" type="swap"/>
                    <action arg="2792" type="push"/>
                  </actions>
                </route>
              </routes>
            </te-group>
          </te-groups>
        </destination>
        <destination from="in0" label="$1424">
          <te-groups>
            <te-group>
              <routes>
                <route to="in1">
                  <actions>
                    <action arg="1425" type="swap"/>
                  </actions>
                </route>
              </routes>
            </te-group>
            <te-group>
              <routes>
                <route to="in0">
                  <actions>
                    <action arg="1425" type="swap"/>
                    <action arg="2792" type="push"/>
                  </actions>
                </route>
              </routes>
            </te-group>
          </te-groups>
        </destination>
        <destination from="in0" label="$1430">
          <te-groups>
            <te-group>
              <routes>
                <route to="in1">
                  <actions>
                    <action arg="1431" type="swap"/>
                  </actions>
                </route>
              </routes>
            </te-group>
            <te-group>
              <routes>
                <route to="in0">
                  <actions>
                    <action arg="1431" type="swap"/>
                    <action arg="2792" type="push"/>
                  </actions>
                </route>
              </routes>
            </te-group>
          </te-groups>
        </destination>
        <destination from="in0" label="$1437">
          <te-groups>
            <te-group>
              <routes>
                <route to="in1">
                  <actions>
                    <action arg="1438" type="swap"/>
                  </actions>
                </route>
              </routes>
            </te-group>
            <te-group>
              <routes>
                <route to="in0">
                  <actions>
                    <action arg="1438" type="swap"/>
                    <action arg="2792" type="push"/>
                  </actions>
                </route>
              </routes>
            </te-group>
          </te-groups>
        </destination>
        <destination from="in0" label="$1443">
          <te-groups>
            <te-group>
              <routes>
                <route to="in1">
                  <actions>
                    <action arg="1444" type="swap"/>
                  </actions>
                </route>
              </routes>
            </te-group>
            <te-group>
              <routes>
                <route to="in0">
                  <actions>
                    <action arg="1444" type="swap"/>
                    <action arg="2792" type="push"/>
                  </actions>
                </route>
              </routes>
            </te-group>
          </te-groups>
        </destination>
        <destination from="in0" label="$1453">
          <te-groups>
            <te-group>
              <routes>
                <route to="in1">
                  <actions>
                    <action arg="1454" type="swap"/>
                  </actions>
                </route>
              </routes>
            </te-group>
            <te-group>
              <routes>
                <route to="in0">
                  <actions>
                    <action arg="1454" type="swap"/>
                    <action arg="2792" type="push"/>
                  </actions>
                </route>
              </routes>
            </te-group>
          </te-groups>
        </destination>
        <destination from="in0" label="$1458">
          <te-groups>
            <te-group>
              <routes>
                <route to="in1">
                  <actions>
                    <action arg="1459" type="swap"/>
                  </actions>
                </route>
              </routes>
            </te-group>
            <te-group>
              <routes>
                <route to="in0">
                  <actions>
                    <action arg="1459" type="swap"/>
                    <action arg="2792" type="push"/>
                  </actions>
                </route>
              </routes>
            </te-group>
          </te-groups>
        </destination>
        <destination from="in0" label="$1533">
          <te-groups>
            <te-group>
              <routes>
                <route to="in1">
                  <actions>
                    <action arg="1534" type="swap"/>
                  </actions>
                </route>
              </routes>
            </te-group>
            <te-group>
              <routes>
                <route to="in0">
                  <actions>
                    <action arg="1534" type="swap"/>
                    <action arg="2792" type="push"/>
                  </actions>
                </route>
              </routes>
            </te-group>
          </te-groups>
        </destination>
        <destination from="in0" label="$1540">
          <te-groups>
            <te-group>
              <routes>
                <route to="in1">
                  <actions>
                    <action arg="1541" type="swap"/>
                  </actions>
                </route>
              </routes>
            </te-group>
            <te-group>
              <routes>
                <route to="in0">
                  <actions>
                    <action arg="1541" type="swap"/>
                    <action arg="2792" type="push"/>
                  </actions>
                </route>
              </routes>
            </te-group>
          </te-groups>
        </destination>
        <destination from="in0" label="$1546">
          <te-groups>
            <te-group>
              <routes>
                <route to="in1">
                  <actions>
                    <action arg="1547" type="swap"/>
                  </actions>
                </route>
              </routes>
            </te-group>
            <te-group>
              <routes>
                <route to="in0">
                  <actions>
                    <action arg="1547" type="swap"/>
                    <action arg="2792" type="push"/>
                  </actions>
                </route>
              </routes>
            </te-group>
          </te-groups>
        </destination>
        <destination from="in0" label="$1553">
          <te-groups>
            <te-group>
              <routes>
                <route to="in1">
                  <actions>
                    <action arg="1554" type="swap"/>
                  </actions>
                </route>
              </routes>
            </te-group>
            <te-group>
              <routes>
                <route to="in0">
                  <actions>
                    <action arg="1554" type="swap"/>
                    <action arg="2792" type="push"/>
                  </actions>
                </route>
              </routes>
            </te-group>
          </te-groups>
        </destination>
        <destination from="in0" label="$1559">
          <te-groups>
            <te-group>
              <routes>
                <route to="in1">
                  <actions>
                    <action arg="1560" type="swap"/>
                  </actions>
                </route>
              </routes>
            </te-group>
            <te-group>
              <routes>
                <route to="in0">
                  <actions>
                    <action arg="1560" type="swap"/>
                    <action arg="2792" type="push"/>
                  </actions>
                </route>
              </routes>
            </te-group>
          </te-groups>
        </destination>
        <destination from="in0" label="$1569">
          <te-groups>
            <te-group>
              <routes>
                <route to="in1">
                  <actions>
                    <action arg="1570" type="swap"/>
                  </actions>
                </route>
              </routes>
            </te-group>
            <te-group>
              <routes>
                <route to="in0">
                  <actions>
                    <action arg="1570" type="swap"/>
                    <action arg="2792" type="push"/>
                  </actions>
                </route>
              </routes>
            </te-group>
          </te-groups>
        </destination>
        <destination from="in0" label="$1666">
          <te-groups>
            <te-group>
              <routes>
                <route to="in0">
                  <actions>
                    <action arg="1667" type="swap"/>
                  </actions>
                </route>
              </routes>
            </te-group>
            <te-group>
              <routes>
                <route to="in1">
                  <actions>
                    <action arg="1667" type="swap"/>
                    <action arg="2789" type="push"/>
                  </actions>
                </route>
              </routes>
            </te-group>
          </te-groups>
        </destination>
        <destination from="in0" label="$1672">
          <te-groups>
            <te-group>
              <routes>
                <route to="in0">
                  <actions>
                    <action arg="1673" type="swap"/>
                  </actions>
                </route>
              </routes>
            </te-group>
            <te-group>
              <routes>
                <route to="in1">
                  <actions>
                    <action arg="1673" type="swap"/>
                    <action arg="2789" type="push"/>
                  </actions>
                </route>
              </routes>
            </te-group>
          </te-groups>
        </destination>
        <destination from="in0" label="$1677">
          <te-groups>
            <te-group>
              <routes>
                <route to="in0">
                  <actions>
                    <action arg="1678" type="swap"/>
                  </actions>
                </route>
              </routes>
            </te-group>
            <te-group>
              <routes>
                <route to="in1">
                  <actions>
                    <action arg="1678" type="swap"/>
                    <action arg="2789" type="push"/>
                  </actions>
                </route>
              </routes>
            </te-group>
          </te-groups>
        </destination>
        <destination from="in0" label="$1683">
          <te-groups>
            <te-group>
              <routes>
                <route to="in0">
                  <actions>
                    <action arg="1684" type="swap"/>
                  </actions>
                </route>
              </routes>
            </te-group>
            <te-group>
              <routes>
                <route to="in1">
                  <actions>
                    <action arg="1684" type="swap"/>
                    <action arg="2789" type="push"/>
                  </actions>
                </route>
              </routes>
            </te-group>
          </te-groups>
        </destination>
        <destination from="in0" label="$1690">
          <te-groups>
            <te-group>
              <routes>
                <route to="in0">
                  <actions>
                    <action arg="1691" type="swap"/>
                  </actions>
                </route>
              </routes>
            </te-group>
            <te-group>
              <routes>
                <route to="in1">
                  <actions>
                    <action arg="1691" type="swap"/>
                    <action arg="2789" type="push"/>
                  </actions>
                </route>
              </routes>
            </te-group>
          </te-groups>
        </destination>
        <destination from="in0" label="$1696">
          <te-groups>
            <te-group>
              <routes>
                <route to="in0">
                  <actions>
                    <action arg="1697" type="swap"/>
                  </actions>
                </route>
              </routes>
            </te-group>
            <te-group>
              <routes>
                <route to="in1">
                  <actions>
                    <action arg="1697" type="swap"/>
                    <action arg="2789" type="push"/>
                  </actions>
                </route>
              </routes>
            </te-group>
          </te-groups>
        </destination>
        <destination from="in0" label="$1703">
          <te-groups>
            <te-group>
              <routes>
                <route to="in0">
                  <actions>
                    <action arg="1704" type="swap"/>
                  </actions>
                </route>
              </routes>
            </te-group>
            <te-group>
              <routes>
                <route to="in1">
                  <actions>
                    <action arg="1704" type="swap"/>
                    <action arg="2789" type="push"/>
                  </actions>
                </route>
              </routes>
            </te-group>
          </te-groups>
        </destination>
        <destination from="in0" label="$1712">
          <te-groups>
            <te-group>
              <routes>
                <route to="in0">
                  <actions>
                    <action arg="1713" type="swap"/>
                  </actions>
                </route>
              </routes>
            </te-group>
            <te-group>
              <routes>
                <route to="in1">
                  <actions>
                    <action arg="1713" type="swap"/>
                    <action arg="2789" type="push"/>
                  </actions>
                </route>
              </routes>
            </te-group>
          </te-groups>
        </destination>
        <destination from="in0" label="$1720">
          <te-groups>
            <te-group>
              <routes>
                <route to="in0">
                  <actions>
                    <action arg="1721" type="swap"/>
                  </actions>
                </route>
              </routes>
            </te-group>
            <te-group>
              <routes>
                <route to="in1">
                  <actions>
                    <action arg="1721" type="swap"/>
                    <action arg="2789" type="push"/>
                  </actions>
                </route>
              </routes>
            </te-group>
          </te-groups>
        </destination>
        <destination from="in0" label="$2016">
          <te-groups>
            <te-group>
              <routes>
                <route to="in1">
                  <actions>
                    <action arg="2017" type="swap"/>
                  </actions>
                </route>
              </routes>
            </te-group>
            <te-group>
              <routes>
                <route to="in0">
                  <actions>
                    <action arg="2017" type="swap"/>
                    <action arg="2792" type="push"/>
                  </actions>
                </route>
              </routes>
            </te-group>
          </te-groups>
        </destination>
        <destination from="in0" label="$2025">
          <te-groups>
            <te-group>
              <routes>
                <route to="in1">
                  <actions>
                    <action arg="2026" type="swap"/>
                  </actions>
                </route>
              </routes>
            </te-group>
            <te-group>
              <routes>
                <route to="in0">
                  <actions>
                    <action arg="2026" type="swap"/>
                    <action arg="2792" type="push"/>
                  </actions>
                </route>
              </routes>
            </te-group>
          </te-groups>
        </destination>
        <destination from="in0" label="$2033">
          <te-groups>
            <te-group>
              <routes>
                <route to="in1">
                  <actions>
                    <action arg="2034" type="swap"/>
                  </actions>
                </route>
              </routes>
            </te-group>
            <te-group>
              <routes>
                <route to="in0">
                  <actions>
                    <action arg="2034" type="swap"/>
                    <action arg="2792" type="push"/>
                  </actions>
                </route>
              </routes>
            </te-group>
          </te-groups>
        </destination>
        <destination from="in0" label="$2042">
          <te-groups>
            <te-group>
              <routes>
                <route to="in1">
                  <actions>
                    <action arg="2043" type="swap"/>
                  </actions>
                </route>
              </routes>
            </te-group>
            <te-group>
              <routes>
                <route to="in0">
                  <actions>
                    <action arg="2043" type="swap"/>
                    <action arg="2792" type="push"/>
                  </actions>
                </route>
              </routes>
            </te-group>
          </te-groups>
        </destination>
        <destination from="in0" label="$2050">
          <te-groups>
            <te-group>
              <routes>
                <route to="in1">
                  <actions>
                    <action arg="2051" type="swap"/>
                  </actions>
                </route>
              </routes>
            </te-group>
            <te-group>
              <routes>
                <route to="in0">
                  <actions>
                    <action arg="2051" type="swap"/>
                    <action arg="2792" type="push"/>
                  </actions>
                </route>
              </routes>
            </te-group>
          </te-groups>
        </destination>
        <destination from="in0" label="$2064">
          <te-groups>
            <te-group>
              <routes>
                <route to="in1">
                  <actions>
                    <action arg="2065" type="swap"/>
                  </actions>
                </route>
              </routes>
            </te-group>
            <te-group>
              <routes>
                <route to="in0">
                  <actions>
                    <action arg="2065" type="swap"/>
                    <action arg="2792" type="push"/>
                  </actions>
                </route>
              </routes>
            </te-group>
          </te-groups>
        </destination>
        <destination from="in0" label="$2690">
          <te-groups>
            <te-group>
              <routes>
                <route to="in1">
                  <actions>
                    <action arg="2691" type="swap"/>
                  </actions>
                </route>
              </routes>
            </te-group>
            <te-group>
              <routes>
                <route to="in0">
                  <actions>
                    <action arg="2691" type="swap"/>
                    <action arg="2792" type="push"/>
                  </actions>
                </route>
              </routes>
            </te-group>
          </te-groups>
        </destination>
        <destination from="in0" label="$2702">
          <te-groups>
            <te-group>
              <routes>
                <route to="in1">
                  <actions>
                    <action arg="2703" type="swap"/>
                  </actions>
                </route>
              </routes>
            </te-group>
            <te-group>
              <routes>
                <route to="in0">
                  <actions>
                    <action arg="2703" type="swap"/>
                    <action arg="2792" type="push"/>
                  </actions>
                </route>
              </routes>
            </te-group>
          </te-groups>
        </destination>
        <destination from="in0" label="$2710">
          <te-groups>
            <te-group>
              <routes>
                <route to="in1">
                  <actions>
                    <action arg="2711" type="swap"/>
                  </actions>
                </route>
              </routes>
            </te-group>
            <te-group>
              <routes>
                <route to="in0">
                  <actions>
                    <action arg="2711" type="swap"/>
                    <action arg="2792" type="push"/>
                  </actions>
                </route>
              </routes>
            </te-group>
          </te-groups>
        </destination>
        <destination from="in0" label="$2714">
          <te-groups>
            <te-group>
              <routes>
                <route to="in1">
                  <actions>
                    <action arg="2715" type="swap"/>
                  </actions>
                </route>
              </routes>
            </te-group>
            <te-group>
              <routes>
                <route to="in0">
                  <actions>
                    <action arg="2715" type="swap"/>
                    <action arg="2792" type="push"/>
                  </actions>
                </route>
              </routes>
            </te-group>
          </te-groups>
        </destination>
        <destination from="in1" label="58">
          <te-groups>
            <te-group>
              <routes>
                <route to="eg0">
                  <actions>
                    <action type="pop"/>
                  </actions>
                </route>
              </routes>
            </te-group>
          </te-groups>
        </destination>
        <destination from="in1" label="185">
          <te-groups>
            <te-group>
              <routes>
                <route to="eg0">
                  <actions>
                    <action type="pop"/>
                  </actions>
                </route>
              </routes>
            </te-group>
          </te-groups>
        </destination>
        <destination from="in1" label="303">
          <te-groups>
            <te-group>
              <routes>
                <route to="eg0">
                  <actions>
                    <action type="pop"/>
                  </actions>
                </route>
              </routes>
            </te-group>
          </te-groups>
        </destination>
        <destination from="in1" label="416">
          <te-groups>
            <te-group>
              <routes>
                <route to="eg0">
                  <actions>
                    <action type="pop"/>
                  </actions>
                </route>
              </routes>
            </te-group>
          </te-groups>
        </destination>
        <destination from="in1" label="520">
          <te-groups>
            <te-group>
              <routes>
                <route to="eg0">
                  <actions>
                    <action type="pop"/>
                  </actions>
                </route>
              </routes>
            </te-group>
          </te-groups>
        </destination>
        <destination from="in1" label="735">
          <te-groups>
            <te-group>
              <routes>
                <route to="eg0">
                  <actions>
                    <action type="pop"/>
                  </actions>
                </route>
              </routes>
            </te-group>
          </te-groups>
        </destination>
        <destination from="in1" label="836">
          <te-groups>
            <te-group>
              <routes>
                <route to="eg0">
                  <actions>
                    <action type="pop"/>
                  </actions>
                </route>
              </routes>
            </te-group>
          </te-groups>
        </destination>
        <destination from="in1" label="948">
          <te-groups>
            <te-group>
              <routes>
                <route to="eg0">
                  <actions>
                    <action type="pop"/>
                  </actions>
                </route>
              </routes>
            </te-group>
          </te-groups>
        </destination>
        <destination from="in1" label="1049">
          <te-groups>
            <te-group>
              <routes>
                <route to="eg0">
                  <actions>
                    <action type="pop"/>
                  </actions>
                </route>
              </routes>
            </te-group>
          </te-groups>
        </destination>
        <destination from="in1" label="1136">
          <te-groups>
            <te-group>
              <routes>
                <route to="eg0">
                  <actions>
                    <action type="pop"/>
                  </actions>
                </route>
              </routes>
            </te-group>
          </te-groups>
        </destination>
        <destination from="in1" label="1235">
          <te-groups>
            <te-group>
              <routes>
                <route to="eg0">
                  <actions>
                    <action type="pop"/>
                  </actions>
                </route>
              </routes>
            </te-group>
          </te-groups>
        </destination>
        <destination from="in1" label="1345">
          <te-groups>
            <te-group>
              <routes>
                <route to="eg0">
                  <actions>
                    <action type="pop"/>
                  </actions>
                </route>
              </routes>
            </te-group>
          </te-groups>
        </destination>
        <destination from="in1" label="1449">
          <te-groups>
            <te-group>
              <routes>
                <route to="eg0">
                  <actions>
                    <action type="pop"/>
                  </actions>
                </route>
              </routes>
            </te-group>
          </te-groups>
        </destination>
        <destination from="in1" label="1565">
          <te-groups>
            <te-group>
              <routes>
                <route to="eg0">
                  <actions>
                    <action type="pop"/>
                  </actions>
                </route>
              </routes>
            </te-group>
          </te-groups>
        </destination>
        <destination from="in1" label="1655">
          <te-groups>
            <te-group>
              <routes>
                <route to="eg0">
                  <actions>
                    <action type="pop"/>
                  </actions>
                </route>
              </routes>
            </te-group>
          </te-groups>
        </destination>
        <destination from="in1" label="1786">
          <te-groups>
            <te-group>
              <routes>
                <route to="eg0">
                  <actions>
                    <action type="pop"/>
                  </actions>
                </route>
              </routes>
            </te-group>
          </te-groups>
        </destination>
        <destination from="in1" label="1931">
          <te-groups>
            <te-group>
              <routes>
                <route to="eg0">
                  <actions>
                    <action type="pop"/>
                  </actions>
                </route>
              </routes>
            </te-group>
          </te-groups>
        </destination>
        <destination from="in1" label="2058">
          <te-groups>
            <te-group>
              <routes>
                <route to="eg0">
                  <actions>
                    <action type="pop"/>
                  </actions>
                </route>
              </routes>
            </te-group>
          </te-groups>
        </destination>
        <destination from="in1" label="2175">
          <te-groups>
            <te-group>
              <routes>
                <route to="eg0">
                  <actions>
                    <action type="pop"/>
                  </actions>
                </route>
              </routes>
            </te-group>
          </te-groups>
        </destination>
        <destination from="in1" label="2275">
          <te-groups>
            <te-group>
              <routes>
                <route to="eg0">
                  <actions>
                    <action type="pop"/>
                  </actions>
                </route>
              </routes>
            </te-group>
          </te-groups>
        </destination>
        <destination from="in1" label="2392">
          <te-groups>
            <te-group>
              <routes>
                <route to="eg0">
                  <actions>
                    <action type="pop"/>
                  </actions>
                </route>
              </routes>
            </te-group>
          </te-groups>
        </destination>
        <destination from="in1" label="2505">
          <te-groups>
            <te-group>
              <routes>
                <route to="eg0">
                  <actions>
                    <action type="pop"/>
                  </actions>
                </route>
              </routes>
            </te-group>
          </te-groups>
        </destination>
        <destination from="in1" label="2605">
          <te-groups>
            <te-group>
              <routes>
                <route to="eg0">
                  <actions>
                    <action type="pop"/>
                  </actions>
                </route>
              </routes>
            </te-group>
          </te-groups>
        </destination>
        <destination from="in1" label="2707">
          <te-groups>
            <te-group>
              <routes>
                <route to="eg0">
                  <actions>
                    <action type="pop"/>
                  </actions>
                </route>
              </routes>
            </te-group>
          </te-groups>
        </destination>
        <destination from="in1" label="2780">
          <te-groups>
            <te-group>
              <routes>
                <route to="in1">
                  <actions>
                    <action type="pop"/>
                  </actions>
                </route>
              </routes>
            </te-group>
            <te-group>
              <routes>
                <route to="in0">
                  <actions>
                    <action arg="2792" type="swap"/>
                  </actions>
                </route>
              </routes>
            </te-group>
          </te-groups>
        </destination>
        <destination from="in1" label="2797">
          <te-groups>
            <te-group>
              <routes>
                <route to="in0">
                  <actions>
                    <action arg="2796" type="swap"/>
                  </actions>
                </route>
              </routes>
            </te-group>
          </te-groups>
        </destination>
        <destination from="in1" label="2803">
          <te-groups>
            <te-group>
              <routes>
                <route to="in0">
                  <actions>
                    <action arg="2802" type="swap"/>
                  </actions>
                </route>
              </routes>
            </te-group>
          </te-groups>
        </destination>
        <destination from="in1" label="2804">
          <te-groups>
            <te-group>
              <routes>
                <route to="in1">
                  <actions>
                    <action type="pop"/>
                  </actions>
                </route>
              </routes>
            </te-group>
          </te-groups>
        </destination>
        <destination from="in1" label="2808">
          <te-groups>
            <te-group>
              <routes>
                <route to="in0">
                  <actions>
                    <action arg="2807" type="swap"/>
                  </actions>
                </route>
              </routes>
            </te-group>
          </te-groups>
        </destination>
        <destination from="in1" label="2897">
          <te-groups>
            <te-group>
              <routes>
                <route to="in0">
                  <actions>
                    <action arg="2896" type="swap"/>
                  </actions>
                </route>
              </routes>
            </te-group>
          </te-groups>
        </destination>
        <destination from="in1" label="2901">
          <te-groups>
            <te-group>
              <routes>
                <route to="in0">
                  <actions>
                    <action type="pop"/>
                  </actions>
                </route>
              </routes>
            </te-group>
          </te-groups>
        </destination>
        <destination from="in1" label="$69">
          <te-groups>
            <te-group>
              <routes>
                <route to="in0">
                  <actions>
                    <action arg="70" type="swap"/>
                  </actions>
                </route>
              </routes>
            </te-group>
            <te-group>
              <routes>
                <route to="in1">
                  <actions>
                    <action arg="70" type="swap"/>
                    <action arg="2789" type="push"/>
                  </actions>
                </route>
              </routes>
            </te-group>
          </te-groups>
        </destination>
        <destination from="in1" label="$75">
          <te-groups>
            <te-group>
              <routes>
                <route to="in0">
                  <actions>
                    <action arg="76" type="swap"/>
                  </actions>
                </route>
              </routes>
            </te-group>
            <te-group>
              <routes>
                <route to="in1">
                  <actions>
                    <action arg="76" type="swap"/>
                    <action arg="2789" type="push"/>
                  </actions>
                </route>
              </routes>
            </te-group>
          </te-groups>
        </destination>
        <destination from="in1" label="$80">
          <te-groups>
            <te-group>
              <routes>
                <route to="in0">
                  <actions>
                    <action arg="81" type="swap"/>
                  </actions>
                </route>
              </routes>
            </te-group>
            <te-group>
              <routes>
                <route to="in1">
                  <actions>
                    <action arg="81" type="swap"/>
                    <action arg="2789" type="push"/>
                  </actions>
                </route>
              </routes>
            </te-group>
          </te-groups>
        </destination>
        <destination from="in1" label="$86">
          <te-groups>
            <te-group>
              <routes>
                <route to="in0">
                  <actions>
                    <action arg="87" type="swap"/>
                  </actions>
                </route>
              </routes>
            </te-group>
            <te-group>
              <routes>
                <route to="in1">
                  <actions>
                    <action arg="87" type="swap"/>
                    <action arg="2789" type="push"/>
                  </actions>
                </route>
              </routes>
            </te-group>
          </te-groups>
        </destination>
        <destination from="in1" label="$93">
          <te-groups>
            <te-group>
              <routes>
                <route to="in0">
                  <actions>
                    <action arg="94" type="swap"/>
                  </actions>
                </route>
              </routes>
            </te-group>
            <te-group>
              <routes>
                <route to="in1">
                  <actions>
                    <action arg="94" type="swap"/>
                    <action arg="2789" type="push"/>
                  </actions>
                </route>
              </routes>
            </te-group>
          </te-groups>
        </destination>
        <destination from="in1" label="$99">
          <te-groups>
            <te-group>
              <routes>
                <route to="in0">
                  <actions>
                    <action arg="100" type="swap"/>
                  </actions>
                </route>
              </routes>
            </te-group>
            <te-group>
              <routes>
                <route to="in1">
                  <actions>
                    <action arg="100" type="swap"/>
                    <action arg="2789" type="push"/>
                  </actions>
                </route>
              </routes>
            </te-group>
          </te-groups>
        </destination>
        <destination from="in1" label="$106">
          <te-groups>
            <te-group>
              <routes>
                <route to="in0">
                  <actions>
                    <action arg="107" type="swap"/>
                  </actions>
                </route>
              </routes>
            </te-group>
            <te-group>
              <routes>
                <route to="in1">
                  <actions>
                    <action arg="107" type="swap"/>
                    <action arg="2789" type="push"/>
                  </actions>
                </route>
              </routes>
            </te-group>
          </te-groups>
        </destination>
        <destination from="in1" label="$124">
          <te-groups>
            <te-group>
              <routes>
                <route to="in0">
                  <actions>
                    <action arg="125" type="swap"/>
                  </actions>
                </route>
              </routes>
            </te-group>
            <te-group>
              <routes>
                <route to="in1">
                  <actions>
                    <action arg="125" type="swap"/>
                    <action arg="2789" type="push"/>
                  </actions>
                </route>
              </routes>
            </te-group>
          </te-groups>
        </destination>
        <destination from="in1" label="$132">
          <te-groups>
            <te-group>
              <routes>
                <route to="in0">
                  <actions>
                    <action arg="133" type="swap"/>
                  </actions>
                </route>
              </routes>
            </te-group>
            <te-group>
              <routes>
                <route to="in1">
                  <actions>
                    <action arg="133" type="swap"/>
                    <action arg="2789" type="push"/>
                  </actions>
                </route>
              </routes>
            </te-group>
          </te-groups>
        </destination>
        <destination from="in1" label="$193">
          <te-groups>
            <te-group>
              <routes>
                <route to="in0">
                  <actions>
                    <action arg="194" type="swap"/>
                  </actions>
                </route>
              </routes>
            </te-group>
            <te-group>
              <routes>
                <route to="in1">
                  <actions>
                    <action arg="194" type="swap"/>
                    <action arg="2789" type="push"/>
                  </actions>
                </route>
              </routes>
            </te-group>
          </te-groups>
        </destination>
        <destination from="in1" label="$198">
          <te-groups>
            <te-group>
              <routes>
                <route to="in0">
                  <actions>
                    <action arg="199" type="swap"/>
                  </actions>
                </route>
              </routes>
            </te-group>
            <te-group>
              <routes>
                <route to="in1">
                  <actions>
                    <action arg="199" type="swap"/>
                    <action arg="2789" type="push"/>
                  </actions>
                </route>
              </routes>
            </te-group>
          </te-groups>
        </destination>
        <destination from="in1" label="$202">
          <te-groups>
            <te-group>
              <routes>
                <route to="in0">
                  <actions>
                    <action arg="203" type="swap"/>
                  </actions>
                </route>
              </routes>
            </te-group>
            <te-group>
              <routes>
                <route to="in1">
                  <actions>
                    <action arg="203" type="swap"/>
                    <action arg="2789" type="push"/>
                  </actions>
                </route>
              </routes>
            </te-group>
          </te-groups>
        </destination>
        <destination from="in1" label="$207">
          <te-groups>
            <te-group>
              <routes>
                <route to="in0">
                  <actions>
                    <action arg="208" type="swap"/>
                  </actions>
                </route>
              </routes>
            </te-group>
            <te-group>
              <routes>
                <route to="in1">
                  <actions>
                    <action arg="208" type="swap"/>
                    <action arg="2789" type="push"/>
                  </actions>
                </route>
              </routes>
            </te-group>
          </te-groups>
        </destination>
        <destination from="in1" label="$213">
          <te-groups>
            <te-group>
              <routes>
                <route to="in0">
                  <actions>
                    <action arg="214" type="swap"/>
                  </actions>
                </route>
              </routes>
            </te-group>
            <te-group>
              <routes>
                <route to="in1">
                  <actions>
                    <action arg="214" type="swap"/>
                    <action arg="2789" type="push"/>
                  </actions>
                </route>
              </routes>
            </te-group>
          </te-groups>
        </destination>
        <destination from="in1" label="$218">
          <te-groups>
            <te-group>
              <routes>
                <route to="in0">
                  <actions>
                    <action arg="219" type="swap"/>
                  </actions>
                </route>
              </routes>
            </te-group>
            <te-group>
              <routes>
                <route to="in1">
                  <actions>
                    <action arg="219" type="swap"/>
                    <action arg="2789" type="push"/>
                  </actions>
                </route>
              </routes>
            </te-group>
          </te-groups>
        </destination>
        <destination from="in1" label="$224">
          <te-groups>
            <te-group>
              <routes>
                <route to="in0">
                  <actions>
                    <action arg="225" type="swap"/>
                  </actions>
                </route>
              </routes>
            </te-group>
            <te-group>
              <routes>
                <route to="in1">
                  <actions>
                    <action arg="225" type="swap"/>
                    <action arg="2789" type="push"/>
                  </actions>
                </route>
              </routes>
            </te-group>
          </te-groups>
        </destination>
        <destination from="in1" label="$243">
          <te-groups>
            <te-group>
              <routes>
                <route to="in0">
                  <actions>
                    <action arg="244" type="swap"/>
                  </actions>
                </route>
              </routes>
            </te-group>
            <te-group>
              <routes>
                <route to="in1">
                  <actions>
                    <action arg="244" type="swap"/>
                    <action arg="2789" type="push"/>
                  </actions>
                </route>
              </routes>
            </te-group>
          </te-groups>
        </destination>
        <destination from="in1" label="$250">
          <te-groups>
            <te-group>
              <routes>
                <route to="in0">
                  <actions>
                    <action arg="251" type="swap"/>
                  </actions>
                </route>
              </routes>
            </te-group>
            <te-group>
              <routes>
                <route to="in1">
                  <actions>
                    <action arg="251" type="swap"/>
                    <action arg="2789" type="push"/>
                  </actions>
                </route>
              </routes>
            </te-group>
          </te-groups>
        </destination>
        <destination from="in1" label="$314">
          <te-groups>
            <te-group>
              <routes>
                <route to="in0">
                  <actions>
                    <action arg="315" type="swap"/>
                  </actions>
                </route>
              </routes>
            </te-group>
            <te-group>
              <routes>
                <route to="in1">
                  <actions>
                    <action arg="315" type="swap"/>
                    <action arg="2789" type="push"/>
                  </actions>
                </route>
              </routes>
            </te-group>
          </te-groups>
        </destination>
        <destination from="in1" label="$320">
          <te-groups>
            <te-group>
              <routes>
                <route to="in0">
                  <actions>
                    <action arg="321" type="swap"/>
                  </actions>
                </route>
              </routes>
            </te-group>
            <te-group>
              <routes>
                <route to="in1">
                  <actions>
                    <action arg="321" type="swap"/>
                    <action arg="2789" type="push"/>
                  </actions>
                </route>
              </routes>
            </te-group>
          </te-groups>
        </destination>
        <destination from="in1" label="$325">
          <te-groups>
            <te-group>
              <routes>
                <route to="in0">
                  <actions>
                    <action arg="326" type="swap"/>
                  </actions>
                </route>
              </routes>
            </te-group>
            <te-group>
              <routes>
                <route to="in1">
                  <actions>
                    <action arg="326" type="swap"/>
                    <action arg="2789" type="push"/>
                  </actions>
                </route>
              </routes>
            </te-group>
          </te-groups>
        </destination>
        <destination from="in1" label="$331">
          <te-groups>
            <te-group>
              <routes>
                <route to="in0">
                  <actions>
                    <action arg="332" type="swap"/>
                  </actions>
                </route>
              </routes>
            </te-group>
            <te-group>
              <routes>
                <route to="in1">
                  <actions>
                    <action arg="332" type="swap"/>
                    <action arg="2789" type="push"/>
                  </actions>
                </route>
              </routes>
            </te-group>
          </te-groups>
        </destination>
        <destination from="in1" label="$338">
          <te-groups>
            <te-group>
              <routes>
                <route to="in0">
                  <actions>
                    <action arg="339" type="swap"/>
                  </actions>
                </route>
              </routes>
            </te-group>
            <te-group>
              <routes>
                <route to="in1">
                  <actions>
                    <action arg="339" type="swap"/>
                    <action arg="2789" type="push"/>
                  </actions>
                </route>
              </routes>
            </te-group>
          </te-groups>
        </destination>
        <destination from="in1" label="$344">
          <te-groups>
            <te-group>
              <routes>
                <route to="in0">
                  <actions>
                    <action arg="345" type="swap"/>
                  </actions>
                </route>
              </routes>
            </te-group>
            <te-group>
              <routes>
                <route to="in1">
                  <actions>
                    <action arg="345" type="swap"/>
                    <action arg="2789" type="push"/>
                  </actions>
                </route>
              </routes>
            </te-group>
          </te-groups>
        </destination>
        <destination from="in1" label="$351">
          <te-groups>
            <te-group>
              <routes>
                <route to="in0">
                  <actions>
                    <action arg="352" type="swap"/>
                  </actions>
                </route>
              </routes>
            </te-group>
            <te-group>
              <routes>
                <route to="in1">
                  <actions>
                    <action arg="352" type="swap"/>
                    <action arg="2789" type="push"/>
                  </actions>
                </route>
              </routes>
            </te-group>
          </te-groups>
        </destination>
        <destination from="in1" label="$365">
          <te-groups>
            <te-group>
              <routes>
                <route to="in0">
                  <actions>
                    <action arg="366" type="swap"/>
                  </actions>
                </route>
              </routes>
            </te-group>
            <te-group>
              <routes>
                <route to="in1">
                  <actions>
                    <action arg="366" type="swap"/>
                    <action arg="2789" type="push"/>
                  </actions>
                </route>
              </routes>
            </te-group>
          </te-groups>
        </destination>
        <destination from="in1" label="$373">
          <te-groups>
            <te-group>
              <routes>
                <route to="in0">
                  <actions>
                    <action arg="374" type="swap"/>
                  </actions>
                </route>
              </routes>
            </te-group>
            <te-group>
              <routes>
                <route to="in1">
                  <actions>
                    <action arg="374" type="swap"/>
                    <action arg="2789" type="push"/>
                  </actions>
                </route>
              </routes>
            </te-group>
          </te-groups>
        </destination>
        <destination from="in1" label="$424">
          <te-groups>
            <te-group>
              <routes>
                <route to="in0">
                  <actions>
                    <action arg="425" type="swap"/>
                  </actions>
                </route>
              </routes>
            </te-group>
            <te-group>
              <routes>
                <route to="in1">
                  <actions>
                    <action arg="425" type="swap"/>
                    <action arg="2789" type="push"/>
                  </actions>
                </route>
              </routes>
            </te-group>
          </te-groups>
        </destination>
        <destination from="in1" label="$429">
          <te-groups>
            <te-group>
              <routes>
                <route to="in0">
                  <actions>
                    <action arg="430" type="swap"/>
                  </actions>
                </route>
              </routes>
            </te-group>
            <te-group>
              <routes>
                <route to="in1">
                  <actions>
                    <action arg="430" type="swap"/>
                    <action arg="2789" type="push"/>
                  </actions>
                </route>
              </routes>
            </te-group>
          </te-groups>
        </destination>
        <destination from="in1" label="$433">
          <te-groups>
            <te-group>
              <routes>
                <route to="in0">
                  <actions>
                    <action arg="434" type="swap"/>
                  </actions>
                </route>
              </routes>
            </te-group>
            <te-group>
              <routes>
                <route to="in1">
                  <actions>
                    <action arg="434" type="swap"/>
                    <action arg="2789" type="push"/>
                  </actions>
                </route>
              </routes>
            </te-group>
          </te-groups>
        </destination>
        <destination from="in1" label="$438">
          <te-groups>
            <te-group>
              <routes>
                <route to="in0">
                  <actions>
                    <action arg="439" type="swap"/>
                  </actions>
                </route>
              </routes>
            </te-group>
            <te-group>
              <routes>
                <route to="in1">
                  <actions>
                    <action arg="439" type="swap"/>
                    <action arg="2789" type="push"/>
                  </actions>
                </route>
              </routes>
            </te-group>
          </te-groups>
        </destination>
        <destination from="in1" label="$444">
          <te-groups>
            <te-group>
              <routes>
                <route to="in0">
                  <actions>
                    <action arg="445" type="swap"/>
                  </actions>
                </route>
              </routes>
            </te-group>
            <te-group>
              <routes>
                <route to="in1">
                  <actions>
                    <action arg="445" type="swap"/>
                    <action arg="2789" type="push"/>
                  </actions>
                </route>
              </routes>
            </te-group>
          </te-groups>
        </destination>
        <destination from="in1" label="$449">
          <te-groups>
            <te-group>
              <routes>
                <route to="in0">
                  <actions>
                    <action arg="450" type="swap"/>
                  </actions>
                </route>
              </routes>
            </te-group>
            <te-group>
              <routes>
                <route to="in1">
                  <actions>
                    <action arg="450" type="swap"/>
                    <action arg="2789" type="push"/>
                  </actions>
                </route>
              </routes>
            </te-group>
          </te-groups>
        </destination>
        <destination from="in1" label="$455">
          <te-groups>
            <te-group>
              <routes>
                <route to="in0">
                  <actions>
                    <action arg="456" type="swap"/>
                  </actions>
                </route>
              </routes>
            </te-group>
            <te-group>
              <routes>
                <route to="in1">
                  <actions>
                    <action arg="456" type="swap"/>
                    <action arg="2789" type="push"/>
                  </actions>
                </route>
              </routes>
            </te-group>
          </te-groups>
        </destination>
        <destination from="in1" label="$466">
          <te-groups>
            <te-group>
              <routes>
                <route to="in0">
                  <actions>
                    <action arg="467" type="swap"/>
                  </actions>
                </route>
              </routes>
            </te-group>
            <te-group>
              <routes>
                <route to="in1">
                  <actions>
                    <action arg="467" type="swap"/>
                    <action arg="2789" type="push"/>
                  </actions>
                </route>
              </routes>
            </te-group>
          </te-groups>
        </destination>
        <destination from="in1" label="$473">
          <te-groups>
            <te-group>
              <routes>
                <route to="in0">
                  <actions>
                    <action arg="474" type="swap"/>
                  </actions>
                </route>
              </routes>
            </te-group>
            <te-group>
              <routes>
                <route to="in1">
                  <actions>
                    <action arg="474" type="swap"/>
                    <action arg="2789" type="push"/>
                  </actions>
                </route>
              </routes>
            </te-group>
          </te-groups>
        </destination>
        <destination from="in1" label="$528">
          <te-groups>
            <te-group>
              <routes>
                <route to="in0">
                  <actions>
                    <action arg="529" type="swap"/>
                  </actions>
                </route>
              </routes>
            </te-group>
            <te-group>
              <routes>
                <route to="in1">
                  <actions>
                    <action arg="529" type="swap"/>
                    <action arg="2789" type="push"/>
                  </actions>
                </route>
              </routes>
            </te-group>
          </te-groups>
        </destination>
        <destination from="in1" label="$533">
          <te-groups>
            <te-group>
              <routes>
                <route to="in0">
                  <actions>
                    <action arg="534" type="swap"/>
                  </actions>
                </route>
              </routes>
            </te-group>
            <te-group>
              <routes>
                <route to="in1">
                  <actions>
                    <action arg="534" type="swap"/>
                    <action arg="2789" type="push"/>
                  </actions>
                </route>
              </routes>
            </te-group>
          </te-groups>
        </destination>
        <destination from="in1" label="$537">
          <te-groups>
            <te-group>
              <routes>
                <route to="in0">
                  <actions>
                    <action arg="538" type="swap"/>
                  </actions>
                </route>
              </routes>
            </te-group>
            <te-group>
              <routes>
                <route to="in1">
                  <actions>
                    <action arg="538" type="swap"/>
                    <action arg="2789" type="push"/>
                  </actions>
                </route>
              </routes>
            </te-group>
          </te-groups>
        </destination>
        <destination from="in1" label="$542">
          <te-groups>
            <te-group>
              <routes>
                <route to="in0">
                  <actions>
                    <action arg="543" type="swap"/>
                  </actions>
                </route>
              </routes>
            </te-group>
            <te-group>
              <routes>
                <route to="in1">
                  <actions>
                    <action arg="543" type="swap"/>
                    <action arg="2789" type="push"/>
                  </actions>
                </route>
              </routes>
            </te-group>
          </te-groups>
        </destination>
        <destination from="in1" label="$548">
          <te-groups>
            <te-group>
              <routes>
                <route to="in0">
                  <actions>
                    <action arg="549" type="swap"/>
                  </actions>
                </route>
              </routes>
            </te-group>
            <te-group>
              <routes>
                <route to="in1">
                  <actions>
                    <action arg="549" type="swap"/>
                    <action arg="2789" type="push"/>
                  </actions>
                </route>
              </routes>
            </te-group>
          </te-groups>
        </destination>
        <destination from="in1" label="$553">
          <te-groups>
            <te-group>
              <routes>
                <route to="in0">
                  <actions>
                    <action arg="554" type="swap"/>
                  </actions>
                </route>
              </routes>
            </te-group>
            <te-group>
              <routes>
                <route to="in1">
                  <actions>
                    <action arg="554" type="swap"/>
                    <action arg="2789" type="push"/>
                  </actions>
                </route>
              </routes>
            </te-group>
          </te-groups>
        </destination>
        <destination from="in1" label="$559">
          <te-groups>
            <te-group>
              <routes>
                <route to="in0">
                  <actions>
                    <action arg="560" type="swap"/>
                  </actions>
                </route>
              </routes>
            </te-group>
            <te-group>
              <routes>
                <route to="in1">
                  <actions>
                    <action arg="560" type="swap"/>
                    <action arg="2789" type="push"/>
                  </actions>
                </route>
              </routes>
            </te-group>
          </te-groups>
        </destination>
        <destination from="in1" label="$578">
          <te-groups>
            <te-group>
              <routes>
                <route to="in0">
                  <actions>
                    <action arg="579" type="swap"/>
                  </actions>
                </route>
              </routes>
            </te-group>
            <te-group>
              <routes>
                <route to="in1">
                  <actions>
                    <action arg="579" type="swap"/>
                    <action arg="2789" type="push"/>
                  </actions>
                </route>
              </routes>
            </te-group>
          </te-groups>
        </destination>
        <destination from="in1" label="$585">
          <te-groups>
            <te-group>
              <routes>
                <route to="in0">
                  <actions>
                    <action arg="586" type="swap"/>
                  </actions>
                </route>
              </routes>
            </te-group>
            <te-group>
              <routes>
                <route to="in1">
                  <actions>
                    <action arg="586" type="swap"/>
                    <action arg="2789" type="push"/>
                  </actions>
                </route>
              </routes>
            </te-group>
          </te-groups>
        </destination>
        <destination from="in1" label="$739">
          <te-groups>
            <te-group>
              <routes>
                <route to="in0">
                  <actions>
                    <action arg="740" type="swap"/>
                  </actions>
                </route>
              </routes>
            </te-group>
            <te-group>
              <routes>
                <route to="in1">
                  <actions>
                    <action arg="740" type="swap"/>
                    <action arg="2789" type="push"/>
                  </actions>
                </route>
              </routes>
            </te-group>
          </te-groups>
        </destination>
        <destination from="in1" label="$743">
          <te-groups>
            <te-group>
              <routes>
                <route to="in0">
                  <actions>
                    <action arg="744" type="swap"/>
                  </actions>
                </route>
              </routes>
            </te-group>
            <te-group>
              <routes>
                <route to="in1">
                  <actions>
                    <action arg="744" type="swap"/>
                    <action arg="2789" type="push"/>
                  </actions>
                </route>
              </routes>
            </te-group>
          </te-groups>
        </destination>
        <destination from="in1" label="$746">
          <te-groups>
            <te-group>
              <routes>
                <route to="in0">
                  <actions>
                    <action arg="747" type="swap"/>
                  </actions>
                </route>
              </routes>
            </te-group>
            <te-group>
              <routes>
                <route to="in1">
                  <actions>
                    <action arg="747" type="swap"/>
                    <action arg="2789" type="push"/>
                  </actions>
                </route>
              </routes>
            </te-group>
          </te-groups>
        </destination>
        <destination from="in1" label="$750">
          <te-groups>
            <te-group>
              <routes>
                <route to="in0">
                  <actions>
                    <action arg="751" type="swap"/>
                  </actions>
                </route>
              </routes>
            </te-group>
            <te-group>
              <routes>
                <route to="in1">
                  <actions>
                    <action arg="751" type="swap"/>
                    <action arg="2789" type="push"/>
                  </actions>
                </route>
              </routes>
            </te-group>
          </te-groups>
        </destination>
        <destination from="in1" label="$755">
          <te-groups>
            <te-group>
              <routes>
                <route to="in0">
                  <actions>
                    <action arg="756" type="swap"/>
                  </actions>
                </route>
              </routes>
            </te-group>
            <te-group>
              <routes>
                <route to="in1">
                  <actions>
                    <action arg="756" type="swap"/>
                    <action arg="2789" type="push"/>
                  </actions>
                </route>
              </routes>
            </te-group>
          </te-groups>
        </destination>
        <destination from="in1" label="$759">
          <te-groups>
            <te-group>
              <routes>
                <route to="in0">
                  <actions>
                    <action arg="760" type="swap"/>
                  </actions>
                </route>
              </routes>
            </te-group>
            <te-group>
              <routes>
                <route to="in1">
                  <actions>
                    <action arg="760" type="swap"/>
                    <action arg="2789" type="push"/>
                  </actions>
                </route>
              </routes>
            </te-group>
          </te-groups>
        </destination>
        <destination from="in1" label="$764">
          <te-groups>
            <te-group>
              <routes>
                <route to="in0">
                  <actions>
                    <action arg="765" type="swap"/>
                  </actions>
                </route>
              </routes>
            </te-group>
            <te-group>
              <routes>
                <route to="in1">
                  <actions>
                    <action arg="765" type="swap"/>
                    <action arg="2789" type="push"/>
                  </actions>
                </route>
              </routes>
            </te-group>
          </te-groups>
        </destination>
        <destination from="in1" label="$780">
          <te-groups>
            <te-group>
              <routes>
                <route to="in0">
                  <actions>
                    <action arg="781" type="swap"/>
                  </actions>
                </route>
              </routes>
            </te-group>
            <te-group>
              <routes>
                <route to="in1">
                  <actions>
                    <action arg="781" type="swap"/>
                    <action arg="2789" type="push"/>
                  </actions>
                </route>
              </routes>
            </te-group>
          </te-groups>
        </destination>
        <destination from="in1" label="$786">
          <te-groups>
            <te-group>
              <routes>
                <route to="in0">
                  <actions>
                    <action arg="787" type="swap"/>
                  </actions>
                </route>
              </routes>
            </te-group>
            <te-group>
              <routes>
                <route to="in1">
                  <actions>
                    <action arg="787" type="swap"/>
                    <action arg="2789" type="push"/>
                  </actions>
                </route>
              </routes>
            </te-group>
          </te-groups>
        </destination>
        <destination from="in1" label="$841">
          <te-groups>
            <te-group>
              <routes>
                <route to="in0">
                  <actions>
                    <action arg="842" type="swap"/>
                  </actions>
                </route>
              </routes>
            </te-group>
            <te-group>
              <routes>
                <route to="in1">
                  <actions>
                    <action arg="842" type="swap"/>
                    <action arg="2789" type="push"/>
                  </actions>
                </route>
              </routes>
            </te-group>
          </te-groups>
        </destination>
        <destination from="in1" label="$846">
          <te-groups>
            <te-group>
              <routes>
                <route to="in0">
                  <actions>
                    <action arg="847" type="swap"/>
                  </actions>
                </route>
              </routes>
            </te-group>
            <te-group>
              <routes>
                <route to="in1">
                  <actions>
                    <action arg="847" type="swap"/>
                    <action arg="2789" type="push"/>
                  </actions>
                </route>
              </routes>
            </te-group>
          </te-groups>
        </destination>
        <destination from="in1" label="$850">
          <te-groups>
            <te-group>
              <routes>
                <route to="in0">
                  <actions>
                    <action arg="851" type="swap"/>
                  </actions>
                </route>
              </routes>
            </te-group>
            <te-group>
              <routes>
                <route to="in1">
                  <actions>
                    <action arg="851" type="swap"/>
                    <action arg="2789" type="push"/>
                  </actions>
                </route>
              </routes>
            </te-group>
          </te-groups>
        </destination>
        <destination from="in1" label="$855">
          <te-groups>
            <te-group>
              <routes>
                <route to="in0">
                  <actions>
                    <action arg="856" type="swap"/>
                  </actions>
                </route>
              </routes>
            </te-group>
            <te-group>
              <routes>
                <route to="in1">
                  <actions>
                    <action arg="856" type="swap"/>
                    <action arg="2789" type="push"/>
                  </actions>
                </route>
              </routes>
            </te-group>
          </te-groups>
        </destination>
        <destination from="in1" label="$861">
          <te-groups>
            <te-group>
              <routes>
                <route to="in0">
                  <actions>
                    <action arg="862" type="swap"/>
                  </actions>
                </route>
              </routes>
            </te-group>
            <te-group>
              <routes>
                <route to="in1">
                  <actions>
                    <action arg="862" type="swap"/>
                    <action arg="2789" type="push"/>
                  </actions>
                </route>
              </routes>
            </te-group>
          </te-groups>
        </destination>
        <destination from="in1" label="$866">
          <te-groups>
            <te-group>
              <routes>
                <route to="in0">
                  <actions>
                    <action arg="867" type="swap"/>
                  </actions>
                </route>
              </routes>
            </te-group>
            <te-group>
              <routes>
                <route to="in1">
                  <actions>
                    <action arg="867" type="swap"/>
                    <action arg="2789" type="push"/>
                  </actions>
                </route>
              </routes>
            </te-group>
          </te-groups>
        </destination>
        <destination from="in1" label="$872">
          <te-groups>
            <te-group>
              <routes>
                <route to="in0">
                  <actions>
                    <action arg="873" type="swap"/>
                  </actions>
                </route>
              </routes>
            </te-group>
            <te-group>
              <routes>
                <route to="in1">
                  <actions>
                    <action arg="873" type="swap"/>
                    <action arg="2789" type="push"/>
                  </actions>
                </route>
              </routes>
            </te-group>
          </te-groups>
        </destination>
        <destination from="in1" label="$921">
          <te-groups>
            <te-group>
              <routes>
                <route to="in1">
                  <actions>
                    <action arg="922" type="swap"/>
                  </actions>
                </route>
              </routes>
            </te-group>
            <te-group>
              <routes>
                <route to="in0">
                  <actions>
                    <action arg="922" type="swap"/>
                    <action arg="2792" type="push"/>
                  </actions>
                </route>
              </routes>
            </te-group>
          </te-groups>
        </destination>
        <destination from="in1" label="$927">
          <te-groups>
            <te-group>
              <routes>
                <route to="in1">
                  <actions>
                    <action arg="928" type="swap"/>
                  </actions>
                </route>
              </routes>
            </te-group>
            <te-group>
              <routes>
                <route to="in0">
                  <actions>
                    <action arg="928" type="swap"/>
                    <action arg="2792" type="push"/>
                  </actions>
                </route>
              </routes>
            </te-group>
          </te-groups>
        </destination>
        <destination from="in1" label="$932">
          <te-groups>
            <te-group>
              <routes>
                <route to="in1">
                  <actions>
                    <action arg="933" type="swap"/>
                  </actions>
                </route>
              </routes>
            </te-group>
            <te-group>
              <routes>
                <route to="in0">
                  <actions>
                    <action arg="933" type="swap"/>
                    <action arg="2792" type="push"/>
                  </actions>
                </route>
              </routes>
            </te-group>
          </te-groups>
        </destination>
        <destination from="in1" label="$938">
          <te-groups>
            <te-group>
              <routes>
                <route to="in1">
                  <actions>
                    <action arg="939" type="swap"/>
                  </actions>
                </route>
              </routes>
            </te-group>
            <te-group>
              <routes>
                <route to="in0">
                  <actions>
                    <action arg="939" type="swap"/>
                    <action arg="2792" type="push"/>
                  </actions>
                </route>
              </routes>
            </te-group>
          </te-groups>
        </destination>
        <destination from="in1" label="$943">
          <te-groups>
            <te-group>
              <routes>
                <route to="in1">
                  <actions>
                    <action arg="944" type="swap"/>
                  </actions>
                </route>
              </routes>
            </te-group>
            <te-group>
              <routes>
                <route to="in0">
                  <actions>
                    <action arg="944" type="swap"/>
                    <action arg="2792" type="push"/>
                  </actions>
                </route>
              </routes>
            </te-group>
          </te-groups>
        </destination>
        <destination from="in1" label="$951">
          <te-groups>
            <te-group>
              <routes>
                <route to="in1">
                  <actions>
                    <action arg="952" type="swap"/>
                  </actions>
                </route>
              </routes>
            </te-group>
            <te-group>
              <routes>
                <route to="in0">
                  <actions>
                    <action arg="952" type="swap"/>
                    <action arg="2792" type="push"/>
                  </actions>
                </route>
              </routes>
            </te-group>
          </te-groups>
        </destination>
        <destination from="in1" label="$955">
          <te-groups>
            <te-group>
              <routes>
                <route to="in1">
                  <actions>
                    <action arg="956" type="swap"/>
                  </actions>
                </route>
              </routes>
            </te-group>
            <te-group>
              <routes>
                <route to="in0">
                  <actions>
                    <action arg="956" type="swap"/>
                    <action arg="2792" type="push"/>
                  </actions>
                </route>
              </routes>
            </te-group>
          </te-groups>
        </destination>
        <destination from="in1" label="$1109">
          <te-groups>
            <te-group>
              <routes>
                <route to="in1">
                  <actions>
                    <action arg="1110" type="swap"/>
                  </actions>
                </route>
              </routes>
            </te-group>
            <te-group>
              <routes>
                <route to="in0">
                  <actions>
                    <action arg="1110" type="swap"/>
                    <action arg="2792" type="push"/>
                  </actions>
                </route>
              </routes>
            </te-group>
          </te-groups>
        </destination>
        <destination from="in1" label="$1115">
          <te-groups>
            <te-group>
              <routes>
                <route to="in1">
                  <actions>
                    <action arg="1116" type="swap"/>
                  </actions>
                </route>
              </routes>
            </te-group>
            <te-group>
              <routes>
                <route to="in0">
                  <actions>
                    <action arg="1116" type="swap"/>
                    <action arg="2792" type="push"/>
                  </actions>
                </route>
              </routes>
            </te-group>
          </te-groups>
        </destination>
        <destination from="in1" label="$1120">
          <te-groups>
            <te-group>
              <routes>
                <route to="in1">
                  <actions>
                    <action arg="1121" type="swap"/>
                  </actions>
                </route>
              </routes>
            </te-group>
            <te-group>
              <routes>
                <route to="in0">
                  <actions>
                    <action arg="1121" type="swap"/>
                    <action arg="2792" type="push"/>
                  </actions>
                </route>
              </routes>
            </te-group>
          </te-groups>
        </destination>
        <destination from="in1" label="$1126">
          <te-groups>
            <te-group>
              <routes>
                <route to="in1">
                  <actions>
                    <action arg="1127" type="swap"/>
                  </actions>
                </route>
              </routes>
            </te-group>
            <te-group>
              <routes>
                <route to="in0">
                  <actions>
                    <action arg="1127" type="swap"/>
                    <action arg="2792" type="push"/>
                  </actions>
                </route>
              </routes>
            </te-group>
          </te-groups>
        </destination>
        <destination from="in1" label="$1131">
          <te-groups>
            <te-group>
              <routes>
                <route to="in1">
                  <actions>
                    <action arg="1132" type="swap"/>
                  </actions>
                </route>
              </routes>
            </te-group>
            <te-group>
              <routes>
                <route to="in0">
                  <actions>
                    <action arg="1132" type="swap"/>
                    <action arg="2792" type="push"/>
                  </actions>
                </route>
              </routes>
            </te-group>
          </te-groups>
        </destination>
        <destination from="in1" label="$1139">
          <te-groups>
            <te-group>
              <routes>
                <route to="in1">
                  <actions>
                    <action arg="1140" type="swap"/>
                  </actions>
                </route>
              </routes>
            </te-group>
            <te-group>
              <routes>
                <route to="in0">
                  <actions>
                    <action arg="1140" type="swap"/>
                    <action arg="2792" type="push"/>
                  </actions>
                </route>
              </routes>
            </te-group>
          </te-groups>
        </destination>
        <destination from="in1" label="$1143">
          <te-groups>
            <te-group>
              <routes>
                <route to="in1">
                  <actions>
                    <action arg="1144" type="swap"/>
                  </actions>
                </route>
              </routes>
            </te-group>
            <te-group>
              <routes>
                <route to="in0">
                  <actions>
                    <action arg="1144" type="swap"/>
                    <action arg="2792" type="push"/>
                  </actions>
                </route>
              </routes>
            </te-group>
          </te-groups>
        </destination>
        <destination from="in1" label="$1203">
          <te-groups>
            <te-group>
              <routes>
                <route to="in1">
                  <actions>
                    <action arg="1204" type="swap"/>
                  </actions>
                </route>
              </routes>
            </te-group>
            <te-group>
              <routes>
                <route to="in0">
                  <actions>
                    <action arg="1204" type="swap"/>
                    <action arg="2792" type="push"/>
                  </actions>
                </route>
              </routes>
            </te-group>
          </te-groups>
        </destination>
        <destination from="in1" label="$1210">
          <te-groups>
            <te-group>
              <routes>
                <route to="in1">
                  <actions>
                    <action arg="1211" type="swap"/>
                  </actions>
                </route>
              </routes>
            </te-group>
            <te-group>
              <routes>
                <route to="in0">
                  <actions>
                    <action arg="1211" type="swap"/>
                    <action arg="2792" type="push"/>
                  </actions>
                </route>
              </routes>
            </te-group>
          </te-groups>
        </destination>
        <destination from="in1" label="$1216">
          <te-groups>
            <te-group>
              <routes>
                <route to="in1">
                  <actions>
                    <action arg="1217" type="swap"/>
                  </actions>
                </route>
              </routes>
            </te-group>
            <te-group>
              <routes>
                <route to="in0">
                  <actions>
                    <action arg="1217" type="swap"/>
                    <action arg="2792" type="push"/>
                  </actions>
                </route>
              </routes>
            </te-group>
          </te-groups>
        </destination>
        <destination from="in1" label="$1223">
          <te-groups>
            <te-group>
              <routes>
                <route to="in1">
                  <actions>
                    <action arg="1224" type="swap"/>
                  </actions>
                </route>
              </routes>
            </te-group>
            <te-group>
              <routes>
                <route to="in0">
                  <actions>
                    <action arg="1224" type="swap"/>
                    <action arg="2792" type="push"/>
                  </actions>
                </route>
              </routes>
            </te-group>
          </te-groups>
        </destination>
        <destination from="in1" label="$1229">
          <te-groups>
            <te-group>
              <routes>
                <route to="in1">
                  <actions>
                    <action arg="1230" type="swap"/>
                  </actions>
                </route>
              </routes>
            </te-group>
            <te-group>
              <routes>
                <route to="in0">
                  <actions>
                    <action arg="1230" type="swap"/>
                    <action arg="2792" type="push"/>
                  </actions>
                </route>
              </routes>
            </te-group>
          </te-groups>
        </destination>
        <destination from="in1" label="$1239">
          <te-groups>
            <te-group>
              <routes>
                <route to="in1">
                  <actions>
                    <action arg="1240" type="swap"/>
                  </actions>
                </route>
              </routes>
            </te-group>
            <te-group>
              <routes>
                <route to="in0">
                  <actions>
                    <action arg="1240" type="swap"/>
                    <action arg="2792" type="push"/>
                  </actions>
                </route>
              </routes>
            </te-group>
          </te-groups>
        </destination>
        <destination from="in1" label="$1244">
          <te-groups>
            <te-group>
              <routes>
                <route to="in1">
                  <actions>
                    <action arg="1245" type="swap"/>
                  </actions>
                </route>
              </routes>
            </te-group>
            <te-group>
              <routes>
                <route to="in0">
                  <actions>
                    <action arg="1245" type="swap"/>
                    <action arg="2792" type="push"/>
                  </actions>
                </route>
              </routes>
            </te-group>
          </te-groups>
        </destination>
        <destination from="in1" label="$1318">
          <te-groups>
            <te-group>
              <routes>
                <route to="in1">
                  <actions>
                    <action arg="1319" type="swap"/>
                  </actions>
                </route>
              </routes>
            </te-group>
            <te-group>
              <routes>
                <route to="in0">
                  <actions>
                    <action arg="1319" type="swap"/>
                    <action arg="2792" type="push"/>
                  </actions>
                </route>
              </routes>
            </te-group>
          </te-groups>
        </destination>
        <destination from="in1" label="$1324">
          <te-groups>
            <te-group>
              <routes>
                <route to="in1">
                  <actions>
                    <action arg="1325" type="swap"/>
                  </actions>
                </route>
              </routes>
            </te-group>
            <te-group>
              <routes>
                <route to="in0">
                  <actions>
                    <action arg="1325" type="swap"/>
                    <action arg="2792" type="push"/>
                  </actions>
                </route>
              </routes>
            </te-group>
          </te-groups>
        </destination>
        <destination from="in1" label="$1329">
          <te-groups>
            <te-group>
              <routes>
                <route to="in1">
                  <actions>
                    <action arg="1330" type="swap"/>
                  </actions>
                </route>
              </routes>
            </te-group>
            <te-group>
              <routes>
                <route to="in0">
                  <actions>
                    <action arg="1330" type="swap"/>
                    <action arg="2792" type="push"/>
                  </actions>
                </route>
              </routes>
            </te-group>
          </te-groups>
        </destination>
        <destination from="in1" label="$1335">
          <te-groups>
            <te-group>
              <routes>
                <route to="in1">
                  <actions>
                    <action arg="1336" type="swap"/>
                  </actions>
                </route>
              </routes>
            </te-group>
            <te-group>
              <routes>
                <route to="in0">
                  <actions>
                    <action arg="1336" type="swap"/>
                    <action arg="2792" type="push"/>
                  </actions>
                </route>
              </routes>
            </te-group>
          </te-groups>
        </destination>
        <destination from="in1" label="$1340">
          <te-groups>
            <te-group>
              <routes>
                <route to="in1">
                  <actions>
                    <action arg="1341" type="swap"/>
                  </actions>
                </route>
              </routes>
            </te-group>
            <te-group>
              <routes>
                <route to="in0">
                  <actions>
                    <action arg="1341" type="swap"/>
                    <action arg="2792" type="push"/>
                  </actions>
                </route>
              </routes>
            </te-group>
          </te-groups>
        </destination>
        <destination from="in1" label="$1348">
          <te-groups>
            <te-group>
              <routes>
                <route to="in1">
                  <actions>
                    <action arg="1349" type="swap"/>
                  </actions>
                </route>
              </routes>
            </te-group>
            <te-group>
              <routes>
                <route to="in0">
                  <actions>
                    <action arg="1349" type="swap"/>
                    <action arg="2792" type="push"/>
                  </actions>
                </route>
              </routes>
            </te-group>
          </te-groups>
        </destination>
        <destination from="in1" label="$1352">
          <te-groups>
            <te-group>
              <routes>
                <route to="in1">
                  <actions>
                    <action arg="1353" type="swap"/>
                  </actions>
                </route>
              </routes>
            </te-group>
            <te-group>
              <routes>
                <route to="in0">
                  <actions>
                    <action arg="1353" type="swap"/>
                    <action arg="2792" type="push"/>
                  </actions>
                </route>
              </routes>
            </te-group>
          </te-groups>
        </destination>
        <destination from="in1" label="$1417">
          <te-groups>
            <te-group>
              <routes>
                <route to="in1">
                  <actions>
                    <action arg="1418" type="swap"/>
                  </actions>
                </route>
              </routes>
            </te-group>
            <te-group>
              <routes>
                <route to="in0">
                  <actions>
                    <action arg="1418" type="swap"/>
                    <action arg="2792" type="push"/>
                  </actions>
                </route>
              </routes>
            </te-group>
          </te-groups>
        </destination>
        <destination from="in1" label="$1424">
          <te-groups>
            <te-group>
              <routes>
                <route to="in1">
                  <actions>
                    <action arg="1425" type="swap"/>
                  </actions>
                </route>
              </routes>
            </te-group>
            <te-group>
              <routes>
                <route to="in0">
                  <actions>
                    <action arg="1425" type="swap"/>
                    <action arg="2792" type="push"/>
                  </actions>
                </route>
              </routes>
            </te-group>
          </te-groups>
        </destination>
        <destination from="in1" label="$1430">
          <te-groups>
            <te-group>
              <routes>
                <route to="in1">
                  <actions>
                    <action arg="1431" type="swap"/>
                  </actions>
                </route>
              </routes>
            </te-group>
            <te-group>
              <routes>
                <route to="in0">
                  <actions>
                    <action arg="1431" type="swap"/>
                    <action arg="2792" type="push"/>
                  </actions>
                </route>
              </routes>
            </te-group>
          </te-groups>
        </destination>
        <destination from="in1" label="$1437">
          <te-groups>
            <te-group>
              <routes>
                <route to="in1">
                  <actions>
                    <action arg="1438" type="swap"/>
                  </actions>
                </route>
              </routes>
            </te-group>
            <te-group>
              <routes>
                <route to="in0">
                  <actions>
                    <action arg="1438" type="swap"/>
                    <action arg="2792" type="push"/>
                  </actions>
                </route>
              </routes>
            </te-group>
          </te-groups>
        </destination>
        <destination from="in1" label="$1443">
          <te-groups>
            <te-group>
              <routes>
                <route to="in1">
                  <actions>
                    <action arg="1444" type="swap"/>
                  </actions>
                </route>
              </routes>
            </te-group>
            <te-group>
              <routes>
                <route to="in0">
                  <actions>
                    <action arg="1444" type="swap"/>
                    <action arg="2792" type="push"/>
                  </actions>
                </route>
              </routes>
            </te-group>
          </te-groups>
        </destination>
        <destination from="in1" label="$1453">
          <te-groups>
            <te-group>
              <routes>
                <route to="in1">
                  <actions>
                    <action arg="1454" type="swap"/>
                  </actions>
                </route>
              </routes>
            </te-group>
            <te-group>
              <routes>
                <route to="in0">
                  <actions>
                    <action arg="1454" type="swap"/>
                    <action arg="2792" type="push"/>
                  </actions>
                </route>
              </routes>
            </te-group>
          </te-groups>
        </destination>
        <destination from="in1" label="$1458">
          <te-groups>
            <te-group>
              <routes>
                <route to="in1">
                  <actions>
                    <action arg="1459" type="swap"/>
                  </actions>
                </route>
              </routes>
            </te-group>
            <te-group>
              <routes>
                <route to="in0">
                  <actions>
                    <action arg="1459" type="swap"/>
                    <action arg="2792" type="push"/>
                  </actions>
                </route>
              </routes>
            </te-group>
          </te-groups>
        </destination>
        <destination from="in1" label="$1533">
          <te-groups>
            <te-group>
              <routes>
                <route to="in1">
                  <actions>
                    <action arg="1534" type="swap"/>
                  </actions>
                </route>
              </routes>
            </te-group>
            <te-group>
              <routes>
                <route to="in0">
                  <actions>
                    <action arg="1534" type="swap"/>
                    <action arg="2792" type="push"/>
                  </actions>
                </route>
              </routes>
            </te-group>
          </te-groups>
        </destination>
        <destination from="in1" label="$1540">
          <te-groups>
            <te-group>
              <routes>
                <route to="in1">
                  <actions>
                    <action arg="1541" type="swap"/>
                  </actions>
                </route>
              </routes>
            </te-group>
            <te-group>
              <routes>
                <route to="in0">
                  <actions>
                    <action arg="1541" type="swap"/>
                    <action arg="2792" type="push"/>
                  </actions>
                </route>
              </routes>
            </te-group>
          </te-groups>
        </destination>
        <destination from="in1" label="$1546">
          <te-groups>
            <te-group>
              <routes>
                <route to="in1">
                  <actions>
                    <action arg="1547" type="swap"/>
                  </actions>
                </route>
              </routes>
            </te-group>
            <te-group>
              <routes>
                <route to="in0">
                  <actions>
                    <action arg="1547" type="swap"/>
                    <action arg="2792" type="push"/>
                  </actions>
                </route>
              </routes>
            </te-group>
          </te-groups>
        </destination>
        <destination from="in1" label="$1553">
          <te-groups>
            <te-group>
              <routes>
                <route to="in1">
                  <actions>
                    <action arg="1554" type="swap"/>
                  </actions>
                </route>
              </routes>
            </te-group>
            <te-group>
              <routes>
                <route to="in0">
                  <actions>
                    <action arg="1554" type="swap"/>
                    <action arg="2792" type="push"/>
                  </actions>
                </route>
              </routes>
            </te-group>
          </te-groups>
        </destination>
        <destination from="in1" label="$1559">
          <te-groups>
            <te-group>
              <routes>
                <route to="in1">
                  <actions>
                    <action arg="1560" type="swap"/>
                  </actions>
                </route>
              </routes>
            </te-group>
            <te-group>
              <routes>
                <route to="in0">
                  <actions>
                    <action arg="1560" type="swap"/>
                    <action arg="2792" type="push"/>
                  </actions>
                </route>
              </routes>
            </te-group>
          </te-groups>
        </destination>
        <destination from="in1" label="$1569">
          <te-groups>
            <te-group>
              <routes>
                <route to="in1">
                  <actions>
                    <action arg="1570" type="swap"/>
                  </actions>
                </route>
              </routes>
            </te-group>
            <te-group>
              <routes>
                <route to="in0">
                  <actions>
                    <action arg="1570" type="swap"/>
                    <action arg="2792" type="push"/>
                  </actions>
                </route>
              </routes>
            </te-group>
          </te-groups>
        </destination>
        <destination from="in1" label="$1666">
          <te-groups>
            <te-group>
              <routes>
                <route to="in0">
                  <actions>
                    <action arg="1667" type="swap"/>
                  </actions>
                </route>
              </routes>
            </te-group>
            <te-group>
              <routes>
                <route to="in1">
                  <actions>
                    <action arg="1667" type="swap"/>
                    <action arg="2789" type="push"/>
                  </actions>
                </route>
              </routes>
            </te-group>
          </te-groups>
        </destination>
        <destination from="in1" label="$1672">
          <te-groups>
            <te-group>
              <routes>
                <route to="in0">
                  <actions>
                    <action arg="1673" type="swap"/>
                  </actions>
                </route>
              </routes>
            </te-group>
            <te-group>
              <routes>
                <route to="in1">
                  <actions>
                    <action arg="1673" type="swap"/>
                    <action arg="2789" type="push"/>
                  </actions>
                </route>
              </routes>
            </te-group>
          </te-groups>
        </destination>
        <destination from="in1" label="$1677">
          <te-groups>
            <te-group>
              <routes>
                <route to="in0">
                  <actions>
                    <action arg="1678" type="swap"/>
                  </actions>
                </route>
              </routes>
            </te-group>
            <te-group>
              <routes>
                <route to="in1">
                  <actions>
                    <action arg="1678" type="swap"/>
                    <action arg="2789" type="push"/>
                  </actions>
                </route>
              </routes>
            </te-group>
          </te-groups>
        </destination>
        <destination from="in1" label="$1683">
          <te-groups>
            <te-group>
              <routes>
                <route to="in0">
                  <actions>
                    <action arg="1684" type="swap"/>
                  </actions>
                </route>
              </routes>
            </te-group>
            <te-group>
              <routes>
                <route to="in1">
                  <actions>
                    <action arg="1684" type="swap"/>
                    <action arg="2789" type="push"/>
                  </actions>
                </route>
              </routes>
            </te-group>
          </te-groups>
        </destination>
        <destination from="in1" label="$1690">
          <te-groups>
            <te-group>
              <routes>
                <route to="in0">
                  <actions>
                    <action arg="1691" type="swap"/>
                  </actions>
                </route>
              </routes>
            </te-group>
            <te-group>
              <routes>
                <route to="in1">
                  <actions>
                    <action arg="1691" type="swap"/>
                    <action arg="2789" type="push"/>
                  </actions>
                </route>
              </routes>
            </te-group>
          </te-groups>
        </destination>
        <destination from="in1" label="$1696">
          <te-groups>
            <te-group>
              <routes>
                <route to="in0">
                  <actions>
                    <action arg="1697" type="swap"/>
                  </actions>
                </route>
              </routes>
            </te-group>
            <te-group>
              <routes>
                <route to="in1">
                  <actions>
                    <action arg="1697" type="swap"/>
                    <action arg="2789" type="push"/>
                  </actions>
                </route>
              </routes>
            </te-group>
          </te-groups>
        </destination>
        <destination from="in1" label="$1703">
          <te-groups>
            <te-group>
              <routes>
                <route to="in0">
                  <actions>
                    <action arg="1704" type="swap"/>
                  </actions>
                </route>
              </routes>
            </te-group>
            <te-group>
              <routes>
                <route to="in1">
                  <actions>
                    <action arg="1704" type="swap"/>
                    <action arg="2789" type="push"/>
                  </actions>
                </route>
              </routes>
            </te-group>
          </te-groups>
        </destination>
        <destination from="in1" label="$1712">
          <te-groups>
            <te-group>
              <routes>
                <route to="in0">
                  <actions>
                    <action arg="1713" type="swap"/>
                  </actions>
                </route>
              </routes>
            </te-group>
            <te-group>
              <routes>
                <route to="in1">
                  <actions>
                    <action arg="1713" type="swap"/>
                    <action arg="2789" type="push"/>
                  </actions>
                </route>
              </routes>
            </te-group>
          </te-groups>
        </destination>
        <destination from="in1" label="$1720">
          <te-groups>
            <te-group>
              <routes>
                <route to="in0">
                  <actions>
                    <action arg="1721" type="swap"/>
                  </actions>
                </route>
              </routes>
            </te-group>
            <te-group>
              <routes>
                <route to="in1">
                  <actions>
                    <action arg="1721" type="swap"/>
                    <action arg="2789" type="push"/>
                  </actions>
                </route>
              </routes>
            </te-group>
          </te-groups>
        </destination>
        <destination from="in1" label="$2016">
          <te-groups>
            <te-group>
              <routes>
                <route to="in1">
                  <actions>
                    <action arg="2017" type="swap"/>
                  </actions>
                </route>
              </routes>
            </te-group>
            <te-group>
              <routes>
                <route to="in0">
                  <actions>
                    <action arg="2017" type="swap"/>
                    <action arg="2792" type="push"/>
                  </actions>
                </route>
              </routes>
            </te-group>
          </te-groups>
        </destination>
        <destination from="in1" label="$2025">
          <te-groups>
            <te-group>
              <routes>
                <route to="in1">
                  <actions>
                    <action arg="2026" type="swap"/>
                  </actions>
                </route>
              </routes>
            </te-group>
            <te-group>
              <routes>
                <route to="in0">
                  <actions>
                    <action arg="2026" type="swap"/>
                    <action arg="2792" type="push"/>
                  </actions>
                </route>
              </routes>
            </te-group>
          </te-groups>
        </destination>
        <destination from="in1" label="$2033">
          <te-groups>
            <te-group>
              <routes>
                <route to="in1">
                  <actions>
                    <action arg="2034" type="swap"/>
                  </actions>
                </route>
              </routes>
            </te-group>
            <te-group>
              <routes>
                <route to="in0">
                  <actions>
                    <action arg="2034" type="swap"/>
                    <action arg="2792" type="push"/>
                  </actions>
                </route>
              </routes>
            </te-group>
          </te-groups>
        </destination>
        <destination from="in1" label="$2042">
          <te-groups>
            <te-group>
              <routes>
                <route to="in1">
                  <actions>
                    <action arg="2043" type="swap"/>
                  </actions>
                </route>
              </routes>
            </te-group>
            <te-group>
              <routes>
                <route to="in0">
                  <actions>
                    <action arg="2043" type="swap"/>
                    <action arg="2792" type="push"/>
                  </actions>
                </route>
              </routes>
            </te-group>
          </te-groups>
        </destination>
        <destination from="in1" label="$2050">
          <te-groups>
            <te-group>
              <routes>
                <route to="in1">
                  <actions>
                    <action arg="2051" type="swap"/>
                  </actions>
                </route>
              </routes>
            </te-group>
            <te-group>
              <routes>
                <route to="in0">
                  <actions>
                    <action arg="2051" type="swap"/>
                    <action arg="2792" type="push"/>
                  </actions>
                </route>
              </routes>
            </te-group>
          </te-groups>
        </destination>
        <destination from="in1" label="$2064">
          <te-groups>
            <te-group>
              <routes>
                <route to="in1">
                  <actions>
                    <action arg="2065" type="swap"/>
                  </actions>
                </route>
              </routes>
            </te-group>
            <te-group>
              <routes>
                <route to="in0">
                  <actions>
                    <action arg="2065" type="swap"/>
                    <action arg="2792" type="push"/>
                  </actions>
                </route>
              </routes>
            </te-group>
          </te-groups>
        </destination>
        <destination from="in1" label="$2690">
          <te-groups>
            <te-group>
              <routes>
                <route to="in1">
                  <actions>
                    <action arg="2691" type="swap"/>
                  </actions>
                </route>
              </routes>
            </te-group>
            <te-group>
              <routes>
                <route to="in0">
                  <actions>
                    <action arg="2691" type="swap"/>
                    <action arg="2792" type="push"/>
                  </actions>
                </route>
              </routes>
            </te-group>
          </te-groups>
        </destination>
        <destination from="in1" label="$2702">
          <te-groups>
            <te-group>
              <routes>
                <route to="in1">
                  <actions>
                    <action arg="2703" type="swap"/>
                  </actions>
                </route>
              </routes>
            </te-group>
            <te-group>
              <routes>
                <route to="in0">
                  <actions>
                    <action arg="2703" type="swap"/>
                    <action arg="2792" type="push"/>
                  </actions>
                </route>
              </routes>
            </te-group>
          </te-groups>
        </destination>
        <destination from="in1" label="$2710">
          <te-groups>
            <te-group>
              <routes>
                <route to="in1">
                  <actions>
                    <action arg="2711" type="swap"/>
                  </actions>
                </route>
              </routes>
            </te-group>
            <te-group>
              <routes>
                <route to="in0">
                  <actions>
                    <action arg="2711" type="swap"/>
                    <action arg="2792" type="push"/>
                  </actions>
                </route>
              </routes>
            </te-group>
          </te-groups>
        </destination>
        <destination from="in1" label="$2714">
          <te-groups>
            <te-group>
              <routes>
                <route to="in1">
                  <actions>
                    <action arg="2715" type="swap"/>
                  </actions>
                </route>
              </routes>
            </te-group>
            <te-group>
              <routes>
                <route to="in0">
                  <actions>
                    <action arg="2715" type="swap"/>
                    <action arg="2792" type="push"/>
                  </actions>
                </route>
              </routes>
            </te-group>
          </te-groups>
        </destination>
      </destinations>
    </routing>
    <routing for="Dallas">
      <destinations>
        <destination from="eg0" ip="ip">
          <te-groups>
            <te-group>
              <routes>
                <route to="in3">
                  <actions>
                    <action arg="786" type="push"/>
                  </actions>
                </route>
                <route to="in1">
                  <actions>
                    <action arg="723" type="push"/>
                  </actions>
                </route>
                <route to="in1">
                  <actions>
                    <action arg="813" type="push"/>
                  </actions>
                </route>
                <route to="in1">
                  <actions>
                    <action arg="809" type="push"/>
                  </actions>
                </route>
                <route to="in4">
                  <actions>
                    <action arg="804" type="push"/>
                  </actions>
                </route>
                <route to="in4">
                  <actions>
                    <action arg="800" type="push"/>
                  </actions>
                </route>
                <route to="in4">
                  <actions>
                    <action arg="796" type="push"/>
                  </actions>
                </route>
                <route to="in4">
                  <actions>
                    <action arg="793" type="push"/>
                  </actions>
                </route>
                <route to="in3">
                  <actions>
                    <action arg="780" type="push"/>
                  </actions>
                </route>
                <route to="in1">
                  <actions>
                    <action arg="774" type="push"/>
                  </actions>
                </route>
                <route to="in1">
                  <actions>
                    <action arg="769" type="push"/>
                  </actions>
                </route>
                <route to="in3">
                  <actions>
                    <action arg="764" type="push"/>
                  </actions>
                </route>
                <route to="in1">
                  <actions>
                    <action arg="728" type="push"/>
                  </actions>
                </route>
                <route to="in0">
                  <actions>
                    <action arg="726" type="push"/>
                  </actions>
                </route>
                <route to="in3">
                  <actions>
                    <action arg="759" type="push"/>
                  </actions>
                </route>
                <route to="in1">
                  <actions>
                    <action arg="731" type="push"/>
                  </actions>
                </route>
                <route to="in2">
                  <actions>
                    <action arg="733" type="push"/>
                  </actions>
                </route>
                <route to="in3">
                  <actions>
                    <action arg="735" type="push"/>
                  </actions>
                </route>
                <route to="in4">
                  <actions>
                    <action arg="737" type="push"/>
                  </actions>
                </route>
                <route to="in3">
                  <actions>
                    <action arg="739" type="push"/>
                  </actions>
                </route>
                <route to="in3">
                  <actions>
                    <action arg="743" type="push"/>
                  </actions>
                </route>
                <route to="in3">
                  <actions>
                    <action arg="746" type="push"/>
                  </actions>
                </route>
                <route to="in3">
                  <actions>
                    <action arg="750" type="push"/>
                  </actions>
                </route>
                <route to="in3">
                  <actions>
                    <action arg="755" type="push"/>
                  </actions>
                </route>
              </routes>
            </te-group>
            <te-group>
              <routes>
                <route to="in4">
                  <actions>
                    <action arg="750" type="push"/>
                    <action arg="2800" type="push"/>
                  </actions>
                </route>
                <route to="in3">
                  <actions>
                    <action arg="804" type="push"/>
                    <action arg="2803" type="push"/>
                  </actions>
                </route>
                <route to="in3">
                  <actions>
                    <action arg="800" type="push"/>
                    <action arg="2803" type="push"/>
                  </actions>
                </route>
                <route to="in3">
                  <actions>
                    <action arg="796" type="push"/>
                    <action arg="2803" type="push"/>
                  </actions>
                </route>
                <route to="in3">
                  <actions>
                    <action arg="793" type="push"/>
                    <action arg="2803" type="push"/>
                  </actions>
                </route>
                <route to="in3">
                  <actions>
                    <action arg="737" type="push"/>
                    <action arg="2803" type="push"/>
                  </actions>
                </route>
                <route to="in4">
                  <actions>
                    <action arg="786" type="push"/>
                    <action arg="2800" type="push"/>
                  </actions>
                </route>
                <route to="in4">
                  <actions>
                    <action arg="780" type="push"/>
                    <action arg="2800" type="push"/>
                  </actions>
                </route>
                <route to="in4">
                  <actions>
                    <action arg="764" type="push"/>
                    <action arg="2800" type="push"/>
                  </actions>
                </route>
                <route to="in4">
                  <actions>
                    <action arg="759" type="push"/>
                    <action arg="2800" type="push"/>
                  </actions>
                </route>
                <route to="in4">
                  <actions>
                    <action arg="755" type="push"/>
                    <action arg="2800" type="push"/>
                  </actions>
                </route>
                <route to="in4">
                  <actions>
                    <action arg="743" type="push"/>
                    <action arg="2800" type="push"/>
                  </actions>
                </route>
                <route to="in3">
                  <actions>
                    <action arg="723" type="push"/>
                    <action arg="2797" type="push"/>
                  </actions>
                </route>
                <route to="in3">
                  <actions>
                    <action arg="728" type="push"/>
                    <action arg="2797" type="push"/>
                  </actions>
                </route>
                <route to="in3">
                  <actions>
                    <action arg="731" type="push"/>
                    <action arg="2797" type="push"/>
                  </actions>
                </route>
                <route to="in3">
                  <actions>
                    <action arg="769" type="push"/>
                    <action arg="2797" type="push"/>
                  </actions>
                </route>
                <route to="in3">
                  <actions>
                    <action arg="774" type="push"/>
                    <action arg="2797" type="push"/>
                  </actions>
                </route>
                <route to="in3">
                  <actions>
                    <action arg="809" type="push"/>
                    <action arg="2797" type="push"/>
                  </actions>
                </route>
                <route to="in3">
                  <actions>
                    <action arg="813" type="push"/>
                    <action arg="2797" type="push"/>
                  </actions>
                </route>
                <route to="in4">
                  <actions>
                    <action arg="735" type="push"/>
                    <action arg="2800" type="push"/>
                  </actions>
                </route>
                <route to="in4">
                  <actions>
                    <action arg="739" type="push"/>
                    <action arg="2800" type="push"/>
                  </actions>
                </route>
                <route to="in4">
                  <actions>
                    <action arg="746" type="push"/>
                    <action arg="2800" type="push"/>
                  </actions>
                </route>
              </routes>
            </te-group>
            <te-group>
              <routes>
                <route to="in4">
                  <actions>
                    <action arg="728" type="push"/>
                    <action arg="2797" type="push"/>
                    <action arg="2800" type="push"/>
                  </actions>
                </route>
                <route to="in3">
                  <actions>
                    <action arg="786" type="push"/>
                    <action arg="2800" type="push"/>
                    <action arg="2803" type="push"/>
                  </actions>
                </route>
                <route to="in3">
                  <actions>
                    <action arg="780" type="push"/>
                    <action arg="2800" type="push"/>
                    <action arg="2803" type="push"/>
                  </actions>
                </route>
                <route to="in3">
                  <actions>
                    <action arg="764" type="push"/>
                    <action arg="2800" type="push"/>
                    <action arg="2803" type="push"/>
                  </actions>
                </route>
                <route to="in3">
                  <actions>
                    <action arg="759" type="push"/>
                    <action arg="2800" type="push"/>
                    <action arg="2803" type="push"/>
                  </actions>
                </route>
                <route to="in3">
                  <actions>
                    <action arg="755" type="push"/>
                    <action arg="2800" type="push"/>
                    <action arg="2803" type="push"/>
                  </actions>
                </route>
                <route to="in3">
                  <actions>
                    <action arg="750" type="push"/>
                    <action arg="2800" type="push"/>
                    <action arg="2803" type="push"/>
                  </actions>
                </route>
                <route to="in3">
                  <actions>
                    <action arg="746" type="push"/>
                    <action arg="2800" type="push"/>
                    <action arg="2803" type="push"/>
                  </actions>
                </route>
                <route to="in3">
                  <actions>
                    <action arg="743" type="push"/>
                    <action arg="2800" type="push"/>
                    <action arg="2803" type="push"/>
                  </actions>
                </route>
                <route to="in3">
                  <actions>
                    <action arg="739" type="push"/>
                    <action arg="2800" type="push"/>
                    <action arg="2803" type="push"/>
                  </actions>
                </route>
                <route to="in3">
                  <actions>
                    <action arg="735" type="push"/>
                    <action arg="2800" type="push"/>
                    <action arg="2803" type="push"/>
                  </actions>
                </route>
                <route to="in4">
                  <actions>
                    <action arg="813" type="push"/>
                    <action arg="2797" type="push"/>
                    <action arg="2800" type="push"/>
                  </actions>
                </route>
                <route to="in4">
                  <actions>
                    <action arg="809" type="push"/>
                    <action arg="2797" type="push"/>
                    <action arg="2800" type="push"/>
                  </actions>
                </route>
                <route to="in4">
                  <actions>
                    <action arg="774" type="push"/>
                    <action arg="2797" type="push"/>
                    <action arg="2800" type="push"/>
                  </actions>
                </route>
                <route to="in4">
                  <actions>
                    <action arg="769" type="push"/>
                    <action arg="2797" type="push"/>
                    <action arg="2800" type="push"/>
                  </actions>
                </route>
                <route to="in4">
                  <actions>
                    <action arg="731" type="push"/>
                    <action arg="2797" type="push"/>
                    <action arg="2800" type="push"/>
                  </actions>
                </route>
                <route to="in4">
                  <actions>
                    <action arg="723" type="push"/>
                    <action arg="2797" type="push"/>
                    <action arg="2800" type="push"/>
                  </actions>
                </route>
              </routes>
            </te-group>
            <te-group>
              <routes>
                <route to="in3">
                  <actions>
                    <action arg="723" type="push"/>
                    <action arg="2797" type="push"/>
                    <action arg="2800" type="push"/>
                    <action arg="2803" type="push"/>
                  </actions>
                </route>
                <route to="in3">
                  <actions>
                    <action arg="728" type="push"/>
                    <action arg="2797" type="push"/>
                    <action arg="2800" type="push"/>
                    <action arg="2803" type="push"/>
                  </actions>
                </route>
                <route to="in3">
                  <actions>
                    <action arg="731" type="push"/>
                    <action arg="2797" type="push"/>
                    <action arg="2800" type="push"/>
                    <action arg="2803" type="push"/>
                  </actions>
                </route>
                <route to="in3">
                  <actions>
                    <action arg="769" type="push"/>
                    <action arg="2797" type="push"/>
                    <action arg="2800" type="push"/>
                    <action arg="2803" type="push"/>
                  </actions>
                </route>
                <route to="in3">
                  <actions>
                    <action arg="774" type="push"/>
                    <action arg="2797" type="push"/>
                    <action arg="2800" type="push"/>
                    <action arg="2803" type="push"/>
                  </actions>
                </route>
                <route to="in3">
                  <actions>
                    <action arg="809" type="push"/>
                    <action arg="2797" type="push"/>
                    <action arg="2800" type="push"/>
                    <action arg="2803" type="push"/>
                  </actions>
                </route>
                <route to="in3">
                  <actions>
                    <action arg="813" type="push"/>
                    <action arg="2797" type="push"/>
                    <action arg="2800" type="push"/>
                    <action arg="2803" type="push"/>
                  </actions>
                </route>
              </routes>
            </te-group>
          </te-groups>
        </destination>
        <destination from="in0" label="187">
          <te-groups>
            <te-group>
              <routes>
                <route to="eg0">
                  <actions>
                    <action type="pop"/>
                  </actions>
                </route>
              </routes>
            </te-group>
          </te-groups>
        </destination>
        <destination from="in0" label="$170">
          <te-groups>
            <te-group>
              <routes>
                <route to="in1">
                  <actions>
                    <action arg="171" type="swap"/>
                  </actions>
                </route>
              </routes>
            </te-group>
            <te-group>
              <routes>
                <route to="in3">
                  <actions>
                    <action arg="171" type="swap"/>
                    <action arg="2797" type="push"/>
                  </actions>
                </route>
              </routes>
            </te-group>
            <te-group>
              <routes>
                <route to="in4">
                  <actions>
                    <action arg="171" type="swap"/>
                    <action arg="2797" type="push"/>
                    <action arg="2800" type="push"/>
                  </actions>
                </route>
              </routes>
            </te-group>
            <te-group>
              <routes>
                <route to="in3">
                  <actions>
                    <action arg="171" type="swap"/>
                    <action arg="2797" type="push"/>
                    <action arg="2800" type="push"/>
                    <action arg="2803" type="push"/>
                  </actions>
                </route>
              </routes>
            </te-group>
          </te-groups>
        </destination>
        <destination from="in0" label="$174">
          <te-groups>
            <te-group>
              <routes>
                <route to="in1">
                  <actions>
                    <action arg="175" type="swap"/>
                  </actions>
                </route>
              </routes>
            </te-group>
            <te-group>
              <routes>
                <route to="in3">
                  <actions>
                    <action arg="175" type="swap"/>
                    <action arg="2797" type="push"/>
                  </actions>
                </route>
              </routes>
            </te-group>
            <te-group>
              <routes>
                <route to="in4">
                  <actions>
                    <action arg="175" type="swap"/>
                    <action arg="2797" type="push"/>
                    <action arg="2800" type="push"/>
                  </actions>
                </route>
              </routes>
            </te-group>
            <te-group>
              <routes>
                <route to="in3">
                  <actions>
                    <action arg="175" type="swap"/>
                    <action arg="2797" type="push"/>
                    <action arg="2800" type="push"/>
                    <action arg="2803" type="push"/>
                  </actions>
                </route>
              </routes>
            </te-group>
          </te-groups>
        </destination>
        <destination from="in0" label="$178">
          <te-groups>
            <te-group>
              <routes>
                <route to="in1">
                  <actions>
                    <action arg="179" type="swap"/>
                  </actions>
                </route>
              </routes>
            </te-group>
            <te-group>
              <routes>
                <route to="in3">
                  <actions>
                    <action arg="179" type="swap"/>
                    <action arg="2797" type="push"/>
                  </actions>
                </route>
              </routes>
            </te-group>
            <te-group>
              <routes>
                <route to="in4">
                  <actions>
                    <action arg="179" type="swap"/>
                    <action arg="2797" type="push"/>
                    <action arg="2800" type="push"/>
                  </actions>
                </route>
              </routes>
            </te-group>
            <te-group>
              <routes>
                <route to="in3">
                  <actions>
                    <action arg="179" type="swap"/>
                    <action arg="2797" type="push"/>
                    <action arg="2800" type="push"/>
                    <action arg="2803" type="push"/>
                  </actions>
                </route>
              </routes>
            </te-group>
          </te-groups>
        </destination>
        <destination from="in0" label="$181">
          <te-groups>
            <te-group>
              <routes>
                <route to="in2">
                  <actions>
                    <action arg="182" type="swap"/>
                  </actions>
                </route>
              </routes>
            </te-group>
          </te-groups>
        </destination>
        <destination from="in0" label="$184">
          <te-groups>
            <te-group>
              <routes>
                <route to="in3">
                  <actions>
                    <action arg="185" type="swap"/>
                  </actions>
                </route>
              </routes>
            </te-group>
            <te-group>
              <routes>
                <route to="in4">
                  <actions>
                    <action arg="185" type="swap"/>
                    <action arg="2800" type="push"/>
                  </actions>
                </route>
              </routes>
            </te-group>
            <te-group>
              <routes>
                <route to="in3">
                  <actions>
                    <action arg="185" type="swap"/>
                    <action arg="2800" type="push"/>
                    <action arg="2803" type="push"/>
                  </actions>
                </route>
              </routes>
            </te-group>
          </te-groups>
        </destination>
        <destination from="in0" label="$189">
          <te-groups>
            <te-group>
              <routes>
                <route to="in4">
                  <actions>
                    <action arg="190" type="swap"/>
                  </actions>
                </route>
              </routes>
            </te-group>
            <te-group>
              <routes>
                <route to="in3">
                  <actions>
                    <action arg="190" type="swap"/>
                    <action arg="2803" type="push"/>
                  </actions>
                </route>
              </routes>
            </te-group>
          </te-groups>
        </destination>
        <destination from="in0" label="$192">
          <te-groups>
            <te-group>
              <routes>
                <route to="in3">
                  <actions>
                    <action arg="193" type="swap"/>
                  </actions>
                </route>
              </routes>
            </te-group>
            <te-group>
              <routes>
                <route to="in4">
                  <actions>
                    <action arg="193" type="swap"/>
                    <action arg="2800" type="push"/>
                  </actions>
                </route>
              </routes>
            </te-group>
            <te-group>
              <routes>
                <route to="in3">
                  <actions>
                    <action arg="193" type="swap"/>
                    <action arg="2800" type="push"/>
                    <action arg="2803" type="push"/>
                  </actions>
                </route>
              </routes>
            </te-group>
          </te-groups>
        </destination>
        <destination from="in0" label="$197">
          <te-groups>
            <te-group>
              <routes>
                <route to="in3">
                  <actions>
                    <action arg="198" type="swap"/>
                  </actions>
                </route>
              </routes>
            </te-group>
            <te-group>
              <routes>
                <route to="in4">
                  <actions>
                    <action arg="198" type="swap"/>
                    <action arg="2800" type="push"/>
                  </actions>
                </route>
              </routes>
            </te-group>
            <te-group>
              <routes>
                <route to="in3">
                  <actions>
                    <action arg="198" type="swap"/>
                    <action arg="2800" type="push"/>
                    <action arg="2803" type="push"/>
                  </actions>
                </route>
              </routes>
            </te-group>
          </te-groups>
        </destination>
        <destination from="in0" label="$201">
          <te-groups>
            <te-group>
              <routes>
                <route to="in3">
                  <actions>
                    <action arg="202" type="swap"/>
                  </actions>
                </route>
              </routes>
            </te-group>
            <te-group>
              <routes>
                <route to="in4">
                  <actions>
                    <action arg="202" type="swap"/>
                    <action arg="2800" type="push"/>
                  </actions>
                </route>
              </routes>
            </te-group>
            <te-group>
              <routes>
                <route to="in3">
                  <actions>
                    <action arg="202" type="swap"/>
                    <action arg="2800" type="push"/>
                    <action arg="2803" type="push"/>
                  </actions>
                </route>
              </routes>
            </te-group>
          </te-groups>
        </destination>
        <destination from="in0" label="$206">
          <te-groups>
            <te-group>
              <routes>
                <route to="in3">
                  <actions>
                    <action arg="207" type="swap"/>
                  </actions>
                </route>
              </routes>
            </te-group>
            <te-group>
              <routes>
                <route to="in4">
                  <actions>
                    <action arg="207" type="swap"/>
                    <action arg="2800" type="push"/>
                  </actions>
                </route>
              </routes>
            </te-group>
            <te-group>
              <routes>
                <route to="in3">
                  <actions>
                    <action arg="207" type="swap"/>
                    <action arg="2800" type="push"/>
                    <action arg="2803" type="push"/>
                  </actions>
                </route>
              </routes>
            </te-group>
          </te-groups>
        </destination>
        <destination from="in0" label="$212">
          <te-groups>
            <te-group>
              <routes>
                <route to="in3">
                  <actions>
                    <action arg="213" type="swap"/>
                  </actions>
                </route>
              </routes>
            </te-group>
            <te-group>
              <routes>
                <route to="in4">
                  <actions>
                    <action arg="213" type="swap"/>
                    <action arg="2800" type="push"/>
                  </actions>
                </route>
              </routes>
            </te-group>
            <te-group>
              <routes>
                <route to="in3">
                  <actions>
                    <action arg="213" type="swap"/>
                    <action arg="2800" type="push"/>
                    <action arg="2803" type="push"/>
                  </actions>
                </route>
              </routes>
            </te-group>
          </te-groups>
        </destination>
        <destination from="in0" label="$217">
          <te-groups>
            <te-group>
              <routes>
                <route to="in3">
                  <actions>
                    <action arg="218" type="swap"/>
                  </actions>
                </route>
              </routes>
            </te-group>
            <te-group>
              <routes>
                <route to="in4">
                  <actions>
                    <action arg="218" type="swap"/>
                    <action arg="2800" type="push"/>
                  </actions>
                </route>
              </routes>
            </te-group>
            <te-group>
              <routes>
                <route to="in3">
                  <actions>
                    <action arg="218" type="swap"/>
                    <action arg="2800" type="push"/>
                    <action arg="2803" type="push"/>
                  </actions>
                </route>
              </routes>
            </te-group>
          </te-groups>
        </destination>
        <destination from="in0" label="$223">
          <te-groups>
            <te-group>
              <routes>
                <route to="in3">
                  <actions>
                    <action arg="224" type="swap"/>
                  </actions>
                </route>
              </routes>
            </te-group>
            <te-group>
              <routes>
                <route to="in4">
                  <actions>
                    <action arg="224" type="swap"/>
                    <action arg="2800" type="push"/>
                  </actions>
                </route>
              </routes>
            </te-group>
            <te-group>
              <routes>
                <route to="in3">
                  <actions>
                    <action arg="224" type="swap"/>
                    <action arg="2800" type="push"/>
                    <action arg="2803" type="push"/>
                  </actions>
                </route>
              </routes>
            </te-group>
          </te-groups>
        </destination>
        <destination from="in0" label="$229">
          <te-groups>
            <te-group>
              <routes>
                <route to="in1">
                  <actions>
                    <action arg="230" type="swap"/>
                  </actions>
                </route>
              </routes>
            </te-group>
            <te-group>
              <routes>
                <route to="in3">
                  <actions>
                    <action arg="230" type="swap"/>
                    <action arg="2797" type="push"/>
                  </actions>
                </route>
              </routes>
            </te-group>
            <te-group>
              <routes>
                <route to="in4">
                  <actions>
                    <action arg="230" type="swap"/>
                    <action arg="2797" type="push"/>
                    <action arg="2800" type="push"/>
                  </actions>
                </route>
              </routes>
            </te-group>
            <te-group>
              <routes>
                <route to="in3">
                  <actions>
                    <action arg="230" type="swap"/>
                    <action arg="2797" type="push"/>
                    <action arg="2800" type="push"/>
                    <action arg="2803" type="push"/>
                  </actions>
                </route>
              </routes>
            </te-group>
          </te-groups>
        </destination>
        <destination from="in0" label="$235">
          <te-groups>
            <te-group>
              <routes>
                <route to="in1">
                  <actions>
                    <action arg="236" type="swap"/>
                  </actions>
                </route>
              </routes>
            </te-group>
            <te-group>
              <routes>
                <route to="in3">
                  <actions>
                    <action arg="236" type="swap"/>
                    <action arg="2797" type="push"/>
                  </actions>
                </route>
              </routes>
            </te-group>
            <te-group>
              <routes>
                <route to="in4">
                  <actions>
                    <action arg="236" type="swap"/>
                    <action arg="2797" type="push"/>
                    <action arg="2800" type="push"/>
                  </actions>
                </route>
              </routes>
            </te-group>
            <te-group>
              <routes>
                <route to="in3">
                  <actions>
                    <action arg="236" type="swap"/>
                    <action arg="2797" type="push"/>
                    <action arg="2800" type="push"/>
                    <action arg="2803" type="push"/>
                  </actions>
                </route>
              </routes>
            </te-group>
          </te-groups>
        </destination>
        <destination from="in0" label="$242">
          <te-groups>
            <te-group>
              <routes>
                <route to="in3">
                  <actions>
                    <action arg="243" type="swap"/>
                  </actions>
                </route>
              </routes>
            </te-group>
            <te-group>
              <routes>
                <route to="in4">
                  <actions>
                    <action arg="243" type="swap"/>
                    <action arg="2800" type="push"/>
                  </actions>
                </route>
              </routes>
            </te-group>
            <te-group>
              <routes>
                <route to="in3">
                  <actions>
                    <action arg="243" type="swap"/>
                    <action arg="2800" type="push"/>
                    <action arg="2803" type="push"/>
                  </actions>
                </route>
              </routes>
            </te-group>
          </te-groups>
        </destination>
        <destination from="in0" label="$249">
          <te-groups>
            <te-group>
              <routes>
                <route to="in3">
                  <actions>
                    <action arg="250" type="swap"/>
                  </actions>
                </route>
              </routes>
            </te-group>
            <te-group>
              <routes>
                <route to="in4">
                  <actions>
                    <action arg="250" type="swap"/>
                    <action arg="2800" type="push"/>
                  </actions>
                </route>
              </routes>
            </te-group>
            <te-group>
              <routes>
                <route to="in3">
                  <actions>
                    <action arg="250" type="swap"/>
                    <action arg="2800" type="push"/>
                    <action arg="2803" type="push"/>
                  </actions>
                </route>
              </routes>
            </te-group>
          </te-groups>
        </destination>
        <destination from="in0" label="$257">
          <te-groups>
            <te-group>
              <routes>
                <route to="in4">
                  <actions>
                    <action arg="258" type="swap"/>
                  </actions>
                </route>
              </routes>
            </te-group>
            <te-group>
              <routes>
                <route to="in3">
                  <actions>
                    <action arg="258" type="swap"/>
                    <action arg="2803" type="push"/>
                  </actions>
                </route>
              </routes>
            </te-group>
          </te-groups>
        </destination>
        <destination from="in0" label="$261">
          <te-groups>
            <te-group>
              <routes>
                <route to="in4">
                  <actions>
                    <action arg="262" type="swap"/>
                  </actions>
                </route>
              </routes>
            </te-group>
            <te-group>
              <routes>
                <route to="in3">
                  <actions>
                    <action arg="262" type="swap"/>
                    <action arg="2803" type="push"/>
                  </actions>
                </route>
              </routes>
            </te-group>
          </te-groups>
        </destination>
        <destination from="in0" label="$266">
          <te-groups>
            <te-group>
              <routes>
                <route to="in4">
                  <actions>
                    <action arg="267" type="swap"/>
                  </actions>
                </route>
              </routes>
            </te-group>
            <te-group>
              <routes>
                <route to="in3">
                  <actions>
                    <action arg="267" type="swap"/>
                    <action arg="2803" type="push"/>
                  </actions>
                </route>
              </routes>
            </te-group>
          </te-groups>
        </destination>
        <destination from="in0" label="$271">
          <te-groups>
            <te-group>
              <routes>
                <route to="in4">
                  <actions>
                    <action arg="272" type="swap"/>
                  </actions>
                </route>
              </routes>
            </te-group>
            <te-group>
              <routes>
                <route to="in3">
                  <actions>
                    <action arg="272" type="swap"/>
                    <action arg="2803" type="push"/>
                  </actions>
                </route>
              </routes>
            </te-group>
          </te-groups>
        </destination>
        <destination from="in0" label="$277">
          <te-groups>
            <te-group>
              <routes>
                <route to="in1">
                  <actions>
                    <action arg="278" type="swap"/>
                  </actions>
                </route>
              </routes>
            </te-group>
            <te-group>
              <routes>
                <route to="in3">
                  <actions>
                    <action arg="278" type="swap"/>
                    <action arg="2797" type="push"/>
                  </actions>
                </route>
              </routes>
            </te-group>
            <te-group>
              <routes>
                <route to="in4">
                  <actions>
                    <action arg="278" type="swap"/>
                    <action arg="2797" type="push"/>
                    <action arg="2800" type="push"/>
                  </actions>
                </route>
              </routes>
            </te-group>
            <te-group>
              <routes>
                <route to="in3">
                  <actions>
                    <action arg="278" type="swap"/>
                    <action arg="2797" type="push"/>
                    <action arg="2800" type="push"/>
                    <action arg="2803" type="push"/>
                  </actions>
                </route>
              </routes>
            </te-group>
          </te-groups>
        </destination>
        <destination from="in0" label="$282">
          <te-groups>
            <te-group>
              <routes>
                <route to="in1">
                  <actions>
                    <action arg="283" type="swap"/>
                  </actions>
                </route>
              </routes>
            </te-group>
            <te-group>
              <routes>
                <route to="in3">
                  <actions>
                    <action arg="283" type="swap"/>
                    <action arg="2797" type="push"/>
                  </actions>
                </route>
              </routes>
            </te-group>
            <te-group>
              <routes>
                <route to="in4">
                  <actions>
                    <action arg="283" type="swap"/>
                    <action arg="2797" type="push"/>
                    <action arg="2800" type="push"/>
                  </actions>
                </route>
              </routes>
            </te-group>
            <te-group>
              <routes>
                <route to="in3">
                  <actions>
                    <action arg="283" type="swap"/>
                    <action arg="2797" type="push"/>
                    <action arg="2800" type="push"/>
                    <action arg="2803" type="push"/>
                  </actions>
                </route>
              </routes>
            </te-group>
          </te-groups>
        </destination>
        <destination from="in1" label="61">
          <te-groups>
            <te-group>
              <routes>
                <route to="eg0">
                  <actions>
                    <action type="pop"/>
                  </actions>
                </route>
              </routes>
            </te-group>
          </te-groups>
        </destination>
        <destination from="in1" label="306">
          <te-groups>
            <te-group>
              <routes>
                <route to="eg0">
                  <actions>
                    <action type="pop"/>
                  </actions>
                </route>
              </routes>
            </te-group>
          </te-groups>
        </destination>
        <destination from="in1" label="418">
          <te-groups>
            <te-group>
              <routes>
                <route to="eg0">
                  <actions>
                    <action type="pop"/>
                  </actions>
                </route>
              </routes>
            </te-group>
          </te-groups>
        </destination>
        <destination from="in1" label="1658">
          <te-groups>
            <te-group>
              <routes>
                <route to="eg0">
                  <actions>
                    <action type="pop"/>
                  </actions>
                </route>
              </routes>
            </te-group>
          </te-groups>
        </destination>
        <destination from="in1" label="1792">
          <te-groups>
            <te-group>
              <routes>
                <route to="eg0">
                  <actions>
                    <action type="pop"/>
                  </actions>
                </route>
              </routes>
            </te-group>
          </te-groups>
        </destination>
        <destination from="in1" label="2609">
          <te-groups>
            <te-group>
              <routes>
                <route to="eg0">
                  <actions>
                    <action type="pop"/>
                  </actions>
                </route>
              </routes>
            </te-group>
          </te-groups>
        </destination>
        <destination from="in1" label="2863">
          <te-groups>
            <te-group>
              <routes>
                <route to="in4">
                  <actions>
                    <action arg="2862" type="swap"/>
                  </actions>
                </route>
              </routes>
            </te-group>
          </te-groups>
        </destination>
        <destination from="in1" label="2876">
          <te-groups>
            <te-group>
              <routes>
                <route to="in4">
                  <actions>
                    <action arg="2875" type="swap"/>
                  </actions>
                </route>
              </routes>
            </te-group>
          </te-groups>
        </destination>
        <destination from="in1" label="2893">
          <te-groups>
            <te-group>
              <routes>
                <route to="in4">
                  <actions>
                    <action arg="2892" type="swap"/>
                  </actions>
                </route>
              </routes>
            </te-group>
          </te-groups>
        </destination>
        <destination from="in1" label="2898">
          <te-groups>
            <te-group>
              <routes>
                <route to="in3">
                  <actions>
                    <action arg="2897" type="swap"/>
                  </actions>
                </route>
              </routes>
            </te-group>
          </te-groups>
        </destination>
        <destination from="in1" label="2902">
          <te-groups>
            <te-group>
              <routes>
                <route to="in3">
                  <actions>
                    <action arg="2901" type="swap"/>
                  </actions>
                </route>
              </routes>
            </te-group>
          </te-groups>
        </destination>
        <destination from="in1" label="$44">
          <te-groups>
            <te-group>
              <routes>
                <route to="in0">
                  <actions>
                    <action arg="45" type="swap"/>
                  </actions>
                </route>
              </routes>
            </te-group>
          </te-groups>
        </destination>
        <destination from="in1" label="$53">
          <te-groups>
            <te-group>
              <routes>
                <route to="in2">
                  <actions>
                    <action arg="54" type="swap"/>
                  </actions>
                </route>
              </routes>
            </te-group>
          </te-groups>
        </destination>
        <destination from="in1" label="$57">
          <te-groups>
            <te-group>
              <routes>
                <route to="in3">
                  <actions>
                    <action arg="58" type="swap"/>
                  </actions>
                </route>
              </routes>
            </te-group>
            <te-group>
              <routes>
                <route to="in4">
                  <actions>
                    <action arg="58" type="swap"/>
                    <action arg="2800" type="push"/>
                  </actions>
                </route>
              </routes>
            </te-group>
            <te-group>
              <routes>
                <route to="in3">
                  <actions>
                    <action arg="58" type="swap"/>
                    <action arg="2800" type="push"/>
                    <action arg="2803" type="push"/>
                  </actions>
                </route>
              </routes>
            </te-group>
          </te-groups>
        </destination>
        <destination from="in1" label="$64">
          <te-groups>
            <te-group>
              <routes>
                <route to="in4">
                  <actions>
                    <action arg="65" type="swap"/>
                  </actions>
                </route>
              </routes>
            </te-group>
            <te-group>
              <routes>
                <route to="in3">
                  <actions>
                    <action arg="65" type="swap"/>
                    <action arg="2803" type="push"/>
                  </actions>
                </route>
              </routes>
            </te-group>
          </te-groups>
        </destination>
        <destination from="in1" label="$68">
          <te-groups>
            <te-group>
              <routes>
                <route to="in3">
                  <actions>
                    <action arg="69" type="swap"/>
                  </actions>
                </route>
              </routes>
            </te-group>
            <te-group>
              <routes>
                <route to="in4">
                  <actions>
                    <action arg="69" type="swap"/>
                    <action arg="2800" type="push"/>
                  </actions>
                </route>
              </routes>
            </te-group>
            <te-group>
              <routes>
                <route to="in3">
                  <actions>
                    <action arg="69" type="swap"/>
                    <action arg="2800" type="push"/>
                    <action arg="2803" type="push"/>
                  </actions>
                </route>
              </routes>
            </te-group>
          </te-groups>
        </destination>
        <destination from="in1" label="$74">
          <te-groups>
            <te-group>
              <routes>
                <route to="in3">
                  <actions>
                    <action arg="75" type="swap"/>
                  </actions>
                </route>
              </routes>
            </te-group>
            <te-group>
              <routes>
                <route to="in4">
                  <actions>
                    <action arg="75" type="swap"/>
                    <action arg="2800" type="push"/>
                  </actions>
                </route>
              </routes>
            </te-group>
            <te-group>
              <routes>
                <route to="in3">
                  <actions>
                    <action arg="75" type="swap"/>
                    <action arg="2800" type="push"/>
                    <action arg="2803" type="push"/>
                  </actions>
                </route>
              </routes>
            </te-group>
          </te-groups>
        </destination>
        <destination from="in1" label="$79">
          <te-groups>
            <te-group>
              <routes>
                <route to="in3">
                  <actions>
                    <action arg="80" type="swap"/>
                  </actions>
                </route>
              </routes>
            </te-group>
            <te-group>
              <routes>
                <route to="in4">
                  <actions>
                    <action arg="80" type="swap"/>
                    <action arg="2800" type="push"/>
                  </actions>
                </route>
              </routes>
            </te-group>
            <te-group>
              <routes>
                <route to="in3">
                  <actions>
                    <action arg="80" type="swap"/>
                    <action arg="2800" type="push"/>
                    <action arg="2803" type="push"/>
                  </actions>
                </route>
              </routes>
            </te-group>
          </te-groups>
        </destination>
        <destination from="in1" label="$85">
          <te-groups>
            <te-group>
              <routes>
                <route to="in3">
                  <actions>
                    <action arg="86" type="swap"/>
                  </actions>
                </route>
              </routes>
            </te-group>
            <te-group>
              <routes>
                <route to="in4">
                  <actions>
                    <action arg="86" type="swap"/>
                    <action arg="2800" type="push"/>
                  </actions>
                </route>
              </routes>
            </te-group>
            <te-group>
              <routes>
                <route to="in3">
                  <actions>
                    <action arg="86" type="swap"/>
                    <action arg="2800" type="push"/>
                    <action arg="2803" type="push"/>
                  </actions>
                </route>
              </routes>
            </te-group>
          </te-groups>
        </destination>
        <destination from="in1" label="$92">
          <te-groups>
            <te-group>
              <routes>
                <route to="in3">
                  <actions>
                    <action arg="93" type="swap"/>
                  </actions>
                </route>
              </routes>
            </te-group>
            <te-group>
              <routes>
                <route to="in4">
                  <actions>
                    <action arg="93" type="swap"/>
                    <action arg="2800" type="push"/>
                  </actions>
                </route>
              </routes>
            </te-group>
            <te-group>
              <routes>
                <route to="in3">
                  <actions>
                    <action arg="93" type="swap"/>
                    <action arg="2800" type="push"/>
                    <action arg="2803" type="push"/>
                  </actions>
                </route>
              </routes>
            </te-group>
          </te-groups>
        </destination>
        <destination from="in1" label="$98">
          <te-groups>
            <te-group>
              <routes>
                <route to="in3">
                  <actions>
                    <action arg="99" type="swap"/>
                  </actions>
                </route>
              </routes>
            </te-group>
            <te-group>
              <routes>
                <route to="in4">
                  <actions>
                    <action arg="99" type="swap"/>
                    <action arg="2800" type="push"/>
                  </actions>
                </route>
              </routes>
            </te-group>
            <te-group>
              <routes>
                <route to="in3">
                  <actions>
                    <action arg="99" type="swap"/>
                    <action arg="2800" type="push"/>
                    <action arg="2803" type="push"/>
                  </actions>
                </route>
              </routes>
            </te-group>
          </te-groups>
        </destination>
        <destination from="in1" label="$105">
          <te-groups>
            <te-group>
              <routes>
                <route to="in3">
                  <actions>
                    <action arg="106" type="swap"/>
                  </actions>
                </route>
              </routes>
            </te-group>
            <te-group>
              <routes>
                <route to="in4">
                  <actions>
                    <action arg="106" type="swap"/>
                    <action arg="2800" type="push"/>
                  </actions>
                </route>
              </routes>
            </te-group>
            <te-group>
              <routes>
                <route to="in3">
                  <actions>
                    <action arg="106" type="swap"/>
                    <action arg="2800" type="push"/>
                    <action arg="2803" type="push"/>
                  </actions>
                </route>
              </routes>
            </te-group>
          </te-groups>
        </destination>
        <destination from="in1" label="$123">
          <te-groups>
            <te-group>
              <routes>
                <route to="in3">
                  <actions>
                    <action arg="124" type="swap"/>
                  </actions>
                </route>
              </routes>
            </te-group>
            <te-group>
              <routes>
                <route to="in4">
                  <actions>
                    <action arg="124" type="swap"/>
                    <action arg="2800" type="push"/>
                  </actions>
                </route>
              </routes>
            </te-group>
            <te-group>
              <routes>
                <route to="in3">
                  <actions>
                    <action arg="124" type="swap"/>
                    <action arg="2800" type="push"/>
                    <action arg="2803" type="push"/>
                  </actions>
                </route>
              </routes>
            </te-group>
          </te-groups>
        </destination>
        <destination from="in1" label="$131">
          <te-groups>
            <te-group>
              <routes>
                <route to="in3">
                  <actions>
                    <action arg="132" type="swap"/>
                  </actions>
                </route>
              </routes>
            </te-group>
            <te-group>
              <routes>
                <route to="in4">
                  <actions>
                    <action arg="132" type="swap"/>
                    <action arg="2800" type="push"/>
                  </actions>
                </route>
              </routes>
            </te-group>
            <te-group>
              <routes>
                <route to="in3">
                  <actions>
                    <action arg="132" type="swap"/>
                    <action arg="2800" type="push"/>
                    <action arg="2803" type="push"/>
                  </actions>
                </route>
              </routes>
            </te-group>
          </te-groups>
        </destination>
        <destination from="in1" label="$140">
          <te-groups>
            <te-group>
              <routes>
                <route to="in4">
                  <actions>
                    <action arg="141" type="swap"/>
                  </actions>
                </route>
              </routes>
            </te-group>
            <te-group>
              <routes>
                <route to="in3">
                  <actions>
                    <action arg="141" type="swap"/>
                    <action arg="2803" type="push"/>
                  </actions>
                </route>
              </routes>
            </te-group>
          </te-groups>
        </destination>
        <destination from="in1" label="$145">
          <te-groups>
            <te-group>
              <routes>
                <route to="in4">
                  <actions>
                    <action arg="146" type="swap"/>
                  </actions>
                </route>
              </routes>
            </te-group>
            <te-group>
              <routes>
                <route to="in3">
                  <actions>
                    <action arg="146" type="swap"/>
                    <action arg="2803" type="push"/>
                  </actions>
                </route>
              </routes>
            </te-group>
          </te-groups>
        </destination>
        <destination from="in1" label="$151">
          <te-groups>
            <te-group>
              <routes>
                <route to="in4">
                  <actions>
                    <action arg="152" type="swap"/>
                  </actions>
                </route>
              </routes>
            </te-group>
            <te-group>
              <routes>
                <route to="in3">
                  <actions>
                    <action arg="152" type="swap"/>
                    <action arg="2803" type="push"/>
                  </actions>
                </route>
              </routes>
            </te-group>
          </te-groups>
        </destination>
        <destination from="in1" label="$292">
          <te-groups>
            <te-group>
              <routes>
                <route to="in0">
                  <actions>
                    <action arg="293" type="swap"/>
                  </actions>
                </route>
              </routes>
            </te-group>
          </te-groups>
        </destination>
        <destination from="in1" label="$298">
          <te-groups>
            <te-group>
              <routes>
                <route to="in2">
                  <actions>
                    <action arg="299" type="swap"/>
                  </actions>
                </route>
              </routes>
            </te-group>
          </te-groups>
        </destination>
        <destination from="in1" label="$302">
          <te-groups>
            <te-group>
              <routes>
                <route to="in3">
                  <actions>
                    <action arg="303" type="swap"/>
                  </actions>
                </route>
              </routes>
            </te-group>
            <te-group>
              <routes>
                <route to="in4">
                  <actions>
                    <action arg="303" type="swap"/>
                    <action arg="2800" type="push"/>
                  </actions>
                </route>
              </routes>
            </te-group>
            <te-group>
              <routes>
                <route to="in3">
                  <actions>
                    <action arg="303" type="swap"/>
                    <action arg="2800" type="push"/>
                    <action arg="2803" type="push"/>
                  </actions>
                </route>
              </routes>
            </te-group>
          </te-groups>
        </destination>
        <destination from="in1" label="$309">
          <te-groups>
            <te-group>
              <routes>
                <route to="in4">
                  <actions>
                    <action arg="310" type="swap"/>
                  </actions>
                </route>
              </routes>
            </te-group>
            <te-group>
              <routes>
                <route to="in3">
                  <actions>
                    <action arg="310" type="swap"/>
                    <action arg="2803" type="push"/>
                  </actions>
                </route>
              </routes>
            </te-group>
          </te-groups>
        </destination>
        <destination from="in1" label="$313">
          <te-groups>
            <te-group>
              <routes>
                <route to="in3">
                  <actions>
                    <action arg="314" type="swap"/>
                  </actions>
                </route>
              </routes>
            </te-group>
            <te-group>
              <routes>
                <route to="in4">
                  <actions>
                    <action arg="314" type="swap"/>
                    <action arg="2800" type="push"/>
                  </actions>
                </route>
              </routes>
            </te-group>
            <te-group>
              <routes>
                <route to="in3">
                  <actions>
                    <action arg="314" type="swap"/>
                    <action arg="2800" type="push"/>
                    <action arg="2803" type="push"/>
                  </actions>
                </route>
              </routes>
            </te-group>
          </te-groups>
        </destination>
        <destination from="in1" label="$319">
          <te-groups>
            <te-group>
              <routes>
                <route to="in3">
                  <actions>
                    <action arg="320" type="swap"/>
                  </actions>
                </route>
              </routes>
            </te-group>
            <te-group>
              <routes>
                <route to="in4">
                  <actions>
                    <action arg="320" type="swap"/>
                    <action arg="2800" type="push"/>
                  </actions>
                </route>
              </routes>
            </te-group>
            <te-group>
              <routes>
                <route to="in3">
                  <actions>
                    <action arg="320" type="swap"/>
                    <action arg="2800" type="push"/>
                    <action arg="2803" type="push"/>
                  </actions>
                </route>
              </routes>
            </te-group>
          </te-groups>
        </destination>
        <destination from="in1" label="$324">
          <te-groups>
            <te-group>
              <routes>
                <route to="in3">
                  <actions>
                    <action arg="325" type="swap"/>
                  </actions>
                </route>
              </routes>
            </te-group>
            <te-group>
              <routes>
                <route to="in4">
                  <actions>
                    <action arg="325" type="swap"/>
                    <action arg="2800" type="push"/>
                  </actions>
                </route>
              </routes>
            </te-group>
            <te-group>
              <routes>
                <route to="in3">
                  <actions>
                    <action arg="325" type="swap"/>
                    <action arg="2800" type="push"/>
                    <action arg="2803" type="push"/>
                  </actions>
                </route>
              </routes>
            </te-group>
          </te-groups>
        </destination>
        <destination from="in1" label="$330">
          <te-groups>
            <te-group>
              <routes>
                <route to="in3">
                  <actions>
                    <action arg="331" type="swap"/>
                  </actions>
                </route>
              </routes>
            </te-group>
            <te-group>
              <routes>
                <route to="in4">
                  <actions>
                    <action arg="331" type="swap"/>
                    <action arg="2800" type="push"/>
                  </actions>
                </route>
              </routes>
            </te-group>
            <te-group>
              <routes>
                <route to="in3">
                  <actions>
                    <action arg="331" type="swap"/>
                    <action arg="2800" type="push"/>
                    <action arg="2803" type="push"/>
                  </actions>
                </route>
              </routes>
            </te-group>
          </te-groups>
        </destination>
        <destination from="in1" label="$337">
          <te-groups>
            <te-group>
              <routes>
                <route to="in3">
                  <actions>
                    <action arg="338" type="swap"/>
                  </actions>
                </route>
              </routes>
            </te-group>
            <te-group>
              <routes>
                <route to="in4">
                  <actions>
                    <action arg="338" type="swap"/>
                    <action arg="2800" type="push"/>
                  </actions>
                </route>
              </routes>
            </te-group>
            <te-group>
              <routes>
                <route to="in3">
                  <actions>
                    <action arg="338" type="swap"/>
                    <action arg="2800" type="push"/>
                    <action arg="2803" type="push"/>
                  </actions>
                </route>
              </routes>
            </te-group>
          </te-groups>
        </destination>
        <destination from="in1" label="$343">
          <te-groups>
            <te-group>
              <routes>
                <route to="in3">
                  <actions>
                    <action arg="344" type="swap"/>
                  </actions>
                </route>
              </routes>
            </te-group>
            <te-group>
              <routes>
                <route to="in4">
                  <actions>
                    <action arg="344" type="swap"/>
                    <action arg="2800" type="push"/>
                  </actions>
                </route>
              </routes>
            </te-group>
            <te-group>
              <routes>
                <route to="in3">
                  <actions>
                    <action arg="344" type="swap"/>
                    <action arg="2800" type="push"/>
                    <action arg="2803" type="push"/>
                  </actions>
                </route>
              </routes>
            </te-group>
          </te-groups>
        </destination>
        <destination from="in1" label="$350">
          <te-groups>
            <te-group>
              <routes>
                <route to="in3">
                  <actions>
                    <action arg="351" type="swap"/>
                  </actions>
                </route>
              </routes>
            </te-group>
            <te-group>
              <routes>
                <route to="in4">
                  <actions>
                    <action arg="351" type="swap"/>
                    <action arg="2800" type="push"/>
                  </actions>
                </route>
              </routes>
            </te-group>
            <te-group>
              <routes>
                <route to="in3">
                  <actions>
                    <action arg="351" type="swap"/>
                    <action arg="2800" type="push"/>
                    <action arg="2803" type="push"/>
                  </actions>
                </route>
              </routes>
            </te-group>
          </te-groups>
        </destination>
        <destination from="in1" label="$364">
          <te-groups>
            <te-group>
              <routes>
                <route to="in3">
                  <actions>
                    <action arg="365" type="swap"/>
                  </actions>
                </route>
              </routes>
            </te-group>
            <te-group>
              <routes>
                <route to="in4">
                  <actions>
                    <action arg="365" type="swap"/>
                    <action arg="2800" type="push"/>
                  </actions>
                </route>
              </routes>
            </te-group>
            <te-group>
              <routes>
                <route to="in3">
                  <actions>
                    <action arg="365" type="swap"/>
                    <action arg="2800" type="push"/>
                    <action arg="2803" type="push"/>
                  </actions>
                </route>
              </routes>
            </te-group>
          </te-groups>
        </destination>
        <destination from="in1" label="$372">
          <te-groups>
            <te-group>
              <routes>
                <route to="in3">
                  <actions>
                    <action arg="373" type="swap"/>
                  </actions>
                </route>
              </routes>
            </te-group>
            <te-group>
              <routes>
                <route to="in4">
                  <actions>
                    <action arg="373" type="swap"/>
                    <action arg="2800" type="push"/>
                  </actions>
                </route>
              </routes>
            </te-group>
            <te-group>
              <routes>
                <route to="in3">
                  <actions>
                    <action arg="373" type="swap"/>
                    <action arg="2800" type="push"/>
                    <action arg="2803" type="push"/>
                  </actions>
                </route>
              </routes>
            </te-group>
          </te-groups>
        </destination>
        <destination from="in1" label="$381">
          <te-groups>
            <te-group>
              <routes>
                <route to="in4">
                  <actions>
                    <action arg="382" type="swap"/>
                  </actions>
                </route>
              </routes>
            </te-group>
            <te-group>
              <routes>
                <route to="in3">
                  <actions>
                    <action arg="382" type="swap"/>
                    <action arg="2803" type="push"/>
                  </actions>
                </route>
              </routes>
            </te-group>
          </te-groups>
        </destination>
        <destination from="in1" label="$386">
          <te-groups>
            <te-group>
              <routes>
                <route to="in4">
                  <actions>
                    <action arg="387" type="swap"/>
                  </actions>
                </route>
              </routes>
            </te-group>
            <te-group>
              <routes>
                <route to="in3">
                  <actions>
                    <action arg="387" type="swap"/>
                    <action arg="2803" type="push"/>
                  </actions>
                </route>
              </routes>
            </te-group>
          </te-groups>
        </destination>
        <destination from="in1" label="$392">
          <te-groups>
            <te-group>
              <routes>
                <route to="in4">
                  <actions>
                    <action arg="393" type="swap"/>
                  </actions>
                </route>
              </routes>
            </te-group>
            <te-group>
              <routes>
                <route to="in3">
                  <actions>
                    <action arg="393" type="swap"/>
                    <action arg="2803" type="push"/>
                  </actions>
                </route>
              </routes>
            </te-group>
          </te-groups>
        </destination>
        <destination from="in1" label="$407">
          <te-groups>
            <te-group>
              <routes>
                <route to="in0">
                  <actions>
                    <action arg="408" type="swap"/>
                  </actions>
                </route>
              </routes>
            </te-group>
          </te-groups>
        </destination>
        <destination from="in1" label="$412">
          <te-groups>
            <te-group>
              <routes>
                <route to="in2">
                  <actions>
                    <action arg="413" type="swap"/>
                  </actions>
                </route>
              </routes>
            </te-group>
          </te-groups>
        </destination>
        <destination from="in1" label="$415">
          <te-groups>
            <te-group>
              <routes>
                <route to="in3">
                  <actions>
                    <action arg="416" type="swap"/>
                  </actions>
                </route>
              </routes>
            </te-group>
            <te-group>
              <routes>
                <route to="in4">
                  <actions>
                    <action arg="416" type="swap"/>
                    <action arg="2800" type="push"/>
                  </actions>
                </route>
              </routes>
            </te-group>
            <te-group>
              <routes>
                <route to="in3">
                  <actions>
                    <action arg="416" type="swap"/>
                    <action arg="2800" type="push"/>
                    <action arg="2803" type="push"/>
                  </actions>
                </route>
              </routes>
            </te-group>
          </te-groups>
        </destination>
        <destination from="in1" label="$420">
          <te-groups>
            <te-group>
              <routes>
                <route to="in4">
                  <actions>
                    <action arg="421" type="swap"/>
                  </actions>
                </route>
              </routes>
            </te-group>
            <te-group>
              <routes>
                <route to="in3">
                  <actions>
                    <action arg="421" type="swap"/>
                    <action arg="2803" type="push"/>
                  </actions>
                </route>
              </routes>
            </te-group>
          </te-groups>
        </destination>
        <destination from="in1" label="$423">
          <te-groups>
            <te-group>
              <routes>
                <route to="in3">
                  <actions>
                    <action arg="424" type="swap"/>
                  </actions>
                </route>
              </routes>
            </te-group>
            <te-group>
              <routes>
                <route to="in4">
                  <actions>
                    <action arg="424" type="swap"/>
                    <action arg="2800" type="push"/>
                  </actions>
                </route>
              </routes>
            </te-group>
            <te-group>
              <routes>
                <route to="in3">
                  <actions>
                    <action arg="424" type="swap"/>
                    <action arg="2800" type="push"/>
                    <action arg="2803" type="push"/>
                  </actions>
                </route>
              </routes>
            </te-group>
          </te-groups>
        </destination>
        <destination from="in1" label="$428">
          <te-groups>
            <te-group>
              <routes>
                <route to="in3">
                  <actions>
                    <action arg="429" type="swap"/>
                  </actions>
                </route>
              </routes>
            </te-group>
            <te-group>
              <routes>
                <route to="in4">
                  <actions>
                    <action arg="429" type="swap"/>
                    <action arg="2800" type="push"/>
                  </actions>
                </route>
              </routes>
            </te-group>
            <te-group>
              <routes>
                <route to="in3">
                  <actions>
                    <action arg="429" type="swap"/>
                    <action arg="2800" type="push"/>
                    <action arg="2803" type="push"/>
                  </actions>
                </route>
              </routes>
            </te-group>
          </te-groups>
        </destination>
        <destination from="in1" label="$432">
          <te-groups>
            <te-group>
              <routes>
                <route to="in3">
                  <actions>
                    <action arg="433" type="swap"/>
                  </actions>
                </route>
              </routes>
            </te-group>
            <te-group>
              <routes>
                <route to="in4">
                  <actions>
                    <action arg="433" type="swap"/>
                    <action arg="2800" type="push"/>
                  </actions>
                </route>
              </routes>
            </te-group>
            <te-group>
              <routes>
                <route to="in3">
                  <actions>
                    <action arg="433" type="swap"/>
                    <action arg="2800" type="push"/>
                    <action arg="2803" type="push"/>
                  </actions>
                </route>
              </routes>
            </te-group>
          </te-groups>
        </destination>
        <destination from="in1" label="$437">
          <te-groups>
            <te-group>
              <routes>
                <route to="in3">
                  <actions>
                    <action arg="438" type="swap"/>
                  </actions>
                </route>
              </routes>
            </te-group>
            <te-group>
              <routes>
                <route to="in4">
                  <actions>
                    <action arg="438" type="swap"/>
                    <action arg="2800" type="push"/>
                  </actions>
                </route>
              </routes>
            </te-group>
            <te-group>
              <routes>
                <route to="in3">
                  <actions>
                    <action arg="438" type="swap"/>
                    <action arg="2800" type="push"/>
                    <action arg="2803" type="push"/>
                  </actions>
                </route>
              </routes>
            </te-group>
          </te-groups>
        </destination>
        <destination from="in1" label="$443">
          <te-groups>
            <te-group>
              <routes>
                <route to="in3">
                  <actions>
                    <action arg="444" type="swap"/>
                  </actions>
                </route>
              </routes>
            </te-group>
            <te-group>
              <routes>
                <route to="in4">
                  <actions>
                    <action arg="444" type="swap"/>
                    <action arg="2800" type="push"/>
                  </actions>
                </route>
              </routes>
            </te-group>
            <te-group>
              <routes>
                <route to="in3">
                  <actions>
                    <action arg="444" type="swap"/>
                    <action arg="2800" type="push"/>
                    <action arg="2803" type="push"/>
                  </actions>
                </route>
              </routes>
            </te-group>
          </te-groups>
        </destination>
        <destination from="in1" label="$448">
          <te-groups>
            <te-group>
              <routes>
                <route to="in3">
                  <actions>
                    <action arg="449" type="swap"/>
                  </actions>
                </route>
              </routes>
            </te-group>
            <te-group>
              <routes>
                <route to="in4">
                  <actions>
                    <action arg="449" type="swap"/>
                    <action arg="2800" type="push"/>
                  </actions>
                </route>
              </routes>
            </te-group>
            <te-group>
              <routes>
                <route to="in3">
                  <actions>
                    <action arg="449" type="swap"/>
                    <action arg="2800" type="push"/>
                    <action arg="2803" type="push"/>
                  </actions>
                </route>
              </routes>
            </te-group>
          </te-groups>
        </destination>
        <destination from="in1" label="$454">
          <te-groups>
            <te-group>
              <routes>
                <route to="in3">
                  <actions>
                    <action arg="455" type="swap"/>
                  </actions>
                </route>
              </routes>
            </te-group>
            <te-group>
              <routes>
                <route to="in4">
                  <actions>
                    <action arg="455" type="swap"/>
                    <action arg="2800" type="push"/>
                  </actions>
                </route>
              </routes>
            </te-group>
            <te-group>
              <routes>
                <route to="in3">
                  <actions>
                    <action arg="455" type="swap"/>
                    <action arg="2800" type="push"/>
                    <action arg="2803" type="push"/>
                  </actions>
                </route>
              </routes>
            </te-group>
          </te-groups>
        </destination>
        <destination from="in1" label="$465">
          <te-groups>
            <te-group>
              <routes>
                <route to="in3">
                  <actions>
                    <action arg="466" type="swap"/>
                  </actions>
                </route>
              </routes>
            </te-group>
            <te-group>
              <routes>
                <route to="in4">
                  <actions>
                    <action arg="466" type="swap"/>
                    <action arg="2800" type="push"/>
                  </actions>
                </route>
              </routes>
            </te-group>
            <te-group>
              <routes>
                <route to="in3">
                  <actions>
                    <action arg="466" type="swap"/>
                    <action arg="2800" type="push"/>
                    <action arg="2803" type="push"/>
                  </actions>
                </route>
              </routes>
            </te-group>
          </te-groups>
        </destination>
        <destination from="in1" label="$472">
          <te-groups>
            <te-group>
              <routes>
                <route to="in3">
                  <actions>
                    <action arg="473" type="swap"/>
                  </actions>
                </route>
              </routes>
            </te-group>
            <te-group>
              <routes>
                <route to="in4">
                  <actions>
                    <action arg="473" type="swap"/>
                    <action arg="2800" type="push"/>
                  </actions>
                </route>
              </routes>
            </te-group>
            <te-group>
              <routes>
                <route to="in3">
                  <actions>
                    <action arg="473" type="swap"/>
                    <action arg="2800" type="push"/>
                    <action arg="2803" type="push"/>
                  </actions>
                </route>
              </routes>
            </te-group>
          </te-groups>
        </destination>
        <destination from="in1" label="$480">
          <te-groups>
            <te-group>
              <routes>
                <route to="in4">
                  <actions>
                    <action arg="481" type="swap"/>
                  </actions>
                </route>
              </routes>
            </te-group>
            <te-group>
              <routes>
                <route to="in3">
                  <actions>
                    <action arg="481" type="swap"/>
                    <action arg="2803" type="push"/>
                  </actions>
                </route>
              </routes>
            </te-group>
          </te-groups>
        </destination>
        <destination from="in1" label="$484">
          <te-groups>
            <te-group>
              <routes>
                <route to="in4">
                  <actions>
                    <action arg="485" type="swap"/>
                  </actions>
                </route>
              </routes>
            </te-group>
            <te-group>
              <routes>
                <route to="in3">
                  <actions>
                    <action arg="485" type="swap"/>
                    <action arg="2803" type="push"/>
                  </actions>
                </route>
              </routes>
            </te-group>
          </te-groups>
        </destination>
        <destination from="in1" label="$489">
          <te-groups>
            <te-group>
              <routes>
                <route to="in4">
                  <actions>
                    <action arg="490" type="swap"/>
                  </actions>
                </route>
              </routes>
            </te-group>
            <te-group>
              <routes>
                <route to="in3">
                  <actions>
                    <action arg="490" type="swap"/>
                    <action arg="2803" type="push"/>
                  </actions>
                </route>
              </routes>
            </te-group>
          </te-groups>
        </destination>
        <destination from="in1" label="$1641">
          <te-groups>
            <te-group>
              <routes>
                <route to="in0">
                  <actions>
                    <action arg="1642" type="swap"/>
                  </actions>
                </route>
              </routes>
            </te-group>
          </te-groups>
        </destination>
        <destination from="in1" label="$1650">
          <te-groups>
            <te-group>
              <routes>
                <route to="in2">
                  <actions>
                    <action arg="1651" type="swap"/>
                  </actions>
                </route>
              </routes>
            </te-group>
          </te-groups>
        </destination>
        <destination from="in1" label="$1654">
          <te-groups>
            <te-group>
              <routes>
                <route to="in3">
                  <actions>
                    <action arg="1655" type="swap"/>
                  </actions>
                </route>
              </routes>
            </te-group>
            <te-group>
              <routes>
                <route to="in4">
                  <actions>
                    <action arg="1655" type="swap"/>
                    <action arg="2800" type="push"/>
                  </actions>
                </route>
              </routes>
            </te-group>
            <te-group>
              <routes>
                <route to="in3">
                  <actions>
                    <action arg="1655" type="swap"/>
                    <action arg="2800" type="push"/>
                    <action arg="2803" type="push"/>
                  </actions>
                </route>
              </routes>
            </te-group>
          </te-groups>
        </destination>
        <destination from="in1" label="$1661">
          <te-groups>
            <te-group>
              <routes>
                <route to="in4">
                  <actions>
                    <action arg="1662" type="swap"/>
                  </actions>
                </route>
              </routes>
            </te-group>
            <te-group>
              <routes>
                <route to="in3">
                  <actions>
                    <action arg="1662" type="swap"/>
                    <action arg="2803" type="push"/>
                  </actions>
                </route>
              </routes>
            </te-group>
          </te-groups>
        </destination>
        <destination from="in1" label="$1665">
          <te-groups>
            <te-group>
              <routes>
                <route to="in3">
                  <actions>
                    <action arg="1666" type="swap"/>
                  </actions>
                </route>
              </routes>
            </te-group>
            <te-group>
              <routes>
                <route to="in4">
                  <actions>
                    <action arg="1666" type="swap"/>
                    <action arg="2800" type="push"/>
                  </actions>
                </route>
              </routes>
            </te-group>
            <te-group>
              <routes>
                <route to="in3">
                  <actions>
                    <action arg="1666" type="swap"/>
                    <action arg="2800" type="push"/>
                    <action arg="2803" type="push"/>
                  </actions>
                </route>
              </routes>
            </te-group>
          </te-groups>
        </destination>
        <destination from="in1" label="$1671">
          <te-groups>
            <te-group>
              <routes>
                <route to="in3">
                  <actions>
                    <action arg="1672" type="swap"/>
                  </actions>
                </route>
              </routes>
            </te-group>
            <te-group>
              <routes>
                <route to="in4">
                  <actions>
                    <action arg="1672" type="swap"/>
                    <action arg="2800" type="push"/>
                  </actions>
                </route>
              </routes>
            </te-group>
            <te-group>
              <routes>
                <route to="in3">
                  <actions>
                    <action arg="1672" type="swap"/>
                    <action arg="2800" type="push"/>
                    <action arg="2803" type="push"/>
                  </actions>
                </route>
              </routes>
            </te-group>
          </te-groups>
        </destination>
        <destination from="in1" label="$1676">
          <te-groups>
            <te-group>
              <routes>
                <route to="in3">
                  <actions>
                    <action arg="1677" type="swap"/>
                  </actions>
                </route>
              </routes>
            </te-group>
            <te-group>
              <routes>
                <route to="in4">
                  <actions>
                    <action arg="1677" type="swap"/>
                    <action arg="2800" type="push"/>
                  </actions>
                </route>
              </routes>
            </te-group>
            <te-group>
              <routes>
                <route to="in3">
                  <actions>
                    <action arg="1677" type="swap"/>
                    <action arg="2800" type="push"/>
                    <action arg="2803" type="push"/>
                  </actions>
                </route>
              </routes>
            </te-group>
          </te-groups>
        </destination>
        <destination from="in1" label="$1682">
          <te-groups>
            <te-group>
              <routes>
                <route to="in3">
                  <actions>
                    <action arg="1683" type="swap"/>
                  </actions>
                </route>
              </routes>
            </te-group>
            <te-group>
              <routes>
                <route to="in4">
                  <actions>
                    <action arg="1683" type="swap"/>
                    <action arg="2800" type="push"/>
                  </actions>
                </route>
              </routes>
            </te-group>
            <te-group>
              <routes>
                <route to="in3">
                  <actions>
                    <action arg="1683" type="swap"/>
                    <action arg="2800" type="push"/>
                    <action arg="2803" type="push"/>
                  </actions>
                </route>
              </routes>
            </te-group>
          </te-groups>
        </destination>
        <destination from="in1" label="$1689">
          <te-groups>
            <te-group>
              <routes>
                <route to="in3">
                  <actions>
                    <action arg="1690" type="swap"/>
                  </actions>
                </route>
              </routes>
            </te-group>
            <te-group>
              <routes>
                <route to="in4">
                  <actions>
                    <action arg="1690" type="swap"/>
                    <action arg="2800" type="push"/>
                  </actions>
                </route>
              </routes>
            </te-group>
            <te-group>
              <routes>
                <route to="in3">
                  <actions>
                    <action arg="1690" type="swap"/>
                    <action arg="2800" type="push"/>
                    <action arg="2803" type="push"/>
                  </actions>
                </route>
              </routes>
            </te-group>
          </te-groups>
        </destination>
        <destination from="in1" label="$1695">
          <te-groups>
            <te-group>
              <routes>
                <route to="in3">
                  <actions>
                    <action arg="1696" type="swap"/>
                  </actions>
                </route>
              </routes>
            </te-group>
            <te-group>
              <routes>
                <route to="in4">
                  <actions>
                    <action arg="1696" type="swap"/>
                    <action arg="2800" type="push"/>
                  </actions>
                </route>
              </routes>
            </te-group>
            <te-group>
              <routes>
                <route to="in3">
                  <actions>
                    <action arg="1696" type="swap"/>
                    <action arg="2800" type="push"/>
                    <action arg="2803" type="push"/>
                  </actions>
                </route>
              </routes>
            </te-group>
          </te-groups>
        </destination>
        <destination from="in1" label="$1702">
          <te-groups>
            <te-group>
              <routes>
                <route to="in3">
                  <actions>
                    <action arg="1703" type="swap"/>
                  </actions>
                </route>
              </routes>
            </te-group>
            <te-group>
              <routes>
                <route to="in4">
                  <actions>
                    <action arg="1703" type="swap"/>
                    <action arg="2800" type="push"/>
                  </actions>
                </route>
              </routes>
            </te-group>
            <te-group>
              <routes>
                <route to="in3">
                  <actions>
                    <action arg="1703" type="swap"/>
                    <action arg="2800" type="push"/>
                    <action arg="2803" type="push"/>
                  </actions>
                </route>
              </routes>
            </te-group>
          </te-groups>
        </destination>
        <destination from="in1" label="$1711">
          <te-groups>
            <te-group>
              <routes>
                <route to="in3">
                  <actions>
                    <action arg="1712" type="swap"/>
                  </actions>
                </route>
              </routes>
            </te-group>
            <te-group>
              <routes>
                <route to="in4">
                  <actions>
                    <action arg="1712" type="swap"/>
                    <action arg="2800" type="push"/>
                  </actions>
                </route>
              </routes>
            </te-group>
            <te-group>
              <routes>
                <route to="in3">
                  <actions>
                    <action arg="1712" type="swap"/>
                    <action arg="2800" type="push"/>
                    <action arg="2803" type="push"/>
                  </actions>
                </route>
              </routes>
            </te-group>
          </te-groups>
        </destination>
        <destination from="in1" label="$1719">
          <te-groups>
            <te-group>
              <routes>
                <route to="in3">
                  <actions>
                    <action arg="1720" type="swap"/>
                  </actions>
                </route>
              </routes>
            </te-group>
            <te-group>
              <routes>
                <route to="in4">
                  <actions>
                    <action arg="1720" type="swap"/>
                    <action arg="2800" type="push"/>
                  </actions>
                </route>
              </routes>
            </te-group>
            <te-group>
              <routes>
                <route to="in3">
                  <actions>
                    <action arg="1720" type="swap"/>
                    <action arg="2800" type="push"/>
                    <action arg="2803" type="push"/>
                  </actions>
                </route>
              </routes>
            </te-group>
          </te-groups>
        </destination>
        <destination from="in1" label="$1728">
          <te-groups>
            <te-group>
              <routes>
                <route to="in4">
                  <actions>
                    <action arg="1729" type="swap"/>
                  </actions>
                </route>
              </routes>
            </te-group>
            <te-group>
              <routes>
                <route to="in3">
                  <actions>
                    <action arg="1729" type="swap"/>
                    <action arg="2803" type="push"/>
                  </actions>
                </route>
              </routes>
            </te-group>
          </te-groups>
        </destination>
        <destination from="in1" label="$1733">
          <te-groups>
            <te-group>
              <routes>
                <route to="in4">
                  <actions>
                    <action arg="1734" type="swap"/>
                  </actions>
                </route>
              </routes>
            </te-group>
            <te-group>
              <routes>
                <route to="in3">
                  <actions>
                    <action arg="1734" type="swap"/>
                    <action arg="2803" type="push"/>
                  </actions>
                </route>
              </routes>
            </te-group>
          </te-groups>
        </destination>
        <destination from="in1" label="$1739">
          <te-groups>
            <te-group>
              <routes>
                <route to="in4">
                  <actions>
                    <action arg="1740" type="swap"/>
                  </actions>
                </route>
              </routes>
            </te-group>
            <te-group>
              <routes>
                <route to="in3">
                  <actions>
                    <action arg="1740" type="swap"/>
                    <action arg="2803" type="push"/>
                  </actions>
                </route>
              </routes>
            </te-group>
          </te-groups>
        </destination>
        <destination from="in1" label="$1762">
          <te-groups>
            <te-group>
              <routes>
                <route to="in0">
                  <actions>
                    <action arg="1763" type="swap"/>
                  </actions>
                </route>
              </routes>
            </te-group>
          </te-groups>
        </destination>
        <destination from="in1" label="$1778">
          <te-groups>
            <te-group>
              <routes>
                <route to="in2">
                  <actions>
                    <action arg="1779" type="swap"/>
                  </actions>
                </route>
              </routes>
            </te-group>
          </te-groups>
        </destination>
        <destination from="in1" label="$1785">
          <te-groups>
            <te-group>
              <routes>
                <route to="in3">
                  <actions>
                    <action arg="1786" type="swap"/>
                  </actions>
                </route>
              </routes>
            </te-group>
            <te-group>
              <routes>
                <route to="in4">
                  <actions>
                    <action arg="1786" type="swap"/>
                    <action arg="2800" type="push"/>
                  </actions>
                </route>
              </routes>
            </te-group>
            <te-group>
              <routes>
                <route to="in3">
                  <actions>
                    <action arg="1786" type="swap"/>
                    <action arg="2800" type="push"/>
                    <action arg="2803" type="push"/>
                  </actions>
                </route>
              </routes>
            </te-group>
          </te-groups>
        </destination>
        <destination from="in1" label="$1798">
          <te-groups>
            <te-group>
              <routes>
                <route to="in4">
                  <actions>
                    <action arg="1799" type="swap"/>
                  </actions>
                </route>
              </routes>
            </te-group>
            <te-group>
              <routes>
                <route to="in3">
                  <actions>
                    <action arg="1799" type="swap"/>
                    <action arg="2803" type="push"/>
                  </actions>
                </route>
              </routes>
            </te-group>
          </te-groups>
        </destination>
        <destination from="in1" label="$1868">
          <te-groups>
            <te-group>
              <routes>
                <route to="in4">
                  <actions>
                    <action arg="1869" type="swap"/>
                  </actions>
                </route>
              </routes>
            </te-group>
            <te-group>
              <routes>
                <route to="in3">
                  <actions>
                    <action arg="1869" type="swap"/>
                    <action arg="2803" type="push"/>
                  </actions>
                </route>
              </routes>
            </te-group>
          </te-groups>
        </destination>
        <destination from="in1" label="$1876">
          <te-groups>
            <te-group>
              <routes>
                <route to="in4">
                  <actions>
                    <action arg="1877" type="swap"/>
                  </actions>
                </route>
              </routes>
            </te-group>
            <te-group>
              <routes>
                <route to="in3">
                  <actions>
                    <action arg="1877" type="swap"/>
                    <action arg="2803" type="push"/>
                  </actions>
                </route>
              </routes>
            </te-group>
          </te-groups>
        </destination>
        <destination from="in1" label="$1885">
          <te-groups>
            <te-group>
              <routes>
                <route to="in4">
                  <actions>
                    <action arg="1886" type="swap"/>
                  </actions>
                </route>
              </routes>
            </te-group>
            <te-group>
              <routes>
                <route to="in3">
                  <actions>
                    <action arg="1886" type="swap"/>
                    <action arg="2803" type="push"/>
                  </actions>
                </route>
              </routes>
            </te-group>
          </te-groups>
        </destination>
        <destination from="in1" label="$2589">
          <te-groups>
            <te-group>
              <routes>
                <route to="in0">
                  <actions>
                    <action arg="2590" type="swap"/>
                  </actions>
                </route>
              </routes>
            </te-group>
          </te-groups>
        </destination>
        <destination from="in1" label="$2599">
          <te-groups>
            <te-group>
              <routes>
                <route to="in2">
                  <actions>
                    <action arg="2600" type="swap"/>
                  </actions>
                </route>
              </routes>
            </te-group>
          </te-groups>
        </destination>
        <destination from="in1" label="$2604">
          <te-groups>
            <te-group>
              <routes>
                <route to="in3">
                  <actions>
                    <action arg="2605" type="swap"/>
                  </actions>
                </route>
              </routes>
            </te-group>
            <te-group>
              <routes>
                <route to="in4">
                  <actions>
                    <action arg="2605" type="swap"/>
                    <action arg="2800" type="push"/>
                  </actions>
                </route>
              </routes>
            </te-group>
            <te-group>
              <routes>
                <route to="in3">
                  <actions>
                    <action arg="2605" type="swap"/>
                    <action arg="2800" type="push"/>
                    <action arg="2803" type="push"/>
                  </actions>
                </route>
              </routes>
            </te-group>
          </te-groups>
        </destination>
        <destination from="in1" label="$2613">
          <te-groups>
            <te-group>
              <routes>
                <route to="in4">
                  <actions>
                    <action arg="2614" type="swap"/>
                  </actions>
                </route>
              </routes>
            </te-group>
            <te-group>
              <routes>
                <route to="in3">
                  <actions>
                    <action arg="2614" type="swap"/>
                    <action arg="2803" type="push"/>
                  </actions>
                </route>
              </routes>
            </te-group>
          </te-groups>
        </destination>
        <destination from="in1" label="$2666">
          <te-groups>
            <te-group>
              <routes>
                <route to="in4">
                  <actions>
                    <action arg="2667" type="swap"/>
                  </actions>
                </route>
              </routes>
            </te-group>
            <te-group>
              <routes>
                <route to="in3">
                  <actions>
                    <action arg="2667" type="swap"/>
                    <action arg="2803" type="push"/>
                  </actions>
                </route>
              </routes>
            </te-group>
          </te-groups>
        </destination>
        <destination from="in1" label="$2672">
          <te-groups>
            <te-group>
              <routes>
                <route to="in4">
                  <actions>
                    <action arg="2673" type="swap"/>
                  </actions>
                </route>
              </routes>
            </te-group>
            <te-group>
              <routes>
                <route to="in3">
                  <actions>
                    <action arg="2673" type="swap"/>
                    <action arg="2803" type="push"/>
                  </actions>
                </route>
              </routes>
            </te-group>
          </te-groups>
        </destination>
        <destination from="in2" label="522">
          <te-groups>
            <te-group>
              <routes>
                <route to="eg0">
                  <actions>
                    <action type="pop"/>
                  </actions>
                </route>
              </routes>
            </te-group>
          </te-groups>
        </destination>
        <destination from="in2" label="$505">
          <te-groups>
            <te-group>
              <routes>
                <route to="in1">
                  <actions>
                    <action arg="506" type="swap"/>
                  </actions>
                </route>
              </routes>
            </te-group>
            <te-group>
              <routes>
                <route to="in3">
                  <actions>
                    <action arg="506" type="swap"/>
                    <action arg="2797" type="push"/>
                  </actions>
                </route>
              </routes>
            </te-group>
            <te-group>
              <routes>
                <route to="in4">
                  <actions>
                    <action arg="506" type="swap"/>
                    <action arg="2797" type="push"/>
                    <action arg="2800" type="push"/>
                  </actions>
                </route>
              </routes>
            </te-group>
            <te-group>
              <routes>
                <route to="in3">
                  <actions>
                    <action arg="506" type="swap"/>
                    <action arg="2797" type="push"/>
                    <action arg="2800" type="push"/>
                    <action arg="2803" type="push"/>
                  </actions>
                </route>
              </routes>
            </te-group>
          </te-groups>
        </destination>
        <destination from="in2" label="$509">
          <te-groups>
            <te-group>
              <routes>
                <route to="in0">
                  <actions>
                    <action arg="510" type="swap"/>
                  </actions>
                </route>
              </routes>
            </te-group>
          </te-groups>
        </destination>
        <destination from="in2" label="$512">
          <te-groups>
            <te-group>
              <routes>
                <route to="in1">
                  <actions>
                    <action arg="513" type="swap"/>
                  </actions>
                </route>
              </routes>
            </te-group>
            <te-group>
              <routes>
                <route to="in3">
                  <actions>
                    <action arg="513" type="swap"/>
                    <action arg="2797" type="push"/>
                  </actions>
                </route>
              </routes>
            </te-group>
            <te-group>
              <routes>
                <route to="in4">
                  <actions>
                    <action arg="513" type="swap"/>
                    <action arg="2797" type="push"/>
                    <action arg="2800" type="push"/>
                  </actions>
                </route>
              </routes>
            </te-group>
            <te-group>
              <routes>
                <route to="in3">
                  <actions>
                    <action arg="513" type="swap"/>
                    <action arg="2797" type="push"/>
                    <action arg="2800" type="push"/>
                    <action arg="2803" type="push"/>
                  </actions>
                </route>
              </routes>
            </te-group>
          </te-groups>
        </destination>
        <destination from="in2" label="$516">
          <te-groups>
            <te-group>
              <routes>
                <route to="in1">
                  <actions>
                    <action arg="517" type="swap"/>
                  </actions>
                </route>
              </routes>
            </te-group>
            <te-group>
              <routes>
                <route to="in3">
                  <actions>
                    <action arg="517" type="swap"/>
                    <action arg="2797" type="push"/>
                  </actions>
                </route>
              </routes>
            </te-group>
            <te-group>
              <routes>
                <route to="in4">
                  <actions>
                    <action arg="517" type="swap"/>
                    <action arg="2797" type="push"/>
                    <action arg="2800" type="push"/>
                  </actions>
                </route>
              </routes>
            </te-group>
            <te-group>
              <routes>
                <route to="in3">
                  <actions>
                    <action arg="517" type="swap"/>
                    <action arg="2797" type="push"/>
                    <action arg="2800" type="push"/>
                    <action arg="2803" type="push"/>
                  </actions>
                </route>
              </routes>
            </te-group>
          </te-groups>
        </destination>
        <destination from="in2" label="$519">
          <te-groups>
            <te-group>
              <routes>
                <route to="in3">
                  <actions>
                    <action arg="520" type="swap"/>
                  </actions>
                </route>
              </routes>
            </te-group>
            <te-group>
              <routes>
                <route to="in4">
                  <actions>
                    <action arg="520" type="swap"/>
                    <action arg="2800" type="push"/>
                  </actions>
                </route>
              </routes>
            </te-group>
            <te-group>
              <routes>
                <route to="in3">
                  <actions>
                    <action arg="520" type="swap"/>
                    <action arg="2800" type="push"/>
                    <action arg="2803" type="push"/>
                  </actions>
                </route>
              </routes>
            </te-group>
          </te-groups>
        </destination>
        <destination from="in2" label="$524">
          <te-groups>
            <te-group>
              <routes>
                <route to="in4">
                  <actions>
                    <action arg="525" type="swap"/>
                  </actions>
                </route>
              </routes>
            </te-group>
            <te-group>
              <routes>
                <route to="in3">
                  <actions>
                    <action arg="525" type="swap"/>
                    <action arg="2803" type="push"/>
                  </actions>
                </route>
              </routes>
            </te-group>
          </te-groups>
        </destination>
        <destination from="in2" label="$527">
          <te-groups>
            <te-group>
              <routes>
                <route to="in3">
                  <actions>
                    <action arg="528" type="swap"/>
                  </actions>
                </route>
              </routes>
            </te-group>
            <te-group>
              <routes>
                <route to="in4">
                  <actions>
                    <action arg="528" type="swap"/>
                    <action arg="2800" type="push"/>
                  </actions>
                </route>
              </routes>
            </te-group>
            <te-group>
              <routes>
                <route to="in3">
                  <actions>
                    <action arg="528" type="swap"/>
                    <action arg="2800" type="push"/>
                    <action arg="2803" type="push"/>
                  </actions>
                </route>
              </routes>
            </te-group>
          </te-groups>
        </destination>
        <destination from="in2" label="$532">
          <te-groups>
            <te-group>
              <routes>
                <route to="in3">
                  <actions>
                    <action arg="533" type="swap"/>
                  </actions>
                </route>
              </routes>
            </te-group>
            <te-group>
              <routes>
                <route to="in4">
                  <actions>
                    <action arg="533" type="swap"/>
                    <action arg="2800" type="push"/>
                  </actions>
                </route>
              </routes>
            </te-group>
            <te-group>
              <routes>
                <route to="in3">
                  <actions>
                    <action arg="533" type="swap"/>
                    <action arg="2800" type="push"/>
                    <action arg="2803" type="push"/>
                  </actions>
                </route>
              </routes>
            </te-group>
          </te-groups>
        </destination>
        <destination from="in2" label="$536">
          <te-groups>
            <te-group>
              <routes>
                <route to="in3">
                  <actions>
                    <action arg="537" type="swap"/>
                  </actions>
                </route>
              </routes>
            </te-group>
            <te-group>
              <routes>
                <route to="in4">
                  <actions>
                    <action arg="537" type="swap"/>
                    <action arg="2800" type="push"/>
                  </actions>
                </route>
              </routes>
            </te-group>
            <te-group>
              <routes>
                <route to="in3">
                  <actions>
                    <action arg="537" type="swap"/>
                    <action arg="2800" type="push"/>
                    <action arg="2803" type="push"/>
                  </actions>
                </route>
              </routes>
            </te-group>
          </te-groups>
        </destination>
        <destination from="in2" label="$541">
          <te-groups>
            <te-group>
              <routes>
                <route to="in3">
                  <actions>
                    <action arg="542" type="swap"/>
                  </actions>
                </route>
              </routes>
            </te-group>
            <te-group>
              <routes>
                <route to="in4">
                  <actions>
                    <action arg="542" type="swap"/>
                    <action arg="2800" type="push"/>
                  </actions>
                </route>
              </routes>
            </te-group>
            <te-group>
              <routes>
                <route to="in3">
                  <actions>
                    <action arg="542" type="swap"/>
                    <action arg="2800" type="push"/>
                    <action arg="2803" type="push"/>
                  </actions>
                </route>
              </routes>
            </te-group>
          </te-groups>
        </destination>
        <destination from="in2" label="$547">
          <te-groups>
            <te-group>
              <routes>
                <route to="in3">
                  <actions>
                    <action arg="548" type="swap"/>
                  </actions>
                </route>
              </routes>
            </te-group>
            <te-group>
              <routes>
                <route to="in4">
                  <actions>
                    <action arg="548" type="swap"/>
                    <action arg="2800" type="push"/>
                  </actions>
                </route>
              </routes>
            </te-group>
            <te-group>
              <routes>
                <route to="in3">
                  <actions>
                    <action arg="548" type="swap"/>
                    <action arg="2800" type="push"/>
                    <action arg="2803" type="push"/>
                  </actions>
                </route>
              </routes>
            </te-group>
          </te-groups>
        </destination>
        <destination from="in2" label="$552">
          <te-groups>
            <te-group>
              <routes>
                <route to="in3">
                  <actions>
                    <action arg="553" type="swap"/>
                  </actions>
                </route>
              </routes>
            </te-group>
            <te-group>
              <routes>
                <route to="in4">
                  <actions>
                    <action arg="553" type="swap"/>
                    <action arg="2800" type="push"/>
                  </actions>
                </route>
              </routes>
            </te-group>
            <te-group>
              <routes>
                <route to="in3">
                  <actions>
                    <action arg="553" type="swap"/>
                    <action arg="2800" type="push"/>
                    <action arg="2803" type="push"/>
                  </actions>
                </route>
              </routes>
            </te-group>
          </te-groups>
        </destination>
        <destination from="in2" label="$558">
          <te-groups>
            <te-group>
              <routes>
                <route to="in3">
                  <actions>
                    <action arg="559" type="swap"/>
                  </actions>
                </route>
              </routes>
            </te-group>
            <te-group>
              <routes>
                <route to="in4">
                  <actions>
                    <action arg="559" type="swap"/>
                    <action arg="2800" type="push"/>
                  </actions>
                </route>
              </routes>
            </te-group>
            <te-group>
              <routes>
                <route to="in3">
                  <actions>
                    <action arg="559" type="swap"/>
                    <action arg="2800" type="push"/>
                    <action arg="2803" type="push"/>
                  </actions>
                </route>
              </routes>
            </te-group>
          </te-groups>
        </destination>
        <destination from="in2" label="$564">
          <te-groups>
            <te-group>
              <routes>
                <route to="in1">
                  <actions>
                    <action arg="565" type="swap"/>
                  </actions>
                </route>
              </routes>
            </te-group>
            <te-group>
              <routes>
                <route to="in3">
                  <actions>
                    <action arg="565" type="swap"/>
                    <action arg="2797" type="push"/>
                  </actions>
                </route>
              </routes>
            </te-group>
            <te-group>
              <routes>
                <route to="in4">
                  <actions>
                    <action arg="565" type="swap"/>
                    <action arg="2797" type="push"/>
                    <action arg="2800" type="push"/>
                  </actions>
                </route>
              </routes>
            </te-group>
            <te-group>
              <routes>
                <route to="in3">
                  <actions>
                    <action arg="565" type="swap"/>
                    <action arg="2797" type="push"/>
                    <action arg="2800" type="push"/>
                    <action arg="2803" type="push"/>
                  </actions>
                </route>
              </routes>
            </te-group>
          </te-groups>
        </destination>
        <destination from="in2" label="$570">
          <te-groups>
            <te-group>
              <routes>
                <route to="in1">
                  <actions>
                    <action arg="571" type="swap"/>
                  </actions>
                </route>
              </routes>
            </te-group>
            <te-group>
              <routes>
                <route to="in3">
                  <actions>
                    <action arg="571" type="swap"/>
                    <action arg="2797" type="push"/>
                  </actions>
                </route>
              </routes>
            </te-group>
            <te-group>
              <routes>
                <route to="in4">
                  <actions>
                    <action arg="571" type="swap"/>
                    <action arg="2797" type="push"/>
                    <action arg="2800" type="push"/>
                  </actions>
                </route>
              </routes>
            </te-group>
            <te-group>
              <routes>
                <route to="in3">
                  <actions>
                    <action arg="571" type="swap"/>
                    <action arg="2797" type="push"/>
                    <action arg="2800" type="push"/>
                    <action arg="2803" type="push"/>
                  </actions>
                </route>
              </routes>
            </te-group>
          </te-groups>
        </destination>
        <destination from="in2" label="$577">
          <te-groups>
            <te-group>
              <routes>
                <route to="in3">
                  <actions>
                    <action arg="578" type="swap"/>
                  </actions>
                </route>
              </routes>
            </te-group>
            <te-group>
              <routes>
                <route to="in4">
                  <actions>
                    <action arg="578" type="swap"/>
                    <action arg="2800" type="push"/>
                  </actions>
                </route>
              </routes>
            </te-group>
            <te-group>
              <routes>
                <route to="in3">
                  <actions>
                    <action arg="578" type="swap"/>
                    <action arg="2800" type="push"/>
                    <action arg="2803" type="push"/>
                  </actions>
                </route>
              </routes>
            </te-group>
          </te-groups>
        </destination>
        <destination from="in2" label="$584">
          <te-groups>
            <te-group>
              <routes>
                <route to="in3">
                  <actions>
                    <action arg="585" type="swap"/>
                  </actions>
                </route>
              </routes>
            </te-group>
            <te-group>
              <routes>
                <route to="in4">
                  <actions>
                    <action arg="585" type="swap"/>
                    <action arg="2800" type="push"/>
                  </actions>
                </route>
              </routes>
            </te-group>
            <te-group>
              <routes>
                <route to="in3">
                  <actions>
                    <action arg="585" type="swap"/>
                    <action arg="2800" type="push"/>
                    <action arg="2803" type="push"/>
                  </actions>
                </route>
              </routes>
            </te-group>
          </te-groups>
        </destination>
        <destination from="in2" label="$592">
          <te-groups>
            <te-group>
              <routes>
                <route to="in4">
                  <actions>
                    <action arg="593" type="swap"/>
                  </actions>
                </route>
              </routes>
            </te-group>
            <te-group>
              <routes>
                <route to="in3">
                  <actions>
                    <action arg="593" type="swap"/>
                    <action arg="2803" type="push"/>
                  </actions>
                </route>
              </routes>
            </te-group>
          </te-groups>
        </destination>
        <destination from="in2" label="$596">
          <te-groups>
            <te-group>
              <routes>
                <route to="in4">
                  <actions>
                    <action arg="597" type="swap"/>
                  </actions>
                </route>
              </routes>
            </te-group>
            <te-group>
              <routes>
                <route to="in3">
                  <actions>
                    <action arg="597" type="swap"/>
                    <action arg="2803" type="push"/>
                  </actions>
                </route>
              </routes>
            </te-group>
          </te-groups>
        </destination>
        <destination from="in2" label="$601">
          <te-groups>
            <te-group>
              <routes>
                <route to="in4">
                  <actions>
                    <action arg="602" type="swap"/>
                  </actions>
                </route>
              </routes>
            </te-group>
            <te-group>
              <routes>
                <route to="in3">
                  <actions>
                    <action arg="602" type="swap"/>
                    <action arg="2803" type="push"/>
                  </actions>
                </route>
              </routes>
            </te-group>
          </te-groups>
        </destination>
        <destination from="in2" label="$606">
          <te-groups>
            <te-group>
              <routes>
                <route to="in4">
                  <actions>
                    <action arg="607" type="swap"/>
                  </actions>
                </route>
              </routes>
            </te-group>
            <te-group>
              <routes>
                <route to="in3">
                  <actions>
                    <action arg="607" type="swap"/>
                    <action arg="2803" type="push"/>
                  </actions>
                </route>
              </routes>
            </te-group>
          </te-groups>
        </destination>
        <destination from="in2" label="$612">
          <te-groups>
            <te-group>
              <routes>
                <route to="in1">
                  <actions>
                    <action arg="613" type="swap"/>
                  </actions>
                </route>
              </routes>
            </te-group>
            <te-group>
              <routes>
                <route to="in3">
                  <actions>
                    <action arg="613" type="swap"/>
                    <action arg="2797" type="push"/>
                  </actions>
                </route>
              </routes>
            </te-group>
            <te-group>
              <routes>
                <route to="in4">
                  <actions>
                    <action arg="613" type="swap"/>
                    <action arg="2797" type="push"/>
                    <action arg="2800" type="push"/>
                  </actions>
                </route>
              </routes>
            </te-group>
            <te-group>
              <routes>
                <route to="in3">
                  <actions>
                    <action arg="613" type="swap"/>
                    <action arg="2797" type="push"/>
                    <action arg="2800" type="push"/>
                    <action arg="2803" type="push"/>
                  </actions>
                </route>
              </routes>
            </te-group>
          </te-groups>
        </destination>
        <destination from="in2" label="$617">
          <te-groups>
            <te-group>
              <routes>
                <route to="in1">
                  <actions>
                    <action arg="618" type="swap"/>
                  </actions>
                </route>
              </routes>
            </te-group>
            <te-group>
              <routes>
                <route to="in3">
                  <actions>
                    <action arg="618" type="swap"/>
                    <action arg="2797" type="push"/>
                  </actions>
                </route>
              </routes>
            </te-group>
            <te-group>
              <routes>
                <route to="in4">
                  <actions>
                    <action arg="618" type="swap"/>
                    <action arg="2797" type="push"/>
                    <action arg="2800" type="push"/>
                  </actions>
                </route>
              </routes>
            </te-group>
            <te-group>
              <routes>
                <route to="in3">
                  <actions>
                    <action arg="618" type="swap"/>
                    <action arg="2797" type="push"/>
                    <action arg="2800" type="push"/>
                    <action arg="2803" type="push"/>
                  </actions>
                </route>
              </routes>
            </te-group>
          </te-groups>
        </destination>
        <destination from="in3" label="61">
          <te-groups>
            <te-group>
              <routes>
                <route to="eg0">
                  <actions>
                    <action type="pop"/>
                  </actions>
                </route>
              </routes>
            </te-group>
          </te-groups>
        </destination>
        <destination from="in3" label="306">
          <te-groups>
            <te-group>
              <routes>
                <route to="eg0">
                  <actions>
                    <action type="pop"/>
                  </actions>
                </route>
              </routes>
            </te-group>
          </te-groups>
        </destination>
        <destination from="in3" label="418">
          <te-groups>
            <te-group>
              <routes>
                <route to="eg0">
                  <actions>
                    <action type="pop"/>
                  </actions>
                </route>
              </routes>
            </te-group>
          </te-groups>
        </destination>
        <destination from="in3" label="640">
          <te-groups>
            <te-group>
              <routes>
                <route to="eg0">
                  <actions>
                    <action type="pop"/>
                  </actions>
                </route>
              </routes>
            </te-group>
          </te-groups>
        </destination>
        <destination from="in3" label="838">
          <te-groups>
            <te-group>
              <routes>
                <route to="eg0">
                  <actions>
                    <action type="pop"/>
                  </actions>
                </route>
              </routes>
            </te-group>
          </te-groups>
        </destination>
        <destination from="in3" label="952">
          <te-groups>
            <te-group>
              <routes>
                <route to="eg0">
                  <actions>
                    <action type="pop"/>
                  </actions>
                </route>
              </routes>
            </te-group>
          </te-groups>
        </destination>
        <destination from="in3" label="1053">
          <te-groups>
            <te-group>
              <routes>
                <route to="eg0">
                  <actions>
                    <action type="pop"/>
                  </actions>
                </route>
              </routes>
            </te-group>
          </te-groups>
        </destination>
        <destination from="in3" label="1140">
          <te-groups>
            <te-group>
              <routes>
                <route to="eg0">
                  <actions>
                    <action type="pop"/>
                  </actions>
                </route>
              </routes>
            </te-group>
          </te-groups>
        </destination>
        <destination from="in3" label="1240">
          <te-groups>
            <te-group>
              <routes>
                <route to="eg0">
                  <actions>
                    <action type="pop"/>
                  </actions>
                </route>
              </routes>
            </te-group>
          </te-groups>
        </destination>
        <destination from="in3" label="1349">
          <te-groups>
            <te-group>
              <routes>
                <route to="eg0">
                  <actions>
                    <action type="pop"/>
                  </actions>
                </route>
              </routes>
            </te-group>
          </te-groups>
        </destination>
        <destination from="in3" label="1454">
          <te-groups>
            <te-group>
              <routes>
                <route to="eg0">
                  <actions>
                    <action type="pop"/>
                  </actions>
                </route>
              </routes>
            </te-group>
          </te-groups>
        </destination>
        <destination from="in3" label="1570">
          <te-groups>
            <te-group>
              <routes>
                <route to="eg0">
                  <actions>
                    <action type="pop"/>
                  </actions>
                </route>
              </routes>
            </te-group>
          </te-groups>
        </destination>
        <destination from="in3" label="1658">
          <te-groups>
            <te-group>
              <routes>
                <route to="eg0">
                  <actions>
                    <action type="pop"/>
                  </actions>
                </route>
              </routes>
            </te-group>
          </te-groups>
        </destination>
        <destination from="in3" label="1792">
          <te-groups>
            <te-group>
              <routes>
                <route to="eg0">
                  <actions>
                    <action type="pop"/>
                  </actions>
                </route>
              </routes>
            </te-group>
          </te-groups>
        </destination>
        <destination from="in3" label="1935">
          <te-groups>
            <te-group>
              <routes>
                <route to="eg0">
                  <actions>
                    <action type="pop"/>
                  </actions>
                </route>
              </routes>
            </te-group>
          </te-groups>
        </destination>
        <destination from="in3" label="2065">
          <te-groups>
            <te-group>
              <routes>
                <route to="eg0">
                  <actions>
                    <action type="pop"/>
                  </actions>
                </route>
              </routes>
            </te-group>
          </te-groups>
        </destination>
        <destination from="in3" label="2178">
          <te-groups>
            <te-group>
              <routes>
                <route to="eg0">
                  <actions>
                    <action type="pop"/>
                  </actions>
                </route>
              </routes>
            </te-group>
          </te-groups>
        </destination>
        <destination from="in3" label="2279">
          <te-groups>
            <te-group>
              <routes>
                <route to="eg0">
                  <actions>
                    <action type="pop"/>
                  </actions>
                </route>
              </routes>
            </te-group>
          </te-groups>
        </destination>
        <destination from="in3" label="2396">
          <te-groups>
            <te-group>
              <routes>
                <route to="eg0">
                  <actions>
                    <action type="pop"/>
                  </actions>
                </route>
              </routes>
            </te-group>
          </te-groups>
        </destination>
        <destination from="in3" label="2510">
          <te-groups>
            <te-group>
              <routes>
                <route to="eg0">
                  <actions>
                    <action type="pop"/>
                  </actions>
                </route>
              </routes>
            </te-group>
          </te-groups>
        </destination>
        <destination from="in3" label="2609">
          <te-groups>
            <te-group>
              <routes>
                <route to="eg0">
                  <actions>
                    <action type="pop"/>
                  </actions>
                </route>
              </routes>
            </te-group>
          </te-groups>
        </destination>
        <destination from="in3" label="2711">
          <te-groups>
            <te-group>
              <routes>
                <route to="eg0">
                  <actions>
                    <action type="pop"/>
                  </actions>
                </route>
              </routes>
            </te-group>
          </te-groups>
        </destination>
        <destination from="in3" label="2789">
          <te-groups>
            <te-group>
              <routes>
                <route to="in4">
                  <actions>
                    <action arg="2788" type="swap"/>
                  </actions>
                </route>
              </routes>
            </te-group>
            <te-group>
              <routes>
                <route to="in3">
                  <actions>
                    <action arg="2788" type="swap"/>
                    <action arg="2803" type="push"/>
                  </actions>
                </route>
              </routes>
            </te-group>
          </te-groups>
        </destination>
        <destination from="in3" label="2816">
          <te-groups>
            <te-group>
              <routes>
                <route to="in4">
                  <actions>
                    <action arg="2815" type="swap"/>
                  </actions>
                </route>
              </routes>
            </te-group>
          </te-groups>
        </destination>
        <destination from="in3" label="2847">
          <te-groups>
            <te-group>
              <routes>
                <route to="in4">
                  <actions>
                    <action type="pop"/>
                  </actions>
                </route>
              </routes>
            </te-group>
          </te-groups>
        </destination>
        <destination from="in3" label="2908">
          <te-groups>
            <te-group>
              <routes>
                <route to="in1">
                  <actions>
                    <action arg="2907" type="swap"/>
                  </actions>
                </route>
              </routes>
            </te-group>
          </te-groups>
        </destination>
        <destination from="in3" label="$44">
          <te-groups>
            <te-group>
              <routes>
                <route to="in0">
                  <actions>
                    <action arg="45" type="swap"/>
                  </actions>
                </route>
              </routes>
            </te-group>
          </te-groups>
        </destination>
        <destination from="in3" label="$53">
          <te-groups>
            <te-group>
              <routes>
                <route to="in2">
                  <actions>
                    <action arg="54" type="swap"/>
                  </actions>
                </route>
              </routes>
            </te-group>
          </te-groups>
        </destination>
        <destination from="in3" label="$57">
          <te-groups>
            <te-group>
              <routes>
                <route to="in3">
                  <actions>
                    <action arg="58" type="swap"/>
                  </actions>
                </route>
              </routes>
            </te-group>
            <te-group>
              <routes>
                <route to="in4">
                  <actions>
                    <action arg="58" type="swap"/>
                    <action arg="2800" type="push"/>
                  </actions>
                </route>
              </routes>
            </te-group>
          </te-groups>
        </destination>
        <destination from="in3" label="$64">
          <te-groups>
            <te-group>
              <routes>
                <route to="in4">
                  <actions>
                    <action arg="65" type="swap"/>
                  </actions>
                </route>
              </routes>
            </te-group>
            <te-group>
              <routes>
                <route to="in3">
                  <actions>
                    <action arg="65" type="swap"/>
                    <action arg="2803" type="push"/>
                  </actions>
                </route>
              </routes>
            </te-group>
          </te-groups>
        </destination>
        <destination from="in3" label="$68">
          <te-groups>
            <te-group>
              <routes>
                <route to="in3">
                  <actions>
                    <action arg="69" type="swap"/>
                  </actions>
                </route>
              </routes>
            </te-group>
            <te-group>
              <routes>
                <route to="in4">
                  <actions>
                    <action arg="69" type="swap"/>
                    <action arg="2800" type="push"/>
                  </actions>
                </route>
              </routes>
            </te-group>
          </te-groups>
        </destination>
        <destination from="in3" label="$74">
          <te-groups>
            <te-group>
              <routes>
                <route to="in3">
                  <actions>
                    <action arg="75" type="swap"/>
                  </actions>
                </route>
              </routes>
            </te-group>
            <te-group>
              <routes>
                <route to="in4">
                  <actions>
                    <action arg="75" type="swap"/>
                    <action arg="2800" type="push"/>
                  </actions>
                </route>
              </routes>
            </te-group>
          </te-groups>
        </destination>
        <destination from="in3" label="$79">
          <te-groups>
            <te-group>
              <routes>
                <route to="in3">
                  <actions>
                    <action arg="80" type="swap"/>
                  </actions>
                </route>
              </routes>
            </te-group>
            <te-group>
              <routes>
                <route to="in4">
                  <actions>
                    <action arg="80" type="swap"/>
                    <action arg="2800" type="push"/>
                  </actions>
                </route>
              </routes>
            </te-group>
          </te-groups>
        </destination>
        <destination from="in3" label="$85">
          <te-groups>
            <te-group>
              <routes>
                <route to="in3">
                  <actions>
                    <action arg="86" type="swap"/>
                  </actions>
                </route>
              </routes>
            </te-group>
            <te-group>
              <routes>
                <route to="in4">
                  <actions>
                    <action arg="86" type="swap"/>
                    <action arg="2800" type="push"/>
                  </actions>
                </route>
              </routes>
            </te-group>
          </te-groups>
        </destination>
        <destination from="in3" label="$92">
          <te-groups>
            <te-group>
              <routes>
                <route to="in3">
                  <actions>
                    <action arg="93" type="swap"/>
                  </actions>
                </route>
              </routes>
            </te-group>
            <te-group>
              <routes>
                <route to="in4">
                  <actions>
                    <action arg="93" type="swap"/>
                    <action arg="2800" type="push"/>
                  </actions>
                </route>
              </routes>
            </te-group>
          </te-groups>
        </destination>
        <destination from="in3" label="$98">
          <te-groups>
            <te-group>
              <routes>
                <route to="in3">
                  <actions>
                    <action arg="99" type="swap"/>
                  </actions>
                </route>
              </routes>
            </te-group>
            <te-group>
              <routes>
                <route to="in4">
                  <actions>
                    <action arg="99" type="swap"/>
                    <action arg="2800" type="push"/>
                  </actions>
                </route>
              </routes>
            </te-group>
          </te-groups>
        </destination>
        <destination from="in3" label="$105">
          <te-groups>
            <te-group>
              <routes>
                <route to="in3">
                  <actions>
                    <action arg="106" type="swap"/>
                  </actions>
                </route>
              </routes>
            </te-group>
            <te-group>
              <routes>
                <route to="in4">
                  <actions>
                    <action arg="106" type="swap"/>
                    <action arg="2800" type="push"/>
                  </actions>
                </route>
              </routes>
            </te-group>
          </te-groups>
        </destination>
        <destination from="in3" label="$123">
          <te-groups>
            <te-group>
              <routes>
                <route to="in3">
                  <actions>
                    <action arg="124" type="swap"/>
                  </actions>
                </route>
              </routes>
            </te-group>
            <te-group>
              <routes>
                <route to="in4">
                  <actions>
                    <action arg="124" type="swap"/>
                    <action arg="2800" type="push"/>
                  </actions>
                </route>
              </routes>
            </te-group>
          </te-groups>
        </destination>
        <destination from="in3" label="$131">
          <te-groups>
            <te-group>
              <routes>
                <route to="in3">
                  <actions>
                    <action arg="132" type="swap"/>
                  </actions>
                </route>
              </routes>
            </te-group>
            <te-group>
              <routes>
                <route to="in4">
                  <actions>
                    <action arg="132" type="swap"/>
                    <action arg="2800" type="push"/>
                  </actions>
                </route>
              </routes>
            </te-group>
          </te-groups>
        </destination>
        <destination from="in3" label="$140">
          <te-groups>
            <te-group>
              <routes>
                <route to="in4">
                  <actions>
                    <action arg="141" type="swap"/>
                  </actions>
                </route>
              </routes>
            </te-group>
            <te-group>
              <routes>
                <route to="in3">
                  <actions>
                    <action arg="141" type="swap"/>
                    <action arg="2803" type="push"/>
                  </actions>
                </route>
              </routes>
            </te-group>
          </te-groups>
        </destination>
        <destination from="in3" label="$145">
          <te-groups>
            <te-group>
              <routes>
                <route to="in4">
                  <actions>
                    <action arg="146" type="swap"/>
                  </actions>
                </route>
              </routes>
            </te-group>
            <te-group>
              <routes>
                <route to="in3">
                  <actions>
                    <action arg="146" type="swap"/>
                    <action arg="2803" type="push"/>
                  </actions>
                </route>
              </routes>
            </te-group>
          </te-groups>
        </destination>
        <destination from="in3" label="$151">
          <te-groups>
            <te-group>
              <routes>
                <route to="in4">
                  <actions>
                    <action arg="152" type="swap"/>
                  </actions>
                </route>
              </routes>
            </te-group>
            <te-group>
              <routes>
                <route to="in3">
                  <actions>
                    <action arg="152" type="swap"/>
                    <action arg="2803" type="push"/>
                  </actions>
                </route>
              </routes>
            </te-group>
          </te-groups>
        </destination>
        <destination from="in3" label="$292">
          <te-groups>
            <te-group>
              <routes>
                <route to="in0">
                  <actions>
                    <action arg="293" type="swap"/>
                  </actions>
                </route>
              </routes>
            </te-group>
          </te-groups>
        </destination>
        <destination from="in3" label="$298">
          <te-groups>
            <te-group>
              <routes>
                <route to="in2">
                  <actions>
                    <action arg="299" type="swap"/>
                  </actions>
                </route>
              </routes>
            </te-group>
          </te-groups>
        </destination>
        <destination from="in3" label="$302">
          <te-groups>
            <te-group>
              <routes>
                <route to="in3">
                  <actions>
                    <action arg="303" type="swap"/>
                  </actions>
                </route>
              </routes>
            </te-group>
            <te-group>
              <routes>
                <route to="in4">
                  <actions>
                    <action arg="303" type="swap"/>
                    <action arg="2800" type="push"/>
                  </actions>
                </route>
              </routes>
            </te-group>
          </te-groups>
        </destination>
        <destination from="in3" label="$309">
          <te-groups>
            <te-group>
              <routes>
                <route to="in4">
                  <actions>
                    <action arg="310" type="swap"/>
                  </actions>
                </route>
              </routes>
            </te-group>
            <te-group>
              <routes>
                <route to="in3">
                  <actions>
                    <action arg="310" type="swap"/>
                    <action arg="2803" type="push"/>
                  </actions>
                </route>
              </routes>
            </te-group>
          </te-groups>
        </destination>
        <destination from="in3" label="$313">
          <te-groups>
            <te-group>
              <routes>
                <route to="in3">
                  <actions>
                    <action arg="314" type="swap"/>
                  </actions>
                </route>
              </routes>
            </te-group>
            <te-group>
              <routes>
                <route to="in4">
                  <actions>
                    <action arg="314" type="swap"/>
                    <action arg="2800" type="push"/>
                  </actions>
                </route>
              </routes>
            </te-group>
          </te-groups>
        </destination>
        <destination from="in3" label="$319">
          <te-groups>
            <te-group>
              <routes>
                <route to="in3">
                  <actions>
                    <action arg="320" type="swap"/>
                  </actions>
                </route>
              </routes>
            </te-group>
            <te-group>
              <routes>
                <route to="in4">
                  <actions>
                    <action arg="320" type="swap"/>
                    <action arg="2800" type="push"/>
                  </actions>
                </route>
              </routes>
            </te-group>
          </te-groups>
        </destination>
        <destination from="in3" label="$324">
          <te-groups>
            <te-group>
              <routes>
                <route to="in3">
                  <actions>
                    <action arg="325" type="swap"/>
                  </actions>
                </route>
              </routes>
            </te-group>
            <te-group>
              <routes>
                <route to="in4">
                  <actions>
                    <action arg="325" type="swap"/>
                    <action arg="2800" type="push"/>
                  </actions>
                </route>
              </routes>
            </te-group>
          </te-groups>
        </destination>
        <destination from="in3" label="$330">
          <te-groups>
            <te-group>
              <routes>
                <route to="in3">
                  <actions>
                    <action arg="331" type="swap"/>
                  </actions>
                </route>
              </routes>
            </te-group>
            <te-group>
              <routes>
                <route to="in4">
                  <actions>
                    <action arg="331" type="swap"/>
                    <action arg="2800" type="push"/>
                  </actions>
                </route>
              </routes>
            </te-group>
          </te-groups>
        </destination>
        <destination from="in3" label="$337">
          <te-groups>
            <te-group>
              <routes>
                <route to="in3">
                  <actions>
                    <action arg="338" type="swap"/>
                  </actions>
                </route>
              </routes>
            </te-group>
            <te-group>
              <routes>
                <route to="in4">
                  <actions>
                    <action arg="338" type="swap"/>
                    <action arg="2800" type="push"/>
                  </actions>
                </route>
              </routes>
            </te-group>
          </te-groups>
        </destination>
        <destination from="in3" label="$343">
          <te-groups>
            <te-group>
              <routes>
                <route to="in3">
                  <actions>
                    <action arg="344" type="swap"/>
                  </actions>
                </route>
              </routes>
            </te-group>
            <te-group>
              <routes>
                <route to="in4">
                  <actions>
                    <action arg="344" type="swap"/>
                    <action arg="2800" type="push"/>
                  </actions>
                </route>
              </routes>
            </te-group>
          </te-groups>
        </destination>
        <destination from="in3" label="$350">
          <te-groups>
            <te-group>
              <routes>
                <route to="in3">
                  <actions>
                    <action arg="351" type="swap"/>
                  </actions>
                </route>
              </routes>
            </te-group>
            <te-group>
              <routes>
                <route to="in4">
                  <actions>
                    <action arg="351" type="swap"/>
                    <action arg="2800" type="push"/>
                  </actions>
                </route>
              </routes>
            </te-group>
          </te-groups>
        </destination>
        <destination from="in3" label="$364">
          <te-groups>
            <te-group>
              <routes>
                <route to="in3">
                  <actions>
                    <action arg="365" type="swap"/>
                  </actions>
                </route>
              </routes>
            </te-group>
            <te-group>
              <routes>
                <route to="in4">
                  <actions>
                    <action arg="365" type="swap"/>
                    <action arg="2800" type="push"/>
                  </actions>
                </route>
              </routes>
            </te-group>
          </te-groups>
        </destination>
        <destination from="in3" label="$372">
          <te-groups>
            <te-group>
              <routes>
                <route to="in3">
                  <actions>
                    <action arg="373" type="swap"/>
                  </actions>
                </route>
              </routes>
            </te-group>
            <te-group>
              <routes>
                <route to="in4">
                  <actions>
                    <action arg="373" type="swap"/>
                    <action arg="2800" type="push"/>
                  </actions>
                </route>
              </routes>
            </te-group>
          </te-groups>
        </destination>
        <destination from="in3" label="$381">
          <te-groups>
            <te-group>
              <routes>
                <route to="in4">
                  <actions>
                    <action arg="382" type="swap"/>
                  </actions>
                </route>
              </routes>
            </te-group>
            <te-group>
              <routes>
                <route to="in3">
                  <actions>
                    <action arg="382" type="swap"/>
                    <action arg="2803" type="push"/>
                  </actions>
                </route>
              </routes>
            </te-group>
          </te-groups>
        </destination>
        <destination from="in3" label="$386">
          <te-groups>
            <te-group>
              <routes>
                <route to="in4">
                  <actions>
                    <action arg="387" type="swap"/>
                  </actions>
                </route>
              </routes>
            </te-group>
            <te-group>
              <routes>
                <route to="in3">
                  <actions>
                    <action arg="387" type="swap"/>
                    <action arg="2803" type="push"/>
                  </actions>
                </route>
              </routes>
            </te-group>
          </te-groups>
        </destination>
        <destination from="in3" label="$392">
          <te-groups>
            <te-group>
              <routes>
                <route to="in4">
                  <actions>
                    <action arg="393" type="swap"/>
                  </actions>
                </route>
              </routes>
            </te-group>
            <te-group>
              <routes>
                <route to="in3">
                  <actions>
                    <action arg="393" type="swap"/>
                    <action arg="2803" type="push"/>
                  </actions>
                </route>
              </routes>
            </te-group>
          </te-groups>
        </destination>
        <destination from="in3" label="$407">
          <te-groups>
            <te-group>
              <routes>
                <route to="in0">
                  <actions>
                    <action arg="408" type="swap"/>
                  </actions>
                </route>
              </routes>
            </te-group>
          </te-groups>
        </destination>
        <destination from="in3" label="$412">
          <te-groups>
            <te-group>
              <routes>
                <route to="in2">
                  <actions>
                    <action arg="413" type="swap"/>
                  </actions>
                </route>
              </routes>
            </te-group>
          </te-groups>
        </destination>
        <destination from="in3" label="$415">
          <te-groups>
            <te-group>
              <routes>
                <route to="in3">
                  <actions>
                    <action arg="416" type="swap"/>
                  </actions>
                </route>
              </routes>
            </te-group>
            <te-group>
              <routes>
                <route to="in4">
                  <actions>
                    <action arg="416" type="swap"/>
                    <action arg="2800" type="push"/>
                  </actions>
                </route>
              </routes>
            </te-group>
          </te-groups>
        </destination>
        <destination from="in3" label="$420">
          <te-groups>
            <te-group>
              <routes>
                <route to="in4">
                  <actions>
                    <action arg="421" type="swap"/>
                  </actions>
                </route>
              </routes>
            </te-group>
            <te-group>
              <routes>
                <route to="in3">
                  <actions>
                    <action arg="421" type="swap"/>
                    <action arg="2803" type="push"/>
                  </actions>
                </route>
              </routes>
            </te-group>
          </te-groups>
        </destination>
        <destination from="in3" label="$423">
          <te-groups>
            <te-group>
              <routes>
                <route to="in3">
                  <actions>
                    <action arg="424" type="swap"/>
                  </actions>
                </route>
              </routes>
            </te-group>
            <te-group>
              <routes>
                <route to="in4">
                  <actions>
                    <action arg="424" type="swap"/>
                    <action arg="2800" type="push"/>
                  </actions>
                </route>
              </routes>
            </te-group>
          </te-groups>
        </destination>
        <destination from="in3" label="$428">
          <te-groups>
            <te-group>
              <routes>
                <route to="in3">
                  <actions>
                    <action arg="429" type="swap"/>
                  </actions>
                </route>
              </routes>
            </te-group>
            <te-group>
              <routes>
                <route to="in4">
                  <actions>
                    <action arg="429" type="swap"/>
                    <action arg="2800" type="push"/>
                  </actions>
                </route>
              </routes>
            </te-group>
          </te-groups>
        </destination>
        <destination from="in3" label="$432">
          <te-groups>
            <te-group>
              <routes>
                <route to="in3">
                  <actions>
                    <action arg="433" type="swap"/>
                  </actions>
                </route>
              </routes>
            </te-group>
            <te-group>
              <routes>
                <route to="in4">
                  <actions>
                    <action arg="433" type="swap"/>
                    <action arg="2800" type="push"/>
                  </actions>
                </route>
              </routes>
            </te-group>
          </te-groups>
        </destination>
        <destination from="in3" label="$437">
          <te-groups>
            <te-group>
              <routes>
                <route to="in3">
                  <actions>
                    <action arg="438" type="swap"/>
                  </actions>
                </route>
              </routes>
            </te-group>
            <te-group>
              <routes>
                <route to="in4">
                  <actions>
                    <action arg="438" type="swap"/>
                    <action arg="2800" type="push"/>
                  </actions>
                </route>
              </routes>
            </te-group>
          </te-groups>
        </destination>
        <destination from="in3" label="$443">
          <te-groups>
            <te-group>
              <routes>
                <route to="in3">
                  <actions>
                    <action arg="444" type="swap"/>
                  </actions>
                </route>
              </routes>
            </te-group>
            <te-group>
              <routes>
                <route to="in4">
                  <actions>
                    <action arg="444" type="swap"/>
                    <action arg="2800" type="push"/>
                  </actions>
                </route>
              </routes>
            </te-group>
          </te-groups>
        </destination>
        <destination from="in3" label="$448">
          <te-groups>
            <te-group>
              <routes>
                <route to="in3">
                  <actions>
                    <action arg="449" type="swap"/>
                  </actions>
                </route>
              </routes>
            </te-group>
            <te-group>
              <routes>
                <route to="in4">
                  <actions>
                    <action arg="449" type="swap"/>
                    <action arg="2800" type="push"/>
                  </actions>
                </route>
              </routes>
            </te-group>
          </te-groups>
        </destination>
        <destination from="in3" label="$454">
          <te-groups>
            <te-group>
              <routes>
                <route to="in3">
                  <actions>
                    <action arg="455" type="swap"/>
                  </actions>
                </route>
              </routes>
            </te-group>
            <te-group>
              <routes>
                <route to="in4">
                  <actions>
                    <action arg="455" type="swap"/>
                    <action arg="2800" type="push"/>
                  </actions>
                </route>
              </routes>
            </te-group>
          </te-groups>
        </destination>
        <destination from="in3" label="$465">
          <te-groups>
            <te-group>
              <routes>
                <route to="in3">
                  <actions>
                    <action arg="466" type="swap"/>
                  </actions>
                </route>
              </routes>
            </te-group>
            <te-group>
              <routes>
                <route to="in4">
                  <actions>
                    <action arg="466" type="swap"/>
                    <action arg="2800" type="push"/>
                  </actions>
                </route>
              </routes>
            </te-group>
          </te-groups>
        </destination>
        <destination from="in3" label="$472">
          <te-groups>
            <te-group>
              <routes>
                <route to="in3">
                  <actions>
                    <action arg="473" type="swap"/>
                  </actions>
                </route>
              </routes>
            </te-group>
            <te-group>
              <routes>
                <route to="in4">
                  <actions>
                    <action arg="473" type="swap"/>
                    <action arg="2800" type="push"/>
                  </actions>
                </route>
              </routes>
            </te-group>
          </te-groups>
        </destination>
        <destination from="in3" label="$480">
          <te-groups>
            <te-group>
              <routes>
                <route to="in4">
                  <actions>
                    <action arg="481" type="swap"/>
                  </actions>
                </route>
              </routes>
            </te-group>
            <te-group>
              <routes>
                <route to="in3">
                  <actions>
                    <action arg="481" type="swap"/>
                    <action arg="2803" type="push"/>
                  </actions>
                </route>
              </routes>
            </te-group>
          </te-groups>
        </destination>
        <destination from="in3" label="$484">
          <te-groups>
            <te-group>
              <routes>
                <route to="in4">
                  <actions>
                    <action arg="485" type="swap"/>
                  </actions>
                </route>
              </routes>
            </te-group>
            <te-group>
              <routes>
                <route to="in3">
                  <actions>
                    <action arg="485" type="swap"/>
                    <action arg="2803" type="push"/>
                  </actions>
                </route>
              </routes>
            </te-group>
          </te-groups>
        </destination>
        <destination from="in3" label="$489">
          <te-groups>
            <te-group>
              <routes>
                <route to="in4">
                  <actions>
                    <action arg="490" type="swap"/>
                  </actions>
                </route>
              </routes>
            </te-group>
            <te-group>
              <routes>
                <route to="in3">
                  <actions>
                    <action arg="490" type="swap"/>
                    <action arg="2803" type="push"/>
                  </actions>
                </route>
              </routes>
            </te-group>
          </te-groups>
        </destination>
        <destination from="in3" label="$623">
          <te-groups>
            <te-group>
              <routes>
                <route to="in1">
                  <actions>
                    <action arg="624" type="swap"/>
                  </actions>
                </route>
              </routes>
            </te-group>
            <te-group>
              <routes>
                <route to="in3">
                  <actions>
                    <action arg="624" type="swap"/>
                    <action arg="2797" type="push"/>
                  </actions>
                </route>
              </routes>
            </te-group>
            <te-group>
              <routes>
                <route to="in4">
                  <actions>
                    <action arg="624" type="swap"/>
                    <action arg="2797" type="push"/>
                    <action arg="2800" type="push"/>
                  </actions>
                </route>
              </routes>
            </te-group>
          </te-groups>
        </destination>
        <destination from="in3" label="$627">
          <te-groups>
            <te-group>
              <routes>
                <route to="in0">
                  <actions>
                    <action arg="628" type="swap"/>
                  </actions>
                </route>
              </routes>
            </te-group>
          </te-groups>
        </destination>
        <destination from="in3" label="$630">
          <te-groups>
            <te-group>
              <routes>
                <route to="in1">
                  <actions>
                    <action arg="631" type="swap"/>
                  </actions>
                </route>
              </routes>
            </te-group>
            <te-group>
              <routes>
                <route to="in3">
                  <actions>
                    <action arg="631" type="swap"/>
                    <action arg="2797" type="push"/>
                  </actions>
                </route>
              </routes>
            </te-group>
            <te-group>
              <routes>
                <route to="in4">
                  <actions>
                    <action arg="631" type="swap"/>
                    <action arg="2797" type="push"/>
                    <action arg="2800" type="push"/>
                  </actions>
                </route>
              </routes>
            </te-group>
          </te-groups>
        </destination>
        <destination from="in3" label="$634">
          <te-groups>
            <te-group>
              <routes>
                <route to="in1">
                  <actions>
                    <action arg="635" type="swap"/>
                  </actions>
                </route>
              </routes>
            </te-group>
            <te-group>
              <routes>
                <route to="in3">
                  <actions>
                    <action arg="635" type="swap"/>
                    <action arg="2797" type="push"/>
                  </actions>
                </route>
              </routes>
            </te-group>
            <te-group>
              <routes>
                <route to="in4">
                  <actions>
                    <action arg="635" type="swap"/>
                    <action arg="2797" type="push"/>
                    <action arg="2800" type="push"/>
                  </actions>
                </route>
              </routes>
            </te-group>
          </te-groups>
        </destination>
        <destination from="in3" label="$637">
          <te-groups>
            <te-group>
              <routes>
                <route to="in2">
                  <actions>
                    <action arg="638" type="swap"/>
                  </actions>
                </route>
              </routes>
            </te-group>
          </te-groups>
        </destination>
        <destination from="in3" label="$642">
          <te-groups>
            <te-group>
              <routes>
                <route to="in4">
                  <actions>
                    <action arg="643" type="swap"/>
                  </actions>
                </route>
              </routes>
            </te-group>
            <te-group>
              <routes>
                <route to="in3">
                  <actions>
                    <action arg="643" type="swap"/>
                    <action arg="2803" type="push"/>
                  </actions>
                </route>
              </routes>
            </te-group>
          </te-groups>
        </destination>
        <destination from="in3" label="$668">
          <te-groups>
            <te-group>
              <routes>
                <route to="in1">
                  <actions>
                    <action arg="669" type="swap"/>
                  </actions>
                </route>
              </routes>
            </te-group>
            <te-group>
              <routes>
                <route to="in3">
                  <actions>
                    <action arg="669" type="swap"/>
                    <action arg="2797" type="push"/>
                  </actions>
                </route>
              </routes>
            </te-group>
            <te-group>
              <routes>
                <route to="in4">
                  <actions>
                    <action arg="669" type="swap"/>
                    <action arg="2797" type="push"/>
                    <action arg="2800" type="push"/>
                  </actions>
                </route>
              </routes>
            </te-group>
          </te-groups>
        </destination>
        <destination from="in3" label="$674">
          <te-groups>
            <te-group>
              <routes>
                <route to="in1">
                  <actions>
                    <action arg="675" type="swap"/>
                  </actions>
                </route>
              </routes>
            </te-group>
            <te-group>
              <routes>
                <route to="in3">
                  <actions>
                    <action arg="675" type="swap"/>
                    <action arg="2797" type="push"/>
                  </actions>
                </route>
              </routes>
            </te-group>
            <te-group>
              <routes>
                <route to="in4">
                  <actions>
                    <action arg="675" type="swap"/>
                    <action arg="2797" type="push"/>
                    <action arg="2800" type="push"/>
                  </actions>
                </route>
              </routes>
            </te-group>
          </te-groups>
        </destination>
        <destination from="in3" label="$692">
          <te-groups>
            <te-group>
              <routes>
                <route to="in4">
                  <actions>
                    <action arg="693" type="swap"/>
                  </actions>
                </route>
              </routes>
            </te-group>
            <te-group>
              <routes>
                <route to="in3">
                  <actions>
                    <action arg="693" type="swap"/>
                    <action arg="2803" type="push"/>
                  </actions>
                </route>
              </routes>
            </te-group>
          </te-groups>
        </destination>
        <destination from="in3" label="$696">
          <te-groups>
            <te-group>
              <routes>
                <route to="in4">
                  <actions>
                    <action arg="697" type="swap"/>
                  </actions>
                </route>
              </routes>
            </te-group>
            <te-group>
              <routes>
                <route to="in3">
                  <actions>
                    <action arg="697" type="swap"/>
                    <action arg="2803" type="push"/>
                  </actions>
                </route>
              </routes>
            </te-group>
          </te-groups>
        </destination>
        <destination from="in3" label="$701">
          <te-groups>
            <te-group>
              <routes>
                <route to="in4">
                  <actions>
                    <action arg="702" type="swap"/>
                  </actions>
                </route>
              </routes>
            </te-group>
            <te-group>
              <routes>
                <route to="in3">
                  <actions>
                    <action arg="702" type="swap"/>
                    <action arg="2803" type="push"/>
                  </actions>
                </route>
              </routes>
            </te-group>
          </te-groups>
        </destination>
        <destination from="in3" label="$706">
          <te-groups>
            <te-group>
              <routes>
                <route to="in4">
                  <actions>
                    <action arg="707" type="swap"/>
                  </actions>
                </route>
              </routes>
            </te-group>
            <te-group>
              <routes>
                <route to="in3">
                  <actions>
                    <action arg="707" type="swap"/>
                    <action arg="2803" type="push"/>
                  </actions>
                </route>
              </routes>
            </te-group>
          </te-groups>
        </destination>
        <destination from="in3" label="$712">
          <te-groups>
            <te-group>
              <routes>
                <route to="in1">
                  <actions>
                    <action arg="713" type="swap"/>
                  </actions>
                </route>
              </routes>
            </te-group>
            <te-group>
              <routes>
                <route to="in3">
                  <actions>
                    <action arg="713" type="swap"/>
                    <action arg="2797" type="push"/>
                  </actions>
                </route>
              </routes>
            </te-group>
            <te-group>
              <routes>
                <route to="in4">
                  <actions>
                    <action arg="713" type="swap"/>
                    <action arg="2797" type="push"/>
                    <action arg="2800" type="push"/>
                  </actions>
                </route>
              </routes>
            </te-group>
          </te-groups>
        </destination>
        <destination from="in3" label="$717">
          <te-groups>
            <te-group>
              <routes>
                <route to="in1">
                  <actions>
                    <action arg="718" type="swap"/>
                  </actions>
                </route>
              </routes>
            </te-group>
            <te-group>
              <routes>
                <route to="in3">
                  <actions>
                    <action arg="718" type="swap"/>
                    <action arg="2797" type="push"/>
                  </actions>
                </route>
              </routes>
            </te-group>
            <te-group>
              <routes>
                <route to="in4">
                  <actions>
                    <action arg="718" type="swap"/>
                    <action arg="2797" type="push"/>
                    <action arg="2800" type="push"/>
                  </actions>
                </route>
              </routes>
            </te-group>
          </te-groups>
        </destination>
        <destination from="in3" label="$818">
          <te-groups>
            <te-group>
              <routes>
                <route to="in1">
                  <actions>
                    <action arg="819" type="swap"/>
                  </actions>
                </route>
              </routes>
            </te-group>
            <te-group>
              <routes>
                <route to="in3">
                  <actions>
                    <action arg="819" type="swap"/>
                    <action arg="2797" type="push"/>
                  </actions>
                </route>
              </routes>
            </te-group>
            <te-group>
              <routes>
                <route to="in4">
                  <actions>
                    <action arg="819" type="swap"/>
                    <action arg="2797" type="push"/>
                    <action arg="2800" type="push"/>
                  </actions>
                </route>
              </routes>
            </te-group>
          </te-groups>
        </destination>
        <destination from="in3" label="$822">
          <te-groups>
            <te-group>
              <routes>
                <route to="in0">
                  <actions>
                    <action arg="823" type="swap"/>
                  </actions>
                </route>
              </routes>
            </te-group>
          </te-groups>
        </destination>
        <destination from="in3" label="$825">
          <te-groups>
            <te-group>
              <routes>
                <route to="in1">
                  <actions>
                    <action arg="826" type="swap"/>
                  </actions>
                </route>
              </routes>
            </te-group>
            <te-group>
              <routes>
                <route to="in3">
                  <actions>
                    <action arg="826" type="swap"/>
                    <action arg="2797" type="push"/>
                  </actions>
                </route>
              </routes>
            </te-group>
            <te-group>
              <routes>
                <route to="in4">
                  <actions>
                    <action arg="826" type="swap"/>
                    <action arg="2797" type="push"/>
                    <action arg="2800" type="push"/>
                  </actions>
                </route>
              </routes>
            </te-group>
          </te-groups>
        </destination>
        <destination from="in3" label="$829">
          <te-groups>
            <te-group>
              <routes>
                <route to="in1">
                  <actions>
                    <action arg="830" type="swap"/>
                  </actions>
                </route>
              </routes>
            </te-group>
            <te-group>
              <routes>
                <route to="in3">
                  <actions>
                    <action arg="830" type="swap"/>
                    <action arg="2797" type="push"/>
                  </actions>
                </route>
              </routes>
            </te-group>
            <te-group>
              <routes>
                <route to="in4">
                  <actions>
                    <action arg="830" type="swap"/>
                    <action arg="2797" type="push"/>
                    <action arg="2800" type="push"/>
                  </actions>
                </route>
              </routes>
            </te-group>
          </te-groups>
        </destination>
        <destination from="in3" label="$832">
          <te-groups>
            <te-group>
              <routes>
                <route to="in2">
                  <actions>
                    <action arg="833" type="swap"/>
                  </actions>
                </route>
              </routes>
            </te-group>
          </te-groups>
        </destination>
        <destination from="in3" label="$835">
          <te-groups>
            <te-group>
              <routes>
                <route to="in3">
                  <actions>
                    <action arg="836" type="swap"/>
                  </actions>
                </route>
              </routes>
            </te-group>
            <te-group>
              <routes>
                <route to="in4">
                  <actions>
                    <action arg="836" type="swap"/>
                    <action arg="2800" type="push"/>
                  </actions>
                </route>
              </routes>
            </te-group>
          </te-groups>
        </destination>
        <destination from="in3" label="$840">
          <te-groups>
            <te-group>
              <routes>
                <route to="in3">
                  <actions>
                    <action arg="841" type="swap"/>
                  </actions>
                </route>
              </routes>
            </te-group>
            <te-group>
              <routes>
                <route to="in4">
                  <actions>
                    <action arg="841" type="swap"/>
                    <action arg="2800" type="push"/>
                  </actions>
                </route>
              </routes>
            </te-group>
          </te-groups>
        </destination>
        <destination from="in3" label="$845">
          <te-groups>
            <te-group>
              <routes>
                <route to="in3">
                  <actions>
                    <action arg="846" type="swap"/>
                  </actions>
                </route>
              </routes>
            </te-group>
            <te-group>
              <routes>
                <route to="in4">
                  <actions>
                    <action arg="846" type="swap"/>
                    <action arg="2800" type="push"/>
                  </actions>
                </route>
              </routes>
            </te-group>
          </te-groups>
        </destination>
        <destination from="in3" label="$849">
          <te-groups>
            <te-group>
              <routes>
                <route to="in3">
                  <actions>
                    <action arg="850" type="swap"/>
                  </actions>
                </route>
              </routes>
            </te-group>
            <te-group>
              <routes>
                <route to="in4">
                  <actions>
                    <action arg="850" type="swap"/>
                    <action arg="2800" type="push"/>
                  </actions>
                </route>
              </routes>
            </te-group>
          </te-groups>
        </destination>
        <destination from="in3" label="$854">
          <te-groups>
            <te-group>
              <routes>
                <route to="in3">
                  <actions>
                    <action arg="855" type="swap"/>
                  </actions>
                </route>
              </routes>
            </te-group>
            <te-group>
              <routes>
                <route to="in4">
                  <actions>
                    <action arg="855" type="swap"/>
                    <action arg="2800" type="push"/>
                  </actions>
                </route>
              </routes>
            </te-group>
          </te-groups>
        </destination>
        <destination from="in3" label="$860">
          <te-groups>
            <te-group>
              <routes>
                <route to="in3">
                  <actions>
                    <action arg="861" type="swap"/>
                  </actions>
                </route>
              </routes>
            </te-group>
            <te-group>
              <routes>
                <route to="in4">
                  <actions>
                    <action arg="861" type="swap"/>
                    <action arg="2800" type="push"/>
                  </actions>
                </route>
              </routes>
            </te-group>
          </te-groups>
        </destination>
        <destination from="in3" label="$865">
          <te-groups>
            <te-group>
              <routes>
                <route to="in3">
                  <actions>
                    <action arg="866" type="swap"/>
                  </actions>
                </route>
              </routes>
            </te-group>
            <te-group>
              <routes>
                <route to="in4">
                  <actions>
                    <action arg="866" type="swap"/>
                    <action arg="2800" type="push"/>
                  </actions>
                </route>
              </routes>
            </te-group>
          </te-groups>
        </destination>
        <destination from="in3" label="$871">
          <te-groups>
            <te-group>
              <routes>
                <route to="in3">
                  <actions>
                    <action arg="872" type="swap"/>
                  </actions>
                </route>
              </routes>
            </te-group>
            <te-group>
              <routes>
                <route to="in4">
                  <actions>
                    <action arg="872" type="swap"/>
                    <action arg="2800" type="push"/>
                  </actions>
                </route>
              </routes>
            </te-group>
          </te-groups>
        </destination>
        <destination from="in3" label="$877">
          <te-groups>
            <te-group>
              <routes>
                <route to="in1">
                  <actions>
                    <action arg="878" type="swap"/>
                  </actions>
                </route>
              </routes>
            </te-group>
            <te-group>
              <routes>
                <route to="in3">
                  <actions>
                    <action arg="878" type="swap"/>
                    <action arg="2797" type="push"/>
                  </actions>
                </route>
              </routes>
            </te-group>
            <te-group>
              <routes>
                <route to="in4">
                  <actions>
                    <action arg="878" type="swap"/>
                    <action arg="2797" type="push"/>
                    <action arg="2800" type="push"/>
                  </actions>
                </route>
              </routes>
            </te-group>
          </te-groups>
        </destination>
        <destination from="in3" label="$883">
          <te-groups>
            <te-group>
              <routes>
                <route to="in1">
                  <actions>
                    <action arg="884" type="swap"/>
                  </actions>
                </route>
              </routes>
            </te-group>
            <te-group>
              <routes>
                <route to="in3">
                  <actions>
                    <action arg="884" type="swap"/>
                    <action arg="2797" type="push"/>
                  </actions>
                </route>
              </routes>
            </te-group>
            <te-group>
              <routes>
                <route to="in4">
                  <actions>
                    <action arg="884" type="swap"/>
                    <action arg="2797" type="push"/>
                    <action arg="2800" type="push"/>
                  </actions>
                </route>
              </routes>
            </te-group>
          </te-groups>
        </destination>
        <destination from="in3" label="$909">
          <te-groups>
            <te-group>
              <routes>
                <route to="in1">
                  <actions>
                    <action arg="910" type="swap"/>
                  </actions>
                </route>
              </routes>
            </te-group>
            <te-group>
              <routes>
                <route to="in3">
                  <actions>
                    <action arg="910" type="swap"/>
                    <action arg="2797" type="push"/>
                  </actions>
                </route>
              </routes>
            </te-group>
            <te-group>
              <routes>
                <route to="in4">
                  <actions>
                    <action arg="910" type="swap"/>
                    <action arg="2797" type="push"/>
                    <action arg="2800" type="push"/>
                  </actions>
                </route>
              </routes>
            </te-group>
          </te-groups>
        </destination>
        <destination from="in3" label="$914">
          <te-groups>
            <te-group>
              <routes>
                <route to="in1">
                  <actions>
                    <action arg="915" type="swap"/>
                  </actions>
                </route>
              </routes>
            </te-group>
            <te-group>
              <routes>
                <route to="in3">
                  <actions>
                    <action arg="915" type="swap"/>
                    <action arg="2797" type="push"/>
                  </actions>
                </route>
              </routes>
            </te-group>
            <te-group>
              <routes>
                <route to="in4">
                  <actions>
                    <action arg="915" type="swap"/>
                    <action arg="2797" type="push"/>
                    <action arg="2800" type="push"/>
                  </actions>
                </route>
              </routes>
            </te-group>
          </te-groups>
        </destination>
        <destination from="in3" label="$922">
          <te-groups>
            <te-group>
              <routes>
                <route to="in1">
                  <actions>
                    <action arg="923" type="swap"/>
                  </actions>
                </route>
              </routes>
            </te-group>
            <te-group>
              <routes>
                <route to="in3">
                  <actions>
                    <action arg="923" type="swap"/>
                    <action arg="2797" type="push"/>
                  </actions>
                </route>
              </routes>
            </te-group>
            <te-group>
              <routes>
                <route to="in4">
                  <actions>
                    <action arg="923" type="swap"/>
                    <action arg="2797" type="push"/>
                    <action arg="2800" type="push"/>
                  </actions>
                </route>
              </routes>
            </te-group>
          </te-groups>
        </destination>
        <destination from="in3" label="$928">
          <te-groups>
            <te-group>
              <routes>
                <route to="in0">
                  <actions>
                    <action arg="929" type="swap"/>
                  </actions>
                </route>
              </routes>
            </te-group>
          </te-groups>
        </destination>
        <destination from="in3" label="$933">
          <te-groups>
            <te-group>
              <routes>
                <route to="in1">
                  <actions>
                    <action arg="934" type="swap"/>
                  </actions>
                </route>
              </routes>
            </te-group>
            <te-group>
              <routes>
                <route to="in3">
                  <actions>
                    <action arg="934" type="swap"/>
                    <action arg="2797" type="push"/>
                  </actions>
                </route>
              </routes>
            </te-group>
            <te-group>
              <routes>
                <route to="in4">
                  <actions>
                    <action arg="934" type="swap"/>
                    <action arg="2797" type="push"/>
                    <action arg="2800" type="push"/>
                  </actions>
                </route>
              </routes>
            </te-group>
          </te-groups>
        </destination>
        <destination from="in3" label="$939">
          <te-groups>
            <te-group>
              <routes>
                <route to="in1">
                  <actions>
                    <action arg="940" type="swap"/>
                  </actions>
                </route>
              </routes>
            </te-group>
            <te-group>
              <routes>
                <route to="in3">
                  <actions>
                    <action arg="940" type="swap"/>
                    <action arg="2797" type="push"/>
                  </actions>
                </route>
              </routes>
            </te-group>
            <te-group>
              <routes>
                <route to="in4">
                  <actions>
                    <action arg="940" type="swap"/>
                    <action arg="2797" type="push"/>
                    <action arg="2800" type="push"/>
                  </actions>
                </route>
              </routes>
            </te-group>
          </te-groups>
        </destination>
        <destination from="in3" label="$944">
          <te-groups>
            <te-group>
              <routes>
                <route to="in2">
                  <actions>
                    <action arg="945" type="swap"/>
                  </actions>
                </route>
              </routes>
            </te-group>
          </te-groups>
        </destination>
        <destination from="in3" label="$956">
          <te-groups>
            <te-group>
              <routes>
                <route to="in4">
                  <actions>
                    <action arg="957" type="swap"/>
                  </actions>
                </route>
              </routes>
            </te-group>
            <te-group>
              <routes>
                <route to="in3">
                  <actions>
                    <action arg="957" type="swap"/>
                    <action arg="2803" type="push"/>
                  </actions>
                </route>
              </routes>
            </te-group>
          </te-groups>
        </destination>
        <destination from="in3" label="$1032">
          <te-groups>
            <te-group>
              <routes>
                <route to="in0">
                  <actions>
                    <action arg="1033" type="swap"/>
                  </actions>
                </route>
              </routes>
            </te-group>
          </te-groups>
        </destination>
        <destination from="in3" label="$1046">
          <te-groups>
            <te-group>
              <routes>
                <route to="in2">
                  <actions>
                    <action arg="1047" type="swap"/>
                  </actions>
                </route>
              </routes>
            </te-group>
          </te-groups>
        </destination>
        <destination from="in3" label="$1110">
          <te-groups>
            <te-group>
              <routes>
                <route to="in1">
                  <actions>
                    <action arg="1111" type="swap"/>
                  </actions>
                </route>
              </routes>
            </te-group>
            <te-group>
              <routes>
                <route to="in3">
                  <actions>
                    <action arg="1111" type="swap"/>
                    <action arg="2797" type="push"/>
                  </actions>
                </route>
              </routes>
            </te-group>
            <te-group>
              <routes>
                <route to="in4">
                  <actions>
                    <action arg="1111" type="swap"/>
                    <action arg="2797" type="push"/>
                    <action arg="2800" type="push"/>
                  </actions>
                </route>
              </routes>
            </te-group>
          </te-groups>
        </destination>
        <destination from="in3" label="$1116">
          <te-groups>
            <te-group>
              <routes>
                <route to="in0">
                  <actions>
                    <action arg="1117" type="swap"/>
                  </actions>
                </route>
              </routes>
            </te-group>
          </te-groups>
        </destination>
        <destination from="in3" label="$1121">
          <te-groups>
            <te-group>
              <routes>
                <route to="in1">
                  <actions>
                    <action arg="1122" type="swap"/>
                  </actions>
                </route>
              </routes>
            </te-group>
            <te-group>
              <routes>
                <route to="in3">
                  <actions>
                    <action arg="1122" type="swap"/>
                    <action arg="2797" type="push"/>
                  </actions>
                </route>
              </routes>
            </te-group>
            <te-group>
              <routes>
                <route to="in4">
                  <actions>
                    <action arg="1122" type="swap"/>
                    <action arg="2797" type="push"/>
                    <action arg="2800" type="push"/>
                  </actions>
                </route>
              </routes>
            </te-group>
          </te-groups>
        </destination>
        <destination from="in3" label="$1127">
          <te-groups>
            <te-group>
              <routes>
                <route to="in1">
                  <actions>
                    <action arg="1128" type="swap"/>
                  </actions>
                </route>
              </routes>
            </te-group>
            <te-group>
              <routes>
                <route to="in3">
                  <actions>
                    <action arg="1128" type="swap"/>
                    <action arg="2797" type="push"/>
                  </actions>
                </route>
              </routes>
            </te-group>
            <te-group>
              <routes>
                <route to="in4">
                  <actions>
                    <action arg="1128" type="swap"/>
                    <action arg="2797" type="push"/>
                    <action arg="2800" type="push"/>
                  </actions>
                </route>
              </routes>
            </te-group>
          </te-groups>
        </destination>
        <destination from="in3" label="$1132">
          <te-groups>
            <te-group>
              <routes>
                <route to="in2">
                  <actions>
                    <action arg="1133" type="swap"/>
                  </actions>
                </route>
              </routes>
            </te-group>
          </te-groups>
        </destination>
        <destination from="in3" label="$1144">
          <te-groups>
            <te-group>
              <routes>
                <route to="in4">
                  <actions>
                    <action arg="1145" type="swap"/>
                  </actions>
                </route>
              </routes>
            </te-group>
            <te-group>
              <routes>
                <route to="in3">
                  <actions>
                    <action arg="1145" type="swap"/>
                    <action arg="2803" type="push"/>
                  </actions>
                </route>
              </routes>
            </te-group>
          </te-groups>
        </destination>
        <destination from="in3" label="$1204">
          <te-groups>
            <te-group>
              <routes>
                <route to="in1">
                  <actions>
                    <action arg="1205" type="swap"/>
                  </actions>
                </route>
              </routes>
            </te-group>
            <te-group>
              <routes>
                <route to="in3">
                  <actions>
                    <action arg="1205" type="swap"/>
                    <action arg="2797" type="push"/>
                  </actions>
                </route>
              </routes>
            </te-group>
            <te-group>
              <routes>
                <route to="in4">
                  <actions>
                    <action arg="1205" type="swap"/>
                    <action arg="2797" type="push"/>
                    <action arg="2800" type="push"/>
                  </actions>
                </route>
              </routes>
            </te-group>
          </te-groups>
        </destination>
        <destination from="in3" label="$1211">
          <te-groups>
            <te-group>
              <routes>
                <route to="in0">
                  <actions>
                    <action arg="1212" type="swap"/>
                  </actions>
                </route>
              </routes>
            </te-group>
          </te-groups>
        </destination>
        <destination from="in3" label="$1217">
          <te-groups>
            <te-group>
              <routes>
                <route to="in1">
                  <actions>
                    <action arg="1218" type="swap"/>
                  </actions>
                </route>
              </routes>
            </te-group>
            <te-group>
              <routes>
                <route to="in3">
                  <actions>
                    <action arg="1218" type="swap"/>
                    <action arg="2797" type="push"/>
                  </actions>
                </route>
              </routes>
            </te-group>
            <te-group>
              <routes>
                <route to="in4">
                  <actions>
                    <action arg="1218" type="swap"/>
                    <action arg="2797" type="push"/>
                    <action arg="2800" type="push"/>
                  </actions>
                </route>
              </routes>
            </te-group>
          </te-groups>
        </destination>
        <destination from="in3" label="$1224">
          <te-groups>
            <te-group>
              <routes>
                <route to="in1">
                  <actions>
                    <action arg="1225" type="swap"/>
                  </actions>
                </route>
              </routes>
            </te-group>
            <te-group>
              <routes>
                <route to="in3">
                  <actions>
                    <action arg="1225" type="swap"/>
                    <action arg="2797" type="push"/>
                  </actions>
                </route>
              </routes>
            </te-group>
            <te-group>
              <routes>
                <route to="in4">
                  <actions>
                    <action arg="1225" type="swap"/>
                    <action arg="2797" type="push"/>
                    <action arg="2800" type="push"/>
                  </actions>
                </route>
              </routes>
            </te-group>
          </te-groups>
        </destination>
        <destination from="in3" label="$1230">
          <te-groups>
            <te-group>
              <routes>
                <route to="in2">
                  <actions>
                    <action arg="1231" type="swap"/>
                  </actions>
                </route>
              </routes>
            </te-group>
          </te-groups>
        </destination>
        <destination from="in3" label="$1245">
          <te-groups>
            <te-group>
              <routes>
                <route to="in4">
                  <actions>
                    <action arg="1246" type="swap"/>
                  </actions>
                </route>
              </routes>
            </te-group>
            <te-group>
              <routes>
                <route to="in3">
                  <actions>
                    <action arg="1246" type="swap"/>
                    <action arg="2803" type="push"/>
                  </actions>
                </route>
              </routes>
            </te-group>
          </te-groups>
        </destination>
        <destination from="in3" label="$1319">
          <te-groups>
            <te-group>
              <routes>
                <route to="in1">
                  <actions>
                    <action arg="1320" type="swap"/>
                  </actions>
                </route>
              </routes>
            </te-group>
            <te-group>
              <routes>
                <route to="in3">
                  <actions>
                    <action arg="1320" type="swap"/>
                    <action arg="2797" type="push"/>
                  </actions>
                </route>
              </routes>
            </te-group>
            <te-group>
              <routes>
                <route to="in4">
                  <actions>
                    <action arg="1320" type="swap"/>
                    <action arg="2797" type="push"/>
                    <action arg="2800" type="push"/>
                  </actions>
                </route>
              </routes>
            </te-group>
          </te-groups>
        </destination>
        <destination from="in3" label="$1325">
          <te-groups>
            <te-group>
              <routes>
                <route to="in0">
                  <actions>
                    <action arg="1326" type="swap"/>
                  </actions>
                </route>
              </routes>
            </te-group>
          </te-groups>
        </destination>
        <destination from="in3" label="$1330">
          <te-groups>
            <te-group>
              <routes>
                <route to="in1">
                  <actions>
                    <action arg="1331" type="swap"/>
                  </actions>
                </route>
              </routes>
            </te-group>
            <te-group>
              <routes>
                <route to="in3">
                  <actions>
                    <action arg="1331" type="swap"/>
                    <action arg="2797" type="push"/>
                  </actions>
                </route>
              </routes>
            </te-group>
            <te-group>
              <routes>
                <route to="in4">
                  <actions>
                    <action arg="1331" type="swap"/>
                    <action arg="2797" type="push"/>
                    <action arg="2800" type="push"/>
                  </actions>
                </route>
              </routes>
            </te-group>
          </te-groups>
        </destination>
        <destination from="in3" label="$1336">
          <te-groups>
            <te-group>
              <routes>
                <route to="in1">
                  <actions>
                    <action arg="1337" type="swap"/>
                  </actions>
                </route>
              </routes>
            </te-group>
            <te-group>
              <routes>
                <route to="in3">
                  <actions>
                    <action arg="1337" type="swap"/>
                    <action arg="2797" type="push"/>
                  </actions>
                </route>
              </routes>
            </te-group>
            <te-group>
              <routes>
                <route to="in4">
                  <actions>
                    <action arg="1337" type="swap"/>
                    <action arg="2797" type="push"/>
                    <action arg="2800" type="push"/>
                  </actions>
                </route>
              </routes>
            </te-group>
          </te-groups>
        </destination>
        <destination from="in3" label="$1341">
          <te-groups>
            <te-group>
              <routes>
                <route to="in2">
                  <actions>
                    <action arg="1342" type="swap"/>
                  </actions>
                </route>
              </routes>
            </te-group>
          </te-groups>
        </destination>
        <destination from="in3" label="$1353">
          <te-groups>
            <te-group>
              <routes>
                <route to="in4">
                  <actions>
                    <action arg="1354" type="swap"/>
                  </actions>
                </route>
              </routes>
            </te-group>
            <te-group>
              <routes>
                <route to="in3">
                  <actions>
                    <action arg="1354" type="swap"/>
                    <action arg="2803" type="push"/>
                  </actions>
                </route>
              </routes>
            </te-group>
          </te-groups>
        </destination>
        <destination from="in3" label="$1418">
          <te-groups>
            <te-group>
              <routes>
                <route to="in1">
                  <actions>
                    <action arg="1419" type="swap"/>
                  </actions>
                </route>
              </routes>
            </te-group>
            <te-group>
              <routes>
                <route to="in3">
                  <actions>
                    <action arg="1419" type="swap"/>
                    <action arg="2797" type="push"/>
                  </actions>
                </route>
              </routes>
            </te-group>
            <te-group>
              <routes>
                <route to="in4">
                  <actions>
                    <action arg="1419" type="swap"/>
                    <action arg="2797" type="push"/>
                    <action arg="2800" type="push"/>
                  </actions>
                </route>
              </routes>
            </te-group>
          </te-groups>
        </destination>
        <destination from="in3" label="$1425">
          <te-groups>
            <te-group>
              <routes>
                <route to="in0">
                  <actions>
                    <action arg="1426" type="swap"/>
                  </actions>
                </route>
              </routes>
            </te-group>
          </te-groups>
        </destination>
        <destination from="in3" label="$1431">
          <te-groups>
            <te-group>
              <routes>
                <route to="in1">
                  <actions>
                    <action arg="1432" type="swap"/>
                  </actions>
                </route>
              </routes>
            </te-group>
            <te-group>
              <routes>
                <route to="in3">
                  <actions>
                    <action arg="1432" type="swap"/>
                    <action arg="2797" type="push"/>
                  </actions>
                </route>
              </routes>
            </te-group>
            <te-group>
              <routes>
                <route to="in4">
                  <actions>
                    <action arg="1432" type="swap"/>
                    <action arg="2797" type="push"/>
                    <action arg="2800" type="push"/>
                  </actions>
                </route>
              </routes>
            </te-group>
          </te-groups>
        </destination>
        <destination from="in3" label="$1438">
          <te-groups>
            <te-group>
              <routes>
                <route to="in1">
                  <actions>
                    <action arg="1439" type="swap"/>
                  </actions>
                </route>
              </routes>
            </te-group>
            <te-group>
              <routes>
                <route to="in3">
                  <actions>
                    <action arg="1439" type="swap"/>
                    <action arg="2797" type="push"/>
                  </actions>
                </route>
              </routes>
            </te-group>
            <te-group>
              <routes>
                <route to="in4">
                  <actions>
                    <action arg="1439" type="swap"/>
                    <action arg="2797" type="push"/>
                    <action arg="2800" type="push"/>
                  </actions>
                </route>
              </routes>
            </te-group>
          </te-groups>
        </destination>
        <destination from="in3" label="$1444">
          <te-groups>
            <te-group>
              <routes>
                <route to="in2">
                  <actions>
                    <action arg="1445" type="swap"/>
                  </actions>
                </route>
              </routes>
            </te-group>
          </te-groups>
        </destination>
        <destination from="in3" label="$1459">
          <te-groups>
            <te-group>
              <routes>
                <route to="in4">
                  <actions>
                    <action arg="1460" type="swap"/>
                  </actions>
                </route>
              </routes>
            </te-group>
            <te-group>
              <routes>
                <route to="in3">
                  <actions>
                    <action arg="1460" type="swap"/>
                    <action arg="2803" type="push"/>
                  </actions>
                </route>
              </routes>
            </te-group>
          </te-groups>
        </destination>
        <destination from="in3" label="$1534">
          <te-groups>
            <te-group>
              <routes>
                <route to="in1">
                  <actions>
                    <action arg="1535" type="swap"/>
                  </actions>
                </route>
              </routes>
            </te-group>
            <te-group>
              <routes>
                <route to="in3">
                  <actions>
                    <action arg="1535" type="swap"/>
                    <action arg="2797" type="push"/>
                  </actions>
                </route>
              </routes>
            </te-group>
            <te-group>
              <routes>
                <route to="in4">
                  <actions>
                    <action arg="1535" type="swap"/>
                    <action arg="2797" type="push"/>
                    <action arg="2800" type="push"/>
                  </actions>
                </route>
              </routes>
            </te-group>
          </te-groups>
        </destination>
        <destination from="in3" label="$1541">
          <te-groups>
            <te-group>
              <routes>
                <route to="in0">
                  <actions>
                    <action arg="1542" type="swap"/>
                  </actions>
                </route>
              </routes>
            </te-group>
          </te-groups>
        </destination>
        <destination from="in3" label="$1547">
          <te-groups>
            <te-group>
              <routes>
                <route to="in1">
                  <actions>
                    <action arg="1548" type="swap"/>
                  </actions>
                </route>
              </routes>
            </te-group>
            <te-group>
              <routes>
                <route to="in3">
                  <actions>
                    <action arg="1548" type="swap"/>
                    <action arg="2797" type="push"/>
                  </actions>
                </route>
              </routes>
            </te-group>
            <te-group>
              <routes>
                <route to="in4">
                  <actions>
                    <action arg="1548" type="swap"/>
                    <action arg="2797" type="push"/>
                    <action arg="2800" type="push"/>
                  </actions>
                </route>
              </routes>
            </te-group>
          </te-groups>
        </destination>
        <destination from="in3" label="$1554">
          <te-groups>
            <te-group>
              <routes>
                <route to="in1">
                  <actions>
                    <action arg="1555" type="swap"/>
                  </actions>
                </route>
              </routes>
            </te-group>
            <te-group>
              <routes>
                <route to="in3">
                  <actions>
                    <action arg="1555" type="swap"/>
                    <action arg="2797" type="push"/>
                  </actions>
                </route>
              </routes>
            </te-group>
            <te-group>
              <routes>
                <route to="in4">
                  <actions>
                    <action arg="1555" type="swap"/>
                    <action arg="2797" type="push"/>
                    <action arg="2800" type="push"/>
                  </actions>
                </route>
              </routes>
            </te-group>
          </te-groups>
        </destination>
        <destination from="in3" label="$1560">
          <te-groups>
            <te-group>
              <routes>
                <route to="in2">
                  <actions>
                    <action arg="1561" type="swap"/>
                  </actions>
                </route>
              </routes>
            </te-group>
          </te-groups>
        </destination>
        <destination from="in3" label="$1641">
          <te-groups>
            <te-group>
              <routes>
                <route to="in0">
                  <actions>
                    <action arg="1642" type="swap"/>
                  </actions>
                </route>
              </routes>
            </te-group>
          </te-groups>
        </destination>
        <destination from="in3" label="$1650">
          <te-groups>
            <te-group>
              <routes>
                <route to="in2">
                  <actions>
                    <action arg="1651" type="swap"/>
                  </actions>
                </route>
              </routes>
            </te-group>
          </te-groups>
        </destination>
        <destination from="in3" label="$1654">
          <te-groups>
            <te-group>
              <routes>
                <route to="in3">
                  <actions>
                    <action arg="1655" type="swap"/>
                  </actions>
                </route>
              </routes>
            </te-group>
            <te-group>
              <routes>
                <route to="in4">
                  <actions>
                    <action arg="1655" type="swap"/>
                    <action arg="2800" type="push"/>
                  </actions>
                </route>
              </routes>
            </te-group>
          </te-groups>
        </destination>
        <destination from="in3" label="$1661">
          <te-groups>
            <te-group>
              <routes>
                <route to="in4">
                  <actions>
                    <action arg="1662" type="swap"/>
                  </actions>
                </route>
              </routes>
            </te-group>
            <te-group>
              <routes>
                <route to="in3">
                  <actions>
                    <action arg="1662" type="swap"/>
                    <action arg="2803" type="push"/>
                  </actions>
                </route>
              </routes>
            </te-group>
          </te-groups>
        </destination>
        <destination from="in3" label="$1665">
          <te-groups>
            <te-group>
              <routes>
                <route to="in3">
                  <actions>
                    <action arg="1666" type="swap"/>
                  </actions>
                </route>
              </routes>
            </te-group>
            <te-group>
              <routes>
                <route to="in4">
                  <actions>
                    <action arg="1666" type="swap"/>
                    <action arg="2800" type="push"/>
                  </actions>
                </route>
              </routes>
            </te-group>
          </te-groups>
        </destination>
        <destination from="in3" label="$1671">
          <te-groups>
            <te-group>
              <routes>
                <route to="in3">
                  <actions>
                    <action arg="1672" type="swap"/>
                  </actions>
                </route>
              </routes>
            </te-group>
            <te-group>
              <routes>
                <route to="in4">
                  <actions>
                    <action arg="1672" type="swap"/>
                    <action arg="2800" type="push"/>
                  </actions>
                </route>
              </routes>
            </te-group>
          </te-groups>
        </destination>
        <destination from="in3" label="$1676">
          <te-groups>
            <te-group>
              <routes>
                <route to="in3">
                  <actions>
                    <action arg="1677" type="swap"/>
                  </actions>
                </route>
              </routes>
            </te-group>
            <te-group>
              <routes>
                <route to="in4">
                  <actions>
                    <action arg="1677" type="swap"/>
                    <action arg="2800" type="push"/>
                  </actions>
                </route>
              </routes>
            </te-group>
          </te-groups>
        </destination>
        <destination from="in3" label="$1682">
          <te-groups>
            <te-group>
              <routes>
                <route to="in3">
                  <actions>
                    <action arg="1683" type="swap"/>
                  </actions>
                </route>
              </routes>
            </te-group>
            <te-group>
              <routes>
                <route to="in4">
                  <actions>
                    <action arg="1683" type="swap"/>
                    <action arg="2800" type="push"/>
                  </actions>
                </route>
              </routes>
            </te-group>
          </te-groups>
        </destination>
        <destination from="in3" label="$1689">
          <te-groups>
            <te-group>
              <routes>
                <route to="in3">
                  <actions>
                    <action arg="1690" type="swap"/>
                  </actions>
                </route>
              </routes>
            </te-group>
            <te-group>
              <routes>
                <route to="in4">
                  <actions>
                    <action arg="1690" type="swap"/>
                    <action arg="2800" type="push"/>
                  </actions>
                </route>
              </routes>
            </te-group>
          </te-groups>
        </destination>
        <destination from="in3" label="$1695">
          <te-groups>
            <te-group>
              <routes>
                <route to="in3">
                  <actions>
                    <action arg="1696" type="swap"/>
                  </actions>
                </route>
              </routes>
            </te-group>
            <te-group>
              <routes>
                <route to="in4">
                  <actions>
                    <action arg="1696" type="swap"/>
                    <action arg="2800" type="push"/>
                  </actions>
                </route>
              </routes>
            </te-group>
          </te-groups>
        </destination>
        <destination from="in3" label="$1702">
          <te-groups>
            <te-group>
              <routes>
                <route to="in3">
                  <actions>
                    <action arg="1703" type="swap"/>
                  </actions>
                </route>
              </routes>
            </te-group>
            <te-group>
              <routes>
                <route to="in4">
                  <actions>
                    <action arg="1703" type="swap"/>
                    <action arg="2800" type="push"/>
                  </actions>
                </route>
              </routes>
            </te-group>
          </te-groups>
        </destination>
        <destination from="in3" label="$1711">
          <te-groups>
            <te-group>
              <routes>
                <route to="in3">
                  <actions>
                    <action arg="1712" type="swap"/>
                  </actions>
                </route>
              </routes>
            </te-group>
            <te-group>
              <routes>
                <route to="in4">
                  <actions>
                    <action arg="1712" type="swap"/>
                    <action arg="2800" type="push"/>
                  </actions>
                </route>
              </routes>
            </te-group>
          </te-groups>
        </destination>
        <destination from="in3" label="$1719">
          <te-groups>
            <te-group>
              <routes>
                <route to="in3">
                  <actions>
                    <action arg="1720" type="swap"/>
                  </actions>
                </route>
              </routes>
            </te-group>
            <te-group>
              <routes>
                <route to="in4">
                  <actions>
                    <action arg="1720" type="swap"/>
                    <action arg="2800" type="push"/>
                  </actions>
                </route>
              </routes>
            </te-group>
          </te-groups>
        </destination>
        <destination from="in3" label="$1728">
          <te-groups>
            <te-group>
              <routes>
                <route to="in4">
                  <actions>
                    <action arg="1729" type="swap"/>
                  </actions>
                </route>
              </routes>
            </te-group>
            <te-group>
              <routes>
                <route to="in3">
                  <actions>
                    <action arg="1729" type="swap"/>
                    <action arg="2803" type="push"/>
                  </actions>
                </route>
              </routes>
            </te-group>
          </te-groups>
        </destination>
        <destination from="in3" label="$1733">
          <te-groups>
            <te-group>
              <routes>
                <route to="in4">
                  <actions>
                    <action arg="1734" type="swap"/>
                  </actions>
                </route>
              </routes>
            </te-group>
            <te-group>
              <routes>
                <route to="in3">
                  <actions>
                    <action arg="1734" type="swap"/>
                    <action arg="2803" type="push"/>
                  </actions>
                </route>
              </routes>
            </te-group>
          </te-groups>
        </destination>
        <destination from="in3" label="$1739">
          <te-groups>
            <te-group>
              <routes>
                <route to="in4">
                  <actions>
                    <action arg="1740" type="swap"/>
                  </actions>
                </route>
              </routes>
            </te-group>
            <te-group>
              <routes>
                <route to="in3">
                  <actions>
                    <action arg="1740" type="swap"/>
                    <action arg="2803" type="push"/>
                  </actions>
                </route>
              </routes>
            </te-group>
          </te-groups>
        </destination>
        <destination from="in3" label="$1762">
          <te-groups>
            <te-group>
              <routes>
                <route to="in0">
                  <actions>
                    <action arg="1763" type="swap"/>
                  </actions>
                </route>
              </routes>
            </te-group>
          </te-groups>
        </destination>
        <destination from="in3" label="$1778">
          <te-groups>
            <te-group>
              <routes>
                <route to="in2">
                  <actions>
                    <action arg="1779" type="swap"/>
                  </actions>
                </route>
              </routes>
            </te-group>
          </te-groups>
        </destination>
        <destination from="in3" label="$1785">
          <te-groups>
            <te-group>
              <routes>
                <route to="in3">
                  <actions>
                    <action arg="1786" type="swap"/>
                  </actions>
                </route>
              </routes>
            </te-group>
            <te-group>
              <routes>
                <route to="in4">
                  <actions>
                    <action arg="1786" type="swap"/>
                    <action arg="2800" type="push"/>
                  </actions>
                </route>
              </routes>
            </te-group>
          </te-groups>
        </destination>
        <destination from="in3" label="$1798">
          <te-groups>
            <te-group>
              <routes>
                <route to="in4">
                  <actions>
                    <action arg="1799" type="swap"/>
                  </actions>
                </route>
              </routes>
            </te-group>
            <te-group>
              <routes>
                <route to="in3">
                  <actions>
                    <action arg="1799" type="swap"/>
                    <action arg="2803" type="push"/>
                  </actions>
                </route>
              </routes>
            </te-group>
          </te-groups>
        </destination>
        <destination from="in3" label="$1868">
          <te-groups>
            <te-group>
              <routes>
                <route to="in4">
                  <actions>
                    <action arg="1869" type="swap"/>
                  </actions>
                </route>
              </routes>
            </te-group>
            <te-group>
              <routes>
                <route to="in3">
                  <actions>
                    <action arg="1869" type="swap"/>
                    <action arg="2803" type="push"/>
                  </actions>
                </route>
              </routes>
            </te-group>
          </te-groups>
        </destination>
        <destination from="in3" label="$1876">
          <te-groups>
            <te-group>
              <routes>
                <route to="in4">
                  <actions>
                    <action arg="1877" type="swap"/>
                  </actions>
                </route>
              </routes>
            </te-group>
            <te-group>
              <routes>
                <route to="in3">
                  <actions>
                    <action arg="1877" type="swap"/>
                    <action arg="2803" type="push"/>
                  </actions>
                </route>
              </routes>
            </te-group>
          </te-groups>
        </destination>
        <destination from="in3" label="$1885">
          <te-groups>
            <te-group>
              <routes>
                <route to="in4">
                  <actions>
                    <action arg="1886" type="swap"/>
                  </actions>
                </route>
              </routes>
            </te-group>
            <te-group>
              <routes>
                <route to="in3">
                  <actions>
                    <action arg="1886" type="swap"/>
                    <action arg="2803" type="push"/>
                  </actions>
                </route>
              </routes>
            </te-group>
          </te-groups>
        </destination>
        <destination from="in3" label="$1903">
          <te-groups>
            <te-group>
              <routes>
                <route to="in1">
                  <actions>
                    <action arg="1904" type="swap"/>
                  </actions>
                </route>
              </routes>
            </te-group>
            <te-group>
              <routes>
                <route to="in3">
                  <actions>
                    <action arg="1904" type="swap"/>
                    <action arg="2797" type="push"/>
                  </actions>
                </route>
              </routes>
            </te-group>
            <te-group>
              <routes>
                <route to="in4">
                  <actions>
                    <action arg="1904" type="swap"/>
                    <action arg="2797" type="push"/>
                    <action arg="2800" type="push"/>
                  </actions>
                </route>
              </routes>
            </te-group>
          </te-groups>
        </destination>
        <destination from="in3" label="$1909">
          <te-groups>
            <te-group>
              <routes>
                <route to="in0">
                  <actions>
                    <action arg="1910" type="swap"/>
                  </actions>
                </route>
              </routes>
            </te-group>
          </te-groups>
        </destination>
        <destination from="in3" label="$1914">
          <te-groups>
            <te-group>
              <routes>
                <route to="in1">
                  <actions>
                    <action arg="1915" type="swap"/>
                  </actions>
                </route>
              </routes>
            </te-group>
            <te-group>
              <routes>
                <route to="in3">
                  <actions>
                    <action arg="1915" type="swap"/>
                    <action arg="2797" type="push"/>
                  </actions>
                </route>
              </routes>
            </te-group>
            <te-group>
              <routes>
                <route to="in4">
                  <actions>
                    <action arg="1915" type="swap"/>
                    <action arg="2797" type="push"/>
                    <action arg="2800" type="push"/>
                  </actions>
                </route>
              </routes>
            </te-group>
          </te-groups>
        </destination>
        <destination from="in3" label="$1920">
          <te-groups>
            <te-group>
              <routes>
                <route to="in1">
                  <actions>
                    <action arg="1921" type="swap"/>
                  </actions>
                </route>
              </routes>
            </te-group>
            <te-group>
              <routes>
                <route to="in3">
                  <actions>
                    <action arg="1921" type="swap"/>
                    <action arg="2797" type="push"/>
                  </actions>
                </route>
              </routes>
            </te-group>
            <te-group>
              <routes>
                <route to="in4">
                  <actions>
                    <action arg="1921" type="swap"/>
                    <action arg="2797" type="push"/>
                    <action arg="2800" type="push"/>
                  </actions>
                </route>
              </routes>
            </te-group>
          </te-groups>
        </destination>
        <destination from="in3" label="$1925">
          <te-groups>
            <te-group>
              <routes>
                <route to="in2">
                  <actions>
                    <action arg="1926" type="swap"/>
                  </actions>
                </route>
              </routes>
            </te-group>
          </te-groups>
        </destination>
        <destination from="in3" label="$1968">
          <te-groups>
            <te-group>
              <routes>
                <route to="in1">
                  <actions>
                    <action arg="1969" type="swap"/>
                  </actions>
                </route>
              </routes>
            </te-group>
            <te-group>
              <routes>
                <route to="in3">
                  <actions>
                    <action arg="1969" type="swap"/>
                    <action arg="2797" type="push"/>
                  </actions>
                </route>
              </routes>
            </te-group>
            <te-group>
              <routes>
                <route to="in4">
                  <actions>
                    <action arg="1969" type="swap"/>
                    <action arg="2797" type="push"/>
                    <action arg="2800" type="push"/>
                  </actions>
                </route>
              </routes>
            </te-group>
          </te-groups>
        </destination>
        <destination from="in3" label="$1976">
          <te-groups>
            <te-group>
              <routes>
                <route to="in1">
                  <actions>
                    <action arg="1977" type="swap"/>
                  </actions>
                </route>
              </routes>
            </te-group>
            <te-group>
              <routes>
                <route to="in3">
                  <actions>
                    <action arg="1977" type="swap"/>
                    <action arg="2797" type="push"/>
                  </actions>
                </route>
              </routes>
            </te-group>
            <te-group>
              <routes>
                <route to="in4">
                  <actions>
                    <action arg="1977" type="swap"/>
                    <action arg="2797" type="push"/>
                    <action arg="2800" type="push"/>
                  </actions>
                </route>
              </routes>
            </te-group>
          </te-groups>
        </destination>
        <destination from="in3" label="$1999">
          <te-groups>
            <te-group>
              <routes>
                <route to="in1">
                  <actions>
                    <action arg="2000" type="swap"/>
                  </actions>
                </route>
              </routes>
            </te-group>
            <te-group>
              <routes>
                <route to="in3">
                  <actions>
                    <action arg="2000" type="swap"/>
                    <action arg="2797" type="push"/>
                  </actions>
                </route>
              </routes>
            </te-group>
            <te-group>
              <routes>
                <route to="in4">
                  <actions>
                    <action arg="2000" type="swap"/>
                    <action arg="2797" type="push"/>
                    <action arg="2800" type="push"/>
                  </actions>
                </route>
              </routes>
            </te-group>
          </te-groups>
        </destination>
        <destination from="in3" label="$2006">
          <te-groups>
            <te-group>
              <routes>
                <route to="in1">
                  <actions>
                    <action arg="2007" type="swap"/>
                  </actions>
                </route>
              </routes>
            </te-group>
            <te-group>
              <routes>
                <route to="in3">
                  <actions>
                    <action arg="2007" type="swap"/>
                    <action arg="2797" type="push"/>
                  </actions>
                </route>
              </routes>
            </te-group>
            <te-group>
              <routes>
                <route to="in4">
                  <actions>
                    <action arg="2007" type="swap"/>
                    <action arg="2797" type="push"/>
                    <action arg="2800" type="push"/>
                  </actions>
                </route>
              </routes>
            </te-group>
          </te-groups>
        </destination>
        <destination from="in3" label="$2017">
          <te-groups>
            <te-group>
              <routes>
                <route to="in1">
                  <actions>
                    <action arg="2018" type="swap"/>
                  </actions>
                </route>
              </routes>
            </te-group>
            <te-group>
              <routes>
                <route to="in3">
                  <actions>
                    <action arg="2018" type="swap"/>
                    <action arg="2797" type="push"/>
                  </actions>
                </route>
              </routes>
            </te-group>
            <te-group>
              <routes>
                <route to="in4">
                  <actions>
                    <action arg="2018" type="swap"/>
                    <action arg="2797" type="push"/>
                    <action arg="2800" type="push"/>
                  </actions>
                </route>
              </routes>
            </te-group>
          </te-groups>
        </destination>
        <destination from="in3" label="$2026">
          <te-groups>
            <te-group>
              <routes>
                <route to="in0">
                  <actions>
                    <action arg="2027" type="swap"/>
                  </actions>
                </route>
              </routes>
            </te-group>
          </te-groups>
        </destination>
        <destination from="in3" label="$2034">
          <te-groups>
            <te-group>
              <routes>
                <route to="in1">
                  <actions>
                    <action arg="2035" type="swap"/>
                  </actions>
                </route>
              </routes>
            </te-group>
            <te-group>
              <routes>
                <route to="in3">
                  <actions>
                    <action arg="2035" type="swap"/>
                    <action arg="2797" type="push"/>
                  </actions>
                </route>
              </routes>
            </te-group>
            <te-group>
              <routes>
                <route to="in4">
                  <actions>
                    <action arg="2035" type="swap"/>
                    <action arg="2797" type="push"/>
                    <action arg="2800" type="push"/>
                  </actions>
                </route>
              </routes>
            </te-group>
          </te-groups>
        </destination>
        <destination from="in3" label="$2043">
          <te-groups>
            <te-group>
              <routes>
                <route to="in1">
                  <actions>
                    <action arg="2044" type="swap"/>
                  </actions>
                </route>
              </routes>
            </te-group>
            <te-group>
              <routes>
                <route to="in3">
                  <actions>
                    <action arg="2044" type="swap"/>
                    <action arg="2797" type="push"/>
                  </actions>
                </route>
              </routes>
            </te-group>
            <te-group>
              <routes>
                <route to="in4">
                  <actions>
                    <action arg="2044" type="swap"/>
                    <action arg="2797" type="push"/>
                    <action arg="2800" type="push"/>
                  </actions>
                </route>
              </routes>
            </te-group>
          </te-groups>
        </destination>
        <destination from="in3" label="$2051">
          <te-groups>
            <te-group>
              <routes>
                <route to="in2">
                  <actions>
                    <action arg="2052" type="swap"/>
                  </actions>
                </route>
              </routes>
            </te-group>
          </te-groups>
        </destination>
        <destination from="in3" label="$2153">
          <te-groups>
            <te-group>
              <routes>
                <route to="in1">
                  <actions>
                    <action arg="2154" type="swap"/>
                  </actions>
                </route>
              </routes>
            </te-group>
            <te-group>
              <routes>
                <route to="in3">
                  <actions>
                    <action arg="2154" type="swap"/>
                    <action arg="2797" type="push"/>
                  </actions>
                </route>
              </routes>
            </te-group>
            <te-group>
              <routes>
                <route to="in4">
                  <actions>
                    <action arg="2154" type="swap"/>
                    <action arg="2797" type="push"/>
                    <action arg="2800" type="push"/>
                  </actions>
                </route>
              </routes>
            </te-group>
          </te-groups>
        </destination>
        <destination from="in3" label="$2158">
          <te-groups>
            <te-group>
              <routes>
                <route to="in0">
                  <actions>
                    <action arg="2159" type="swap"/>
                  </actions>
                </route>
              </routes>
            </te-group>
          </te-groups>
        </destination>
        <destination from="in3" label="$2162">
          <te-groups>
            <te-group>
              <routes>
                <route to="in1">
                  <actions>
                    <action arg="2163" type="swap"/>
                  </actions>
                </route>
              </routes>
            </te-group>
            <te-group>
              <routes>
                <route to="in3">
                  <actions>
                    <action arg="2163" type="swap"/>
                    <action arg="2797" type="push"/>
                  </actions>
                </route>
              </routes>
            </te-group>
            <te-group>
              <routes>
                <route to="in4">
                  <actions>
                    <action arg="2163" type="swap"/>
                    <action arg="2797" type="push"/>
                    <action arg="2800" type="push"/>
                  </actions>
                </route>
              </routes>
            </te-group>
          </te-groups>
        </destination>
        <destination from="in3" label="$2167">
          <te-groups>
            <te-group>
              <routes>
                <route to="in1">
                  <actions>
                    <action arg="2168" type="swap"/>
                  </actions>
                </route>
              </routes>
            </te-group>
            <te-group>
              <routes>
                <route to="in3">
                  <actions>
                    <action arg="2168" type="swap"/>
                    <action arg="2797" type="push"/>
                  </actions>
                </route>
              </routes>
            </te-group>
            <te-group>
              <routes>
                <route to="in4">
                  <actions>
                    <action arg="2168" type="swap"/>
                    <action arg="2797" type="push"/>
                    <action arg="2800" type="push"/>
                  </actions>
                </route>
              </routes>
            </te-group>
          </te-groups>
        </destination>
        <destination from="in3" label="$2171">
          <te-groups>
            <te-group>
              <routes>
                <route to="in2">
                  <actions>
                    <action arg="2172" type="swap"/>
                  </actions>
                </route>
              </routes>
            </te-group>
          </te-groups>
        </destination>
        <destination from="in3" label="$2206">
          <te-groups>
            <te-group>
              <routes>
                <route to="in1">
                  <actions>
                    <action arg="2207" type="swap"/>
                  </actions>
                </route>
              </routes>
            </te-group>
            <te-group>
              <routes>
                <route to="in3">
                  <actions>
                    <action arg="2207" type="swap"/>
                    <action arg="2797" type="push"/>
                  </actions>
                </route>
              </routes>
            </te-group>
            <te-group>
              <routes>
                <route to="in4">
                  <actions>
                    <action arg="2207" type="swap"/>
                    <action arg="2797" type="push"/>
                    <action arg="2800" type="push"/>
                  </actions>
                </route>
              </routes>
            </te-group>
          </te-groups>
        </destination>
        <destination from="in3" label="$2213">
          <te-groups>
            <te-group>
              <routes>
                <route to="in1">
                  <actions>
                    <action arg="2214" type="swap"/>
                  </actions>
                </route>
              </routes>
            </te-group>
            <te-group>
              <routes>
                <route to="in3">
                  <actions>
                    <action arg="2214" type="swap"/>
                    <action arg="2797" type="push"/>
                  </actions>
                </route>
              </routes>
            </te-group>
            <te-group>
              <routes>
                <route to="in4">
                  <actions>
                    <action arg="2214" type="swap"/>
                    <action arg="2797" type="push"/>
                    <action arg="2800" type="push"/>
                  </actions>
                </route>
              </routes>
            </te-group>
          </te-groups>
        </destination>
        <destination from="in3" label="$2233">
          <te-groups>
            <te-group>
              <routes>
                <route to="in1">
                  <actions>
                    <action arg="2234" type="swap"/>
                  </actions>
                </route>
              </routes>
            </te-group>
            <te-group>
              <routes>
                <route to="in3">
                  <actions>
                    <action arg="2234" type="swap"/>
                    <action arg="2797" type="push"/>
                  </actions>
                </route>
              </routes>
            </te-group>
            <te-group>
              <routes>
                <route to="in4">
                  <actions>
                    <action arg="2234" type="swap"/>
                    <action arg="2797" type="push"/>
                    <action arg="2800" type="push"/>
                  </actions>
                </route>
              </routes>
            </te-group>
          </te-groups>
        </destination>
        <destination from="in3" label="$2239">
          <te-groups>
            <te-group>
              <routes>
                <route to="in1">
                  <actions>
                    <action arg="2240" type="swap"/>
                  </actions>
                </route>
              </routes>
            </te-group>
            <te-group>
              <routes>
                <route to="in3">
                  <actions>
                    <action arg="2240" type="swap"/>
                    <action arg="2797" type="push"/>
                  </actions>
                </route>
              </routes>
            </te-group>
            <te-group>
              <routes>
                <route to="in4">
                  <actions>
                    <action arg="2240" type="swap"/>
                    <action arg="2797" type="push"/>
                    <action arg="2800" type="push"/>
                  </actions>
                </route>
              </routes>
            </te-group>
          </te-groups>
        </destination>
        <destination from="in3" label="$2247">
          <te-groups>
            <te-group>
              <routes>
                <route to="in1">
                  <actions>
                    <action arg="2248" type="swap"/>
                  </actions>
                </route>
              </routes>
            </te-group>
            <te-group>
              <routes>
                <route to="in3">
                  <actions>
                    <action arg="2248" type="swap"/>
                    <action arg="2797" type="push"/>
                  </actions>
                </route>
              </routes>
            </te-group>
            <te-group>
              <routes>
                <route to="in4">
                  <actions>
                    <action arg="2248" type="swap"/>
                    <action arg="2797" type="push"/>
                    <action arg="2800" type="push"/>
                  </actions>
                </route>
              </routes>
            </te-group>
          </te-groups>
        </destination>
        <destination from="in3" label="$2253">
          <te-groups>
            <te-group>
              <routes>
                <route to="in0">
                  <actions>
                    <action arg="2254" type="swap"/>
                  </actions>
                </route>
              </routes>
            </te-group>
          </te-groups>
        </destination>
        <destination from="in3" label="$2258">
          <te-groups>
            <te-group>
              <routes>
                <route to="in1">
                  <actions>
                    <action arg="2259" type="swap"/>
                  </actions>
                </route>
              </routes>
            </te-group>
            <te-group>
              <routes>
                <route to="in3">
                  <actions>
                    <action arg="2259" type="swap"/>
                    <action arg="2797" type="push"/>
                  </actions>
                </route>
              </routes>
            </te-group>
            <te-group>
              <routes>
                <route to="in4">
                  <actions>
                    <action arg="2259" type="swap"/>
                    <action arg="2797" type="push"/>
                    <action arg="2800" type="push"/>
                  </actions>
                </route>
              </routes>
            </te-group>
          </te-groups>
        </destination>
        <destination from="in3" label="$2264">
          <te-groups>
            <te-group>
              <routes>
                <route to="in1">
                  <actions>
                    <action arg="2265" type="swap"/>
                  </actions>
                </route>
              </routes>
            </te-group>
            <te-group>
              <routes>
                <route to="in3">
                  <actions>
                    <action arg="2265" type="swap"/>
                    <action arg="2797" type="push"/>
                  </actions>
                </route>
              </routes>
            </te-group>
            <te-group>
              <routes>
                <route to="in4">
                  <actions>
                    <action arg="2265" type="swap"/>
                    <action arg="2797" type="push"/>
                    <action arg="2800" type="push"/>
                  </actions>
                </route>
              </routes>
            </te-group>
          </te-groups>
        </destination>
        <destination from="in3" label="$2269">
          <te-groups>
            <te-group>
              <routes>
                <route to="in2">
                  <actions>
                    <action arg="2270" type="swap"/>
                  </actions>
                </route>
              </routes>
            </te-group>
          </te-groups>
        </destination>
        <destination from="in3" label="$2274">
          <te-groups>
            <te-group>
              <routes>
                <route to="in3">
                  <actions>
                    <action arg="2275" type="swap"/>
                  </actions>
                </route>
              </routes>
            </te-group>
            <te-group>
              <routes>
                <route to="in4">
                  <actions>
                    <action arg="2275" type="swap"/>
                    <action arg="2800" type="push"/>
                  </actions>
                </route>
              </routes>
            </te-group>
          </te-groups>
        </destination>
        <destination from="in3" label="$2316">
          <te-groups>
            <te-group>
              <routes>
                <route to="in1">
                  <actions>
                    <action arg="2317" type="swap"/>
                  </actions>
                </route>
              </routes>
            </te-group>
            <te-group>
              <routes>
                <route to="in3">
                  <actions>
                    <action arg="2317" type="swap"/>
                    <action arg="2797" type="push"/>
                  </actions>
                </route>
              </routes>
            </te-group>
            <te-group>
              <routes>
                <route to="in4">
                  <actions>
                    <action arg="2317" type="swap"/>
                    <action arg="2797" type="push"/>
                    <action arg="2800" type="push"/>
                  </actions>
                </route>
              </routes>
            </te-group>
          </te-groups>
        </destination>
        <destination from="in3" label="$2324">
          <te-groups>
            <te-group>
              <routes>
                <route to="in1">
                  <actions>
                    <action arg="2325" type="swap"/>
                  </actions>
                </route>
              </routes>
            </te-group>
            <te-group>
              <routes>
                <route to="in3">
                  <actions>
                    <action arg="2325" type="swap"/>
                    <action arg="2797" type="push"/>
                  </actions>
                </route>
              </routes>
            </te-group>
            <te-group>
              <routes>
                <route to="in4">
                  <actions>
                    <action arg="2325" type="swap"/>
                    <action arg="2797" type="push"/>
                    <action arg="2800" type="push"/>
                  </actions>
                </route>
              </routes>
            </te-group>
          </te-groups>
        </destination>
        <destination from="in3" label="$2349">
          <te-groups>
            <te-group>
              <routes>
                <route to="in1">
                  <actions>
                    <action arg="2350" type="swap"/>
                  </actions>
                </route>
              </routes>
            </te-group>
            <te-group>
              <routes>
                <route to="in3">
                  <actions>
                    <action arg="2350" type="swap"/>
                    <action arg="2797" type="push"/>
                  </actions>
                </route>
              </routes>
            </te-group>
            <te-group>
              <routes>
                <route to="in4">
                  <actions>
                    <action arg="2350" type="swap"/>
                    <action arg="2797" type="push"/>
                    <action arg="2800" type="push"/>
                  </actions>
                </route>
              </routes>
            </te-group>
          </te-groups>
        </destination>
        <destination from="in3" label="$2356">
          <te-groups>
            <te-group>
              <routes>
                <route to="in1">
                  <actions>
                    <action arg="2357" type="swap"/>
                  </actions>
                </route>
              </routes>
            </te-group>
            <te-group>
              <routes>
                <route to="in3">
                  <actions>
                    <action arg="2357" type="swap"/>
                    <action arg="2797" type="push"/>
                  </actions>
                </route>
              </routes>
            </te-group>
            <te-group>
              <routes>
                <route to="in4">
                  <actions>
                    <action arg="2357" type="swap"/>
                    <action arg="2797" type="push"/>
                    <action arg="2800" type="push"/>
                  </actions>
                </route>
              </routes>
            </te-group>
          </te-groups>
        </destination>
        <destination from="in3" label="$2364">
          <te-groups>
            <te-group>
              <routes>
                <route to="in1">
                  <actions>
                    <action arg="2365" type="swap"/>
                  </actions>
                </route>
              </routes>
            </te-group>
            <te-group>
              <routes>
                <route to="in3">
                  <actions>
                    <action arg="2365" type="swap"/>
                    <action arg="2797" type="push"/>
                  </actions>
                </route>
              </routes>
            </te-group>
            <te-group>
              <routes>
                <route to="in4">
                  <actions>
                    <action arg="2365" type="swap"/>
                    <action arg="2797" type="push"/>
                    <action arg="2800" type="push"/>
                  </actions>
                </route>
              </routes>
            </te-group>
          </te-groups>
        </destination>
        <destination from="in3" label="$2370">
          <te-groups>
            <te-group>
              <routes>
                <route to="in0">
                  <actions>
                    <action arg="2371" type="swap"/>
                  </actions>
                </route>
              </routes>
            </te-group>
          </te-groups>
        </destination>
        <destination from="in3" label="$2375">
          <te-groups>
            <te-group>
              <routes>
                <route to="in1">
                  <actions>
                    <action arg="2376" type="swap"/>
                  </actions>
                </route>
              </routes>
            </te-group>
            <te-group>
              <routes>
                <route to="in3">
                  <actions>
                    <action arg="2376" type="swap"/>
                    <action arg="2797" type="push"/>
                  </actions>
                </route>
              </routes>
            </te-group>
            <te-group>
              <routes>
                <route to="in4">
                  <actions>
                    <action arg="2376" type="swap"/>
                    <action arg="2797" type="push"/>
                    <action arg="2800" type="push"/>
                  </actions>
                </route>
              </routes>
            </te-group>
          </te-groups>
        </destination>
        <destination from="in3" label="$2381">
          <te-groups>
            <te-group>
              <routes>
                <route to="in1">
                  <actions>
                    <action arg="2382" type="swap"/>
                  </actions>
                </route>
              </routes>
            </te-group>
            <te-group>
              <routes>
                <route to="in3">
                  <actions>
                    <action arg="2382" type="swap"/>
                    <action arg="2797" type="push"/>
                  </actions>
                </route>
              </routes>
            </te-group>
            <te-group>
              <routes>
                <route to="in4">
                  <actions>
                    <action arg="2382" type="swap"/>
                    <action arg="2797" type="push"/>
                    <action arg="2800" type="push"/>
                  </actions>
                </route>
              </routes>
            </te-group>
          </te-groups>
        </destination>
        <destination from="in3" label="$2386">
          <te-groups>
            <te-group>
              <routes>
                <route to="in2">
                  <actions>
                    <action arg="2387" type="swap"/>
                  </actions>
                </route>
              </routes>
            </te-group>
          </te-groups>
        </destination>
        <destination from="in3" label="$2391">
          <te-groups>
            <te-group>
              <routes>
                <route to="in3">
                  <actions>
                    <action arg="2392" type="swap"/>
                  </actions>
                </route>
              </routes>
            </te-group>
            <te-group>
              <routes>
                <route to="in4">
                  <actions>
                    <action arg="2392" type="swap"/>
                    <action arg="2800" type="push"/>
                  </actions>
                </route>
              </routes>
            </te-group>
          </te-groups>
        </destination>
        <destination from="in3" label="$2433">
          <te-groups>
            <te-group>
              <routes>
                <route to="in1">
                  <actions>
                    <action arg="2434" type="swap"/>
                  </actions>
                </route>
              </routes>
            </te-group>
            <te-group>
              <routes>
                <route to="in3">
                  <actions>
                    <action arg="2434" type="swap"/>
                    <action arg="2797" type="push"/>
                  </actions>
                </route>
              </routes>
            </te-group>
            <te-group>
              <routes>
                <route to="in4">
                  <actions>
                    <action arg="2434" type="swap"/>
                    <action arg="2797" type="push"/>
                    <action arg="2800" type="push"/>
                  </actions>
                </route>
              </routes>
            </te-group>
          </te-groups>
        </destination>
        <destination from="in3" label="$2441">
          <te-groups>
            <te-group>
              <routes>
                <route to="in1">
                  <actions>
                    <action arg="2442" type="swap"/>
                  </actions>
                </route>
              </routes>
            </te-group>
            <te-group>
              <routes>
                <route to="in3">
                  <actions>
                    <action arg="2442" type="swap"/>
                    <action arg="2797" type="push"/>
                  </actions>
                </route>
              </routes>
            </te-group>
            <te-group>
              <routes>
                <route to="in4">
                  <actions>
                    <action arg="2442" type="swap"/>
                    <action arg="2797" type="push"/>
                    <action arg="2800" type="push"/>
                  </actions>
                </route>
              </routes>
            </te-group>
          </te-groups>
        </destination>
        <destination from="in3" label="$2464">
          <te-groups>
            <te-group>
              <routes>
                <route to="in1">
                  <actions>
                    <action arg="2465" type="swap"/>
                  </actions>
                </route>
              </routes>
            </te-group>
            <te-group>
              <routes>
                <route to="in3">
                  <actions>
                    <action arg="2465" type="swap"/>
                    <action arg="2797" type="push"/>
                  </actions>
                </route>
              </routes>
            </te-group>
            <te-group>
              <routes>
                <route to="in4">
                  <actions>
                    <action arg="2465" type="swap"/>
                    <action arg="2797" type="push"/>
                    <action arg="2800" type="push"/>
                  </actions>
                </route>
              </routes>
            </te-group>
          </te-groups>
        </destination>
        <destination from="in3" label="$2471">
          <te-groups>
            <te-group>
              <routes>
                <route to="in1">
                  <actions>
                    <action arg="2472" type="swap"/>
                  </actions>
                </route>
              </routes>
            </te-group>
            <te-group>
              <routes>
                <route to="in3">
                  <actions>
                    <action arg="2472" type="swap"/>
                    <action arg="2797" type="push"/>
                  </actions>
                </route>
              </routes>
            </te-group>
            <te-group>
              <routes>
                <route to="in4">
                  <actions>
                    <action arg="2472" type="swap"/>
                    <action arg="2797" type="push"/>
                    <action arg="2800" type="push"/>
                  </actions>
                </route>
              </routes>
            </te-group>
          </te-groups>
        </destination>
        <destination from="in3" label="$2485">
          <te-groups>
            <te-group>
              <routes>
                <route to="in0">
                  <actions>
                    <action arg="2486" type="swap"/>
                  </actions>
                </route>
              </routes>
            </te-group>
          </te-groups>
        </destination>
        <destination from="in3" label="$2498">
          <te-groups>
            <te-group>
              <routes>
                <route to="in2">
                  <actions>
                    <action arg="2499" type="swap"/>
                  </actions>
                </route>
              </routes>
            </te-group>
          </te-groups>
        </destination>
        <destination from="in3" label="$2504">
          <te-groups>
            <te-group>
              <routes>
                <route to="in3">
                  <actions>
                    <action arg="2505" type="swap"/>
                  </actions>
                </route>
              </routes>
            </te-group>
            <te-group>
              <routes>
                <route to="in4">
                  <actions>
                    <action arg="2505" type="swap"/>
                    <action arg="2800" type="push"/>
                  </actions>
                </route>
              </routes>
            </te-group>
          </te-groups>
        </destination>
        <destination from="in3" label="$2589">
          <te-groups>
            <te-group>
              <routes>
                <route to="in0">
                  <actions>
                    <action arg="2590" type="swap"/>
                  </actions>
                </route>
              </routes>
            </te-group>
          </te-groups>
        </destination>
        <destination from="in3" label="$2599">
          <te-groups>
            <te-group>
              <routes>
                <route to="in2">
                  <actions>
                    <action arg="2600" type="swap"/>
                  </actions>
                </route>
              </routes>
            </te-group>
          </te-groups>
        </destination>
        <destination from="in3" label="$2604">
          <te-groups>
            <te-group>
              <routes>
                <route to="in3">
                  <actions>
                    <action arg="2605" type="swap"/>
                  </actions>
                </route>
              </routes>
            </te-group>
            <te-group>
              <routes>
                <route to="in4">
                  <actions>
                    <action arg="2605" type="swap"/>
                    <action arg="2800" type="push"/>
                  </actions>
                </route>
              </routes>
            </te-group>
          </te-groups>
        </destination>
        <destination from="in3" label="$2613">
          <te-groups>
            <te-group>
              <routes>
                <route to="in4">
                  <actions>
                    <action arg="2614" type="swap"/>
                  </actions>
                </route>
              </routes>
            </te-group>
            <te-group>
              <routes>
                <route to="in3">
                  <actions>
                    <action arg="2614" type="swap"/>
                    <action arg="2803" type="push"/>
                  </actions>
                </route>
              </routes>
            </te-group>
          </te-groups>
        </destination>
        <destination from="in3" label="$2666">
          <te-groups>
            <te-group>
              <routes>
                <route to="in4">
                  <actions>
                    <action arg="2667" type="swap"/>
                  </actions>
                </route>
              </routes>
            </te-group>
            <te-group>
              <routes>
                <route to="in3">
                  <actions>
                    <action arg="2667" type="swap"/>
                    <action arg="2803" type="push"/>
                  </actions>
                </route>
              </routes>
            </te-group>
          </te-groups>
        </destination>
        <destination from="in3" label="$2672">
          <te-groups>
            <te-group>
              <routes>
                <route to="in4">
                  <actions>
                    <action arg="2673" type="swap"/>
                  </actions>
                </route>
              </routes>
            </te-group>
            <te-group>
              <routes>
                <route to="in3">
                  <actions>
                    <action arg="2673" type="swap"/>
                    <action arg="2803" type="push"/>
                  </actions>
                </route>
              </routes>
            </te-group>
          </te-groups>
        </destination>
        <destination from="in3" label="$2691">
          <te-groups>
            <te-group>
              <routes>
                <route to="in0">
                  <actions>
                    <action arg="2692" type="swap"/>
                  </actions>
                </route>
              </routes>
            </te-group>
          </te-groups>
        </destination>
        <destination from="in3" label="$2703">
          <te-groups>
            <te-group>
              <routes>
                <route to="in2">
                  <actions>
                    <action arg="2704" type="swap"/>
                  </actions>
                </route>
              </routes>
            </te-group>
          </te-groups>
        </destination>
        <destination from="in3" label="$2715">
          <te-groups>
            <te-group>
              <routes>
                <route to="in4">
                  <actions>
                    <action arg="2716" type="swap"/>
                  </actions>
                </route>
              </routes>
            </te-group>
            <te-group>
              <routes>
                <route to="in3">
                  <actions>
                    <action arg="2716" type="swap"/>
                    <action arg="2803" type="push"/>
                  </actions>
                </route>
              </routes>
            </te-group>
          </te-groups>
        </destination>
        <destination from="in4" label="61">
          <te-groups>
            <te-group>
              <routes>
                <route to="eg0">
                  <actions>
                    <action type="pop"/>
                  </actions>
                </route>
              </routes>
            </te-group>
          </te-groups>
        </destination>
        <destination from="in4" label="306">
          <te-groups>
            <te-group>
              <routes>
                <route to="eg0">
                  <actions>
                    <action type="pop"/>
                  </actions>
                </route>
              </routes>
            </te-group>
          </te-groups>
        </destination>
        <destination from="in4" label="418">
          <te-groups>
            <te-group>
              <routes>
                <route to="eg0">
                  <actions>
                    <action type="pop"/>
                  </actions>
                </route>
              </routes>
            </te-group>
          </te-groups>
        </destination>
        <destination from="in4" label="640">
          <te-groups>
            <te-group>
              <routes>
                <route to="eg0">
                  <actions>
                    <action type="pop"/>
                  </actions>
                </route>
              </routes>
            </te-group>
          </te-groups>
        </destination>
        <destination from="in4" label="838">
          <te-groups>
            <te-group>
              <routes>
                <route to="eg0">
                  <actions>
                    <action type="pop"/>
                  </actions>
                </route>
              </routes>
            </te-group>
          </te-groups>
        </destination>
        <destination from="in4" label="952">
          <te-groups>
            <te-group>
              <routes>
                <route to="eg0">
                  <actions>
                    <action type="pop"/>
                  </actions>
                </route>
              </routes>
            </te-group>
          </te-groups>
        </destination>
        <destination from="in4" label="1053">
          <te-groups>
            <te-group>
              <routes>
                <route to="eg0">
                  <actions>
                    <action type="pop"/>
                  </actions>
                </route>
              </routes>
            </te-group>
          </te-groups>
        </destination>
        <destination from="in4" label="1140">
          <te-groups>
            <te-group>
              <routes>
                <route to="eg0">
                  <actions>
                    <action type="pop"/>
                  </actions>
                </route>
              </routes>
            </te-group>
          </te-groups>
        </destination>
        <destination from="in4" label="1240">
          <te-groups>
            <te-group>
              <routes>
                <route to="eg0">
                  <actions>
                    <action type="pop"/>
                  </actions>
                </route>
              </routes>
            </te-group>
          </te-groups>
        </destination>
        <destination from="in4" label="1349">
          <te-groups>
            <te-group>
              <routes>
                <route to="eg0">
                  <actions>
                    <action type="pop"/>
                  </actions>
                </route>
              </routes>
            </te-group>
          </te-groups>
        </destination>
        <destination from="in4" label="1454">
          <te-groups>
            <te-group>
              <routes>
                <route to="eg0">
                  <actions>
                    <action type="pop"/>
                  </actions>
                </route>
              </routes>
            </te-group>
          </te-groups>
        </destination>
        <destination from="in4" label="1570">
          <te-groups>
            <te-group>
              <routes>
                <route to="eg0">
                  <actions>
                    <action type="pop"/>
                  </actions>
                </route>
              </routes>
            </te-group>
          </te-groups>
        </destination>
        <destination from="in4" label="1658">
          <te-groups>
            <te-group>
              <routes>
                <route to="eg0">
                  <actions>
                    <action type="pop"/>
                  </actions>
                </route>
              </routes>
            </te-group>
          </te-groups>
        </destination>
        <destination from="in4" label="1792">
          <te-groups>
            <te-group>
              <routes>
                <route to="eg0">
                  <actions>
                    <action type="pop"/>
                  </actions>
                </route>
              </routes>
            </te-group>
          </te-groups>
        </destination>
        <destination from="in4" label="1935">
          <te-groups>
            <te-group>
              <routes>
                <route to="eg0">
                  <actions>
                    <action type="pop"/>
                  </actions>
                </route>
              </routes>
            </te-group>
          </te-groups>
        </destination>
        <destination from="in4" label="2065">
          <te-groups>
            <te-group>
              <routes>
                <route to="eg0">
                  <actions>
                    <action type="pop"/>
                  </actions>
                </route>
              </routes>
            </te-group>
          </te-groups>
        </destination>
        <destination from="in4" label="2178">
          <te-groups>
            <te-group>
              <routes>
                <route to="eg0">
                  <actions>
                    <action type="pop"/>
                  </actions>
                </route>
              </routes>
            </te-group>
          </te-groups>
        </destination>
        <destination from="in4" label="2279">
          <te-groups>
            <te-group>
              <routes>
                <route to="eg0">
                  <actions>
                    <action type="pop"/>
                  </actions>
                </route>
              </routes>
            </te-group>
          </te-groups>
        </destination>
        <destination from="in4" label="2396">
          <te-groups>
            <te-group>
              <routes>
                <route to="eg0">
                  <actions>
                    <action type="pop"/>
                  </actions>
                </route>
              </routes>
            </te-group>
          </te-groups>
        </destination>
        <destination from="in4" label="2510">
          <te-groups>
            <te-group>
              <routes>
                <route to="eg0">
                  <actions>
                    <action type="pop"/>
                  </actions>
                </route>
              </routes>
            </te-group>
          </te-groups>
        </destination>
        <destination from="in4" label="2609">
          <te-groups>
            <te-group>
              <routes>
                <route to="eg0">
                  <actions>
                    <action type="pop"/>
                  </actions>
                </route>
              </routes>
            </te-group>
          </te-groups>
        </destination>
        <destination from="in4" label="2711">
          <te-groups>
            <te-group>
              <routes>
                <route to="eg0">
                  <actions>
                    <action type="pop"/>
                  </actions>
                </route>
              </routes>
            </te-group>
          </te-groups>
        </destination>
        <destination from="in4" label="2789">
          <te-groups>
            <te-group>
              <routes>
                <route to="in4">
                  <actions>
                    <action arg="2788" type="swap"/>
                  </actions>
                </route>
              </routes>
            </te-group>
          </te-groups>
        </destination>
        <destination from="in4" label="2809">
          <te-groups>
            <te-group>
              <routes>
                <route to="in3">
                  <actions>
                    <action arg="2808" type="swap"/>
                  </actions>
                </route>
              </routes>
            </te-group>
          </te-groups>
        </destination>
        <destination from="in4" label="2810">
          <te-groups>
            <te-group>
              <routes>
                <route to="in3">
                  <actions>
                    <action type="pop"/>
                  </actions>
                </route>
              </routes>
            </te-group>
          </te-groups>
        </destination>
        <destination from="in4" label="2821">
          <te-groups>
            <te-group>
              <routes>
                <route to="in1">
                  <actions>
                    <action arg="2820" type="swap"/>
                  </actions>
                </route>
              </routes>
            </te-group>
          </te-groups>
        </destination>
        <destination from="in4" label="2860">
          <te-groups>
            <te-group>
              <routes>
                <route to="in1">
                  <actions>
                    <action arg="2859" type="swap"/>
                  </actions>
                </route>
              </routes>
            </te-group>
          </te-groups>
        </destination>
        <destination from="in4" label="2871">
          <te-groups>
            <te-group>
              <routes>
                <route to="in1">
                  <actions>
                    <action arg="2870" type="swap"/>
                  </actions>
                </route>
              </routes>
            </te-group>
          </te-groups>
        </destination>
        <destination from="in4" label="2882">
          <te-groups>
            <te-group>
              <routes>
                <route to="in1">
                  <actions>
                    <action arg="2881" type="swap"/>
                  </actions>
                </route>
              </routes>
            </te-group>
          </te-groups>
        </destination>
        <destination from="in4" label="$44">
          <te-groups>
            <te-group>
              <routes>
                <route to="in0">
                  <actions>
                    <action arg="45" type="swap"/>
                  </actions>
                </route>
              </routes>
            </te-group>
          </te-groups>
        </destination>
        <destination from="in4" label="$53">
          <te-groups>
            <te-group>
              <routes>
                <route to="in2">
                  <actions>
                    <action arg="54" type="swap"/>
                  </actions>
                </route>
              </routes>
            </te-group>
          </te-groups>
        </destination>
        <destination from="in4" label="$57">
          <te-groups>
            <te-group>
              <routes>
                <route to="in3">
                  <actions>
                    <action arg="58" type="swap"/>
                  </actions>
                </route>
              </routes>
            </te-group>
            <te-group>
              <routes>
                <route to="in4">
                  <actions>
                    <action arg="58" type="swap"/>
                    <action arg="2800" type="push"/>
                  </actions>
                </route>
              </routes>
            </te-group>
          </te-groups>
        </destination>
        <destination from="in4" label="$64">
          <te-groups>
            <te-group>
              <routes>
                <route to="in4">
                  <actions>
                    <action arg="65" type="swap"/>
                  </actions>
                </route>
              </routes>
            </te-group>
          </te-groups>
        </destination>
        <destination from="in4" label="$68">
          <te-groups>
            <te-group>
              <routes>
                <route to="in3">
                  <actions>
                    <action arg="69" type="swap"/>
                  </actions>
                </route>
              </routes>
            </te-group>
            <te-group>
              <routes>
                <route to="in4">
                  <actions>
                    <action arg="69" type="swap"/>
                    <action arg="2800" type="push"/>
                  </actions>
                </route>
              </routes>
            </te-group>
          </te-groups>
        </destination>
        <destination from="in4" label="$74">
          <te-groups>
            <te-group>
              <routes>
                <route to="in3">
                  <actions>
                    <action arg="75" type="swap"/>
                  </actions>
                </route>
              </routes>
            </te-group>
            <te-group>
              <routes>
                <route to="in4">
                  <actions>
                    <action arg="75" type="swap"/>
                    <action arg="2800" type="push"/>
                  </actions>
                </route>
              </routes>
            </te-group>
          </te-groups>
        </destination>
        <destination from="in4" label="$79">
          <te-groups>
            <te-group>
              <routes>
                <route to="in3">
                  <actions>
                    <action arg="80" type="swap"/>
                  </actions>
                </route>
              </routes>
            </te-group>
            <te-group>
              <routes>
                <route to="in4">
                  <actions>
                    <action arg="80" type="swap"/>
                    <action arg="2800" type="push"/>
                  </actions>
                </route>
              </routes>
            </te-group>
          </te-groups>
        </destination>
        <destination from="in4" label="$85">
          <te-groups>
            <te-group>
              <routes>
                <route to="in3">
                  <actions>
                    <action arg="86" type="swap"/>
                  </actions>
                </route>
              </routes>
            </te-group>
            <te-group>
              <routes>
                <route to="in4">
                  <actions>
                    <action arg="86" type="swap"/>
                    <action arg="2800" type="push"/>
                  </actions>
                </route>
              </routes>
            </te-group>
          </te-groups>
        </destination>
        <destination from="in4" label="$92">
          <te-groups>
            <te-group>
              <routes>
                <route to="in3">
                  <actions>
                    <action arg="93" type="swap"/>
                  </actions>
                </route>
              </routes>
            </te-group>
            <te-group>
              <routes>
                <route to="in4">
                  <actions>
                    <action arg="93" type="swap"/>
                    <action arg="2800" type="push"/>
                  </actions>
                </route>
              </routes>
            </te-group>
          </te-groups>
        </destination>
        <destination from="in4" label="$98">
          <te-groups>
            <te-group>
              <routes>
                <route to="in3">
                  <actions>
                    <action arg="99" type="swap"/>
                  </actions>
                </route>
              </routes>
            </te-group>
            <te-group>
              <routes>
                <route to="in4">
                  <actions>
                    <action arg="99" type="swap"/>
                    <action arg="2800" type="push"/>
                  </actions>
                </route>
              </routes>
            </te-group>
          </te-groups>
        </destination>
        <destination from="in4" label="$105">
          <te-groups>
            <te-group>
              <routes>
                <route to="in3">
                  <actions>
                    <action arg="106" type="swap"/>
                  </actions>
                </route>
              </routes>
            </te-group>
            <te-group>
              <routes>
                <route to="in4">
                  <actions>
                    <action arg="106" type="swap"/>
                    <action arg="2800" type="push"/>
                  </actions>
                </route>
              </routes>
            </te-group>
          </te-groups>
        </destination>
        <destination from="in4" label="$123">
          <te-groups>
            <te-group>
              <routes>
                <route to="in3">
                  <actions>
                    <action arg="124" type="swap"/>
                  </actions>
                </route>
              </routes>
            </te-group>
            <te-group>
              <routes>
                <route to="in4">
                  <actions>
                    <action arg="124" type="swap"/>
                    <action arg="2800" type="push"/>
                  </actions>
                </route>
              </routes>
            </te-group>
          </te-groups>
        </destination>
        <destination from="in4" label="$131">
          <te-groups>
            <te-group>
              <routes>
                <route to="in3">
                  <actions>
                    <action arg="132" type="swap"/>
                  </actions>
                </route>
              </routes>
            </te-group>
            <te-group>
              <routes>
                <route to="in4">
                  <actions>
                    <action arg="132" type="swap"/>
                    <action arg="2800" type="push"/>
                  </actions>
                </route>
              </routes>
            </te-group>
          </te-groups>
        </destination>
        <destination from="in4" label="$140">
          <te-groups>
            <te-group>
              <routes>
                <route to="in4">
                  <actions>
                    <action arg="141" type="swap"/>
                  </actions>
                </route>
              </routes>
            </te-group>
          </te-groups>
        </destination>
        <destination from="in4" label="$145">
          <te-groups>
            <te-group>
              <routes>
                <route to="in4">
                  <actions>
                    <action arg="146" type="swap"/>
                  </actions>
                </route>
              </routes>
            </te-group>
          </te-groups>
        </destination>
        <destination from="in4" label="$151">
          <te-groups>
            <te-group>
              <routes>
                <route to="in4">
                  <actions>
                    <action arg="152" type="swap"/>
                  </actions>
                </route>
              </routes>
            </te-group>
          </te-groups>
        </destination>
        <destination from="in4" label="$292">
          <te-groups>
            <te-group>
              <routes>
                <route to="in0">
                  <actions>
                    <action arg="293" type="swap"/>
                  </actions>
                </route>
              </routes>
            </te-group>
          </te-groups>
        </destination>
        <destination from="in4" label="$298">
          <te-groups>
            <te-group>
              <routes>
                <route to="in2">
                  <actions>
                    <action arg="299" type="swap"/>
                  </actions>
                </route>
              </routes>
            </te-group>
          </te-groups>
        </destination>
        <destination from="in4" label="$302">
          <te-groups>
            <te-group>
              <routes>
                <route to="in3">
                  <actions>
                    <action arg="303" type="swap"/>
                  </actions>
                </route>
              </routes>
            </te-group>
            <te-group>
              <routes>
                <route to="in4">
                  <actions>
                    <action arg="303" type="swap"/>
                    <action arg="2800" type="push"/>
                  </actions>
                </route>
              </routes>
            </te-group>
          </te-groups>
        </destination>
        <destination from="in4" label="$309">
          <te-groups>
            <te-group>
              <routes>
                <route to="in4">
                  <actions>
                    <action arg="310" type="swap"/>
                  </actions>
                </route>
              </routes>
            </te-group>
          </te-groups>
        </destination>
        <destination from="in4" label="$313">
          <te-groups>
            <te-group>
              <routes>
                <route to="in3">
                  <actions>
                    <action arg="314" type="swap"/>
                  </actions>
                </route>
              </routes>
            </te-group>
            <te-group>
              <routes>
                <route to="in4">
                  <actions>
                    <action arg="314" type="swap"/>
                    <action arg="2800" type="push"/>
                  </actions>
                </route>
              </routes>
            </te-group>
          </te-groups>
        </destination>
        <destination from="in4" label="$319">
          <te-groups>
            <te-group>
              <routes>
                <route to="in3">
                  <actions>
                    <action arg="320" type="swap"/>
                  </actions>
                </route>
              </routes>
            </te-group>
            <te-group>
              <routes>
                <route to="in4">
                  <actions>
                    <action arg="320" type="swap"/>
                    <action arg="2800" type="push"/>
                  </actions>
                </route>
              </routes>
            </te-group>
          </te-groups>
        </destination>
        <destination from="in4" label="$324">
          <te-groups>
            <te-group>
              <routes>
                <route to="in3">
                  <actions>
                    <action arg="325" type="swap"/>
                  </actions>
                </route>
              </routes>
            </te-group>
            <te-group>
              <routes>
                <route to="in4">
                  <actions>
                    <action arg="325" type="swap"/>
                    <action arg="2800" type="push"/>
                  </actions>
                </route>
              </routes>
            </te-group>
          </te-groups>
        </destination>
        <destination from="in4" label="$330">
          <te-groups>
            <te-group>
              <routes>
                <route to="in3">
                  <actions>
                    <action arg="331" type="swap"/>
                  </actions>
                </route>
              </routes>
            </te-group>
            <te-group>
              <routes>
                <route to="in4">
                  <actions>
                    <action arg="331" type="swap"/>
                    <action arg="2800" type="push"/>
                  </actions>
                </route>
              </routes>
            </te-group>
          </te-groups>
        </destination>
        <destination from="in4" label="$337">
          <te-groups>
            <te-group>
              <routes>
                <route to="in3">
                  <actions>
                    <action arg="338" type="swap"/>
                  </actions>
                </route>
              </routes>
            </te-group>
            <te-group>
              <routes>
                <route to="in4">
                  <actions>
                    <action arg="338" type="swap"/>
                    <action arg="2800" type="push"/>
                  </actions>
                </route>
              </routes>
            </te-group>
          </te-groups>
        </destination>
        <destination from="in4" label="$343">
          <te-groups>
            <te-group>
              <routes>
                <route to="in3">
                  <actions>
                    <action arg="344" type="swap"/>
                  </actions>
                </route>
              </routes>
            </te-group>
            <te-group>
              <routes>
                <route to="in4">
                  <actions>
                    <action arg="344" type="swap"/>
                    <action arg="2800" type="push"/>
                  </actions>
                </route>
              </routes>
            </te-group>
          </te-groups>
        </destination>
        <destination from="in4" label="$350">
          <te-groups>
            <te-group>
              <routes>
                <route to="in3">
                  <actions>
                    <action arg="351" type="swap"/>
                  </actions>
                </route>
              </routes>
            </te-group>
            <te-group>
              <routes>
                <route to="in4">
                  <actions>
                    <action arg="351" type="swap"/>
                    <action arg="2800" type="push"/>
                  </actions>
                </route>
              </routes>
            </te-group>
          </te-groups>
        </destination>
        <destination from="in4" label="$364">
          <te-groups>
            <te-group>
              <routes>
                <route to="in3">
                  <actions>
                    <action arg="365" type="swap"/>
                  </actions>
                </route>
              </routes>
            </te-group>
            <te-group>
              <routes>
                <route to="in4">
                  <actions>
                    <action arg="365" type="swap"/>
                    <action arg="2800" type="push"/>
                  </actions>
                </route>
              </routes>
            </te-group>
          </te-groups>
        </destination>
        <destination from="in4" label="$372">
          <te-groups>
            <te-group>
              <routes>
                <route to="in3">
                  <actions>
                    <action arg="373" type="swap"/>
                  </actions>
                </route>
              </routes>
            </te-group>
            <te-group>
              <routes>
                <route to="in4">
                  <actions>
                    <action arg="373" type="swap"/>
                    <action arg="2800" type="push"/>
                  </actions>
                </route>
              </routes>
            </te-group>
          </te-groups>
        </destination>
        <destination from="in4" label="$381">
          <te-groups>
            <te-group>
              <routes>
                <route to="in4">
                  <actions>
                    <action arg="382" type="swap"/>
                  </actions>
                </route>
              </routes>
            </te-group>
          </te-groups>
        </destination>
        <destination from="in4" label="$386">
          <te-groups>
            <te-group>
              <routes>
                <route to="in4">
                  <actions>
                    <action arg="387" type="swap"/>
                  </actions>
                </route>
              </routes>
            </te-group>
          </te-groups>
        </destination>
        <destination from="in4" label="$392">
          <te-groups>
            <te-group>
              <routes>
                <route to="in4">
                  <actions>
                    <action arg="393" type="swap"/>
                  </actions>
                </route>
              </routes>
            </te-group>
          </te-groups>
        </destination>
        <destination from="in4" label="$407">
          <te-groups>
            <te-group>
              <routes>
                <route to="in0">
                  <actions>
                    <action arg="408" type="swap"/>
                  </actions>
                </route>
              </routes>
            </te-group>
          </te-groups>
        </destination>
        <destination from="in4" label="$412">
          <te-groups>
            <te-group>
              <routes>
                <route to="in2">
                  <actions>
                    <action arg="413" type="swap"/>
                  </actions>
                </route>
              </routes>
            </te-group>
          </te-groups>
        </destination>
        <destination from="in4" label="$415">
          <te-groups>
            <te-group>
              <routes>
                <route to="in3">
                  <actions>
                    <action arg="416" type="swap"/>
                  </actions>
                </route>
              </routes>
            </te-group>
            <te-group>
              <routes>
                <route to="in4">
                  <actions>
                    <action arg="416" type="swap"/>
                    <action arg="2800" type="push"/>
                  </actions>
                </route>
              </routes>
            </te-group>
          </te-groups>
        </destination>
        <destination from="in4" label="$420">
          <te-groups>
            <te-group>
              <routes>
                <route to="in4">
                  <actions>
                    <action arg="421" type="swap"/>
                  </actions>
                </route>
              </routes>
            </te-group>
          </te-groups>
        </destination>
        <destination from="in4" label="$423">
          <te-groups>
            <te-group>
              <routes>
                <route to="in3">
                  <actions>
                    <action arg="424" type="swap"/>
                  </actions>
                </route>
              </routes>
            </te-group>
            <te-group>
              <routes>
                <route to="in4">
                  <actions>
                    <action arg="424" type="swap"/>
                    <action arg="2800" type="push"/>
                  </actions>
                </route>
              </routes>
            </te-group>
          </te-groups>
        </destination>
        <destination from="in4" label="$428">
          <te-groups>
            <te-group>
              <routes>
                <route to="in3">
                  <actions>
                    <action arg="429" type="swap"/>
                  </actions>
                </route>
              </routes>
            </te-group>
            <te-group>
              <routes>
                <route to="in4">
                  <actions>
                    <action arg="429" type="swap"/>
                    <action arg="2800" type="push"/>
                  </actions>
                </route>
              </routes>
            </te-group>
          </te-groups>
        </destination>
        <destination from="in4" label="$432">
          <te-groups>
            <te-group>
              <routes>
                <route to="in3">
                  <actions>
                    <action arg="433" type="swap"/>
                  </actions>
                </route>
              </routes>
            </te-group>
            <te-group>
              <routes>
                <route to="in4">
                  <actions>
                    <action arg="433" type="swap"/>
                    <action arg="2800" type="push"/>
                  </actions>
                </route>
              </routes>
            </te-group>
          </te-groups>
        </destination>
        <destination from="in4" label="$437">
          <te-groups>
            <te-group>
              <routes>
                <route to="in3">
                  <actions>
                    <action arg="438" type="swap"/>
                  </actions>
                </route>
              </routes>
            </te-group>
            <te-group>
              <routes>
                <route to="in4">
                  <actions>
                    <action arg="438" type="swap"/>
                    <action arg="2800" type="push"/>
                  </actions>
                </route>
              </routes>
            </te-group>
          </te-groups>
        </destination>
        <destination from="in4" label="$443">
          <te-groups>
            <te-group>
              <routes>
                <route to="in3">
                  <actions>
                    <action arg="444" type="swap"/>
                  </actions>
                </route>
              </routes>
            </te-group>
            <te-group>
              <routes>
                <route to="in4">
                  <actions>
                    <action arg="444" type="swap"/>
                    <action arg="2800" type="push"/>
                  </actions>
                </route>
              </routes>
            </te-group>
          </te-groups>
        </destination>
        <destination from="in4" label="$448">
          <te-groups>
            <te-group>
              <routes>
                <route to="in3">
                  <actions>
                    <action arg="449" type="swap"/>
                  </actions>
                </route>
              </routes>
            </te-group>
            <te-group>
              <routes>
                <route to="in4">
                  <actions>
                    <action arg="449" type="swap"/>
                    <action arg="2800" type="push"/>
                  </actions>
                </route>
              </routes>
            </te-group>
          </te-groups>
        </destination>
        <destination from="in4" label="$454">
          <te-groups>
            <te-group>
              <routes>
                <route to="in3">
                  <actions>
                    <action arg="455" type="swap"/>
                  </actions>
                </route>
              </routes>
            </te-group>
            <te-group>
              <routes>
                <route to="in4">
                  <actions>
                    <action arg="455" type="swap"/>
                    <action arg="2800" type="push"/>
                  </actions>
                </route>
              </routes>
            </te-group>
          </te-groups>
        </destination>
        <destination from="in4" label="$465">
          <te-groups>
            <te-group>
              <routes>
                <route to="in3">
                  <actions>
                    <action arg="466" type="swap"/>
                  </actions>
                </route>
              </routes>
            </te-group>
            <te-group>
              <routes>
                <route to="in4">
                  <actions>
                    <action arg="466" type="swap"/>
                    <action arg="2800" type="push"/>
                  </actions>
                </route>
              </routes>
            </te-group>
          </te-groups>
        </destination>
        <destination from="in4" label="$472">
          <te-groups>
            <te-group>
              <routes>
                <route to="in3">
                  <actions>
                    <action arg="473" type="swap"/>
                  </actions>
                </route>
              </routes>
            </te-group>
            <te-group>
              <routes>
                <route to="in4">
                  <actions>
                    <action arg="473" type="swap"/>
                    <action arg="2800" type="push"/>
                  </actions>
                </route>
              </routes>
            </te-group>
          </te-groups>
        </destination>
        <destination from="in4" label="$480">
          <te-groups>
            <te-group>
              <routes>
                <route to="in4">
                  <actions>
                    <action arg="481" type="swap"/>
                  </actions>
                </route>
              </routes>
            </te-group>
          </te-groups>
        </destination>
        <destination from="in4" label="$484">
          <te-groups>
            <te-group>
              <routes>
                <route to="in4">
                  <actions>
                    <action arg="485" type="swap"/>
                  </actions>
                </route>
              </routes>
            </te-group>
          </te-groups>
        </destination>
        <destination from="in4" label="$489">
          <te-groups>
            <te-group>
              <routes>
                <route to="in4">
                  <actions>
                    <action arg="490" type="swap"/>
                  </actions>
                </route>
              </routes>
            </te-group>
          </te-groups>
        </destination>
        <destination from="in4" label="$623">
          <te-groups>
            <te-group>
              <routes>
                <route to="in1">
                  <actions>
                    <action arg="624" type="swap"/>
                  </actions>
                </route>
              </routes>
            </te-group>
            <te-group>
              <routes>
                <route to="in3">
                  <actions>
                    <action arg="624" type="swap"/>
                    <action arg="2797" type="push"/>
                  </actions>
                </route>
              </routes>
            </te-group>
            <te-group>
              <routes>
                <route to="in4">
                  <actions>
                    <action arg="624" type="swap"/>
                    <action arg="2797" type="push"/>
                    <action arg="2800" type="push"/>
                  </actions>
                </route>
              </routes>
            </te-group>
          </te-groups>
        </destination>
        <destination from="in4" label="$627">
          <te-groups>
            <te-group>
              <routes>
                <route to="in0">
                  <actions>
                    <action arg="628" type="swap"/>
                  </actions>
                </route>
              </routes>
            </te-group>
          </te-groups>
        </destination>
        <destination from="in4" label="$630">
          <te-groups>
            <te-group>
              <routes>
                <route to="in1">
                  <actions>
                    <action arg="631" type="swap"/>
                  </actions>
                </route>
              </routes>
            </te-group>
            <te-group>
              <routes>
                <route to="in3">
                  <actions>
                    <action arg="631" type="swap"/>
                    <action arg="2797" type="push"/>
                  </actions>
                </route>
              </routes>
            </te-group>
            <te-group>
              <routes>
                <route to="in4">
                  <actions>
                    <action arg="631" type="swap"/>
                    <action arg="2797" type="push"/>
                    <action arg="2800" type="push"/>
                  </actions>
                </route>
              </routes>
            </te-group>
          </te-groups>
        </destination>
        <destination from="in4" label="$634">
          <te-groups>
            <te-group>
              <routes>
                <route to="in1">
                  <actions>
                    <action arg="635" type="swap"/>
                  </actions>
                </route>
              </routes>
            </te-group>
            <te-group>
              <routes>
                <route to="in3">
                  <actions>
                    <action arg="635" type="swap"/>
                    <action arg="2797" type="push"/>
                  </actions>
                </route>
              </routes>
            </te-group>
            <te-group>
              <routes>
                <route to="in4">
                  <actions>
                    <action arg="635" type="swap"/>
                    <action arg="2797" type="push"/>
                    <action arg="2800" type="push"/>
                  </actions>
                </route>
              </routes>
            </te-group>
          </te-groups>
        </destination>
        <destination from="in4" label="$637">
          <te-groups>
            <te-group>
              <routes>
                <route to="in2">
                  <actions>
                    <action arg="638" type="swap"/>
                  </actions>
                </route>
              </routes>
            </te-group>
          </te-groups>
        </destination>
        <destination from="in4" label="$642">
          <te-groups>
            <te-group>
              <routes>
                <route to="in4">
                  <actions>
                    <action arg="643" type="swap"/>
                  </actions>
                </route>
              </routes>
            </te-group>
          </te-groups>
        </destination>
        <destination from="in4" label="$668">
          <te-groups>
            <te-group>
              <routes>
                <route to="in1">
                  <actions>
                    <action arg="669" type="swap"/>
                  </actions>
                </route>
              </routes>
            </te-group>
            <te-group>
              <routes>
                <route to="in3">
                  <actions>
                    <action arg="669" type="swap"/>
                    <action arg="2797" type="push"/>
                  </actions>
                </route>
              </routes>
            </te-group>
            <te-group>
              <routes>
                <route to="in4">
                  <actions>
                    <action arg="669" type="swap"/>
                    <action arg="2797" type="push"/>
                    <action arg="2800" type="push"/>
                  </actions>
                </route>
              </routes>
            </te-group>
          </te-groups>
        </destination>
        <destination from="in4" label="$674">
          <te-groups>
            <te-group>
              <routes>
                <route to="in1">
                  <actions>
                    <action arg="675" type="swap"/>
                  </actions>
                </route>
              </routes>
            </te-group>
            <te-group>
              <routes>
                <route to="in3">
                  <actions>
                    <action arg="675" type="swap"/>
                    <action arg="2797" type="push"/>
                  </actions>
                </route>
              </routes>
            </te-group>
            <te-group>
              <routes>
                <route to="in4">
                  <actions>
                    <action arg="675" type="swap"/>
                    <action arg="2797" type="push"/>
                    <action arg="2800" type="push"/>
                  </actions>
                </route>
              </routes>
            </te-group>
          </te-groups>
        </destination>
        <destination from="in4" label="$692">
          <te-groups>
            <te-group>
              <routes>
                <route to="in4">
                  <actions>
                    <action arg="693" type="swap"/>
                  </actions>
                </route>
              </routes>
            </te-group>
          </te-groups>
        </destination>
        <destination from="in4" label="$696">
          <te-groups>
            <te-group>
              <routes>
                <route to="in4">
                  <actions>
                    <action arg="697" type="swap"/>
                  </actions>
                </route>
              </routes>
            </te-group>
          </te-groups>
        </destination>
        <destination from="in4" label="$701">
          <te-groups>
            <te-group>
              <routes>
                <route to="in4">
                  <actions>
                    <action arg="702" type="swap"/>
                  </actions>
                </route>
              </routes>
            </te-group>
          </te-groups>
        </destination>
        <destination from="in4" label="$706">
          <te-groups>
            <te-group>
              <routes>
                <route to="in4">
                  <actions>
                    <action arg="707" type="swap"/>
                  </actions>
                </route>
              </routes>
            </te-group>
          </te-groups>
        </destination>
        <destination from="in4" label="$712">
          <te-groups>
            <te-group>
              <routes>
                <route to="in1">
                  <actions>
                    <action arg="713" type="swap"/>
                  </actions>
                </route>
              </routes>
            </te-group>
            <te-group>
              <routes>
                <route to="in3">
                  <actions>
                    <action arg="713" type="swap"/>
                    <action arg="2797" type="push"/>
                  </actions>
                </route>
              </routes>
            </te-group>
            <te-group>
              <routes>
                <route to="in4">
                  <actions>
                    <action arg="713" type="swap"/>
                    <action arg="2797" type="push"/>
                    <action arg="2800" type="push"/>
                  </actions>
                </route>
              </routes>
            </te-group>
          </te-groups>
        </destination>
        <destination from="in4" label="$717">
          <te-groups>
            <te-group>
              <routes>
                <route to="in1">
                  <actions>
                    <action arg="718" type="swap"/>
                  </actions>
                </route>
              </routes>
            </te-group>
            <te-group>
              <routes>
                <route to="in3">
                  <actions>
                    <action arg="718" type="swap"/>
                    <action arg="2797" type="push"/>
                  </actions>
                </route>
              </routes>
            </te-group>
            <te-group>
              <routes>
                <route to="in4">
                  <actions>
                    <action arg="718" type="swap"/>
                    <action arg="2797" type="push"/>
                    <action arg="2800" type="push"/>
                  </actions>
                </route>
              </routes>
            </te-group>
          </te-groups>
        </destination>
        <destination from="in4" label="$818">
          <te-groups>
            <te-group>
              <routes>
                <route to="in1">
                  <actions>
                    <action arg="819" type="swap"/>
                  </actions>
                </route>
              </routes>
            </te-group>
            <te-group>
              <routes>
                <route to="in3">
                  <actions>
                    <action arg="819" type="swap"/>
                    <action arg="2797" type="push"/>
                  </actions>
                </route>
              </routes>
            </te-group>
            <te-group>
              <routes>
                <route to="in4">
                  <actions>
                    <action arg="819" type="swap"/>
                    <action arg="2797" type="push"/>
                    <action arg="2800" type="push"/>
                  </actions>
                </route>
              </routes>
            </te-group>
          </te-groups>
        </destination>
        <destination from="in4" label="$822">
          <te-groups>
            <te-group>
              <routes>
                <route to="in0">
                  <actions>
                    <action arg="823" type="swap"/>
                  </actions>
                </route>
              </routes>
            </te-group>
          </te-groups>
        </destination>
        <destination from="in4" label="$825">
          <te-groups>
            <te-group>
              <routes>
                <route to="in1">
                  <actions>
                    <action arg="826" type="swap"/>
                  </actions>
                </route>
              </routes>
            </te-group>
            <te-group>
              <routes>
                <route to="in3">
                  <actions>
                    <action arg="826" type="swap"/>
                    <action arg="2797" type="push"/>
                  </actions>
                </route>
              </routes>
            </te-group>
            <te-group>
              <routes>
                <route to="in4">
                  <actions>
                    <action arg="826" type="swap"/>
                    <action arg="2797" type="push"/>
                    <action arg="2800" type="push"/>
                  </actions>
                </route>
              </routes>
            </te-group>
          </te-groups>
        </destination>
        <destination from="in4" label="$829">
          <te-groups>
            <te-group>
              <routes>
                <route to="in1">
                  <actions>
                    <action arg="830" type="swap"/>
                  </actions>
                </route>
              </routes>
            </te-group>
            <te-group>
              <routes>
                <route to="in3">
                  <actions>
                    <action arg="830" type="swap"/>
                    <action arg="2797" type="push"/>
                  </actions>
                </route>
              </routes>
            </te-group>
            <te-group>
              <routes>
                <route to="in4">
                  <actions>
                    <action arg="830" type="swap"/>
                    <action arg="2797" type="push"/>
                    <action arg="2800" type="push"/>
                  </actions>
                </route>
              </routes>
            </te-group>
          </te-groups>
        </destination>
        <destination from="in4" label="$832">
          <te-groups>
            <te-group>
              <routes>
                <route to="in2">
                  <actions>
                    <action arg="833" type="swap"/>
                  </actions>
                </route>
              </routes>
            </te-group>
          </te-groups>
        </destination>
        <destination from="in4" label="$835">
          <te-groups>
            <te-group>
              <routes>
                <route to="in3">
                  <actions>
                    <action arg="836" type="swap"/>
                  </actions>
                </route>
              </routes>
            </te-group>
            <te-group>
              <routes>
                <route to="in4">
                  <actions>
                    <action arg="836" type="swap"/>
                    <action arg="2800" type="push"/>
                  </actions>
                </route>
              </routes>
            </te-group>
          </te-groups>
        </destination>
        <destination from="in4" label="$840">
          <te-groups>
            <te-group>
              <routes>
                <route to="in3">
                  <actions>
                    <action arg="841" type="swap"/>
                  </actions>
                </route>
              </routes>
            </te-group>
            <te-group>
              <routes>
                <route to="in4">
                  <actions>
                    <action arg="841" type="swap"/>
                    <action arg="2800" type="push"/>
                  </actions>
                </route>
              </routes>
            </te-group>
          </te-groups>
        </destination>
        <destination from="in4" label="$845">
          <te-groups>
            <te-group>
              <routes>
                <route to="in3">
                  <actions>
                    <action arg="846" type="swap"/>
                  </actions>
                </route>
              </routes>
            </te-group>
            <te-group>
              <routes>
                <route to="in4">
                  <actions>
                    <action arg="846" type="swap"/>
                    <action arg="2800" type="push"/>
                  </actions>
                </route>
              </routes>
            </te-group>
          </te-groups>
        </destination>
        <destination from="in4" label="$849">
          <te-groups>
            <te-group>
              <routes>
                <route to="in3">
                  <actions>
                    <action arg="850" type="swap"/>
                  </actions>
                </route>
              </routes>
            </te-group>
            <te-group>
              <routes>
                <route to="in4">
                  <actions>
                    <action arg="850" type="swap"/>
                    <action arg="2800" type="push"/>
                  </actions>
                </route>
              </routes>
            </te-group>
          </te-groups>
        </destination>
        <destination from="in4" label="$854">
          <te-groups>
            <te-group>
              <routes>
                <route to="in3">
                  <actions>
                    <action arg="855" type="swap"/>
                  </actions>
                </route>
              </routes>
            </te-group>
            <te-group>
              <routes>
                <route to="in4">
                  <actions>
                    <action arg="855" type="swap"/>
                    <action arg="2800" type="push"/>
                  </actions>
                </route>
              </routes>
            </te-group>
          </te-groups>
        </destination>
        <destination from="in4" label="$860">
          <te-groups>
            <te-group>
              <routes>
                <route to="in3">
                  <actions>
                    <action arg="861" type="swap"/>
                  </actions>
                </route>
              </routes>
            </te-group>
            <te-group>
              <routes>
                <route to="in4">
                  <actions>
                    <action arg="861" type="swap"/>
                    <action arg="2800" type="push"/>
                  </actions>
                </route>
              </routes>
            </te-group>
          </te-groups>
        </destination>
        <destination from="in4" label="$865">
          <te-groups>
            <te-group>
              <routes>
                <route to="in3">
                  <actions>
                    <action arg="866" type="swap"/>
                  </actions>
                </route>
              </routes>
            </te-group>
            <te-group>
              <routes>
                <route to="in4">
                  <actions>
                    <action arg="866" type="swap"/>
                    <action arg="2800" type="push"/>
                  </actions>
                </route>
              </routes>
            </te-group>
          </te-groups>
        </destination>
        <destination from="in4" label="$871">
          <te-groups>
            <te-group>
              <routes>
                <route to="in3">
                  <actions>
                    <action arg="872" type="swap"/>
                  </actions>
                </route>
              </routes>
            </te-group>
            <te-group>
              <routes>
                <route to="in4">
                  <actions>
                    <action arg="872" type="swap"/>
                    <action arg="2800" type="push"/>
                  </actions>
                </route>
              </routes>
            </te-group>
          </te-groups>
        </destination>
        <destination from="in4" label="$877">
          <te-groups>
            <te-group>
              <routes>
                <route to="in1">
                  <actions>
                    <action arg="878" type="swap"/>
                  </actions>
                </route>
              </routes>
            </te-group>
            <te-group>
              <routes>
                <route to="in3">
                  <actions>
                    <action arg="878" type="swap"/>
                    <action arg="2797" type="push"/>
                  </actions>
                </route>
              </routes>
            </te-group>
            <te-group>
              <routes>
                <route to="in4">
                  <actions>
                    <action arg="878" type="swap"/>
                    <action arg="2797" type="push"/>
                    <action arg="2800" type="push"/>
                  </actions>
                </route>
              </routes>
            </te-group>
          </te-groups>
        </destination>
        <destination from="in4" label="$883">
          <te-groups>
            <te-group>
              <routes>
                <route to="in1">
                  <actions>
                    <action arg="884" type="swap"/>
                  </actions>
                </route>
              </routes>
            </te-group>
            <te-group>
              <routes>
                <route to="in3">
                  <actions>
                    <action arg="884" type="swap"/>
                    <action arg="2797" type="push"/>
                  </actions>
                </route>
              </routes>
            </te-group>
            <te-group>
              <routes>
                <route to="in4">
                  <actions>
                    <action arg="884" type="swap"/>
                    <action arg="2797" type="push"/>
                    <action arg="2800" type="push"/>
                  </actions>
                </route>
              </routes>
            </te-group>
          </te-groups>
        </destination>
        <destination from="in4" label="$909">
          <te-groups>
            <te-group>
              <routes>
                <route to="in1">
                  <actions>
                    <action arg="910" type="swap"/>
                  </actions>
                </route>
              </routes>
            </te-group>
            <te-group>
              <routes>
                <route to="in3">
                  <actions>
                    <action arg="910" type="swap"/>
                    <action arg="2797" type="push"/>
                  </actions>
                </route>
              </routes>
            </te-group>
            <te-group>
              <routes>
                <route to="in4">
                  <actions>
                    <action arg="910" type="swap"/>
                    <action arg="2797" type="push"/>
                    <action arg="2800" type="push"/>
                  </actions>
                </route>
              </routes>
            </te-group>
          </te-groups>
        </destination>
        <destination from="in4" label="$914">
          <te-groups>
            <te-group>
              <routes>
                <route to="in1">
                  <actions>
                    <action arg="915" type="swap"/>
                  </actions>
                </route>
              </routes>
            </te-group>
            <te-group>
              <routes>
                <route to="in3">
                  <actions>
                    <action arg="915" type="swap"/>
                    <action arg="2797" type="push"/>
                  </actions>
                </route>
              </routes>
            </te-group>
            <te-group>
              <routes>
                <route to="in4">
                  <actions>
                    <action arg="915" type="swap"/>
                    <action arg="2797" type="push"/>
                    <action arg="2800" type="push"/>
                  </actions>
                </route>
              </routes>
            </te-group>
          </te-groups>
        </destination>
        <destination from="in4" label="$922">
          <te-groups>
            <te-group>
              <routes>
                <route to="in1">
                  <actions>
                    <action arg="923" type="swap"/>
                  </actions>
                </route>
              </routes>
            </te-group>
            <te-group>
              <routes>
                <route to="in3">
                  <actions>
                    <action arg="923" type="swap"/>
                    <action arg="2797" type="push"/>
                  </actions>
                </route>
              </routes>
            </te-group>
            <te-group>
              <routes>
                <route to="in4">
                  <actions>
                    <action arg="923" type="swap"/>
                    <action arg="2797" type="push"/>
                    <action arg="2800" type="push"/>
                  </actions>
                </route>
              </routes>
            </te-group>
          </te-groups>
        </destination>
        <destination from="in4" label="$928">
          <te-groups>
            <te-group>
              <routes>
                <route to="in0">
                  <actions>
                    <action arg="929" type="swap"/>
                  </actions>
                </route>
              </routes>
            </te-group>
          </te-groups>
        </destination>
        <destination from="in4" label="$933">
          <te-groups>
            <te-group>
              <routes>
                <route to="in1">
                  <actions>
                    <action arg="934" type="swap"/>
                  </actions>
                </route>
              </routes>
            </te-group>
            <te-group>
              <routes>
                <route to="in3">
                  <actions>
                    <action arg="934" type="swap"/>
                    <action arg="2797" type="push"/>
                  </actions>
                </route>
              </routes>
            </te-group>
            <te-group>
              <routes>
                <route to="in4">
                  <actions>
                    <action arg="934" type="swap"/>
                    <action arg="2797" type="push"/>
                    <action arg="2800" type="push"/>
                  </actions>
                </route>
              </routes>
            </te-group>
          </te-groups>
        </destination>
        <destination from="in4" label="$939">
          <te-groups>
            <te-group>
              <routes>
                <route to="in1">
                  <actions>
                    <action arg="940" type="swap"/>
                  </actions>
                </route>
              </routes>
            </te-group>
            <te-group>
              <routes>
                <route to="in3">
                  <actions>
                    <action arg="940" type="swap"/>
                    <action arg="2797" type="push"/>
                  </actions>
                </route>
              </routes>
            </te-group>
            <te-group>
              <routes>
                <route to="in4">
                  <actions>
                    <action arg="940" type="swap"/>
                    <action arg="2797" type="push"/>
                    <action arg="2800" type="push"/>
                  </actions>
                </route>
              </routes>
            </te-group>
          </te-groups>
        </destination>
        <destination from="in4" label="$944">
          <te-groups>
            <te-group>
              <routes>
                <route to="in2">
                  <actions>
                    <action arg="945" type="swap"/>
                  </actions>
                </route>
              </routes>
            </te-group>
          </te-groups>
        </destination>
        <destination from="in4" label="$956">
          <te-groups>
            <te-group>
              <routes>
                <route to="in4">
                  <actions>
                    <action arg="957" type="swap"/>
                  </actions>
                </route>
              </routes>
            </te-group>
          </te-groups>
        </destination>
        <destination from="in4" label="$1032">
          <te-groups>
            <te-group>
              <routes>
                <route to="in0">
                  <actions>
                    <action arg="1033" type="swap"/>
                  </actions>
                </route>
              </routes>
            </te-group>
          </te-groups>
        </destination>
        <destination from="in4" label="$1046">
          <te-groups>
            <te-group>
              <routes>
                <route to="in2">
                  <actions>
                    <action arg="1047" type="swap"/>
                  </actions>
                </route>
              </routes>
            </te-group>
          </te-groups>
        </destination>
        <destination from="in4" label="$1110">
          <te-groups>
            <te-group>
              <routes>
                <route to="in1">
                  <actions>
                    <action arg="1111" type="swap"/>
                  </actions>
                </route>
              </routes>
            </te-group>
            <te-group>
              <routes>
                <route to="in3">
                  <actions>
                    <action arg="1111" type="swap"/>
                    <action arg="2797" type="push"/>
                  </actions>
                </route>
              </routes>
            </te-group>
            <te-group>
              <routes>
                <route to="in4">
                  <actions>
                    <action arg="1111" type="swap"/>
                    <action arg="2797" type="push"/>
                    <action arg="2800" type="push"/>
                  </actions>
                </route>
              </routes>
            </te-group>
          </te-groups>
        </destination>
        <destination from="in4" label="$1116">
          <te-groups>
            <te-group>
              <routes>
                <route to="in0">
                  <actions>
                    <action arg="1117" type="swap"/>
                  </actions>
                </route>
              </routes>
            </te-group>
          </te-groups>
        </destination>
        <destination from="in4" label="$1121">
          <te-groups>
            <te-group>
              <routes>
                <route to="in1">
                  <actions>
                    <action arg="1122" type="swap"/>
                  </actions>
                </route>
              </routes>
            </te-group>
            <te-group>
              <routes>
                <route to="in3">
                  <actions>
                    <action arg="1122" type="swap"/>
                    <action arg="2797" type="push"/>
                  </actions>
                </route>
              </routes>
            </te-group>
            <te-group>
              <routes>
                <route to="in4">
                  <actions>
                    <action arg="1122" type="swap"/>
                    <action arg="2797" type="push"/>
                    <action arg="2800" type="push"/>
                  </actions>
                </route>
              </routes>
            </te-group>
          </te-groups>
        </destination>
        <destination from="in4" label="$1127">
          <te-groups>
            <te-group>
              <routes>
                <route to="in1">
                  <actions>
                    <action arg="1128" type="swap"/>
                  </actions>
                </route>
              </routes>
            </te-group>
            <te-group>
              <routes>
                <route to="in3">
                  <actions>
                    <action arg="1128" type="swap"/>
                    <action arg="2797" type="push"/>
                  </actions>
                </route>
              </routes>
            </te-group>
            <te-group>
              <routes>
                <route to="in4">
                  <actions>
                    <action arg="1128" type="swap"/>
                    <action arg="2797" type="push"/>
                    <action arg="2800" type="push"/>
                  </actions>
                </route>
              </routes>
            </te-group>
          </te-groups>
        </destination>
        <destination from="in4" label="$1132">
          <te-groups>
            <te-group>
              <routes>
                <route to="in2">
                  <actions>
                    <action arg="1133" type="swap"/>
                  </actions>
                </route>
              </routes>
            </te-group>
          </te-groups>
        </destination>
        <destination from="in4" label="$1144">
          <te-groups>
            <te-group>
              <routes>
                <route to="in4">
                  <actions>
                    <action arg="1145" type="swap"/>
                  </actions>
                </route>
              </routes>
            </te-group>
          </te-groups>
        </destination>
        <destination from="in4" label="$1204">
          <te-groups>
            <te-group>
              <routes>
                <route to="in1">
                  <actions>
                    <action arg="1205" type="swap"/>
                  </actions>
                </route>
              </routes>
            </te-group>
            <te-group>
              <routes>
                <route to="in3">
                  <actions>
                    <action arg="1205" type="swap"/>
                    <action arg="2797" type="push"/>
                  </actions>
                </route>
              </routes>
            </te-group>
            <te-group>
              <routes>
                <route to="in4">
                  <actions>
                    <action arg="1205" type="swap"/>
                    <action arg="2797" type="push"/>
                    <action arg="2800" type="push"/>
                  </actions>
                </route>
              </routes>
            </te-group>
          </te-groups>
        </destination>
        <destination from="in4" label="$1211">
          <te-groups>
            <te-group>
              <routes>
                <route to="in0">
                  <actions>
                    <action arg="1212" type="swap"/>
                  </actions>
                </route>
              </routes>
            </te-group>
          </te-groups>
        </destination>
        <destination from="in4" label="$1217">
          <te-groups>
            <te-group>
              <routes>
                <route to="in1">
                  <actions>
                    <action arg="1218" type="swap"/>
                  </actions>
                </route>
              </routes>
            </te-group>
            <te-group>
              <routes>
                <route to="in3">
                  <actions>
                    <action arg="1218" type="swap"/>
                    <action arg="2797" type="push"/>
                  </actions>
                </route>
              </routes>
            </te-group>
            <te-group>
              <routes>
                <route to="in4">
                  <actions>
                    <action arg="1218" type="swap"/>
                    <action arg="2797" type="push"/>
                    <action arg="2800" type="push"/>
                  </actions>
                </route>
              </routes>
            </te-group>
          </te-groups>
        </destination>
        <destination from="in4" label="$1224">
          <te-groups>
            <te-group>
              <routes>
                <route to="in1">
                  <actions>
                    <action arg="1225" type="swap"/>
                  </actions>
                </route>
              </routes>
            </te-group>
            <te-group>
              <routes>
                <route to="in3">
                  <actions>
                    <action arg="1225" type="swap"/>
                    <action arg="2797" type="push"/>
                  </actions>
                </route>
              </routes>
            </te-group>
            <te-group>
              <routes>
                <route to="in4">
                  <actions>
                    <action arg="1225" type="swap"/>
                    <action arg="2797" type="push"/>
                    <action arg="2800" type="push"/>
                  </actions>
                </route>
              </routes>
            </te-group>
          </te-groups>
        </destination>
        <destination from="in4" label="$1230">
          <te-groups>
            <te-group>
              <routes>
                <route to="in2">
                  <actions>
                    <action arg="1231" type="swap"/>
                  </actions>
                </route>
              </routes>
            </te-group>
          </te-groups>
        </destination>
        <destination from="in4" label="$1245">
          <te-groups>
            <te-group>
              <routes>
                <route to="in4">
                  <actions>
                    <action arg="1246" type="swap"/>
                  </actions>
                </route>
              </routes>
            </te-group>
          </te-groups>
        </destination>
        <destination from="in4" label="$1319">
          <te-groups>
            <te-group>
              <routes>
                <route to="in1">
                  <actions>
                    <action arg="1320" type="swap"/>
                  </actions>
                </route>
              </routes>
            </te-group>
            <te-group>
              <routes>
                <route to="in3">
                  <actions>
                    <action arg="1320" type="swap"/>
                    <action arg="2797" type="push"/>
                  </actions>
                </route>
              </routes>
            </te-group>
            <te-group>
              <routes>
                <route to="in4">
                  <actions>
                    <action arg="1320" type="swap"/>
                    <action arg="2797" type="push"/>
                    <action arg="2800" type="push"/>
                  </actions>
                </route>
              </routes>
            </te-group>
          </te-groups>
        </destination>
        <destination from="in4" label="$1325">
          <te-groups>
            <te-group>
              <routes>
                <route to="in0">
                  <actions>
                    <action arg="1326" type="swap"/>
                  </actions>
                </route>
              </routes>
            </te-group>
          </te-groups>
        </destination>
        <destination from="in4" label="$1330">
          <te-groups>
            <te-group>
              <routes>
                <route to="in1">
                  <actions>
                    <action arg="1331" type="swap"/>
                  </actions>
                </route>
              </routes>
            </te-group>
            <te-group>
              <routes>
                <route to="in3">
                  <actions>
                    <action arg="1331" type="swap"/>
                    <action arg="2797" type="push"/>
                  </actions>
                </route>
              </routes>
            </te-group>
            <te-group>
              <routes>
                <route to="in4">
                  <actions>
                    <action arg="1331" type="swap"/>
                    <action arg="2797" type="push"/>
                    <action arg="2800" type="push"/>
                  </actions>
                </route>
              </routes>
            </te-group>
          </te-groups>
        </destination>
        <destination from="in4" label="$1336">
          <te-groups>
            <te-group>
              <routes>
                <route to="in1">
                  <actions>
                    <action arg="1337" type="swap"/>
                  </actions>
                </route>
              </routes>
            </te-group>
            <te-group>
              <routes>
                <route to="in3">
                  <actions>
                    <action arg="1337" type="swap"/>
                    <action arg="2797" type="push"/>
                  </actions>
                </route>
              </routes>
            </te-group>
            <te-group>
              <routes>
                <route to="in4">
                  <actions>
                    <action arg="1337" type="swap"/>
                    <action arg="2797" type="push"/>
                    <action arg="2800" type="push"/>
                  </actions>
                </route>
              </routes>
            </te-group>
          </te-groups>
        </destination>
        <destination from="in4" label="$1341">
          <te-groups>
            <te-group>
              <routes>
                <route to="in2">
                  <actions>
                    <action arg="1342" type="swap"/>
                  </actions>
                </route>
              </routes>
            </te-group>
          </te-groups>
        </destination>
        <destination from="in4" label="$1353">
          <te-groups>
            <te-group>
              <routes>
                <route to="in4">
                  <actions>
                    <action arg="1354" type="swap"/>
                  </actions>
                </route>
              </routes>
            </te-group>
          </te-groups>
        </destination>
        <destination from="in4" label="$1418">
          <te-groups>
            <te-group>
              <routes>
                <route to="in1">
                  <actions>
                    <action arg="1419" type="swap"/>
                  </actions>
                </route>
              </routes>
            </te-group>
            <te-group>
              <routes>
                <route to="in3">
                  <actions>
                    <action arg="1419" type="swap"/>
                    <action arg="2797" type="push"/>
                  </actions>
                </route>
              </routes>
            </te-group>
            <te-group>
              <routes>
                <route to="in4">
                  <actions>
                    <action arg="1419" type="swap"/>
                    <action arg="2797" type="push"/>
                    <action arg="2800" type="push"/>
                  </actions>
                </route>
              </routes>
            </te-group>
          </te-groups>
        </destination>
        <destination from="in4" label="$1425">
          <te-groups>
            <te-group>
              <routes>
                <route to="in0">
                  <actions>
                    <action arg="1426" type="swap"/>
                  </actions>
                </route>
              </routes>
            </te-group>
          </te-groups>
        </destination>
        <destination from="in4" label="$1431">
          <te-groups>
            <te-group>
              <routes>
                <route to="in1">
                  <actions>
                    <action arg="1432" type="swap"/>
                  </actions>
                </route>
              </routes>
            </te-group>
            <te-group>
              <routes>
                <route to="in3">
                  <actions>
                    <action arg="1432" type="swap"/>
                    <action arg="2797" type="push"/>
                  </actions>
                </route>
              </routes>
            </te-group>
            <te-group>
              <routes>
                <route to="in4">
                  <actions>
                    <action arg="1432" type="swap"/>
                    <action arg="2797" type="push"/>
                    <action arg="2800" type="push"/>
                  </actions>
                </route>
              </routes>
            </te-group>
          </te-groups>
        </destination>
        <destination from="in4" label="$1438">
          <te-groups>
            <te-group>
              <routes>
                <route to="in1">
                  <actions>
                    <action arg="1439" type="swap"/>
                  </actions>
                </route>
              </routes>
            </te-group>
            <te-group>
              <routes>
                <route to="in3">
                  <actions>
                    <action arg="1439" type="swap"/>
                    <action arg="2797" type="push"/>
                  </actions>
                </route>
              </routes>
            </te-group>
            <te-group>
              <routes>
                <route to="in4">
                  <actions>
                    <action arg="1439" type="swap"/>
                    <action arg="2797" type="push"/>
                    <action arg="2800" type="push"/>
                  </actions>
                </route>
              </routes>
            </te-group>
          </te-groups>
        </destination>
        <destination from="in4" label="$1444">
          <te-groups>
            <te-group>
              <routes>
                <route to="in2">
                  <actions>
                    <action arg="1445" type="swap"/>
                  </actions>
                </route>
              </routes>
            </te-group>
          </te-groups>
        </destination>
        <destination from="in4" label="$1459">
          <te-groups>
            <te-group>
              <routes>
                <route to="in4">
                  <actions>
                    <action arg="1460" type="swap"/>
                  </actions>
                </route>
              </routes>
            </te-group>
          </te-groups>
        </destination>
        <destination from="in4" label="$1534">
          <te-groups>
            <te-group>
              <routes>
                <route to="in1">
                  <actions>
                    <action arg="1535" type="swap"/>
                  </actions>
                </route>
              </routes>
            </te-group>
            <te-group>
              <routes>
                <route to="in3">
                  <actions>
                    <action arg="1535" type="swap"/>
                    <action arg="2797" type="push"/>
                  </actions>
                </route>
              </routes>
            </te-group>
            <te-group>
              <routes>
                <route to="in4">
                  <actions>
                    <action arg="1535" type="swap"/>
                    <action arg="2797" type="push"/>
                    <action arg="2800" type="push"/>
                  </actions>
                </route>
              </routes>
            </te-group>
          </te-groups>
        </destination>
        <destination from="in4" label="$1541">
          <te-groups>
            <te-group>
              <routes>
                <route to="in0">
                  <actions>
                    <action arg="1542" type="swap"/>
                  </actions>
                </route>
              </routes>
            </te-group>
          </te-groups>
        </destination>
        <destination from="in4" label="$1547">
          <te-groups>
            <te-group>
              <routes>
                <route to="in1">
                  <actions>
                    <action arg="1548" type="swap"/>
                  </actions>
                </route>
              </routes>
            </te-group>
            <te-group>
              <routes>
                <route to="in3">
                  <actions>
                    <action arg="1548" type="swap"/>
                    <action arg="2797" type="push"/>
                  </actions>
                </route>
              </routes>
            </te-group>
            <te-group>
              <routes>
                <route to="in4">
                  <actions>
                    <action arg="1548" type="swap"/>
                    <action arg="2797" type="push"/>
                    <action arg="2800" type="push"/>
                  </actions>
                </route>
              </routes>
            </te-group>
          </te-groups>
        </destination>
        <destination from="in4" label="$1554">
          <te-groups>
            <te-group>
              <routes>
                <route to="in1">
                  <actions>
                    <action arg="1555" type="swap"/>
                  </actions>
                </route>
              </routes>
            </te-group>
            <te-group>
              <routes>
                <route to="in3">
                  <actions>
                    <action arg="1555" type="swap"/>
                    <action arg="2797" type="push"/>
                  </actions>
                </route>
              </routes>
            </te-group>
            <te-group>
              <routes>
                <route to="in4">
                  <actions>
                    <action arg="1555" type="swap"/>
                    <action arg="2797" type="push"/>
                    <action arg="2800" type="push"/>
                  </actions>
                </route>
              </routes>
            </te-group>
          </te-groups>
        </destination>
        <destination from="in4" label="$1560">
          <te-groups>
            <te-group>
              <routes>
                <route to="in2">
                  <actions>
                    <action arg="1561" type="swap"/>
                  </actions>
                </route>
              </routes>
            </te-group>
          </te-groups>
        </destination>
        <destination from="in4" label="$1641">
          <te-groups>
            <te-group>
              <routes>
                <route to="in0">
                  <actions>
                    <action arg="1642" type="swap"/>
                  </actions>
                </route>
              </routes>
            </te-group>
          </te-groups>
        </destination>
        <destination from="in4" label="$1650">
          <te-groups>
            <te-group>
              <routes>
                <route to="in2">
                  <actions>
                    <action arg="1651" type="swap"/>
                  </actions>
                </route>
              </routes>
            </te-group>
          </te-groups>
        </destination>
        <destination from="in4" label="$1654">
          <te-groups>
            <te-group>
              <routes>
                <route to="in3">
                  <actions>
                    <action arg="1655" type="swap"/>
                  </actions>
                </route>
              </routes>
            </te-group>
            <te-group>
              <routes>
                <route to="in4">
                  <actions>
                    <action arg="1655" type="swap"/>
                    <action arg="2800" type="push"/>
                  </actions>
                </route>
              </routes>
            </te-group>
          </te-groups>
        </destination>
        <destination from="in4" label="$1661">
          <te-groups>
            <te-group>
              <routes>
                <route to="in4">
                  <actions>
                    <action arg="1662" type="swap"/>
                  </actions>
                </route>
              </routes>
            </te-group>
          </te-groups>
        </destination>
        <destination from="in4" label="$1665">
          <te-groups>
            <te-group>
              <routes>
                <route to="in3">
                  <actions>
                    <action arg="1666" type="swap"/>
                  </actions>
                </route>
              </routes>
            </te-group>
            <te-group>
              <routes>
                <route to="in4">
                  <actions>
                    <action arg="1666" type="swap"/>
                    <action arg="2800" type="push"/>
                  </actions>
                </route>
              </routes>
            </te-group>
          </te-groups>
        </destination>
        <destination from="in4" label="$1671">
          <te-groups>
            <te-group>
              <routes>
                <route to="in3">
                  <actions>
                    <action arg="1672" type="swap"/>
                  </actions>
                </route>
              </routes>
            </te-group>
            <te-group>
              <routes>
                <route to="in4">
                  <actions>
                    <action arg="1672" type="swap"/>
                    <action arg="2800" type="push"/>
                  </actions>
                </route>
              </routes>
            </te-group>
          </te-groups>
        </destination>
        <destination from="in4" label="$1676">
          <te-groups>
            <te-group>
              <routes>
                <route to="in3">
                  <actions>
                    <action arg="1677" type="swap"/>
                  </actions>
                </route>
              </routes>
            </te-group>
            <te-group>
              <routes>
                <route to="in4">
                  <actions>
                    <action arg="1677" type="swap"/>
                    <action arg="2800" type="push"/>
                  </actions>
                </route>
              </routes>
            </te-group>
          </te-groups>
        </destination>
        <destination from="in4" label="$1682">
          <te-groups>
            <te-group>
              <routes>
                <route to="in3">
                  <actions>
                    <action arg="1683" type="swap"/>
                  </actions>
                </route>
              </routes>
            </te-group>
            <te-group>
              <routes>
                <route to="in4">
                  <actions>
                    <action arg="1683" type="swap"/>
                    <action arg="2800" type="push"/>
                  </actions>
                </route>
              </routes>
            </te-group>
          </te-groups>
        </destination>
        <destination from="in4" label="$1689">
          <te-groups>
            <te-group>
              <routes>
                <route to="in3">
                  <actions>
                    <action arg="1690" type="swap"/>
                  </actions>
                </route>
              </routes>
            </te-group>
            <te-group>
              <routes>
                <route to="in4">
                  <actions>
                    <action arg="1690" type="swap"/>
                    <action arg="2800" type="push"/>
                  </actions>
                </route>
              </routes>
            </te-group>
          </te-groups>
        </destination>
        <destination from="in4" label="$1695">
          <te-groups>
            <te-group>
              <routes>
                <route to="in3">
                  <actions>
                    <action arg="1696" type="swap"/>
                  </actions>
                </route>
              </routes>
            </te-group>
            <te-group>
              <routes>
                <route to="in4">
                  <actions>
                    <action arg="1696" type="swap"/>
                    <action arg="2800" type="push"/>
                  </actions>
                </route>
              </routes>
            </te-group>
          </te-groups>
        </destination>
        <destination from="in4" label="$1702">
          <te-groups>
            <te-group>
              <routes>
                <route to="in3">
                  <actions>
                    <action arg="1703" type="swap"/>
                  </actions>
                </route>
              </routes>
            </te-group>
            <te-group>
              <routes>
                <route to="in4">
                  <actions>
                    <action arg="1703" type="swap"/>
                    <action arg="2800" type="push"/>
                  </actions>
                </route>
              </routes>
            </te-group>
          </te-groups>
        </destination>
        <destination from="in4" label="$1711">
          <te-groups>
            <te-group>
              <routes>
                <route to="in3">
                  <actions>
                    <action arg="1712" type="swap"/>
                  </actions>
                </route>
              </routes>
            </te-group>
            <te-group>
              <routes>
                <route to="in4">
                  <actions>
                    <action arg="1712" type="swap"/>
                    <action arg="2800" type="push"/>
                  </actions>
                </route>
              </routes>
            </te-group>
          </te-groups>
        </destination>
        <destination from="in4" label="$1719">
          <te-groups>
            <te-group>
              <routes>
                <route to="in3">
                  <actions>
                    <action arg="1720" type="swap"/>
                  </actions>
                </route>
              </routes>
            </te-group>
            <te-group>
              <routes>
                <route to="in4">
                  <actions>
                    <action arg="1720" type="swap"/>
                    <action arg="2800" type="push"/>
                  </actions>
                </route>
              </routes>
            </te-group>
          </te-groups>
        </destination>
        <destination from="in4" label="$1728">
          <te-groups>
            <te-group>
              <routes>
                <route to="in4">
                  <actions>
                    <action arg="1729" type="swap"/>
                  </actions>
                </route>
              </routes>
            </te-group>
          </te-groups>
        </destination>
        <destination from="in4" label="$1733">
          <te-groups>
            <te-group>
              <routes>
                <route to="in4">
                  <actions>
                    <action arg="1734" type="swap"/>
                  </actions>
                </route>
              </routes>
            </te-group>
          </te-groups>
        </destination>
        <destination from="in4" label="$1739">
          <te-groups>
            <te-group>
              <routes>
                <route to="in4">
                  <actions>
                    <action arg="1740" type="swap"/>
                  </actions>
                </route>
              </routes>
            </te-group>
          </te-groups>
        </destination>
        <destination from="in4" label="$1762">
          <te-groups>
            <te-group>
              <routes>
                <route to="in0">
                  <actions>
                    <action arg="1763" type="swap"/>
                  </actions>
                </route>
              </routes>
            </te-group>
          </te-groups>
        </destination>
        <destination from="in4" label="$1778">
          <te-groups>
            <te-group>
              <routes>
                <route to="in2">
                  <actions>
                    <action arg="1779" type="swap"/>
                  </actions>
                </route>
              </routes>
            </te-group>
          </te-groups>
        </destination>
        <destination from="in4" label="$1785">
          <te-groups>
            <te-group>
              <routes>
                <route to="in3">
                  <actions>
                    <action arg="1786" type="swap"/>
                  </actions>
                </route>
              </routes>
            </te-group>
            <te-group>
              <routes>
                <route to="in4">
                  <actions>
                    <action arg="1786" type="swap"/>
                    <action arg="2800" type="push"/>
                  </actions>
                </route>
              </routes>
            </te-group>
          </te-groups>
        </destination>
        <destination from="in4" label="$1798">
          <te-groups>
            <te-group>
              <routes>
                <route to="in4">
                  <actions>
                    <action arg="1799" type="swap"/>
                  </actions>
                </route>
              </routes>
            </te-group>
          </te-groups>
        </destination>
        <destination from="in4" label="$1868">
          <te-groups>
            <te-group>
              <routes>
                <route to="in4">
                  <actions>
                    <action arg="1869" type="swap"/>
                  </actions>
                </route>
              </routes>
            </te-group>
          </te-groups>
        </destination>
        <destination from="in4" label="$1876">
          <te-groups>
            <te-group>
              <routes>
                <route to="in4">
                  <actions>
                    <action arg="1877" type="swap"/>
                  </actions>
                </route>
              </routes>
            </te-group>
          </te-groups>
        </destination>
        <destination from="in4" label="$1885">
          <te-groups>
            <te-group>
              <routes>
                <route to="in4">
                  <actions>
                    <action arg="1886" type="swap"/>
                  </actions>
                </route>
              </routes>
            </te-group>
          </te-groups>
        </destination>
        <destination from="in4" label="$1903">
          <te-groups>
            <te-group>
              <routes>
                <route to="in1">
                  <actions>
                    <action arg="1904" type="swap"/>
                  </actions>
                </route>
              </routes>
            </te-group>
            <te-group>
              <routes>
                <route to="in3">
                  <actions>
                    <action arg="1904" type="swap"/>
                    <action arg="2797" type="push"/>
                  </actions>
                </route>
              </routes>
            </te-group>
            <te-group>
              <routes>
                <route to="in4">
                  <actions>
                    <action arg="1904" type="swap"/>
                    <action arg="2797" type="push"/>
                    <action arg="2800" type="push"/>
                  </actions>
                </route>
              </routes>
            </te-group>
          </te-groups>
        </destination>
        <destination from="in4" label="$1909">
          <te-groups>
            <te-group>
              <routes>
                <route to="in0">
                  <actions>
                    <action arg="1910" type="swap"/>
                  </actions>
                </route>
              </routes>
            </te-group>
          </te-groups>
        </destination>
        <destination from="in4" label="$1914">
          <te-groups>
            <te-group>
              <routes>
                <route to="in1">
                  <actions>
                    <action arg="1915" type="swap"/>
                  </actions>
                </route>
              </routes>
            </te-group>
            <te-group>
              <routes>
                <route to="in3">
                  <actions>
                    <action arg="1915" type="swap"/>
                    <action arg="2797" type="push"/>
                  </actions>
                </route>
              </routes>
            </te-group>
            <te-group>
              <routes>
                <route to="in4">
                  <actions>
                    <action arg="1915" type="swap"/>
                    <action arg="2797" type="push"/>
                    <action arg="2800" type="push"/>
                  </actions>
                </route>
              </routes>
            </te-group>
          </te-groups>
        </destination>
        <destination from="in4" label="$1920">
          <te-groups>
            <te-group>
              <routes>
                <route to="in1">
                  <actions>
                    <action arg="1921" type="swap"/>
                  </actions>
                </route>
              </routes>
            </te-group>
            <te-group>
              <routes>
                <route to="in3">
                  <actions>
                    <action arg="1921" type="swap"/>
                    <action arg="2797" type="push"/>
                  </actions>
                </route>
              </routes>
            </te-group>
            <te-group>
              <routes>
                <route to="in4">
                  <actions>
                    <action arg="1921" type="swap"/>
                    <action arg="2797" type="push"/>
                    <action arg="2800" type="push"/>
                  </actions>
                </route>
              </routes>
            </te-group>
          </te-groups>
        </destination>
        <destination from="in4" label="$1925">
          <te-groups>
            <te-group>
              <routes>
                <route to="in2">
                  <actions>
                    <action arg="1926" type="swap"/>
                  </actions>
                </route>
              </routes>
            </te-group>
          </te-groups>
        </destination>
        <destination from="in4" label="$1968">
          <te-groups>
            <te-group>
              <routes>
                <route to="in1">
                  <actions>
                    <action arg="1969" type="swap"/>
                  </actions>
                </route>
              </routes>
            </te-group>
            <te-group>
              <routes>
                <route to="in3">
                  <actions>
                    <action arg="1969" type="swap"/>
                    <action arg="2797" type="push"/>
                  </actions>
                </route>
              </routes>
            </te-group>
            <te-group>
              <routes>
                <route to="in4">
                  <actions>
                    <action arg="1969" type="swap"/>
                    <action arg="2797" type="push"/>
                    <action arg="2800" type="push"/>
                  </actions>
                </route>
              </routes>
            </te-group>
          </te-groups>
        </destination>
        <destination from="in4" label="$1976">
          <te-groups>
            <te-group>
              <routes>
                <route to="in1">
                  <actions>
                    <action arg="1977" type="swap"/>
                  </actions>
                </route>
              </routes>
            </te-group>
            <te-group>
              <routes>
                <route to="in3">
                  <actions>
                    <action arg="1977" type="swap"/>
                    <action arg="2797" type="push"/>
                  </actions>
                </route>
              </routes>
            </te-group>
            <te-group>
              <routes>
                <route to="in4">
                  <actions>
                    <action arg="1977" type="swap"/>
                    <action arg="2797" type="push"/>
                    <action arg="2800" type="push"/>
                  </actions>
                </route>
              </routes>
            </te-group>
          </te-groups>
        </destination>
        <destination from="in4" label="$1999">
          <te-groups>
            <te-group>
              <routes>
                <route to="in1">
                  <actions>
                    <action arg="2000" type="swap"/>
                  </actions>
                </route>
              </routes>
            </te-group>
            <te-group>
              <routes>
                <route to="in3">
                  <actions>
                    <action arg="2000" type="swap"/>
                    <action arg="2797" type="push"/>
                  </actions>
                </route>
              </routes>
            </te-group>
            <te-group>
              <routes>
                <route to="in4">
                  <actions>
                    <action arg="2000" type="swap"/>
                    <action arg="2797" type="push"/>
                    <action arg="2800" type="push"/>
                  </actions>
                </route>
              </routes>
            </te-group>
          </te-groups>
        </destination>
        <destination from="in4" label="$2006">
          <te-groups>
            <te-group>
              <routes>
                <route to="in1">
                  <actions>
                    <action arg="2007" type="swap"/>
                  </actions>
                </route>
              </routes>
            </te-group>
            <te-group>
              <routes>
                <route to="in3">
                  <actions>
                    <action arg="2007" type="swap"/>
                    <action arg="2797" type="push"/>
                  </actions>
                </route>
              </routes>
            </te-group>
            <te-group>
              <routes>
                <route to="in4">
                  <actions>
                    <action arg="2007" type="swap"/>
                    <action arg="2797" type="push"/>
                    <action arg="2800" type="push"/>
                  </actions>
                </route>
              </routes>
            </te-group>
          </te-groups>
        </destination>
        <destination from="in4" label="$2017">
          <te-groups>
            <te-group>
              <routes>
                <route to="in1">
                  <actions>
                    <action arg="2018" type="swap"/>
                  </actions>
                </route>
              </routes>
            </te-group>
            <te-group>
              <routes>
                <route to="in3">
                  <actions>
                    <action arg="2018" type="swap"/>
                    <action arg="2797" type="push"/>
                  </actions>
                </route>
              </routes>
            </te-group>
            <te-group>
              <routes>
                <route to="in4">
                  <actions>
                    <action arg="2018" type="swap"/>
                    <action arg="2797" type="push"/>
                    <action arg="2800" type="push"/>
                  </actions>
                </route>
              </routes>
            </te-group>
          </te-groups>
        </destination>
        <destination from="in4" label="$2026">
          <te-groups>
            <te-group>
              <routes>
                <route to="in0">
                  <actions>
                    <action arg="2027" type="swap"/>
                  </actions>
                </route>
              </routes>
            </te-group>
          </te-groups>
        </destination>
        <destination from="in4" label="$2034">
          <te-groups>
            <te-group>
              <routes>
                <route to="in1">
                  <actions>
                    <action arg="2035" type="swap"/>
                  </actions>
                </route>
              </routes>
            </te-group>
            <te-group>
              <routes>
                <route to="in3">
                  <actions>
                    <action arg="2035" type="swap"/>
                    <action arg="2797" type="push"/>
                  </actions>
                </route>
              </routes>
            </te-group>
            <te-group>
              <routes>
                <route to="in4">
                  <actions>
                    <action arg="2035" type="swap"/>
                    <action arg="2797" type="push"/>
                    <action arg="2800" type="push"/>
                  </actions>
                </route>
              </routes>
            </te-group>
          </te-groups>
        </destination>
        <destination from="in4" label="$2043">
          <te-groups>
            <te-group>
              <routes>
                <route to="in1">
                  <actions>
                    <action arg="2044" type="swap"/>
                  </actions>
                </route>
              </routes>
            </te-group>
            <te-group>
              <routes>
                <route to="in3">
                  <actions>
                    <action arg="2044" type="swap"/>
                    <action arg="2797" type="push"/>
                  </actions>
                </route>
              </routes>
            </te-group>
            <te-group>
              <routes>
                <route to="in4">
                  <actions>
                    <action arg="2044" type="swap"/>
                    <action arg="2797" type="push"/>
                    <action arg="2800" type="push"/>
                  </actions>
                </route>
              </routes>
            </te-group>
          </te-groups>
        </destination>
        <destination from="in4" label="$2051">
          <te-groups>
            <te-group>
              <routes>
                <route to="in2">
                  <actions>
                    <action arg="2052" type="swap"/>
                  </actions>
                </route>
              </routes>
            </te-group>
          </te-groups>
        </destination>
        <destination from="in4" label="$2153">
          <te-groups>
            <te-group>
              <routes>
                <route to="in1">
                  <actions>
                    <action arg="2154" type="swap"/>
                  </actions>
                </route>
              </routes>
            </te-group>
            <te-group>
              <routes>
                <route to="in3">
                  <actions>
                    <action arg="2154" type="swap"/>
                    <action arg="2797" type="push"/>
                  </actions>
                </route>
              </routes>
            </te-group>
            <te-group>
              <routes>
                <route to="in4">
                  <actions>
                    <action arg="2154" type="swap"/>
                    <action arg="2797" type="push"/>
                    <action arg="2800" type="push"/>
                  </actions>
                </route>
              </routes>
            </te-group>
          </te-groups>
        </destination>
        <destination from="in4" label="$2158">
          <te-groups>
            <te-group>
              <routes>
                <route to="in0">
                  <actions>
                    <action arg="2159" type="swap"/>
                  </actions>
                </route>
              </routes>
            </te-group>
          </te-groups>
        </destination>
        <destination from="in4" label="$2162">
          <te-groups>
            <te-group>
              <routes>
                <route to="in1">
                  <actions>
                    <action arg="2163" type="swap"/>
                  </actions>
                </route>
              </routes>
            </te-group>
            <te-group>
              <routes>
                <route to="in3">
                  <actions>
                    <action arg="2163" type="swap"/>
                    <action arg="2797" type="push"/>
                  </actions>
                </route>
              </routes>
            </te-group>
            <te-group>
              <routes>
                <route to="in4">
                  <actions>
                    <action arg="2163" type="swap"/>
                    <action arg="2797" type="push"/>
                    <action arg="2800" type="push"/>
                  </actions>
                </route>
              </routes>
            </te-group>
          </te-groups>
        </destination>
        <destination from="in4" label="$2167">
          <te-groups>
            <te-group>
              <routes>
                <route to="in1">
                  <actions>
                    <action arg="2168" type="swap"/>
                  </actions>
                </route>
              </routes>
            </te-group>
            <te-group>
              <routes>
                <route to="in3">
                  <actions>
                    <action arg="2168" type="swap"/>
                    <action arg="2797" type="push"/>
                  </actions>
                </route>
              </routes>
            </te-group>
            <te-group>
              <routes>
                <route to="in4">
                  <actions>
                    <action arg="2168" type="swap"/>
                    <action arg="2797" type="push"/>
                    <action arg="2800" type="push"/>
                  </actions>
                </route>
              </routes>
            </te-group>
          </te-groups>
        </destination>
        <destination from="in4" label="$2171">
          <te-groups>
            <te-group>
              <routes>
                <route to="in2">
                  <actions>
                    <action arg="2172" type="swap"/>
                  </actions>
                </route>
              </routes>
            </te-group>
          </te-groups>
        </destination>
        <destination from="in4" label="$2206">
          <te-groups>
            <te-group>
              <routes>
                <route to="in1">
                  <actions>
                    <action arg="2207" type="swap"/>
                  </actions>
                </route>
              </routes>
            </te-group>
            <te-group>
              <routes>
                <route to="in3">
                  <actions>
                    <action arg="2207" type="swap"/>
                    <action arg="2797" type="push"/>
                  </actions>
                </route>
              </routes>
            </te-group>
            <te-group>
              <routes>
                <route to="in4">
                  <actions>
                    <action arg="2207" type="swap"/>
                    <action arg="2797" type="push"/>
                    <action arg="2800" type="push"/>
                  </actions>
                </route>
              </routes>
            </te-group>
          </te-groups>
        </destination>
        <destination from="in4" label="$2213">
          <te-groups>
            <te-group>
              <routes>
                <route to="in1">
                  <actions>
                    <action arg="2214" type="swap"/>
                  </actions>
                </route>
              </routes>
            </te-group>
            <te-group>
              <routes>
                <route to="in3">
                  <actions>
                    <action arg="2214" type="swap"/>
                    <action arg="2797" type="push"/>
                  </actions>
                </route>
              </routes>
            </te-group>
            <te-group>
              <routes>
                <route to="in4">
                  <actions>
                    <action arg="2214" type="swap"/>
                    <action arg="2797" type="push"/>
                    <action arg="2800" type="push"/>
                  </actions>
                </route>
              </routes>
            </te-group>
          </te-groups>
        </destination>
        <destination from="in4" label="$2233">
          <te-groups>
            <te-group>
              <routes>
                <route to="in1">
                  <actions>
                    <action arg="2234" type="swap"/>
                  </actions>
                </route>
              </routes>
            </te-group>
            <te-group>
              <routes>
                <route to="in3">
                  <actions>
                    <action arg="2234" type="swap"/>
                    <action arg="2797" type="push"/>
                  </actions>
                </route>
              </routes>
            </te-group>
            <te-group>
              <routes>
                <route to="in4">
                  <actions>
                    <action arg="2234" type="swap"/>
                    <action arg="2797" type="push"/>
                    <action arg="2800" type="push"/>
                  </actions>
                </route>
              </routes>
            </te-group>
          </te-groups>
        </destination>
        <destination from="in4" label="$2239">
          <te-groups>
            <te-group>
              <routes>
                <route to="in1">
                  <actions>
                    <action arg="2240" type="swap"/>
                  </actions>
                </route>
              </routes>
            </te-group>
            <te-group>
              <routes>
                <route to="in3">
                  <actions>
                    <action arg="2240" type="swap"/>
                    <action arg="2797" type="push"/>
                  </actions>
                </route>
              </routes>
            </te-group>
            <te-group>
              <routes>
                <route to="in4">
                  <actions>
                    <action arg="2240" type="swap"/>
                    <action arg="2797" type="push"/>
                    <action arg="2800" type="push"/>
                  </actions>
                </route>
              </routes>
            </te-group>
          </te-groups>
        </destination>
        <destination from="in4" label="$2247">
          <te-groups>
            <te-group>
              <routes>
                <route to="in1">
                  <actions>
                    <action arg="2248" type="swap"/>
                  </actions>
                </route>
              </routes>
            </te-group>
            <te-group>
              <routes>
                <route to="in3">
                  <actions>
                    <action arg="2248" type="swap"/>
                    <action arg="2797" type="push"/>
                  </actions>
                </route>
              </routes>
            </te-group>
            <te-group>
              <routes>
                <route to="in4">
                  <actions>
                    <action arg="2248" type="swap"/>
                    <action arg="2797" type="push"/>
                    <action arg="2800" type="push"/>
                  </actions>
                </route>
              </routes>
            </te-group>
          </te-groups>
        </destination>
        <destination from="in4" label="$2253">
          <te-groups>
            <te-group>
              <routes>
                <route to="in0">
                  <actions>
                    <action arg="2254" type="swap"/>
                  </actions>
                </route>
              </routes>
            </te-group>
          </te-groups>
        </destination>
        <destination from="in4" label="$2258">
          <te-groups>
            <te-group>
              <routes>
                <route to="in1">
                  <actions>
                    <action arg="2259" type="swap"/>
                  </actions>
                </route>
              </routes>
            </te-group>
            <te-group>
              <routes>
                <route to="in3">
                  <actions>
                    <action arg="2259" type="swap"/>
                    <action arg="2797" type="push"/>
                  </actions>
                </route>
              </routes>
            </te-group>
            <te-group>
              <routes>
                <route to="in4">
                  <actions>
                    <action arg="2259" type="swap"/>
                    <action arg="2797" type="push"/>
                    <action arg="2800" type="push"/>
                  </actions>
                </route>
              </routes>
            </te-group>
          </te-groups>
        </destination>
        <destination from="in4" label="$2264">
          <te-groups>
            <te-group>
              <routes>
                <route to="in1">
                  <actions>
                    <action arg="2265" type="swap"/>
                  </actions>
                </route>
              </routes>
            </te-group>
            <te-group>
              <routes>
                <route to="in3">
                  <actions>
                    <action arg="2265" type="swap"/>
                    <action arg="2797" type="push"/>
                  </actions>
                </route>
              </routes>
            </te-group>
            <te-group>
              <routes>
                <route to="in4">
                  <actions>
                    <action arg="2265" type="swap"/>
                    <action arg="2797" type="push"/>
                    <action arg="2800" type="push"/>
                  </actions>
                </route>
              </routes>
            </te-group>
          </te-groups>
        </destination>
        <destination from="in4" label="$2269">
          <te-groups>
            <te-group>
              <routes>
                <route to="in2">
                  <actions>
                    <action arg="2270" type="swap"/>
                  </actions>
                </route>
              </routes>
            </te-group>
          </te-groups>
        </destination>
        <destination from="in4" label="$2274">
          <te-groups>
            <te-group>
              <routes>
                <route to="in3">
                  <actions>
                    <action arg="2275" type="swap"/>
                  </actions>
                </route>
              </routes>
            </te-group>
            <te-group>
              <routes>
                <route to="in4">
                  <actions>
                    <action arg="2275" type="swap"/>
                    <action arg="2800" type="push"/>
                  </actions>
                </route>
              </routes>
            </te-group>
          </te-groups>
        </destination>
        <destination from="in4" label="$2316">
          <te-groups>
            <te-group>
              <routes>
                <route to="in1">
                  <actions>
                    <action arg="2317" type="swap"/>
                  </actions>
                </route>
              </routes>
            </te-group>
            <te-group>
              <routes>
                <route to="in3">
                  <actions>
                    <action arg="2317" type="swap"/>
                    <action arg="2797" type="push"/>
                  </actions>
                </route>
              </routes>
            </te-group>
            <te-group>
              <routes>
                <route to="in4">
                  <actions>
                    <action arg="2317" type="swap"/>
                    <action arg="2797" type="push"/>
                    <action arg="2800" type="push"/>
                  </actions>
                </route>
              </routes>
            </te-group>
          </te-groups>
        </destination>
        <destination from="in4" label="$2324">
          <te-groups>
            <te-group>
              <routes>
                <route to="in1">
                  <actions>
                    <action arg="2325" type="swap"/>
                  </actions>
                </route>
              </routes>
            </te-group>
            <te-group>
              <routes>
                <route to="in3">
                  <actions>
                    <action arg="2325" type="swap"/>
                    <action arg="2797" type="push"/>
                  </actions>
                </route>
              </routes>
            </te-group>
            <te-group>
              <routes>
                <route to="in4">
                  <actions>
                    <action arg="2325" type="swap"/>
                    <action arg="2797" type="push"/>
                    <action arg="2800" type="push"/>
                  </actions>
                </route>
              </routes>
            </te-group>
          </te-groups>
        </destination>
        <destination from="in4" label="$2349">
          <te-groups>
            <te-group>
              <routes>
                <route to="in1">
                  <actions>
                    <action arg="2350" type="swap"/>
                  </actions>
                </route>
              </routes>
            </te-group>
            <te-group>
              <routes>
                <route to="in3">
                  <actions>
                    <action arg="2350" type="swap"/>
                    <action arg="2797" type="push"/>
                  </actions>
                </route>
              </routes>
            </te-group>
            <te-group>
              <routes>
                <route to="in4">
                  <actions>
                    <action arg="2350" type="swap"/>
                    <action arg="2797" type="push"/>
                    <action arg="2800" type="push"/>
                  </actions>
                </route>
              </routes>
            </te-group>
          </te-groups>
        </destination>
        <destination from="in4" label="$2356">
          <te-groups>
            <te-group>
              <routes>
                <route to="in1">
                  <actions>
                    <action arg="2357" type="swap"/>
                  </actions>
                </route>
              </routes>
            </te-group>
            <te-group>
              <routes>
                <route to="in3">
                  <actions>
                    <action arg="2357" type="swap"/>
                    <action arg="2797" type="push"/>
                  </actions>
                </route>
              </routes>
            </te-group>
            <te-group>
              <routes>
                <route to="in4">
                  <actions>
                    <action arg="2357" type="swap"/>
                    <action arg="2797" type="push"/>
                    <action arg="2800" type="push"/>
                  </actions>
                </route>
              </routes>
            </te-group>
          </te-groups>
        </destination>
        <destination from="in4" label="$2364">
          <te-groups>
            <te-group>
              <routes>
                <route to="in1">
                  <actions>
                    <action arg="2365" type="swap"/>
                  </actions>
                </route>
              </routes>
            </te-group>
            <te-group>
              <routes>
                <route to="in3">
                  <actions>
                    <action arg="2365" type="swap"/>
                    <action arg="2797" type="push"/>
                  </actions>
                </route>
              </routes>
            </te-group>
            <te-group>
              <routes>
                <route to="in4">
                  <actions>
                    <action arg="2365" type="swap"/>
                    <action arg="2797" type="push"/>
                    <action arg="2800" type="push"/>
                  </actions>
                </route>
              </routes>
            </te-group>
          </te-groups>
        </destination>
        <destination from="in4" label="$2370">
          <te-groups>
            <te-group>
              <routes>
                <route to="in0">
                  <actions>
                    <action arg="2371" type="swap"/>
                  </actions>
                </route>
              </routes>
            </te-group>
          </te-groups>
        </destination>
        <destination from="in4" label="$2375">
          <te-groups>
            <te-group>
              <routes>
                <route to="in1">
                  <actions>
                    <action arg="2376" type="swap"/>
                  </actions>
                </route>
              </routes>
            </te-group>
            <te-group>
              <routes>
                <route to="in3">
                  <actions>
                    <action arg="2376" type="swap"/>
                    <action arg="2797" type="push"/>
                  </actions>
                </route>
              </routes>
            </te-group>
            <te-group>
              <routes>
                <route to="in4">
                  <actions>
                    <action arg="2376" type="swap"/>
                    <action arg="2797" type="push"/>
                    <action arg="2800" type="push"/>
                  </actions>
                </route>
              </routes>
            </te-group>
          </te-groups>
        </destination>
        <destination from="in4" label="$2381">
          <te-groups>
            <te-group>
              <routes>
                <route to="in1">
                  <actions>
                    <action arg="2382" type="swap"/>
                  </actions>
                </route>
              </routes>
            </te-group>
            <te-group>
              <routes>
                <route to="in3">
                  <actions>
                    <action arg="2382" type="swap"/>
                    <action arg="2797" type="push"/>
                  </actions>
                </route>
              </routes>
            </te-group>
            <te-group>
              <routes>
                <route to="in4">
                  <actions>
                    <action arg="2382" type="swap"/>
                    <action arg="2797" type="push"/>
                    <action arg="2800" type="push"/>
                  </actions>
                </route>
              </routes>
            </te-group>
          </te-groups>
        </destination>
        <destination from="in4" label="$2386">
          <te-groups>
            <te-group>
              <routes>
                <route to="in2">
                  <actions>
                    <action arg="2387" type="swap"/>
                  </actions>
                </route>
              </routes>
            </te-group>
          </te-groups>
        </destination>
        <destination from="in4" label="$2391">
          <te-groups>
            <te-group>
              <routes>
                <route to="in3">
                  <actions>
                    <action arg="2392" type="swap"/>
                  </actions>
                </route>
              </routes>
            </te-group>
            <te-group>
              <routes>
                <route to="in4">
                  <actions>
                    <action arg="2392" type="swap"/>
                    <action arg="2800" type="push"/>
                  </actions>
                </route>
              </routes>
            </te-group>
          </te-groups>
        </destination>
        <destination from="in4" label="$2433">
          <te-groups>
            <te-group>
              <routes>
                <route to="in1">
                  <actions>
                    <action arg="2434" type="swap"/>
                  </actions>
                </route>
              </routes>
            </te-group>
            <te-group>
              <routes>
                <route to="in3">
                  <actions>
                    <action arg="2434" type="swap"/>
                    <action arg="2797" type="push"/>
                  </actions>
                </route>
              </routes>
            </te-group>
            <te-group>
              <routes>
                <route to="in4">
                  <actions>
                    <action arg="2434" type="swap"/>
                    <action arg="2797" type="push"/>
                    <action arg="2800" type="push"/>
                  </actions>
                </route>
              </routes>
            </te-group>
          </te-groups>
        </destination>
        <destination from="in4" label="$2441">
          <te-groups>
            <te-group>
              <routes>
                <route to="in1">
                  <actions>
                    <action arg="2442" type="swap"/>
                  </actions>
                </route>
              </routes>
            </te-group>
            <te-group>
              <routes>
                <route to="in3">
                  <actions>
                    <action arg="2442" type="swap"/>
                    <action arg="2797" type="push"/>
                  </actions>
                </route>
              </routes>
            </te-group>
            <te-group>
              <routes>
                <route to="in4">
                  <actions>
                    <action arg="2442" type="swap"/>
                    <action arg="2797" type="push"/>
                    <action arg="2800" type="push"/>
                  </actions>
                </route>
              </routes>
            </te-group>
          </te-groups>
        </destination>
        <destination from="in4" label="$2464">
          <te-groups>
            <te-group>
              <routes>
                <route to="in1">
                  <actions>
                    <action arg="2465" type="swap"/>
                  </actions>
                </route>
              </routes>
            </te-group>
            <te-group>
              <routes>
                <route to="in3">
                  <actions>
                    <action arg="2465" type="swap"/>
                    <action arg="2797" type="push"/>
                  </actions>
                </route>
              </routes>
            </te-group>
            <te-group>
              <routes>
                <route to="in4">
                  <actions>
                    <action arg="2465" type="swap"/>
                    <action arg="2797" type="push"/>
                    <action arg="2800" type="push"/>
                  </actions>
                </route>
              </routes>
            </te-group>
          </te-groups>
        </destination>
        <destination from="in4" label="$2471">
          <te-groups>
            <te-group>
              <routes>
                <route to="in1">
                  <actions>
                    <action arg="2472" type="swap"/>
                  </actions>
                </route>
              </routes>
            </te-group>
            <te-group>
              <routes>
                <route to="in3">
                  <actions>
                    <action arg="2472" type="swap"/>
                    <action arg="2797" type="push"/>
                  </actions>
                </route>
              </routes>
            </te-group>
            <te-group>
              <routes>
                <route to="in4">
                  <actions>
                    <action arg="2472" type="swap"/>
                    <action arg="2797" type="push"/>
                    <action arg="2800" type="push"/>
                  </actions>
                </route>
              </routes>
            </te-group>
          </te-groups>
        </destination>
        <destination from="in4" label="$2485">
          <te-groups>
            <te-group>
              <routes>
                <route to="in0">
                  <actions>
                    <action arg="2486" type="swap"/>
                  </actions>
                </route>
              </routes>
            </te-group>
          </te-groups>
        </destination>
        <destination from="in4" label="$2498">
          <te-groups>
            <te-group>
              <routes>
                <route to="in2">
                  <actions>
                    <action arg="2499" type="swap"/>
                  </actions>
                </route>
              </routes>
            </te-group>
          </te-groups>
        </destination>
        <destination from="in4" label="$2504">
          <te-groups>
            <te-group>
              <routes>
                <route to="in3">
                  <actions>
                    <action arg="2505" type="swap"/>
                  </actions>
                </route>
              </routes>
            </te-group>
            <te-group>
              <routes>
                <route to="in4">
                  <actions>
                    <action arg="2505" type="swap"/>
                    <action arg="2800" type="push"/>
                  </actions>
                </route>
              </routes>
            </te-group>
          </te-groups>
        </destination>
        <destination from="in4" label="$2589">
          <te-groups>
            <te-group>
              <routes>
                <route to="in0">
                  <actions>
                    <action arg="2590" type="swap"/>
                  </actions>
                </route>
              </routes>
            </te-group>
          </te-groups>
        </destination>
        <destination from="in4" label="$2599">
          <te-groups>
            <te-group>
              <routes>
                <route to="in2">
                  <actions>
                    <action arg="2600" type="swap"/>
                  </actions>
                </route>
              </routes>
            </te-group>
          </te-groups>
        </destination>
        <destination from="in4" label="$2604">
          <te-groups>
            <te-group>
              <routes>
                <route to="in3">
                  <actions>
                    <action arg="2605" type="swap"/>
                  </actions>
                </route>
              </routes>
            </te-group>
            <te-group>
              <routes>
                <route to="in4">
                  <actions>
                    <action arg="2605" type="swap"/>
                    <action arg="2800" type="push"/>
                  </actions>
                </route>
              </routes>
            </te-group>
          </te-groups>
        </destination>
        <destination from="in4" label="$2613">
          <te-groups>
            <te-group>
              <routes>
                <route to="in4">
                  <actions>
                    <action arg="2614" type="swap"/>
                  </actions>
                </route>
              </routes>
            </te-group>
          </te-groups>
        </destination>
        <destination from="in4" label="$2666">
          <te-groups>
            <te-group>
              <routes>
                <route to="in4">
                  <actions>
                    <action arg="2667" type="swap"/>
                  </actions>
                </route>
              </routes>
            </te-group>
          </te-groups>
        </destination>
        <destination from="in4" label="$2672">
          <te-groups>
            <te-group>
              <routes>
                <route to="in4">
                  <actions>
                    <action arg="2673" type="swap"/>
                  </actions>
                </route>
              </routes>
            </te-group>
          </te-groups>
        </destination>
        <destination from="in4" label="$2691">
          <te-groups>
            <te-group>
              <routes>
                <route to="in0">
                  <actions>
                    <action arg="2692" type="swap"/>
                  </actions>
                </route>
              </routes>
            </te-group>
          </te-groups>
        </destination>
        <destination from="in4" label="$2703">
          <te-groups>
            <te-group>
              <routes>
                <route to="in2">
                  <actions>
                    <action arg="2704" type="swap"/>
                  </actions>
                </route>
              </routes>
            </te-group>
          </te-groups>
        </destination>
        <destination from="in4" label="$2715">
          <te-groups>
            <te-group>
              <routes>
                <route to="in4">
                  <actions>
                    <action arg="2716" type="swap"/>
                  </actions>
                </route>
              </routes>
            </te-group>
          </te-groups>
        </destination>
      </destinations>
    </routing>
    <routing for="St_Louis">
      <destinations>
        <destination from="eg0" ip="ip">
          <te-groups>
            <te-group>
              <routes>
                <route to="in0">
                  <actions>
                    <action arg="822" type="push"/>
                  </actions>
                </route>
                <route to="in0">
                  <actions>
                    <action arg="818" type="push"/>
                  </actions>
                </route>
                <route to="in0">
                  <actions>
                    <action arg="914" type="push"/>
                  </actions>
                </route>
                <route to="in0">
                  <actions>
                    <action arg="909" type="push"/>
                  </actions>
                </route>
                <route to="in1">
                  <actions>
                    <action arg="905" type="push"/>
                  </actions>
                </route>
                <route to="in1">
                  <actions>
                    <action arg="902" type="push"/>
                  </actions>
                </route>
                <route to="in1">
                  <actions>
                    <action arg="899" type="push"/>
                  </actions>
                </route>
                <route to="in1">
                  <actions>
                    <action arg="897" type="push"/>
                  </actions>
                </route>
                <route to="in1">
                  <actions>
                    <action arg="893" type="push"/>
                  </actions>
                </route>
                <route to="in1">
                  <actions>
                    <action arg="890" type="push"/>
                  </actions>
                </route>
                <route to="in0">
                  <actions>
                    <action arg="883" type="push"/>
                  </actions>
                </route>
                <route to="in0">
                  <actions>
                    <action arg="877" type="push"/>
                  </actions>
                </route>
                <route to="in0">
                  <actions>
                    <action arg="871" type="push"/>
                  </actions>
                </route>
                <route to="in0">
                  <actions>
                    <action arg="860" type="push"/>
                  </actions>
                </route>
                <route to="in0">
                  <actions>
                    <action arg="865" type="push"/>
                  </actions>
                </route>
                <route to="in0">
                  <actions>
                    <action arg="825" type="push"/>
                  </actions>
                </route>
                <route to="in0">
                  <actions>
                    <action arg="829" type="push"/>
                  </actions>
                </route>
                <route to="in0">
                  <actions>
                    <action arg="832" type="push"/>
                  </actions>
                </route>
                <route to="in0">
                  <actions>
                    <action arg="835" type="push"/>
                  </actions>
                </route>
                <route to="in0">
                  <actions>
                    <action arg="838" type="push"/>
                  </actions>
                </route>
                <route to="in0">
                  <actions>
                    <action arg="840" type="push"/>
                  </actions>
                </route>
                <route to="in0">
                  <actions>
                    <action arg="845" type="push"/>
                  </actions>
                </route>
                <route to="in0">
                  <actions>
                    <action arg="849" type="push"/>
                  </actions>
                </route>
                <route to="in0">
                  <actions>
                    <action arg="854" type="push"/>
                  </actions>
                </route>
              </routes>
            </te-group>
            <te-group>
              <routes>
                <route to="in1">
                  <actions>
                    <action arg="871" type="push"/>
                    <action arg="2806" type="push"/>
                  </actions>
                </route>
                <route to="in1">
                  <actions>
                    <action arg="877" type="push"/>
                    <action arg="2806" type="push"/>
                  </actions>
                </route>
                <route to="in1">
                  <actions>
                    <action arg="849" type="push"/>
                    <action arg="2806" type="push"/>
                  </actions>
                </route>
                <route to="in1">
                  <actions>
                    <action arg="883" type="push"/>
                    <action arg="2806" type="push"/>
                  </actions>
                </route>
                <route to="in1">
                  <actions>
                    <action arg="909" type="push"/>
                    <action arg="2806" type="push"/>
                  </actions>
                </route>
                <route to="in1">
                  <actions>
                    <action arg="914" type="push"/>
                    <action arg="2806" type="push"/>
                  </actions>
                </route>
                <route to="in0">
                  <actions>
                    <action arg="890" type="push"/>
                    <action arg="2809" type="push"/>
                  </actions>
                </route>
                <route to="in0">
                  <actions>
                    <action arg="893" type="push"/>
                    <action arg="2809" type="push"/>
                  </actions>
                </route>
                <route to="in0">
                  <actions>
                    <action arg="897" type="push"/>
                    <action arg="2809" type="push"/>
                  </actions>
                </route>
                <route to="in0">
                  <actions>
                    <action arg="899" type="push"/>
                    <action arg="2809" type="push"/>
                  </actions>
                </route>
                <route to="in0">
                  <actions>
                    <action arg="902" type="push"/>
                    <action arg="2809" type="push"/>
                  </actions>
                </route>
                <route to="in0">
                  <actions>
                    <action arg="905" type="push"/>
                    <action arg="2809" type="push"/>
                  </actions>
                </route>
                <route to="in1">
                  <actions>
                    <action arg="860" type="push"/>
                    <action arg="2806" type="push"/>
                  </actions>
                </route>
                <route to="in1">
                  <actions>
                    <action arg="865" type="push"/>
                    <action arg="2806" type="push"/>
                  </actions>
                </route>
                <route to="in1">
                  <actions>
                    <action arg="818" type="push"/>
                    <action arg="2806" type="push"/>
                  </actions>
                </route>
                <route to="in1">
                  <actions>
                    <action arg="822" type="push"/>
                    <action arg="2806" type="push"/>
                  </actions>
                </route>
                <route to="in1">
                  <actions>
                    <action arg="825" type="push"/>
                    <action arg="2806" type="push"/>
                  </actions>
                </route>
                <route to="in1">
                  <actions>
                    <action arg="829" type="push"/>
                    <action arg="2806" type="push"/>
                  </actions>
                </route>
                <route to="in1">
                  <actions>
                    <action arg="832" type="push"/>
                    <action arg="2806" type="push"/>
                  </actions>
                </route>
                <route to="in1">
                  <actions>
                    <action arg="835" type="push"/>
                    <action arg="2806" type="push"/>
                  </actions>
                </route>
                <route to="in1">
                  <actions>
                    <action arg="838" type="push"/>
                    <action arg="2806" type="push"/>
                  </actions>
                </route>
                <route to="in1">
                  <actions>
                    <action arg="840" type="push"/>
                    <action arg="2806" type="push"/>
                  </actions>
                </route>
                <route to="in1">
                  <actions>
                    <action arg="845" type="push"/>
                    <action arg="2806" type="push"/>
                  </actions>
                </route>
                <route to="in1">
                  <actions>
                    <action arg="854" type="push"/>
                    <action arg="2806" type="push"/>
                  </actions>
                </route>
              </routes>
            </te-group>
            <te-group>
              <routes>
                <route to="in0">
                  <actions>
                    <action arg="914" type="push"/>
                    <action arg="2806" type="push"/>
                    <action arg="2809" type="push"/>
                  </actions>
                </route>
                <route to="in0">
                  <actions>
                    <action arg="909" type="push"/>
                    <action arg="2806" type="push"/>
                    <action arg="2809" type="push"/>
                  </actions>
                </route>
                <route to="in0">
                  <actions>
                    <action arg="883" type="push"/>
                    <action arg="2806" type="push"/>
                    <action arg="2809" type="push"/>
                  </actions>
                </route>
                <route to="in0">
                  <actions>
                    <action arg="877" type="push"/>
                    <action arg="2806" type="push"/>
                    <action arg="2809" type="push"/>
                  </actions>
                </route>
                <route to="in0">
                  <actions>
                    <action arg="871" type="push"/>
                    <action arg="2806" type="push"/>
                    <action arg="2809" type="push"/>
                  </actions>
                </route>
                <route to="in0">
                  <actions>
                    <action arg="865" type="push"/>
                    <action arg="2806" type="push"/>
                    <action arg="2809" type="push"/>
                  </actions>
                </route>
                <route to="in0">
                  <actions>
                    <action arg="860" type="push"/>
                    <action arg="2806" type="push"/>
                    <action arg="2809" type="push"/>
                  </actions>
                </route>
                <route to="in0">
                  <actions>
                    <action arg="854" type="push"/>
                    <action arg="2806" type="push"/>
                    <action arg="2809" type="push"/>
                  </actions>
                </route>
                <route to="in0">
                  <actions>
                    <action arg="849" type="push"/>
                    <action arg="2806" type="push"/>
                    <action arg="2809" type="push"/>
                  </actions>
                </route>
                <route to="in0">
                  <actions>
                    <action arg="845" type="push"/>
                    <action arg="2806" type="push"/>
                    <action arg="2809" type="push"/>
                  </actions>
                </route>
                <route to="in0">
                  <actions>
                    <action arg="840" type="push"/>
                    <action arg="2806" type="push"/>
                    <action arg="2809" type="push"/>
                  </actions>
                </route>
                <route to="in0">
                  <actions>
                    <action arg="838" type="push"/>
                    <action arg="2806" type="push"/>
                    <action arg="2809" type="push"/>
                  </actions>
                </route>
                <route to="in0">
                  <actions>
                    <action arg="835" type="push"/>
                    <action arg="2806" type="push"/>
                    <action arg="2809" type="push"/>
                  </actions>
                </route>
                <route to="in0">
                  <actions>
                    <action arg="832" type="push"/>
                    <action arg="2806" type="push"/>
                    <action arg="2809" type="push"/>
                  </actions>
                </route>
                <route to="in0">
                  <actions>
                    <action arg="829" type="push"/>
                    <action arg="2806" type="push"/>
                    <action arg="2809" type="push"/>
                  </actions>
                </route>
                <route to="in0">
                  <actions>
                    <action arg="825" type="push"/>
                    <action arg="2806" type="push"/>
                    <action arg="2809" type="push"/>
                  </actions>
                </route>
                <route to="in0">
                  <actions>
                    <action arg="822" type="push"/>
                    <action arg="2806" type="push"/>
                    <action arg="2809" type="push"/>
                  </actions>
                </route>
                <route to="in0">
                  <actions>
                    <action arg="818" type="push"/>
                    <action arg="2806" type="push"/>
                    <action arg="2809" type="push"/>
                  </actions>
                </route>
              </routes>
            </te-group>
          </te-groups>
        </destination>
        <destination from="in0" label="65">
          <te-groups>
            <te-group>
              <routes>
                <route to="eg0">
                  <actions>
                    <action type="pop"/>
                  </actions>
                </route>
              </routes>
            </te-group>
          </te-groups>
        </destination>
        <destination from="in0" label="190">
          <te-groups>
            <te-group>
              <routes>
                <route to="eg0">
                  <actions>
                    <action type="pop"/>
                  </actions>
                </route>
              </routes>
            </te-group>
          </te-groups>
        </destination>
        <destination from="in0" label="310">
          <te-groups>
            <te-group>
              <routes>
                <route to="eg0">
                  <actions>
                    <action type="pop"/>
                  </actions>
                </route>
              </routes>
            </te-group>
          </te-groups>
        </destination>
        <destination from="in0" label="421">
          <te-groups>
            <te-group>
              <routes>
                <route to="eg0">
                  <actions>
                    <action type="pop"/>
                  </actions>
                </route>
              </routes>
            </te-group>
          </te-groups>
        </destination>
        <destination from="in0" label="525">
          <te-groups>
            <te-group>
              <routes>
                <route to="eg0">
                  <actions>
                    <action type="pop"/>
                  </actions>
                </route>
              </routes>
            </te-group>
          </te-groups>
        </destination>
        <destination from="in0" label="643">
          <te-groups>
            <te-group>
              <routes>
                <route to="eg0">
                  <actions>
                    <action type="pop"/>
                  </actions>
                </route>
              </routes>
            </te-group>
          </te-groups>
        </destination>
        <destination from="in0" label="737">
          <te-groups>
            <te-group>
              <routes>
                <route to="eg0">
                  <actions>
                    <action type="pop"/>
                  </actions>
                </route>
              </routes>
            </te-group>
          </te-groups>
        </destination>
        <destination from="in0" label="957">
          <te-groups>
            <te-group>
              <routes>
                <route to="eg0">
                  <actions>
                    <action type="pop"/>
                  </actions>
                </route>
              </routes>
            </te-group>
          </te-groups>
        </destination>
        <destination from="in0" label="1056">
          <te-groups>
            <te-group>
              <routes>
                <route to="eg0">
                  <actions>
                    <action type="pop"/>
                  </actions>
                </route>
              </routes>
            </te-group>
          </te-groups>
        </destination>
        <destination from="in0" label="1145">
          <te-groups>
            <te-group>
              <routes>
                <route to="eg0">
                  <actions>
                    <action type="pop"/>
                  </actions>
                </route>
              </routes>
            </te-group>
          </te-groups>
        </destination>
        <destination from="in0" label="1246">
          <te-groups>
            <te-group>
              <routes>
                <route to="eg0">
                  <actions>
                    <action type="pop"/>
                  </actions>
                </route>
              </routes>
            </te-group>
          </te-groups>
        </destination>
        <destination from="in0" label="1354">
          <te-groups>
            <te-group>
              <routes>
                <route to="eg0">
                  <actions>
                    <action type="pop"/>
                  </actions>
                </route>
              </routes>
            </te-group>
          </te-groups>
        </destination>
        <destination from="in0" label="1460">
          <te-groups>
            <te-group>
              <routes>
                <route to="eg0">
                  <actions>
                    <action type="pop"/>
                  </actions>
                </route>
              </routes>
            </te-group>
          </te-groups>
        </destination>
        <destination from="in0" label="1574">
          <te-groups>
            <te-group>
              <routes>
                <route to="eg0">
                  <actions>
                    <action type="pop"/>
                  </actions>
                </route>
              </routes>
            </te-group>
          </te-groups>
        </destination>
        <destination from="in0" label="1662">
          <te-groups>
            <te-group>
              <routes>
                <route to="eg0">
                  <actions>
                    <action type="pop"/>
                  </actions>
                </route>
              </routes>
            </te-group>
          </te-groups>
        </destination>
        <destination from="in0" label="1799">
          <te-groups>
            <te-group>
              <routes>
                <route to="eg0">
                  <actions>
                    <action type="pop"/>
                  </actions>
                </route>
              </routes>
            </te-group>
          </te-groups>
        </destination>
        <destination from="in0" label="1938">
          <te-groups>
            <te-group>
              <routes>
                <route to="eg0">
                  <actions>
                    <action type="pop"/>
                  </actions>
                </route>
              </routes>
            </te-group>
          </te-groups>
        </destination>
        <destination from="in0" label="2069">
          <te-groups>
            <te-group>
              <routes>
                <route to="eg0">
                  <actions>
                    <action type="pop"/>
                  </actions>
                </route>
              </routes>
            </te-group>
          </te-groups>
        </destination>
        <destination from="in0" label="2180">
          <te-groups>
            <te-group>
              <routes>
                <route to="eg0">
                  <actions>
                    <action type="pop"/>
                  </actions>
                </route>
              </routes>
            </te-group>
          </te-groups>
        </destination>
        <destination from="in0" label="2282">
          <te-groups>
            <te-group>
              <routes>
                <route to="eg0">
                  <actions>
                    <action type="pop"/>
                  </actions>
                </route>
              </routes>
            </te-group>
          </te-groups>
        </destination>
        <destination from="in0" label="2399">
          <te-groups>
            <te-group>
              <routes>
                <route to="eg0">
                  <actions>
                    <action type="pop"/>
                  </actions>
                </route>
              </routes>
            </te-group>
          </te-groups>
        </destination>
        <destination from="in0" label="2514">
          <te-groups>
            <te-group>
              <routes>
                <route to="eg0">
                  <actions>
                    <action type="pop"/>
                  </actions>
                </route>
              </routes>
            </te-group>
          </te-groups>
        </destination>
        <destination from="in0" label="2614">
          <te-groups>
            <te-group>
              <routes>
                <route to="eg0">
                  <actions>
                    <action type="pop"/>
                  </actions>
                </route>
              </routes>
            </te-group>
          </te-groups>
        </destination>
        <destination from="in0" label="2716">
          <te-groups>
            <te-group>
              <routes>
                <route to="eg0">
                  <actions>
                    <action type="pop"/>
                  </actions>
                </route>
              </routes>
            </te-group>
          </te-groups>
        </destination>
        <destination from="in0" label="2788">
          <te-groups>
            <te-group>
              <routes>
                <route to="in1">
                  <actions>
                    <action arg="2787" type="swap"/>
                  </actions>
                </route>
              </routes>
            </te-group>
            <te-group>
              <routes>
                <route to="in0">
                  <actions>
                    <action arg="2787" type="swap"/>
                    <action arg="2809" type="push"/>
                  </actions>
                </route>
              </routes>
            </te-group>
          </te-groups>
        </destination>
        <destination from="in0" label="2790">
          <te-groups>
            <te-group>
              <routes>
                <route to="in0">
                  <actions>
                    <action type="pop"/>
                  </actions>
                </route>
              </routes>
            </te-group>
            <te-group>
              <routes>
                <route to="in1">
                  <actions>
                    <action arg="2806" type="swap"/>
                  </actions>
                </route>
              </routes>
            </te-group>
          </te-groups>
        </destination>
        <destination from="in0" label="2800">
          <te-groups>
            <te-group>
              <routes>
                <route to="in1">
                  <actions>
                    <action arg="2799" type="swap"/>
                  </actions>
                </route>
              </routes>
            </te-group>
            <te-group>
              <routes>
                <route to="in0">
                  <actions>
                    <action arg="2799" type="swap"/>
                    <action arg="2809" type="push"/>
                  </actions>
                </route>
              </routes>
            </te-group>
          </te-groups>
        </destination>
        <destination from="in0" label="2811">
          <te-groups>
            <te-group>
              <routes>
                <route to="in0">
                  <actions>
                    <action arg="2810" type="swap"/>
                  </actions>
                </route>
              </routes>
            </te-group>
          </te-groups>
        </destination>
        <destination from="in0" label="2815">
          <te-groups>
            <te-group>
              <routes>
                <route to="in1">
                  <actions>
                    <action type="pop"/>
                  </actions>
                </route>
              </routes>
            </te-group>
          </te-groups>
        </destination>
        <destination from="in0" label="2822">
          <te-groups>
            <te-group>
              <routes>
                <route to="in0">
                  <actions>
                    <action arg="2821" type="swap"/>
                  </actions>
                </route>
              </routes>
            </te-group>
          </te-groups>
        </destination>
        <destination from="in0" label="2862">
          <te-groups>
            <te-group>
              <routes>
                <route to="in1">
                  <actions>
                    <action type="pop"/>
                  </actions>
                </route>
              </routes>
            </te-group>
          </te-groups>
        </destination>
        <destination from="in0" label="2875">
          <te-groups>
            <te-group>
              <routes>
                <route to="in1">
                  <actions>
                    <action arg="2874" type="swap"/>
                  </actions>
                </route>
              </routes>
            </te-group>
          </te-groups>
        </destination>
        <destination from="in0" label="2892">
          <te-groups>
            <te-group>
              <routes>
                <route to="in1">
                  <actions>
                    <action arg="2891" type="swap"/>
                  </actions>
                </route>
              </routes>
            </te-group>
          </te-groups>
        </destination>
        <destination from="in0" label="$141">
          <te-groups>
            <te-group>
              <routes>
                <route to="in1">
                  <actions>
                    <action arg="142" type="swap"/>
                  </actions>
                </route>
              </routes>
            </te-group>
            <te-group>
              <routes>
                <route to="in0">
                  <actions>
                    <action arg="142" type="swap"/>
                    <action arg="2809" type="push"/>
                  </actions>
                </route>
              </routes>
            </te-group>
          </te-groups>
        </destination>
        <destination from="in0" label="$146">
          <te-groups>
            <te-group>
              <routes>
                <route to="in1">
                  <actions>
                    <action arg="147" type="swap"/>
                  </actions>
                </route>
              </routes>
            </te-group>
            <te-group>
              <routes>
                <route to="in0">
                  <actions>
                    <action arg="147" type="swap"/>
                    <action arg="2809" type="push"/>
                  </actions>
                </route>
              </routes>
            </te-group>
          </te-groups>
        </destination>
        <destination from="in0" label="$152">
          <te-groups>
            <te-group>
              <routes>
                <route to="in1">
                  <actions>
                    <action arg="153" type="swap"/>
                  </actions>
                </route>
              </routes>
            </te-group>
            <te-group>
              <routes>
                <route to="in0">
                  <actions>
                    <action arg="153" type="swap"/>
                    <action arg="2809" type="push"/>
                  </actions>
                </route>
              </routes>
            </te-group>
          </te-groups>
        </destination>
        <destination from="in0" label="$258">
          <te-groups>
            <te-group>
              <routes>
                <route to="in1">
                  <actions>
                    <action arg="259" type="swap"/>
                  </actions>
                </route>
              </routes>
            </te-group>
            <te-group>
              <routes>
                <route to="in0">
                  <actions>
                    <action arg="259" type="swap"/>
                    <action arg="2809" type="push"/>
                  </actions>
                </route>
              </routes>
            </te-group>
          </te-groups>
        </destination>
        <destination from="in0" label="$262">
          <te-groups>
            <te-group>
              <routes>
                <route to="in1">
                  <actions>
                    <action arg="263" type="swap"/>
                  </actions>
                </route>
              </routes>
            </te-group>
            <te-group>
              <routes>
                <route to="in0">
                  <actions>
                    <action arg="263" type="swap"/>
                    <action arg="2809" type="push"/>
                  </actions>
                </route>
              </routes>
            </te-group>
          </te-groups>
        </destination>
        <destination from="in0" label="$267">
          <te-groups>
            <te-group>
              <routes>
                <route to="in1">
                  <actions>
                    <action arg="268" type="swap"/>
                  </actions>
                </route>
              </routes>
            </te-group>
            <te-group>
              <routes>
                <route to="in0">
                  <actions>
                    <action arg="268" type="swap"/>
                    <action arg="2809" type="push"/>
                  </actions>
                </route>
              </routes>
            </te-group>
          </te-groups>
        </destination>
        <destination from="in0" label="$272">
          <te-groups>
            <te-group>
              <routes>
                <route to="in1">
                  <actions>
                    <action arg="273" type="swap"/>
                  </actions>
                </route>
              </routes>
            </te-group>
            <te-group>
              <routes>
                <route to="in0">
                  <actions>
                    <action arg="273" type="swap"/>
                    <action arg="2809" type="push"/>
                  </actions>
                </route>
              </routes>
            </te-group>
          </te-groups>
        </destination>
        <destination from="in0" label="$382">
          <te-groups>
            <te-group>
              <routes>
                <route to="in1">
                  <actions>
                    <action arg="383" type="swap"/>
                  </actions>
                </route>
              </routes>
            </te-group>
            <te-group>
              <routes>
                <route to="in0">
                  <actions>
                    <action arg="383" type="swap"/>
                    <action arg="2809" type="push"/>
                  </actions>
                </route>
              </routes>
            </te-group>
          </te-groups>
        </destination>
        <destination from="in0" label="$387">
          <te-groups>
            <te-group>
              <routes>
                <route to="in1">
                  <actions>
                    <action arg="388" type="swap"/>
                  </actions>
                </route>
              </routes>
            </te-group>
            <te-group>
              <routes>
                <route to="in0">
                  <actions>
                    <action arg="388" type="swap"/>
                    <action arg="2809" type="push"/>
                  </actions>
                </route>
              </routes>
            </te-group>
          </te-groups>
        </destination>
        <destination from="in0" label="$393">
          <te-groups>
            <te-group>
              <routes>
                <route to="in1">
                  <actions>
                    <action arg="394" type="swap"/>
                  </actions>
                </route>
              </routes>
            </te-group>
            <te-group>
              <routes>
                <route to="in0">
                  <actions>
                    <action arg="394" type="swap"/>
                    <action arg="2809" type="push"/>
                  </actions>
                </route>
              </routes>
            </te-group>
          </te-groups>
        </destination>
        <destination from="in0" label="$481">
          <te-groups>
            <te-group>
              <routes>
                <route to="in1">
                  <actions>
                    <action arg="482" type="swap"/>
                  </actions>
                </route>
              </routes>
            </te-group>
            <te-group>
              <routes>
                <route to="in0">
                  <actions>
                    <action arg="482" type="swap"/>
                    <action arg="2809" type="push"/>
                  </actions>
                </route>
              </routes>
            </te-group>
          </te-groups>
        </destination>
        <destination from="in0" label="$485">
          <te-groups>
            <te-group>
              <routes>
                <route to="in1">
                  <actions>
                    <action arg="486" type="swap"/>
                  </actions>
                </route>
              </routes>
            </te-group>
            <te-group>
              <routes>
                <route to="in0">
                  <actions>
                    <action arg="486" type="swap"/>
                    <action arg="2809" type="push"/>
                  </actions>
                </route>
              </routes>
            </te-group>
          </te-groups>
        </destination>
        <destination from="in0" label="$490">
          <te-groups>
            <te-group>
              <routes>
                <route to="in1">
                  <actions>
                    <action arg="491" type="swap"/>
                  </actions>
                </route>
              </routes>
            </te-group>
            <te-group>
              <routes>
                <route to="in0">
                  <actions>
                    <action arg="491" type="swap"/>
                    <action arg="2809" type="push"/>
                  </actions>
                </route>
              </routes>
            </te-group>
          </te-groups>
        </destination>
        <destination from="in0" label="$593">
          <te-groups>
            <te-group>
              <routes>
                <route to="in1">
                  <actions>
                    <action arg="594" type="swap"/>
                  </actions>
                </route>
              </routes>
            </te-group>
            <te-group>
              <routes>
                <route to="in0">
                  <actions>
                    <action arg="594" type="swap"/>
                    <action arg="2809" type="push"/>
                  </actions>
                </route>
              </routes>
            </te-group>
          </te-groups>
        </destination>
        <destination from="in0" label="$597">
          <te-groups>
            <te-group>
              <routes>
                <route to="in1">
                  <actions>
                    <action arg="598" type="swap"/>
                  </actions>
                </route>
              </routes>
            </te-group>
            <te-group>
              <routes>
                <route to="in0">
                  <actions>
                    <action arg="598" type="swap"/>
                    <action arg="2809" type="push"/>
                  </actions>
                </route>
              </routes>
            </te-group>
          </te-groups>
        </destination>
        <destination from="in0" label="$602">
          <te-groups>
            <te-group>
              <routes>
                <route to="in1">
                  <actions>
                    <action arg="603" type="swap"/>
                  </actions>
                </route>
              </routes>
            </te-group>
            <te-group>
              <routes>
                <route to="in0">
                  <actions>
                    <action arg="603" type="swap"/>
                    <action arg="2809" type="push"/>
                  </actions>
                </route>
              </routes>
            </te-group>
          </te-groups>
        </destination>
        <destination from="in0" label="$607">
          <te-groups>
            <te-group>
              <routes>
                <route to="in1">
                  <actions>
                    <action arg="608" type="swap"/>
                  </actions>
                </route>
              </routes>
            </te-group>
            <te-group>
              <routes>
                <route to="in0">
                  <actions>
                    <action arg="608" type="swap"/>
                    <action arg="2809" type="push"/>
                  </actions>
                </route>
              </routes>
            </te-group>
          </te-groups>
        </destination>
        <destination from="in0" label="$693">
          <te-groups>
            <te-group>
              <routes>
                <route to="in1">
                  <actions>
                    <action arg="694" type="swap"/>
                  </actions>
                </route>
              </routes>
            </te-group>
            <te-group>
              <routes>
                <route to="in0">
                  <actions>
                    <action arg="694" type="swap"/>
                    <action arg="2809" type="push"/>
                  </actions>
                </route>
              </routes>
            </te-group>
          </te-groups>
        </destination>
        <destination from="in0" label="$697">
          <te-groups>
            <te-group>
              <routes>
                <route to="in1">
                  <actions>
                    <action arg="698" type="swap"/>
                  </actions>
                </route>
              </routes>
            </te-group>
            <te-group>
              <routes>
                <route to="in0">
                  <actions>
                    <action arg="698" type="swap"/>
                    <action arg="2809" type="push"/>
                  </actions>
                </route>
              </routes>
            </te-group>
          </te-groups>
        </destination>
        <destination from="in0" label="$702">
          <te-groups>
            <te-group>
              <routes>
                <route to="in1">
                  <actions>
                    <action arg="703" type="swap"/>
                  </actions>
                </route>
              </routes>
            </te-group>
            <te-group>
              <routes>
                <route to="in0">
                  <actions>
                    <action arg="703" type="swap"/>
                    <action arg="2809" type="push"/>
                  </actions>
                </route>
              </routes>
            </te-group>
          </te-groups>
        </destination>
        <destination from="in0" label="$707">
          <te-groups>
            <te-group>
              <routes>
                <route to="in1">
                  <actions>
                    <action arg="708" type="swap"/>
                  </actions>
                </route>
              </routes>
            </te-group>
            <te-group>
              <routes>
                <route to="in0">
                  <actions>
                    <action arg="708" type="swap"/>
                    <action arg="2809" type="push"/>
                  </actions>
                </route>
              </routes>
            </te-group>
          </te-groups>
        </destination>
        <destination from="in0" label="$793">
          <te-groups>
            <te-group>
              <routes>
                <route to="in1">
                  <actions>
                    <action arg="794" type="swap"/>
                  </actions>
                </route>
              </routes>
            </te-group>
            <te-group>
              <routes>
                <route to="in0">
                  <actions>
                    <action arg="794" type="swap"/>
                    <action arg="2809" type="push"/>
                  </actions>
                </route>
              </routes>
            </te-group>
          </te-groups>
        </destination>
        <destination from="in0" label="$796">
          <te-groups>
            <te-group>
              <routes>
                <route to="in1">
                  <actions>
                    <action arg="797" type="swap"/>
                  </actions>
                </route>
              </routes>
            </te-group>
            <te-group>
              <routes>
                <route to="in0">
                  <actions>
                    <action arg="797" type="swap"/>
                    <action arg="2809" type="push"/>
                  </actions>
                </route>
              </routes>
            </te-group>
          </te-groups>
        </destination>
        <destination from="in0" label="$800">
          <te-groups>
            <te-group>
              <routes>
                <route to="in1">
                  <actions>
                    <action arg="801" type="swap"/>
                  </actions>
                </route>
              </routes>
            </te-group>
            <te-group>
              <routes>
                <route to="in0">
                  <actions>
                    <action arg="801" type="swap"/>
                    <action arg="2809" type="push"/>
                  </actions>
                </route>
              </routes>
            </te-group>
          </te-groups>
        </destination>
        <destination from="in0" label="$804">
          <te-groups>
            <te-group>
              <routes>
                <route to="in1">
                  <actions>
                    <action arg="805" type="swap"/>
                  </actions>
                </route>
              </routes>
            </te-group>
            <te-group>
              <routes>
                <route to="in0">
                  <actions>
                    <action arg="805" type="swap"/>
                    <action arg="2809" type="push"/>
                  </actions>
                </route>
              </routes>
            </te-group>
          </te-groups>
        </destination>
        <destination from="in0" label="$1031">
          <te-groups>
            <te-group>
              <routes>
                <route to="in0">
                  <actions>
                    <action arg="1032" type="swap"/>
                  </actions>
                </route>
              </routes>
            </te-group>
            <te-group>
              <routes>
                <route to="in1">
                  <actions>
                    <action arg="1032" type="swap"/>
                    <action arg="2806" type="push"/>
                  </actions>
                </route>
              </routes>
            </te-group>
          </te-groups>
        </destination>
        <destination from="in0" label="$1045">
          <te-groups>
            <te-group>
              <routes>
                <route to="in0">
                  <actions>
                    <action arg="1046" type="swap"/>
                  </actions>
                </route>
              </routes>
            </te-group>
            <te-group>
              <routes>
                <route to="in1">
                  <actions>
                    <action arg="1046" type="swap"/>
                    <action arg="2806" type="push"/>
                  </actions>
                </route>
              </routes>
            </te-group>
          </te-groups>
        </destination>
        <destination from="in0" label="$1052">
          <te-groups>
            <te-group>
              <routes>
                <route to="in0">
                  <actions>
                    <action arg="1053" type="swap"/>
                  </actions>
                </route>
              </routes>
            </te-group>
            <te-group>
              <routes>
                <route to="in1">
                  <actions>
                    <action arg="1053" type="swap"/>
                    <action arg="2806" type="push"/>
                  </actions>
                </route>
              </routes>
            </te-group>
          </te-groups>
        </destination>
        <destination from="in0" label="$1729">
          <te-groups>
            <te-group>
              <routes>
                <route to="in1">
                  <actions>
                    <action arg="1730" type="swap"/>
                  </actions>
                </route>
              </routes>
            </te-group>
            <te-group>
              <routes>
                <route to="in0">
                  <actions>
                    <action arg="1730" type="swap"/>
                    <action arg="2809" type="push"/>
                  </actions>
                </route>
              </routes>
            </te-group>
          </te-groups>
        </destination>
        <destination from="in0" label="$1734">
          <te-groups>
            <te-group>
              <routes>
                <route to="in1">
                  <actions>
                    <action arg="1735" type="swap"/>
                  </actions>
                </route>
              </routes>
            </te-group>
            <te-group>
              <routes>
                <route to="in0">
                  <actions>
                    <action arg="1735" type="swap"/>
                    <action arg="2809" type="push"/>
                  </actions>
                </route>
              </routes>
            </te-group>
          </te-groups>
        </destination>
        <destination from="in0" label="$1740">
          <te-groups>
            <te-group>
              <routes>
                <route to="in1">
                  <actions>
                    <action arg="1741" type="swap"/>
                  </actions>
                </route>
              </routes>
            </te-group>
            <te-group>
              <routes>
                <route to="in0">
                  <actions>
                    <action arg="1741" type="swap"/>
                    <action arg="2809" type="push"/>
                  </actions>
                </route>
              </routes>
            </te-group>
          </te-groups>
        </destination>
        <destination from="in0" label="$1869">
          <te-groups>
            <te-group>
              <routes>
                <route to="in1">
                  <actions>
                    <action arg="1870" type="swap"/>
                  </actions>
                </route>
              </routes>
            </te-group>
            <te-group>
              <routes>
                <route to="in0">
                  <actions>
                    <action arg="1870" type="swap"/>
                    <action arg="2809" type="push"/>
                  </actions>
                </route>
              </routes>
            </te-group>
          </te-groups>
        </destination>
        <destination from="in0" label="$1877">
          <te-groups>
            <te-group>
              <routes>
                <route to="in1">
                  <actions>
                    <action arg="1878" type="swap"/>
                  </actions>
                </route>
              </routes>
            </te-group>
            <te-group>
              <routes>
                <route to="in0">
                  <actions>
                    <action arg="1878" type="swap"/>
                    <action arg="2809" type="push"/>
                  </actions>
                </route>
              </routes>
            </te-group>
          </te-groups>
        </destination>
        <destination from="in0" label="$1886">
          <te-groups>
            <te-group>
              <routes>
                <route to="in1">
                  <actions>
                    <action arg="1887" type="swap"/>
                  </actions>
                </route>
              </routes>
            </te-group>
            <te-group>
              <routes>
                <route to="in0">
                  <actions>
                    <action arg="1887" type="swap"/>
                    <action arg="2809" type="push"/>
                  </actions>
                </route>
              </routes>
            </te-group>
          </te-groups>
        </destination>
        <destination from="in0" label="$1902">
          <te-groups>
            <te-group>
              <routes>
                <route to="in0">
                  <actions>
                    <action arg="1903" type="swap"/>
                  </actions>
                </route>
              </routes>
            </te-group>
            <te-group>
              <routes>
                <route to="in1">
                  <actions>
                    <action arg="1903" type="swap"/>
                    <action arg="2806" type="push"/>
                  </actions>
                </route>
              </routes>
            </te-group>
          </te-groups>
        </destination>
        <destination from="in0" label="$1908">
          <te-groups>
            <te-group>
              <routes>
                <route to="in0">
                  <actions>
                    <action arg="1909" type="swap"/>
                  </actions>
                </route>
              </routes>
            </te-group>
            <te-group>
              <routes>
                <route to="in1">
                  <actions>
                    <action arg="1909" type="swap"/>
                    <action arg="2806" type="push"/>
                  </actions>
                </route>
              </routes>
            </te-group>
          </te-groups>
        </destination>
        <destination from="in0" label="$1913">
          <te-groups>
            <te-group>
              <routes>
                <route to="in0">
                  <actions>
                    <action arg="1914" type="swap"/>
                  </actions>
                </route>
              </routes>
            </te-group>
            <te-group>
              <routes>
                <route to="in1">
                  <actions>
                    <action arg="1914" type="swap"/>
                    <action arg="2806" type="push"/>
                  </actions>
                </route>
              </routes>
            </te-group>
          </te-groups>
        </destination>
        <destination from="in0" label="$1919">
          <te-groups>
            <te-group>
              <routes>
                <route to="in0">
                  <actions>
                    <action arg="1920" type="swap"/>
                  </actions>
                </route>
              </routes>
            </te-group>
            <te-group>
              <routes>
                <route to="in1">
                  <actions>
                    <action arg="1920" type="swap"/>
                    <action arg="2806" type="push"/>
                  </actions>
                </route>
              </routes>
            </te-group>
          </te-groups>
        </destination>
        <destination from="in0" label="$1924">
          <te-groups>
            <te-group>
              <routes>
                <route to="in0">
                  <actions>
                    <action arg="1925" type="swap"/>
                  </actions>
                </route>
              </routes>
            </te-group>
            <te-group>
              <routes>
                <route to="in1">
                  <actions>
                    <action arg="1925" type="swap"/>
                    <action arg="2806" type="push"/>
                  </actions>
                </route>
              </routes>
            </te-group>
          </te-groups>
        </destination>
        <destination from="in0" label="$1934">
          <te-groups>
            <te-group>
              <routes>
                <route to="in0">
                  <actions>
                    <action arg="1935" type="swap"/>
                  </actions>
                </route>
              </routes>
            </te-group>
            <te-group>
              <routes>
                <route to="in1">
                  <actions>
                    <action arg="1935" type="swap"/>
                    <action arg="2806" type="push"/>
                  </actions>
                </route>
              </routes>
            </te-group>
          </te-groups>
        </destination>
        <destination from="in0" label="$1967">
          <te-groups>
            <te-group>
              <routes>
                <route to="in0">
                  <actions>
                    <action arg="1968" type="swap"/>
                  </actions>
                </route>
              </routes>
            </te-group>
            <te-group>
              <routes>
                <route to="in1">
                  <actions>
                    <action arg="1968" type="swap"/>
                    <action arg="2806" type="push"/>
                  </actions>
                </route>
              </routes>
            </te-group>
          </te-groups>
        </destination>
        <destination from="in0" label="$1975">
          <te-groups>
            <te-group>
              <routes>
                <route to="in0">
                  <actions>
                    <action arg="1976" type="swap"/>
                  </actions>
                </route>
              </routes>
            </te-group>
            <te-group>
              <routes>
                <route to="in1">
                  <actions>
                    <action arg="1976" type="swap"/>
                    <action arg="2806" type="push"/>
                  </actions>
                </route>
              </routes>
            </te-group>
          </te-groups>
        </destination>
        <destination from="in0" label="$1998">
          <te-groups>
            <te-group>
              <routes>
                <route to="in0">
                  <actions>
                    <action arg="1999" type="swap"/>
                  </actions>
                </route>
              </routes>
            </te-group>
            <te-group>
              <routes>
                <route to="in1">
                  <actions>
                    <action arg="1999" type="swap"/>
                    <action arg="2806" type="push"/>
                  </actions>
                </route>
              </routes>
            </te-group>
          </te-groups>
        </destination>
        <destination from="in0" label="$2005">
          <te-groups>
            <te-group>
              <routes>
                <route to="in0">
                  <actions>
                    <action arg="2006" type="swap"/>
                  </actions>
                </route>
              </routes>
            </te-group>
            <te-group>
              <routes>
                <route to="in1">
                  <actions>
                    <action arg="2006" type="swap"/>
                    <action arg="2806" type="push"/>
                  </actions>
                </route>
              </routes>
            </te-group>
          </te-groups>
        </destination>
        <destination from="in0" label="$2152">
          <te-groups>
            <te-group>
              <routes>
                <route to="in0">
                  <actions>
                    <action arg="2153" type="swap"/>
                  </actions>
                </route>
              </routes>
            </te-group>
            <te-group>
              <routes>
                <route to="in1">
                  <actions>
                    <action arg="2153" type="swap"/>
                    <action arg="2806" type="push"/>
                  </actions>
                </route>
              </routes>
            </te-group>
          </te-groups>
        </destination>
        <destination from="in0" label="$2157">
          <te-groups>
            <te-group>
              <routes>
                <route to="in0">
                  <actions>
                    <action arg="2158" type="swap"/>
                  </actions>
                </route>
              </routes>
            </te-group>
            <te-group>
              <routes>
                <route to="in1">
                  <actions>
                    <action arg="2158" type="swap"/>
                    <action arg="2806" type="push"/>
                  </actions>
                </route>
              </routes>
            </te-group>
          </te-groups>
        </destination>
        <destination from="in0" label="$2161">
          <te-groups>
            <te-group>
              <routes>
                <route to="in0">
                  <actions>
                    <action arg="2162" type="swap"/>
                  </actions>
                </route>
              </routes>
            </te-group>
            <te-group>
              <routes>
                <route to="in1">
                  <actions>
                    <action arg="2162" type="swap"/>
                    <action arg="2806" type="push"/>
                  </actions>
                </route>
              </routes>
            </te-group>
          </te-groups>
        </destination>
        <destination from="in0" label="$2166">
          <te-groups>
            <te-group>
              <routes>
                <route to="in0">
                  <actions>
                    <action arg="2167" type="swap"/>
                  </actions>
                </route>
              </routes>
            </te-group>
            <te-group>
              <routes>
                <route to="in1">
                  <actions>
                    <action arg="2167" type="swap"/>
                    <action arg="2806" type="push"/>
                  </actions>
                </route>
              </routes>
            </te-group>
          </te-groups>
        </destination>
        <destination from="in0" label="$2170">
          <te-groups>
            <te-group>
              <routes>
                <route to="in0">
                  <actions>
                    <action arg="2171" type="swap"/>
                  </actions>
                </route>
              </routes>
            </te-group>
            <te-group>
              <routes>
                <route to="in1">
                  <actions>
                    <action arg="2171" type="swap"/>
                    <action arg="2806" type="push"/>
                  </actions>
                </route>
              </routes>
            </te-group>
          </te-groups>
        </destination>
        <destination from="in0" label="$2177">
          <te-groups>
            <te-group>
              <routes>
                <route to="in0">
                  <actions>
                    <action arg="2178" type="swap"/>
                  </actions>
                </route>
              </routes>
            </te-group>
            <te-group>
              <routes>
                <route to="in1">
                  <actions>
                    <action arg="2178" type="swap"/>
                    <action arg="2806" type="push"/>
                  </actions>
                </route>
              </routes>
            </te-group>
          </te-groups>
        </destination>
        <destination from="in0" label="$2205">
          <te-groups>
            <te-group>
              <routes>
                <route to="in0">
                  <actions>
                    <action arg="2206" type="swap"/>
                  </actions>
                </route>
              </routes>
            </te-group>
            <te-group>
              <routes>
                <route to="in1">
                  <actions>
                    <action arg="2206" type="swap"/>
                    <action arg="2806" type="push"/>
                  </actions>
                </route>
              </routes>
            </te-group>
          </te-groups>
        </destination>
        <destination from="in0" label="$2212">
          <te-groups>
            <te-group>
              <routes>
                <route to="in0">
                  <actions>
                    <action arg="2213" type="swap"/>
                  </actions>
                </route>
              </routes>
            </te-group>
            <te-group>
              <routes>
                <route to="in1">
                  <actions>
                    <action arg="2213" type="swap"/>
                    <action arg="2806" type="push"/>
                  </actions>
                </route>
              </routes>
            </te-group>
          </te-groups>
        </destination>
        <destination from="in0" label="$2232">
          <te-groups>
            <te-group>
              <routes>
                <route to="in0">
                  <actions>
                    <action arg="2233" type="swap"/>
                  </actions>
                </route>
              </routes>
            </te-group>
            <te-group>
              <routes>
                <route to="in1">
                  <actions>
                    <action arg="2233" type="swap"/>
                    <action arg="2806" type="push"/>
                  </actions>
                </route>
              </routes>
            </te-group>
          </te-groups>
        </destination>
        <destination from="in0" label="$2238">
          <te-groups>
            <te-group>
              <routes>
                <route to="in0">
                  <actions>
                    <action arg="2239" type="swap"/>
                  </actions>
                </route>
              </routes>
            </te-group>
            <te-group>
              <routes>
                <route to="in1">
                  <actions>
                    <action arg="2239" type="swap"/>
                    <action arg="2806" type="push"/>
                  </actions>
                </route>
              </routes>
            </te-group>
          </te-groups>
        </destination>
        <destination from="in0" label="$2246">
          <te-groups>
            <te-group>
              <routes>
                <route to="in0">
                  <actions>
                    <action arg="2247" type="swap"/>
                  </actions>
                </route>
              </routes>
            </te-group>
            <te-group>
              <routes>
                <route to="in1">
                  <actions>
                    <action arg="2247" type="swap"/>
                    <action arg="2806" type="push"/>
                  </actions>
                </route>
              </routes>
            </te-group>
          </te-groups>
        </destination>
        <destination from="in0" label="$2252">
          <te-groups>
            <te-group>
              <routes>
                <route to="in0">
                  <actions>
                    <action arg="2253" type="swap"/>
                  </actions>
                </route>
              </routes>
            </te-group>
            <te-group>
              <routes>
                <route to="in1">
                  <actions>
                    <action arg="2253" type="swap"/>
                    <action arg="2806" type="push"/>
                  </actions>
                </route>
              </routes>
            </te-group>
          </te-groups>
        </destination>
        <destination from="in0" label="$2257">
          <te-groups>
            <te-group>
              <routes>
                <route to="in0">
                  <actions>
                    <action arg="2258" type="swap"/>
                  </actions>
                </route>
              </routes>
            </te-group>
            <te-group>
              <routes>
                <route to="in1">
                  <actions>
                    <action arg="2258" type="swap"/>
                    <action arg="2806" type="push"/>
                  </actions>
                </route>
              </routes>
            </te-group>
          </te-groups>
        </destination>
        <destination from="in0" label="$2263">
          <te-groups>
            <te-group>
              <routes>
                <route to="in0">
                  <actions>
                    <action arg="2264" type="swap"/>
                  </actions>
                </route>
              </routes>
            </te-group>
            <te-group>
              <routes>
                <route to="in1">
                  <actions>
                    <action arg="2264" type="swap"/>
                    <action arg="2806" type="push"/>
                  </actions>
                </route>
              </routes>
            </te-group>
          </te-groups>
        </destination>
        <destination from="in0" label="$2268">
          <te-groups>
            <te-group>
              <routes>
                <route to="in0">
                  <actions>
                    <action arg="2269" type="swap"/>
                  </actions>
                </route>
              </routes>
            </te-group>
            <te-group>
              <routes>
                <route to="in1">
                  <actions>
                    <action arg="2269" type="swap"/>
                    <action arg="2806" type="push"/>
                  </actions>
                </route>
              </routes>
            </te-group>
          </te-groups>
        </destination>
        <destination from="in0" label="$2273">
          <te-groups>
            <te-group>
              <routes>
                <route to="in0">
                  <actions>
                    <action arg="2274" type="swap"/>
                  </actions>
                </route>
              </routes>
            </te-group>
            <te-group>
              <routes>
                <route to="in1">
                  <actions>
                    <action arg="2274" type="swap"/>
                    <action arg="2806" type="push"/>
                  </actions>
                </route>
              </routes>
            </te-group>
          </te-groups>
        </destination>
        <destination from="in0" label="$2278">
          <te-groups>
            <te-group>
              <routes>
                <route to="in0">
                  <actions>
                    <action arg="2279" type="swap"/>
                  </actions>
                </route>
              </routes>
            </te-group>
            <te-group>
              <routes>
                <route to="in1">
                  <actions>
                    <action arg="2279" type="swap"/>
                    <action arg="2806" type="push"/>
                  </actions>
                </route>
              </routes>
            </te-group>
          </te-groups>
        </destination>
        <destination from="in0" label="$2315">
          <te-groups>
            <te-group>
              <routes>
                <route to="in0">
                  <actions>
                    <action arg="2316" type="swap"/>
                  </actions>
                </route>
              </routes>
            </te-group>
            <te-group>
              <routes>
                <route to="in1">
                  <actions>
                    <action arg="2316" type="swap"/>
                    <action arg="2806" type="push"/>
                  </actions>
                </route>
              </routes>
            </te-group>
          </te-groups>
        </destination>
        <destination from="in0" label="$2323">
          <te-groups>
            <te-group>
              <routes>
                <route to="in0">
                  <actions>
                    <action arg="2324" type="swap"/>
                  </actions>
                </route>
              </routes>
            </te-group>
            <te-group>
              <routes>
                <route to="in1">
                  <actions>
                    <action arg="2324" type="swap"/>
                    <action arg="2806" type="push"/>
                  </actions>
                </route>
              </routes>
            </te-group>
          </te-groups>
        </destination>
        <destination from="in0" label="$2348">
          <te-groups>
            <te-group>
              <routes>
                <route to="in0">
                  <actions>
                    <action arg="2349" type="swap"/>
                  </actions>
                </route>
              </routes>
            </te-group>
            <te-group>
              <routes>
                <route to="in1">
                  <actions>
                    <action arg="2349" type="swap"/>
                    <action arg="2806" type="push"/>
                  </actions>
                </route>
              </routes>
            </te-group>
          </te-groups>
        </destination>
        <destination from="in0" label="$2355">
          <te-groups>
            <te-group>
              <routes>
                <route to="in0">
                  <actions>
                    <action arg="2356" type="swap"/>
                  </actions>
                </route>
              </routes>
            </te-group>
            <te-group>
              <routes>
                <route to="in1">
                  <actions>
                    <action arg="2356" type="swap"/>
                    <action arg="2806" type="push"/>
                  </actions>
                </route>
              </routes>
            </te-group>
          </te-groups>
        </destination>
        <destination from="in0" label="$2363">
          <te-groups>
            <te-group>
              <routes>
                <route to="in0">
                  <actions>
                    <action arg="2364" type="swap"/>
                  </actions>
                </route>
              </routes>
            </te-group>
            <te-group>
              <routes>
                <route to="in1">
                  <actions>
                    <action arg="2364" type="swap"/>
                    <action arg="2806" type="push"/>
                  </actions>
                </route>
              </routes>
            </te-group>
          </te-groups>
        </destination>
        <destination from="in0" label="$2369">
          <te-groups>
            <te-group>
              <routes>
                <route to="in0">
                  <actions>
                    <action arg="2370" type="swap"/>
                  </actions>
                </route>
              </routes>
            </te-group>
            <te-group>
              <routes>
                <route to="in1">
                  <actions>
                    <action arg="2370" type="swap"/>
                    <action arg="2806" type="push"/>
                  </actions>
                </route>
              </routes>
            </te-group>
          </te-groups>
        </destination>
        <destination from="in0" label="$2374">
          <te-groups>
            <te-group>
              <routes>
                <route to="in0">
                  <actions>
                    <action arg="2375" type="swap"/>
                  </actions>
                </route>
              </routes>
            </te-group>
            <te-group>
              <routes>
                <route to="in1">
                  <actions>
                    <action arg="2375" type="swap"/>
                    <action arg="2806" type="push"/>
                  </actions>
                </route>
              </routes>
            </te-group>
          </te-groups>
        </destination>
        <destination from="in0" label="$2380">
          <te-groups>
            <te-group>
              <routes>
                <route to="in0">
                  <actions>
                    <action arg="2381" type="swap"/>
                  </actions>
                </route>
              </routes>
            </te-group>
            <te-group>
              <routes>
                <route to="in1">
                  <actions>
                    <action arg="2381" type="swap"/>
                    <action arg="2806" type="push"/>
                  </actions>
                </route>
              </routes>
            </te-group>
          </te-groups>
        </destination>
        <destination from="in0" label="$2385">
          <te-groups>
            <te-group>
              <routes>
                <route to="in0">
                  <actions>
                    <action arg="2386" type="swap"/>
                  </actions>
                </route>
              </routes>
            </te-group>
            <te-group>
              <routes>
                <route to="in1">
                  <actions>
                    <action arg="2386" type="swap"/>
                    <action arg="2806" type="push"/>
                  </actions>
                </route>
              </routes>
            </te-group>
          </te-groups>
        </destination>
        <destination from="in0" label="$2390">
          <te-groups>
            <te-group>
              <routes>
                <route to="in0">
                  <actions>
                    <action arg="2391" type="swap"/>
                  </actions>
                </route>
              </routes>
            </te-group>
            <te-group>
              <routes>
                <route to="in1">
                  <actions>
                    <action arg="2391" type="swap"/>
                    <action arg="2806" type="push"/>
                  </actions>
                </route>
              </routes>
            </te-group>
          </te-groups>
        </destination>
        <destination from="in0" label="$2395">
          <te-groups>
            <te-group>
              <routes>
                <route to="in0">
                  <actions>
                    <action arg="2396" type="swap"/>
                  </actions>
                </route>
              </routes>
            </te-group>
            <te-group>
              <routes>
                <route to="in1">
                  <actions>
                    <action arg="2396" type="swap"/>
                    <action arg="2806" type="push"/>
                  </actions>
                </route>
              </routes>
            </te-group>
          </te-groups>
        </destination>
        <destination from="in0" label="$2432">
          <te-groups>
            <te-group>
              <routes>
                <route to="in0">
                  <actions>
                    <action arg="2433" type="swap"/>
                  </actions>
                </route>
              </routes>
            </te-group>
            <te-group>
              <routes>
                <route to="in1">
                  <actions>
                    <action arg="2433" type="swap"/>
                    <action arg="2806" type="push"/>
                  </actions>
                </route>
              </routes>
            </te-group>
          </te-groups>
        </destination>
        <destination from="in0" label="$2440">
          <te-groups>
            <te-group>
              <routes>
                <route to="in0">
                  <actions>
                    <action arg="2441" type="swap"/>
                  </actions>
                </route>
              </routes>
            </te-group>
            <te-group>
              <routes>
                <route to="in1">
                  <actions>
                    <action arg="2441" type="swap"/>
                    <action arg="2806" type="push"/>
                  </actions>
                </route>
              </routes>
            </te-group>
          </te-groups>
        </destination>
        <destination from="in0" label="$2463">
          <te-groups>
            <te-group>
              <routes>
                <route to="in0">
                  <actions>
                    <action arg="2464" type="swap"/>
                  </actions>
                </route>
              </routes>
            </te-group>
            <te-group>
              <routes>
                <route to="in1">
                  <actions>
                    <action arg="2464" type="swap"/>
                    <action arg="2806" type="push"/>
                  </actions>
                </route>
              </routes>
            </te-group>
          </te-groups>
        </destination>
        <destination from="in0" label="$2470">
          <te-groups>
            <te-group>
              <routes>
                <route to="in0">
                  <actions>
                    <action arg="2471" type="swap"/>
                  </actions>
                </route>
              </routes>
            </te-group>
            <te-group>
              <routes>
                <route to="in1">
                  <actions>
                    <action arg="2471" type="swap"/>
                    <action arg="2806" type="push"/>
                  </actions>
                </route>
              </routes>
            </te-group>
          </te-groups>
        </destination>
        <destination from="in0" label="$2484">
          <te-groups>
            <te-group>
              <routes>
                <route to="in0">
                  <actions>
                    <action arg="2485" type="swap"/>
                  </actions>
                </route>
              </routes>
            </te-group>
            <te-group>
              <routes>
                <route to="in1">
                  <actions>
                    <action arg="2485" type="swap"/>
                    <action arg="2806" type="push"/>
                  </actions>
                </route>
              </routes>
            </te-group>
          </te-groups>
        </destination>
        <destination from="in0" label="$2497">
          <te-groups>
            <te-group>
              <routes>
                <route to="in0">
                  <actions>
                    <action arg="2498" type="swap"/>
                  </actions>
                </route>
              </routes>
            </te-group>
            <te-group>
              <routes>
                <route to="in1">
                  <actions>
                    <action arg="2498" type="swap"/>
                    <action arg="2806" type="push"/>
                  </actions>
                </route>
              </routes>
            </te-group>
          </te-groups>
        </destination>
        <destination from="in0" label="$2503">
          <te-groups>
            <te-group>
              <routes>
                <route to="in0">
                  <actions>
                    <action arg="2504" type="swap"/>
                  </actions>
                </route>
              </routes>
            </te-group>
            <te-group>
              <routes>
                <route to="in1">
                  <actions>
                    <action arg="2504" type="swap"/>
                    <action arg="2806" type="push"/>
                  </actions>
                </route>
              </routes>
            </te-group>
          </te-groups>
        </destination>
        <destination from="in0" label="$2509">
          <te-groups>
            <te-group>
              <routes>
                <route to="in0">
                  <actions>
                    <action arg="2510" type="swap"/>
                  </actions>
                </route>
              </routes>
            </te-group>
            <te-group>
              <routes>
                <route to="in1">
                  <actions>
                    <action arg="2510" type="swap"/>
                    <action arg="2806" type="push"/>
                  </actions>
                </route>
              </routes>
            </te-group>
          </te-groups>
        </destination>
        <destination from="in0" label="$2667">
          <te-groups>
            <te-group>
              <routes>
                <route to="in1">
                  <actions>
                    <action arg="2668" type="swap"/>
                  </actions>
                </route>
              </routes>
            </te-group>
            <te-group>
              <routes>
                <route to="in0">
                  <actions>
                    <action arg="2668" type="swap"/>
                    <action arg="2809" type="push"/>
                  </actions>
                </route>
              </routes>
            </te-group>
          </te-groups>
        </destination>
        <destination from="in0" label="$2673">
          <te-groups>
            <te-group>
              <routes>
                <route to="in1">
                  <actions>
                    <action arg="2674" type="swap"/>
                  </actions>
                </route>
              </routes>
            </te-group>
            <te-group>
              <routes>
                <route to="in0">
                  <actions>
                    <action arg="2674" type="swap"/>
                    <action arg="2809" type="push"/>
                  </actions>
                </route>
              </routes>
            </te-group>
          </te-groups>
        </destination>
        <destination from="in1" label="65">
          <te-groups>
            <te-group>
              <routes>
                <route to="eg0">
                  <actions>
                    <action type="pop"/>
                  </actions>
                </route>
              </routes>
            </te-group>
          </te-groups>
        </destination>
        <destination from="in1" label="190">
          <te-groups>
            <te-group>
              <routes>
                <route to="eg0">
                  <actions>
                    <action type="pop"/>
                  </actions>
                </route>
              </routes>
            </te-group>
          </te-groups>
        </destination>
        <destination from="in1" label="310">
          <te-groups>
            <te-group>
              <routes>
                <route to="eg0">
                  <actions>
                    <action type="pop"/>
                  </actions>
                </route>
              </routes>
            </te-group>
          </te-groups>
        </destination>
        <destination from="in1" label="421">
          <te-groups>
            <te-group>
              <routes>
                <route to="eg0">
                  <actions>
                    <action type="pop"/>
                  </actions>
                </route>
              </routes>
            </te-group>
          </te-groups>
        </destination>
        <destination from="in1" label="525">
          <te-groups>
            <te-group>
              <routes>
                <route to="eg0">
                  <actions>
                    <action type="pop"/>
                  </actions>
                </route>
              </routes>
            </te-group>
          </te-groups>
        </destination>
        <destination from="in1" label="643">
          <te-groups>
            <te-group>
              <routes>
                <route to="eg0">
                  <actions>
                    <action type="pop"/>
                  </actions>
                </route>
              </routes>
            </te-group>
          </te-groups>
        </destination>
        <destination from="in1" label="737">
          <te-groups>
            <te-group>
              <routes>
                <route to="eg0">
                  <actions>
                    <action type="pop"/>
                  </actions>
                </route>
              </routes>
            </te-group>
          </te-groups>
        </destination>
        <destination from="in1" label="957">
          <te-groups>
            <te-group>
              <routes>
                <route to="eg0">
                  <actions>
                    <action type="pop"/>
                  </actions>
                </route>
              </routes>
            </te-group>
          </te-groups>
        </destination>
        <destination from="in1" label="1056">
          <te-groups>
            <te-group>
              <routes>
                <route to="eg0">
                  <actions>
                    <action type="pop"/>
                  </actions>
                </route>
              </routes>
            </te-group>
          </te-groups>
        </destination>
        <destination from="in1" label="1145">
          <te-groups>
            <te-group>
              <routes>
                <route to="eg0">
                  <actions>
                    <action type="pop"/>
                  </actions>
                </route>
              </routes>
            </te-group>
          </te-groups>
        </destination>
        <destination from="in1" label="1246">
          <te-groups>
            <te-group>
              <routes>
                <route to="eg0">
                  <actions>
                    <action type="pop"/>
                  </actions>
                </route>
              </routes>
            </te-group>
          </te-groups>
        </destination>
        <destination from="in1" label="1354">
          <te-groups>
            <te-group>
              <routes>
                <route to="eg0">
                  <actions>
                    <action type="pop"/>
                  </actions>
                </route>
              </routes>
            </te-group>
          </te-groups>
        </destination>
        <destination from="in1" label="1460">
          <te-groups>
            <te-group>
              <routes>
                <route to="eg0">
                  <actions>
                    <action type="pop"/>
                  </actions>
                </route>
              </routes>
            </te-group>
          </te-groups>
        </destination>
        <destination from="in1" label="1574">
          <te-groups>
            <te-group>
              <routes>
                <route to="eg0">
                  <actions>
                    <action type="pop"/>
                  </actions>
                </route>
              </routes>
            </te-group>
          </te-groups>
        </destination>
        <destination from="in1" label="1662">
          <te-groups>
            <te-group>
              <routes>
                <route to="eg0">
                  <actions>
                    <action type="pop"/>
                  </actions>
                </route>
              </routes>
            </te-group>
          </te-groups>
        </destination>
        <destination from="in1" label="1799">
          <te-groups>
            <te-group>
              <routes>
                <route to="eg0">
                  <actions>
                    <action type="pop"/>
                  </actions>
                </route>
              </routes>
            </te-group>
          </te-groups>
        </destination>
        <destination from="in1" label="1938">
          <te-groups>
            <te-group>
              <routes>
                <route to="eg0">
                  <actions>
                    <action type="pop"/>
                  </actions>
                </route>
              </routes>
            </te-group>
          </te-groups>
        </destination>
        <destination from="in1" label="2069">
          <te-groups>
            <te-group>
              <routes>
                <route to="eg0">
                  <actions>
                    <action type="pop"/>
                  </actions>
                </route>
              </routes>
            </te-group>
          </te-groups>
        </destination>
        <destination from="in1" label="2180">
          <te-groups>
            <te-group>
              <routes>
                <route to="eg0">
                  <actions>
                    <action type="pop"/>
                  </actions>
                </route>
              </routes>
            </te-group>
          </te-groups>
        </destination>
        <destination from="in1" label="2282">
          <te-groups>
            <te-group>
              <routes>
                <route to="eg0">
                  <actions>
                    <action type="pop"/>
                  </actions>
                </route>
              </routes>
            </te-group>
          </te-groups>
        </destination>
        <destination from="in1" label="2399">
          <te-groups>
            <te-group>
              <routes>
                <route to="eg0">
                  <actions>
                    <action type="pop"/>
                  </actions>
                </route>
              </routes>
            </te-group>
          </te-groups>
        </destination>
        <destination from="in1" label="2514">
          <te-groups>
            <te-group>
              <routes>
                <route to="eg0">
                  <actions>
                    <action type="pop"/>
                  </actions>
                </route>
              </routes>
            </te-group>
          </te-groups>
        </destination>
        <destination from="in1" label="2614">
          <te-groups>
            <te-group>
              <routes>
                <route to="eg0">
                  <actions>
                    <action type="pop"/>
                  </actions>
                </route>
              </routes>
            </te-group>
          </te-groups>
        </destination>
        <destination from="in1" label="2716">
          <te-groups>
            <te-group>
              <routes>
                <route to="eg0">
                  <actions>
                    <action type="pop"/>
                  </actions>
                </route>
              </routes>
            </te-group>
          </te-groups>
        </destination>
        <destination from="in1" label="2788">
          <te-groups>
            <te-group>
              <routes>
                <route to="in1">
                  <actions>
                    <action arg="2787" type="swap"/>
                  </actions>
                </route>
              </routes>
            </te-group>
          </te-groups>
        </destination>
        <destination from="in1" label="2790">
          <te-groups>
            <te-group>
              <routes>
                <route to="in0">
                  <actions>
                    <action type="pop"/>
                  </actions>
                </route>
              </routes>
            </te-group>
            <te-group>
              <routes>
                <route to="in1">
                  <actions>
                    <action arg="2806" type="swap"/>
                  </actions>
                </route>
              </routes>
            </te-group>
          </te-groups>
        </destination>
        <destination from="in1" label="2800">
          <te-groups>
            <te-group>
              <routes>
                <route to="in1">
                  <actions>
                    <action arg="2799" type="swap"/>
                  </actions>
                </route>
              </routes>
            </te-group>
          </te-groups>
        </destination>
        <destination from="in1" label="2811">
          <te-groups>
            <te-group>
              <routes>
                <route to="in0">
                  <actions>
                    <action arg="2810" type="swap"/>
                  </actions>
                </route>
              </routes>
            </te-group>
          </te-groups>
        </destination>
        <destination from="in1" label="2822">
          <te-groups>
            <te-group>
              <routes>
                <route to="in0">
                  <actions>
                    <action arg="2821" type="swap"/>
                  </actions>
                </route>
              </routes>
            </te-group>
          </te-groups>
        </destination>
        <destination from="in1" label="2861">
          <te-groups>
            <te-group>
              <routes>
                <route to="in0">
                  <actions>
                    <action arg="2860" type="swap"/>
                  </actions>
                </route>
              </routes>
            </te-group>
          </te-groups>
        </destination>
        <destination from="in1" label="2872">
          <te-groups>
            <te-group>
              <routes>
                <route to="in0">
                  <actions>
                    <action arg="2871" type="swap"/>
                  </actions>
                </route>
              </routes>
            </te-group>
          </te-groups>
        </destination>
        <destination from="in1" label="2883">
          <te-groups>
            <te-group>
              <routes>
                <route to="in0">
                  <actions>
                    <action arg="2882" type="swap"/>
                  </actions>
                </route>
              </routes>
            </te-group>
          </te-groups>
        </destination>
        <destination from="in1" label="$141">
          <te-groups>
            <te-group>
              <routes>
                <route to="in1">
                  <actions>
                    <action arg="142" type="swap"/>
                  </actions>
                </route>
              </routes>
            </te-group>
          </te-groups>
        </destination>
        <destination from="in1" label="$146">
          <te-groups>
            <te-group>
              <routes>
                <route to="in1">
                  <actions>
                    <action arg="147" type="swap"/>
                  </actions>
                </route>
              </routes>
            </te-group>
          </te-groups>
        </destination>
        <destination from="in1" label="$152">
          <te-groups>
            <te-group>
              <routes>
                <route to="in1">
                  <actions>
                    <action arg="153" type="swap"/>
                  </actions>
                </route>
              </routes>
            </te-group>
          </te-groups>
        </destination>
        <destination from="in1" label="$258">
          <te-groups>
            <te-group>
              <routes>
                <route to="in1">
                  <actions>
                    <action arg="259" type="swap"/>
                  </actions>
                </route>
              </routes>
            </te-group>
          </te-groups>
        </destination>
        <destination from="in1" label="$262">
          <te-groups>
            <te-group>
              <routes>
                <route to="in1">
                  <actions>
                    <action arg="263" type="swap"/>
                  </actions>
                </route>
              </routes>
            </te-group>
          </te-groups>
        </destination>
        <destination from="in1" label="$267">
          <te-groups>
            <te-group>
              <routes>
                <route to="in1">
                  <actions>
                    <action arg="268" type="swap"/>
                  </actions>
                </route>
              </routes>
            </te-group>
          </te-groups>
        </destination>
        <destination from="in1" label="$272">
          <te-groups>
            <te-group>
              <routes>
                <route to="in1">
                  <actions>
                    <action arg="273" type="swap"/>
                  </actions>
                </route>
              </routes>
            </te-group>
          </te-groups>
        </destination>
        <destination from="in1" label="$382">
          <te-groups>
            <te-group>
              <routes>
                <route to="in1">
                  <actions>
                    <action arg="383" type="swap"/>
                  </actions>
                </route>
              </routes>
            </te-group>
          </te-groups>
        </destination>
        <destination from="in1" label="$387">
          <te-groups>
            <te-group>
              <routes>
                <route to="in1">
                  <actions>
                    <action arg="388" type="swap"/>
                  </actions>
                </route>
              </routes>
            </te-group>
          </te-groups>
        </destination>
        <destination from="in1" label="$393">
          <te-groups>
            <te-group>
              <routes>
                <route to="in1">
                  <actions>
                    <action arg="394" type="swap"/>
                  </actions>
                </route>
              </routes>
            </te-group>
          </te-groups>
        </destination>
        <destination from="in1" label="$481">
          <te-groups>
            <te-group>
              <routes>
                <route to="in1">
                  <actions>
                    <action arg="482" type="swap"/>
                  </actions>
                </route>
              </routes>
            </te-group>
          </te-groups>
        </destination>
        <destination from="in1" label="$485">
          <te-groups>
            <te-group>
              <routes>
                <route to="in1">
                  <actions>
                    <action arg="486" type="swap"/>
                  </actions>
                </route>
              </routes>
            </te-group>
          </te-groups>
        </destination>
        <destination from="in1" label="$490">
          <te-groups>
            <te-group>
              <routes>
                <route to="in1">
                  <actions>
                    <action arg="491" type="swap"/>
                  </actions>
                </route>
              </routes>
            </te-group>
          </te-groups>
        </destination>
        <destination from="in1" label="$593">
          <te-groups>
            <te-group>
              <routes>
                <route to="in1">
                  <actions>
                    <action arg="594" type="swap"/>
                  </actions>
                </route>
              </routes>
            </te-group>
          </te-groups>
        </destination>
        <destination from="in1" label="$597">
          <te-groups>
            <te-group>
              <routes>
                <route to="in1">
                  <actions>
                    <action arg="598" type="swap"/>
                  </actions>
                </route>
              </routes>
            </te-group>
          </te-groups>
        </destination>
        <destination from="in1" label="$602">
          <te-groups>
            <te-group>
              <routes>
                <route to="in1">
                  <actions>
                    <action arg="603" type="swap"/>
                  </actions>
                </route>
              </routes>
            </te-group>
          </te-groups>
        </destination>
        <destination from="in1" label="$607">
          <te-groups>
            <te-group>
              <routes>
                <route to="in1">
                  <actions>
                    <action arg="608" type="swap"/>
                  </actions>
                </route>
              </routes>
            </te-group>
          </te-groups>
        </destination>
        <destination from="in1" label="$693">
          <te-groups>
            <te-group>
              <routes>
                <route to="in1">
                  <actions>
                    <action arg="694" type="swap"/>
                  </actions>
                </route>
              </routes>
            </te-group>
          </te-groups>
        </destination>
        <destination from="in1" label="$697">
          <te-groups>
            <te-group>
              <routes>
                <route to="in1">
                  <actions>
                    <action arg="698" type="swap"/>
                  </actions>
                </route>
              </routes>
            </te-group>
          </te-groups>
        </destination>
        <destination from="in1" label="$702">
          <te-groups>
            <te-group>
              <routes>
                <route to="in1">
                  <actions>
                    <action arg="703" type="swap"/>
                  </actions>
                </route>
              </routes>
            </te-group>
          </te-groups>
        </destination>
        <destination from="in1" label="$707">
          <te-groups>
            <te-group>
              <routes>
                <route to="in1">
                  <actions>
                    <action arg="708" type="swap"/>
                  </actions>
                </route>
              </routes>
            </te-group>
          </te-groups>
        </destination>
        <destination from="in1" label="$793">
          <te-groups>
            <te-group>
              <routes>
                <route to="in1">
                  <actions>
                    <action arg="794" type="swap"/>
                  </actions>
                </route>
              </routes>
            </te-group>
          </te-groups>
        </destination>
        <destination from="in1" label="$796">
          <te-groups>
            <te-group>
              <routes>
                <route to="in1">
                  <actions>
                    <action arg="797" type="swap"/>
                  </actions>
                </route>
              </routes>
            </te-group>
          </te-groups>
        </destination>
        <destination from="in1" label="$800">
          <te-groups>
            <te-group>
              <routes>
                <route to="in1">
                  <actions>
                    <action arg="801" type="swap"/>
                  </actions>
                </route>
              </routes>
            </te-group>
          </te-groups>
        </destination>
        <destination from="in1" label="$804">
          <te-groups>
            <te-group>
              <routes>
                <route to="in1">
                  <actions>
                    <action arg="805" type="swap"/>
                  </actions>
                </route>
              </routes>
            </te-group>
          </te-groups>
        </destination>
        <destination from="in1" label="$1031">
          <te-groups>
            <te-group>
              <routes>
                <route to="in0">
                  <actions>
                    <action arg="1032" type="swap"/>
                  </actions>
                </route>
              </routes>
            </te-group>
            <te-group>
              <routes>
                <route to="in1">
                  <actions>
                    <action arg="1032" type="swap"/>
                    <action arg="2806" type="push"/>
                  </actions>
                </route>
              </routes>
            </te-group>
          </te-groups>
        </destination>
        <destination from="in1" label="$1045">
          <te-groups>
            <te-group>
              <routes>
                <route to="in0">
                  <actions>
                    <action arg="1046" type="swap"/>
                  </actions>
                </route>
              </routes>
            </te-group>
            <te-group>
              <routes>
                <route to="in1">
                  <actions>
                    <action arg="1046" type="swap"/>
                    <action arg="2806" type="push"/>
                  </actions>
                </route>
              </routes>
            </te-group>
          </te-groups>
        </destination>
        <destination from="in1" label="$1052">
          <te-groups>
            <te-group>
              <routes>
                <route to="in0">
                  <actions>
                    <action arg="1053" type="swap"/>
                  </actions>
                </route>
              </routes>
            </te-group>
            <te-group>
              <routes>
                <route to="in1">
                  <actions>
                    <action arg="1053" type="swap"/>
                    <action arg="2806" type="push"/>
                  </actions>
                </route>
              </routes>
            </te-group>
          </te-groups>
        </destination>
        <destination from="in1" label="$1729">
          <te-groups>
            <te-group>
              <routes>
                <route to="in1">
                  <actions>
                    <action arg="1730" type="swap"/>
                  </actions>
                </route>
              </routes>
            </te-group>
          </te-groups>
        </destination>
        <destination from="in1" label="$1734">
          <te-groups>
            <te-group>
              <routes>
                <route to="in1">
                  <actions>
                    <action arg="1735" type="swap"/>
                  </actions>
                </route>
              </routes>
            </te-group>
          </te-groups>
        </destination>
        <destination from="in1" label="$1740">
          <te-groups>
            <te-group>
              <routes>
                <route to="in1">
                  <actions>
                    <action arg="1741" type="swap"/>
                  </actions>
                </route>
              </routes>
            </te-group>
          </te-groups>
        </destination>
        <destination from="in1" label="$1869">
          <te-groups>
            <te-group>
              <routes>
                <route to="in1">
                  <actions>
                    <action arg="1870" type="swap"/>
                  </actions>
                </route>
              </routes>
            </te-group>
          </te-groups>
        </destination>
        <destination from="in1" label="$1877">
          <te-groups>
            <te-group>
              <routes>
                <route to="in1">
                  <actions>
                    <action arg="1878" type="swap"/>
                  </actions>
                </route>
              </routes>
            </te-group>
          </te-groups>
        </destination>
        <destination from="in1" label="$1886">
          <te-groups>
            <te-group>
              <routes>
                <route to="in1">
                  <actions>
                    <action arg="1887" type="swap"/>
                  </actions>
                </route>
              </routes>
            </te-group>
          </te-groups>
        </destination>
        <destination from="in1" label="$1902">
          <te-groups>
            <te-group>
              <routes>
                <route to="in0">
                  <actions>
                    <action arg="1903" type="swap"/>
                  </actions>
                </route>
              </routes>
            </te-group>
            <te-group>
              <routes>
                <route to="in1">
                  <actions>
                    <action arg="1903" type="swap"/>
                    <action arg="2806" type="push"/>
                  </actions>
                </route>
              </routes>
            </te-group>
          </te-groups>
        </destination>
        <destination from="in1" label="$1908">
          <te-groups>
            <te-group>
              <routes>
                <route to="in0">
                  <actions>
                    <action arg="1909" type="swap"/>
                  </actions>
                </route>
              </routes>
            </te-group>
            <te-group>
              <routes>
                <route to="in1">
                  <actions>
                    <action arg="1909" type="swap"/>
                    <action arg="2806" type="push"/>
                  </actions>
                </route>
              </routes>
            </te-group>
          </te-groups>
        </destination>
        <destination from="in1" label="$1913">
          <te-groups>
            <te-group>
              <routes>
                <route to="in0">
                  <actions>
                    <action arg="1914" type="swap"/>
                  </actions>
                </route>
              </routes>
            </te-group>
            <te-group>
              <routes>
                <route to="in1">
                  <actions>
                    <action arg="1914" type="swap"/>
                    <action arg="2806" type="push"/>
                  </actions>
                </route>
              </routes>
            </te-group>
          </te-groups>
        </destination>
        <destination from="in1" label="$1919">
          <te-groups>
            <te-group>
              <routes>
                <route to="in0">
                  <actions>
                    <action arg="1920" type="swap"/>
                  </actions>
                </route>
              </routes>
            </te-group>
            <te-group>
              <routes>
                <route to="in1">
                  <actions>
                    <action arg="1920" type="swap"/>
                    <action arg="2806" type="push"/>
                  </actions>
                </route>
              </routes>
            </te-group>
          </te-groups>
        </destination>
        <destination from="in1" label="$1924">
          <te-groups>
            <te-group>
              <routes>
                <route to="in0">
                  <actions>
                    <action arg="1925" type="swap"/>
                  </actions>
                </route>
              </routes>
            </te-group>
            <te-group>
              <routes>
                <route to="in1">
                  <actions>
                    <action arg="1925" type="swap"/>
                    <action arg="2806" type="push"/>
                  </actions>
                </route>
              </routes>
            </te-group>
          </te-groups>
        </destination>
        <destination from="in1" label="$1934">
          <te-groups>
            <te-group>
              <routes>
                <route to="in0">
                  <actions>
                    <action arg="1935" type="swap"/>
                  </actions>
                </route>
              </routes>
            </te-group>
            <te-group>
              <routes>
                <route to="in1">
                  <actions>
                    <action arg="1935" type="swap"/>
                    <action arg="2806" type="push"/>
                  </actions>
                </route>
              </routes>
            </te-group>
          </te-groups>
        </destination>
        <destination from="in1" label="$1967">
          <te-groups>
            <te-group>
              <routes>
                <route to="in0">
                  <actions>
                    <action arg="1968" type="swap"/>
                  </actions>
                </route>
              </routes>
            </te-group>
            <te-group>
              <routes>
                <route to="in1">
                  <actions>
                    <action arg="1968" type="swap"/>
                    <action arg="2806" type="push"/>
                  </actions>
                </route>
              </routes>
            </te-group>
          </te-groups>
        </destination>
        <destination from="in1" label="$1975">
          <te-groups>
            <te-group>
              <routes>
                <route to="in0">
                  <actions>
                    <action arg="1976" type="swap"/>
                  </actions>
                </route>
              </routes>
            </te-group>
            <te-group>
              <routes>
                <route to="in1">
                  <actions>
                    <action arg="1976" type="swap"/>
                    <action arg="2806" type="push"/>
                  </actions>
                </route>
              </routes>
            </te-group>
          </te-groups>
        </destination>
        <destination from="in1" label="$1998">
          <te-groups>
            <te-group>
              <routes>
                <route to="in0">
                  <actions>
                    <action arg="1999" type="swap"/>
                  </actions>
                </route>
              </routes>
            </te-group>
            <te-group>
              <routes>
                <route to="in1">
                  <actions>
                    <action arg="1999" type="swap"/>
                    <action arg="2806" type="push"/>
                  </actions>
                </route>
              </routes>
            </te-group>
          </te-groups>
        </destination>
        <destination from="in1" label="$2005">
          <te-groups>
            <te-group>
              <routes>
                <route to="in0">
                  <actions>
                    <action arg="2006" type="swap"/>
                  </actions>
                </route>
              </routes>
            </te-group>
            <te-group>
              <routes>
                <route to="in1">
                  <actions>
                    <action arg="2006" type="swap"/>
                    <action arg="2806" type="push"/>
                  </actions>
                </route>
              </routes>
            </te-group>
          </te-groups>
        </destination>
        <destination from="in1" label="$2152">
          <te-groups>
            <te-group>
              <routes>
                <route to="in0">
                  <actions>
                    <action arg="2153" type="swap"/>
                  </actions>
                </route>
              </routes>
            </te-group>
            <te-group>
              <routes>
                <route to="in1">
                  <actions>
                    <action arg="2153" type="swap"/>
                    <action arg="2806" type="push"/>
                  </actions>
                </route>
              </routes>
            </te-group>
          </te-groups>
        </destination>
        <destination from="in1" label="$2157">
          <te-groups>
            <te-group>
              <routes>
                <route to="in0">
                  <actions>
                    <action arg="2158" type="swap"/>
                  </actions>
                </route>
              </routes>
            </te-group>
            <te-group>
              <routes>
                <route to="in1">
                  <actions>
                    <action arg="2158" type="swap"/>
                    <action arg="2806" type="push"/>
                  </actions>
                </route>
              </routes>
            </te-group>
          </te-groups>
        </destination>
        <destination from="in1" label="$2161">
          <te-groups>
            <te-group>
              <routes>
                <route to="in0">
                  <actions>
                    <action arg="2162" type="swap"/>
                  </actions>
                </route>
              </routes>
            </te-group>
            <te-group>
              <routes>
                <route to="in1">
                  <actions>
                    <action arg="2162" type="swap"/>
                    <action arg="2806" type="push"/>
                  </actions>
                </route>
              </routes>
            </te-group>
          </te-groups>
        </destination>
        <destination from="in1" label="$2166">
          <te-groups>
            <te-group>
              <routes>
                <route to="in0">
                  <actions>
                    <action arg="2167" type="swap"/>
                  </actions>
                </route>
              </routes>
            </te-group>
            <te-group>
              <routes>
                <route to="in1">
                  <actions>
                    <action arg="2167" type="swap"/>
                    <action arg="2806" type="push"/>
                  </actions>
                </route>
              </routes>
            </te-group>
          </te-groups>
        </destination>
        <destination from="in1" label="$2170">
          <te-groups>
            <te-group>
              <routes>
                <route to="in0">
                  <actions>
                    <action arg="2171" type="swap"/>
                  </actions>
                </route>
              </routes>
            </te-group>
            <te-group>
              <routes>
                <route to="in1">
                  <actions>
                    <action arg="2171" type="swap"/>
                    <action arg="2806" type="push"/>
                  </actions>
                </route>
              </routes>
            </te-group>
          </te-groups>
        </destination>
        <destination from="in1" label="$2177">
          <te-groups>
            <te-group>
              <routes>
                <route to="in0">
                  <actions>
                    <action arg="2178" type="swap"/>
                  </actions>
                </route>
              </routes>
            </te-group>
            <te-group>
              <routes>
                <route to="in1">
                  <actions>
                    <action arg="2178" type="swap"/>
                    <action arg="2806" type="push"/>
                  </actions>
                </route>
              </routes>
            </te-group>
          </te-groups>
        </destination>
        <destination from="in1" label="$2205">
          <te-groups>
            <te-group>
              <routes>
                <route to="in0">
                  <actions>
                    <action arg="2206" type="swap"/>
                  </actions>
                </route>
              </routes>
            </te-group>
            <te-group>
              <routes>
                <route to="in1">
                  <actions>
                    <action arg="2206" type="swap"/>
                    <action arg="2806" type="push"/>
                  </actions>
                </route>
              </routes>
            </te-group>
          </te-groups>
        </destination>
        <destination from="in1" label="$2212">
          <te-groups>
            <te-group>
              <routes>
                <route to="in0">
                  <actions>
                    <action arg="2213" type="swap"/>
                  </actions>
                </route>
              </routes>
            </te-group>
            <te-group>
              <routes>
                <route to="in1">
                  <actions>
                    <action arg="2213" type="swap"/>
                    <action arg="2806" type="push"/>
                  </actions>
                </route>
              </routes>
            </te-group>
          </te-groups>
        </destination>
        <destination from="in1" label="$2232">
          <te-groups>
            <te-group>
              <routes>
                <route to="in0">
                  <actions>
                    <action arg="2233" type="swap"/>
                  </actions>
                </route>
              </routes>
            </te-group>
            <te-group>
              <routes>
                <route to="in1">
                  <actions>
                    <action arg="2233" type="swap"/>
                    <action arg="2806" type="push"/>
                  </actions>
                </route>
              </routes>
            </te-group>
          </te-groups>
        </destination>
        <destination from="in1" label="$2238">
          <te-groups>
            <te-group>
              <routes>
                <route to="in0">
                  <actions>
                    <action arg="2239" type="swap"/>
                  </actions>
                </route>
              </routes>
            </te-group>
            <te-group>
              <routes>
                <route to="in1">
                  <actions>
                    <action arg="2239" type="swap"/>
                    <action arg="2806" type="push"/>
                  </actions>
                </route>
              </routes>
            </te-group>
          </te-groups>
        </destination>
        <destination from="in1" label="$2246">
          <te-groups>
            <te-group>
              <routes>
                <route to="in0">
                  <actions>
                    <action arg="2247" type="swap"/>
                  </actions>
                </route>
              </routes>
            </te-group>
            <te-group>
              <routes>
                <route to="in1">
                  <actions>
                    <action arg="2247" type="swap"/>
                    <action arg="2806" type="push"/>
                  </actions>
                </route>
              </routes>
            </te-group>
          </te-groups>
        </destination>
        <destination from="in1" label="$2252">
          <te-groups>
            <te-group>
              <routes>
                <route to="in0">
                  <actions>
                    <action arg="2253" type="swap"/>
                  </actions>
                </route>
              </routes>
            </te-group>
            <te-group>
              <routes>
                <route to="in1">
                  <actions>
                    <action arg="2253" type="swap"/>
                    <action arg="2806" type="push"/>
                  </actions>
                </route>
              </routes>
            </te-group>
          </te-groups>
        </destination>
        <destination from="in1" label="$2257">
          <te-groups>
            <te-group>
              <routes>
                <route to="in0">
                  <actions>
                    <action arg="2258" type="swap"/>
                  </actions>
                </route>
              </routes>
            </te-group>
            <te-group>
              <routes>
                <route to="in1">
                  <actions>
                    <action arg="2258" type="swap"/>
                    <action arg="2806" type="push"/>
                  </actions>
                </route>
              </routes>
            </te-group>
          </te-groups>
        </destination>
        <destination from="in1" label="$2263">
          <te-groups>
            <te-group>
              <routes>
                <route to="in0">
                  <actions>
                    <action arg="2264" type="swap"/>
                  </actions>
                </route>
              </routes>
            </te-group>
            <te-group>
              <routes>
                <route to="in1">
                  <actions>
                    <action arg="2264" type="swap"/>
                    <action arg="2806" type="push"/>
                  </actions>
                </route>
              </routes>
            </te-group>
          </te-groups>
        </destination>
        <destination from="in1" label="$2268">
          <te-groups>
            <te-group>
              <routes>
                <route to="in0">
                  <actions>
                    <action arg="2269" type="swap"/>
                  </actions>
                </route>
              </routes>
            </te-group>
            <te-group>
              <routes>
                <route to="in1">
                  <actions>
                    <action arg="2269" type="swap"/>
                    <action arg="2806" type="push"/>
                  </actions>
                </route>
              </routes>
            </te-group>
          </te-groups>
        </destination>
        <destination from="in1" label="$2273">
          <te-groups>
            <te-group>
              <routes>
                <route to="in0">
                  <actions>
                    <action arg="2274" type="swap"/>
                  </actions>
                </route>
              </routes>
            </te-group>
            <te-group>
              <routes>
                <route to="in1">
                  <actions>
                    <action arg="2274" type="swap"/>
                    <action arg="2806" type="push"/>
                  </actions>
                </route>
              </routes>
            </te-group>
          </te-groups>
        </destination>
        <destination from="in1" label="$2278">
          <te-groups>
            <te-group>
              <routes>
                <route to="in0">
                  <actions>
                    <action arg="2279" type="swap"/>
                  </actions>
                </route>
              </routes>
            </te-group>
            <te-group>
              <routes>
                <route to="in1">
                  <actions>
                    <action arg="2279" type="swap"/>
                    <action arg="2806" type="push"/>
                  </actions>
                </route>
              </routes>
            </te-group>
          </te-groups>
        </destination>
        <destination from="in1" label="$2315">
          <te-groups>
            <te-group>
              <routes>
                <route to="in0">
                  <actions>
                    <action arg="2316" type="swap"/>
                  </actions>
                </route>
              </routes>
            </te-group>
            <te-group>
              <routes>
                <route to="in1">
                  <actions>
                    <action arg="2316" type="swap"/>
                    <action arg="2806" type="push"/>
                  </actions>
                </route>
              </routes>
            </te-group>
          </te-groups>
        </destination>
        <destination from="in1" label="$2323">
          <te-groups>
            <te-group>
              <routes>
                <route to="in0">
                  <actions>
                    <action arg="2324" type="swap"/>
                  </actions>
                </route>
              </routes>
            </te-group>
            <te-group>
              <routes>
                <route to="in1">
                  <actions>
                    <action arg="2324" type="swap"/>
                    <action arg="2806" type="push"/>
                  </actions>
                </route>
              </routes>
            </te-group>
          </te-groups>
        </destination>
        <destination from="in1" label="$2348">
          <te-groups>
            <te-group>
              <routes>
                <route to="in0">
                  <actions>
                    <action arg="2349" type="swap"/>
                  </actions>
                </route>
              </routes>
            </te-group>
            <te-group>
              <routes>
                <route to="in1">
                  <actions>
                    <action arg="2349" type="swap"/>
                    <action arg="2806" type="push"/>
                  </actions>
                </route>
              </routes>
            </te-group>
          </te-groups>
        </destination>
        <destination from="in1" label="$2355">
          <te-groups>
            <te-group>
              <routes>
                <route to="in0">
                  <actions>
                    <action arg="2356" type="swap"/>
                  </actions>
                </route>
              </routes>
            </te-group>
            <te-group>
              <routes>
                <route to="in1">
                  <actions>
                    <action arg="2356" type="swap"/>
                    <action arg="2806" type="push"/>
                  </actions>
                </route>
              </routes>
            </te-group>
          </te-groups>
        </destination>
        <destination from="in1" label="$2363">
          <te-groups>
            <te-group>
              <routes>
                <route to="in0">
                  <actions>
                    <action arg="2364" type="swap"/>
                  </actions>
                </route>
              </routes>
            </te-group>
            <te-group>
              <routes>
                <route to="in1">
                  <actions>
                    <action arg="2364" type="swap"/>
                    <action arg="2806" type="push"/>
                  </actions>
                </route>
              </routes>
            </te-group>
          </te-groups>
        </destination>
        <destination from="in1" label="$2369">
          <te-groups>
            <te-group>
              <routes>
                <route to="in0">
                  <actions>
                    <action arg="2370" type="swap"/>
                  </actions>
                </route>
              </routes>
            </te-group>
            <te-group>
              <routes>
                <route to="in1">
                  <actions>
                    <action arg="2370" type="swap"/>
                    <action arg="2806" type="push"/>
                  </actions>
                </route>
              </routes>
            </te-group>
          </te-groups>
        </destination>
        <destination from="in1" label="$2374">
          <te-groups>
            <te-group>
              <routes>
                <route to="in0">
                  <actions>
                    <action arg="2375" type="swap"/>
                  </actions>
                </route>
              </routes>
            </te-group>
            <te-group>
              <routes>
                <route to="in1">
                  <actions>
                    <action arg="2375" type="swap"/>
                    <action arg="2806" type="push"/>
                  </actions>
                </route>
              </routes>
            </te-group>
          </te-groups>
        </destination>
        <destination from="in1" label="$2380">
          <te-groups>
            <te-group>
              <routes>
                <route to="in0">
                  <actions>
                    <action arg="2381" type="swap"/>
                  </actions>
                </route>
              </routes>
            </te-group>
            <te-group>
              <routes>
                <route to="in1">
                  <actions>
                    <action arg="2381" type="swap"/>
                    <action arg="2806" type="push"/>
                  </actions>
                </route>
              </routes>
            </te-group>
          </te-groups>
        </destination>
        <destination from="in1" label="$2385">
          <te-groups>
            <te-group>
              <routes>
                <route to="in0">
                  <actions>
                    <action arg="2386" type="swap"/>
                  </actions>
                </route>
              </routes>
            </te-group>
            <te-group>
              <routes>
                <route to="in1">
                  <actions>
                    <action arg="2386" type="swap"/>
                    <action arg="2806" type="push"/>
                  </actions>
                </route>
              </routes>
            </te-group>
          </te-groups>
        </destination>
        <destination from="in1" label="$2390">
          <te-groups>
            <te-group>
              <routes>
                <route to="in0">
                  <actions>
                    <action arg="2391" type="swap"/>
                  </actions>
                </route>
              </routes>
            </te-group>
            <te-group>
              <routes>
                <route to="in1">
                  <actions>
                    <action arg="2391" type="swap"/>
                    <action arg="2806" type="push"/>
                  </actions>
                </route>
              </routes>
            </te-group>
          </te-groups>
        </destination>
        <destination from="in1" label="$2395">
          <te-groups>
            <te-group>
              <routes>
                <route to="in0">
                  <actions>
                    <action arg="2396" type="swap"/>
                  </actions>
                </route>
              </routes>
            </te-group>
            <te-group>
              <routes>
                <route to="in1">
                  <actions>
                    <action arg="2396" type="swap"/>
                    <action arg="2806" type="push"/>
                  </actions>
                </route>
              </routes>
            </te-group>
          </te-groups>
        </destination>
        <destination from="in1" label="$2432">
          <te-groups>
            <te-group>
              <routes>
                <route to="in0">
                  <actions>
                    <action arg="2433" type="swap"/>
                  </actions>
                </route>
              </routes>
            </te-group>
            <te-group>
              <routes>
                <route to="in1">
                  <actions>
                    <action arg="2433" type="swap"/>
                    <action arg="2806" type="push"/>
                  </actions>
                </route>
              </routes>
            </te-group>
          </te-groups>
        </destination>
        <destination from="in1" label="$2440">
          <te-groups>
            <te-group>
              <routes>
                <route to="in0">
                  <actions>
                    <action arg="2441" type="swap"/>
                  </actions>
                </route>
              </routes>
            </te-group>
            <te-group>
              <routes>
                <route to="in1">
                  <actions>
                    <action arg="2441" type="swap"/>
                    <action arg="2806" type="push"/>
                  </actions>
                </route>
              </routes>
            </te-group>
          </te-groups>
        </destination>
        <destination from="in1" label="$2463">
          <te-groups>
            <te-group>
              <routes>
                <route to="in0">
                  <actions>
                    <action arg="2464" type="swap"/>
                  </actions>
                </route>
              </routes>
            </te-group>
            <te-group>
              <routes>
                <route to="in1">
                  <actions>
                    <action arg="2464" type="swap"/>
                    <action arg="2806" type="push"/>
                  </actions>
                </route>
              </routes>
            </te-group>
          </te-groups>
        </destination>
        <destination from="in1" label="$2470">
          <te-groups>
            <te-group>
              <routes>
                <route to="in0">
                  <actions>
                    <action arg="2471" type="swap"/>
                  </actions>
                </route>
              </routes>
            </te-group>
            <te-group>
              <routes>
                <route to="in1">
                  <actions>
                    <action arg="2471" type="swap"/>
                    <action arg="2806" type="push"/>
                  </actions>
                </route>
              </routes>
            </te-group>
          </te-groups>
        </destination>
        <destination from="in1" label="$2484">
          <te-groups>
            <te-group>
              <routes>
                <route to="in0">
                  <actions>
                    <action arg="2485" type="swap"/>
                  </actions>
                </route>
              </routes>
            </te-group>
            <te-group>
              <routes>
                <route to="in1">
                  <actions>
                    <action arg="2485" type="swap"/>
                    <action arg="2806" type="push"/>
                  </actions>
                </route>
              </routes>
            </te-group>
          </te-groups>
        </destination>
        <destination from="in1" label="$2497">
          <te-groups>
            <te-group>
              <routes>
                <route to="in0">
                  <actions>
                    <action arg="2498" type="swap"/>
                  </actions>
                </route>
              </routes>
            </te-group>
            <te-group>
              <routes>
                <route to="in1">
                  <actions>
                    <action arg="2498" type="swap"/>
                    <action arg="2806" type="push"/>
                  </actions>
                </route>
              </routes>
            </te-group>
          </te-groups>
        </destination>
        <destination from="in1" label="$2503">
          <te-groups>
            <te-group>
              <routes>
                <route to="in0">
                  <actions>
                    <action arg="2504" type="swap"/>
                  </actions>
                </route>
              </routes>
            </te-group>
            <te-group>
              <routes>
                <route to="in1">
                  <actions>
                    <action arg="2504" type="swap"/>
                    <action arg="2806" type="push"/>
                  </actions>
                </route>
              </routes>
            </te-group>
          </te-groups>
        </destination>
        <destination from="in1" label="$2509">
          <te-groups>
            <te-group>
              <routes>
                <route to="in0">
                  <actions>
                    <action arg="2510" type="swap"/>
                  </actions>
                </route>
              </routes>
            </te-group>
            <te-group>
              <routes>
                <route to="in1">
                  <actions>
                    <action arg="2510" type="swap"/>
                    <action arg="2806" type="push"/>
                  </actions>
                </route>
              </routes>
            </te-group>
          </te-groups>
        </destination>
        <destination from="in1" label="$2667">
          <te-groups>
            <te-group>
              <routes>
                <route to="in1">
                  <actions>
                    <action arg="2668" type="swap"/>
                  </actions>
                </route>
              </routes>
            </te-group>
          </te-groups>
        </destination>
        <destination from="in1" label="$2673">
          <te-groups>
            <te-group>
              <routes>
                <route to="in1">
                  <actions>
                    <action arg="2674" type="swap"/>
                  </actions>
                </route>
              </routes>
            </te-group>
          </te-groups>
        </destination>
      </destinations>
    </routing>
    <routing for="San_Diego">
      <destinations>
        <destination from="eg0" ip="ip">
          <te-groups>
            <te-group>
              <routes>
                <route to="in0">
                  <actions>
                    <action arg="971" type="push"/>
                  </actions>
                </route>
                <route to="in0">
                  <actions>
                    <action arg="1021" type="push"/>
                  </actions>
                </route>
                <route to="in0">
                  <actions>
                    <action arg="1017" type="push"/>
                  </actions>
                </route>
                <route to="in0">
                  <actions>
                    <action arg="1012" type="push"/>
                  </actions>
                </route>
                <route to="in0">
                  <actions>
                    <action arg="1008" type="push"/>
                  </actions>
                </route>
                <route to="in0">
                  <actions>
                    <action arg="1004" type="push"/>
                  </actions>
                </route>
                <route to="in0">
                  <actions>
                    <action arg="1001" type="push"/>
                  </actions>
                </route>
                <route to="in0">
                  <actions>
                    <action arg="995" type="push"/>
                  </actions>
                </route>
                <route to="in0">
                  <actions>
                    <action arg="990" type="push"/>
                  </actions>
                </route>
                <route to="in0">
                  <actions>
                    <action arg="984" type="push"/>
                  </actions>
                </route>
                <route to="in0">
                  <actions>
                    <action arg="979" type="push"/>
                  </actions>
                </route>
                <route to="in0">
                  <actions>
                    <action arg="975" type="push"/>
                  </actions>
                </route>
                <route to="in0">
                  <actions>
                    <action arg="920" type="push"/>
                  </actions>
                </route>
                <route to="in0">
                  <actions>
                    <action arg="968" type="push"/>
                  </actions>
                </route>
                <route to="in0">
                  <actions>
                    <action arg="964" type="push"/>
                  </actions>
                </route>
                <route to="in0">
                  <actions>
                    <action arg="961" type="push"/>
                  </actions>
                </route>
                <route to="in0">
                  <actions>
                    <action arg="959" type="push"/>
                  </actions>
                </route>
                <route to="in0">
                  <actions>
                    <action arg="954" type="push"/>
                  </actions>
                </route>
                <route to="in0">
                  <actions>
                    <action arg="950" type="push"/>
                  </actions>
                </route>
                <route to="in0">
                  <actions>
                    <action arg="947" type="push"/>
                  </actions>
                </route>
                <route to="in0">
                  <actions>
                    <action arg="942" type="push"/>
                  </actions>
                </route>
                <route to="in0">
                  <actions>
                    <action arg="937" type="push"/>
                  </actions>
                </route>
                <route to="in0">
                  <actions>
                    <action arg="931" type="push"/>
                  </actions>
                </route>
                <route to="in0">
                  <actions>
                    <action arg="926" type="push"/>
                  </actions>
                </route>
              </routes>
            </te-group>
          </te-groups>
        </destination>
        <destination from="in0" label="71">
          <te-groups>
            <te-group>
              <routes>
                <route to="eg0">
                  <actions>
                    <action type="pop"/>
                  </actions>
                </route>
              </routes>
            </te-group>
          </te-groups>
        </destination>
        <destination from="in0" label="195">
          <te-groups>
            <te-group>
              <routes>
                <route to="eg0">
                  <actions>
                    <action type="pop"/>
                  </actions>
                </route>
              </routes>
            </te-group>
          </te-groups>
        </destination>
        <destination from="in0" label="316">
          <te-groups>
            <te-group>
              <routes>
                <route to="eg0">
                  <actions>
                    <action type="pop"/>
                  </actions>
                </route>
              </routes>
            </te-group>
          </te-groups>
        </destination>
        <destination from="in0" label="426">
          <te-groups>
            <te-group>
              <routes>
                <route to="eg0">
                  <actions>
                    <action type="pop"/>
                  </actions>
                </route>
              </routes>
            </te-group>
          </te-groups>
        </destination>
        <destination from="in0" label="530">
          <te-groups>
            <te-group>
              <routes>
                <route to="eg0">
                  <actions>
                    <action type="pop"/>
                  </actions>
                </route>
              </routes>
            </te-group>
          </te-groups>
        </destination>
        <destination from="in0" label="646">
          <te-groups>
            <te-group>
              <routes>
                <route to="eg0">
                  <actions>
                    <action type="pop"/>
                  </actions>
                </route>
              </routes>
            </te-group>
          </te-groups>
        </destination>
        <destination from="in0" label="741">
          <te-groups>
            <te-group>
              <routes>
                <route to="eg0">
                  <actions>
                    <action type="pop"/>
                  </actions>
                </route>
              </routes>
            </te-group>
          </te-groups>
        </destination>
        <destination from="in0" label="843">
          <te-groups>
            <te-group>
              <routes>
                <route to="eg0">
                  <actions>
                    <action type="pop"/>
                  </actions>
                </route>
              </routes>
            </te-group>
          </te-groups>
        </destination>
        <destination from="in0" label="1058">
          <te-groups>
            <te-group>
              <routes>
                <route to="eg0">
                  <actions>
                    <action type="pop"/>
                  </actions>
                </route>
              </routes>
            </te-group>
          </te-groups>
        </destination>
        <destination from="in0" label="1148">
          <te-groups>
            <te-group>
              <routes>
                <route to="eg0">
                  <actions>
                    <action type="pop"/>
                  </actions>
                </route>
              </routes>
            </te-group>
          </te-groups>
        </destination>
        <destination from="in0" label="1250">
          <te-groups>
            <te-group>
              <routes>
                <route to="eg0">
                  <actions>
                    <action type="pop"/>
                  </actions>
                </route>
              </routes>
            </te-group>
          </te-groups>
        </destination>
        <destination from="in0" label="1357">
          <te-groups>
            <te-group>
              <routes>
                <route to="eg0">
                  <actions>
                    <action type="pop"/>
                  </actions>
                </route>
              </routes>
            </te-group>
          </te-groups>
        </destination>
        <destination from="in0" label="1464">
          <te-groups>
            <te-group>
              <routes>
                <route to="eg0">
                  <actions>
                    <action type="pop"/>
                  </actions>
                </route>
              </routes>
            </te-group>
          </te-groups>
        </destination>
        <destination from="in0" label="1578">
          <te-groups>
            <te-group>
              <routes>
                <route to="eg0">
                  <actions>
                    <action type="pop"/>
                  </actions>
                </route>
              </routes>
            </te-group>
          </te-groups>
        </destination>
        <destination from="in0" label="1668">
          <te-groups>
            <te-group>
              <routes>
                <route to="eg0">
                  <actions>
                    <action type="pop"/>
                  </actions>
                </route>
              </routes>
            </te-group>
          </te-groups>
        </destination>
        <destination from="in0" label="1805">
          <te-groups>
            <te-group>
              <routes>
                <route to="eg0">
                  <actions>
                    <action type="pop"/>
                  </actions>
                </route>
              </routes>
            </te-group>
          </te-groups>
        </destination>
        <destination from="in0" label="1943">
          <te-groups>
            <te-group>
              <routes>
                <route to="eg0">
                  <actions>
                    <action type="pop"/>
                  </actions>
                </route>
              </routes>
            </te-group>
          </te-groups>
        </destination>
        <destination from="in0" label="2075">
          <te-groups>
            <te-group>
              <routes>
                <route to="eg0">
                  <actions>
                    <action type="pop"/>
                  </actions>
                </route>
              </routes>
            </te-group>
          </te-groups>
        </destination>
        <destination from="in0" label="2183">
          <te-groups>
            <te-group>
              <routes>
                <route to="eg0">
                  <actions>
                    <action type="pop"/>
                  </actions>
                </route>
              </routes>
            </te-group>
          </te-groups>
        </destination>
        <destination from="in0" label="2286">
          <te-groups>
            <te-group>
              <routes>
                <route to="eg0">
                  <actions>
                    <action type="pop"/>
                  </actions>
                </route>
              </routes>
            </te-group>
          </te-groups>
        </destination>
        <destination from="in0" label="2403">
          <te-groups>
            <te-group>
              <routes>
                <route to="eg0">
                  <actions>
                    <action type="pop"/>
                  </actions>
                </route>
              </routes>
            </te-group>
          </te-groups>
        </destination>
        <destination from="in0" label="2519">
          <te-groups>
            <te-group>
              <routes>
                <route to="eg0">
                  <actions>
                    <action type="pop"/>
                  </actions>
                </route>
              </routes>
            </te-group>
          </te-groups>
        </destination>
        <destination from="in0" label="2618">
          <te-groups>
            <te-group>
              <routes>
                <route to="eg0">
                  <actions>
                    <action type="pop"/>
                  </actions>
                </route>
              </routes>
            </te-group>
          </te-groups>
        </destination>
        <destination from="in0" label="2719">
          <te-groups>
            <te-group>
              <routes>
                <route to="eg0">
                  <actions>
                    <action type="pop"/>
                  </actions>
                </route>
              </routes>
            </te-group>
          </te-groups>
        </destination>
      </destinations>
    </routing>
    <routing for="Los_Angeles">
      <destinations>
        <destination from="eg0" ip="ip">
          <te-groups>
            <te-group>
              <routes>
                <route to="in4">
                  <actions>
                    <action arg="1030" type="push"/>
                  </actions>
                </route>
                <route to="in5">
                  <actions>
                    <action arg="1024" type="push"/>
                  </actions>
                </route>
                <route to="in5">
                  <actions>
                    <action arg="1106" type="push"/>
                  </actions>
                </route>
                <route to="in5">
                  <actions>
                    <action arg="1103" type="push"/>
                  </actions>
                </route>
                <route to="in4">
                  <actions>
                    <action arg="1099" type="push"/>
                  </actions>
                </route>
                <route to="in4">
                  <actions>
                    <action arg="1096" type="push"/>
                  </actions>
                </route>
                <route to="in4">
                  <actions>
                    <action arg="1093" type="push"/>
                  </actions>
                </route>
                <route to="in4">
                  <actions>
                    <action arg="1091" type="push"/>
                  </actions>
                </route>
                <route to="in2">
                  <actions>
                    <action arg="1086" type="push"/>
                  </actions>
                </route>
                <route to="in2">
                  <actions>
                    <action arg="1082" type="push"/>
                  </actions>
                </route>
                <route to="in5">
                  <actions>
                    <action arg="1077" type="push"/>
                  </actions>
                </route>
                <route to="in5">
                  <actions>
                    <action arg="1073" type="push"/>
                  </actions>
                </route>
                <route to="in2">
                  <actions>
                    <action arg="1070" type="push"/>
                  </actions>
                </route>
                <route to="in3">
                  <actions>
                    <action arg="1065" type="push"/>
                  </actions>
                </route>
                <route to="in2">
                  <actions>
                    <action arg="1067" type="push"/>
                  </actions>
                </route>
                <route to="in5">
                  <actions>
                    <action arg="1035" type="push"/>
                  </actions>
                </route>
                <route to="in5">
                  <actions>
                    <action arg="1039" type="push"/>
                  </actions>
                </route>
                <route to="in4">
                  <actions>
                    <action arg="1044" type="push"/>
                  </actions>
                </route>
                <route to="in0">
                  <actions>
                    <action arg="1049" type="push"/>
                  </actions>
                </route>
                <route to="in4">
                  <actions>
                    <action arg="1051" type="push"/>
                  </actions>
                </route>
                <route to="in4">
                  <actions>
                    <action arg="1055" type="push"/>
                  </actions>
                </route>
                <route to="in1">
                  <actions>
                    <action arg="1058" type="push"/>
                  </actions>
                </route>
                <route to="in2">
                  <actions>
                    <action arg="1060" type="push"/>
                  </actions>
                </route>
                <route to="in2">
                  <actions>
                    <action arg="1062" type="push"/>
                  </actions>
                </route>
              </routes>
            </te-group>
            <te-group>
              <routes>
                <route to="in0">
                  <actions>
                    <action arg="1044" type="push"/>
                    <action arg="2817" type="push"/>
                  </actions>
                </route>
                <route to="in0">
                  <actions>
                    <action arg="1051" type="push"/>
                    <action arg="2817" type="push"/>
                  </actions>
                </route>
                <route to="in0">
                  <actions>
                    <action arg="1055" type="push"/>
                    <action arg="2817" type="push"/>
                  </actions>
                </route>
                <route to="in0">
                  <actions>
                    <action arg="1091" type="push"/>
                    <action arg="2817" type="push"/>
                  </actions>
                </route>
                <route to="in0">
                  <actions>
                    <action arg="1093" type="push"/>
                    <action arg="2817" type="push"/>
                  </actions>
                </route>
                <route to="in0">
                  <actions>
                    <action arg="1096" type="push"/>
                    <action arg="2817" type="push"/>
                  </actions>
                </route>
                <route to="in0">
                  <actions>
                    <action arg="1099" type="push"/>
                    <action arg="2817" type="push"/>
                  </actions>
                </route>
                <route to="in4">
                  <actions>
                    <action arg="1024" type="push"/>
                    <action arg="2823" type="push"/>
                  </actions>
                </route>
                <route to="in4">
                  <actions>
                    <action arg="1035" type="push"/>
                    <action arg="2823" type="push"/>
                  </actions>
                </route>
                <route to="in4">
                  <actions>
                    <action arg="1039" type="push"/>
                    <action arg="2823" type="push"/>
                  </actions>
                </route>
                <route to="in4">
                  <actions>
                    <action arg="1073" type="push"/>
                    <action arg="2823" type="push"/>
                  </actions>
                </route>
                <route to="in4">
                  <actions>
                    <action arg="1077" type="push"/>
                    <action arg="2823" type="push"/>
                  </actions>
                </route>
                <route to="in4">
                  <actions>
                    <action arg="1103" type="push"/>
                    <action arg="2823" type="push"/>
                  </actions>
                </route>
                <route to="in4">
                  <actions>
                    <action arg="1106" type="push"/>
                    <action arg="2823" type="push"/>
                  </actions>
                </route>
                <route to="in0">
                  <actions>
                    <action arg="1030" type="push"/>
                    <action arg="2817" type="push"/>
                  </actions>
                </route>
                <route to="in2">
                  <actions>
                    <action arg="1065" type="push"/>
                    <action arg="2814" type="push"/>
                  </actions>
                </route>
                <route to="in3">
                  <actions>
                    <action arg="1086" type="push"/>
                    <action arg="2813" type="push"/>
                  </actions>
                </route>
                <route to="in3">
                  <actions>
                    <action arg="1082" type="push"/>
                    <action arg="2813" type="push"/>
                  </actions>
                </route>
                <route to="in3">
                  <actions>
                    <action arg="1070" type="push"/>
                    <action arg="2813" type="push"/>
                  </actions>
                </route>
                <route to="in3">
                  <actions>
                    <action arg="1067" type="push"/>
                    <action arg="2813" type="push"/>
                  </actions>
                </route>
                <route to="in3">
                  <actions>
                    <action arg="1062" type="push"/>
                    <action arg="2813" type="push"/>
                  </actions>
                </route>
                <route to="in3">
                  <actions>
                    <action arg="1060" type="push"/>
                    <action arg="2813" type="push"/>
                  </actions>
                </route>
                <route to="in4">
                  <actions>
                    <action arg="1049" type="push"/>
                    <action arg="2812" type="push"/>
                  </actions>
                </route>
              </routes>
            </te-group>
            <te-group>
              <routes>
                <route to="in2">
                  <actions>
                    <action arg="1086" type="push"/>
                    <action arg="2813" type="push"/>
                    <action arg="2814" type="push"/>
                  </actions>
                </route>
                <route to="in2">
                  <actions>
                    <action arg="1082" type="push"/>
                    <action arg="2813" type="push"/>
                    <action arg="2814" type="push"/>
                  </actions>
                </route>
                <route to="in2">
                  <actions>
                    <action arg="1070" type="push"/>
                    <action arg="2813" type="push"/>
                    <action arg="2814" type="push"/>
                  </actions>
                </route>
                <route to="in2">
                  <actions>
                    <action arg="1067" type="push"/>
                    <action arg="2813" type="push"/>
                    <action arg="2814" type="push"/>
                  </actions>
                </route>
                <route to="in2">
                  <actions>
                    <action arg="1062" type="push"/>
                    <action arg="2813" type="push"/>
                    <action arg="2814" type="push"/>
                  </actions>
                </route>
                <route to="in2">
                  <actions>
                    <action arg="1060" type="push"/>
                    <action arg="2813" type="push"/>
                    <action arg="2814" type="push"/>
                  </actions>
                </route>
                <route to="in0">
                  <actions>
                    <action arg="1049" type="push"/>
                    <action arg="2812" type="push"/>
                    <action arg="2817" type="push"/>
                  </actions>
                </route>
              </routes>
            </te-group>
          </te-groups>
        </destination>
        <destination from="in0" label="76">
          <te-groups>
            <te-group>
              <routes>
                <route to="eg0">
                  <actions>
                    <action type="pop"/>
                  </actions>
                </route>
              </routes>
            </te-group>
          </te-groups>
        </destination>
        <destination from="in0" label="199">
          <te-groups>
            <te-group>
              <routes>
                <route to="eg0">
                  <actions>
                    <action type="pop"/>
                  </actions>
                </route>
              </routes>
            </te-group>
          </te-groups>
        </destination>
        <destination from="in0" label="321">
          <te-groups>
            <te-group>
              <routes>
                <route to="eg0">
                  <actions>
                    <action type="pop"/>
                  </actions>
                </route>
              </routes>
            </te-group>
          </te-groups>
        </destination>
        <destination from="in0" label="430">
          <te-groups>
            <te-group>
              <routes>
                <route to="eg0">
                  <actions>
                    <action type="pop"/>
                  </actions>
                </route>
              </routes>
            </te-group>
          </te-groups>
        </destination>
        <destination from="in0" label="534">
          <te-groups>
            <te-group>
              <routes>
                <route to="eg0">
                  <actions>
                    <action type="pop"/>
                  </actions>
                </route>
              </routes>
            </te-group>
          </te-groups>
        </destination>
        <destination from="in0" label="648">
          <te-groups>
            <te-group>
              <routes>
                <route to="eg0">
                  <actions>
                    <action type="pop"/>
                  </actions>
                </route>
              </routes>
            </te-group>
          </te-groups>
        </destination>
        <destination from="in0" label="744">
          <te-groups>
            <te-group>
              <routes>
                <route to="eg0">
                  <actions>
                    <action type="pop"/>
                  </actions>
                </route>
              </routes>
            </te-group>
          </te-groups>
        </destination>
        <destination from="in0" label="847">
          <te-groups>
            <te-group>
              <routes>
                <route to="eg0">
                  <actions>
                    <action type="pop"/>
                  </actions>
                </route>
              </routes>
            </te-group>
          </te-groups>
        </destination>
        <destination from="in0" label="1673">
          <te-groups>
            <te-group>
              <routes>
                <route to="eg0">
                  <actions>
                    <action type="pop"/>
                  </actions>
                </route>
              </routes>
            </te-group>
          </te-groups>
        </destination>
        <destination from="in0" label="1810">
          <te-groups>
            <te-group>
              <routes>
                <route to="eg0">
                  <actions>
                    <action type="pop"/>
                  </actions>
                </route>
              </routes>
            </te-group>
          </te-groups>
        </destination>
        <destination from="in0" label="2621">
          <te-groups>
            <te-group>
              <routes>
                <route to="eg0">
                  <actions>
                    <action type="pop"/>
                  </actions>
                </route>
              </routes>
            </te-group>
          </te-groups>
        </destination>
        <destination from="in0" label="2721">
          <te-groups>
            <te-group>
              <routes>
                <route to="eg0">
                  <actions>
                    <action type="pop"/>
                  </actions>
                </route>
              </routes>
            </te-group>
          </te-groups>
        </destination>
        <destination from="in0" label="2781">
          <te-groups>
            <te-group>
              <routes>
                <route to="in0">
                  <actions>
                    <action arg="2780" type="swap"/>
                  </actions>
                </route>
              </routes>
            </te-group>
            <te-group>
              <routes>
                <route to="in4">
                  <actions>
                    <action arg="2780" type="swap"/>
                    <action arg="2812" type="push"/>
                  </actions>
                </route>
              </routes>
            </te-group>
            <te-group>
              <routes>
                <route to="in0">
                  <actions>
                    <action arg="2780" type="swap"/>
                    <action arg="2812" type="push"/>
                    <action arg="2817" type="push"/>
                  </actions>
                </route>
              </routes>
            </te-group>
          </te-groups>
        </destination>
        <destination from="in0" label="2792">
          <te-groups>
            <te-group>
              <routes>
                <route to="in4">
                  <actions>
                    <action arg="2791" type="swap"/>
                  </actions>
                </route>
              </routes>
            </te-group>
            <te-group>
              <routes>
                <route to="in0">
                  <actions>
                    <action arg="2791" type="swap"/>
                    <action arg="2817" type="push"/>
                  </actions>
                </route>
              </routes>
            </te-group>
          </te-groups>
        </destination>
        <destination from="in0" label="2796">
          <te-groups>
            <te-group>
              <routes>
                <route to="in5">
                  <actions>
                    <action arg="2795" type="swap"/>
                  </actions>
                </route>
              </routes>
            </te-group>
            <te-group>
              <routes>
                <route to="in4">
                  <actions>
                    <action arg="2795" type="swap"/>
                    <action arg="2823" type="push"/>
                  </actions>
                </route>
              </routes>
            </te-group>
          </te-groups>
        </destination>
        <destination from="in0" label="2802">
          <te-groups>
            <te-group>
              <routes>
                <route to="in4">
                  <actions>
                    <action arg="2801" type="swap"/>
                  </actions>
                </route>
              </routes>
            </te-group>
            <te-group>
              <routes>
                <route to="in0">
                  <actions>
                    <action arg="2801" type="swap"/>
                    <action arg="2817" type="push"/>
                  </actions>
                </route>
              </routes>
            </te-group>
          </te-groups>
        </destination>
        <destination from="in0" label="2807">
          <te-groups>
            <te-group>
              <routes>
                <route to="in4">
                  <actions>
                    <action type="pop"/>
                  </actions>
                </route>
              </routes>
            </te-group>
            <te-group>
              <routes>
                <route to="in0">
                  <actions>
                    <action arg="2817" type="swap"/>
                  </actions>
                </route>
              </routes>
            </te-group>
          </te-groups>
        </destination>
        <destination from="in0" label="2896">
          <te-groups>
            <te-group>
              <routes>
                <route to="in5">
                  <actions>
                    <action type="pop"/>
                  </actions>
                </route>
              </routes>
            </te-group>
          </te-groups>
        </destination>
        <destination from="in0" label="$70">
          <te-groups>
            <te-group>
              <routes>
                <route to="in1">
                  <actions>
                    <action arg="71" type="swap"/>
                  </actions>
                </route>
              </routes>
            </te-group>
          </te-groups>
        </destination>
        <destination from="in0" label="$81">
          <te-groups>
            <te-group>
              <routes>
                <route to="in2">
                  <actions>
                    <action arg="82" type="swap"/>
                  </actions>
                </route>
              </routes>
            </te-group>
            <te-group>
              <routes>
                <route to="in3">
                  <actions>
                    <action arg="82" type="swap"/>
                    <action arg="2813" type="push"/>
                  </actions>
                </route>
              </routes>
            </te-group>
            <te-group>
              <routes>
                <route to="in2">
                  <actions>
                    <action arg="82" type="swap"/>
                    <action arg="2813" type="push"/>
                    <action arg="2814" type="push"/>
                  </actions>
                </route>
              </routes>
            </te-group>
          </te-groups>
        </destination>
        <destination from="in0" label="$87">
          <te-groups>
            <te-group>
              <routes>
                <route to="in2">
                  <actions>
                    <action arg="88" type="swap"/>
                  </actions>
                </route>
              </routes>
            </te-group>
            <te-group>
              <routes>
                <route to="in3">
                  <actions>
                    <action arg="88" type="swap"/>
                    <action arg="2813" type="push"/>
                  </actions>
                </route>
              </routes>
            </te-group>
            <te-group>
              <routes>
                <route to="in2">
                  <actions>
                    <action arg="88" type="swap"/>
                    <action arg="2813" type="push"/>
                    <action arg="2814" type="push"/>
                  </actions>
                </route>
              </routes>
            </te-group>
          </te-groups>
        </destination>
        <destination from="in0" label="$94">
          <te-groups>
            <te-group>
              <routes>
                <route to="in3">
                  <actions>
                    <action arg="95" type="swap"/>
                  </actions>
                </route>
              </routes>
            </te-group>
            <te-group>
              <routes>
                <route to="in2">
                  <actions>
                    <action arg="95" type="swap"/>
                    <action arg="2814" type="push"/>
                  </actions>
                </route>
              </routes>
            </te-group>
          </te-groups>
        </destination>
        <destination from="in0" label="$100">
          <te-groups>
            <te-group>
              <routes>
                <route to="in2">
                  <actions>
                    <action arg="101" type="swap"/>
                  </actions>
                </route>
              </routes>
            </te-group>
            <te-group>
              <routes>
                <route to="in3">
                  <actions>
                    <action arg="101" type="swap"/>
                    <action arg="2813" type="push"/>
                  </actions>
                </route>
              </routes>
            </te-group>
            <te-group>
              <routes>
                <route to="in2">
                  <actions>
                    <action arg="101" type="swap"/>
                    <action arg="2813" type="push"/>
                    <action arg="2814" type="push"/>
                  </actions>
                </route>
              </routes>
            </te-group>
          </te-groups>
        </destination>
        <destination from="in0" label="$107">
          <te-groups>
            <te-group>
              <routes>
                <route to="in2">
                  <actions>
                    <action arg="108" type="swap"/>
                  </actions>
                </route>
              </routes>
            </te-group>
            <te-group>
              <routes>
                <route to="in3">
                  <actions>
                    <action arg="108" type="swap"/>
                    <action arg="2813" type="push"/>
                  </actions>
                </route>
              </routes>
            </te-group>
            <te-group>
              <routes>
                <route to="in2">
                  <actions>
                    <action arg="108" type="swap"/>
                    <action arg="2813" type="push"/>
                    <action arg="2814" type="push"/>
                  </actions>
                </route>
              </routes>
            </te-group>
          </te-groups>
        </destination>
        <destination from="in0" label="$125">
          <te-groups>
            <te-group>
              <routes>
                <route to="in2">
                  <actions>
                    <action arg="126" type="swap"/>
                  </actions>
                </route>
              </routes>
            </te-group>
            <te-group>
              <routes>
                <route to="in3">
                  <actions>
                    <action arg="126" type="swap"/>
                    <action arg="2813" type="push"/>
                  </actions>
                </route>
              </routes>
            </te-group>
            <te-group>
              <routes>
                <route to="in2">
                  <actions>
                    <action arg="126" type="swap"/>
                    <action arg="2813" type="push"/>
                    <action arg="2814" type="push"/>
                  </actions>
                </route>
              </routes>
            </te-group>
          </te-groups>
        </destination>
        <destination from="in0" label="$133">
          <te-groups>
            <te-group>
              <routes>
                <route to="in2">
                  <actions>
                    <action arg="134" type="swap"/>
                  </actions>
                </route>
              </routes>
            </te-group>
            <te-group>
              <routes>
                <route to="in3">
                  <actions>
                    <action arg="134" type="swap"/>
                    <action arg="2813" type="push"/>
                  </actions>
                </route>
              </routes>
            </te-group>
            <te-group>
              <routes>
                <route to="in2">
                  <actions>
                    <action arg="134" type="swap"/>
                    <action arg="2813" type="push"/>
                    <action arg="2814" type="push"/>
                  </actions>
                </route>
              </routes>
            </te-group>
          </te-groups>
        </destination>
        <destination from="in0" label="$194">
          <te-groups>
            <te-group>
              <routes>
                <route to="in1">
                  <actions>
                    <action arg="195" type="swap"/>
                  </actions>
                </route>
              </routes>
            </te-group>
          </te-groups>
        </destination>
        <destination from="in0" label="$203">
          <te-groups>
            <te-group>
              <routes>
                <route to="in2">
                  <actions>
                    <action arg="204" type="swap"/>
                  </actions>
                </route>
              </routes>
            </te-group>
            <te-group>
              <routes>
                <route to="in3">
                  <actions>
                    <action arg="204" type="swap"/>
                    <action arg="2813" type="push"/>
                  </actions>
                </route>
              </routes>
            </te-group>
            <te-group>
              <routes>
                <route to="in2">
                  <actions>
                    <action arg="204" type="swap"/>
                    <action arg="2813" type="push"/>
                    <action arg="2814" type="push"/>
                  </actions>
                </route>
              </routes>
            </te-group>
          </te-groups>
        </destination>
        <destination from="in0" label="$208">
          <te-groups>
            <te-group>
              <routes>
                <route to="in2">
                  <actions>
                    <action arg="209" type="swap"/>
                  </actions>
                </route>
              </routes>
            </te-group>
            <te-group>
              <routes>
                <route to="in3">
                  <actions>
                    <action arg="209" type="swap"/>
                    <action arg="2813" type="push"/>
                  </actions>
                </route>
              </routes>
            </te-group>
            <te-group>
              <routes>
                <route to="in2">
                  <actions>
                    <action arg="209" type="swap"/>
                    <action arg="2813" type="push"/>
                    <action arg="2814" type="push"/>
                  </actions>
                </route>
              </routes>
            </te-group>
          </te-groups>
        </destination>
        <destination from="in0" label="$214">
          <te-groups>
            <te-group>
              <routes>
                <route to="in3">
                  <actions>
                    <action arg="215" type="swap"/>
                  </actions>
                </route>
              </routes>
            </te-group>
            <te-group>
              <routes>
                <route to="in2">
                  <actions>
                    <action arg="215" type="swap"/>
                    <action arg="2814" type="push"/>
                  </actions>
                </route>
              </routes>
            </te-group>
          </te-groups>
        </destination>
        <destination from="in0" label="$219">
          <te-groups>
            <te-group>
              <routes>
                <route to="in2">
                  <actions>
                    <action arg="220" type="swap"/>
                  </actions>
                </route>
              </routes>
            </te-group>
            <te-group>
              <routes>
                <route to="in3">
                  <actions>
                    <action arg="220" type="swap"/>
                    <action arg="2813" type="push"/>
                  </actions>
                </route>
              </routes>
            </te-group>
            <te-group>
              <routes>
                <route to="in2">
                  <actions>
                    <action arg="220" type="swap"/>
                    <action arg="2813" type="push"/>
                    <action arg="2814" type="push"/>
                  </actions>
                </route>
              </routes>
            </te-group>
          </te-groups>
        </destination>
        <destination from="in0" label="$225">
          <te-groups>
            <te-group>
              <routes>
                <route to="in2">
                  <actions>
                    <action arg="226" type="swap"/>
                  </actions>
                </route>
              </routes>
            </te-group>
            <te-group>
              <routes>
                <route to="in3">
                  <actions>
                    <action arg="226" type="swap"/>
                    <action arg="2813" type="push"/>
                  </actions>
                </route>
              </routes>
            </te-group>
            <te-group>
              <routes>
                <route to="in2">
                  <actions>
                    <action arg="226" type="swap"/>
                    <action arg="2813" type="push"/>
                    <action arg="2814" type="push"/>
                  </actions>
                </route>
              </routes>
            </te-group>
          </te-groups>
        </destination>
        <destination from="in0" label="$244">
          <te-groups>
            <te-group>
              <routes>
                <route to="in2">
                  <actions>
                    <action arg="245" type="swap"/>
                  </actions>
                </route>
              </routes>
            </te-group>
            <te-group>
              <routes>
                <route to="in3">
                  <actions>
                    <action arg="245" type="swap"/>
                    <action arg="2813" type="push"/>
                  </actions>
                </route>
              </routes>
            </te-group>
            <te-group>
              <routes>
                <route to="in2">
                  <actions>
                    <action arg="245" type="swap"/>
                    <action arg="2813" type="push"/>
                    <action arg="2814" type="push"/>
                  </actions>
                </route>
              </routes>
            </te-group>
          </te-groups>
        </destination>
        <destination from="in0" label="$251">
          <te-groups>
            <te-group>
              <routes>
                <route to="in2">
                  <actions>
                    <action arg="252" type="swap"/>
                  </actions>
                </route>
              </routes>
            </te-group>
            <te-group>
              <routes>
                <route to="in3">
                  <actions>
                    <action arg="252" type="swap"/>
                    <action arg="2813" type="push"/>
                  </actions>
                </route>
              </routes>
            </te-group>
            <te-group>
              <routes>
                <route to="in2">
                  <actions>
                    <action arg="252" type="swap"/>
                    <action arg="2813" type="push"/>
                    <action arg="2814" type="push"/>
                  </actions>
                </route>
              </routes>
            </te-group>
          </te-groups>
        </destination>
        <destination from="in0" label="$315">
          <te-groups>
            <te-group>
              <routes>
                <route to="in1">
                  <actions>
                    <action arg="316" type="swap"/>
                  </actions>
                </route>
              </routes>
            </te-group>
          </te-groups>
        </destination>
        <destination from="in0" label="$326">
          <te-groups>
            <te-group>
              <routes>
                <route to="in2">
                  <actions>
                    <action arg="327" type="swap"/>
                  </actions>
                </route>
              </routes>
            </te-group>
            <te-group>
              <routes>
                <route to="in3">
                  <actions>
                    <action arg="327" type="swap"/>
                    <action arg="2813" type="push"/>
                  </actions>
                </route>
              </routes>
            </te-group>
            <te-group>
              <routes>
                <route to="in2">
                  <actions>
                    <action arg="327" type="swap"/>
                    <action arg="2813" type="push"/>
                    <action arg="2814" type="push"/>
                  </actions>
                </route>
              </routes>
            </te-group>
          </te-groups>
        </destination>
        <destination from="in0" label="$332">
          <te-groups>
            <te-group>
              <routes>
                <route to="in2">
                  <actions>
                    <action arg="333" type="swap"/>
                  </actions>
                </route>
              </routes>
            </te-group>
            <te-group>
              <routes>
                <route to="in3">
                  <actions>
                    <action arg="333" type="swap"/>
                    <action arg="2813" type="push"/>
                  </actions>
                </route>
              </routes>
            </te-group>
            <te-group>
              <routes>
                <route to="in2">
                  <actions>
                    <action arg="333" type="swap"/>
                    <action arg="2813" type="push"/>
                    <action arg="2814" type="push"/>
                  </actions>
                </route>
              </routes>
            </te-group>
          </te-groups>
        </destination>
        <destination from="in0" label="$339">
          <te-groups>
            <te-group>
              <routes>
                <route to="in3">
                  <actions>
                    <action arg="340" type="swap"/>
                  </actions>
                </route>
              </routes>
            </te-group>
            <te-group>
              <routes>
                <route to="in2">
                  <actions>
                    <action arg="340" type="swap"/>
                    <action arg="2814" type="push"/>
                  </actions>
                </route>
              </routes>
            </te-group>
          </te-groups>
        </destination>
        <destination from="in0" label="$345">
          <te-groups>
            <te-group>
              <routes>
                <route to="in2">
                  <actions>
                    <action arg="346" type="swap"/>
                  </actions>
                </route>
              </routes>
            </te-group>
            <te-group>
              <routes>
                <route to="in3">
                  <actions>
                    <action arg="346" type="swap"/>
                    <action arg="2813" type="push"/>
                  </actions>
                </route>
              </routes>
            </te-group>
            <te-group>
              <routes>
                <route to="in2">
                  <actions>
                    <action arg="346" type="swap"/>
                    <action arg="2813" type="push"/>
                    <action arg="2814" type="push"/>
                  </actions>
                </route>
              </routes>
            </te-group>
          </te-groups>
        </destination>
        <destination from="in0" label="$352">
          <te-groups>
            <te-group>
              <routes>
                <route to="in2">
                  <actions>
                    <action arg="353" type="swap"/>
                  </actions>
                </route>
              </routes>
            </te-group>
            <te-group>
              <routes>
                <route to="in3">
                  <actions>
                    <action arg="353" type="swap"/>
                    <action arg="2813" type="push"/>
                  </actions>
                </route>
              </routes>
            </te-group>
            <te-group>
              <routes>
                <route to="in2">
                  <actions>
                    <action arg="353" type="swap"/>
                    <action arg="2813" type="push"/>
                    <action arg="2814" type="push"/>
                  </actions>
                </route>
              </routes>
            </te-group>
          </te-groups>
        </destination>
        <destination from="in0" label="$366">
          <te-groups>
            <te-group>
              <routes>
                <route to="in2">
                  <actions>
                    <action arg="367" type="swap"/>
                  </actions>
                </route>
              </routes>
            </te-group>
            <te-group>
              <routes>
                <route to="in3">
                  <actions>
                    <action arg="367" type="swap"/>
                    <action arg="2813" type="push"/>
                  </actions>
                </route>
              </routes>
            </te-group>
            <te-group>
              <routes>
                <route to="in2">
                  <actions>
                    <action arg="367" type="swap"/>
                    <action arg="2813" type="push"/>
                    <action arg="2814" type="push"/>
                  </actions>
                </route>
              </routes>
            </te-group>
          </te-groups>
        </destination>
        <destination from="in0" label="$374">
          <te-groups>
            <te-group>
              <routes>
                <route to="in2">
                  <actions>
                    <action arg="375" type="swap"/>
                  </actions>
                </route>
              </routes>
            </te-group>
            <te-group>
              <routes>
                <route to="in3">
                  <actions>
                    <action arg="375" type="swap"/>
                    <action arg="2813" type="push"/>
                  </actions>
                </route>
              </routes>
            </te-group>
            <te-group>
              <routes>
                <route to="in2">
                  <actions>
                    <action arg="375" type="swap"/>
                    <action arg="2813" type="push"/>
                    <action arg="2814" type="push"/>
                  </actions>
                </route>
              </routes>
            </te-group>
          </te-groups>
        </destination>
        <destination from="in0" label="$425">
          <te-groups>
            <te-group>
              <routes>
                <route to="in1">
                  <actions>
                    <action arg="426" type="swap"/>
                  </actions>
                </route>
              </routes>
            </te-group>
          </te-groups>
        </destination>
        <destination from="in0" label="$434">
          <te-groups>
            <te-group>
              <routes>
                <route to="in2">
                  <actions>
                    <action arg="435" type="swap"/>
                  </actions>
                </route>
              </routes>
            </te-group>
            <te-group>
              <routes>
                <route to="in3">
                  <actions>
                    <action arg="435" type="swap"/>
                    <action arg="2813" type="push"/>
                  </actions>
                </route>
              </routes>
            </te-group>
            <te-group>
              <routes>
                <route to="in2">
                  <actions>
                    <action arg="435" type="swap"/>
                    <action arg="2813" type="push"/>
                    <action arg="2814" type="push"/>
                  </actions>
                </route>
              </routes>
            </te-group>
          </te-groups>
        </destination>
        <destination from="in0" label="$439">
          <te-groups>
            <te-group>
              <routes>
                <route to="in2">
                  <actions>
                    <action arg="440" type="swap"/>
                  </actions>
                </route>
              </routes>
            </te-group>
            <te-group>
              <routes>
                <route to="in3">
                  <actions>
                    <action arg="440" type="swap"/>
                    <action arg="2813" type="push"/>
                  </actions>
                </route>
              </routes>
            </te-group>
            <te-group>
              <routes>
                <route to="in2">
                  <actions>
                    <action arg="440" type="swap"/>
                    <action arg="2813" type="push"/>
                    <action arg="2814" type="push"/>
                  </actions>
                </route>
              </routes>
            </te-group>
          </te-groups>
        </destination>
        <destination from="in0" label="$445">
          <te-groups>
            <te-group>
              <routes>
                <route to="in3">
                  <actions>
                    <action arg="446" type="swap"/>
                  </actions>
                </route>
              </routes>
            </te-group>
            <te-group>
              <routes>
                <route to="in2">
                  <actions>
                    <action arg="446" type="swap"/>
                    <action arg="2814" type="push"/>
                  </actions>
                </route>
              </routes>
            </te-group>
          </te-groups>
        </destination>
        <destination from="in0" label="$450">
          <te-groups>
            <te-group>
              <routes>
                <route to="in2">
                  <actions>
                    <action arg="451" type="swap"/>
                  </actions>
                </route>
              </routes>
            </te-group>
            <te-group>
              <routes>
                <route to="in3">
                  <actions>
                    <action arg="451" type="swap"/>
                    <action arg="2813" type="push"/>
                  </actions>
                </route>
              </routes>
            </te-group>
            <te-group>
              <routes>
                <route to="in2">
                  <actions>
                    <action arg="451" type="swap"/>
                    <action arg="2813" type="push"/>
                    <action arg="2814" type="push"/>
                  </actions>
                </route>
              </routes>
            </te-group>
          </te-groups>
        </destination>
        <destination from="in0" label="$456">
          <te-groups>
            <te-group>
              <routes>
                <route to="in2">
                  <actions>
                    <action arg="457" type="swap"/>
                  </actions>
                </route>
              </routes>
            </te-group>
            <te-group>
              <routes>
                <route to="in3">
                  <actions>
                    <action arg="457" type="swap"/>
                    <action arg="2813" type="push"/>
                  </actions>
                </route>
              </routes>
            </te-group>
            <te-group>
              <routes>
                <route to="in2">
                  <actions>
                    <action arg="457" type="swap"/>
                    <action arg="2813" type="push"/>
                    <action arg="2814" type="push"/>
                  </actions>
                </route>
              </routes>
            </te-group>
          </te-groups>
        </destination>
        <destination from="in0" label="$467">
          <te-groups>
            <te-group>
              <routes>
                <route to="in2">
                  <actions>
                    <action arg="468" type="swap"/>
                  </actions>
                </route>
              </routes>
            </te-group>
            <te-group>
              <routes>
                <route to="in3">
                  <actions>
                    <action arg="468" type="swap"/>
                    <action arg="2813" type="push"/>
                  </actions>
                </route>
              </routes>
            </te-group>
            <te-group>
              <routes>
                <route to="in2">
                  <actions>
                    <action arg="468" type="swap"/>
                    <action arg="2813" type="push"/>
                    <action arg="2814" type="push"/>
                  </actions>
                </route>
              </routes>
            </te-group>
          </te-groups>
        </destination>
        <destination from="in0" label="$474">
          <te-groups>
            <te-group>
              <routes>
                <route to="in2">
                  <actions>
                    <action arg="475" type="swap"/>
                  </actions>
                </route>
              </routes>
            </te-group>
            <te-group>
              <routes>
                <route to="in3">
                  <actions>
                    <action arg="475" type="swap"/>
                    <action arg="2813" type="push"/>
                  </actions>
                </route>
              </routes>
            </te-group>
            <te-group>
              <routes>
                <route to="in2">
                  <actions>
                    <action arg="475" type="swap"/>
                    <action arg="2813" type="push"/>
                    <action arg="2814" type="push"/>
                  </actions>
                </route>
              </routes>
            </te-group>
          </te-groups>
        </destination>
        <destination from="in0" label="$529">
          <te-groups>
            <te-group>
              <routes>
                <route to="in1">
                  <actions>
                    <action arg="530" type="swap"/>
                  </actions>
                </route>
              </routes>
            </te-group>
          </te-groups>
        </destination>
        <destination from="in0" label="$538">
          <te-groups>
            <te-group>
              <routes>
                <route to="in2">
                  <actions>
                    <action arg="539" type="swap"/>
                  </actions>
                </route>
              </routes>
            </te-group>
            <te-group>
              <routes>
                <route to="in3">
                  <actions>
                    <action arg="539" type="swap"/>
                    <action arg="2813" type="push"/>
                  </actions>
                </route>
              </routes>
            </te-group>
            <te-group>
              <routes>
                <route to="in2">
                  <actions>
                    <action arg="539" type="swap"/>
                    <action arg="2813" type="push"/>
                    <action arg="2814" type="push"/>
                  </actions>
                </route>
              </routes>
            </te-group>
          </te-groups>
        </destination>
        <destination from="in0" label="$543">
          <te-groups>
            <te-group>
              <routes>
                <route to="in2">
                  <actions>
                    <action arg="544" type="swap"/>
                  </actions>
                </route>
              </routes>
            </te-group>
            <te-group>
              <routes>
                <route to="in3">
                  <actions>
                    <action arg="544" type="swap"/>
                    <action arg="2813" type="push"/>
                  </actions>
                </route>
              </routes>
            </te-group>
            <te-group>
              <routes>
                <route to="in2">
                  <actions>
                    <action arg="544" type="swap"/>
                    <action arg="2813" type="push"/>
                    <action arg="2814" type="push"/>
                  </actions>
                </route>
              </routes>
            </te-group>
          </te-groups>
        </destination>
        <destination from="in0" label="$549">
          <te-groups>
            <te-group>
              <routes>
                <route to="in3">
                  <actions>
                    <action arg="550" type="swap"/>
                  </actions>
                </route>
              </routes>
            </te-group>
            <te-group>
              <routes>
                <route to="in2">
                  <actions>
                    <action arg="550" type="swap"/>
                    <action arg="2814" type="push"/>
                  </actions>
                </route>
              </routes>
            </te-group>
          </te-groups>
        </destination>
        <destination from="in0" label="$554">
          <te-groups>
            <te-group>
              <routes>
                <route to="in2">
                  <actions>
                    <action arg="555" type="swap"/>
                  </actions>
                </route>
              </routes>
            </te-group>
            <te-group>
              <routes>
                <route to="in3">
                  <actions>
                    <action arg="555" type="swap"/>
                    <action arg="2813" type="push"/>
                  </actions>
                </route>
              </routes>
            </te-group>
            <te-group>
              <routes>
                <route to="in2">
                  <actions>
                    <action arg="555" type="swap"/>
                    <action arg="2813" type="push"/>
                    <action arg="2814" type="push"/>
                  </actions>
                </route>
              </routes>
            </te-group>
          </te-groups>
        </destination>
        <destination from="in0" label="$560">
          <te-groups>
            <te-group>
              <routes>
                <route to="in2">
                  <actions>
                    <action arg="561" type="swap"/>
                  </actions>
                </route>
              </routes>
            </te-group>
            <te-group>
              <routes>
                <route to="in3">
                  <actions>
                    <action arg="561" type="swap"/>
                    <action arg="2813" type="push"/>
                  </actions>
                </route>
              </routes>
            </te-group>
            <te-group>
              <routes>
                <route to="in2">
                  <actions>
                    <action arg="561" type="swap"/>
                    <action arg="2813" type="push"/>
                    <action arg="2814" type="push"/>
                  </actions>
                </route>
              </routes>
            </te-group>
          </te-groups>
        </destination>
        <destination from="in0" label="$579">
          <te-groups>
            <te-group>
              <routes>
                <route to="in2">
                  <actions>
                    <action arg="580" type="swap"/>
                  </actions>
                </route>
              </routes>
            </te-group>
            <te-group>
              <routes>
                <route to="in3">
                  <actions>
                    <action arg="580" type="swap"/>
                    <action arg="2813" type="push"/>
                  </actions>
                </route>
              </routes>
            </te-group>
            <te-group>
              <routes>
                <route to="in2">
                  <actions>
                    <action arg="580" type="swap"/>
                    <action arg="2813" type="push"/>
                    <action arg="2814" type="push"/>
                  </actions>
                </route>
              </routes>
            </te-group>
          </te-groups>
        </destination>
        <destination from="in0" label="$586">
          <te-groups>
            <te-group>
              <routes>
                <route to="in2">
                  <actions>
                    <action arg="587" type="swap"/>
                  </actions>
                </route>
              </routes>
            </te-group>
            <te-group>
              <routes>
                <route to="in3">
                  <actions>
                    <action arg="587" type="swap"/>
                    <action arg="2813" type="push"/>
                  </actions>
                </route>
              </routes>
            </te-group>
            <te-group>
              <routes>
                <route to="in2">
                  <actions>
                    <action arg="587" type="swap"/>
                    <action arg="2813" type="push"/>
                    <action arg="2814" type="push"/>
                  </actions>
                </route>
              </routes>
            </te-group>
          </te-groups>
        </destination>
        <destination from="in0" label="$645">
          <te-groups>
            <te-group>
              <routes>
                <route to="in1">
                  <actions>
                    <action arg="646" type="swap"/>
                  </actions>
                </route>
              </routes>
            </te-group>
          </te-groups>
        </destination>
        <destination from="in0" label="$650">
          <te-groups>
            <te-group>
              <routes>
                <route to="in2">
                  <actions>
                    <action arg="651" type="swap"/>
                  </actions>
                </route>
              </routes>
            </te-group>
            <te-group>
              <routes>
                <route to="in3">
                  <actions>
                    <action arg="651" type="swap"/>
                    <action arg="2813" type="push"/>
                  </actions>
                </route>
              </routes>
            </te-group>
            <te-group>
              <routes>
                <route to="in2">
                  <actions>
                    <action arg="651" type="swap"/>
                    <action arg="2813" type="push"/>
                    <action arg="2814" type="push"/>
                  </actions>
                </route>
              </routes>
            </te-group>
          </te-groups>
        </destination>
        <destination from="in0" label="$653">
          <te-groups>
            <te-group>
              <routes>
                <route to="in2">
                  <actions>
                    <action arg="654" type="swap"/>
                  </actions>
                </route>
              </routes>
            </te-group>
            <te-group>
              <routes>
                <route to="in3">
                  <actions>
                    <action arg="654" type="swap"/>
                    <action arg="2813" type="push"/>
                  </actions>
                </route>
              </routes>
            </te-group>
            <te-group>
              <routes>
                <route to="in2">
                  <actions>
                    <action arg="654" type="swap"/>
                    <action arg="2813" type="push"/>
                    <action arg="2814" type="push"/>
                  </actions>
                </route>
              </routes>
            </te-group>
          </te-groups>
        </destination>
        <destination from="in0" label="$657">
          <te-groups>
            <te-group>
              <routes>
                <route to="in3">
                  <actions>
                    <action arg="658" type="swap"/>
                  </actions>
                </route>
              </routes>
            </te-group>
            <te-group>
              <routes>
                <route to="in2">
                  <actions>
                    <action arg="658" type="swap"/>
                    <action arg="2814" type="push"/>
                  </actions>
                </route>
              </routes>
            </te-group>
          </te-groups>
        </destination>
        <destination from="in0" label="$660">
          <te-groups>
            <te-group>
              <routes>
                <route to="in2">
                  <actions>
                    <action arg="661" type="swap"/>
                  </actions>
                </route>
              </routes>
            </te-group>
            <te-group>
              <routes>
                <route to="in3">
                  <actions>
                    <action arg="661" type="swap"/>
                    <action arg="2813" type="push"/>
                  </actions>
                </route>
              </routes>
            </te-group>
            <te-group>
              <routes>
                <route to="in2">
                  <actions>
                    <action arg="661" type="swap"/>
                    <action arg="2813" type="push"/>
                    <action arg="2814" type="push"/>
                  </actions>
                </route>
              </routes>
            </te-group>
          </te-groups>
        </destination>
        <destination from="in0" label="$664">
          <te-groups>
            <te-group>
              <routes>
                <route to="in2">
                  <actions>
                    <action arg="665" type="swap"/>
                  </actions>
                </route>
              </routes>
            </te-group>
            <te-group>
              <routes>
                <route to="in3">
                  <actions>
                    <action arg="665" type="swap"/>
                    <action arg="2813" type="push"/>
                  </actions>
                </route>
              </routes>
            </te-group>
            <te-group>
              <routes>
                <route to="in2">
                  <actions>
                    <action arg="665" type="swap"/>
                    <action arg="2813" type="push"/>
                    <action arg="2814" type="push"/>
                  </actions>
                </route>
              </routes>
            </te-group>
          </te-groups>
        </destination>
        <destination from="in0" label="$681">
          <te-groups>
            <te-group>
              <routes>
                <route to="in2">
                  <actions>
                    <action arg="682" type="swap"/>
                  </actions>
                </route>
              </routes>
            </te-group>
            <te-group>
              <routes>
                <route to="in3">
                  <actions>
                    <action arg="682" type="swap"/>
                    <action arg="2813" type="push"/>
                  </actions>
                </route>
              </routes>
            </te-group>
            <te-group>
              <routes>
                <route to="in2">
                  <actions>
                    <action arg="682" type="swap"/>
                    <action arg="2813" type="push"/>
                    <action arg="2814" type="push"/>
                  </actions>
                </route>
              </routes>
            </te-group>
          </te-groups>
        </destination>
        <destination from="in0" label="$686">
          <te-groups>
            <te-group>
              <routes>
                <route to="in2">
                  <actions>
                    <action arg="687" type="swap"/>
                  </actions>
                </route>
              </routes>
            </te-group>
            <te-group>
              <routes>
                <route to="in3">
                  <actions>
                    <action arg="687" type="swap"/>
                    <action arg="2813" type="push"/>
                  </actions>
                </route>
              </routes>
            </te-group>
            <te-group>
              <routes>
                <route to="in2">
                  <actions>
                    <action arg="687" type="swap"/>
                    <action arg="2813" type="push"/>
                    <action arg="2814" type="push"/>
                  </actions>
                </route>
              </routes>
            </te-group>
          </te-groups>
        </destination>
        <destination from="in0" label="$740">
          <te-groups>
            <te-group>
              <routes>
                <route to="in1">
                  <actions>
                    <action arg="741" type="swap"/>
                  </actions>
                </route>
              </routes>
            </te-group>
          </te-groups>
        </destination>
        <destination from="in0" label="$747">
          <te-groups>
            <te-group>
              <routes>
                <route to="in2">
                  <actions>
                    <action arg="748" type="swap"/>
                  </actions>
                </route>
              </routes>
            </te-group>
            <te-group>
              <routes>
                <route to="in3">
                  <actions>
                    <action arg="748" type="swap"/>
                    <action arg="2813" type="push"/>
                  </actions>
                </route>
              </routes>
            </te-group>
            <te-group>
              <routes>
                <route to="in2">
                  <actions>
                    <action arg="748" type="swap"/>
                    <action arg="2813" type="push"/>
                    <action arg="2814" type="push"/>
                  </actions>
                </route>
              </routes>
            </te-group>
          </te-groups>
        </destination>
        <destination from="in0" label="$751">
          <te-groups>
            <te-group>
              <routes>
                <route to="in2">
                  <actions>
                    <action arg="752" type="swap"/>
                  </actions>
                </route>
              </routes>
            </te-group>
            <te-group>
              <routes>
                <route to="in3">
                  <actions>
                    <action arg="752" type="swap"/>
                    <action arg="2813" type="push"/>
                  </actions>
                </route>
              </routes>
            </te-group>
            <te-group>
              <routes>
                <route to="in2">
                  <actions>
                    <action arg="752" type="swap"/>
                    <action arg="2813" type="push"/>
                    <action arg="2814" type="push"/>
                  </actions>
                </route>
              </routes>
            </te-group>
          </te-groups>
        </destination>
        <destination from="in0" label="$756">
          <te-groups>
            <te-group>
              <routes>
                <route to="in3">
                  <actions>
                    <action arg="757" type="swap"/>
                  </actions>
                </route>
              </routes>
            </te-group>
            <te-group>
              <routes>
                <route to="in2">
                  <actions>
                    <action arg="757" type="swap"/>
                    <action arg="2814" type="push"/>
                  </actions>
                </route>
              </routes>
            </te-group>
          </te-groups>
        </destination>
        <destination from="in0" label="$760">
          <te-groups>
            <te-group>
              <routes>
                <route to="in2">
                  <actions>
                    <action arg="761" type="swap"/>
                  </actions>
                </route>
              </routes>
            </te-group>
            <te-group>
              <routes>
                <route to="in3">
                  <actions>
                    <action arg="761" type="swap"/>
                    <action arg="2813" type="push"/>
                  </actions>
                </route>
              </routes>
            </te-group>
            <te-group>
              <routes>
                <route to="in2">
                  <actions>
                    <action arg="761" type="swap"/>
                    <action arg="2813" type="push"/>
                    <action arg="2814" type="push"/>
                  </actions>
                </route>
              </routes>
            </te-group>
          </te-groups>
        </destination>
        <destination from="in0" label="$765">
          <te-groups>
            <te-group>
              <routes>
                <route to="in2">
                  <actions>
                    <action arg="766" type="swap"/>
                  </actions>
                </route>
              </routes>
            </te-group>
            <te-group>
              <routes>
                <route to="in3">
                  <actions>
                    <action arg="766" type="swap"/>
                    <action arg="2813" type="push"/>
                  </actions>
                </route>
              </routes>
            </te-group>
            <te-group>
              <routes>
                <route to="in2">
                  <actions>
                    <action arg="766" type="swap"/>
                    <action arg="2813" type="push"/>
                    <action arg="2814" type="push"/>
                  </actions>
                </route>
              </routes>
            </te-group>
          </te-groups>
        </destination>
        <destination from="in0" label="$781">
          <te-groups>
            <te-group>
              <routes>
                <route to="in2">
                  <actions>
                    <action arg="782" type="swap"/>
                  </actions>
                </route>
              </routes>
            </te-group>
            <te-group>
              <routes>
                <route to="in3">
                  <actions>
                    <action arg="782" type="swap"/>
                    <action arg="2813" type="push"/>
                  </actions>
                </route>
              </routes>
            </te-group>
            <te-group>
              <routes>
                <route to="in2">
                  <actions>
                    <action arg="782" type="swap"/>
                    <action arg="2813" type="push"/>
                    <action arg="2814" type="push"/>
                  </actions>
                </route>
              </routes>
            </te-group>
          </te-groups>
        </destination>
        <destination from="in0" label="$787">
          <te-groups>
            <te-group>
              <routes>
                <route to="in2">
                  <actions>
                    <action arg="788" type="swap"/>
                  </actions>
                </route>
              </routes>
            </te-group>
            <te-group>
              <routes>
                <route to="in3">
                  <actions>
                    <action arg="788" type="swap"/>
                    <action arg="2813" type="push"/>
                  </actions>
                </route>
              </routes>
            </te-group>
            <te-group>
              <routes>
                <route to="in2">
                  <actions>
                    <action arg="788" type="swap"/>
                    <action arg="2813" type="push"/>
                    <action arg="2814" type="push"/>
                  </actions>
                </route>
              </routes>
            </te-group>
          </te-groups>
        </destination>
        <destination from="in0" label="$842">
          <te-groups>
            <te-group>
              <routes>
                <route to="in1">
                  <actions>
                    <action arg="843" type="swap"/>
                  </actions>
                </route>
              </routes>
            </te-group>
          </te-groups>
        </destination>
        <destination from="in0" label="$851">
          <te-groups>
            <te-group>
              <routes>
                <route to="in2">
                  <actions>
                    <action arg="852" type="swap"/>
                  </actions>
                </route>
              </routes>
            </te-group>
            <te-group>
              <routes>
                <route to="in3">
                  <actions>
                    <action arg="852" type="swap"/>
                    <action arg="2813" type="push"/>
                  </actions>
                </route>
              </routes>
            </te-group>
            <te-group>
              <routes>
                <route to="in2">
                  <actions>
                    <action arg="852" type="swap"/>
                    <action arg="2813" type="push"/>
                    <action arg="2814" type="push"/>
                  </actions>
                </route>
              </routes>
            </te-group>
          </te-groups>
        </destination>
        <destination from="in0" label="$856">
          <te-groups>
            <te-group>
              <routes>
                <route to="in2">
                  <actions>
                    <action arg="857" type="swap"/>
                  </actions>
                </route>
              </routes>
            </te-group>
            <te-group>
              <routes>
                <route to="in3">
                  <actions>
                    <action arg="857" type="swap"/>
                    <action arg="2813" type="push"/>
                  </actions>
                </route>
              </routes>
            </te-group>
            <te-group>
              <routes>
                <route to="in2">
                  <actions>
                    <action arg="857" type="swap"/>
                    <action arg="2813" type="push"/>
                    <action arg="2814" type="push"/>
                  </actions>
                </route>
              </routes>
            </te-group>
          </te-groups>
        </destination>
        <destination from="in0" label="$862">
          <te-groups>
            <te-group>
              <routes>
                <route to="in3">
                  <actions>
                    <action arg="863" type="swap"/>
                  </actions>
                </route>
              </routes>
            </te-group>
            <te-group>
              <routes>
                <route to="in2">
                  <actions>
                    <action arg="863" type="swap"/>
                    <action arg="2814" type="push"/>
                  </actions>
                </route>
              </routes>
            </te-group>
          </te-groups>
        </destination>
        <destination from="in0" label="$867">
          <te-groups>
            <te-group>
              <routes>
                <route to="in2">
                  <actions>
                    <action arg="868" type="swap"/>
                  </actions>
                </route>
              </routes>
            </te-group>
            <te-group>
              <routes>
                <route to="in3">
                  <actions>
                    <action arg="868" type="swap"/>
                    <action arg="2813" type="push"/>
                  </actions>
                </route>
              </routes>
            </te-group>
            <te-group>
              <routes>
                <route to="in2">
                  <actions>
                    <action arg="868" type="swap"/>
                    <action arg="2813" type="push"/>
                    <action arg="2814" type="push"/>
                  </actions>
                </route>
              </routes>
            </te-group>
          </te-groups>
        </destination>
        <destination from="in0" label="$873">
          <te-groups>
            <te-group>
              <routes>
                <route to="in2">
                  <actions>
                    <action arg="874" type="swap"/>
                  </actions>
                </route>
              </routes>
            </te-group>
            <te-group>
              <routes>
                <route to="in3">
                  <actions>
                    <action arg="874" type="swap"/>
                    <action arg="2813" type="push"/>
                  </actions>
                </route>
              </routes>
            </te-group>
            <te-group>
              <routes>
                <route to="in2">
                  <actions>
                    <action arg="874" type="swap"/>
                    <action arg="2813" type="push"/>
                    <action arg="2814" type="push"/>
                  </actions>
                </route>
              </routes>
            </te-group>
          </te-groups>
        </destination>
        <destination from="in0" label="$1667">
          <te-groups>
            <te-group>
              <routes>
                <route to="in1">
                  <actions>
                    <action arg="1668" type="swap"/>
                  </actions>
                </route>
              </routes>
            </te-group>
          </te-groups>
        </destination>
        <destination from="in0" label="$1678">
          <te-groups>
            <te-group>
              <routes>
                <route to="in2">
                  <actions>
                    <action arg="1679" type="swap"/>
                  </actions>
                </route>
              </routes>
            </te-group>
            <te-group>
              <routes>
                <route to="in3">
                  <actions>
                    <action arg="1679" type="swap"/>
                    <action arg="2813" type="push"/>
                  </actions>
                </route>
              </routes>
            </te-group>
            <te-group>
              <routes>
                <route to="in2">
                  <actions>
                    <action arg="1679" type="swap"/>
                    <action arg="2813" type="push"/>
                    <action arg="2814" type="push"/>
                  </actions>
                </route>
              </routes>
            </te-group>
          </te-groups>
        </destination>
        <destination from="in0" label="$1684">
          <te-groups>
            <te-group>
              <routes>
                <route to="in2">
                  <actions>
                    <action arg="1685" type="swap"/>
                  </actions>
                </route>
              </routes>
            </te-group>
            <te-group>
              <routes>
                <route to="in3">
                  <actions>
                    <action arg="1685" type="swap"/>
                    <action arg="2813" type="push"/>
                  </actions>
                </route>
              </routes>
            </te-group>
            <te-group>
              <routes>
                <route to="in2">
                  <actions>
                    <action arg="1685" type="swap"/>
                    <action arg="2813" type="push"/>
                    <action arg="2814" type="push"/>
                  </actions>
                </route>
              </routes>
            </te-group>
          </te-groups>
        </destination>
        <destination from="in0" label="$1691">
          <te-groups>
            <te-group>
              <routes>
                <route to="in3">
                  <actions>
                    <action arg="1692" type="swap"/>
                  </actions>
                </route>
              </routes>
            </te-group>
            <te-group>
              <routes>
                <route to="in2">
                  <actions>
                    <action arg="1692" type="swap"/>
                    <action arg="2814" type="push"/>
                  </actions>
                </route>
              </routes>
            </te-group>
          </te-groups>
        </destination>
        <destination from="in0" label="$1697">
          <te-groups>
            <te-group>
              <routes>
                <route to="in2">
                  <actions>
                    <action arg="1698" type="swap"/>
                  </actions>
                </route>
              </routes>
            </te-group>
            <te-group>
              <routes>
                <route to="in3">
                  <actions>
                    <action arg="1698" type="swap"/>
                    <action arg="2813" type="push"/>
                  </actions>
                </route>
              </routes>
            </te-group>
            <te-group>
              <routes>
                <route to="in2">
                  <actions>
                    <action arg="1698" type="swap"/>
                    <action arg="2813" type="push"/>
                    <action arg="2814" type="push"/>
                  </actions>
                </route>
              </routes>
            </te-group>
          </te-groups>
        </destination>
        <destination from="in0" label="$1704">
          <te-groups>
            <te-group>
              <routes>
                <route to="in2">
                  <actions>
                    <action arg="1705" type="swap"/>
                  </actions>
                </route>
              </routes>
            </te-group>
            <te-group>
              <routes>
                <route to="in3">
                  <actions>
                    <action arg="1705" type="swap"/>
                    <action arg="2813" type="push"/>
                  </actions>
                </route>
              </routes>
            </te-group>
            <te-group>
              <routes>
                <route to="in2">
                  <actions>
                    <action arg="1705" type="swap"/>
                    <action arg="2813" type="push"/>
                    <action arg="2814" type="push"/>
                  </actions>
                </route>
              </routes>
            </te-group>
          </te-groups>
        </destination>
        <destination from="in0" label="$1713">
          <te-groups>
            <te-group>
              <routes>
                <route to="in2">
                  <actions>
                    <action arg="1714" type="swap"/>
                  </actions>
                </route>
              </routes>
            </te-group>
            <te-group>
              <routes>
                <route to="in3">
                  <actions>
                    <action arg="1714" type="swap"/>
                    <action arg="2813" type="push"/>
                  </actions>
                </route>
              </routes>
            </te-group>
            <te-group>
              <routes>
                <route to="in2">
                  <actions>
                    <action arg="1714" type="swap"/>
                    <action arg="2813" type="push"/>
                    <action arg="2814" type="push"/>
                  </actions>
                </route>
              </routes>
            </te-group>
          </te-groups>
        </destination>
        <destination from="in0" label="$1721">
          <te-groups>
            <te-group>
              <routes>
                <route to="in2">
                  <actions>
                    <action arg="1722" type="swap"/>
                  </actions>
                </route>
              </routes>
            </te-group>
            <te-group>
              <routes>
                <route to="in3">
                  <actions>
                    <action arg="1722" type="swap"/>
                    <action arg="2813" type="push"/>
                  </actions>
                </route>
              </routes>
            </te-group>
            <te-group>
              <routes>
                <route to="in2">
                  <actions>
                    <action arg="1722" type="swap"/>
                    <action arg="2813" type="push"/>
                    <action arg="2814" type="push"/>
                  </actions>
                </route>
              </routes>
            </te-group>
          </te-groups>
        </destination>
        <destination from="in0" label="$1804">
          <te-groups>
            <te-group>
              <routes>
                <route to="in1">
                  <actions>
                    <action arg="1805" type="swap"/>
                  </actions>
                </route>
              </routes>
            </te-group>
          </te-groups>
        </destination>
        <destination from="in0" label="$1815">
          <te-groups>
            <te-group>
              <routes>
                <route to="in2">
                  <actions>
                    <action arg="1816" type="swap"/>
                  </actions>
                </route>
              </routes>
            </te-group>
            <te-group>
              <routes>
                <route to="in3">
                  <actions>
                    <action arg="1816" type="swap"/>
                    <action arg="2813" type="push"/>
                  </actions>
                </route>
              </routes>
            </te-group>
            <te-group>
              <routes>
                <route to="in2">
                  <actions>
                    <action arg="1816" type="swap"/>
                    <action arg="2813" type="push"/>
                    <action arg="2814" type="push"/>
                  </actions>
                </route>
              </routes>
            </te-group>
          </te-groups>
        </destination>
        <destination from="in0" label="$1821">
          <te-groups>
            <te-group>
              <routes>
                <route to="in2">
                  <actions>
                    <action arg="1822" type="swap"/>
                  </actions>
                </route>
              </routes>
            </te-group>
            <te-group>
              <routes>
                <route to="in3">
                  <actions>
                    <action arg="1822" type="swap"/>
                    <action arg="2813" type="push"/>
                  </actions>
                </route>
              </routes>
            </te-group>
            <te-group>
              <routes>
                <route to="in2">
                  <actions>
                    <action arg="1822" type="swap"/>
                    <action arg="2813" type="push"/>
                    <action arg="2814" type="push"/>
                  </actions>
                </route>
              </routes>
            </te-group>
          </te-groups>
        </destination>
        <destination from="in0" label="$1828">
          <te-groups>
            <te-group>
              <routes>
                <route to="in3">
                  <actions>
                    <action arg="1829" type="swap"/>
                  </actions>
                </route>
              </routes>
            </te-group>
            <te-group>
              <routes>
                <route to="in2">
                  <actions>
                    <action arg="1829" type="swap"/>
                    <action arg="2814" type="push"/>
                  </actions>
                </route>
              </routes>
            </te-group>
          </te-groups>
        </destination>
        <destination from="in0" label="$1834">
          <te-groups>
            <te-group>
              <routes>
                <route to="in2">
                  <actions>
                    <action arg="1835" type="swap"/>
                  </actions>
                </route>
              </routes>
            </te-group>
            <te-group>
              <routes>
                <route to="in3">
                  <actions>
                    <action arg="1835" type="swap"/>
                    <action arg="2813" type="push"/>
                  </actions>
                </route>
              </routes>
            </te-group>
            <te-group>
              <routes>
                <route to="in2">
                  <actions>
                    <action arg="1835" type="swap"/>
                    <action arg="2813" type="push"/>
                    <action arg="2814" type="push"/>
                  </actions>
                </route>
              </routes>
            </te-group>
          </te-groups>
        </destination>
        <destination from="in0" label="$1841">
          <te-groups>
            <te-group>
              <routes>
                <route to="in2">
                  <actions>
                    <action arg="1842" type="swap"/>
                  </actions>
                </route>
              </routes>
            </te-group>
            <te-group>
              <routes>
                <route to="in3">
                  <actions>
                    <action arg="1842" type="swap"/>
                    <action arg="2813" type="push"/>
                  </actions>
                </route>
              </routes>
            </te-group>
            <te-group>
              <routes>
                <route to="in2">
                  <actions>
                    <action arg="1842" type="swap"/>
                    <action arg="2813" type="push"/>
                    <action arg="2814" type="push"/>
                  </actions>
                </route>
              </routes>
            </te-group>
          </te-groups>
        </destination>
        <destination from="in0" label="$1850">
          <te-groups>
            <te-group>
              <routes>
                <route to="in2">
                  <actions>
                    <action arg="1851" type="swap"/>
                  </actions>
                </route>
              </routes>
            </te-group>
            <te-group>
              <routes>
                <route to="in3">
                  <actions>
                    <action arg="1851" type="swap"/>
                    <action arg="2813" type="push"/>
                  </actions>
                </route>
              </routes>
            </te-group>
            <te-group>
              <routes>
                <route to="in2">
                  <actions>
                    <action arg="1851" type="swap"/>
                    <action arg="2813" type="push"/>
                    <action arg="2814" type="push"/>
                  </actions>
                </route>
              </routes>
            </te-group>
          </te-groups>
        </destination>
        <destination from="in0" label="$1858">
          <te-groups>
            <te-group>
              <routes>
                <route to="in2">
                  <actions>
                    <action arg="1859" type="swap"/>
                  </actions>
                </route>
              </routes>
            </te-group>
            <te-group>
              <routes>
                <route to="in3">
                  <actions>
                    <action arg="1859" type="swap"/>
                    <action arg="2813" type="push"/>
                  </actions>
                </route>
              </routes>
            </te-group>
            <te-group>
              <routes>
                <route to="in2">
                  <actions>
                    <action arg="1859" type="swap"/>
                    <action arg="2813" type="push"/>
                    <action arg="2814" type="push"/>
                  </actions>
                </route>
              </routes>
            </te-group>
          </te-groups>
        </destination>
        <destination from="in0" label="$2617">
          <te-groups>
            <te-group>
              <routes>
                <route to="in1">
                  <actions>
                    <action arg="2618" type="swap"/>
                  </actions>
                </route>
              </routes>
            </te-group>
          </te-groups>
        </destination>
        <destination from="in0" label="$2624">
          <te-groups>
            <te-group>
              <routes>
                <route to="in2">
                  <actions>
                    <action arg="2625" type="swap"/>
                  </actions>
                </route>
              </routes>
            </te-group>
            <te-group>
              <routes>
                <route to="in3">
                  <actions>
                    <action arg="2625" type="swap"/>
                    <action arg="2813" type="push"/>
                  </actions>
                </route>
              </routes>
            </te-group>
            <te-group>
              <routes>
                <route to="in2">
                  <actions>
                    <action arg="2625" type="swap"/>
                    <action arg="2813" type="push"/>
                    <action arg="2814" type="push"/>
                  </actions>
                </route>
              </routes>
            </te-group>
          </te-groups>
        </destination>
        <destination from="in0" label="$2628">
          <te-groups>
            <te-group>
              <routes>
                <route to="in2">
                  <actions>
                    <action arg="2629" type="swap"/>
                  </actions>
                </route>
              </routes>
            </te-group>
            <te-group>
              <routes>
                <route to="in3">
                  <actions>
                    <action arg="2629" type="swap"/>
                    <action arg="2813" type="push"/>
                  </actions>
                </route>
              </routes>
            </te-group>
            <te-group>
              <routes>
                <route to="in2">
                  <actions>
                    <action arg="2629" type="swap"/>
                    <action arg="2813" type="push"/>
                    <action arg="2814" type="push"/>
                  </actions>
                </route>
              </routes>
            </te-group>
          </te-groups>
        </destination>
        <destination from="in0" label="$2633">
          <te-groups>
            <te-group>
              <routes>
                <route to="in3">
                  <actions>
                    <action arg="2634" type="swap"/>
                  </actions>
                </route>
              </routes>
            </te-group>
            <te-group>
              <routes>
                <route to="in2">
                  <actions>
                    <action arg="2634" type="swap"/>
                    <action arg="2814" type="push"/>
                  </actions>
                </route>
              </routes>
            </te-group>
          </te-groups>
        </destination>
        <destination from="in0" label="$2637">
          <te-groups>
            <te-group>
              <routes>
                <route to="in2">
                  <actions>
                    <action arg="2638" type="swap"/>
                  </actions>
                </route>
              </routes>
            </te-group>
            <te-group>
              <routes>
                <route to="in3">
                  <actions>
                    <action arg="2638" type="swap"/>
                    <action arg="2813" type="push"/>
                  </actions>
                </route>
              </routes>
            </te-group>
            <te-group>
              <routes>
                <route to="in2">
                  <actions>
                    <action arg="2638" type="swap"/>
                    <action arg="2813" type="push"/>
                    <action arg="2814" type="push"/>
                  </actions>
                </route>
              </routes>
            </te-group>
          </te-groups>
        </destination>
        <destination from="in0" label="$2642">
          <te-groups>
            <te-group>
              <routes>
                <route to="in2">
                  <actions>
                    <action arg="2643" type="swap"/>
                  </actions>
                </route>
              </routes>
            </te-group>
            <te-group>
              <routes>
                <route to="in3">
                  <actions>
                    <action arg="2643" type="swap"/>
                    <action arg="2813" type="push"/>
                  </actions>
                </route>
              </routes>
            </te-group>
            <te-group>
              <routes>
                <route to="in2">
                  <actions>
                    <action arg="2643" type="swap"/>
                    <action arg="2813" type="push"/>
                    <action arg="2814" type="push"/>
                  </actions>
                </route>
              </routes>
            </te-group>
          </te-groups>
        </destination>
        <destination from="in0" label="$2652">
          <te-groups>
            <te-group>
              <routes>
                <route to="in2">
                  <actions>
                    <action arg="2653" type="swap"/>
                  </actions>
                </route>
              </routes>
            </te-group>
            <te-group>
              <routes>
                <route to="in3">
                  <actions>
                    <action arg="2653" type="swap"/>
                    <action arg="2813" type="push"/>
                  </actions>
                </route>
              </routes>
            </te-group>
            <te-group>
              <routes>
                <route to="in2">
                  <actions>
                    <action arg="2653" type="swap"/>
                    <action arg="2813" type="push"/>
                    <action arg="2814" type="push"/>
                  </actions>
                </route>
              </routes>
            </te-group>
          </te-groups>
        </destination>
        <destination from="in0" label="$2658">
          <te-groups>
            <te-group>
              <routes>
                <route to="in2">
                  <actions>
                    <action arg="2659" type="swap"/>
                  </actions>
                </route>
              </routes>
            </te-group>
            <te-group>
              <routes>
                <route to="in3">
                  <actions>
                    <action arg="2659" type="swap"/>
                    <action arg="2813" type="push"/>
                  </actions>
                </route>
              </routes>
            </te-group>
            <te-group>
              <routes>
                <route to="in2">
                  <actions>
                    <action arg="2659" type="swap"/>
                    <action arg="2813" type="push"/>
                    <action arg="2814" type="push"/>
                  </actions>
                </route>
              </routes>
            </te-group>
          </te-groups>
        </destination>
        <destination from="in0" label="$2689">
          <te-groups>
            <te-group>
              <routes>
                <route to="in0">
                  <actions>
                    <action arg="2690" type="swap"/>
                  </actions>
                </route>
              </routes>
            </te-group>
            <te-group>
              <routes>
                <route to="in4">
                  <actions>
                    <action arg="2690" type="swap"/>
                    <action arg="2812" type="push"/>
                  </actions>
                </route>
              </routes>
            </te-group>
            <te-group>
              <routes>
                <route to="in0">
                  <actions>
                    <action arg="2690" type="swap"/>
                    <action arg="2812" type="push"/>
                    <action arg="2817" type="push"/>
                  </actions>
                </route>
              </routes>
            </te-group>
          </te-groups>
        </destination>
        <destination from="in0" label="$2701">
          <te-groups>
            <te-group>
              <routes>
                <route to="in0">
                  <actions>
                    <action arg="2702" type="swap"/>
                  </actions>
                </route>
              </routes>
            </te-group>
            <te-group>
              <routes>
                <route to="in4">
                  <actions>
                    <action arg="2702" type="swap"/>
                    <action arg="2812" type="push"/>
                  </actions>
                </route>
              </routes>
            </te-group>
            <te-group>
              <routes>
                <route to="in0">
                  <actions>
                    <action arg="2702" type="swap"/>
                    <action arg="2812" type="push"/>
                    <action arg="2817" type="push"/>
                  </actions>
                </route>
              </routes>
            </te-group>
          </te-groups>
        </destination>
        <destination from="in0" label="$2706">
          <te-groups>
            <te-group>
              <routes>
                <route to="in0">
                  <actions>
                    <action arg="2707" type="swap"/>
                  </actions>
                </route>
              </routes>
            </te-group>
            <te-group>
              <routes>
                <route to="in4">
                  <actions>
                    <action arg="2707" type="swap"/>
                    <action arg="2812" type="push"/>
                  </actions>
                </route>
              </routes>
            </te-group>
            <te-group>
              <routes>
                <route to="in0">
                  <actions>
                    <action arg="2707" type="swap"/>
                    <action arg="2812" type="push"/>
                    <action arg="2817" type="push"/>
                  </actions>
                </route>
              </routes>
            </te-group>
          </te-groups>
        </destination>
        <destination from="in0" label="$2709">
          <te-groups>
            <te-group>
              <routes>
                <route to="in0">
                  <actions>
                    <action arg="2710" type="swap"/>
                  </actions>
                </route>
              </routes>
            </te-group>
            <te-group>
              <routes>
                <route to="in4">
                  <actions>
                    <action arg="2710" type="swap"/>
                    <action arg="2812" type="push"/>
                  </actions>
                </route>
              </routes>
            </te-group>
            <te-group>
              <routes>
                <route to="in0">
                  <actions>
                    <action arg="2710" type="swap"/>
                    <action arg="2812" type="push"/>
                    <action arg="2817" type="push"/>
                  </actions>
                </route>
              </routes>
            </te-group>
          </te-groups>
        </destination>
        <destination from="in0" label="$2713">
          <te-groups>
            <te-group>
              <routes>
                <route to="in0">
                  <actions>
                    <action arg="2714" type="swap"/>
                  </actions>
                </route>
              </routes>
            </te-group>
            <te-group>
              <routes>
                <route to="in4">
                  <actions>
                    <action arg="2714" type="swap"/>
                    <action arg="2812" type="push"/>
                  </actions>
                </route>
              </routes>
            </te-group>
            <te-group>
              <routes>
                <route to="in0">
                  <actions>
                    <action arg="2714" type="swap"/>
                    <action arg="2812" type="push"/>
                    <action arg="2817" type="push"/>
                  </actions>
                </route>
              </routes>
            </te-group>
          </te-groups>
        </destination>
        <destination from="in0" label="$2718">
          <te-groups>
            <te-group>
              <routes>
                <route to="in1">
                  <actions>
                    <action arg="2719" type="swap"/>
                  </actions>
                </route>
              </routes>
            </te-group>
          </te-groups>
        </destination>
        <destination from="in0" label="$2723">
          <te-groups>
            <te-group>
              <routes>
                <route to="in2">
                  <actions>
                    <action arg="2724" type="swap"/>
                  </actions>
                </route>
              </routes>
            </te-group>
            <te-group>
              <routes>
                <route to="in3">
                  <actions>
                    <action arg="2724" type="swap"/>
                    <action arg="2813" type="push"/>
                  </actions>
                </route>
              </routes>
            </te-group>
            <te-group>
              <routes>
                <route to="in2">
                  <actions>
                    <action arg="2724" type="swap"/>
                    <action arg="2813" type="push"/>
                    <action arg="2814" type="push"/>
                  </actions>
                </route>
              </routes>
            </te-group>
          </te-groups>
        </destination>
        <destination from="in0" label="$2726">
          <te-groups>
            <te-group>
              <routes>
                <route to="in2">
                  <actions>
                    <action arg="2727" type="swap"/>
                  </actions>
                </route>
              </routes>
            </te-group>
            <te-group>
              <routes>
                <route to="in3">
                  <actions>
                    <action arg="2727" type="swap"/>
                    <action arg="2813" type="push"/>
                  </actions>
                </route>
              </routes>
            </te-group>
            <te-group>
              <routes>
                <route to="in2">
                  <actions>
                    <action arg="2727" type="swap"/>
                    <action arg="2813" type="push"/>
                    <action arg="2814" type="push"/>
                  </actions>
                </route>
              </routes>
            </te-group>
          </te-groups>
        </destination>
        <destination from="in0" label="$2730">
          <te-groups>
            <te-group>
              <routes>
                <route to="in3">
                  <actions>
                    <action arg="2731" type="swap"/>
                  </actions>
                </route>
              </routes>
            </te-group>
            <te-group>
              <routes>
                <route to="in2">
                  <actions>
                    <action arg="2731" type="swap"/>
                    <action arg="2814" type="push"/>
                  </actions>
                </route>
              </routes>
            </te-group>
          </te-groups>
        </destination>
        <destination from="in0" label="$2733">
          <te-groups>
            <te-group>
              <routes>
                <route to="in2">
                  <actions>
                    <action arg="2734" type="swap"/>
                  </actions>
                </route>
              </routes>
            </te-group>
            <te-group>
              <routes>
                <route to="in3">
                  <actions>
                    <action arg="2734" type="swap"/>
                    <action arg="2813" type="push"/>
                  </actions>
                </route>
              </routes>
            </te-group>
            <te-group>
              <routes>
                <route to="in2">
                  <actions>
                    <action arg="2734" type="swap"/>
                    <action arg="2813" type="push"/>
                    <action arg="2814" type="push"/>
                  </actions>
                </route>
              </routes>
            </te-group>
          </te-groups>
        </destination>
        <destination from="in0" label="$2737">
          <te-groups>
            <te-group>
              <routes>
                <route to="in2">
                  <actions>
                    <action arg="2738" type="swap"/>
                  </actions>
                </route>
              </routes>
            </te-group>
            <te-group>
              <routes>
                <route to="in3">
                  <actions>
                    <action arg="2738" type="swap"/>
                    <action arg="2813" type="push"/>
                  </actions>
                </route>
              </routes>
            </te-group>
            <te-group>
              <routes>
                <route to="in2">
                  <actions>
                    <action arg="2738" type="swap"/>
                    <action arg="2813" type="push"/>
                    <action arg="2814" type="push"/>
                  </actions>
                </route>
              </routes>
            </te-group>
          </te-groups>
        </destination>
        <destination from="in0" label="$2748">
          <te-groups>
            <te-group>
              <routes>
                <route to="in2">
                  <actions>
                    <action arg="2749" type="swap"/>
                  </actions>
                </route>
              </routes>
            </te-group>
            <te-group>
              <routes>
                <route to="in3">
                  <actions>
                    <action arg="2749" type="swap"/>
                    <action arg="2813" type="push"/>
                  </actions>
                </route>
              </routes>
            </te-group>
            <te-group>
              <routes>
                <route to="in2">
                  <actions>
                    <action arg="2749" type="swap"/>
                    <action arg="2813" type="push"/>
                    <action arg="2814" type="push"/>
                  </actions>
                </route>
              </routes>
            </te-group>
          </te-groups>
        </destination>
        <destination from="in0" label="$2753">
          <te-groups>
            <te-group>
              <routes>
                <route to="in2">
                  <actions>
                    <action arg="2754" type="swap"/>
                  </actions>
                </route>
              </routes>
            </te-group>
            <te-group>
              <routes>
                <route to="in3">
                  <actions>
                    <action arg="2754" type="swap"/>
                    <action arg="2813" type="push"/>
                  </actions>
                </route>
              </routes>
            </te-group>
            <te-group>
              <routes>
                <route to="in2">
                  <actions>
                    <action arg="2754" type="swap"/>
                    <action arg="2813" type="push"/>
                    <action arg="2814" type="push"/>
                  </actions>
                </route>
              </routes>
            </te-group>
          </te-groups>
        </destination>
        <destination from="in0" label="$2759">
          <te-groups>
            <te-group>
              <routes>
                <route to="in4">
                  <actions>
                    <action arg="2760" type="swap"/>
                  </actions>
                </route>
              </routes>
            </te-group>
            <te-group>
              <routes>
                <route to="in0">
                  <actions>
                    <action arg="2760" type="swap"/>
                    <action arg="2817" type="push"/>
                  </actions>
                </route>
              </routes>
            </te-group>
          </te-groups>
        </destination>
        <destination from="in0" label="$2762">
          <te-groups>
            <te-group>
              <routes>
                <route to="in4">
                  <actions>
                    <action arg="2763" type="swap"/>
                  </actions>
                </route>
              </routes>
            </te-group>
            <te-group>
              <routes>
                <route to="in0">
                  <actions>
                    <action arg="2763" type="swap"/>
                    <action arg="2817" type="push"/>
                  </actions>
                </route>
              </routes>
            </te-group>
          </te-groups>
        </destination>
        <destination from="in0" label="$2766">
          <te-groups>
            <te-group>
              <routes>
                <route to="in4">
                  <actions>
                    <action arg="2767" type="swap"/>
                  </actions>
                </route>
              </routes>
            </te-group>
            <te-group>
              <routes>
                <route to="in0">
                  <actions>
                    <action arg="2767" type="swap"/>
                    <action arg="2817" type="push"/>
                  </actions>
                </route>
              </routes>
            </te-group>
          </te-groups>
        </destination>
        <destination from="in1" label="959">
          <te-groups>
            <te-group>
              <routes>
                <route to="eg0">
                  <actions>
                    <action type="pop"/>
                  </actions>
                </route>
              </routes>
            </te-group>
          </te-groups>
        </destination>
        <destination from="in1" label="$920">
          <te-groups>
            <te-group>
              <routes>
                <route to="in0">
                  <actions>
                    <action arg="921" type="swap"/>
                  </actions>
                </route>
              </routes>
            </te-group>
            <te-group>
              <routes>
                <route to="in4">
                  <actions>
                    <action arg="921" type="swap"/>
                    <action arg="2812" type="push"/>
                  </actions>
                </route>
              </routes>
            </te-group>
            <te-group>
              <routes>
                <route to="in0">
                  <actions>
                    <action arg="921" type="swap"/>
                    <action arg="2812" type="push"/>
                    <action arg="2817" type="push"/>
                  </actions>
                </route>
              </routes>
            </te-group>
          </te-groups>
        </destination>
        <destination from="in1" label="$926">
          <te-groups>
            <te-group>
              <routes>
                <route to="in0">
                  <actions>
                    <action arg="927" type="swap"/>
                  </actions>
                </route>
              </routes>
            </te-group>
            <te-group>
              <routes>
                <route to="in4">
                  <actions>
                    <action arg="927" type="swap"/>
                    <action arg="2812" type="push"/>
                  </actions>
                </route>
              </routes>
            </te-group>
            <te-group>
              <routes>
                <route to="in0">
                  <actions>
                    <action arg="927" type="swap"/>
                    <action arg="2812" type="push"/>
                    <action arg="2817" type="push"/>
                  </actions>
                </route>
              </routes>
            </te-group>
          </te-groups>
        </destination>
        <destination from="in1" label="$931">
          <te-groups>
            <te-group>
              <routes>
                <route to="in0">
                  <actions>
                    <action arg="932" type="swap"/>
                  </actions>
                </route>
              </routes>
            </te-group>
            <te-group>
              <routes>
                <route to="in4">
                  <actions>
                    <action arg="932" type="swap"/>
                    <action arg="2812" type="push"/>
                  </actions>
                </route>
              </routes>
            </te-group>
            <te-group>
              <routes>
                <route to="in0">
                  <actions>
                    <action arg="932" type="swap"/>
                    <action arg="2812" type="push"/>
                    <action arg="2817" type="push"/>
                  </actions>
                </route>
              </routes>
            </te-group>
          </te-groups>
        </destination>
        <destination from="in1" label="$937">
          <te-groups>
            <te-group>
              <routes>
                <route to="in0">
                  <actions>
                    <action arg="938" type="swap"/>
                  </actions>
                </route>
              </routes>
            </te-group>
            <te-group>
              <routes>
                <route to="in4">
                  <actions>
                    <action arg="938" type="swap"/>
                    <action arg="2812" type="push"/>
                  </actions>
                </route>
              </routes>
            </te-group>
            <te-group>
              <routes>
                <route to="in0">
                  <actions>
                    <action arg="938" type="swap"/>
                    <action arg="2812" type="push"/>
                    <action arg="2817" type="push"/>
                  </actions>
                </route>
              </routes>
            </te-group>
          </te-groups>
        </destination>
        <destination from="in1" label="$942">
          <te-groups>
            <te-group>
              <routes>
                <route to="in0">
                  <actions>
                    <action arg="943" type="swap"/>
                  </actions>
                </route>
              </routes>
            </te-group>
            <te-group>
              <routes>
                <route to="in4">
                  <actions>
                    <action arg="943" type="swap"/>
                    <action arg="2812" type="push"/>
                  </actions>
                </route>
              </routes>
            </te-group>
            <te-group>
              <routes>
                <route to="in0">
                  <actions>
                    <action arg="943" type="swap"/>
                    <action arg="2812" type="push"/>
                    <action arg="2817" type="push"/>
                  </actions>
                </route>
              </routes>
            </te-group>
          </te-groups>
        </destination>
        <destination from="in1" label="$947">
          <te-groups>
            <te-group>
              <routes>
                <route to="in0">
                  <actions>
                    <action arg="948" type="swap"/>
                  </actions>
                </route>
              </routes>
            </te-group>
            <te-group>
              <routes>
                <route to="in4">
                  <actions>
                    <action arg="948" type="swap"/>
                    <action arg="2812" type="push"/>
                  </actions>
                </route>
              </routes>
            </te-group>
            <te-group>
              <routes>
                <route to="in0">
                  <actions>
                    <action arg="948" type="swap"/>
                    <action arg="2812" type="push"/>
                    <action arg="2817" type="push"/>
                  </actions>
                </route>
              </routes>
            </te-group>
          </te-groups>
        </destination>
        <destination from="in1" label="$950">
          <te-groups>
            <te-group>
              <routes>
                <route to="in0">
                  <actions>
                    <action arg="951" type="swap"/>
                  </actions>
                </route>
              </routes>
            </te-group>
            <te-group>
              <routes>
                <route to="in4">
                  <actions>
                    <action arg="951" type="swap"/>
                    <action arg="2812" type="push"/>
                  </actions>
                </route>
              </routes>
            </te-group>
            <te-group>
              <routes>
                <route to="in0">
                  <actions>
                    <action arg="951" type="swap"/>
                    <action arg="2812" type="push"/>
                    <action arg="2817" type="push"/>
                  </actions>
                </route>
              </routes>
            </te-group>
          </te-groups>
        </destination>
        <destination from="in1" label="$954">
          <te-groups>
            <te-group>
              <routes>
                <route to="in0">
                  <actions>
                    <action arg="955" type="swap"/>
                  </actions>
                </route>
              </routes>
            </te-group>
            <te-group>
              <routes>
                <route to="in4">
                  <actions>
                    <action arg="955" type="swap"/>
                    <action arg="2812" type="push"/>
                  </actions>
                </route>
              </routes>
            </te-group>
            <te-group>
              <routes>
                <route to="in0">
                  <actions>
                    <action arg="955" type="swap"/>
                    <action arg="2812" type="push"/>
                    <action arg="2817" type="push"/>
                  </actions>
                </route>
              </routes>
            </te-group>
          </te-groups>
        </destination>
        <destination from="in1" label="$961">
          <te-groups>
            <te-group>
              <routes>
                <route to="in2">
                  <actions>
                    <action arg="962" type="swap"/>
                  </actions>
                </route>
              </routes>
            </te-group>
            <te-group>
              <routes>
                <route to="in3">
                  <actions>
                    <action arg="962" type="swap"/>
                    <action arg="2813" type="push"/>
                  </actions>
                </route>
              </routes>
            </te-group>
            <te-group>
              <routes>
                <route to="in2">
                  <actions>
                    <action arg="962" type="swap"/>
                    <action arg="2813" type="push"/>
                    <action arg="2814" type="push"/>
                  </actions>
                </route>
              </routes>
            </te-group>
          </te-groups>
        </destination>
        <destination from="in1" label="$964">
          <te-groups>
            <te-group>
              <routes>
                <route to="in2">
                  <actions>
                    <action arg="965" type="swap"/>
                  </actions>
                </route>
              </routes>
            </te-group>
            <te-group>
              <routes>
                <route to="in3">
                  <actions>
                    <action arg="965" type="swap"/>
                    <action arg="2813" type="push"/>
                  </actions>
                </route>
              </routes>
            </te-group>
            <te-group>
              <routes>
                <route to="in2">
                  <actions>
                    <action arg="965" type="swap"/>
                    <action arg="2813" type="push"/>
                    <action arg="2814" type="push"/>
                  </actions>
                </route>
              </routes>
            </te-group>
          </te-groups>
        </destination>
        <destination from="in1" label="$968">
          <te-groups>
            <te-group>
              <routes>
                <route to="in3">
                  <actions>
                    <action arg="969" type="swap"/>
                  </actions>
                </route>
              </routes>
            </te-group>
            <te-group>
              <routes>
                <route to="in2">
                  <actions>
                    <action arg="969" type="swap"/>
                    <action arg="2814" type="push"/>
                  </actions>
                </route>
              </routes>
            </te-group>
          </te-groups>
        </destination>
        <destination from="in1" label="$971">
          <te-groups>
            <te-group>
              <routes>
                <route to="in2">
                  <actions>
                    <action arg="972" type="swap"/>
                  </actions>
                </route>
              </routes>
            </te-group>
            <te-group>
              <routes>
                <route to="in3">
                  <actions>
                    <action arg="972" type="swap"/>
                    <action arg="2813" type="push"/>
                  </actions>
                </route>
              </routes>
            </te-group>
            <te-group>
              <routes>
                <route to="in2">
                  <actions>
                    <action arg="972" type="swap"/>
                    <action arg="2813" type="push"/>
                    <action arg="2814" type="push"/>
                  </actions>
                </route>
              </routes>
            </te-group>
          </te-groups>
        </destination>
        <destination from="in1" label="$975">
          <te-groups>
            <te-group>
              <routes>
                <route to="in2">
                  <actions>
                    <action arg="976" type="swap"/>
                  </actions>
                </route>
              </routes>
            </te-group>
            <te-group>
              <routes>
                <route to="in3">
                  <actions>
                    <action arg="976" type="swap"/>
                    <action arg="2813" type="push"/>
                  </actions>
                </route>
              </routes>
            </te-group>
            <te-group>
              <routes>
                <route to="in2">
                  <actions>
                    <action arg="976" type="swap"/>
                    <action arg="2813" type="push"/>
                    <action arg="2814" type="push"/>
                  </actions>
                </route>
              </routes>
            </te-group>
          </te-groups>
        </destination>
        <destination from="in1" label="$979">
          <te-groups>
            <te-group>
              <routes>
                <route to="in5">
                  <actions>
                    <action arg="980" type="swap"/>
                  </actions>
                </route>
              </routes>
            </te-group>
            <te-group>
              <routes>
                <route to="in4">
                  <actions>
                    <action arg="980" type="swap"/>
                    <action arg="2823" type="push"/>
                  </actions>
                </route>
              </routes>
            </te-group>
          </te-groups>
        </destination>
        <destination from="in1" label="$984">
          <te-groups>
            <te-group>
              <routes>
                <route to="in5">
                  <actions>
                    <action arg="985" type="swap"/>
                  </actions>
                </route>
              </routes>
            </te-group>
            <te-group>
              <routes>
                <route to="in4">
                  <actions>
                    <action arg="985" type="swap"/>
                    <action arg="2823" type="push"/>
                  </actions>
                </route>
              </routes>
            </te-group>
          </te-groups>
        </destination>
        <destination from="in1" label="$990">
          <te-groups>
            <te-group>
              <routes>
                <route to="in2">
                  <actions>
                    <action arg="991" type="swap"/>
                  </actions>
                </route>
              </routes>
            </te-group>
            <te-group>
              <routes>
                <route to="in3">
                  <actions>
                    <action arg="991" type="swap"/>
                    <action arg="2813" type="push"/>
                  </actions>
                </route>
              </routes>
            </te-group>
            <te-group>
              <routes>
                <route to="in2">
                  <actions>
                    <action arg="991" type="swap"/>
                    <action arg="2813" type="push"/>
                    <action arg="2814" type="push"/>
                  </actions>
                </route>
              </routes>
            </te-group>
          </te-groups>
        </destination>
        <destination from="in1" label="$995">
          <te-groups>
            <te-group>
              <routes>
                <route to="in2">
                  <actions>
                    <action arg="996" type="swap"/>
                  </actions>
                </route>
              </routes>
            </te-group>
            <te-group>
              <routes>
                <route to="in3">
                  <actions>
                    <action arg="996" type="swap"/>
                    <action arg="2813" type="push"/>
                  </actions>
                </route>
              </routes>
            </te-group>
            <te-group>
              <routes>
                <route to="in2">
                  <actions>
                    <action arg="996" type="swap"/>
                    <action arg="2813" type="push"/>
                    <action arg="2814" type="push"/>
                  </actions>
                </route>
              </routes>
            </te-group>
          </te-groups>
        </destination>
        <destination from="in1" label="$1001">
          <te-groups>
            <te-group>
              <routes>
                <route to="in4">
                  <actions>
                    <action arg="1002" type="swap"/>
                  </actions>
                </route>
              </routes>
            </te-group>
            <te-group>
              <routes>
                <route to="in0">
                  <actions>
                    <action arg="1002" type="swap"/>
                    <action arg="2817" type="push"/>
                  </actions>
                </route>
              </routes>
            </te-group>
          </te-groups>
        </destination>
        <destination from="in1" label="$1004">
          <te-groups>
            <te-group>
              <routes>
                <route to="in4">
                  <actions>
                    <action arg="1005" type="swap"/>
                  </actions>
                </route>
              </routes>
            </te-group>
            <te-group>
              <routes>
                <route to="in0">
                  <actions>
                    <action arg="1005" type="swap"/>
                    <action arg="2817" type="push"/>
                  </actions>
                </route>
              </routes>
            </te-group>
          </te-groups>
        </destination>
        <destination from="in1" label="$1008">
          <te-groups>
            <te-group>
              <routes>
                <route to="in4">
                  <actions>
                    <action arg="1009" type="swap"/>
                  </actions>
                </route>
              </routes>
            </te-group>
            <te-group>
              <routes>
                <route to="in0">
                  <actions>
                    <action arg="1009" type="swap"/>
                    <action arg="2817" type="push"/>
                  </actions>
                </route>
              </routes>
            </te-group>
          </te-groups>
        </destination>
        <destination from="in1" label="$1012">
          <te-groups>
            <te-group>
              <routes>
                <route to="in4">
                  <actions>
                    <action arg="1013" type="swap"/>
                  </actions>
                </route>
              </routes>
            </te-group>
            <te-group>
              <routes>
                <route to="in0">
                  <actions>
                    <action arg="1013" type="swap"/>
                    <action arg="2817" type="push"/>
                  </actions>
                </route>
              </routes>
            </te-group>
          </te-groups>
        </destination>
        <destination from="in1" label="$1017">
          <te-groups>
            <te-group>
              <routes>
                <route to="in5">
                  <actions>
                    <action arg="1018" type="swap"/>
                  </actions>
                </route>
              </routes>
            </te-group>
            <te-group>
              <routes>
                <route to="in4">
                  <actions>
                    <action arg="1018" type="swap"/>
                    <action arg="2823" type="push"/>
                  </actions>
                </route>
              </routes>
            </te-group>
          </te-groups>
        </destination>
        <destination from="in1" label="$1021">
          <te-groups>
            <te-group>
              <routes>
                <route to="in5">
                  <actions>
                    <action arg="1022" type="swap"/>
                  </actions>
                </route>
              </routes>
            </te-group>
            <te-group>
              <routes>
                <route to="in4">
                  <actions>
                    <action arg="1022" type="swap"/>
                    <action arg="2823" type="push"/>
                  </actions>
                </route>
              </routes>
            </te-group>
          </te-groups>
        </destination>
        <destination from="in2" label="76">
          <te-groups>
            <te-group>
              <routes>
                <route to="eg0">
                  <actions>
                    <action type="pop"/>
                  </actions>
                </route>
              </routes>
            </te-group>
          </te-groups>
        </destination>
        <destination from="in2" label="199">
          <te-groups>
            <te-group>
              <routes>
                <route to="eg0">
                  <actions>
                    <action type="pop"/>
                  </actions>
                </route>
              </routes>
            </te-group>
          </te-groups>
        </destination>
        <destination from="in2" label="321">
          <te-groups>
            <te-group>
              <routes>
                <route to="eg0">
                  <actions>
                    <action type="pop"/>
                  </actions>
                </route>
              </routes>
            </te-group>
          </te-groups>
        </destination>
        <destination from="in2" label="430">
          <te-groups>
            <te-group>
              <routes>
                <route to="eg0">
                  <actions>
                    <action type="pop"/>
                  </actions>
                </route>
              </routes>
            </te-group>
          </te-groups>
        </destination>
        <destination from="in2" label="534">
          <te-groups>
            <te-group>
              <routes>
                <route to="eg0">
                  <actions>
                    <action type="pop"/>
                  </actions>
                </route>
              </routes>
            </te-group>
          </te-groups>
        </destination>
        <destination from="in2" label="648">
          <te-groups>
            <te-group>
              <routes>
                <route to="eg0">
                  <actions>
                    <action type="pop"/>
                  </actions>
                </route>
              </routes>
            </te-group>
          </te-groups>
        </destination>
        <destination from="in2" label="744">
          <te-groups>
            <te-group>
              <routes>
                <route to="eg0">
                  <actions>
                    <action type="pop"/>
                  </actions>
                </route>
              </routes>
            </te-group>
          </te-groups>
        </destination>
        <destination from="in2" label="847">
          <te-groups>
            <te-group>
              <routes>
                <route to="eg0">
                  <actions>
                    <action type="pop"/>
                  </actions>
                </route>
              </routes>
            </te-group>
          </te-groups>
        </destination>
        <destination from="in2" label="1150">
          <te-groups>
            <te-group>
              <routes>
                <route to="eg0">
                  <actions>
                    <action type="pop"/>
                  </actions>
                </route>
              </routes>
            </te-group>
          </te-groups>
        </destination>
        <destination from="in2" label="1253">
          <te-groups>
            <te-group>
              <routes>
                <route to="eg0">
                  <actions>
                    <action type="pop"/>
                  </actions>
                </route>
              </routes>
            </te-group>
          </te-groups>
        </destination>
        <destination from="in2" label="1359">
          <te-groups>
            <te-group>
              <routes>
                <route to="eg0">
                  <actions>
                    <action type="pop"/>
                  </actions>
                </route>
              </routes>
            </te-group>
          </te-groups>
        </destination>
        <destination from="in2" label="1467">
          <te-groups>
            <te-group>
              <routes>
                <route to="eg0">
                  <actions>
                    <action type="pop"/>
                  </actions>
                </route>
              </routes>
            </te-group>
          </te-groups>
        </destination>
        <destination from="in2" label="1581">
          <te-groups>
            <te-group>
              <routes>
                <route to="eg0">
                  <actions>
                    <action type="pop"/>
                  </actions>
                </route>
              </routes>
            </te-group>
          </te-groups>
        </destination>
        <destination from="in2" label="1673">
          <te-groups>
            <te-group>
              <routes>
                <route to="eg0">
                  <actions>
                    <action type="pop"/>
                  </actions>
                </route>
              </routes>
            </te-group>
          </te-groups>
        </destination>
        <destination from="in2" label="1947">
          <te-groups>
            <te-group>
              <routes>
                <route to="eg0">
                  <actions>
                    <action type="pop"/>
                  </actions>
                </route>
              </routes>
            </te-group>
          </te-groups>
        </destination>
        <destination from="in2" label="2080">
          <te-groups>
            <te-group>
              <routes>
                <route to="eg0">
                  <actions>
                    <action type="pop"/>
                  </actions>
                </route>
              </routes>
            </te-group>
          </te-groups>
        </destination>
        <destination from="in2" label="2185">
          <te-groups>
            <te-group>
              <routes>
                <route to="eg0">
                  <actions>
                    <action type="pop"/>
                  </actions>
                </route>
              </routes>
            </te-group>
          </te-groups>
        </destination>
        <destination from="in2" label="2289">
          <te-groups>
            <te-group>
              <routes>
                <route to="eg0">
                  <actions>
                    <action type="pop"/>
                  </actions>
                </route>
              </routes>
            </te-group>
          </te-groups>
        </destination>
        <destination from="in2" label="2406">
          <te-groups>
            <te-group>
              <routes>
                <route to="eg0">
                  <actions>
                    <action type="pop"/>
                  </actions>
                </route>
              </routes>
            </te-group>
          </te-groups>
        </destination>
        <destination from="in2" label="2523">
          <te-groups>
            <te-group>
              <routes>
                <route to="eg0">
                  <actions>
                    <action type="pop"/>
                  </actions>
                </route>
              </routes>
            </te-group>
          </te-groups>
        </destination>
        <destination from="in2" label="2798">
          <te-groups>
            <te-group>
              <routes>
                <route to="in0">
                  <actions>
                    <action type="pop"/>
                  </actions>
                </route>
              </routes>
            </te-group>
            <te-group>
              <routes>
                <route to="in4">
                  <actions>
                    <action arg="2812" type="swap"/>
                  </actions>
                </route>
              </routes>
            </te-group>
          </te-groups>
        </destination>
        <destination from="in2" label="2805">
          <te-groups>
            <te-group>
              <routes>
                <route to="in0">
                  <actions>
                    <action arg="2804" type="swap"/>
                  </actions>
                </route>
              </routes>
            </te-group>
            <te-group>
              <routes>
                <route to="in4">
                  <actions>
                    <action arg="2804" type="swap"/>
                    <action arg="2812" type="push"/>
                  </actions>
                </route>
              </routes>
            </te-group>
          </te-groups>
        </destination>
        <destination from="in2" label="2825">
          <te-groups>
            <te-group>
              <routes>
                <route to="in3">
                  <actions>
                    <action type="pop"/>
                  </actions>
                </route>
              </routes>
            </te-group>
          </te-groups>
        </destination>
        <destination from="in2" label="2828">
          <te-groups>
            <te-group>
              <routes>
                <route to="in4">
                  <actions>
                    <action arg="2827" type="swap"/>
                  </actions>
                </route>
              </routes>
            </te-group>
          </te-groups>
        </destination>
        <destination from="in2" label="2831">
          <te-groups>
            <te-group>
              <routes>
                <route to="in2">
                  <actions>
                    <action type="pop"/>
                  </actions>
                </route>
              </routes>
            </te-group>
          </te-groups>
        </destination>
        <destination from="in2" label="2835">
          <te-groups>
            <te-group>
              <routes>
                <route to="in4">
                  <actions>
                    <action arg="2834" type="swap"/>
                  </actions>
                </route>
              </routes>
            </te-group>
          </te-groups>
        </destination>
        <destination from="in2" label="2842">
          <te-groups>
            <te-group>
              <routes>
                <route to="in2">
                  <actions>
                    <action arg="2841" type="swap"/>
                  </actions>
                </route>
              </routes>
            </te-group>
          </te-groups>
        </destination>
        <destination from="in2" label="2844">
          <te-groups>
            <te-group>
              <routes>
                <route to="in4">
                  <actions>
                    <action type="pop"/>
                  </actions>
                </route>
              </routes>
            </te-group>
          </te-groups>
        </destination>
        <destination from="in2" label="2849">
          <te-groups>
            <te-group>
              <routes>
                <route to="in0">
                  <actions>
                    <action arg="2848" type="swap"/>
                  </actions>
                </route>
              </routes>
            </te-group>
          </te-groups>
        </destination>
        <destination from="in2" label="$70">
          <te-groups>
            <te-group>
              <routes>
                <route to="in1">
                  <actions>
                    <action arg="71" type="swap"/>
                  </actions>
                </route>
              </routes>
            </te-group>
          </te-groups>
        </destination>
        <destination from="in2" label="$81">
          <te-groups>
            <te-group>
              <routes>
                <route to="in2">
                  <actions>
                    <action arg="82" type="swap"/>
                  </actions>
                </route>
              </routes>
            </te-group>
            <te-group>
              <routes>
                <route to="in3">
                  <actions>
                    <action arg="82" type="swap"/>
                    <action arg="2813" type="push"/>
                  </actions>
                </route>
              </routes>
            </te-group>
            <te-group>
              <routes>
                <route to="in2">
                  <actions>
                    <action arg="82" type="swap"/>
                    <action arg="2813" type="push"/>
                    <action arg="2814" type="push"/>
                  </actions>
                </route>
              </routes>
            </te-group>
          </te-groups>
        </destination>
        <destination from="in2" label="$87">
          <te-groups>
            <te-group>
              <routes>
                <route to="in2">
                  <actions>
                    <action arg="88" type="swap"/>
                  </actions>
                </route>
              </routes>
            </te-group>
            <te-group>
              <routes>
                <route to="in3">
                  <actions>
                    <action arg="88" type="swap"/>
                    <action arg="2813" type="push"/>
                  </actions>
                </route>
              </routes>
            </te-group>
            <te-group>
              <routes>
                <route to="in2">
                  <actions>
                    <action arg="88" type="swap"/>
                    <action arg="2813" type="push"/>
                    <action arg="2814" type="push"/>
                  </actions>
                </route>
              </routes>
            </te-group>
          </te-groups>
        </destination>
        <destination from="in2" label="$94">
          <te-groups>
            <te-group>
              <routes>
                <route to="in3">
                  <actions>
                    <action arg="95" type="swap"/>
                  </actions>
                </route>
              </routes>
            </te-group>
            <te-group>
              <routes>
                <route to="in2">
                  <actions>
                    <action arg="95" type="swap"/>
                    <action arg="2814" type="push"/>
                  </actions>
                </route>
              </routes>
            </te-group>
          </te-groups>
        </destination>
        <destination from="in2" label="$100">
          <te-groups>
            <te-group>
              <routes>
                <route to="in2">
                  <actions>
                    <action arg="101" type="swap"/>
                  </actions>
                </route>
              </routes>
            </te-group>
            <te-group>
              <routes>
                <route to="in3">
                  <actions>
                    <action arg="101" type="swap"/>
                    <action arg="2813" type="push"/>
                  </actions>
                </route>
              </routes>
            </te-group>
            <te-group>
              <routes>
                <route to="in2">
                  <actions>
                    <action arg="101" type="swap"/>
                    <action arg="2813" type="push"/>
                    <action arg="2814" type="push"/>
                  </actions>
                </route>
              </routes>
            </te-group>
          </te-groups>
        </destination>
        <destination from="in2" label="$107">
          <te-groups>
            <te-group>
              <routes>
                <route to="in2">
                  <actions>
                    <action arg="108" type="swap"/>
                  </actions>
                </route>
              </routes>
            </te-group>
            <te-group>
              <routes>
                <route to="in3">
                  <actions>
                    <action arg="108" type="swap"/>
                    <action arg="2813" type="push"/>
                  </actions>
                </route>
              </routes>
            </te-group>
            <te-group>
              <routes>
                <route to="in2">
                  <actions>
                    <action arg="108" type="swap"/>
                    <action arg="2813" type="push"/>
                    <action arg="2814" type="push"/>
                  </actions>
                </route>
              </routes>
            </te-group>
          </te-groups>
        </destination>
        <destination from="in2" label="$125">
          <te-groups>
            <te-group>
              <routes>
                <route to="in2">
                  <actions>
                    <action arg="126" type="swap"/>
                  </actions>
                </route>
              </routes>
            </te-group>
            <te-group>
              <routes>
                <route to="in3">
                  <actions>
                    <action arg="126" type="swap"/>
                    <action arg="2813" type="push"/>
                  </actions>
                </route>
              </routes>
            </te-group>
            <te-group>
              <routes>
                <route to="in2">
                  <actions>
                    <action arg="126" type="swap"/>
                    <action arg="2813" type="push"/>
                    <action arg="2814" type="push"/>
                  </actions>
                </route>
              </routes>
            </te-group>
          </te-groups>
        </destination>
        <destination from="in2" label="$133">
          <te-groups>
            <te-group>
              <routes>
                <route to="in2">
                  <actions>
                    <action arg="134" type="swap"/>
                  </actions>
                </route>
              </routes>
            </te-group>
            <te-group>
              <routes>
                <route to="in3">
                  <actions>
                    <action arg="134" type="swap"/>
                    <action arg="2813" type="push"/>
                  </actions>
                </route>
              </routes>
            </te-group>
            <te-group>
              <routes>
                <route to="in2">
                  <actions>
                    <action arg="134" type="swap"/>
                    <action arg="2813" type="push"/>
                    <action arg="2814" type="push"/>
                  </actions>
                </route>
              </routes>
            </te-group>
          </te-groups>
        </destination>
        <destination from="in2" label="$194">
          <te-groups>
            <te-group>
              <routes>
                <route to="in1">
                  <actions>
                    <action arg="195" type="swap"/>
                  </actions>
                </route>
              </routes>
            </te-group>
          </te-groups>
        </destination>
        <destination from="in2" label="$203">
          <te-groups>
            <te-group>
              <routes>
                <route to="in2">
                  <actions>
                    <action arg="204" type="swap"/>
                  </actions>
                </route>
              </routes>
            </te-group>
            <te-group>
              <routes>
                <route to="in3">
                  <actions>
                    <action arg="204" type="swap"/>
                    <action arg="2813" type="push"/>
                  </actions>
                </route>
              </routes>
            </te-group>
            <te-group>
              <routes>
                <route to="in2">
                  <actions>
                    <action arg="204" type="swap"/>
                    <action arg="2813" type="push"/>
                    <action arg="2814" type="push"/>
                  </actions>
                </route>
              </routes>
            </te-group>
          </te-groups>
        </destination>
        <destination from="in2" label="$208">
          <te-groups>
            <te-group>
              <routes>
                <route to="in2">
                  <actions>
                    <action arg="209" type="swap"/>
                  </actions>
                </route>
              </routes>
            </te-group>
            <te-group>
              <routes>
                <route to="in3">
                  <actions>
                    <action arg="209" type="swap"/>
                    <action arg="2813" type="push"/>
                  </actions>
                </route>
              </routes>
            </te-group>
            <te-group>
              <routes>
                <route to="in2">
                  <actions>
                    <action arg="209" type="swap"/>
                    <action arg="2813" type="push"/>
                    <action arg="2814" type="push"/>
                  </actions>
                </route>
              </routes>
            </te-group>
          </te-groups>
        </destination>
        <destination from="in2" label="$214">
          <te-groups>
            <te-group>
              <routes>
                <route to="in3">
                  <actions>
                    <action arg="215" type="swap"/>
                  </actions>
                </route>
              </routes>
            </te-group>
            <te-group>
              <routes>
                <route to="in2">
                  <actions>
                    <action arg="215" type="swap"/>
                    <action arg="2814" type="push"/>
                  </actions>
                </route>
              </routes>
            </te-group>
          </te-groups>
        </destination>
        <destination from="in2" label="$219">
          <te-groups>
            <te-group>
              <routes>
                <route to="in2">
                  <actions>
                    <action arg="220" type="swap"/>
                  </actions>
                </route>
              </routes>
            </te-group>
            <te-group>
              <routes>
                <route to="in3">
                  <actions>
                    <action arg="220" type="swap"/>
                    <action arg="2813" type="push"/>
                  </actions>
                </route>
              </routes>
            </te-group>
            <te-group>
              <routes>
                <route to="in2">
                  <actions>
                    <action arg="220" type="swap"/>
                    <action arg="2813" type="push"/>
                    <action arg="2814" type="push"/>
                  </actions>
                </route>
              </routes>
            </te-group>
          </te-groups>
        </destination>
        <destination from="in2" label="$225">
          <te-groups>
            <te-group>
              <routes>
                <route to="in2">
                  <actions>
                    <action arg="226" type="swap"/>
                  </actions>
                </route>
              </routes>
            </te-group>
            <te-group>
              <routes>
                <route to="in3">
                  <actions>
                    <action arg="226" type="swap"/>
                    <action arg="2813" type="push"/>
                  </actions>
                </route>
              </routes>
            </te-group>
            <te-group>
              <routes>
                <route to="in2">
                  <actions>
                    <action arg="226" type="swap"/>
                    <action arg="2813" type="push"/>
                    <action arg="2814" type="push"/>
                  </actions>
                </route>
              </routes>
            </te-group>
          </te-groups>
        </destination>
        <destination from="in2" label="$244">
          <te-groups>
            <te-group>
              <routes>
                <route to="in2">
                  <actions>
                    <action arg="245" type="swap"/>
                  </actions>
                </route>
              </routes>
            </te-group>
            <te-group>
              <routes>
                <route to="in3">
                  <actions>
                    <action arg="245" type="swap"/>
                    <action arg="2813" type="push"/>
                  </actions>
                </route>
              </routes>
            </te-group>
            <te-group>
              <routes>
                <route to="in2">
                  <actions>
                    <action arg="245" type="swap"/>
                    <action arg="2813" type="push"/>
                    <action arg="2814" type="push"/>
                  </actions>
                </route>
              </routes>
            </te-group>
          </te-groups>
        </destination>
        <destination from="in2" label="$251">
          <te-groups>
            <te-group>
              <routes>
                <route to="in2">
                  <actions>
                    <action arg="252" type="swap"/>
                  </actions>
                </route>
              </routes>
            </te-group>
            <te-group>
              <routes>
                <route to="in3">
                  <actions>
                    <action arg="252" type="swap"/>
                    <action arg="2813" type="push"/>
                  </actions>
                </route>
              </routes>
            </te-group>
            <te-group>
              <routes>
                <route to="in2">
                  <actions>
                    <action arg="252" type="swap"/>
                    <action arg="2813" type="push"/>
                    <action arg="2814" type="push"/>
                  </actions>
                </route>
              </routes>
            </te-group>
          </te-groups>
        </destination>
        <destination from="in2" label="$315">
          <te-groups>
            <te-group>
              <routes>
                <route to="in1">
                  <actions>
                    <action arg="316" type="swap"/>
                  </actions>
                </route>
              </routes>
            </te-group>
          </te-groups>
        </destination>
        <destination from="in2" label="$326">
          <te-groups>
            <te-group>
              <routes>
                <route to="in2">
                  <actions>
                    <action arg="327" type="swap"/>
                  </actions>
                </route>
              </routes>
            </te-group>
            <te-group>
              <routes>
                <route to="in3">
                  <actions>
                    <action arg="327" type="swap"/>
                    <action arg="2813" type="push"/>
                  </actions>
                </route>
              </routes>
            </te-group>
            <te-group>
              <routes>
                <route to="in2">
                  <actions>
                    <action arg="327" type="swap"/>
                    <action arg="2813" type="push"/>
                    <action arg="2814" type="push"/>
                  </actions>
                </route>
              </routes>
            </te-group>
          </te-groups>
        </destination>
        <destination from="in2" label="$332">
          <te-groups>
            <te-group>
              <routes>
                <route to="in2">
                  <actions>
                    <action arg="333" type="swap"/>
                  </actions>
                </route>
              </routes>
            </te-group>
            <te-group>
              <routes>
                <route to="in3">
                  <actions>
                    <action arg="333" type="swap"/>
                    <action arg="2813" type="push"/>
                  </actions>
                </route>
              </routes>
            </te-group>
            <te-group>
              <routes>
                <route to="in2">
                  <actions>
                    <action arg="333" type="swap"/>
                    <action arg="2813" type="push"/>
                    <action arg="2814" type="push"/>
                  </actions>
                </route>
              </routes>
            </te-group>
          </te-groups>
        </destination>
        <destination from="in2" label="$339">
          <te-groups>
            <te-group>
              <routes>
                <route to="in3">
                  <actions>
                    <action arg="340" type="swap"/>
                  </actions>
                </route>
              </routes>
            </te-group>
            <te-group>
              <routes>
                <route to="in2">
                  <actions>
                    <action arg="340" type="swap"/>
                    <action arg="2814" type="push"/>
                  </actions>
                </route>
              </routes>
            </te-group>
          </te-groups>
        </destination>
        <destination from="in2" label="$345">
          <te-groups>
            <te-group>
              <routes>
                <route to="in2">
                  <actions>
                    <action arg="346" type="swap"/>
                  </actions>
                </route>
              </routes>
            </te-group>
            <te-group>
              <routes>
                <route to="in3">
                  <actions>
                    <action arg="346" type="swap"/>
                    <action arg="2813" type="push"/>
                  </actions>
                </route>
              </routes>
            </te-group>
            <te-group>
              <routes>
                <route to="in2">
                  <actions>
                    <action arg="346" type="swap"/>
                    <action arg="2813" type="push"/>
                    <action arg="2814" type="push"/>
                  </actions>
                </route>
              </routes>
            </te-group>
          </te-groups>
        </destination>
        <destination from="in2" label="$352">
          <te-groups>
            <te-group>
              <routes>
                <route to="in2">
                  <actions>
                    <action arg="353" type="swap"/>
                  </actions>
                </route>
              </routes>
            </te-group>
            <te-group>
              <routes>
                <route to="in3">
                  <actions>
                    <action arg="353" type="swap"/>
                    <action arg="2813" type="push"/>
                  </actions>
                </route>
              </routes>
            </te-group>
            <te-group>
              <routes>
                <route to="in2">
                  <actions>
                    <action arg="353" type="swap"/>
                    <action arg="2813" type="push"/>
                    <action arg="2814" type="push"/>
                  </actions>
                </route>
              </routes>
            </te-group>
          </te-groups>
        </destination>
        <destination from="in2" label="$366">
          <te-groups>
            <te-group>
              <routes>
                <route to="in2">
                  <actions>
                    <action arg="367" type="swap"/>
                  </actions>
                </route>
              </routes>
            </te-group>
            <te-group>
              <routes>
                <route to="in3">
                  <actions>
                    <action arg="367" type="swap"/>
                    <action arg="2813" type="push"/>
                  </actions>
                </route>
              </routes>
            </te-group>
            <te-group>
              <routes>
                <route to="in2">
                  <actions>
                    <action arg="367" type="swap"/>
                    <action arg="2813" type="push"/>
                    <action arg="2814" type="push"/>
                  </actions>
                </route>
              </routes>
            </te-group>
          </te-groups>
        </destination>
        <destination from="in2" label="$374">
          <te-groups>
            <te-group>
              <routes>
                <route to="in2">
                  <actions>
                    <action arg="375" type="swap"/>
                  </actions>
                </route>
              </routes>
            </te-group>
            <te-group>
              <routes>
                <route to="in3">
                  <actions>
                    <action arg="375" type="swap"/>
                    <action arg="2813" type="push"/>
                  </actions>
                </route>
              </routes>
            </te-group>
            <te-group>
              <routes>
                <route to="in2">
                  <actions>
                    <action arg="375" type="swap"/>
                    <action arg="2813" type="push"/>
                    <action arg="2814" type="push"/>
                  </actions>
                </route>
              </routes>
            </te-group>
          </te-groups>
        </destination>
        <destination from="in2" label="$425">
          <te-groups>
            <te-group>
              <routes>
                <route to="in1">
                  <actions>
                    <action arg="426" type="swap"/>
                  </actions>
                </route>
              </routes>
            </te-group>
          </te-groups>
        </destination>
        <destination from="in2" label="$434">
          <te-groups>
            <te-group>
              <routes>
                <route to="in2">
                  <actions>
                    <action arg="435" type="swap"/>
                  </actions>
                </route>
              </routes>
            </te-group>
            <te-group>
              <routes>
                <route to="in3">
                  <actions>
                    <action arg="435" type="swap"/>
                    <action arg="2813" type="push"/>
                  </actions>
                </route>
              </routes>
            </te-group>
            <te-group>
              <routes>
                <route to="in2">
                  <actions>
                    <action arg="435" type="swap"/>
                    <action arg="2813" type="push"/>
                    <action arg="2814" type="push"/>
                  </actions>
                </route>
              </routes>
            </te-group>
          </te-groups>
        </destination>
        <destination from="in2" label="$439">
          <te-groups>
            <te-group>
              <routes>
                <route to="in2">
                  <actions>
                    <action arg="440" type="swap"/>
                  </actions>
                </route>
              </routes>
            </te-group>
            <te-group>
              <routes>
                <route to="in3">
                  <actions>
                    <action arg="440" type="swap"/>
                    <action arg="2813" type="push"/>
                  </actions>
                </route>
              </routes>
            </te-group>
            <te-group>
              <routes>
                <route to="in2">
                  <actions>
                    <action arg="440" type="swap"/>
                    <action arg="2813" type="push"/>
                    <action arg="2814" type="push"/>
                  </actions>
                </route>
              </routes>
            </te-group>
          </te-groups>
        </destination>
        <destination from="in2" label="$445">
          <te-groups>
            <te-group>
              <routes>
                <route to="in3">
                  <actions>
                    <action arg="446" type="swap"/>
                  </actions>
                </route>
              </routes>
            </te-group>
            <te-group>
              <routes>
                <route to="in2">
                  <actions>
                    <action arg="446" type="swap"/>
                    <action arg="2814" type="push"/>
                  </actions>
                </route>
              </routes>
            </te-group>
          </te-groups>
        </destination>
        <destination from="in2" label="$450">
          <te-groups>
            <te-group>
              <routes>
                <route to="in2">
                  <actions>
                    <action arg="451" type="swap"/>
                  </actions>
                </route>
              </routes>
            </te-group>
            <te-group>
              <routes>
                <route to="in3">
                  <actions>
                    <action arg="451" type="swap"/>
                    <action arg="2813" type="push"/>
                  </actions>
                </route>
              </routes>
            </te-group>
            <te-group>
              <routes>
                <route to="in2">
                  <actions>
                    <action arg="451" type="swap"/>
                    <action arg="2813" type="push"/>
                    <action arg="2814" type="push"/>
                  </actions>
                </route>
              </routes>
            </te-group>
          </te-groups>
        </destination>
        <destination from="in2" label="$456">
          <te-groups>
            <te-group>
              <routes>
                <route to="in2">
                  <actions>
                    <action arg="457" type="swap"/>
                  </actions>
                </route>
              </routes>
            </te-group>
            <te-group>
              <routes>
                <route to="in3">
                  <actions>
                    <action arg="457" type="swap"/>
                    <action arg="2813" type="push"/>
                  </actions>
                </route>
              </routes>
            </te-group>
            <te-group>
              <routes>
                <route to="in2">
                  <actions>
                    <action arg="457" type="swap"/>
                    <action arg="2813" type="push"/>
                    <action arg="2814" type="push"/>
                  </actions>
                </route>
              </routes>
            </te-group>
          </te-groups>
        </destination>
        <destination from="in2" label="$467">
          <te-groups>
            <te-group>
              <routes>
                <route to="in2">
                  <actions>
                    <action arg="468" type="swap"/>
                  </actions>
                </route>
              </routes>
            </te-group>
            <te-group>
              <routes>
                <route to="in3">
                  <actions>
                    <action arg="468" type="swap"/>
                    <action arg="2813" type="push"/>
                  </actions>
                </route>
              </routes>
            </te-group>
            <te-group>
              <routes>
                <route to="in2">
                  <actions>
                    <action arg="468" type="swap"/>
                    <action arg="2813" type="push"/>
                    <action arg="2814" type="push"/>
                  </actions>
                </route>
              </routes>
            </te-group>
          </te-groups>
        </destination>
        <destination from="in2" label="$474">
          <te-groups>
            <te-group>
              <routes>
                <route to="in2">
                  <actions>
                    <action arg="475" type="swap"/>
                  </actions>
                </route>
              </routes>
            </te-group>
            <te-group>
              <routes>
                <route to="in3">
                  <actions>
                    <action arg="475" type="swap"/>
                    <action arg="2813" type="push"/>
                  </actions>
                </route>
              </routes>
            </te-group>
            <te-group>
              <routes>
                <route to="in2">
                  <actions>
                    <action arg="475" type="swap"/>
                    <action arg="2813" type="push"/>
                    <action arg="2814" type="push"/>
                  </actions>
                </route>
              </routes>
            </te-group>
          </te-groups>
        </destination>
        <destination from="in2" label="$529">
          <te-groups>
            <te-group>
              <routes>
                <route to="in1">
                  <actions>
                    <action arg="530" type="swap"/>
                  </actions>
                </route>
              </routes>
            </te-group>
          </te-groups>
        </destination>
        <destination from="in2" label="$538">
          <te-groups>
            <te-group>
              <routes>
                <route to="in2">
                  <actions>
                    <action arg="539" type="swap"/>
                  </actions>
                </route>
              </routes>
            </te-group>
            <te-group>
              <routes>
                <route to="in3">
                  <actions>
                    <action arg="539" type="swap"/>
                    <action arg="2813" type="push"/>
                  </actions>
                </route>
              </routes>
            </te-group>
            <te-group>
              <routes>
                <route to="in2">
                  <actions>
                    <action arg="539" type="swap"/>
                    <action arg="2813" type="push"/>
                    <action arg="2814" type="push"/>
                  </actions>
                </route>
              </routes>
            </te-group>
          </te-groups>
        </destination>
        <destination from="in2" label="$543">
          <te-groups>
            <te-group>
              <routes>
                <route to="in2">
                  <actions>
                    <action arg="544" type="swap"/>
                  </actions>
                </route>
              </routes>
            </te-group>
            <te-group>
              <routes>
                <route to="in3">
                  <actions>
                    <action arg="544" type="swap"/>
                    <action arg="2813" type="push"/>
                  </actions>
                </route>
              </routes>
            </te-group>
            <te-group>
              <routes>
                <route to="in2">
                  <actions>
                    <action arg="544" type="swap"/>
                    <action arg="2813" type="push"/>
                    <action arg="2814" type="push"/>
                  </actions>
                </route>
              </routes>
            </te-group>
          </te-groups>
        </destination>
        <destination from="in2" label="$549">
          <te-groups>
            <te-group>
              <routes>
                <route to="in3">
                  <actions>
                    <action arg="550" type="swap"/>
                  </actions>
                </route>
              </routes>
            </te-group>
            <te-group>
              <routes>
                <route to="in2">
                  <actions>
                    <action arg="550" type="swap"/>
                    <action arg="2814" type="push"/>
                  </actions>
                </route>
              </routes>
            </te-group>
          </te-groups>
        </destination>
        <destination from="in2" label="$554">
          <te-groups>
            <te-group>
              <routes>
                <route to="in2">
                  <actions>
                    <action arg="555" type="swap"/>
                  </actions>
                </route>
              </routes>
            </te-group>
            <te-group>
              <routes>
                <route to="in3">
                  <actions>
                    <action arg="555" type="swap"/>
                    <action arg="2813" type="push"/>
                  </actions>
                </route>
              </routes>
            </te-group>
            <te-group>
              <routes>
                <route to="in2">
                  <actions>
                    <action arg="555" type="swap"/>
                    <action arg="2813" type="push"/>
                    <action arg="2814" type="push"/>
                  </actions>
                </route>
              </routes>
            </te-group>
          </te-groups>
        </destination>
        <destination from="in2" label="$560">
          <te-groups>
            <te-group>
              <routes>
                <route to="in2">
                  <actions>
                    <action arg="561" type="swap"/>
                  </actions>
                </route>
              </routes>
            </te-group>
            <te-group>
              <routes>
                <route to="in3">
                  <actions>
                    <action arg="561" type="swap"/>
                    <action arg="2813" type="push"/>
                  </actions>
                </route>
              </routes>
            </te-group>
            <te-group>
              <routes>
                <route to="in2">
                  <actions>
                    <action arg="561" type="swap"/>
                    <action arg="2813" type="push"/>
                    <action arg="2814" type="push"/>
                  </actions>
                </route>
              </routes>
            </te-group>
          </te-groups>
        </destination>
        <destination from="in2" label="$579">
          <te-groups>
            <te-group>
              <routes>
                <route to="in2">
                  <actions>
                    <action arg="580" type="swap"/>
                  </actions>
                </route>
              </routes>
            </te-group>
            <te-group>
              <routes>
                <route to="in3">
                  <actions>
                    <action arg="580" type="swap"/>
                    <action arg="2813" type="push"/>
                  </actions>
                </route>
              </routes>
            </te-group>
            <te-group>
              <routes>
                <route to="in2">
                  <actions>
                    <action arg="580" type="swap"/>
                    <action arg="2813" type="push"/>
                    <action arg="2814" type="push"/>
                  </actions>
                </route>
              </routes>
            </te-group>
          </te-groups>
        </destination>
        <destination from="in2" label="$586">
          <te-groups>
            <te-group>
              <routes>
                <route to="in2">
                  <actions>
                    <action arg="587" type="swap"/>
                  </actions>
                </route>
              </routes>
            </te-group>
            <te-group>
              <routes>
                <route to="in3">
                  <actions>
                    <action arg="587" type="swap"/>
                    <action arg="2813" type="push"/>
                  </actions>
                </route>
              </routes>
            </te-group>
            <te-group>
              <routes>
                <route to="in2">
                  <actions>
                    <action arg="587" type="swap"/>
                    <action arg="2813" type="push"/>
                    <action arg="2814" type="push"/>
                  </actions>
                </route>
              </routes>
            </te-group>
          </te-groups>
        </destination>
        <destination from="in2" label="$645">
          <te-groups>
            <te-group>
              <routes>
                <route to="in1">
                  <actions>
                    <action arg="646" type="swap"/>
                  </actions>
                </route>
              </routes>
            </te-group>
          </te-groups>
        </destination>
        <destination from="in2" label="$650">
          <te-groups>
            <te-group>
              <routes>
                <route to="in2">
                  <actions>
                    <action arg="651" type="swap"/>
                  </actions>
                </route>
              </routes>
            </te-group>
            <te-group>
              <routes>
                <route to="in3">
                  <actions>
                    <action arg="651" type="swap"/>
                    <action arg="2813" type="push"/>
                  </actions>
                </route>
              </routes>
            </te-group>
            <te-group>
              <routes>
                <route to="in2">
                  <actions>
                    <action arg="651" type="swap"/>
                    <action arg="2813" type="push"/>
                    <action arg="2814" type="push"/>
                  </actions>
                </route>
              </routes>
            </te-group>
          </te-groups>
        </destination>
        <destination from="in2" label="$653">
          <te-groups>
            <te-group>
              <routes>
                <route to="in2">
                  <actions>
                    <action arg="654" type="swap"/>
                  </actions>
                </route>
              </routes>
            </te-group>
            <te-group>
              <routes>
                <route to="in3">
                  <actions>
                    <action arg="654" type="swap"/>
                    <action arg="2813" type="push"/>
                  </actions>
                </route>
              </routes>
            </te-group>
            <te-group>
              <routes>
                <route to="in2">
                  <actions>
                    <action arg="654" type="swap"/>
                    <action arg="2813" type="push"/>
                    <action arg="2814" type="push"/>
                  </actions>
                </route>
              </routes>
            </te-group>
          </te-groups>
        </destination>
        <destination from="in2" label="$657">
          <te-groups>
            <te-group>
              <routes>
                <route to="in3">
                  <actions>
                    <action arg="658" type="swap"/>
                  </actions>
                </route>
              </routes>
            </te-group>
            <te-group>
              <routes>
                <route to="in2">
                  <actions>
                    <action arg="658" type="swap"/>
                    <action arg="2814" type="push"/>
                  </actions>
                </route>
              </routes>
            </te-group>
          </te-groups>
        </destination>
        <destination from="in2" label="$660">
          <te-groups>
            <te-group>
              <routes>
                <route to="in2">
                  <actions>
                    <action arg="661" type="swap"/>
                  </actions>
                </route>
              </routes>
            </te-group>
            <te-group>
              <routes>
                <route to="in3">
                  <actions>
                    <action arg="661" type="swap"/>
                    <action arg="2813" type="push"/>
                  </actions>
                </route>
              </routes>
            </te-group>
            <te-group>
              <routes>
                <route to="in2">
                  <actions>
                    <action arg="661" type="swap"/>
                    <action arg="2813" type="push"/>
                    <action arg="2814" type="push"/>
                  </actions>
                </route>
              </routes>
            </te-group>
          </te-groups>
        </destination>
        <destination from="in2" label="$664">
          <te-groups>
            <te-group>
              <routes>
                <route to="in2">
                  <actions>
                    <action arg="665" type="swap"/>
                  </actions>
                </route>
              </routes>
            </te-group>
            <te-group>
              <routes>
                <route to="in3">
                  <actions>
                    <action arg="665" type="swap"/>
                    <action arg="2813" type="push"/>
                  </actions>
                </route>
              </routes>
            </te-group>
            <te-group>
              <routes>
                <route to="in2">
                  <actions>
                    <action arg="665" type="swap"/>
                    <action arg="2813" type="push"/>
                    <action arg="2814" type="push"/>
                  </actions>
                </route>
              </routes>
            </te-group>
          </te-groups>
        </destination>
        <destination from="in2" label="$681">
          <te-groups>
            <te-group>
              <routes>
                <route to="in2">
                  <actions>
                    <action arg="682" type="swap"/>
                  </actions>
                </route>
              </routes>
            </te-group>
            <te-group>
              <routes>
                <route to="in3">
                  <actions>
                    <action arg="682" type="swap"/>
                    <action arg="2813" type="push"/>
                  </actions>
                </route>
              </routes>
            </te-group>
            <te-group>
              <routes>
                <route to="in2">
                  <actions>
                    <action arg="682" type="swap"/>
                    <action arg="2813" type="push"/>
                    <action arg="2814" type="push"/>
                  </actions>
                </route>
              </routes>
            </te-group>
          </te-groups>
        </destination>
        <destination from="in2" label="$686">
          <te-groups>
            <te-group>
              <routes>
                <route to="in2">
                  <actions>
                    <action arg="687" type="swap"/>
                  </actions>
                </route>
              </routes>
            </te-group>
            <te-group>
              <routes>
                <route to="in3">
                  <actions>
                    <action arg="687" type="swap"/>
                    <action arg="2813" type="push"/>
                  </actions>
                </route>
              </routes>
            </te-group>
            <te-group>
              <routes>
                <route to="in2">
                  <actions>
                    <action arg="687" type="swap"/>
                    <action arg="2813" type="push"/>
                    <action arg="2814" type="push"/>
                  </actions>
                </route>
              </routes>
            </te-group>
          </te-groups>
        </destination>
        <destination from="in2" label="$740">
          <te-groups>
            <te-group>
              <routes>
                <route to="in1">
                  <actions>
                    <action arg="741" type="swap"/>
                  </actions>
                </route>
              </routes>
            </te-group>
          </te-groups>
        </destination>
        <destination from="in2" label="$747">
          <te-groups>
            <te-group>
              <routes>
                <route to="in2">
                  <actions>
                    <action arg="748" type="swap"/>
                  </actions>
                </route>
              </routes>
            </te-group>
            <te-group>
              <routes>
                <route to="in3">
                  <actions>
                    <action arg="748" type="swap"/>
                    <action arg="2813" type="push"/>
                  </actions>
                </route>
              </routes>
            </te-group>
            <te-group>
              <routes>
                <route to="in2">
                  <actions>
                    <action arg="748" type="swap"/>
                    <action arg="2813" type="push"/>
                    <action arg="2814" type="push"/>
                  </actions>
                </route>
              </routes>
            </te-group>
          </te-groups>
        </destination>
        <destination from="in2" label="$751">
          <te-groups>
            <te-group>
              <routes>
                <route to="in2">
                  <actions>
                    <action arg="752" type="swap"/>
                  </actions>
                </route>
              </routes>
            </te-group>
            <te-group>
              <routes>
                <route to="in3">
                  <actions>
                    <action arg="752" type="swap"/>
                    <action arg="2813" type="push"/>
                  </actions>
                </route>
              </routes>
            </te-group>
            <te-group>
              <routes>
                <route to="in2">
                  <actions>
                    <action arg="752" type="swap"/>
                    <action arg="2813" type="push"/>
                    <action arg="2814" type="push"/>
                  </actions>
                </route>
              </routes>
            </te-group>
          </te-groups>
        </destination>
        <destination from="in2" label="$756">
          <te-groups>
            <te-group>
              <routes>
                <route to="in3">
                  <actions>
                    <action arg="757" type="swap"/>
                  </actions>
                </route>
              </routes>
            </te-group>
            <te-group>
              <routes>
                <route to="in2">
                  <actions>
                    <action arg="757" type="swap"/>
                    <action arg="2814" type="push"/>
                  </actions>
                </route>
              </routes>
            </te-group>
          </te-groups>
        </destination>
        <destination from="in2" label="$760">
          <te-groups>
            <te-group>
              <routes>
                <route to="in2">
                  <actions>
                    <action arg="761" type="swap"/>
                  </actions>
                </route>
              </routes>
            </te-group>
            <te-group>
              <routes>
                <route to="in3">
                  <actions>
                    <action arg="761" type="swap"/>
                    <action arg="2813" type="push"/>
                  </actions>
                </route>
              </routes>
            </te-group>
            <te-group>
              <routes>
                <route to="in2">
                  <actions>
                    <action arg="761" type="swap"/>
                    <action arg="2813" type="push"/>
                    <action arg="2814" type="push"/>
                  </actions>
                </route>
              </routes>
            </te-group>
          </te-groups>
        </destination>
        <destination from="in2" label="$765">
          <te-groups>
            <te-group>
              <routes>
                <route to="in2">
                  <actions>
                    <action arg="766" type="swap"/>
                  </actions>
                </route>
              </routes>
            </te-group>
            <te-group>
              <routes>
                <route to="in3">
                  <actions>
                    <action arg="766" type="swap"/>
                    <action arg="2813" type="push"/>
                  </actions>
                </route>
              </routes>
            </te-group>
            <te-group>
              <routes>
                <route to="in2">
                  <actions>
                    <action arg="766" type="swap"/>
                    <action arg="2813" type="push"/>
                    <action arg="2814" type="push"/>
                  </actions>
                </route>
              </routes>
            </te-group>
          </te-groups>
        </destination>
        <destination from="in2" label="$781">
          <te-groups>
            <te-group>
              <routes>
                <route to="in2">
                  <actions>
                    <action arg="782" type="swap"/>
                  </actions>
                </route>
              </routes>
            </te-group>
            <te-group>
              <routes>
                <route to="in3">
                  <actions>
                    <action arg="782" type="swap"/>
                    <action arg="2813" type="push"/>
                  </actions>
                </route>
              </routes>
            </te-group>
            <te-group>
              <routes>
                <route to="in2">
                  <actions>
                    <action arg="782" type="swap"/>
                    <action arg="2813" type="push"/>
                    <action arg="2814" type="push"/>
                  </actions>
                </route>
              </routes>
            </te-group>
          </te-groups>
        </destination>
        <destination from="in2" label="$787">
          <te-groups>
            <te-group>
              <routes>
                <route to="in2">
                  <actions>
                    <action arg="788" type="swap"/>
                  </actions>
                </route>
              </routes>
            </te-group>
            <te-group>
              <routes>
                <route to="in3">
                  <actions>
                    <action arg="788" type="swap"/>
                    <action arg="2813" type="push"/>
                  </actions>
                </route>
              </routes>
            </te-group>
            <te-group>
              <routes>
                <route to="in2">
                  <actions>
                    <action arg="788" type="swap"/>
                    <action arg="2813" type="push"/>
                    <action arg="2814" type="push"/>
                  </actions>
                </route>
              </routes>
            </te-group>
          </te-groups>
        </destination>
        <destination from="in2" label="$842">
          <te-groups>
            <te-group>
              <routes>
                <route to="in1">
                  <actions>
                    <action arg="843" type="swap"/>
                  </actions>
                </route>
              </routes>
            </te-group>
          </te-groups>
        </destination>
        <destination from="in2" label="$851">
          <te-groups>
            <te-group>
              <routes>
                <route to="in2">
                  <actions>
                    <action arg="852" type="swap"/>
                  </actions>
                </route>
              </routes>
            </te-group>
            <te-group>
              <routes>
                <route to="in3">
                  <actions>
                    <action arg="852" type="swap"/>
                    <action arg="2813" type="push"/>
                  </actions>
                </route>
              </routes>
            </te-group>
            <te-group>
              <routes>
                <route to="in2">
                  <actions>
                    <action arg="852" type="swap"/>
                    <action arg="2813" type="push"/>
                    <action arg="2814" type="push"/>
                  </actions>
                </route>
              </routes>
            </te-group>
          </te-groups>
        </destination>
        <destination from="in2" label="$856">
          <te-groups>
            <te-group>
              <routes>
                <route to="in2">
                  <actions>
                    <action arg="857" type="swap"/>
                  </actions>
                </route>
              </routes>
            </te-group>
            <te-group>
              <routes>
                <route to="in3">
                  <actions>
                    <action arg="857" type="swap"/>
                    <action arg="2813" type="push"/>
                  </actions>
                </route>
              </routes>
            </te-group>
            <te-group>
              <routes>
                <route to="in2">
                  <actions>
                    <action arg="857" type="swap"/>
                    <action arg="2813" type="push"/>
                    <action arg="2814" type="push"/>
                  </actions>
                </route>
              </routes>
            </te-group>
          </te-groups>
        </destination>
        <destination from="in2" label="$862">
          <te-groups>
            <te-group>
              <routes>
                <route to="in3">
                  <actions>
                    <action arg="863" type="swap"/>
                  </actions>
                </route>
              </routes>
            </te-group>
            <te-group>
              <routes>
                <route to="in2">
                  <actions>
                    <action arg="863" type="swap"/>
                    <action arg="2814" type="push"/>
                  </actions>
                </route>
              </routes>
            </te-group>
          </te-groups>
        </destination>
        <destination from="in2" label="$867">
          <te-groups>
            <te-group>
              <routes>
                <route to="in2">
                  <actions>
                    <action arg="868" type="swap"/>
                  </actions>
                </route>
              </routes>
            </te-group>
            <te-group>
              <routes>
                <route to="in3">
                  <actions>
                    <action arg="868" type="swap"/>
                    <action arg="2813" type="push"/>
                  </actions>
                </route>
              </routes>
            </te-group>
            <te-group>
              <routes>
                <route to="in2">
                  <actions>
                    <action arg="868" type="swap"/>
                    <action arg="2813" type="push"/>
                    <action arg="2814" type="push"/>
                  </actions>
                </route>
              </routes>
            </te-group>
          </te-groups>
        </destination>
        <destination from="in2" label="$873">
          <te-groups>
            <te-group>
              <routes>
                <route to="in2">
                  <actions>
                    <action arg="874" type="swap"/>
                  </actions>
                </route>
              </routes>
            </te-group>
            <te-group>
              <routes>
                <route to="in3">
                  <actions>
                    <action arg="874" type="swap"/>
                    <action arg="2813" type="push"/>
                  </actions>
                </route>
              </routes>
            </te-group>
            <te-group>
              <routes>
                <route to="in2">
                  <actions>
                    <action arg="874" type="swap"/>
                    <action arg="2813" type="push"/>
                    <action arg="2814" type="push"/>
                  </actions>
                </route>
              </routes>
            </te-group>
          </te-groups>
        </destination>
        <destination from="in2" label="$1108">
          <te-groups>
            <te-group>
              <routes>
                <route to="in0">
                  <actions>
                    <action arg="1109" type="swap"/>
                  </actions>
                </route>
              </routes>
            </te-group>
            <te-group>
              <routes>
                <route to="in4">
                  <actions>
                    <action arg="1109" type="swap"/>
                    <action arg="2812" type="push"/>
                  </actions>
                </route>
              </routes>
            </te-group>
            <te-group>
              <routes>
                <route to="in0">
                  <actions>
                    <action arg="1109" type="swap"/>
                    <action arg="2812" type="push"/>
                    <action arg="2817" type="push"/>
                  </actions>
                </route>
              </routes>
            </te-group>
          </te-groups>
        </destination>
        <destination from="in2" label="$1114">
          <te-groups>
            <te-group>
              <routes>
                <route to="in0">
                  <actions>
                    <action arg="1115" type="swap"/>
                  </actions>
                </route>
              </routes>
            </te-group>
            <te-group>
              <routes>
                <route to="in4">
                  <actions>
                    <action arg="1115" type="swap"/>
                    <action arg="2812" type="push"/>
                  </actions>
                </route>
              </routes>
            </te-group>
            <te-group>
              <routes>
                <route to="in0">
                  <actions>
                    <action arg="1115" type="swap"/>
                    <action arg="2812" type="push"/>
                    <action arg="2817" type="push"/>
                  </actions>
                </route>
              </routes>
            </te-group>
          </te-groups>
        </destination>
        <destination from="in2" label="$1119">
          <te-groups>
            <te-group>
              <routes>
                <route to="in0">
                  <actions>
                    <action arg="1120" type="swap"/>
                  </actions>
                </route>
              </routes>
            </te-group>
            <te-group>
              <routes>
                <route to="in4">
                  <actions>
                    <action arg="1120" type="swap"/>
                    <action arg="2812" type="push"/>
                  </actions>
                </route>
              </routes>
            </te-group>
            <te-group>
              <routes>
                <route to="in0">
                  <actions>
                    <action arg="1120" type="swap"/>
                    <action arg="2812" type="push"/>
                    <action arg="2817" type="push"/>
                  </actions>
                </route>
              </routes>
            </te-group>
          </te-groups>
        </destination>
        <destination from="in2" label="$1125">
          <te-groups>
            <te-group>
              <routes>
                <route to="in0">
                  <actions>
                    <action arg="1126" type="swap"/>
                  </actions>
                </route>
              </routes>
            </te-group>
            <te-group>
              <routes>
                <route to="in4">
                  <actions>
                    <action arg="1126" type="swap"/>
                    <action arg="2812" type="push"/>
                  </actions>
                </route>
              </routes>
            </te-group>
            <te-group>
              <routes>
                <route to="in0">
                  <actions>
                    <action arg="1126" type="swap"/>
                    <action arg="2812" type="push"/>
                    <action arg="2817" type="push"/>
                  </actions>
                </route>
              </routes>
            </te-group>
          </te-groups>
        </destination>
        <destination from="in2" label="$1130">
          <te-groups>
            <te-group>
              <routes>
                <route to="in0">
                  <actions>
                    <action arg="1131" type="swap"/>
                  </actions>
                </route>
              </routes>
            </te-group>
            <te-group>
              <routes>
                <route to="in4">
                  <actions>
                    <action arg="1131" type="swap"/>
                    <action arg="2812" type="push"/>
                  </actions>
                </route>
              </routes>
            </te-group>
            <te-group>
              <routes>
                <route to="in0">
                  <actions>
                    <action arg="1131" type="swap"/>
                    <action arg="2812" type="push"/>
                    <action arg="2817" type="push"/>
                  </actions>
                </route>
              </routes>
            </te-group>
          </te-groups>
        </destination>
        <destination from="in2" label="$1135">
          <te-groups>
            <te-group>
              <routes>
                <route to="in0">
                  <actions>
                    <action arg="1136" type="swap"/>
                  </actions>
                </route>
              </routes>
            </te-group>
            <te-group>
              <routes>
                <route to="in4">
                  <actions>
                    <action arg="1136" type="swap"/>
                    <action arg="2812" type="push"/>
                  </actions>
                </route>
              </routes>
            </te-group>
            <te-group>
              <routes>
                <route to="in0">
                  <actions>
                    <action arg="1136" type="swap"/>
                    <action arg="2812" type="push"/>
                    <action arg="2817" type="push"/>
                  </actions>
                </route>
              </routes>
            </te-group>
          </te-groups>
        </destination>
        <destination from="in2" label="$1138">
          <te-groups>
            <te-group>
              <routes>
                <route to="in0">
                  <actions>
                    <action arg="1139" type="swap"/>
                  </actions>
                </route>
              </routes>
            </te-group>
            <te-group>
              <routes>
                <route to="in4">
                  <actions>
                    <action arg="1139" type="swap"/>
                    <action arg="2812" type="push"/>
                  </actions>
                </route>
              </routes>
            </te-group>
            <te-group>
              <routes>
                <route to="in0">
                  <actions>
                    <action arg="1139" type="swap"/>
                    <action arg="2812" type="push"/>
                    <action arg="2817" type="push"/>
                  </actions>
                </route>
              </routes>
            </te-group>
          </te-groups>
        </destination>
        <destination from="in2" label="$1142">
          <te-groups>
            <te-group>
              <routes>
                <route to="in0">
                  <actions>
                    <action arg="1143" type="swap"/>
                  </actions>
                </route>
              </routes>
            </te-group>
            <te-group>
              <routes>
                <route to="in4">
                  <actions>
                    <action arg="1143" type="swap"/>
                    <action arg="2812" type="push"/>
                  </actions>
                </route>
              </routes>
            </te-group>
            <te-group>
              <routes>
                <route to="in0">
                  <actions>
                    <action arg="1143" type="swap"/>
                    <action arg="2812" type="push"/>
                    <action arg="2817" type="push"/>
                  </actions>
                </route>
              </routes>
            </te-group>
          </te-groups>
        </destination>
        <destination from="in2" label="$1147">
          <te-groups>
            <te-group>
              <routes>
                <route to="in1">
                  <actions>
                    <action arg="1148" type="swap"/>
                  </actions>
                </route>
              </routes>
            </te-group>
          </te-groups>
        </destination>
        <destination from="in2" label="$1160">
          <te-groups>
            <te-group>
              <routes>
                <route to="in5">
                  <actions>
                    <action arg="1161" type="swap"/>
                  </actions>
                </route>
              </routes>
            </te-group>
            <te-group>
              <routes>
                <route to="in4">
                  <actions>
                    <action arg="1161" type="swap"/>
                    <action arg="2823" type="push"/>
                  </actions>
                </route>
              </routes>
            </te-group>
          </te-groups>
        </destination>
        <destination from="in2" label="$1165">
          <te-groups>
            <te-group>
              <routes>
                <route to="in5">
                  <actions>
                    <action arg="1166" type="swap"/>
                  </actions>
                </route>
              </routes>
            </te-group>
            <te-group>
              <routes>
                <route to="in4">
                  <actions>
                    <action arg="1166" type="swap"/>
                    <action arg="2823" type="push"/>
                  </actions>
                </route>
              </routes>
            </te-group>
          </te-groups>
        </destination>
        <destination from="in2" label="$1178">
          <te-groups>
            <te-group>
              <routes>
                <route to="in4">
                  <actions>
                    <action arg="1179" type="swap"/>
                  </actions>
                </route>
              </routes>
            </te-group>
            <te-group>
              <routes>
                <route to="in0">
                  <actions>
                    <action arg="1179" type="swap"/>
                    <action arg="2817" type="push"/>
                  </actions>
                </route>
              </routes>
            </te-group>
          </te-groups>
        </destination>
        <destination from="in2" label="$1181">
          <te-groups>
            <te-group>
              <routes>
                <route to="in4">
                  <actions>
                    <action arg="1182" type="swap"/>
                  </actions>
                </route>
              </routes>
            </te-group>
            <te-group>
              <routes>
                <route to="in0">
                  <actions>
                    <action arg="1182" type="swap"/>
                    <action arg="2817" type="push"/>
                  </actions>
                </route>
              </routes>
            </te-group>
          </te-groups>
        </destination>
        <destination from="in2" label="$1185">
          <te-groups>
            <te-group>
              <routes>
                <route to="in4">
                  <actions>
                    <action arg="1186" type="swap"/>
                  </actions>
                </route>
              </routes>
            </te-group>
            <te-group>
              <routes>
                <route to="in0">
                  <actions>
                    <action arg="1186" type="swap"/>
                    <action arg="2817" type="push"/>
                  </actions>
                </route>
              </routes>
            </te-group>
          </te-groups>
        </destination>
        <destination from="in2" label="$1189">
          <te-groups>
            <te-group>
              <routes>
                <route to="in4">
                  <actions>
                    <action arg="1190" type="swap"/>
                  </actions>
                </route>
              </routes>
            </te-group>
            <te-group>
              <routes>
                <route to="in0">
                  <actions>
                    <action arg="1190" type="swap"/>
                    <action arg="2817" type="push"/>
                  </actions>
                </route>
              </routes>
            </te-group>
          </te-groups>
        </destination>
        <destination from="in2" label="$1194">
          <te-groups>
            <te-group>
              <routes>
                <route to="in5">
                  <actions>
                    <action arg="1195" type="swap"/>
                  </actions>
                </route>
              </routes>
            </te-group>
            <te-group>
              <routes>
                <route to="in4">
                  <actions>
                    <action arg="1195" type="swap"/>
                    <action arg="2823" type="push"/>
                  </actions>
                </route>
              </routes>
            </te-group>
          </te-groups>
        </destination>
        <destination from="in2" label="$1198">
          <te-groups>
            <te-group>
              <routes>
                <route to="in5">
                  <actions>
                    <action arg="1199" type="swap"/>
                  </actions>
                </route>
              </routes>
            </te-group>
            <te-group>
              <routes>
                <route to="in4">
                  <actions>
                    <action arg="1199" type="swap"/>
                    <action arg="2823" type="push"/>
                  </actions>
                </route>
              </routes>
            </te-group>
          </te-groups>
        </destination>
        <destination from="in2" label="$1202">
          <te-groups>
            <te-group>
              <routes>
                <route to="in0">
                  <actions>
                    <action arg="1203" type="swap"/>
                  </actions>
                </route>
              </routes>
            </te-group>
            <te-group>
              <routes>
                <route to="in4">
                  <actions>
                    <action arg="1203" type="swap"/>
                    <action arg="2812" type="push"/>
                  </actions>
                </route>
              </routes>
            </te-group>
            <te-group>
              <routes>
                <route to="in0">
                  <actions>
                    <action arg="1203" type="swap"/>
                    <action arg="2812" type="push"/>
                    <action arg="2817" type="push"/>
                  </actions>
                </route>
              </routes>
            </te-group>
          </te-groups>
        </destination>
        <destination from="in2" label="$1209">
          <te-groups>
            <te-group>
              <routes>
                <route to="in0">
                  <actions>
                    <action arg="1210" type="swap"/>
                  </actions>
                </route>
              </routes>
            </te-group>
            <te-group>
              <routes>
                <route to="in4">
                  <actions>
                    <action arg="1210" type="swap"/>
                    <action arg="2812" type="push"/>
                  </actions>
                </route>
              </routes>
            </te-group>
            <te-group>
              <routes>
                <route to="in0">
                  <actions>
                    <action arg="1210" type="swap"/>
                    <action arg="2812" type="push"/>
                    <action arg="2817" type="push"/>
                  </actions>
                </route>
              </routes>
            </te-group>
          </te-groups>
        </destination>
        <destination from="in2" label="$1215">
          <te-groups>
            <te-group>
              <routes>
                <route to="in0">
                  <actions>
                    <action arg="1216" type="swap"/>
                  </actions>
                </route>
              </routes>
            </te-group>
            <te-group>
              <routes>
                <route to="in4">
                  <actions>
                    <action arg="1216" type="swap"/>
                    <action arg="2812" type="push"/>
                  </actions>
                </route>
              </routes>
            </te-group>
            <te-group>
              <routes>
                <route to="in0">
                  <actions>
                    <action arg="1216" type="swap"/>
                    <action arg="2812" type="push"/>
                    <action arg="2817" type="push"/>
                  </actions>
                </route>
              </routes>
            </te-group>
          </te-groups>
        </destination>
        <destination from="in2" label="$1222">
          <te-groups>
            <te-group>
              <routes>
                <route to="in0">
                  <actions>
                    <action arg="1223" type="swap"/>
                  </actions>
                </route>
              </routes>
            </te-group>
            <te-group>
              <routes>
                <route to="in4">
                  <actions>
                    <action arg="1223" type="swap"/>
                    <action arg="2812" type="push"/>
                  </actions>
                </route>
              </routes>
            </te-group>
            <te-group>
              <routes>
                <route to="in0">
                  <actions>
                    <action arg="1223" type="swap"/>
                    <action arg="2812" type="push"/>
                    <action arg="2817" type="push"/>
                  </actions>
                </route>
              </routes>
            </te-group>
          </te-groups>
        </destination>
        <destination from="in2" label="$1228">
          <te-groups>
            <te-group>
              <routes>
                <route to="in0">
                  <actions>
                    <action arg="1229" type="swap"/>
                  </actions>
                </route>
              </routes>
            </te-group>
            <te-group>
              <routes>
                <route to="in4">
                  <actions>
                    <action arg="1229" type="swap"/>
                    <action arg="2812" type="push"/>
                  </actions>
                </route>
              </routes>
            </te-group>
            <te-group>
              <routes>
                <route to="in0">
                  <actions>
                    <action arg="1229" type="swap"/>
                    <action arg="2812" type="push"/>
                    <action arg="2817" type="push"/>
                  </actions>
                </route>
              </routes>
            </te-group>
          </te-groups>
        </destination>
        <destination from="in2" label="$1234">
          <te-groups>
            <te-group>
              <routes>
                <route to="in0">
                  <actions>
                    <action arg="1235" type="swap"/>
                  </actions>
                </route>
              </routes>
            </te-group>
            <te-group>
              <routes>
                <route to="in4">
                  <actions>
                    <action arg="1235" type="swap"/>
                    <action arg="2812" type="push"/>
                  </actions>
                </route>
              </routes>
            </te-group>
            <te-group>
              <routes>
                <route to="in0">
                  <actions>
                    <action arg="1235" type="swap"/>
                    <action arg="2812" type="push"/>
                    <action arg="2817" type="push"/>
                  </actions>
                </route>
              </routes>
            </te-group>
          </te-groups>
        </destination>
        <destination from="in2" label="$1238">
          <te-groups>
            <te-group>
              <routes>
                <route to="in0">
                  <actions>
                    <action arg="1239" type="swap"/>
                  </actions>
                </route>
              </routes>
            </te-group>
            <te-group>
              <routes>
                <route to="in4">
                  <actions>
                    <action arg="1239" type="swap"/>
                    <action arg="2812" type="push"/>
                  </actions>
                </route>
              </routes>
            </te-group>
            <te-group>
              <routes>
                <route to="in0">
                  <actions>
                    <action arg="1239" type="swap"/>
                    <action arg="2812" type="push"/>
                    <action arg="2817" type="push"/>
                  </actions>
                </route>
              </routes>
            </te-group>
          </te-groups>
        </destination>
        <destination from="in2" label="$1243">
          <te-groups>
            <te-group>
              <routes>
                <route to="in0">
                  <actions>
                    <action arg="1244" type="swap"/>
                  </actions>
                </route>
              </routes>
            </te-group>
            <te-group>
              <routes>
                <route to="in4">
                  <actions>
                    <action arg="1244" type="swap"/>
                    <action arg="2812" type="push"/>
                  </actions>
                </route>
              </routes>
            </te-group>
            <te-group>
              <routes>
                <route to="in0">
                  <actions>
                    <action arg="1244" type="swap"/>
                    <action arg="2812" type="push"/>
                    <action arg="2817" type="push"/>
                  </actions>
                </route>
              </routes>
            </te-group>
          </te-groups>
        </destination>
        <destination from="in2" label="$1249">
          <te-groups>
            <te-group>
              <routes>
                <route to="in1">
                  <actions>
                    <action arg="1250" type="swap"/>
                  </actions>
                </route>
              </routes>
            </te-group>
          </te-groups>
        </destination>
        <destination from="in2" label="$1267">
          <te-groups>
            <te-group>
              <routes>
                <route to="in5">
                  <actions>
                    <action arg="1268" type="swap"/>
                  </actions>
                </route>
              </routes>
            </te-group>
            <te-group>
              <routes>
                <route to="in4">
                  <actions>
                    <action arg="1268" type="swap"/>
                    <action arg="2823" type="push"/>
                  </actions>
                </route>
              </routes>
            </te-group>
          </te-groups>
        </destination>
        <destination from="in2" label="$1273">
          <te-groups>
            <te-group>
              <routes>
                <route to="in5">
                  <actions>
                    <action arg="1274" type="swap"/>
                  </actions>
                </route>
              </routes>
            </te-group>
            <te-group>
              <routes>
                <route to="in4">
                  <actions>
                    <action arg="1274" type="swap"/>
                    <action arg="2823" type="push"/>
                  </actions>
                </route>
              </routes>
            </te-group>
          </te-groups>
        </destination>
        <destination from="in2" label="$1289">
          <te-groups>
            <te-group>
              <routes>
                <route to="in4">
                  <actions>
                    <action arg="1290" type="swap"/>
                  </actions>
                </route>
              </routes>
            </te-group>
            <te-group>
              <routes>
                <route to="in0">
                  <actions>
                    <action arg="1290" type="swap"/>
                    <action arg="2817" type="push"/>
                  </actions>
                </route>
              </routes>
            </te-group>
          </te-groups>
        </destination>
        <destination from="in2" label="$1293">
          <te-groups>
            <te-group>
              <routes>
                <route to="in4">
                  <actions>
                    <action arg="1294" type="swap"/>
                  </actions>
                </route>
              </routes>
            </te-group>
            <te-group>
              <routes>
                <route to="in0">
                  <actions>
                    <action arg="1294" type="swap"/>
                    <action arg="2817" type="push"/>
                  </actions>
                </route>
              </routes>
            </te-group>
          </te-groups>
        </destination>
        <destination from="in2" label="$1298">
          <te-groups>
            <te-group>
              <routes>
                <route to="in4">
                  <actions>
                    <action arg="1299" type="swap"/>
                  </actions>
                </route>
              </routes>
            </te-group>
            <te-group>
              <routes>
                <route to="in0">
                  <actions>
                    <action arg="1299" type="swap"/>
                    <action arg="2817" type="push"/>
                  </actions>
                </route>
              </routes>
            </te-group>
          </te-groups>
        </destination>
        <destination from="in2" label="$1303">
          <te-groups>
            <te-group>
              <routes>
                <route to="in4">
                  <actions>
                    <action arg="1304" type="swap"/>
                  </actions>
                </route>
              </routes>
            </te-group>
            <te-group>
              <routes>
                <route to="in0">
                  <actions>
                    <action arg="1304" type="swap"/>
                    <action arg="2817" type="push"/>
                  </actions>
                </route>
              </routes>
            </te-group>
          </te-groups>
        </destination>
        <destination from="in2" label="$1309">
          <te-groups>
            <te-group>
              <routes>
                <route to="in5">
                  <actions>
                    <action arg="1310" type="swap"/>
                  </actions>
                </route>
              </routes>
            </te-group>
            <te-group>
              <routes>
                <route to="in4">
                  <actions>
                    <action arg="1310" type="swap"/>
                    <action arg="2823" type="push"/>
                  </actions>
                </route>
              </routes>
            </te-group>
          </te-groups>
        </destination>
        <destination from="in2" label="$1314">
          <te-groups>
            <te-group>
              <routes>
                <route to="in5">
                  <actions>
                    <action arg="1315" type="swap"/>
                  </actions>
                </route>
              </routes>
            </te-group>
            <te-group>
              <routes>
                <route to="in4">
                  <actions>
                    <action arg="1315" type="swap"/>
                    <action arg="2823" type="push"/>
                  </actions>
                </route>
              </routes>
            </te-group>
          </te-groups>
        </destination>
        <destination from="in2" label="$1317">
          <te-groups>
            <te-group>
              <routes>
                <route to="in0">
                  <actions>
                    <action arg="1318" type="swap"/>
                  </actions>
                </route>
              </routes>
            </te-group>
            <te-group>
              <routes>
                <route to="in4">
                  <actions>
                    <action arg="1318" type="swap"/>
                    <action arg="2812" type="push"/>
                  </actions>
                </route>
              </routes>
            </te-group>
            <te-group>
              <routes>
                <route to="in0">
                  <actions>
                    <action arg="1318" type="swap"/>
                    <action arg="2812" type="push"/>
                    <action arg="2817" type="push"/>
                  </actions>
                </route>
              </routes>
            </te-group>
          </te-groups>
        </destination>
        <destination from="in2" label="$1323">
          <te-groups>
            <te-group>
              <routes>
                <route to="in0">
                  <actions>
                    <action arg="1324" type="swap"/>
                  </actions>
                </route>
              </routes>
            </te-group>
            <te-group>
              <routes>
                <route to="in4">
                  <actions>
                    <action arg="1324" type="swap"/>
                    <action arg="2812" type="push"/>
                  </actions>
                </route>
              </routes>
            </te-group>
            <te-group>
              <routes>
                <route to="in0">
                  <actions>
                    <action arg="1324" type="swap"/>
                    <action arg="2812" type="push"/>
                    <action arg="2817" type="push"/>
                  </actions>
                </route>
              </routes>
            </te-group>
          </te-groups>
        </destination>
        <destination from="in2" label="$1328">
          <te-groups>
            <te-group>
              <routes>
                <route to="in0">
                  <actions>
                    <action arg="1329" type="swap"/>
                  </actions>
                </route>
              </routes>
            </te-group>
            <te-group>
              <routes>
                <route to="in4">
                  <actions>
                    <action arg="1329" type="swap"/>
                    <action arg="2812" type="push"/>
                  </actions>
                </route>
              </routes>
            </te-group>
            <te-group>
              <routes>
                <route to="in0">
                  <actions>
                    <action arg="1329" type="swap"/>
                    <action arg="2812" type="push"/>
                    <action arg="2817" type="push"/>
                  </actions>
                </route>
              </routes>
            </te-group>
          </te-groups>
        </destination>
        <destination from="in2" label="$1334">
          <te-groups>
            <te-group>
              <routes>
                <route to="in0">
                  <actions>
                    <action arg="1335" type="swap"/>
                  </actions>
                </route>
              </routes>
            </te-group>
            <te-group>
              <routes>
                <route to="in4">
                  <actions>
                    <action arg="1335" type="swap"/>
                    <action arg="2812" type="push"/>
                  </actions>
                </route>
              </routes>
            </te-group>
            <te-group>
              <routes>
                <route to="in0">
                  <actions>
                    <action arg="1335" type="swap"/>
                    <action arg="2812" type="push"/>
                    <action arg="2817" type="push"/>
                  </actions>
                </route>
              </routes>
            </te-group>
          </te-groups>
        </destination>
        <destination from="in2" label="$1339">
          <te-groups>
            <te-group>
              <routes>
                <route to="in0">
                  <actions>
                    <action arg="1340" type="swap"/>
                  </actions>
                </route>
              </routes>
            </te-group>
            <te-group>
              <routes>
                <route to="in4">
                  <actions>
                    <action arg="1340" type="swap"/>
                    <action arg="2812" type="push"/>
                  </actions>
                </route>
              </routes>
            </te-group>
            <te-group>
              <routes>
                <route to="in0">
                  <actions>
                    <action arg="1340" type="swap"/>
                    <action arg="2812" type="push"/>
                    <action arg="2817" type="push"/>
                  </actions>
                </route>
              </routes>
            </te-group>
          </te-groups>
        </destination>
        <destination from="in2" label="$1344">
          <te-groups>
            <te-group>
              <routes>
                <route to="in0">
                  <actions>
                    <action arg="1345" type="swap"/>
                  </actions>
                </route>
              </routes>
            </te-group>
            <te-group>
              <routes>
                <route to="in4">
                  <actions>
                    <action arg="1345" type="swap"/>
                    <action arg="2812" type="push"/>
                  </actions>
                </route>
              </routes>
            </te-group>
            <te-group>
              <routes>
                <route to="in0">
                  <actions>
                    <action arg="1345" type="swap"/>
                    <action arg="2812" type="push"/>
                    <action arg="2817" type="push"/>
                  </actions>
                </route>
              </routes>
            </te-group>
          </te-groups>
        </destination>
        <destination from="in2" label="$1347">
          <te-groups>
            <te-group>
              <routes>
                <route to="in0">
                  <actions>
                    <action arg="1348" type="swap"/>
                  </actions>
                </route>
              </routes>
            </te-group>
            <te-group>
              <routes>
                <route to="in4">
                  <actions>
                    <action arg="1348" type="swap"/>
                    <action arg="2812" type="push"/>
                  </actions>
                </route>
              </routes>
            </te-group>
            <te-group>
              <routes>
                <route to="in0">
                  <actions>
                    <action arg="1348" type="swap"/>
                    <action arg="2812" type="push"/>
                    <action arg="2817" type="push"/>
                  </actions>
                </route>
              </routes>
            </te-group>
          </te-groups>
        </destination>
        <destination from="in2" label="$1351">
          <te-groups>
            <te-group>
              <routes>
                <route to="in0">
                  <actions>
                    <action arg="1352" type="swap"/>
                  </actions>
                </route>
              </routes>
            </te-group>
            <te-group>
              <routes>
                <route to="in4">
                  <actions>
                    <action arg="1352" type="swap"/>
                    <action arg="2812" type="push"/>
                  </actions>
                </route>
              </routes>
            </te-group>
            <te-group>
              <routes>
                <route to="in0">
                  <actions>
                    <action arg="1352" type="swap"/>
                    <action arg="2812" type="push"/>
                    <action arg="2817" type="push"/>
                  </actions>
                </route>
              </routes>
            </te-group>
          </te-groups>
        </destination>
        <destination from="in2" label="$1356">
          <te-groups>
            <te-group>
              <routes>
                <route to="in1">
                  <actions>
                    <action arg="1357" type="swap"/>
                  </actions>
                </route>
              </routes>
            </te-group>
          </te-groups>
        </destination>
        <destination from="in2" label="$1372">
          <te-groups>
            <te-group>
              <routes>
                <route to="in5">
                  <actions>
                    <action arg="1373" type="swap"/>
                  </actions>
                </route>
              </routes>
            </te-group>
            <te-group>
              <routes>
                <route to="in4">
                  <actions>
                    <action arg="1373" type="swap"/>
                    <action arg="2823" type="push"/>
                  </actions>
                </route>
              </routes>
            </te-group>
          </te-groups>
        </destination>
        <destination from="in2" label="$1377">
          <te-groups>
            <te-group>
              <routes>
                <route to="in5">
                  <actions>
                    <action arg="1378" type="swap"/>
                  </actions>
                </route>
              </routes>
            </te-group>
            <te-group>
              <routes>
                <route to="in4">
                  <actions>
                    <action arg="1378" type="swap"/>
                    <action arg="2823" type="push"/>
                  </actions>
                </route>
              </routes>
            </te-group>
          </te-groups>
        </destination>
        <destination from="in2" label="$1392">
          <te-groups>
            <te-group>
              <routes>
                <route to="in4">
                  <actions>
                    <action arg="1393" type="swap"/>
                  </actions>
                </route>
              </routes>
            </te-group>
            <te-group>
              <routes>
                <route to="in0">
                  <actions>
                    <action arg="1393" type="swap"/>
                    <action arg="2817" type="push"/>
                  </actions>
                </route>
              </routes>
            </te-group>
          </te-groups>
        </destination>
        <destination from="in2" label="$1395">
          <te-groups>
            <te-group>
              <routes>
                <route to="in4">
                  <actions>
                    <action arg="1396" type="swap"/>
                  </actions>
                </route>
              </routes>
            </te-group>
            <te-group>
              <routes>
                <route to="in0">
                  <actions>
                    <action arg="1396" type="swap"/>
                    <action arg="2817" type="push"/>
                  </actions>
                </route>
              </routes>
            </te-group>
          </te-groups>
        </destination>
        <destination from="in2" label="$1399">
          <te-groups>
            <te-group>
              <routes>
                <route to="in4">
                  <actions>
                    <action arg="1400" type="swap"/>
                  </actions>
                </route>
              </routes>
            </te-group>
            <te-group>
              <routes>
                <route to="in0">
                  <actions>
                    <action arg="1400" type="swap"/>
                    <action arg="2817" type="push"/>
                  </actions>
                </route>
              </routes>
            </te-group>
          </te-groups>
        </destination>
        <destination from="in2" label="$1403">
          <te-groups>
            <te-group>
              <routes>
                <route to="in4">
                  <actions>
                    <action arg="1404" type="swap"/>
                  </actions>
                </route>
              </routes>
            </te-group>
            <te-group>
              <routes>
                <route to="in0">
                  <actions>
                    <action arg="1404" type="swap"/>
                    <action arg="2817" type="push"/>
                  </actions>
                </route>
              </routes>
            </te-group>
          </te-groups>
        </destination>
        <destination from="in2" label="$1408">
          <te-groups>
            <te-group>
              <routes>
                <route to="in5">
                  <actions>
                    <action arg="1409" type="swap"/>
                  </actions>
                </route>
              </routes>
            </te-group>
            <te-group>
              <routes>
                <route to="in4">
                  <actions>
                    <action arg="1409" type="swap"/>
                    <action arg="2823" type="push"/>
                  </actions>
                </route>
              </routes>
            </te-group>
          </te-groups>
        </destination>
        <destination from="in2" label="$1412">
          <te-groups>
            <te-group>
              <routes>
                <route to="in5">
                  <actions>
                    <action arg="1413" type="swap"/>
                  </actions>
                </route>
              </routes>
            </te-group>
            <te-group>
              <routes>
                <route to="in4">
                  <actions>
                    <action arg="1413" type="swap"/>
                    <action arg="2823" type="push"/>
                  </actions>
                </route>
              </routes>
            </te-group>
          </te-groups>
        </destination>
        <destination from="in2" label="$1416">
          <te-groups>
            <te-group>
              <routes>
                <route to="in0">
                  <actions>
                    <action arg="1417" type="swap"/>
                  </actions>
                </route>
              </routes>
            </te-group>
            <te-group>
              <routes>
                <route to="in4">
                  <actions>
                    <action arg="1417" type="swap"/>
                    <action arg="2812" type="push"/>
                  </actions>
                </route>
              </routes>
            </te-group>
            <te-group>
              <routes>
                <route to="in0">
                  <actions>
                    <action arg="1417" type="swap"/>
                    <action arg="2812" type="push"/>
                    <action arg="2817" type="push"/>
                  </actions>
                </route>
              </routes>
            </te-group>
          </te-groups>
        </destination>
        <destination from="in2" label="$1423">
          <te-groups>
            <te-group>
              <routes>
                <route to="in0">
                  <actions>
                    <action arg="1424" type="swap"/>
                  </actions>
                </route>
              </routes>
            </te-group>
            <te-group>
              <routes>
                <route to="in4">
                  <actions>
                    <action arg="1424" type="swap"/>
                    <action arg="2812" type="push"/>
                  </actions>
                </route>
              </routes>
            </te-group>
            <te-group>
              <routes>
                <route to="in0">
                  <actions>
                    <action arg="1424" type="swap"/>
                    <action arg="2812" type="push"/>
                    <action arg="2817" type="push"/>
                  </actions>
                </route>
              </routes>
            </te-group>
          </te-groups>
        </destination>
        <destination from="in2" label="$1429">
          <te-groups>
            <te-group>
              <routes>
                <route to="in0">
                  <actions>
                    <action arg="1430" type="swap"/>
                  </actions>
                </route>
              </routes>
            </te-group>
            <te-group>
              <routes>
                <route to="in4">
                  <actions>
                    <action arg="1430" type="swap"/>
                    <action arg="2812" type="push"/>
                  </actions>
                </route>
              </routes>
            </te-group>
            <te-group>
              <routes>
                <route to="in0">
                  <actions>
                    <action arg="1430" type="swap"/>
                    <action arg="2812" type="push"/>
                    <action arg="2817" type="push"/>
                  </actions>
                </route>
              </routes>
            </te-group>
          </te-groups>
        </destination>
        <destination from="in2" label="$1436">
          <te-groups>
            <te-group>
              <routes>
                <route to="in0">
                  <actions>
                    <action arg="1437" type="swap"/>
                  </actions>
                </route>
              </routes>
            </te-group>
            <te-group>
              <routes>
                <route to="in4">
                  <actions>
                    <action arg="1437" type="swap"/>
                    <action arg="2812" type="push"/>
                  </actions>
                </route>
              </routes>
            </te-group>
            <te-group>
              <routes>
                <route to="in0">
                  <actions>
                    <action arg="1437" type="swap"/>
                    <action arg="2812" type="push"/>
                    <action arg="2817" type="push"/>
                  </actions>
                </route>
              </routes>
            </te-group>
          </te-groups>
        </destination>
        <destination from="in2" label="$1442">
          <te-groups>
            <te-group>
              <routes>
                <route to="in0">
                  <actions>
                    <action arg="1443" type="swap"/>
                  </actions>
                </route>
              </routes>
            </te-group>
            <te-group>
              <routes>
                <route to="in4">
                  <actions>
                    <action arg="1443" type="swap"/>
                    <action arg="2812" type="push"/>
                  </actions>
                </route>
              </routes>
            </te-group>
            <te-group>
              <routes>
                <route to="in0">
                  <actions>
                    <action arg="1443" type="swap"/>
                    <action arg="2812" type="push"/>
                    <action arg="2817" type="push"/>
                  </actions>
                </route>
              </routes>
            </te-group>
          </te-groups>
        </destination>
        <destination from="in2" label="$1448">
          <te-groups>
            <te-group>
              <routes>
                <route to="in0">
                  <actions>
                    <action arg="1449" type="swap"/>
                  </actions>
                </route>
              </routes>
            </te-group>
            <te-group>
              <routes>
                <route to="in4">
                  <actions>
                    <action arg="1449" type="swap"/>
                    <action arg="2812" type="push"/>
                  </actions>
                </route>
              </routes>
            </te-group>
            <te-group>
              <routes>
                <route to="in0">
                  <actions>
                    <action arg="1449" type="swap"/>
                    <action arg="2812" type="push"/>
                    <action arg="2817" type="push"/>
                  </actions>
                </route>
              </routes>
            </te-group>
          </te-groups>
        </destination>
        <destination from="in2" label="$1452">
          <te-groups>
            <te-group>
              <routes>
                <route to="in0">
                  <actions>
                    <action arg="1453" type="swap"/>
                  </actions>
                </route>
              </routes>
            </te-group>
            <te-group>
              <routes>
                <route to="in4">
                  <actions>
                    <action arg="1453" type="swap"/>
                    <action arg="2812" type="push"/>
                  </actions>
                </route>
              </routes>
            </te-group>
            <te-group>
              <routes>
                <route to="in0">
                  <actions>
                    <action arg="1453" type="swap"/>
                    <action arg="2812" type="push"/>
                    <action arg="2817" type="push"/>
                  </actions>
                </route>
              </routes>
            </te-group>
          </te-groups>
        </destination>
        <destination from="in2" label="$1457">
          <te-groups>
            <te-group>
              <routes>
                <route to="in0">
                  <actions>
                    <action arg="1458" type="swap"/>
                  </actions>
                </route>
              </routes>
            </te-group>
            <te-group>
              <routes>
                <route to="in4">
                  <actions>
                    <action arg="1458" type="swap"/>
                    <action arg="2812" type="push"/>
                  </actions>
                </route>
              </routes>
            </te-group>
            <te-group>
              <routes>
                <route to="in0">
                  <actions>
                    <action arg="1458" type="swap"/>
                    <action arg="2812" type="push"/>
                    <action arg="2817" type="push"/>
                  </actions>
                </route>
              </routes>
            </te-group>
          </te-groups>
        </destination>
        <destination from="in2" label="$1463">
          <te-groups>
            <te-group>
              <routes>
                <route to="in1">
                  <actions>
                    <action arg="1464" type="swap"/>
                  </actions>
                </route>
              </routes>
            </te-group>
          </te-groups>
        </destination>
        <destination from="in2" label="$1481">
          <te-groups>
            <te-group>
              <routes>
                <route to="in5">
                  <actions>
                    <action arg="1482" type="swap"/>
                  </actions>
                </route>
              </routes>
            </te-group>
            <te-group>
              <routes>
                <route to="in4">
                  <actions>
                    <action arg="1482" type="swap"/>
                    <action arg="2823" type="push"/>
                  </actions>
                </route>
              </routes>
            </te-group>
          </te-groups>
        </destination>
        <destination from="in2" label="$1487">
          <te-groups>
            <te-group>
              <routes>
                <route to="in5">
                  <actions>
                    <action arg="1488" type="swap"/>
                  </actions>
                </route>
              </routes>
            </te-group>
            <te-group>
              <routes>
                <route to="in4">
                  <actions>
                    <action arg="1488" type="swap"/>
                    <action arg="2823" type="push"/>
                  </actions>
                </route>
              </routes>
            </te-group>
          </te-groups>
        </destination>
        <destination from="in2" label="$1503">
          <te-groups>
            <te-group>
              <routes>
                <route to="in4">
                  <actions>
                    <action arg="1504" type="swap"/>
                  </actions>
                </route>
              </routes>
            </te-group>
            <te-group>
              <routes>
                <route to="in0">
                  <actions>
                    <action arg="1504" type="swap"/>
                    <action arg="2817" type="push"/>
                  </actions>
                </route>
              </routes>
            </te-group>
          </te-groups>
        </destination>
        <destination from="in2" label="$1507">
          <te-groups>
            <te-group>
              <routes>
                <route to="in4">
                  <actions>
                    <action arg="1508" type="swap"/>
                  </actions>
                </route>
              </routes>
            </te-group>
            <te-group>
              <routes>
                <route to="in0">
                  <actions>
                    <action arg="1508" type="swap"/>
                    <action arg="2817" type="push"/>
                  </actions>
                </route>
              </routes>
            </te-group>
          </te-groups>
        </destination>
        <destination from="in2" label="$1512">
          <te-groups>
            <te-group>
              <routes>
                <route to="in4">
                  <actions>
                    <action arg="1513" type="swap"/>
                  </actions>
                </route>
              </routes>
            </te-group>
            <te-group>
              <routes>
                <route to="in0">
                  <actions>
                    <action arg="1513" type="swap"/>
                    <action arg="2817" type="push"/>
                  </actions>
                </route>
              </routes>
            </te-group>
          </te-groups>
        </destination>
        <destination from="in2" label="$1517">
          <te-groups>
            <te-group>
              <routes>
                <route to="in4">
                  <actions>
                    <action arg="1518" type="swap"/>
                  </actions>
                </route>
              </routes>
            </te-group>
            <te-group>
              <routes>
                <route to="in0">
                  <actions>
                    <action arg="1518" type="swap"/>
                    <action arg="2817" type="push"/>
                  </actions>
                </route>
              </routes>
            </te-group>
          </te-groups>
        </destination>
        <destination from="in2" label="$1523">
          <te-groups>
            <te-group>
              <routes>
                <route to="in5">
                  <actions>
                    <action arg="1524" type="swap"/>
                  </actions>
                </route>
              </routes>
            </te-group>
            <te-group>
              <routes>
                <route to="in4">
                  <actions>
                    <action arg="1524" type="swap"/>
                    <action arg="2823" type="push"/>
                  </actions>
                </route>
              </routes>
            </te-group>
          </te-groups>
        </destination>
        <destination from="in2" label="$1528">
          <te-groups>
            <te-group>
              <routes>
                <route to="in5">
                  <actions>
                    <action arg="1529" type="swap"/>
                  </actions>
                </route>
              </routes>
            </te-group>
            <te-group>
              <routes>
                <route to="in4">
                  <actions>
                    <action arg="1529" type="swap"/>
                    <action arg="2823" type="push"/>
                  </actions>
                </route>
              </routes>
            </te-group>
          </te-groups>
        </destination>
        <destination from="in2" label="$1532">
          <te-groups>
            <te-group>
              <routes>
                <route to="in0">
                  <actions>
                    <action arg="1533" type="swap"/>
                  </actions>
                </route>
              </routes>
            </te-group>
            <te-group>
              <routes>
                <route to="in4">
                  <actions>
                    <action arg="1533" type="swap"/>
                    <action arg="2812" type="push"/>
                  </actions>
                </route>
              </routes>
            </te-group>
            <te-group>
              <routes>
                <route to="in0">
                  <actions>
                    <action arg="1533" type="swap"/>
                    <action arg="2812" type="push"/>
                    <action arg="2817" type="push"/>
                  </actions>
                </route>
              </routes>
            </te-group>
          </te-groups>
        </destination>
        <destination from="in2" label="$1539">
          <te-groups>
            <te-group>
              <routes>
                <route to="in0">
                  <actions>
                    <action arg="1540" type="swap"/>
                  </actions>
                </route>
              </routes>
            </te-group>
            <te-group>
              <routes>
                <route to="in4">
                  <actions>
                    <action arg="1540" type="swap"/>
                    <action arg="2812" type="push"/>
                  </actions>
                </route>
              </routes>
            </te-group>
            <te-group>
              <routes>
                <route to="in0">
                  <actions>
                    <action arg="1540" type="swap"/>
                    <action arg="2812" type="push"/>
                    <action arg="2817" type="push"/>
                  </actions>
                </route>
              </routes>
            </te-group>
          </te-groups>
        </destination>
        <destination from="in2" label="$1545">
          <te-groups>
            <te-group>
              <routes>
                <route to="in0">
                  <actions>
                    <action arg="1546" type="swap"/>
                  </actions>
                </route>
              </routes>
            </te-group>
            <te-group>
              <routes>
                <route to="in4">
                  <actions>
                    <action arg="1546" type="swap"/>
                    <action arg="2812" type="push"/>
                  </actions>
                </route>
              </routes>
            </te-group>
            <te-group>
              <routes>
                <route to="in0">
                  <actions>
                    <action arg="1546" type="swap"/>
                    <action arg="2812" type="push"/>
                    <action arg="2817" type="push"/>
                  </actions>
                </route>
              </routes>
            </te-group>
          </te-groups>
        </destination>
        <destination from="in2" label="$1552">
          <te-groups>
            <te-group>
              <routes>
                <route to="in0">
                  <actions>
                    <action arg="1553" type="swap"/>
                  </actions>
                </route>
              </routes>
            </te-group>
            <te-group>
              <routes>
                <route to="in4">
                  <actions>
                    <action arg="1553" type="swap"/>
                    <action arg="2812" type="push"/>
                  </actions>
                </route>
              </routes>
            </te-group>
            <te-group>
              <routes>
                <route to="in0">
                  <actions>
                    <action arg="1553" type="swap"/>
                    <action arg="2812" type="push"/>
                    <action arg="2817" type="push"/>
                  </actions>
                </route>
              </routes>
            </te-group>
          </te-groups>
        </destination>
        <destination from="in2" label="$1558">
          <te-groups>
            <te-group>
              <routes>
                <route to="in0">
                  <actions>
                    <action arg="1559" type="swap"/>
                  </actions>
                </route>
              </routes>
            </te-group>
            <te-group>
              <routes>
                <route to="in4">
                  <actions>
                    <action arg="1559" type="swap"/>
                    <action arg="2812" type="push"/>
                  </actions>
                </route>
              </routes>
            </te-group>
            <te-group>
              <routes>
                <route to="in0">
                  <actions>
                    <action arg="1559" type="swap"/>
                    <action arg="2812" type="push"/>
                    <action arg="2817" type="push"/>
                  </actions>
                </route>
              </routes>
            </te-group>
          </te-groups>
        </destination>
        <destination from="in2" label="$1564">
          <te-groups>
            <te-group>
              <routes>
                <route to="in0">
                  <actions>
                    <action arg="1565" type="swap"/>
                  </actions>
                </route>
              </routes>
            </te-group>
            <te-group>
              <routes>
                <route to="in4">
                  <actions>
                    <action arg="1565" type="swap"/>
                    <action arg="2812" type="push"/>
                  </actions>
                </route>
              </routes>
            </te-group>
            <te-group>
              <routes>
                <route to="in0">
                  <actions>
                    <action arg="1565" type="swap"/>
                    <action arg="2812" type="push"/>
                    <action arg="2817" type="push"/>
                  </actions>
                </route>
              </routes>
            </te-group>
          </te-groups>
        </destination>
        <destination from="in2" label="$1568">
          <te-groups>
            <te-group>
              <routes>
                <route to="in0">
                  <actions>
                    <action arg="1569" type="swap"/>
                  </actions>
                </route>
              </routes>
            </te-group>
            <te-group>
              <routes>
                <route to="in4">
                  <actions>
                    <action arg="1569" type="swap"/>
                    <action arg="2812" type="push"/>
                  </actions>
                </route>
              </routes>
            </te-group>
            <te-group>
              <routes>
                <route to="in0">
                  <actions>
                    <action arg="1569" type="swap"/>
                    <action arg="2812" type="push"/>
                    <action arg="2817" type="push"/>
                  </actions>
                </route>
              </routes>
            </te-group>
          </te-groups>
        </destination>
        <destination from="in2" label="$1577">
          <te-groups>
            <te-group>
              <routes>
                <route to="in1">
                  <actions>
                    <action arg="1578" type="swap"/>
                  </actions>
                </route>
              </routes>
            </te-group>
          </te-groups>
        </destination>
        <destination from="in2" label="$1595">
          <te-groups>
            <te-group>
              <routes>
                <route to="in5">
                  <actions>
                    <action arg="1596" type="swap"/>
                  </actions>
                </route>
              </routes>
            </te-group>
            <te-group>
              <routes>
                <route to="in4">
                  <actions>
                    <action arg="1596" type="swap"/>
                    <action arg="2823" type="push"/>
                  </actions>
                </route>
              </routes>
            </te-group>
          </te-groups>
        </destination>
        <destination from="in2" label="$1601">
          <te-groups>
            <te-group>
              <routes>
                <route to="in5">
                  <actions>
                    <action arg="1602" type="swap"/>
                  </actions>
                </route>
              </routes>
            </te-group>
            <te-group>
              <routes>
                <route to="in4">
                  <actions>
                    <action arg="1602" type="swap"/>
                    <action arg="2823" type="push"/>
                  </actions>
                </route>
              </routes>
            </te-group>
          </te-groups>
        </destination>
        <destination from="in2" label="$1629">
          <te-groups>
            <te-group>
              <routes>
                <route to="in5">
                  <actions>
                    <action arg="1630" type="swap"/>
                  </actions>
                </route>
              </routes>
            </te-group>
            <te-group>
              <routes>
                <route to="in4">
                  <actions>
                    <action arg="1630" type="swap"/>
                    <action arg="2823" type="push"/>
                  </actions>
                </route>
              </routes>
            </te-group>
          </te-groups>
        </destination>
        <destination from="in2" label="$1634">
          <te-groups>
            <te-group>
              <routes>
                <route to="in5">
                  <actions>
                    <action arg="1635" type="swap"/>
                  </actions>
                </route>
              </routes>
            </te-group>
            <te-group>
              <routes>
                <route to="in4">
                  <actions>
                    <action arg="1635" type="swap"/>
                    <action arg="2823" type="push"/>
                  </actions>
                </route>
              </routes>
            </te-group>
          </te-groups>
        </destination>
        <destination from="in2" label="$1667">
          <te-groups>
            <te-group>
              <routes>
                <route to="in1">
                  <actions>
                    <action arg="1668" type="swap"/>
                  </actions>
                </route>
              </routes>
            </te-group>
          </te-groups>
        </destination>
        <destination from="in2" label="$1678">
          <te-groups>
            <te-group>
              <routes>
                <route to="in2">
                  <actions>
                    <action arg="1679" type="swap"/>
                  </actions>
                </route>
              </routes>
            </te-group>
            <te-group>
              <routes>
                <route to="in3">
                  <actions>
                    <action arg="1679" type="swap"/>
                    <action arg="2813" type="push"/>
                  </actions>
                </route>
              </routes>
            </te-group>
            <te-group>
              <routes>
                <route to="in2">
                  <actions>
                    <action arg="1679" type="swap"/>
                    <action arg="2813" type="push"/>
                    <action arg="2814" type="push"/>
                  </actions>
                </route>
              </routes>
            </te-group>
          </te-groups>
        </destination>
        <destination from="in2" label="$1684">
          <te-groups>
            <te-group>
              <routes>
                <route to="in2">
                  <actions>
                    <action arg="1685" type="swap"/>
                  </actions>
                </route>
              </routes>
            </te-group>
            <te-group>
              <routes>
                <route to="in3">
                  <actions>
                    <action arg="1685" type="swap"/>
                    <action arg="2813" type="push"/>
                  </actions>
                </route>
              </routes>
            </te-group>
            <te-group>
              <routes>
                <route to="in2">
                  <actions>
                    <action arg="1685" type="swap"/>
                    <action arg="2813" type="push"/>
                    <action arg="2814" type="push"/>
                  </actions>
                </route>
              </routes>
            </te-group>
          </te-groups>
        </destination>
        <destination from="in2" label="$1691">
          <te-groups>
            <te-group>
              <routes>
                <route to="in3">
                  <actions>
                    <action arg="1692" type="swap"/>
                  </actions>
                </route>
              </routes>
            </te-group>
            <te-group>
              <routes>
                <route to="in2">
                  <actions>
                    <action arg="1692" type="swap"/>
                    <action arg="2814" type="push"/>
                  </actions>
                </route>
              </routes>
            </te-group>
          </te-groups>
        </destination>
        <destination from="in2" label="$1697">
          <te-groups>
            <te-group>
              <routes>
                <route to="in2">
                  <actions>
                    <action arg="1698" type="swap"/>
                  </actions>
                </route>
              </routes>
            </te-group>
            <te-group>
              <routes>
                <route to="in3">
                  <actions>
                    <action arg="1698" type="swap"/>
                    <action arg="2813" type="push"/>
                  </actions>
                </route>
              </routes>
            </te-group>
            <te-group>
              <routes>
                <route to="in2">
                  <actions>
                    <action arg="1698" type="swap"/>
                    <action arg="2813" type="push"/>
                    <action arg="2814" type="push"/>
                  </actions>
                </route>
              </routes>
            </te-group>
          </te-groups>
        </destination>
        <destination from="in2" label="$1704">
          <te-groups>
            <te-group>
              <routes>
                <route to="in2">
                  <actions>
                    <action arg="1705" type="swap"/>
                  </actions>
                </route>
              </routes>
            </te-group>
            <te-group>
              <routes>
                <route to="in3">
                  <actions>
                    <action arg="1705" type="swap"/>
                    <action arg="2813" type="push"/>
                  </actions>
                </route>
              </routes>
            </te-group>
            <te-group>
              <routes>
                <route to="in2">
                  <actions>
                    <action arg="1705" type="swap"/>
                    <action arg="2813" type="push"/>
                    <action arg="2814" type="push"/>
                  </actions>
                </route>
              </routes>
            </te-group>
          </te-groups>
        </destination>
        <destination from="in2" label="$1713">
          <te-groups>
            <te-group>
              <routes>
                <route to="in2">
                  <actions>
                    <action arg="1714" type="swap"/>
                  </actions>
                </route>
              </routes>
            </te-group>
            <te-group>
              <routes>
                <route to="in3">
                  <actions>
                    <action arg="1714" type="swap"/>
                    <action arg="2813" type="push"/>
                  </actions>
                </route>
              </routes>
            </te-group>
            <te-group>
              <routes>
                <route to="in2">
                  <actions>
                    <action arg="1714" type="swap"/>
                    <action arg="2813" type="push"/>
                    <action arg="2814" type="push"/>
                  </actions>
                </route>
              </routes>
            </te-group>
          </te-groups>
        </destination>
        <destination from="in2" label="$1721">
          <te-groups>
            <te-group>
              <routes>
                <route to="in2">
                  <actions>
                    <action arg="1722" type="swap"/>
                  </actions>
                </route>
              </routes>
            </te-group>
            <te-group>
              <routes>
                <route to="in3">
                  <actions>
                    <action arg="1722" type="swap"/>
                    <action arg="2813" type="push"/>
                  </actions>
                </route>
              </routes>
            </te-group>
            <te-group>
              <routes>
                <route to="in2">
                  <actions>
                    <action arg="1722" type="swap"/>
                    <action arg="2813" type="push"/>
                    <action arg="2814" type="push"/>
                  </actions>
                </route>
              </routes>
            </te-group>
          </te-groups>
        </destination>
        <destination from="in2" label="$1930">
          <te-groups>
            <te-group>
              <routes>
                <route to="in0">
                  <actions>
                    <action arg="1931" type="swap"/>
                  </actions>
                </route>
              </routes>
            </te-group>
            <te-group>
              <routes>
                <route to="in4">
                  <actions>
                    <action arg="1931" type="swap"/>
                    <action arg="2812" type="push"/>
                  </actions>
                </route>
              </routes>
            </te-group>
            <te-group>
              <routes>
                <route to="in0">
                  <actions>
                    <action arg="1931" type="swap"/>
                    <action arg="2812" type="push"/>
                    <action arg="2817" type="push"/>
                  </actions>
                </route>
              </routes>
            </te-group>
          </te-groups>
        </destination>
        <destination from="in2" label="$1942">
          <te-groups>
            <te-group>
              <routes>
                <route to="in1">
                  <actions>
                    <action arg="1943" type="swap"/>
                  </actions>
                </route>
              </routes>
            </te-group>
          </te-groups>
        </destination>
        <destination from="in2" label="$2015">
          <te-groups>
            <te-group>
              <routes>
                <route to="in0">
                  <actions>
                    <action arg="2016" type="swap"/>
                  </actions>
                </route>
              </routes>
            </te-group>
            <te-group>
              <routes>
                <route to="in4">
                  <actions>
                    <action arg="2016" type="swap"/>
                    <action arg="2812" type="push"/>
                  </actions>
                </route>
              </routes>
            </te-group>
            <te-group>
              <routes>
                <route to="in0">
                  <actions>
                    <action arg="2016" type="swap"/>
                    <action arg="2812" type="push"/>
                    <action arg="2817" type="push"/>
                  </actions>
                </route>
              </routes>
            </te-group>
          </te-groups>
        </destination>
        <destination from="in2" label="$2024">
          <te-groups>
            <te-group>
              <routes>
                <route to="in0">
                  <actions>
                    <action arg="2025" type="swap"/>
                  </actions>
                </route>
              </routes>
            </te-group>
            <te-group>
              <routes>
                <route to="in4">
                  <actions>
                    <action arg="2025" type="swap"/>
                    <action arg="2812" type="push"/>
                  </actions>
                </route>
              </routes>
            </te-group>
            <te-group>
              <routes>
                <route to="in0">
                  <actions>
                    <action arg="2025" type="swap"/>
                    <action arg="2812" type="push"/>
                    <action arg="2817" type="push"/>
                  </actions>
                </route>
              </routes>
            </te-group>
          </te-groups>
        </destination>
        <destination from="in2" label="$2032">
          <te-groups>
            <te-group>
              <routes>
                <route to="in0">
                  <actions>
                    <action arg="2033" type="swap"/>
                  </actions>
                </route>
              </routes>
            </te-group>
            <te-group>
              <routes>
                <route to="in4">
                  <actions>
                    <action arg="2033" type="swap"/>
                    <action arg="2812" type="push"/>
                  </actions>
                </route>
              </routes>
            </te-group>
            <te-group>
              <routes>
                <route to="in0">
                  <actions>
                    <action arg="2033" type="swap"/>
                    <action arg="2812" type="push"/>
                    <action arg="2817" type="push"/>
                  </actions>
                </route>
              </routes>
            </te-group>
          </te-groups>
        </destination>
        <destination from="in2" label="$2041">
          <te-groups>
            <te-group>
              <routes>
                <route to="in0">
                  <actions>
                    <action arg="2042" type="swap"/>
                  </actions>
                </route>
              </routes>
            </te-group>
            <te-group>
              <routes>
                <route to="in4">
                  <actions>
                    <action arg="2042" type="swap"/>
                    <action arg="2812" type="push"/>
                  </actions>
                </route>
              </routes>
            </te-group>
            <te-group>
              <routes>
                <route to="in0">
                  <actions>
                    <action arg="2042" type="swap"/>
                    <action arg="2812" type="push"/>
                    <action arg="2817" type="push"/>
                  </actions>
                </route>
              </routes>
            </te-group>
          </te-groups>
        </destination>
        <destination from="in2" label="$2049">
          <te-groups>
            <te-group>
              <routes>
                <route to="in0">
                  <actions>
                    <action arg="2050" type="swap"/>
                  </actions>
                </route>
              </routes>
            </te-group>
            <te-group>
              <routes>
                <route to="in4">
                  <actions>
                    <action arg="2050" type="swap"/>
                    <action arg="2812" type="push"/>
                  </actions>
                </route>
              </routes>
            </te-group>
            <te-group>
              <routes>
                <route to="in0">
                  <actions>
                    <action arg="2050" type="swap"/>
                    <action arg="2812" type="push"/>
                    <action arg="2817" type="push"/>
                  </actions>
                </route>
              </routes>
            </te-group>
          </te-groups>
        </destination>
        <destination from="in2" label="$2057">
          <te-groups>
            <te-group>
              <routes>
                <route to="in0">
                  <actions>
                    <action arg="2058" type="swap"/>
                  </actions>
                </route>
              </routes>
            </te-group>
            <te-group>
              <routes>
                <route to="in4">
                  <actions>
                    <action arg="2058" type="swap"/>
                    <action arg="2812" type="push"/>
                  </actions>
                </route>
              </routes>
            </te-group>
            <te-group>
              <routes>
                <route to="in0">
                  <actions>
                    <action arg="2058" type="swap"/>
                    <action arg="2812" type="push"/>
                    <action arg="2817" type="push"/>
                  </actions>
                </route>
              </routes>
            </te-group>
          </te-groups>
        </destination>
        <destination from="in2" label="$2063">
          <te-groups>
            <te-group>
              <routes>
                <route to="in0">
                  <actions>
                    <action arg="2064" type="swap"/>
                  </actions>
                </route>
              </routes>
            </te-group>
            <te-group>
              <routes>
                <route to="in4">
                  <actions>
                    <action arg="2064" type="swap"/>
                    <action arg="2812" type="push"/>
                  </actions>
                </route>
              </routes>
            </te-group>
            <te-group>
              <routes>
                <route to="in0">
                  <actions>
                    <action arg="2064" type="swap"/>
                    <action arg="2812" type="push"/>
                    <action arg="2817" type="push"/>
                  </actions>
                </route>
              </routes>
            </te-group>
          </te-groups>
        </destination>
        <destination from="in2" label="$2074">
          <te-groups>
            <te-group>
              <routes>
                <route to="in1">
                  <actions>
                    <action arg="2075" type="swap"/>
                  </actions>
                </route>
              </routes>
            </te-group>
          </te-groups>
        </destination>
        <destination from="in2" label="$2107">
          <te-groups>
            <te-group>
              <routes>
                <route to="in5">
                  <actions>
                    <action arg="2108" type="swap"/>
                  </actions>
                </route>
              </routes>
            </te-group>
            <te-group>
              <routes>
                <route to="in4">
                  <actions>
                    <action arg="2108" type="swap"/>
                    <action arg="2823" type="push"/>
                  </actions>
                </route>
              </routes>
            </te-group>
          </te-groups>
        </destination>
        <destination from="in2" label="$2115">
          <te-groups>
            <te-group>
              <routes>
                <route to="in5">
                  <actions>
                    <action arg="2116" type="swap"/>
                  </actions>
                </route>
              </routes>
            </te-group>
            <te-group>
              <routes>
                <route to="in4">
                  <actions>
                    <action arg="2116" type="swap"/>
                    <action arg="2823" type="push"/>
                  </actions>
                </route>
              </routes>
            </te-group>
          </te-groups>
        </destination>
        <destination from="in2" label="$2142">
          <te-groups>
            <te-group>
              <routes>
                <route to="in5">
                  <actions>
                    <action arg="2143" type="swap"/>
                  </actions>
                </route>
              </routes>
            </te-group>
            <te-group>
              <routes>
                <route to="in4">
                  <actions>
                    <action arg="2143" type="swap"/>
                    <action arg="2823" type="push"/>
                  </actions>
                </route>
              </routes>
            </te-group>
          </te-groups>
        </destination>
        <destination from="in2" label="$2149">
          <te-groups>
            <te-group>
              <routes>
                <route to="in5">
                  <actions>
                    <action arg="2150" type="swap"/>
                  </actions>
                </route>
              </routes>
            </te-group>
            <te-group>
              <routes>
                <route to="in4">
                  <actions>
                    <action arg="2150" type="swap"/>
                    <action arg="2823" type="push"/>
                  </actions>
                </route>
              </routes>
            </te-group>
          </te-groups>
        </destination>
        <destination from="in2" label="$2174">
          <te-groups>
            <te-group>
              <routes>
                <route to="in0">
                  <actions>
                    <action arg="2175" type="swap"/>
                  </actions>
                </route>
              </routes>
            </te-group>
            <te-group>
              <routes>
                <route to="in4">
                  <actions>
                    <action arg="2175" type="swap"/>
                    <action arg="2812" type="push"/>
                  </actions>
                </route>
              </routes>
            </te-group>
          </te-groups>
        </destination>
        <destination from="in2" label="$2182">
          <te-groups>
            <te-group>
              <routes>
                <route to="in1">
                  <actions>
                    <action arg="2183" type="swap"/>
                  </actions>
                </route>
              </routes>
            </te-group>
          </te-groups>
        </destination>
        <destination from="in2" label="$2187">
          <te-groups>
            <te-group>
              <routes>
                <route to="in2">
                  <actions>
                    <action arg="2188" type="swap"/>
                  </actions>
                </route>
              </routes>
            </te-group>
            <te-group>
              <routes>
                <route to="in3">
                  <actions>
                    <action arg="2188" type="swap"/>
                    <action arg="2813" type="push"/>
                  </actions>
                </route>
              </routes>
            </te-group>
            <te-group>
              <routes>
                <route to="in2">
                  <actions>
                    <action arg="2188" type="swap"/>
                    <action arg="2813" type="push"/>
                    <action arg="2814" type="push"/>
                  </actions>
                </route>
              </routes>
            </te-group>
          </te-groups>
        </destination>
        <destination from="in2" label="$2190">
          <te-groups>
            <te-group>
              <routes>
                <route to="in2">
                  <actions>
                    <action arg="2191" type="swap"/>
                  </actions>
                </route>
              </routes>
            </te-group>
            <te-group>
              <routes>
                <route to="in3">
                  <actions>
                    <action arg="2191" type="swap"/>
                    <action arg="2813" type="push"/>
                  </actions>
                </route>
              </routes>
            </te-group>
            <te-group>
              <routes>
                <route to="in2">
                  <actions>
                    <action arg="2191" type="swap"/>
                    <action arg="2813" type="push"/>
                    <action arg="2814" type="push"/>
                  </actions>
                </route>
              </routes>
            </te-group>
          </te-groups>
        </destination>
        <destination from="in2" label="$2194">
          <te-groups>
            <te-group>
              <routes>
                <route to="in3">
                  <actions>
                    <action arg="2195" type="swap"/>
                  </actions>
                </route>
              </routes>
            </te-group>
            <te-group>
              <routes>
                <route to="in2">
                  <actions>
                    <action arg="2195" type="swap"/>
                    <action arg="2814" type="push"/>
                  </actions>
                </route>
              </routes>
            </te-group>
          </te-groups>
        </destination>
        <destination from="in2" label="$2197">
          <te-groups>
            <te-group>
              <routes>
                <route to="in2">
                  <actions>
                    <action arg="2198" type="swap"/>
                  </actions>
                </route>
              </routes>
            </te-group>
            <te-group>
              <routes>
                <route to="in3">
                  <actions>
                    <action arg="2198" type="swap"/>
                    <action arg="2813" type="push"/>
                  </actions>
                </route>
              </routes>
            </te-group>
            <te-group>
              <routes>
                <route to="in2">
                  <actions>
                    <action arg="2198" type="swap"/>
                    <action arg="2813" type="push"/>
                    <action arg="2814" type="push"/>
                  </actions>
                </route>
              </routes>
            </te-group>
          </te-groups>
        </destination>
        <destination from="in2" label="$2201">
          <te-groups>
            <te-group>
              <routes>
                <route to="in2">
                  <actions>
                    <action arg="2202" type="swap"/>
                  </actions>
                </route>
              </routes>
            </te-group>
            <te-group>
              <routes>
                <route to="in3">
                  <actions>
                    <action arg="2202" type="swap"/>
                    <action arg="2813" type="push"/>
                  </actions>
                </route>
              </routes>
            </te-group>
            <te-group>
              <routes>
                <route to="in2">
                  <actions>
                    <action arg="2202" type="swap"/>
                    <action arg="2813" type="push"/>
                    <action arg="2814" type="push"/>
                  </actions>
                </route>
              </routes>
            </te-group>
          </te-groups>
        </destination>
        <destination from="in2" label="$2285">
          <te-groups>
            <te-group>
              <routes>
                <route to="in1">
                  <actions>
                    <action arg="2286" type="swap"/>
                  </actions>
                </route>
              </routes>
            </te-group>
          </te-groups>
        </destination>
        <destination from="in2" label="$2292">
          <te-groups>
            <te-group>
              <routes>
                <route to="in2">
                  <actions>
                    <action arg="2293" type="swap"/>
                  </actions>
                </route>
              </routes>
            </te-group>
            <te-group>
              <routes>
                <route to="in3">
                  <actions>
                    <action arg="2293" type="swap"/>
                    <action arg="2813" type="push"/>
                  </actions>
                </route>
              </routes>
            </te-group>
            <te-group>
              <routes>
                <route to="in2">
                  <actions>
                    <action arg="2293" type="swap"/>
                    <action arg="2813" type="push"/>
                    <action arg="2814" type="push"/>
                  </actions>
                </route>
              </routes>
            </te-group>
          </te-groups>
        </destination>
        <destination from="in2" label="$2296">
          <te-groups>
            <te-group>
              <routes>
                <route to="in2">
                  <actions>
                    <action arg="2297" type="swap"/>
                  </actions>
                </route>
              </routes>
            </te-group>
            <te-group>
              <routes>
                <route to="in3">
                  <actions>
                    <action arg="2297" type="swap"/>
                    <action arg="2813" type="push"/>
                  </actions>
                </route>
              </routes>
            </te-group>
            <te-group>
              <routes>
                <route to="in2">
                  <actions>
                    <action arg="2297" type="swap"/>
                    <action arg="2813" type="push"/>
                    <action arg="2814" type="push"/>
                  </actions>
                </route>
              </routes>
            </te-group>
          </te-groups>
        </destination>
        <destination from="in2" label="$2301">
          <te-groups>
            <te-group>
              <routes>
                <route to="in3">
                  <actions>
                    <action arg="2302" type="swap"/>
                  </actions>
                </route>
              </routes>
            </te-group>
            <te-group>
              <routes>
                <route to="in2">
                  <actions>
                    <action arg="2302" type="swap"/>
                    <action arg="2814" type="push"/>
                  </actions>
                </route>
              </routes>
            </te-group>
          </te-groups>
        </destination>
        <destination from="in2" label="$2305">
          <te-groups>
            <te-group>
              <routes>
                <route to="in2">
                  <actions>
                    <action arg="2306" type="swap"/>
                  </actions>
                </route>
              </routes>
            </te-group>
            <te-group>
              <routes>
                <route to="in3">
                  <actions>
                    <action arg="2306" type="swap"/>
                    <action arg="2813" type="push"/>
                  </actions>
                </route>
              </routes>
            </te-group>
            <te-group>
              <routes>
                <route to="in2">
                  <actions>
                    <action arg="2306" type="swap"/>
                    <action arg="2813" type="push"/>
                    <action arg="2814" type="push"/>
                  </actions>
                </route>
              </routes>
            </te-group>
          </te-groups>
        </destination>
        <destination from="in2" label="$2310">
          <te-groups>
            <te-group>
              <routes>
                <route to="in2">
                  <actions>
                    <action arg="2311" type="swap"/>
                  </actions>
                </route>
              </routes>
            </te-group>
            <te-group>
              <routes>
                <route to="in3">
                  <actions>
                    <action arg="2311" type="swap"/>
                    <action arg="2813" type="push"/>
                  </actions>
                </route>
              </routes>
            </te-group>
            <te-group>
              <routes>
                <route to="in2">
                  <actions>
                    <action arg="2311" type="swap"/>
                    <action arg="2813" type="push"/>
                    <action arg="2814" type="push"/>
                  </actions>
                </route>
              </routes>
            </te-group>
          </te-groups>
        </destination>
        <destination from="in2" label="$2402">
          <te-groups>
            <te-group>
              <routes>
                <route to="in1">
                  <actions>
                    <action arg="2403" type="swap"/>
                  </actions>
                </route>
              </routes>
            </te-group>
          </te-groups>
        </destination>
        <destination from="in2" label="$2409">
          <te-groups>
            <te-group>
              <routes>
                <route to="in2">
                  <actions>
                    <action arg="2410" type="swap"/>
                  </actions>
                </route>
              </routes>
            </te-group>
            <te-group>
              <routes>
                <route to="in3">
                  <actions>
                    <action arg="2410" type="swap"/>
                    <action arg="2813" type="push"/>
                  </actions>
                </route>
              </routes>
            </te-group>
            <te-group>
              <routes>
                <route to="in2">
                  <actions>
                    <action arg="2410" type="swap"/>
                    <action arg="2813" type="push"/>
                    <action arg="2814" type="push"/>
                  </actions>
                </route>
              </routes>
            </te-group>
          </te-groups>
        </destination>
        <destination from="in2" label="$2413">
          <te-groups>
            <te-group>
              <routes>
                <route to="in2">
                  <actions>
                    <action arg="2414" type="swap"/>
                  </actions>
                </route>
              </routes>
            </te-group>
            <te-group>
              <routes>
                <route to="in3">
                  <actions>
                    <action arg="2414" type="swap"/>
                    <action arg="2813" type="push"/>
                  </actions>
                </route>
              </routes>
            </te-group>
            <te-group>
              <routes>
                <route to="in2">
                  <actions>
                    <action arg="2414" type="swap"/>
                    <action arg="2813" type="push"/>
                    <action arg="2814" type="push"/>
                  </actions>
                </route>
              </routes>
            </te-group>
          </te-groups>
        </destination>
        <destination from="in2" label="$2418">
          <te-groups>
            <te-group>
              <routes>
                <route to="in3">
                  <actions>
                    <action arg="2419" type="swap"/>
                  </actions>
                </route>
              </routes>
            </te-group>
            <te-group>
              <routes>
                <route to="in2">
                  <actions>
                    <action arg="2419" type="swap"/>
                    <action arg="2814" type="push"/>
                  </actions>
                </route>
              </routes>
            </te-group>
          </te-groups>
        </destination>
        <destination from="in2" label="$2422">
          <te-groups>
            <te-group>
              <routes>
                <route to="in2">
                  <actions>
                    <action arg="2423" type="swap"/>
                  </actions>
                </route>
              </routes>
            </te-group>
            <te-group>
              <routes>
                <route to="in3">
                  <actions>
                    <action arg="2423" type="swap"/>
                    <action arg="2813" type="push"/>
                  </actions>
                </route>
              </routes>
            </te-group>
            <te-group>
              <routes>
                <route to="in2">
                  <actions>
                    <action arg="2423" type="swap"/>
                    <action arg="2813" type="push"/>
                    <action arg="2814" type="push"/>
                  </actions>
                </route>
              </routes>
            </te-group>
          </te-groups>
        </destination>
        <destination from="in2" label="$2427">
          <te-groups>
            <te-group>
              <routes>
                <route to="in2">
                  <actions>
                    <action arg="2428" type="swap"/>
                  </actions>
                </route>
              </routes>
            </te-group>
            <te-group>
              <routes>
                <route to="in3">
                  <actions>
                    <action arg="2428" type="swap"/>
                    <action arg="2813" type="push"/>
                  </actions>
                </route>
              </routes>
            </te-group>
            <te-group>
              <routes>
                <route to="in2">
                  <actions>
                    <action arg="2428" type="swap"/>
                    <action arg="2813" type="push"/>
                    <action arg="2814" type="push"/>
                  </actions>
                </route>
              </routes>
            </te-group>
          </te-groups>
        </destination>
        <destination from="in2" label="$2518">
          <te-groups>
            <te-group>
              <routes>
                <route to="in1">
                  <actions>
                    <action arg="2519" type="swap"/>
                  </actions>
                </route>
              </routes>
            </te-group>
          </te-groups>
        </destination>
        <destination from="in2" label="$2527">
          <te-groups>
            <te-group>
              <routes>
                <route to="in2">
                  <actions>
                    <action arg="2528" type="swap"/>
                  </actions>
                </route>
              </routes>
            </te-group>
            <te-group>
              <routes>
                <route to="in3">
                  <actions>
                    <action arg="2528" type="swap"/>
                    <action arg="2813" type="push"/>
                  </actions>
                </route>
              </routes>
            </te-group>
            <te-group>
              <routes>
                <route to="in2">
                  <actions>
                    <action arg="2528" type="swap"/>
                    <action arg="2813" type="push"/>
                    <action arg="2814" type="push"/>
                  </actions>
                </route>
              </routes>
            </te-group>
          </te-groups>
        </destination>
        <destination from="in2" label="$2532">
          <te-groups>
            <te-group>
              <routes>
                <route to="in2">
                  <actions>
                    <action arg="2533" type="swap"/>
                  </actions>
                </route>
              </routes>
            </te-group>
            <te-group>
              <routes>
                <route to="in3">
                  <actions>
                    <action arg="2533" type="swap"/>
                    <action arg="2813" type="push"/>
                  </actions>
                </route>
              </routes>
            </te-group>
            <te-group>
              <routes>
                <route to="in2">
                  <actions>
                    <action arg="2533" type="swap"/>
                    <action arg="2813" type="push"/>
                    <action arg="2814" type="push"/>
                  </actions>
                </route>
              </routes>
            </te-group>
          </te-groups>
        </destination>
        <destination from="in2" label="$2538">
          <te-groups>
            <te-group>
              <routes>
                <route to="in3">
                  <actions>
                    <action arg="2539" type="swap"/>
                  </actions>
                </route>
              </routes>
            </te-group>
            <te-group>
              <routes>
                <route to="in2">
                  <actions>
                    <action arg="2539" type="swap"/>
                    <action arg="2814" type="push"/>
                  </actions>
                </route>
              </routes>
            </te-group>
          </te-groups>
        </destination>
        <destination from="in2" label="$2543">
          <te-groups>
            <te-group>
              <routes>
                <route to="in2">
                  <actions>
                    <action arg="2544" type="swap"/>
                  </actions>
                </route>
              </routes>
            </te-group>
            <te-group>
              <routes>
                <route to="in3">
                  <actions>
                    <action arg="2544" type="swap"/>
                    <action arg="2813" type="push"/>
                  </actions>
                </route>
              </routes>
            </te-group>
            <te-group>
              <routes>
                <route to="in2">
                  <actions>
                    <action arg="2544" type="swap"/>
                    <action arg="2813" type="push"/>
                    <action arg="2814" type="push"/>
                  </actions>
                </route>
              </routes>
            </te-group>
          </te-groups>
        </destination>
        <destination from="in2" label="$2549">
          <te-groups>
            <te-group>
              <routes>
                <route to="in2">
                  <actions>
                    <action arg="2550" type="swap"/>
                  </actions>
                </route>
              </routes>
            </te-group>
            <te-group>
              <routes>
                <route to="in3">
                  <actions>
                    <action arg="2550" type="swap"/>
                    <action arg="2813" type="push"/>
                  </actions>
                </route>
              </routes>
            </te-group>
            <te-group>
              <routes>
                <route to="in2">
                  <actions>
                    <action arg="2550" type="swap"/>
                    <action arg="2813" type="push"/>
                    <action arg="2814" type="push"/>
                  </actions>
                </route>
              </routes>
            </te-group>
          </te-groups>
        </destination>
        <destination from="in3" label="1150">
          <te-groups>
            <te-group>
              <routes>
                <route to="eg0">
                  <actions>
                    <action type="pop"/>
                  </actions>
                </route>
              </routes>
            </te-group>
          </te-groups>
        </destination>
        <destination from="in3" label="1253">
          <te-groups>
            <te-group>
              <routes>
                <route to="eg0">
                  <actions>
                    <action type="pop"/>
                  </actions>
                </route>
              </routes>
            </te-group>
          </te-groups>
        </destination>
        <destination from="in3" label="1359">
          <te-groups>
            <te-group>
              <routes>
                <route to="eg0">
                  <actions>
                    <action type="pop"/>
                  </actions>
                </route>
              </routes>
            </te-group>
          </te-groups>
        </destination>
        <destination from="in3" label="1467">
          <te-groups>
            <te-group>
              <routes>
                <route to="eg0">
                  <actions>
                    <action type="pop"/>
                  </actions>
                </route>
              </routes>
            </te-group>
          </te-groups>
        </destination>
        <destination from="in3" label="1581">
          <te-groups>
            <te-group>
              <routes>
                <route to="eg0">
                  <actions>
                    <action type="pop"/>
                  </actions>
                </route>
              </routes>
            </te-group>
          </te-groups>
        </destination>
        <destination from="in3" label="1947">
          <te-groups>
            <te-group>
              <routes>
                <route to="eg0">
                  <actions>
                    <action type="pop"/>
                  </actions>
                </route>
              </routes>
            </te-group>
          </te-groups>
        </destination>
        <destination from="in3" label="2080">
          <te-groups>
            <te-group>
              <routes>
                <route to="eg0">
                  <actions>
                    <action type="pop"/>
                  </actions>
                </route>
              </routes>
            </te-group>
          </te-groups>
        </destination>
        <destination from="in3" label="2830">
          <te-groups>
            <te-group>
              <routes>
                <route to="in2">
                  <actions>
                    <action type="pop"/>
                  </actions>
                </route>
              </routes>
            </te-group>
          </te-groups>
        </destination>
        <destination from="in3" label="$1108">
          <te-groups>
            <te-group>
              <routes>
                <route to="in0">
                  <actions>
                    <action arg="1109" type="swap"/>
                  </actions>
                </route>
              </routes>
            </te-group>
            <te-group>
              <routes>
                <route to="in4">
                  <actions>
                    <action arg="1109" type="swap"/>
                    <action arg="2812" type="push"/>
                  </actions>
                </route>
              </routes>
            </te-group>
            <te-group>
              <routes>
                <route to="in0">
                  <actions>
                    <action arg="1109" type="swap"/>
                    <action arg="2812" type="push"/>
                    <action arg="2817" type="push"/>
                  </actions>
                </route>
              </routes>
            </te-group>
          </te-groups>
        </destination>
        <destination from="in3" label="$1114">
          <te-groups>
            <te-group>
              <routes>
                <route to="in0">
                  <actions>
                    <action arg="1115" type="swap"/>
                  </actions>
                </route>
              </routes>
            </te-group>
            <te-group>
              <routes>
                <route to="in4">
                  <actions>
                    <action arg="1115" type="swap"/>
                    <action arg="2812" type="push"/>
                  </actions>
                </route>
              </routes>
            </te-group>
            <te-group>
              <routes>
                <route to="in0">
                  <actions>
                    <action arg="1115" type="swap"/>
                    <action arg="2812" type="push"/>
                    <action arg="2817" type="push"/>
                  </actions>
                </route>
              </routes>
            </te-group>
          </te-groups>
        </destination>
        <destination from="in3" label="$1119">
          <te-groups>
            <te-group>
              <routes>
                <route to="in0">
                  <actions>
                    <action arg="1120" type="swap"/>
                  </actions>
                </route>
              </routes>
            </te-group>
            <te-group>
              <routes>
                <route to="in4">
                  <actions>
                    <action arg="1120" type="swap"/>
                    <action arg="2812" type="push"/>
                  </actions>
                </route>
              </routes>
            </te-group>
            <te-group>
              <routes>
                <route to="in0">
                  <actions>
                    <action arg="1120" type="swap"/>
                    <action arg="2812" type="push"/>
                    <action arg="2817" type="push"/>
                  </actions>
                </route>
              </routes>
            </te-group>
          </te-groups>
        </destination>
        <destination from="in3" label="$1125">
          <te-groups>
            <te-group>
              <routes>
                <route to="in0">
                  <actions>
                    <action arg="1126" type="swap"/>
                  </actions>
                </route>
              </routes>
            </te-group>
            <te-group>
              <routes>
                <route to="in4">
                  <actions>
                    <action arg="1126" type="swap"/>
                    <action arg="2812" type="push"/>
                  </actions>
                </route>
              </routes>
            </te-group>
            <te-group>
              <routes>
                <route to="in0">
                  <actions>
                    <action arg="1126" type="swap"/>
                    <action arg="2812" type="push"/>
                    <action arg="2817" type="push"/>
                  </actions>
                </route>
              </routes>
            </te-group>
          </te-groups>
        </destination>
        <destination from="in3" label="$1130">
          <te-groups>
            <te-group>
              <routes>
                <route to="in0">
                  <actions>
                    <action arg="1131" type="swap"/>
                  </actions>
                </route>
              </routes>
            </te-group>
            <te-group>
              <routes>
                <route to="in4">
                  <actions>
                    <action arg="1131" type="swap"/>
                    <action arg="2812" type="push"/>
                  </actions>
                </route>
              </routes>
            </te-group>
            <te-group>
              <routes>
                <route to="in0">
                  <actions>
                    <action arg="1131" type="swap"/>
                    <action arg="2812" type="push"/>
                    <action arg="2817" type="push"/>
                  </actions>
                </route>
              </routes>
            </te-group>
          </te-groups>
        </destination>
        <destination from="in3" label="$1135">
          <te-groups>
            <te-group>
              <routes>
                <route to="in0">
                  <actions>
                    <action arg="1136" type="swap"/>
                  </actions>
                </route>
              </routes>
            </te-group>
            <te-group>
              <routes>
                <route to="in4">
                  <actions>
                    <action arg="1136" type="swap"/>
                    <action arg="2812" type="push"/>
                  </actions>
                </route>
              </routes>
            </te-group>
            <te-group>
              <routes>
                <route to="in0">
                  <actions>
                    <action arg="1136" type="swap"/>
                    <action arg="2812" type="push"/>
                    <action arg="2817" type="push"/>
                  </actions>
                </route>
              </routes>
            </te-group>
          </te-groups>
        </destination>
        <destination from="in3" label="$1138">
          <te-groups>
            <te-group>
              <routes>
                <route to="in0">
                  <actions>
                    <action arg="1139" type="swap"/>
                  </actions>
                </route>
              </routes>
            </te-group>
            <te-group>
              <routes>
                <route to="in4">
                  <actions>
                    <action arg="1139" type="swap"/>
                    <action arg="2812" type="push"/>
                  </actions>
                </route>
              </routes>
            </te-group>
            <te-group>
              <routes>
                <route to="in0">
                  <actions>
                    <action arg="1139" type="swap"/>
                    <action arg="2812" type="push"/>
                    <action arg="2817" type="push"/>
                  </actions>
                </route>
              </routes>
            </te-group>
          </te-groups>
        </destination>
        <destination from="in3" label="$1142">
          <te-groups>
            <te-group>
              <routes>
                <route to="in0">
                  <actions>
                    <action arg="1143" type="swap"/>
                  </actions>
                </route>
              </routes>
            </te-group>
            <te-group>
              <routes>
                <route to="in4">
                  <actions>
                    <action arg="1143" type="swap"/>
                    <action arg="2812" type="push"/>
                  </actions>
                </route>
              </routes>
            </te-group>
            <te-group>
              <routes>
                <route to="in0">
                  <actions>
                    <action arg="1143" type="swap"/>
                    <action arg="2812" type="push"/>
                    <action arg="2817" type="push"/>
                  </actions>
                </route>
              </routes>
            </te-group>
          </te-groups>
        </destination>
        <destination from="in3" label="$1147">
          <te-groups>
            <te-group>
              <routes>
                <route to="in1">
                  <actions>
                    <action arg="1148" type="swap"/>
                  </actions>
                </route>
              </routes>
            </te-group>
          </te-groups>
        </destination>
        <destination from="in3" label="$1160">
          <te-groups>
            <te-group>
              <routes>
                <route to="in5">
                  <actions>
                    <action arg="1161" type="swap"/>
                  </actions>
                </route>
              </routes>
            </te-group>
            <te-group>
              <routes>
                <route to="in4">
                  <actions>
                    <action arg="1161" type="swap"/>
                    <action arg="2823" type="push"/>
                  </actions>
                </route>
              </routes>
            </te-group>
          </te-groups>
        </destination>
        <destination from="in3" label="$1165">
          <te-groups>
            <te-group>
              <routes>
                <route to="in5">
                  <actions>
                    <action arg="1166" type="swap"/>
                  </actions>
                </route>
              </routes>
            </te-group>
            <te-group>
              <routes>
                <route to="in4">
                  <actions>
                    <action arg="1166" type="swap"/>
                    <action arg="2823" type="push"/>
                  </actions>
                </route>
              </routes>
            </te-group>
          </te-groups>
        </destination>
        <destination from="in3" label="$1178">
          <te-groups>
            <te-group>
              <routes>
                <route to="in4">
                  <actions>
                    <action arg="1179" type="swap"/>
                  </actions>
                </route>
              </routes>
            </te-group>
            <te-group>
              <routes>
                <route to="in0">
                  <actions>
                    <action arg="1179" type="swap"/>
                    <action arg="2817" type="push"/>
                  </actions>
                </route>
              </routes>
            </te-group>
          </te-groups>
        </destination>
        <destination from="in3" label="$1181">
          <te-groups>
            <te-group>
              <routes>
                <route to="in4">
                  <actions>
                    <action arg="1182" type="swap"/>
                  </actions>
                </route>
              </routes>
            </te-group>
            <te-group>
              <routes>
                <route to="in0">
                  <actions>
                    <action arg="1182" type="swap"/>
                    <action arg="2817" type="push"/>
                  </actions>
                </route>
              </routes>
            </te-group>
          </te-groups>
        </destination>
        <destination from="in3" label="$1185">
          <te-groups>
            <te-group>
              <routes>
                <route to="in4">
                  <actions>
                    <action arg="1186" type="swap"/>
                  </actions>
                </route>
              </routes>
            </te-group>
            <te-group>
              <routes>
                <route to="in0">
                  <actions>
                    <action arg="1186" type="swap"/>
                    <action arg="2817" type="push"/>
                  </actions>
                </route>
              </routes>
            </te-group>
          </te-groups>
        </destination>
        <destination from="in3" label="$1189">
          <te-groups>
            <te-group>
              <routes>
                <route to="in4">
                  <actions>
                    <action arg="1190" type="swap"/>
                  </actions>
                </route>
              </routes>
            </te-group>
            <te-group>
              <routes>
                <route to="in0">
                  <actions>
                    <action arg="1190" type="swap"/>
                    <action arg="2817" type="push"/>
                  </actions>
                </route>
              </routes>
            </te-group>
          </te-groups>
        </destination>
        <destination from="in3" label="$1194">
          <te-groups>
            <te-group>
              <routes>
                <route to="in5">
                  <actions>
                    <action arg="1195" type="swap"/>
                  </actions>
                </route>
              </routes>
            </te-group>
            <te-group>
              <routes>
                <route to="in4">
                  <actions>
                    <action arg="1195" type="swap"/>
                    <action arg="2823" type="push"/>
                  </actions>
                </route>
              </routes>
            </te-group>
          </te-groups>
        </destination>
        <destination from="in3" label="$1198">
          <te-groups>
            <te-group>
              <routes>
                <route to="in5">
                  <actions>
                    <action arg="1199" type="swap"/>
                  </actions>
                </route>
              </routes>
            </te-group>
            <te-group>
              <routes>
                <route to="in4">
                  <actions>
                    <action arg="1199" type="swap"/>
                    <action arg="2823" type="push"/>
                  </actions>
                </route>
              </routes>
            </te-group>
          </te-groups>
        </destination>
        <destination from="in3" label="$1202">
          <te-groups>
            <te-group>
              <routes>
                <route to="in0">
                  <actions>
                    <action arg="1203" type="swap"/>
                  </actions>
                </route>
              </routes>
            </te-group>
            <te-group>
              <routes>
                <route to="in4">
                  <actions>
                    <action arg="1203" type="swap"/>
                    <action arg="2812" type="push"/>
                  </actions>
                </route>
              </routes>
            </te-group>
            <te-group>
              <routes>
                <route to="in0">
                  <actions>
                    <action arg="1203" type="swap"/>
                    <action arg="2812" type="push"/>
                    <action arg="2817" type="push"/>
                  </actions>
                </route>
              </routes>
            </te-group>
          </te-groups>
        </destination>
        <destination from="in3" label="$1209">
          <te-groups>
            <te-group>
              <routes>
                <route to="in0">
                  <actions>
                    <action arg="1210" type="swap"/>
                  </actions>
                </route>
              </routes>
            </te-group>
            <te-group>
              <routes>
                <route to="in4">
                  <actions>
                    <action arg="1210" type="swap"/>
                    <action arg="2812" type="push"/>
                  </actions>
                </route>
              </routes>
            </te-group>
            <te-group>
              <routes>
                <route to="in0">
                  <actions>
                    <action arg="1210" type="swap"/>
                    <action arg="2812" type="push"/>
                    <action arg="2817" type="push"/>
                  </actions>
                </route>
              </routes>
            </te-group>
          </te-groups>
        </destination>
        <destination from="in3" label="$1215">
          <te-groups>
            <te-group>
              <routes>
                <route to="in0">
                  <actions>
                    <action arg="1216" type="swap"/>
                  </actions>
                </route>
              </routes>
            </te-group>
            <te-group>
              <routes>
                <route to="in4">
                  <actions>
                    <action arg="1216" type="swap"/>
                    <action arg="2812" type="push"/>
                  </actions>
                </route>
              </routes>
            </te-group>
            <te-group>
              <routes>
                <route to="in0">
                  <actions>
                    <action arg="1216" type="swap"/>
                    <action arg="2812" type="push"/>
                    <action arg="2817" type="push"/>
                  </actions>
                </route>
              </routes>
            </te-group>
          </te-groups>
        </destination>
        <destination from="in3" label="$1222">
          <te-groups>
            <te-group>
              <routes>
                <route to="in0">
                  <actions>
                    <action arg="1223" type="swap"/>
                  </actions>
                </route>
              </routes>
            </te-group>
            <te-group>
              <routes>
                <route to="in4">
                  <actions>
                    <action arg="1223" type="swap"/>
                    <action arg="2812" type="push"/>
                  </actions>
                </route>
              </routes>
            </te-group>
            <te-group>
              <routes>
                <route to="in0">
                  <actions>
                    <action arg="1223" type="swap"/>
                    <action arg="2812" type="push"/>
                    <action arg="2817" type="push"/>
                  </actions>
                </route>
              </routes>
            </te-group>
          </te-groups>
        </destination>
        <destination from="in3" label="$1228">
          <te-groups>
            <te-group>
              <routes>
                <route to="in0">
                  <actions>
                    <action arg="1229" type="swap"/>
                  </actions>
                </route>
              </routes>
            </te-group>
            <te-group>
              <routes>
                <route to="in4">
                  <actions>
                    <action arg="1229" type="swap"/>
                    <action arg="2812" type="push"/>
                  </actions>
                </route>
              </routes>
            </te-group>
            <te-group>
              <routes>
                <route to="in0">
                  <actions>
                    <action arg="1229" type="swap"/>
                    <action arg="2812" type="push"/>
                    <action arg="2817" type="push"/>
                  </actions>
                </route>
              </routes>
            </te-group>
          </te-groups>
        </destination>
        <destination from="in3" label="$1234">
          <te-groups>
            <te-group>
              <routes>
                <route to="in0">
                  <actions>
                    <action arg="1235" type="swap"/>
                  </actions>
                </route>
              </routes>
            </te-group>
            <te-group>
              <routes>
                <route to="in4">
                  <actions>
                    <action arg="1235" type="swap"/>
                    <action arg="2812" type="push"/>
                  </actions>
                </route>
              </routes>
            </te-group>
            <te-group>
              <routes>
                <route to="in0">
                  <actions>
                    <action arg="1235" type="swap"/>
                    <action arg="2812" type="push"/>
                    <action arg="2817" type="push"/>
                  </actions>
                </route>
              </routes>
            </te-group>
          </te-groups>
        </destination>
        <destination from="in3" label="$1238">
          <te-groups>
            <te-group>
              <routes>
                <route to="in0">
                  <actions>
                    <action arg="1239" type="swap"/>
                  </actions>
                </route>
              </routes>
            </te-group>
            <te-group>
              <routes>
                <route to="in4">
                  <actions>
                    <action arg="1239" type="swap"/>
                    <action arg="2812" type="push"/>
                  </actions>
                </route>
              </routes>
            </te-group>
            <te-group>
              <routes>
                <route to="in0">
                  <actions>
                    <action arg="1239" type="swap"/>
                    <action arg="2812" type="push"/>
                    <action arg="2817" type="push"/>
                  </actions>
                </route>
              </routes>
            </te-group>
          </te-groups>
        </destination>
        <destination from="in3" label="$1243">
          <te-groups>
            <te-group>
              <routes>
                <route to="in0">
                  <actions>
                    <action arg="1244" type="swap"/>
                  </actions>
                </route>
              </routes>
            </te-group>
            <te-group>
              <routes>
                <route to="in4">
                  <actions>
                    <action arg="1244" type="swap"/>
                    <action arg="2812" type="push"/>
                  </actions>
                </route>
              </routes>
            </te-group>
            <te-group>
              <routes>
                <route to="in0">
                  <actions>
                    <action arg="1244" type="swap"/>
                    <action arg="2812" type="push"/>
                    <action arg="2817" type="push"/>
                  </actions>
                </route>
              </routes>
            </te-group>
          </te-groups>
        </destination>
        <destination from="in3" label="$1249">
          <te-groups>
            <te-group>
              <routes>
                <route to="in1">
                  <actions>
                    <action arg="1250" type="swap"/>
                  </actions>
                </route>
              </routes>
            </te-group>
          </te-groups>
        </destination>
        <destination from="in3" label="$1267">
          <te-groups>
            <te-group>
              <routes>
                <route to="in5">
                  <actions>
                    <action arg="1268" type="swap"/>
                  </actions>
                </route>
              </routes>
            </te-group>
            <te-group>
              <routes>
                <route to="in4">
                  <actions>
                    <action arg="1268" type="swap"/>
                    <action arg="2823" type="push"/>
                  </actions>
                </route>
              </routes>
            </te-group>
          </te-groups>
        </destination>
        <destination from="in3" label="$1273">
          <te-groups>
            <te-group>
              <routes>
                <route to="in5">
                  <actions>
                    <action arg="1274" type="swap"/>
                  </actions>
                </route>
              </routes>
            </te-group>
            <te-group>
              <routes>
                <route to="in4">
                  <actions>
                    <action arg="1274" type="swap"/>
                    <action arg="2823" type="push"/>
                  </actions>
                </route>
              </routes>
            </te-group>
          </te-groups>
        </destination>
        <destination from="in3" label="$1289">
          <te-groups>
            <te-group>
              <routes>
                <route to="in4">
                  <actions>
                    <action arg="1290" type="swap"/>
                  </actions>
                </route>
              </routes>
            </te-group>
            <te-group>
              <routes>
                <route to="in0">
                  <actions>
                    <action arg="1290" type="swap"/>
                    <action arg="2817" type="push"/>
                  </actions>
                </route>
              </routes>
            </te-group>
          </te-groups>
        </destination>
        <destination from="in3" label="$1293">
          <te-groups>
            <te-group>
              <routes>
                <route to="in4">
                  <actions>
                    <action arg="1294" type="swap"/>
                  </actions>
                </route>
              </routes>
            </te-group>
            <te-group>
              <routes>
                <route to="in0">
                  <actions>
                    <action arg="1294" type="swap"/>
                    <action arg="2817" type="push"/>
                  </actions>
                </route>
              </routes>
            </te-group>
          </te-groups>
        </destination>
        <destination from="in3" label="$1298">
          <te-groups>
            <te-group>
              <routes>
                <route to="in4">
                  <actions>
                    <action arg="1299" type="swap"/>
                  </actions>
                </route>
              </routes>
            </te-group>
            <te-group>
              <routes>
                <route to="in0">
                  <actions>
                    <action arg="1299" type="swap"/>
                    <action arg="2817" type="push"/>
                  </actions>
                </route>
              </routes>
            </te-group>
          </te-groups>
        </destination>
        <destination from="in3" label="$1303">
          <te-groups>
            <te-group>
              <routes>
                <route to="in4">
                  <actions>
                    <action arg="1304" type="swap"/>
                  </actions>
                </route>
              </routes>
            </te-group>
            <te-group>
              <routes>
                <route to="in0">
                  <actions>
                    <action arg="1304" type="swap"/>
                    <action arg="2817" type="push"/>
                  </actions>
                </route>
              </routes>
            </te-group>
          </te-groups>
        </destination>
        <destination from="in3" label="$1309">
          <te-groups>
            <te-group>
              <routes>
                <route to="in5">
                  <actions>
                    <action arg="1310" type="swap"/>
                  </actions>
                </route>
              </routes>
            </te-group>
            <te-group>
              <routes>
                <route to="in4">
                  <actions>
                    <action arg="1310" type="swap"/>
                    <action arg="2823" type="push"/>
                  </actions>
                </route>
              </routes>
            </te-group>
          </te-groups>
        </destination>
        <destination from="in3" label="$1314">
          <te-groups>
            <te-group>
              <routes>
                <route to="in5">
                  <actions>
                    <action arg="1315" type="swap"/>
                  </actions>
                </route>
              </routes>
            </te-group>
            <te-group>
              <routes>
                <route to="in4">
                  <actions>
                    <action arg="1315" type="swap"/>
                    <action arg="2823" type="push"/>
                  </actions>
                </route>
              </routes>
            </te-group>
          </te-groups>
        </destination>
        <destination from="in3" label="$1317">
          <te-groups>
            <te-group>
              <routes>
                <route to="in0">
                  <actions>
                    <action arg="1318" type="swap"/>
                  </actions>
                </route>
              </routes>
            </te-group>
            <te-group>
              <routes>
                <route to="in4">
                  <actions>
                    <action arg="1318" type="swap"/>
                    <action arg="2812" type="push"/>
                  </actions>
                </route>
              </routes>
            </te-group>
            <te-group>
              <routes>
                <route to="in0">
                  <actions>
                    <action arg="1318" type="swap"/>
                    <action arg="2812" type="push"/>
                    <action arg="2817" type="push"/>
                  </actions>
                </route>
              </routes>
            </te-group>
          </te-groups>
        </destination>
        <destination from="in3" label="$1323">
          <te-groups>
            <te-group>
              <routes>
                <route to="in0">
                  <actions>
                    <action arg="1324" type="swap"/>
                  </actions>
                </route>
              </routes>
            </te-group>
            <te-group>
              <routes>
                <route to="in4">
                  <actions>
                    <action arg="1324" type="swap"/>
                    <action arg="2812" type="push"/>
                  </actions>
                </route>
              </routes>
            </te-group>
            <te-group>
              <routes>
                <route to="in0">
                  <actions>
                    <action arg="1324" type="swap"/>
                    <action arg="2812" type="push"/>
                    <action arg="2817" type="push"/>
                  </actions>
                </route>
              </routes>
            </te-group>
          </te-groups>
        </destination>
        <destination from="in3" label="$1328">
          <te-groups>
            <te-group>
              <routes>
                <route to="in0">
                  <actions>
                    <action arg="1329" type="swap"/>
                  </actions>
                </route>
              </routes>
            </te-group>
            <te-group>
              <routes>
                <route to="in4">
                  <actions>
                    <action arg="1329" type="swap"/>
                    <action arg="2812" type="push"/>
                  </actions>
                </route>
              </routes>
            </te-group>
            <te-group>
              <routes>
                <route to="in0">
                  <actions>
                    <action arg="1329" type="swap"/>
                    <action arg="2812" type="push"/>
                    <action arg="2817" type="push"/>
                  </actions>
                </route>
              </routes>
            </te-group>
          </te-groups>
        </destination>
        <destination from="in3" label="$1334">
          <te-groups>
            <te-group>
              <routes>
                <route to="in0">
                  <actions>
                    <action arg="1335" type="swap"/>
                  </actions>
                </route>
              </routes>
            </te-group>
            <te-group>
              <routes>
                <route to="in4">
                  <actions>
                    <action arg="1335" type="swap"/>
                    <action arg="2812" type="push"/>
                  </actions>
                </route>
              </routes>
            </te-group>
            <te-group>
              <routes>
                <route to="in0">
                  <actions>
                    <action arg="1335" type="swap"/>
                    <action arg="2812" type="push"/>
                    <action arg="2817" type="push"/>
                  </actions>
                </route>
              </routes>
            </te-group>
          </te-groups>
        </destination>
        <destination from="in3" label="$1339">
          <te-groups>
            <te-group>
              <routes>
                <route to="in0">
                  <actions>
                    <action arg="1340" type="swap"/>
                  </actions>
                </route>
              </routes>
            </te-group>
            <te-group>
              <routes>
                <route to="in4">
                  <actions>
                    <action arg="1340" type="swap"/>
                    <action arg="2812" type="push"/>
                  </actions>
                </route>
              </routes>
            </te-group>
            <te-group>
              <routes>
                <route to="in0">
                  <actions>
                    <action arg="1340" type="swap"/>
                    <action arg="2812" type="push"/>
                    <action arg="2817" type="push"/>
                  </actions>
                </route>
              </routes>
            </te-group>
          </te-groups>
        </destination>
        <destination from="in3" label="$1344">
          <te-groups>
            <te-group>
              <routes>
                <route to="in0">
                  <actions>
                    <action arg="1345" type="swap"/>
                  </actions>
                </route>
              </routes>
            </te-group>
            <te-group>
              <routes>
                <route to="in4">
                  <actions>
                    <action arg="1345" type="swap"/>
                    <action arg="2812" type="push"/>
                  </actions>
                </route>
              </routes>
            </te-group>
            <te-group>
              <routes>
                <route to="in0">
                  <actions>
                    <action arg="1345" type="swap"/>
                    <action arg="2812" type="push"/>
                    <action arg="2817" type="push"/>
                  </actions>
                </route>
              </routes>
            </te-group>
          </te-groups>
        </destination>
        <destination from="in3" label="$1347">
          <te-groups>
            <te-group>
              <routes>
                <route to="in0">
                  <actions>
                    <action arg="1348" type="swap"/>
                  </actions>
                </route>
              </routes>
            </te-group>
            <te-group>
              <routes>
                <route to="in4">
                  <actions>
                    <action arg="1348" type="swap"/>
                    <action arg="2812" type="push"/>
                  </actions>
                </route>
              </routes>
            </te-group>
            <te-group>
              <routes>
                <route to="in0">
                  <actions>
                    <action arg="1348" type="swap"/>
                    <action arg="2812" type="push"/>
                    <action arg="2817" type="push"/>
                  </actions>
                </route>
              </routes>
            </te-group>
          </te-groups>
        </destination>
        <destination from="in3" label="$1351">
          <te-groups>
            <te-group>
              <routes>
                <route to="in0">
                  <actions>
                    <action arg="1352" type="swap"/>
                  </actions>
                </route>
              </routes>
            </te-group>
            <te-group>
              <routes>
                <route to="in4">
                  <actions>
                    <action arg="1352" type="swap"/>
                    <action arg="2812" type="push"/>
                  </actions>
                </route>
              </routes>
            </te-group>
            <te-group>
              <routes>
                <route to="in0">
                  <actions>
                    <action arg="1352" type="swap"/>
                    <action arg="2812" type="push"/>
                    <action arg="2817" type="push"/>
                  </actions>
                </route>
              </routes>
            </te-group>
          </te-groups>
        </destination>
        <destination from="in3" label="$1356">
          <te-groups>
            <te-group>
              <routes>
                <route to="in1">
                  <actions>
                    <action arg="1357" type="swap"/>
                  </actions>
                </route>
              </routes>
            </te-group>
          </te-groups>
        </destination>
        <destination from="in3" label="$1372">
          <te-groups>
            <te-group>
              <routes>
                <route to="in5">
                  <actions>
                    <action arg="1373" type="swap"/>
                  </actions>
                </route>
              </routes>
            </te-group>
            <te-group>
              <routes>
                <route to="in4">
                  <actions>
                    <action arg="1373" type="swap"/>
                    <action arg="2823" type="push"/>
                  </actions>
                </route>
              </routes>
            </te-group>
          </te-groups>
        </destination>
        <destination from="in3" label="$1377">
          <te-groups>
            <te-group>
              <routes>
                <route to="in5">
                  <actions>
                    <action arg="1378" type="swap"/>
                  </actions>
                </route>
              </routes>
            </te-group>
            <te-group>
              <routes>
                <route to="in4">
                  <actions>
                    <action arg="1378" type="swap"/>
                    <action arg="2823" type="push"/>
                  </actions>
                </route>
              </routes>
            </te-group>
          </te-groups>
        </destination>
        <destination from="in3" label="$1392">
          <te-groups>
            <te-group>
              <routes>
                <route to="in4">
                  <actions>
                    <action arg="1393" type="swap"/>
                  </actions>
                </route>
              </routes>
            </te-group>
            <te-group>
              <routes>
                <route to="in0">
                  <actions>
                    <action arg="1393" type="swap"/>
                    <action arg="2817" type="push"/>
                  </actions>
                </route>
              </routes>
            </te-group>
          </te-groups>
        </destination>
        <destination from="in3" label="$1395">
          <te-groups>
            <te-group>
              <routes>
                <route to="in4">
                  <actions>
                    <action arg="1396" type="swap"/>
                  </actions>
                </route>
              </routes>
            </te-group>
            <te-group>
              <routes>
                <route to="in0">
                  <actions>
                    <action arg="1396" type="swap"/>
                    <action arg="2817" type="push"/>
                  </actions>
                </route>
              </routes>
            </te-group>
          </te-groups>
        </destination>
        <destination from="in3" label="$1399">
          <te-groups>
            <te-group>
              <routes>
                <route to="in4">
                  <actions>
                    <action arg="1400" type="swap"/>
                  </actions>
                </route>
              </routes>
            </te-group>
            <te-group>
              <routes>
                <route to="in0">
                  <actions>
                    <action arg="1400" type="swap"/>
                    <action arg="2817" type="push"/>
                  </actions>
                </route>
              </routes>
            </te-group>
          </te-groups>
        </destination>
        <destination from="in3" label="$1403">
          <te-groups>
            <te-group>
              <routes>
                <route to="in4">
                  <actions>
                    <action arg="1404" type="swap"/>
                  </actions>
                </route>
              </routes>
            </te-group>
            <te-group>
              <routes>
                <route to="in0">
                  <actions>
                    <action arg="1404" type="swap"/>
                    <action arg="2817" type="push"/>
                  </actions>
                </route>
              </routes>
            </te-group>
          </te-groups>
        </destination>
        <destination from="in3" label="$1408">
          <te-groups>
            <te-group>
              <routes>
                <route to="in5">
                  <actions>
                    <action arg="1409" type="swap"/>
                  </actions>
                </route>
              </routes>
            </te-group>
            <te-group>
              <routes>
                <route to="in4">
                  <actions>
                    <action arg="1409" type="swap"/>
                    <action arg="2823" type="push"/>
                  </actions>
                </route>
              </routes>
            </te-group>
          </te-groups>
        </destination>
        <destination from="in3" label="$1412">
          <te-groups>
            <te-group>
              <routes>
                <route to="in5">
                  <actions>
                    <action arg="1413" type="swap"/>
                  </actions>
                </route>
              </routes>
            </te-group>
            <te-group>
              <routes>
                <route to="in4">
                  <actions>
                    <action arg="1413" type="swap"/>
                    <action arg="2823" type="push"/>
                  </actions>
                </route>
              </routes>
            </te-group>
          </te-groups>
        </destination>
        <destination from="in3" label="$1416">
          <te-groups>
            <te-group>
              <routes>
                <route to="in0">
                  <actions>
                    <action arg="1417" type="swap"/>
                  </actions>
                </route>
              </routes>
            </te-group>
            <te-group>
              <routes>
                <route to="in4">
                  <actions>
                    <action arg="1417" type="swap"/>
                    <action arg="2812" type="push"/>
                  </actions>
                </route>
              </routes>
            </te-group>
            <te-group>
              <routes>
                <route to="in0">
                  <actions>
                    <action arg="1417" type="swap"/>
                    <action arg="2812" type="push"/>
                    <action arg="2817" type="push"/>
                  </actions>
                </route>
              </routes>
            </te-group>
          </te-groups>
        </destination>
        <destination from="in3" label="$1423">
          <te-groups>
            <te-group>
              <routes>
                <route to="in0">
                  <actions>
                    <action arg="1424" type="swap"/>
                  </actions>
                </route>
              </routes>
            </te-group>
            <te-group>
              <routes>
                <route to="in4">
                  <actions>
                    <action arg="1424" type="swap"/>
                    <action arg="2812" type="push"/>
                  </actions>
                </route>
              </routes>
            </te-group>
            <te-group>
              <routes>
                <route to="in0">
                  <actions>
                    <action arg="1424" type="swap"/>
                    <action arg="2812" type="push"/>
                    <action arg="2817" type="push"/>
                  </actions>
                </route>
              </routes>
            </te-group>
          </te-groups>
        </destination>
        <destination from="in3" label="$1429">
          <te-groups>
            <te-group>
              <routes>
                <route to="in0">
                  <actions>
                    <action arg="1430" type="swap"/>
                  </actions>
                </route>
              </routes>
            </te-group>
            <te-group>
              <routes>
                <route to="in4">
                  <actions>
                    <action arg="1430" type="swap"/>
                    <action arg="2812" type="push"/>
                  </actions>
                </route>
              </routes>
            </te-group>
            <te-group>
              <routes>
                <route to="in0">
                  <actions>
                    <action arg="1430" type="swap"/>
                    <action arg="2812" type="push"/>
                    <action arg="2817" type="push"/>
                  </actions>
                </route>
              </routes>
            </te-group>
          </te-groups>
        </destination>
        <destination from="in3" label="$1436">
          <te-groups>
            <te-group>
              <routes>
                <route to="in0">
                  <actions>
                    <action arg="1437" type="swap"/>
                  </actions>
                </route>
              </routes>
            </te-group>
            <te-group>
              <routes>
                <route to="in4">
                  <actions>
                    <action arg="1437" type="swap"/>
                    <action arg="2812" type="push"/>
                  </actions>
                </route>
              </routes>
            </te-group>
            <te-group>
              <routes>
                <route to="in0">
                  <actions>
                    <action arg="1437" type="swap"/>
                    <action arg="2812" type="push"/>
                    <action arg="2817" type="push"/>
                  </actions>
                </route>
              </routes>
            </te-group>
          </te-groups>
        </destination>
        <destination from="in3" label="$1442">
          <te-groups>
            <te-group>
              <routes>
                <route to="in0">
                  <actions>
                    <action arg="1443" type="swap"/>
                  </actions>
                </route>
              </routes>
            </te-group>
            <te-group>
              <routes>
                <route to="in4">
                  <actions>
                    <action arg="1443" type="swap"/>
                    <action arg="2812" type="push"/>
                  </actions>
                </route>
              </routes>
            </te-group>
            <te-group>
              <routes>
                <route to="in0">
                  <actions>
                    <action arg="1443" type="swap"/>
                    <action arg="2812" type="push"/>
                    <action arg="2817" type="push"/>
                  </actions>
                </route>
              </routes>
            </te-group>
          </te-groups>
        </destination>
        <destination from="in3" label="$1448">
          <te-groups>
            <te-group>
              <routes>
                <route to="in0">
                  <actions>
                    <action arg="1449" type="swap"/>
                  </actions>
                </route>
              </routes>
            </te-group>
            <te-group>
              <routes>
                <route to="in4">
                  <actions>
                    <action arg="1449" type="swap"/>
                    <action arg="2812" type="push"/>
                  </actions>
                </route>
              </routes>
            </te-group>
            <te-group>
              <routes>
                <route to="in0">
                  <actions>
                    <action arg="1449" type="swap"/>
                    <action arg="2812" type="push"/>
                    <action arg="2817" type="push"/>
                  </actions>
                </route>
              </routes>
            </te-group>
          </te-groups>
        </destination>
        <destination from="in3" label="$1452">
          <te-groups>
            <te-group>
              <routes>
                <route to="in0">
                  <actions>
                    <action arg="1453" type="swap"/>
                  </actions>
                </route>
              </routes>
            </te-group>
            <te-group>
              <routes>
                <route to="in4">
                  <actions>
                    <action arg="1453" type="swap"/>
                    <action arg="2812" type="push"/>
                  </actions>
                </route>
              </routes>
            </te-group>
            <te-group>
              <routes>
                <route to="in0">
                  <actions>
                    <action arg="1453" type="swap"/>
                    <action arg="2812" type="push"/>
                    <action arg="2817" type="push"/>
                  </actions>
                </route>
              </routes>
            </te-group>
          </te-groups>
        </destination>
        <destination from="in3" label="$1457">
          <te-groups>
            <te-group>
              <routes>
                <route to="in0">
                  <actions>
                    <action arg="1458" type="swap"/>
                  </actions>
                </route>
              </routes>
            </te-group>
            <te-group>
              <routes>
                <route to="in4">
                  <actions>
                    <action arg="1458" type="swap"/>
                    <action arg="2812" type="push"/>
                  </actions>
                </route>
              </routes>
            </te-group>
            <te-group>
              <routes>
                <route to="in0">
                  <actions>
                    <action arg="1458" type="swap"/>
                    <action arg="2812" type="push"/>
                    <action arg="2817" type="push"/>
                  </actions>
                </route>
              </routes>
            </te-group>
          </te-groups>
        </destination>
        <destination from="in3" label="$1463">
          <te-groups>
            <te-group>
              <routes>
                <route to="in1">
                  <actions>
                    <action arg="1464" type="swap"/>
                  </actions>
                </route>
              </routes>
            </te-group>
          </te-groups>
        </destination>
        <destination from="in3" label="$1481">
          <te-groups>
            <te-group>
              <routes>
                <route to="in5">
                  <actions>
                    <action arg="1482" type="swap"/>
                  </actions>
                </route>
              </routes>
            </te-group>
            <te-group>
              <routes>
                <route to="in4">
                  <actions>
                    <action arg="1482" type="swap"/>
                    <action arg="2823" type="push"/>
                  </actions>
                </route>
              </routes>
            </te-group>
          </te-groups>
        </destination>
        <destination from="in3" label="$1487">
          <te-groups>
            <te-group>
              <routes>
                <route to="in5">
                  <actions>
                    <action arg="1488" type="swap"/>
                  </actions>
                </route>
              </routes>
            </te-group>
            <te-group>
              <routes>
                <route to="in4">
                  <actions>
                    <action arg="1488" type="swap"/>
                    <action arg="2823" type="push"/>
                  </actions>
                </route>
              </routes>
            </te-group>
          </te-groups>
        </destination>
        <destination from="in3" label="$1503">
          <te-groups>
            <te-group>
              <routes>
                <route to="in4">
                  <actions>
                    <action arg="1504" type="swap"/>
                  </actions>
                </route>
              </routes>
            </te-group>
            <te-group>
              <routes>
                <route to="in0">
                  <actions>
                    <action arg="1504" type="swap"/>
                    <action arg="2817" type="push"/>
                  </actions>
                </route>
              </routes>
            </te-group>
          </te-groups>
        </destination>
        <destination from="in3" label="$1507">
          <te-groups>
            <te-group>
              <routes>
                <route to="in4">
                  <actions>
                    <action arg="1508" type="swap"/>
                  </actions>
                </route>
              </routes>
            </te-group>
            <te-group>
              <routes>
                <route to="in0">
                  <actions>
                    <action arg="1508" type="swap"/>
                    <action arg="2817" type="push"/>
                  </actions>
                </route>
              </routes>
            </te-group>
          </te-groups>
        </destination>
        <destination from="in3" label="$1512">
          <te-groups>
            <te-group>
              <routes>
                <route to="in4">
                  <actions>
                    <action arg="1513" type="swap"/>
                  </actions>
                </route>
              </routes>
            </te-group>
            <te-group>
              <routes>
                <route to="in0">
                  <actions>
                    <action arg="1513" type="swap"/>
                    <action arg="2817" type="push"/>
                  </actions>
                </route>
              </routes>
            </te-group>
          </te-groups>
        </destination>
        <destination from="in3" label="$1517">
          <te-groups>
            <te-group>
              <routes>
                <route to="in4">
                  <actions>
                    <action arg="1518" type="swap"/>
                  </actions>
                </route>
              </routes>
            </te-group>
            <te-group>
              <routes>
                <route to="in0">
                  <actions>
                    <action arg="1518" type="swap"/>
                    <action arg="2817" type="push"/>
                  </actions>
                </route>
              </routes>
            </te-group>
          </te-groups>
        </destination>
        <destination from="in3" label="$1523">
          <te-groups>
            <te-group>
              <routes>
                <route to="in5">
                  <actions>
                    <action arg="1524" type="swap"/>
                  </actions>
                </route>
              </routes>
            </te-group>
            <te-group>
              <routes>
                <route to="in4">
                  <actions>
                    <action arg="1524" type="swap"/>
                    <action arg="2823" type="push"/>
                  </actions>
                </route>
              </routes>
            </te-group>
          </te-groups>
        </destination>
        <destination from="in3" label="$1528">
          <te-groups>
            <te-group>
              <routes>
                <route to="in5">
                  <actions>
                    <action arg="1529" type="swap"/>
                  </actions>
                </route>
              </routes>
            </te-group>
            <te-group>
              <routes>
                <route to="in4">
                  <actions>
                    <action arg="1529" type="swap"/>
                    <action arg="2823" type="push"/>
                  </actions>
                </route>
              </routes>
            </te-group>
          </te-groups>
        </destination>
        <destination from="in3" label="$1532">
          <te-groups>
            <te-group>
              <routes>
                <route to="in0">
                  <actions>
                    <action arg="1533" type="swap"/>
                  </actions>
                </route>
              </routes>
            </te-group>
            <te-group>
              <routes>
                <route to="in4">
                  <actions>
                    <action arg="1533" type="swap"/>
                    <action arg="2812" type="push"/>
                  </actions>
                </route>
              </routes>
            </te-group>
            <te-group>
              <routes>
                <route to="in0">
                  <actions>
                    <action arg="1533" type="swap"/>
                    <action arg="2812" type="push"/>
                    <action arg="2817" type="push"/>
                  </actions>
                </route>
              </routes>
            </te-group>
          </te-groups>
        </destination>
        <destination from="in3" label="$1539">
          <te-groups>
            <te-group>
              <routes>
                <route to="in0">
                  <actions>
                    <action arg="1540" type="swap"/>
                  </actions>
                </route>
              </routes>
            </te-group>
            <te-group>
              <routes>
                <route to="in4">
                  <actions>
                    <action arg="1540" type="swap"/>
                    <action arg="2812" type="push"/>
                  </actions>
                </route>
              </routes>
            </te-group>
            <te-group>
              <routes>
                <route to="in0">
                  <actions>
                    <action arg="1540" type="swap"/>
                    <action arg="2812" type="push"/>
                    <action arg="2817" type="push"/>
                  </actions>
                </route>
              </routes>
            </te-group>
          </te-groups>
        </destination>
        <destination from="in3" label="$1545">
          <te-groups>
            <te-group>
              <routes>
                <route to="in0">
                  <actions>
                    <action arg="1546" type="swap"/>
                  </actions>
                </route>
              </routes>
            </te-group>
            <te-group>
              <routes>
                <route to="in4">
                  <actions>
                    <action arg="1546" type="swap"/>
                    <action arg="2812" type="push"/>
                  </actions>
                </route>
              </routes>
            </te-group>
            <te-group>
              <routes>
                <route to="in0">
                  <actions>
                    <action arg="1546" type="swap"/>
                    <action arg="2812" type="push"/>
                    <action arg="2817" type="push"/>
                  </actions>
                </route>
              </routes>
            </te-group>
          </te-groups>
        </destination>
        <destination from="in3" label="$1552">
          <te-groups>
            <te-group>
              <routes>
                <route to="in0">
                  <actions>
                    <action arg="1553" type="swap"/>
                  </actions>
                </route>
              </routes>
            </te-group>
            <te-group>
              <routes>
                <route to="in4">
                  <actions>
                    <action arg="1553" type="swap"/>
                    <action arg="2812" type="push"/>
                  </actions>
                </route>
              </routes>
            </te-group>
            <te-group>
              <routes>
                <route to="in0">
                  <actions>
                    <action arg="1553" type="swap"/>
                    <action arg="2812" type="push"/>
                    <action arg="2817" type="push"/>
                  </actions>
                </route>
              </routes>
            </te-group>
          </te-groups>
        </destination>
        <destination from="in3" label="$1558">
          <te-groups>
            <te-group>
              <routes>
                <route to="in0">
                  <actions>
                    <action arg="1559" type="swap"/>
                  </actions>
                </route>
              </routes>
            </te-group>
            <te-group>
              <routes>
                <route to="in4">
                  <actions>
                    <action arg="1559" type="swap"/>
                    <action arg="2812" type="push"/>
                  </actions>
                </route>
              </routes>
            </te-group>
            <te-group>
              <routes>
                <route to="in0">
                  <actions>
                    <action arg="1559" type="swap"/>
                    <action arg="2812" type="push"/>
                    <action arg="2817" type="push"/>
                  </actions>
                </route>
              </routes>
            </te-group>
          </te-groups>
        </destination>
        <destination from="in3" label="$1564">
          <te-groups>
            <te-group>
              <routes>
                <route to="in0">
                  <actions>
                    <action arg="1565" type="swap"/>
                  </actions>
                </route>
              </routes>
            </te-group>
            <te-group>
              <routes>
                <route to="in4">
                  <actions>
                    <action arg="1565" type="swap"/>
                    <action arg="2812" type="push"/>
                  </actions>
                </route>
              </routes>
            </te-group>
            <te-group>
              <routes>
                <route to="in0">
                  <actions>
                    <action arg="1565" type="swap"/>
                    <action arg="2812" type="push"/>
                    <action arg="2817" type="push"/>
                  </actions>
                </route>
              </routes>
            </te-group>
          </te-groups>
        </destination>
        <destination from="in3" label="$1568">
          <te-groups>
            <te-group>
              <routes>
                <route to="in0">
                  <actions>
                    <action arg="1569" type="swap"/>
                  </actions>
                </route>
              </routes>
            </te-group>
            <te-group>
              <routes>
                <route to="in4">
                  <actions>
                    <action arg="1569" type="swap"/>
                    <action arg="2812" type="push"/>
                  </actions>
                </route>
              </routes>
            </te-group>
            <te-group>
              <routes>
                <route to="in0">
                  <actions>
                    <action arg="1569" type="swap"/>
                    <action arg="2812" type="push"/>
                    <action arg="2817" type="push"/>
                  </actions>
                </route>
              </routes>
            </te-group>
          </te-groups>
        </destination>
        <destination from="in3" label="$1577">
          <te-groups>
            <te-group>
              <routes>
                <route to="in1">
                  <actions>
                    <action arg="1578" type="swap"/>
                  </actions>
                </route>
              </routes>
            </te-group>
          </te-groups>
        </destination>
        <destination from="in3" label="$1595">
          <te-groups>
            <te-group>
              <routes>
                <route to="in5">
                  <actions>
                    <action arg="1596" type="swap"/>
                  </actions>
                </route>
              </routes>
            </te-group>
            <te-group>
              <routes>
                <route to="in4">
                  <actions>
                    <action arg="1596" type="swap"/>
                    <action arg="2823" type="push"/>
                  </actions>
                </route>
              </routes>
            </te-group>
          </te-groups>
        </destination>
        <destination from="in3" label="$1601">
          <te-groups>
            <te-group>
              <routes>
                <route to="in5">
                  <actions>
                    <action arg="1602" type="swap"/>
                  </actions>
                </route>
              </routes>
            </te-group>
            <te-group>
              <routes>
                <route to="in4">
                  <actions>
                    <action arg="1602" type="swap"/>
                    <action arg="2823" type="push"/>
                  </actions>
                </route>
              </routes>
            </te-group>
          </te-groups>
        </destination>
        <destination from="in3" label="$1629">
          <te-groups>
            <te-group>
              <routes>
                <route to="in5">
                  <actions>
                    <action arg="1630" type="swap"/>
                  </actions>
                </route>
              </routes>
            </te-group>
            <te-group>
              <routes>
                <route to="in4">
                  <actions>
                    <action arg="1630" type="swap"/>
                    <action arg="2823" type="push"/>
                  </actions>
                </route>
              </routes>
            </te-group>
          </te-groups>
        </destination>
        <destination from="in3" label="$1634">
          <te-groups>
            <te-group>
              <routes>
                <route to="in5">
                  <actions>
                    <action arg="1635" type="swap"/>
                  </actions>
                </route>
              </routes>
            </te-group>
            <te-group>
              <routes>
                <route to="in4">
                  <actions>
                    <action arg="1635" type="swap"/>
                    <action arg="2823" type="push"/>
                  </actions>
                </route>
              </routes>
            </te-group>
          </te-groups>
        </destination>
        <destination from="in3" label="$1930">
          <te-groups>
            <te-group>
              <routes>
                <route to="in0">
                  <actions>
                    <action arg="1931" type="swap"/>
                  </actions>
                </route>
              </routes>
            </te-group>
            <te-group>
              <routes>
                <route to="in4">
                  <actions>
                    <action arg="1931" type="swap"/>
                    <action arg="2812" type="push"/>
                  </actions>
                </route>
              </routes>
            </te-group>
            <te-group>
              <routes>
                <route to="in0">
                  <actions>
                    <action arg="1931" type="swap"/>
                    <action arg="2812" type="push"/>
                    <action arg="2817" type="push"/>
                  </actions>
                </route>
              </routes>
            </te-group>
          </te-groups>
        </destination>
        <destination from="in3" label="$1942">
          <te-groups>
            <te-group>
              <routes>
                <route to="in1">
                  <actions>
                    <action arg="1943" type="swap"/>
                  </actions>
                </route>
              </routes>
            </te-group>
          </te-groups>
        </destination>
        <destination from="in3" label="$2015">
          <te-groups>
            <te-group>
              <routes>
                <route to="in0">
                  <actions>
                    <action arg="2016" type="swap"/>
                  </actions>
                </route>
              </routes>
            </te-group>
            <te-group>
              <routes>
                <route to="in4">
                  <actions>
                    <action arg="2016" type="swap"/>
                    <action arg="2812" type="push"/>
                  </actions>
                </route>
              </routes>
            </te-group>
            <te-group>
              <routes>
                <route to="in0">
                  <actions>
                    <action arg="2016" type="swap"/>
                    <action arg="2812" type="push"/>
                    <action arg="2817" type="push"/>
                  </actions>
                </route>
              </routes>
            </te-group>
          </te-groups>
        </destination>
        <destination from="in3" label="$2024">
          <te-groups>
            <te-group>
              <routes>
                <route to="in0">
                  <actions>
                    <action arg="2025" type="swap"/>
                  </actions>
                </route>
              </routes>
            </te-group>
            <te-group>
              <routes>
                <route to="in4">
                  <actions>
                    <action arg="2025" type="swap"/>
                    <action arg="2812" type="push"/>
                  </actions>
                </route>
              </routes>
            </te-group>
            <te-group>
              <routes>
                <route to="in0">
                  <actions>
                    <action arg="2025" type="swap"/>
                    <action arg="2812" type="push"/>
                    <action arg="2817" type="push"/>
                  </actions>
                </route>
              </routes>
            </te-group>
          </te-groups>
        </destination>
        <destination from="in3" label="$2032">
          <te-groups>
            <te-group>
              <routes>
                <route to="in0">
                  <actions>
                    <action arg="2033" type="swap"/>
                  </actions>
                </route>
              </routes>
            </te-group>
            <te-group>
              <routes>
                <route to="in4">
                  <actions>
                    <action arg="2033" type="swap"/>
                    <action arg="2812" type="push"/>
                  </actions>
                </route>
              </routes>
            </te-group>
            <te-group>
              <routes>
                <route to="in0">
                  <actions>
                    <action arg="2033" type="swap"/>
                    <action arg="2812" type="push"/>
                    <action arg="2817" type="push"/>
                  </actions>
                </route>
              </routes>
            </te-group>
          </te-groups>
        </destination>
        <destination from="in3" label="$2041">
          <te-groups>
            <te-group>
              <routes>
                <route to="in0">
                  <actions>
                    <action arg="2042" type="swap"/>
                  </actions>
                </route>
              </routes>
            </te-group>
            <te-group>
              <routes>
                <route to="in4">
                  <actions>
                    <action arg="2042" type="swap"/>
                    <action arg="2812" type="push"/>
                  </actions>
                </route>
              </routes>
            </te-group>
            <te-group>
              <routes>
                <route to="in0">
                  <actions>
                    <action arg="2042" type="swap"/>
                    <action arg="2812" type="push"/>
                    <action arg="2817" type="push"/>
                  </actions>
                </route>
              </routes>
            </te-group>
          </te-groups>
        </destination>
        <destination from="in3" label="$2049">
          <te-groups>
            <te-group>
              <routes>
                <route to="in0">
                  <actions>
                    <action arg="2050" type="swap"/>
                  </actions>
                </route>
              </routes>
            </te-group>
            <te-group>
              <routes>
                <route to="in4">
                  <actions>
                    <action arg="2050" type="swap"/>
                    <action arg="2812" type="push"/>
                  </actions>
                </route>
              </routes>
            </te-group>
            <te-group>
              <routes>
                <route to="in0">
                  <actions>
                    <action arg="2050" type="swap"/>
                    <action arg="2812" type="push"/>
                    <action arg="2817" type="push"/>
                  </actions>
                </route>
              </routes>
            </te-group>
          </te-groups>
        </destination>
        <destination from="in3" label="$2057">
          <te-groups>
            <te-group>
              <routes>
                <route to="in0">
                  <actions>
                    <action arg="2058" type="swap"/>
                  </actions>
                </route>
              </routes>
            </te-group>
            <te-group>
              <routes>
                <route to="in4">
                  <actions>
                    <action arg="2058" type="swap"/>
                    <action arg="2812" type="push"/>
                  </actions>
                </route>
              </routes>
            </te-group>
            <te-group>
              <routes>
                <route to="in0">
                  <actions>
                    <action arg="2058" type="swap"/>
                    <action arg="2812" type="push"/>
                    <action arg="2817" type="push"/>
                  </actions>
                </route>
              </routes>
            </te-group>
          </te-groups>
        </destination>
        <destination from="in3" label="$2063">
          <te-groups>
            <te-group>
              <routes>
                <route to="in0">
                  <actions>
                    <action arg="2064" type="swap"/>
                  </actions>
                </route>
              </routes>
            </te-group>
            <te-group>
              <routes>
                <route to="in4">
                  <actions>
                    <action arg="2064" type="swap"/>
                    <action arg="2812" type="push"/>
                  </actions>
                </route>
              </routes>
            </te-group>
            <te-group>
              <routes>
                <route to="in0">
                  <actions>
                    <action arg="2064" type="swap"/>
                    <action arg="2812" type="push"/>
                    <action arg="2817" type="push"/>
                  </actions>
                </route>
              </routes>
            </te-group>
          </te-groups>
        </destination>
        <destination from="in3" label="$2074">
          <te-groups>
            <te-group>
              <routes>
                <route to="in1">
                  <actions>
                    <action arg="2075" type="swap"/>
                  </actions>
                </route>
              </routes>
            </te-group>
          </te-groups>
        </destination>
        <destination from="in3" label="$2107">
          <te-groups>
            <te-group>
              <routes>
                <route to="in5">
                  <actions>
                    <action arg="2108" type="swap"/>
                  </actions>
                </route>
              </routes>
            </te-group>
            <te-group>
              <routes>
                <route to="in4">
                  <actions>
                    <action arg="2108" type="swap"/>
                    <action arg="2823" type="push"/>
                  </actions>
                </route>
              </routes>
            </te-group>
          </te-groups>
        </destination>
        <destination from="in3" label="$2115">
          <te-groups>
            <te-group>
              <routes>
                <route to="in5">
                  <actions>
                    <action arg="2116" type="swap"/>
                  </actions>
                </route>
              </routes>
            </te-group>
            <te-group>
              <routes>
                <route to="in4">
                  <actions>
                    <action arg="2116" type="swap"/>
                    <action arg="2823" type="push"/>
                  </actions>
                </route>
              </routes>
            </te-group>
          </te-groups>
        </destination>
        <destination from="in3" label="$2142">
          <te-groups>
            <te-group>
              <routes>
                <route to="in5">
                  <actions>
                    <action arg="2143" type="swap"/>
                  </actions>
                </route>
              </routes>
            </te-group>
            <te-group>
              <routes>
                <route to="in4">
                  <actions>
                    <action arg="2143" type="swap"/>
                    <action arg="2823" type="push"/>
                  </actions>
                </route>
              </routes>
            </te-group>
          </te-groups>
        </destination>
        <destination from="in3" label="$2149">
          <te-groups>
            <te-group>
              <routes>
                <route to="in5">
                  <actions>
                    <action arg="2150" type="swap"/>
                  </actions>
                </route>
              </routes>
            </te-group>
            <te-group>
              <routes>
                <route to="in4">
                  <actions>
                    <action arg="2150" type="swap"/>
                    <action arg="2823" type="push"/>
                  </actions>
                </route>
              </routes>
            </te-group>
          </te-groups>
        </destination>
        <destination from="in4" label="76">
          <te-groups>
            <te-group>
              <routes>
                <route to="eg0">
                  <actions>
                    <action type="pop"/>
                  </actions>
                </route>
              </routes>
            </te-group>
          </te-groups>
        </destination>
        <destination from="in4" label="199">
          <te-groups>
            <te-group>
              <routes>
                <route to="eg0">
                  <actions>
                    <action type="pop"/>
                  </actions>
                </route>
              </routes>
            </te-group>
          </te-groups>
        </destination>
        <destination from="in4" label="321">
          <te-groups>
            <te-group>
              <routes>
                <route to="eg0">
                  <actions>
                    <action type="pop"/>
                  </actions>
                </route>
              </routes>
            </te-group>
          </te-groups>
        </destination>
        <destination from="in4" label="430">
          <te-groups>
            <te-group>
              <routes>
                <route to="eg0">
                  <actions>
                    <action type="pop"/>
                  </actions>
                </route>
              </routes>
            </te-group>
          </te-groups>
        </destination>
        <destination from="in4" label="534">
          <te-groups>
            <te-group>
              <routes>
                <route to="eg0">
                  <actions>
                    <action type="pop"/>
                  </actions>
                </route>
              </routes>
            </te-group>
          </te-groups>
        </destination>
        <destination from="in4" label="648">
          <te-groups>
            <te-group>
              <routes>
                <route to="eg0">
                  <actions>
                    <action type="pop"/>
                  </actions>
                </route>
              </routes>
            </te-group>
          </te-groups>
        </destination>
        <destination from="in4" label="744">
          <te-groups>
            <te-group>
              <routes>
                <route to="eg0">
                  <actions>
                    <action type="pop"/>
                  </actions>
                </route>
              </routes>
            </te-group>
          </te-groups>
        </destination>
        <destination from="in4" label="847">
          <te-groups>
            <te-group>
              <routes>
                <route to="eg0">
                  <actions>
                    <action type="pop"/>
                  </actions>
                </route>
              </routes>
            </te-group>
          </te-groups>
        </destination>
        <destination from="in4" label="1673">
          <te-groups>
            <te-group>
              <routes>
                <route to="eg0">
                  <actions>
                    <action type="pop"/>
                  </actions>
                </route>
              </routes>
            </te-group>
          </te-groups>
        </destination>
        <destination from="in4" label="2185">
          <te-groups>
            <te-group>
              <routes>
                <route to="eg0">
                  <actions>
                    <action type="pop"/>
                  </actions>
                </route>
              </routes>
            </te-group>
          </te-groups>
        </destination>
        <destination from="in4" label="2289">
          <te-groups>
            <te-group>
              <routes>
                <route to="eg0">
                  <actions>
                    <action type="pop"/>
                  </actions>
                </route>
              </routes>
            </te-group>
          </te-groups>
        </destination>
        <destination from="in4" label="2406">
          <te-groups>
            <te-group>
              <routes>
                <route to="eg0">
                  <actions>
                    <action type="pop"/>
                  </actions>
                </route>
              </routes>
            </te-group>
          </te-groups>
        </destination>
        <destination from="in4" label="2523">
          <te-groups>
            <te-group>
              <routes>
                <route to="eg0">
                  <actions>
                    <action type="pop"/>
                  </actions>
                </route>
              </routes>
            </te-group>
          </te-groups>
        </destination>
        <destination from="in4" label="2798">
          <te-groups>
            <te-group>
              <routes>
                <route to="in0">
                  <actions>
                    <action type="pop"/>
                  </actions>
                </route>
              </routes>
            </te-group>
            <te-group>
              <routes>
                <route to="in4">
                  <actions>
                    <action arg="2812" type="swap"/>
                  </actions>
                </route>
              </routes>
            </te-group>
          </te-groups>
        </destination>
        <destination from="in4" label="2805">
          <te-groups>
            <te-group>
              <routes>
                <route to="in0">
                  <actions>
                    <action arg="2804" type="swap"/>
                  </actions>
                </route>
              </routes>
            </te-group>
            <te-group>
              <routes>
                <route to="in4">
                  <actions>
                    <action arg="2804" type="swap"/>
                    <action arg="2812" type="push"/>
                  </actions>
                </route>
              </routes>
            </te-group>
          </te-groups>
        </destination>
        <destination from="in4" label="2831">
          <te-groups>
            <te-group>
              <routes>
                <route to="in2">
                  <actions>
                    <action type="pop"/>
                  </actions>
                </route>
              </routes>
            </te-group>
          </te-groups>
        </destination>
        <destination from="in4" label="2842">
          <te-groups>
            <te-group>
              <routes>
                <route to="in2">
                  <actions>
                    <action arg="2841" type="swap"/>
                  </actions>
                </route>
              </routes>
            </te-group>
          </te-groups>
        </destination>
        <destination from="in4" label="2849">
          <te-groups>
            <te-group>
              <routes>
                <route to="in0">
                  <actions>
                    <action arg="2848" type="swap"/>
                  </actions>
                </route>
              </routes>
            </te-group>
          </te-groups>
        </destination>
        <destination from="in4" label="2855">
          <te-groups>
            <te-group>
              <routes>
                <route to="in2">
                  <actions>
                    <action arg="2854" type="swap"/>
                  </actions>
                </route>
              </routes>
            </te-group>
          </te-groups>
        </destination>
        <destination from="in4" label="$70">
          <te-groups>
            <te-group>
              <routes>
                <route to="in1">
                  <actions>
                    <action arg="71" type="swap"/>
                  </actions>
                </route>
              </routes>
            </te-group>
          </te-groups>
        </destination>
        <destination from="in4" label="$81">
          <te-groups>
            <te-group>
              <routes>
                <route to="in2">
                  <actions>
                    <action arg="82" type="swap"/>
                  </actions>
                </route>
              </routes>
            </te-group>
            <te-group>
              <routes>
                <route to="in3">
                  <actions>
                    <action arg="82" type="swap"/>
                    <action arg="2813" type="push"/>
                  </actions>
                </route>
              </routes>
            </te-group>
            <te-group>
              <routes>
                <route to="in2">
                  <actions>
                    <action arg="82" type="swap"/>
                    <action arg="2813" type="push"/>
                    <action arg="2814" type="push"/>
                  </actions>
                </route>
              </routes>
            </te-group>
          </te-groups>
        </destination>
        <destination from="in4" label="$87">
          <te-groups>
            <te-group>
              <routes>
                <route to="in2">
                  <actions>
                    <action arg="88" type="swap"/>
                  </actions>
                </route>
              </routes>
            </te-group>
            <te-group>
              <routes>
                <route to="in3">
                  <actions>
                    <action arg="88" type="swap"/>
                    <action arg="2813" type="push"/>
                  </actions>
                </route>
              </routes>
            </te-group>
            <te-group>
              <routes>
                <route to="in2">
                  <actions>
                    <action arg="88" type="swap"/>
                    <action arg="2813" type="push"/>
                    <action arg="2814" type="push"/>
                  </actions>
                </route>
              </routes>
            </te-group>
          </te-groups>
        </destination>
        <destination from="in4" label="$94">
          <te-groups>
            <te-group>
              <routes>
                <route to="in3">
                  <actions>
                    <action arg="95" type="swap"/>
                  </actions>
                </route>
              </routes>
            </te-group>
            <te-group>
              <routes>
                <route to="in2">
                  <actions>
                    <action arg="95" type="swap"/>
                    <action arg="2814" type="push"/>
                  </actions>
                </route>
              </routes>
            </te-group>
          </te-groups>
        </destination>
        <destination from="in4" label="$100">
          <te-groups>
            <te-group>
              <routes>
                <route to="in2">
                  <actions>
                    <action arg="101" type="swap"/>
                  </actions>
                </route>
              </routes>
            </te-group>
            <te-group>
              <routes>
                <route to="in3">
                  <actions>
                    <action arg="101" type="swap"/>
                    <action arg="2813" type="push"/>
                  </actions>
                </route>
              </routes>
            </te-group>
            <te-group>
              <routes>
                <route to="in2">
                  <actions>
                    <action arg="101" type="swap"/>
                    <action arg="2813" type="push"/>
                    <action arg="2814" type="push"/>
                  </actions>
                </route>
              </routes>
            </te-group>
          </te-groups>
        </destination>
        <destination from="in4" label="$107">
          <te-groups>
            <te-group>
              <routes>
                <route to="in2">
                  <actions>
                    <action arg="108" type="swap"/>
                  </actions>
                </route>
              </routes>
            </te-group>
            <te-group>
              <routes>
                <route to="in3">
                  <actions>
                    <action arg="108" type="swap"/>
                    <action arg="2813" type="push"/>
                  </actions>
                </route>
              </routes>
            </te-group>
            <te-group>
              <routes>
                <route to="in2">
                  <actions>
                    <action arg="108" type="swap"/>
                    <action arg="2813" type="push"/>
                    <action arg="2814" type="push"/>
                  </actions>
                </route>
              </routes>
            </te-group>
          </te-groups>
        </destination>
        <destination from="in4" label="$125">
          <te-groups>
            <te-group>
              <routes>
                <route to="in2">
                  <actions>
                    <action arg="126" type="swap"/>
                  </actions>
                </route>
              </routes>
            </te-group>
            <te-group>
              <routes>
                <route to="in3">
                  <actions>
                    <action arg="126" type="swap"/>
                    <action arg="2813" type="push"/>
                  </actions>
                </route>
              </routes>
            </te-group>
            <te-group>
              <routes>
                <route to="in2">
                  <actions>
                    <action arg="126" type="swap"/>
                    <action arg="2813" type="push"/>
                    <action arg="2814" type="push"/>
                  </actions>
                </route>
              </routes>
            </te-group>
          </te-groups>
        </destination>
        <destination from="in4" label="$133">
          <te-groups>
            <te-group>
              <routes>
                <route to="in2">
                  <actions>
                    <action arg="134" type="swap"/>
                  </actions>
                </route>
              </routes>
            </te-group>
            <te-group>
              <routes>
                <route to="in3">
                  <actions>
                    <action arg="134" type="swap"/>
                    <action arg="2813" type="push"/>
                  </actions>
                </route>
              </routes>
            </te-group>
            <te-group>
              <routes>
                <route to="in2">
                  <actions>
                    <action arg="134" type="swap"/>
                    <action arg="2813" type="push"/>
                    <action arg="2814" type="push"/>
                  </actions>
                </route>
              </routes>
            </te-group>
          </te-groups>
        </destination>
        <destination from="in4" label="$194">
          <te-groups>
            <te-group>
              <routes>
                <route to="in1">
                  <actions>
                    <action arg="195" type="swap"/>
                  </actions>
                </route>
              </routes>
            </te-group>
          </te-groups>
        </destination>
        <destination from="in4" label="$203">
          <te-groups>
            <te-group>
              <routes>
                <route to="in2">
                  <actions>
                    <action arg="204" type="swap"/>
                  </actions>
                </route>
              </routes>
            </te-group>
            <te-group>
              <routes>
                <route to="in3">
                  <actions>
                    <action arg="204" type="swap"/>
                    <action arg="2813" type="push"/>
                  </actions>
                </route>
              </routes>
            </te-group>
            <te-group>
              <routes>
                <route to="in2">
                  <actions>
                    <action arg="204" type="swap"/>
                    <action arg="2813" type="push"/>
                    <action arg="2814" type="push"/>
                  </actions>
                </route>
              </routes>
            </te-group>
          </te-groups>
        </destination>
        <destination from="in4" label="$208">
          <te-groups>
            <te-group>
              <routes>
                <route to="in2">
                  <actions>
                    <action arg="209" type="swap"/>
                  </actions>
                </route>
              </routes>
            </te-group>
            <te-group>
              <routes>
                <route to="in3">
                  <actions>
                    <action arg="209" type="swap"/>
                    <action arg="2813" type="push"/>
                  </actions>
                </route>
              </routes>
            </te-group>
            <te-group>
              <routes>
                <route to="in2">
                  <actions>
                    <action arg="209" type="swap"/>
                    <action arg="2813" type="push"/>
                    <action arg="2814" type="push"/>
                  </actions>
                </route>
              </routes>
            </te-group>
          </te-groups>
        </destination>
        <destination from="in4" label="$214">
          <te-groups>
            <te-group>
              <routes>
                <route to="in3">
                  <actions>
                    <action arg="215" type="swap"/>
                  </actions>
                </route>
              </routes>
            </te-group>
            <te-group>
              <routes>
                <route to="in2">
                  <actions>
                    <action arg="215" type="swap"/>
                    <action arg="2814" type="push"/>
                  </actions>
                </route>
              </routes>
            </te-group>
          </te-groups>
        </destination>
        <destination from="in4" label="$219">
          <te-groups>
            <te-group>
              <routes>
                <route to="in2">
                  <actions>
                    <action arg="220" type="swap"/>
                  </actions>
                </route>
              </routes>
            </te-group>
            <te-group>
              <routes>
                <route to="in3">
                  <actions>
                    <action arg="220" type="swap"/>
                    <action arg="2813" type="push"/>
                  </actions>
                </route>
              </routes>
            </te-group>
            <te-group>
              <routes>
                <route to="in2">
                  <actions>
                    <action arg="220" type="swap"/>
                    <action arg="2813" type="push"/>
                    <action arg="2814" type="push"/>
                  </actions>
                </route>
              </routes>
            </te-group>
          </te-groups>
        </destination>
        <destination from="in4" label="$225">
          <te-groups>
            <te-group>
              <routes>
                <route to="in2">
                  <actions>
                    <action arg="226" type="swap"/>
                  </actions>
                </route>
              </routes>
            </te-group>
            <te-group>
              <routes>
                <route to="in3">
                  <actions>
                    <action arg="226" type="swap"/>
                    <action arg="2813" type="push"/>
                  </actions>
                </route>
              </routes>
            </te-group>
            <te-group>
              <routes>
                <route to="in2">
                  <actions>
                    <action arg="226" type="swap"/>
                    <action arg="2813" type="push"/>
                    <action arg="2814" type="push"/>
                  </actions>
                </route>
              </routes>
            </te-group>
          </te-groups>
        </destination>
        <destination from="in4" label="$244">
          <te-groups>
            <te-group>
              <routes>
                <route to="in2">
                  <actions>
                    <action arg="245" type="swap"/>
                  </actions>
                </route>
              </routes>
            </te-group>
            <te-group>
              <routes>
                <route to="in3">
                  <actions>
                    <action arg="245" type="swap"/>
                    <action arg="2813" type="push"/>
                  </actions>
                </route>
              </routes>
            </te-group>
            <te-group>
              <routes>
                <route to="in2">
                  <actions>
                    <action arg="245" type="swap"/>
                    <action arg="2813" type="push"/>
                    <action arg="2814" type="push"/>
                  </actions>
                </route>
              </routes>
            </te-group>
          </te-groups>
        </destination>
        <destination from="in4" label="$251">
          <te-groups>
            <te-group>
              <routes>
                <route to="in2">
                  <actions>
                    <action arg="252" type="swap"/>
                  </actions>
                </route>
              </routes>
            </te-group>
            <te-group>
              <routes>
                <route to="in3">
                  <actions>
                    <action arg="252" type="swap"/>
                    <action arg="2813" type="push"/>
                  </actions>
                </route>
              </routes>
            </te-group>
            <te-group>
              <routes>
                <route to="in2">
                  <actions>
                    <action arg="252" type="swap"/>
                    <action arg="2813" type="push"/>
                    <action arg="2814" type="push"/>
                  </actions>
                </route>
              </routes>
            </te-group>
          </te-groups>
        </destination>
        <destination from="in4" label="$315">
          <te-groups>
            <te-group>
              <routes>
                <route to="in1">
                  <actions>
                    <action arg="316" type="swap"/>
                  </actions>
                </route>
              </routes>
            </te-group>
          </te-groups>
        </destination>
        <destination from="in4" label="$326">
          <te-groups>
            <te-group>
              <routes>
                <route to="in2">
                  <actions>
                    <action arg="327" type="swap"/>
                  </actions>
                </route>
              </routes>
            </te-group>
            <te-group>
              <routes>
                <route to="in3">
                  <actions>
                    <action arg="327" type="swap"/>
                    <action arg="2813" type="push"/>
                  </actions>
                </route>
              </routes>
            </te-group>
            <te-group>
              <routes>
                <route to="in2">
                  <actions>
                    <action arg="327" type="swap"/>
                    <action arg="2813" type="push"/>
                    <action arg="2814" type="push"/>
                  </actions>
                </route>
              </routes>
            </te-group>
          </te-groups>
        </destination>
        <destination from="in4" label="$332">
          <te-groups>
            <te-group>
              <routes>
                <route to="in2">
                  <actions>
                    <action arg="333" type="swap"/>
                  </actions>
                </route>
              </routes>
            </te-group>
            <te-group>
              <routes>
                <route to="in3">
                  <actions>
                    <action arg="333" type="swap"/>
                    <action arg="2813" type="push"/>
                  </actions>
                </route>
              </routes>
            </te-group>
            <te-group>
              <routes>
                <route to="in2">
                  <actions>
                    <action arg="333" type="swap"/>
                    <action arg="2813" type="push"/>
                    <action arg="2814" type="push"/>
                  </actions>
                </route>
              </routes>
            </te-group>
          </te-groups>
        </destination>
        <destination from="in4" label="$339">
          <te-groups>
            <te-group>
              <routes>
                <route to="in3">
                  <actions>
                    <action arg="340" type="swap"/>
                  </actions>
                </route>
              </routes>
            </te-group>
            <te-group>
              <routes>
                <route to="in2">
                  <actions>
                    <action arg="340" type="swap"/>
                    <action arg="2814" type="push"/>
                  </actions>
                </route>
              </routes>
            </te-group>
          </te-groups>
        </destination>
        <destination from="in4" label="$345">
          <te-groups>
            <te-group>
              <routes>
                <route to="in2">
                  <actions>
                    <action arg="346" type="swap"/>
                  </actions>
                </route>
              </routes>
            </te-group>
            <te-group>
              <routes>
                <route to="in3">
                  <actions>
                    <action arg="346" type="swap"/>
                    <action arg="2813" type="push"/>
                  </actions>
                </route>
              </routes>
            </te-group>
            <te-group>
              <routes>
                <route to="in2">
                  <actions>
                    <action arg="346" type="swap"/>
                    <action arg="2813" type="push"/>
                    <action arg="2814" type="push"/>
                  </actions>
                </route>
              </routes>
            </te-group>
          </te-groups>
        </destination>
        <destination from="in4" label="$352">
          <te-groups>
            <te-group>
              <routes>
                <route to="in2">
                  <actions>
                    <action arg="353" type="swap"/>
                  </actions>
                </route>
              </routes>
            </te-group>
            <te-group>
              <routes>
                <route to="in3">
                  <actions>
                    <action arg="353" type="swap"/>
                    <action arg="2813" type="push"/>
                  </actions>
                </route>
              </routes>
            </te-group>
            <te-group>
              <routes>
                <route to="in2">
                  <actions>
                    <action arg="353" type="swap"/>
                    <action arg="2813" type="push"/>
                    <action arg="2814" type="push"/>
                  </actions>
                </route>
              </routes>
            </te-group>
          </te-groups>
        </destination>
        <destination from="in4" label="$366">
          <te-groups>
            <te-group>
              <routes>
                <route to="in2">
                  <actions>
                    <action arg="367" type="swap"/>
                  </actions>
                </route>
              </routes>
            </te-group>
            <te-group>
              <routes>
                <route to="in3">
                  <actions>
                    <action arg="367" type="swap"/>
                    <action arg="2813" type="push"/>
                  </actions>
                </route>
              </routes>
            </te-group>
            <te-group>
              <routes>
                <route to="in2">
                  <actions>
                    <action arg="367" type="swap"/>
                    <action arg="2813" type="push"/>
                    <action arg="2814" type="push"/>
                  </actions>
                </route>
              </routes>
            </te-group>
          </te-groups>
        </destination>
        <destination from="in4" label="$374">
          <te-groups>
            <te-group>
              <routes>
                <route to="in2">
                  <actions>
                    <action arg="375" type="swap"/>
                  </actions>
                </route>
              </routes>
            </te-group>
            <te-group>
              <routes>
                <route to="in3">
                  <actions>
                    <action arg="375" type="swap"/>
                    <action arg="2813" type="push"/>
                  </actions>
                </route>
              </routes>
            </te-group>
            <te-group>
              <routes>
                <route to="in2">
                  <actions>
                    <action arg="375" type="swap"/>
                    <action arg="2813" type="push"/>
                    <action arg="2814" type="push"/>
                  </actions>
                </route>
              </routes>
            </te-group>
          </te-groups>
        </destination>
        <destination from="in4" label="$425">
          <te-groups>
            <te-group>
              <routes>
                <route to="in1">
                  <actions>
                    <action arg="426" type="swap"/>
                  </actions>
                </route>
              </routes>
            </te-group>
          </te-groups>
        </destination>
        <destination from="in4" label="$434">
          <te-groups>
            <te-group>
              <routes>
                <route to="in2">
                  <actions>
                    <action arg="435" type="swap"/>
                  </actions>
                </route>
              </routes>
            </te-group>
            <te-group>
              <routes>
                <route to="in3">
                  <actions>
                    <action arg="435" type="swap"/>
                    <action arg="2813" type="push"/>
                  </actions>
                </route>
              </routes>
            </te-group>
            <te-group>
              <routes>
                <route to="in2">
                  <actions>
                    <action arg="435" type="swap"/>
                    <action arg="2813" type="push"/>
                    <action arg="2814" type="push"/>
                  </actions>
                </route>
              </routes>
            </te-group>
          </te-groups>
        </destination>
        <destination from="in4" label="$439">
          <te-groups>
            <te-group>
              <routes>
                <route to="in2">
                  <actions>
                    <action arg="440" type="swap"/>
                  </actions>
                </route>
              </routes>
            </te-group>
            <te-group>
              <routes>
                <route to="in3">
                  <actions>
                    <action arg="440" type="swap"/>
                    <action arg="2813" type="push"/>
                  </actions>
                </route>
              </routes>
            </te-group>
            <te-group>
              <routes>
                <route to="in2">
                  <actions>
                    <action arg="440" type="swap"/>
                    <action arg="2813" type="push"/>
                    <action arg="2814" type="push"/>
                  </actions>
                </route>
              </routes>
            </te-group>
          </te-groups>
        </destination>
        <destination from="in4" label="$445">
          <te-groups>
            <te-group>
              <routes>
                <route to="in3">
                  <actions>
                    <action arg="446" type="swap"/>
                  </actions>
                </route>
              </routes>
            </te-group>
            <te-group>
              <routes>
                <route to="in2">
                  <actions>
                    <action arg="446" type="swap"/>
                    <action arg="2814" type="push"/>
                  </actions>
                </route>
              </routes>
            </te-group>
          </te-groups>
        </destination>
        <destination from="in4" label="$450">
          <te-groups>
            <te-group>
              <routes>
                <route to="in2">
                  <actions>
                    <action arg="451" type="swap"/>
                  </actions>
                </route>
              </routes>
            </te-group>
            <te-group>
              <routes>
                <route to="in3">
                  <actions>
                    <action arg="451" type="swap"/>
                    <action arg="2813" type="push"/>
                  </actions>
                </route>
              </routes>
            </te-group>
            <te-group>
              <routes>
                <route to="in2">
                  <actions>
                    <action arg="451" type="swap"/>
                    <action arg="2813" type="push"/>
                    <action arg="2814" type="push"/>
                  </actions>
                </route>
              </routes>
            </te-group>
          </te-groups>
        </destination>
        <destination from="in4" label="$456">
          <te-groups>
            <te-group>
              <routes>
                <route to="in2">
                  <actions>
                    <action arg="457" type="swap"/>
                  </actions>
                </route>
              </routes>
            </te-group>
            <te-group>
              <routes>
                <route to="in3">
                  <actions>
                    <action arg="457" type="swap"/>
                    <action arg="2813" type="push"/>
                  </actions>
                </route>
              </routes>
            </te-group>
            <te-group>
              <routes>
                <route to="in2">
                  <actions>
                    <action arg="457" type="swap"/>
                    <action arg="2813" type="push"/>
                    <action arg="2814" type="push"/>
                  </actions>
                </route>
              </routes>
            </te-group>
          </te-groups>
        </destination>
        <destination from="in4" label="$467">
          <te-groups>
            <te-group>
              <routes>
                <route to="in2">
                  <actions>
                    <action arg="468" type="swap"/>
                  </actions>
                </route>
              </routes>
            </te-group>
            <te-group>
              <routes>
                <route to="in3">
                  <actions>
                    <action arg="468" type="swap"/>
                    <action arg="2813" type="push"/>
                  </actions>
                </route>
              </routes>
            </te-group>
            <te-group>
              <routes>
                <route to="in2">
                  <actions>
                    <action arg="468" type="swap"/>
                    <action arg="2813" type="push"/>
                    <action arg="2814" type="push"/>
                  </actions>
                </route>
              </routes>
            </te-group>
          </te-groups>
        </destination>
        <destination from="in4" label="$474">
          <te-groups>
            <te-group>
              <routes>
                <route to="in2">
                  <actions>
                    <action arg="475" type="swap"/>
                  </actions>
                </route>
              </routes>
            </te-group>
            <te-group>
              <routes>
                <route to="in3">
                  <actions>
                    <action arg="475" type="swap"/>
                    <action arg="2813" type="push"/>
                  </actions>
                </route>
              </routes>
            </te-group>
            <te-group>
              <routes>
                <route to="in2">
                  <actions>
                    <action arg="475" type="swap"/>
                    <action arg="2813" type="push"/>
                    <action arg="2814" type="push"/>
                  </actions>
                </route>
              </routes>
            </te-group>
          </te-groups>
        </destination>
        <destination from="in4" label="$529">
          <te-groups>
            <te-group>
              <routes>
                <route to="in1">
                  <actions>
                    <action arg="530" type="swap"/>
                  </actions>
                </route>
              </routes>
            </te-group>
          </te-groups>
        </destination>
        <destination from="in4" label="$538">
          <te-groups>
            <te-group>
              <routes>
                <route to="in2">
                  <actions>
                    <action arg="539" type="swap"/>
                  </actions>
                </route>
              </routes>
            </te-group>
            <te-group>
              <routes>
                <route to="in3">
                  <actions>
                    <action arg="539" type="swap"/>
                    <action arg="2813" type="push"/>
                  </actions>
                </route>
              </routes>
            </te-group>
            <te-group>
              <routes>
                <route to="in2">
                  <actions>
                    <action arg="539" type="swap"/>
                    <action arg="2813" type="push"/>
                    <action arg="2814" type="push"/>
                  </actions>
                </route>
              </routes>
            </te-group>
          </te-groups>
        </destination>
        <destination from="in4" label="$543">
          <te-groups>
            <te-group>
              <routes>
                <route to="in2">
                  <actions>
                    <action arg="544" type="swap"/>
                  </actions>
                </route>
              </routes>
            </te-group>
            <te-group>
              <routes>
                <route to="in3">
                  <actions>
                    <action arg="544" type="swap"/>
                    <action arg="2813" type="push"/>
                  </actions>
                </route>
              </routes>
            </te-group>
            <te-group>
              <routes>
                <route to="in2">
                  <actions>
                    <action arg="544" type="swap"/>
                    <action arg="2813" type="push"/>
                    <action arg="2814" type="push"/>
                  </actions>
                </route>
              </routes>
            </te-group>
          </te-groups>
        </destination>
        <destination from="in4" label="$549">
          <te-groups>
            <te-group>
              <routes>
                <route to="in3">
                  <actions>
                    <action arg="550" type="swap"/>
                  </actions>
                </route>
              </routes>
            </te-group>
            <te-group>
              <routes>
                <route to="in2">
                  <actions>
                    <action arg="550" type="swap"/>
                    <action arg="2814" type="push"/>
                  </actions>
                </route>
              </routes>
            </te-group>
          </te-groups>
        </destination>
        <destination from="in4" label="$554">
          <te-groups>
            <te-group>
              <routes>
                <route to="in2">
                  <actions>
                    <action arg="555" type="swap"/>
                  </actions>
                </route>
              </routes>
            </te-group>
            <te-group>
              <routes>
                <route to="in3">
                  <actions>
                    <action arg="555" type="swap"/>
                    <action arg="2813" type="push"/>
                  </actions>
                </route>
              </routes>
            </te-group>
            <te-group>
              <routes>
                <route to="in2">
                  <actions>
                    <action arg="555" type="swap"/>
                    <action arg="2813" type="push"/>
                    <action arg="2814" type="push"/>
                  </actions>
                </route>
              </routes>
            </te-group>
          </te-groups>
        </destination>
        <destination from="in4" label="$560">
          <te-groups>
            <te-group>
              <routes>
                <route to="in2">
                  <actions>
                    <action arg="561" type="swap"/>
                  </actions>
                </route>
              </routes>
            </te-group>
            <te-group>
              <routes>
                <route to="in3">
                  <actions>
                    <action arg="561" type="swap"/>
                    <action arg="2813" type="push"/>
                  </actions>
                </route>
              </routes>
            </te-group>
            <te-group>
              <routes>
                <route to="in2">
                  <actions>
                    <action arg="561" type="swap"/>
                    <action arg="2813" type="push"/>
                    <action arg="2814" type="push"/>
                  </actions>
                </route>
              </routes>
            </te-group>
          </te-groups>
        </destination>
        <destination from="in4" label="$579">
          <te-groups>
            <te-group>
              <routes>
                <route to="in2">
                  <actions>
                    <action arg="580" type="swap"/>
                  </actions>
                </route>
              </routes>
            </te-group>
            <te-group>
              <routes>
                <route to="in3">
                  <actions>
                    <action arg="580" type="swap"/>
                    <action arg="2813" type="push"/>
                  </actions>
                </route>
              </routes>
            </te-group>
            <te-group>
              <routes>
                <route to="in2">
                  <actions>
                    <action arg="580" type="swap"/>
                    <action arg="2813" type="push"/>
                    <action arg="2814" type="push"/>
                  </actions>
                </route>
              </routes>
            </te-group>
          </te-groups>
        </destination>
        <destination from="in4" label="$586">
          <te-groups>
            <te-group>
              <routes>
                <route to="in2">
                  <actions>
                    <action arg="587" type="swap"/>
                  </actions>
                </route>
              </routes>
            </te-group>
            <te-group>
              <routes>
                <route to="in3">
                  <actions>
                    <action arg="587" type="swap"/>
                    <action arg="2813" type="push"/>
                  </actions>
                </route>
              </routes>
            </te-group>
            <te-group>
              <routes>
                <route to="in2">
                  <actions>
                    <action arg="587" type="swap"/>
                    <action arg="2813" type="push"/>
                    <action arg="2814" type="push"/>
                  </actions>
                </route>
              </routes>
            </te-group>
          </te-groups>
        </destination>
        <destination from="in4" label="$645">
          <te-groups>
            <te-group>
              <routes>
                <route to="in1">
                  <actions>
                    <action arg="646" type="swap"/>
                  </actions>
                </route>
              </routes>
            </te-group>
          </te-groups>
        </destination>
        <destination from="in4" label="$650">
          <te-groups>
            <te-group>
              <routes>
                <route to="in2">
                  <actions>
                    <action arg="651" type="swap"/>
                  </actions>
                </route>
              </routes>
            </te-group>
            <te-group>
              <routes>
                <route to="in3">
                  <actions>
                    <action arg="651" type="swap"/>
                    <action arg="2813" type="push"/>
                  </actions>
                </route>
              </routes>
            </te-group>
            <te-group>
              <routes>
                <route to="in2">
                  <actions>
                    <action arg="651" type="swap"/>
                    <action arg="2813" type="push"/>
                    <action arg="2814" type="push"/>
                  </actions>
                </route>
              </routes>
            </te-group>
          </te-groups>
        </destination>
        <destination from="in4" label="$653">
          <te-groups>
            <te-group>
              <routes>
                <route to="in2">
                  <actions>
                    <action arg="654" type="swap"/>
                  </actions>
                </route>
              </routes>
            </te-group>
            <te-group>
              <routes>
                <route to="in3">
                  <actions>
                    <action arg="654" type="swap"/>
                    <action arg="2813" type="push"/>
                  </actions>
                </route>
              </routes>
            </te-group>
            <te-group>
              <routes>
                <route to="in2">
                  <actions>
                    <action arg="654" type="swap"/>
                    <action arg="2813" type="push"/>
                    <action arg="2814" type="push"/>
                  </actions>
                </route>
              </routes>
            </te-group>
          </te-groups>
        </destination>
        <destination from="in4" label="$657">
          <te-groups>
            <te-group>
              <routes>
                <route to="in3">
                  <actions>
                    <action arg="658" type="swap"/>
                  </actions>
                </route>
              </routes>
            </te-group>
            <te-group>
              <routes>
                <route to="in2">
                  <actions>
                    <action arg="658" type="swap"/>
                    <action arg="2814" type="push"/>
                  </actions>
                </route>
              </routes>
            </te-group>
          </te-groups>
        </destination>
        <destination from="in4" label="$660">
          <te-groups>
            <te-group>
              <routes>
                <route to="in2">
                  <actions>
                    <action arg="661" type="swap"/>
                  </actions>
                </route>
              </routes>
            </te-group>
            <te-group>
              <routes>
                <route to="in3">
                  <actions>
                    <action arg="661" type="swap"/>
                    <action arg="2813" type="push"/>
                  </actions>
                </route>
              </routes>
            </te-group>
            <te-group>
              <routes>
                <route to="in2">
                  <actions>
                    <action arg="661" type="swap"/>
                    <action arg="2813" type="push"/>
                    <action arg="2814" type="push"/>
                  </actions>
                </route>
              </routes>
            </te-group>
          </te-groups>
        </destination>
        <destination from="in4" label="$664">
          <te-groups>
            <te-group>
              <routes>
                <route to="in2">
                  <actions>
                    <action arg="665" type="swap"/>
                  </actions>
                </route>
              </routes>
            </te-group>
            <te-group>
              <routes>
                <route to="in3">
                  <actions>
                    <action arg="665" type="swap"/>
                    <action arg="2813" type="push"/>
                  </actions>
                </route>
              </routes>
            </te-group>
            <te-group>
              <routes>
                <route to="in2">
                  <actions>
                    <action arg="665" type="swap"/>
                    <action arg="2813" type="push"/>
                    <action arg="2814" type="push"/>
                  </actions>
                </route>
              </routes>
            </te-group>
          </te-groups>
        </destination>
        <destination from="in4" label="$681">
          <te-groups>
            <te-group>
              <routes>
                <route to="in2">
                  <actions>
                    <action arg="682" type="swap"/>
                  </actions>
                </route>
              </routes>
            </te-group>
            <te-group>
              <routes>
                <route to="in3">
                  <actions>
                    <action arg="682" type="swap"/>
                    <action arg="2813" type="push"/>
                  </actions>
                </route>
              </routes>
            </te-group>
            <te-group>
              <routes>
                <route to="in2">
                  <actions>
                    <action arg="682" type="swap"/>
                    <action arg="2813" type="push"/>
                    <action arg="2814" type="push"/>
                  </actions>
                </route>
              </routes>
            </te-group>
          </te-groups>
        </destination>
        <destination from="in4" label="$686">
          <te-groups>
            <te-group>
              <routes>
                <route to="in2">
                  <actions>
                    <action arg="687" type="swap"/>
                  </actions>
                </route>
              </routes>
            </te-group>
            <te-group>
              <routes>
                <route to="in3">
                  <actions>
                    <action arg="687" type="swap"/>
                    <action arg="2813" type="push"/>
                  </actions>
                </route>
              </routes>
            </te-group>
            <te-group>
              <routes>
                <route to="in2">
                  <actions>
                    <action arg="687" type="swap"/>
                    <action arg="2813" type="push"/>
                    <action arg="2814" type="push"/>
                  </actions>
                </route>
              </routes>
            </te-group>
          </te-groups>
        </destination>
        <destination from="in4" label="$740">
          <te-groups>
            <te-group>
              <routes>
                <route to="in1">
                  <actions>
                    <action arg="741" type="swap"/>
                  </actions>
                </route>
              </routes>
            </te-group>
          </te-groups>
        </destination>
        <destination from="in4" label="$747">
          <te-groups>
            <te-group>
              <routes>
                <route to="in2">
                  <actions>
                    <action arg="748" type="swap"/>
                  </actions>
                </route>
              </routes>
            </te-group>
            <te-group>
              <routes>
                <route to="in3">
                  <actions>
                    <action arg="748" type="swap"/>
                    <action arg="2813" type="push"/>
                  </actions>
                </route>
              </routes>
            </te-group>
            <te-group>
              <routes>
                <route to="in2">
                  <actions>
                    <action arg="748" type="swap"/>
                    <action arg="2813" type="push"/>
                    <action arg="2814" type="push"/>
                  </actions>
                </route>
              </routes>
            </te-group>
          </te-groups>
        </destination>
        <destination from="in4" label="$751">
          <te-groups>
            <te-group>
              <routes>
                <route to="in2">
                  <actions>
                    <action arg="752" type="swap"/>
                  </actions>
                </route>
              </routes>
            </te-group>
            <te-group>
              <routes>
                <route to="in3">
                  <actions>
                    <action arg="752" type="swap"/>
                    <action arg="2813" type="push"/>
                  </actions>
                </route>
              </routes>
            </te-group>
            <te-group>
              <routes>
                <route to="in2">
                  <actions>
                    <action arg="752" type="swap"/>
                    <action arg="2813" type="push"/>
                    <action arg="2814" type="push"/>
                  </actions>
                </route>
              </routes>
            </te-group>
          </te-groups>
        </destination>
        <destination from="in4" label="$756">
          <te-groups>
            <te-group>
              <routes>
                <route to="in3">
                  <actions>
                    <action arg="757" type="swap"/>
                  </actions>
                </route>
              </routes>
            </te-group>
            <te-group>
              <routes>
                <route to="in2">
                  <actions>
                    <action arg="757" type="swap"/>
                    <action arg="2814" type="push"/>
                  </actions>
                </route>
              </routes>
            </te-group>
          </te-groups>
        </destination>
        <destination from="in4" label="$760">
          <te-groups>
            <te-group>
              <routes>
                <route to="in2">
                  <actions>
                    <action arg="761" type="swap"/>
                  </actions>
                </route>
              </routes>
            </te-group>
            <te-group>
              <routes>
                <route to="in3">
                  <actions>
                    <action arg="761" type="swap"/>
                    <action arg="2813" type="push"/>
                  </actions>
                </route>
              </routes>
            </te-group>
            <te-group>
              <routes>
                <route to="in2">
                  <actions>
                    <action arg="761" type="swap"/>
                    <action arg="2813" type="push"/>
                    <action arg="2814" type="push"/>
                  </actions>
                </route>
              </routes>
            </te-group>
          </te-groups>
        </destination>
        <destination from="in4" label="$765">
          <te-groups>
            <te-group>
              <routes>
                <route to="in2">
                  <actions>
                    <action arg="766" type="swap"/>
                  </actions>
                </route>
              </routes>
            </te-group>
            <te-group>
              <routes>
                <route to="in3">
                  <actions>
                    <action arg="766" type="swap"/>
                    <action arg="2813" type="push"/>
                  </actions>
                </route>
              </routes>
            </te-group>
            <te-group>
              <routes>
                <route to="in2">
                  <actions>
                    <action arg="766" type="swap"/>
                    <action arg="2813" type="push"/>
                    <action arg="2814" type="push"/>
                  </actions>
                </route>
              </routes>
            </te-group>
          </te-groups>
        </destination>
        <destination from="in4" label="$781">
          <te-groups>
            <te-group>
              <routes>
                <route to="in2">
                  <actions>
                    <action arg="782" type="swap"/>
                  </actions>
                </route>
              </routes>
            </te-group>
            <te-group>
              <routes>
                <route to="in3">
                  <actions>
                    <action arg="782" type="swap"/>
                    <action arg="2813" type="push"/>
                  </actions>
                </route>
              </routes>
            </te-group>
            <te-group>
              <routes>
                <route to="in2">
                  <actions>
                    <action arg="782" type="swap"/>
                    <action arg="2813" type="push"/>
                    <action arg="2814" type="push"/>
                  </actions>
                </route>
              </routes>
            </te-group>
          </te-groups>
        </destination>
        <destination from="in4" label="$787">
          <te-groups>
            <te-group>
              <routes>
                <route to="in2">
                  <actions>
                    <action arg="788" type="swap"/>
                  </actions>
                </route>
              </routes>
            </te-group>
            <te-group>
              <routes>
                <route to="in3">
                  <actions>
                    <action arg="788" type="swap"/>
                    <action arg="2813" type="push"/>
                  </actions>
                </route>
              </routes>
            </te-group>
            <te-group>
              <routes>
                <route to="in2">
                  <actions>
                    <action arg="788" type="swap"/>
                    <action arg="2813" type="push"/>
                    <action arg="2814" type="push"/>
                  </actions>
                </route>
              </routes>
            </te-group>
          </te-groups>
        </destination>
        <destination from="in4" label="$842">
          <te-groups>
            <te-group>
              <routes>
                <route to="in1">
                  <actions>
                    <action arg="843" type="swap"/>
                  </actions>
                </route>
              </routes>
            </te-group>
          </te-groups>
        </destination>
        <destination from="in4" label="$851">
          <te-groups>
            <te-group>
              <routes>
                <route to="in2">
                  <actions>
                    <action arg="852" type="swap"/>
                  </actions>
                </route>
              </routes>
            </te-group>
            <te-group>
              <routes>
                <route to="in3">
                  <actions>
                    <action arg="852" type="swap"/>
                    <action arg="2813" type="push"/>
                  </actions>
                </route>
              </routes>
            </te-group>
            <te-group>
              <routes>
                <route to="in2">
                  <actions>
                    <action arg="852" type="swap"/>
                    <action arg="2813" type="push"/>
                    <action arg="2814" type="push"/>
                  </actions>
                </route>
              </routes>
            </te-group>
          </te-groups>
        </destination>
        <destination from="in4" label="$856">
          <te-groups>
            <te-group>
              <routes>
                <route to="in2">
                  <actions>
                    <action arg="857" type="swap"/>
                  </actions>
                </route>
              </routes>
            </te-group>
            <te-group>
              <routes>
                <route to="in3">
                  <actions>
                    <action arg="857" type="swap"/>
                    <action arg="2813" type="push"/>
                  </actions>
                </route>
              </routes>
            </te-group>
            <te-group>
              <routes>
                <route to="in2">
                  <actions>
                    <action arg="857" type="swap"/>
                    <action arg="2813" type="push"/>
                    <action arg="2814" type="push"/>
                  </actions>
                </route>
              </routes>
            </te-group>
          </te-groups>
        </destination>
        <destination from="in4" label="$862">
          <te-groups>
            <te-group>
              <routes>
                <route to="in3">
                  <actions>
                    <action arg="863" type="swap"/>
                  </actions>
                </route>
              </routes>
            </te-group>
            <te-group>
              <routes>
                <route to="in2">
                  <actions>
                    <action arg="863" type="swap"/>
                    <action arg="2814" type="push"/>
                  </actions>
                </route>
              </routes>
            </te-group>
          </te-groups>
        </destination>
        <destination from="in4" label="$867">
          <te-groups>
            <te-group>
              <routes>
                <route to="in2">
                  <actions>
                    <action arg="868" type="swap"/>
                  </actions>
                </route>
              </routes>
            </te-group>
            <te-group>
              <routes>
                <route to="in3">
                  <actions>
                    <action arg="868" type="swap"/>
                    <action arg="2813" type="push"/>
                  </actions>
                </route>
              </routes>
            </te-group>
            <te-group>
              <routes>
                <route to="in2">
                  <actions>
                    <action arg="868" type="swap"/>
                    <action arg="2813" type="push"/>
                    <action arg="2814" type="push"/>
                  </actions>
                </route>
              </routes>
            </te-group>
          </te-groups>
        </destination>
        <destination from="in4" label="$873">
          <te-groups>
            <te-group>
              <routes>
                <route to="in2">
                  <actions>
                    <action arg="874" type="swap"/>
                  </actions>
                </route>
              </routes>
            </te-group>
            <te-group>
              <routes>
                <route to="in3">
                  <actions>
                    <action arg="874" type="swap"/>
                    <action arg="2813" type="push"/>
                  </actions>
                </route>
              </routes>
            </te-group>
            <te-group>
              <routes>
                <route to="in2">
                  <actions>
                    <action arg="874" type="swap"/>
                    <action arg="2813" type="push"/>
                    <action arg="2814" type="push"/>
                  </actions>
                </route>
              </routes>
            </te-group>
          </te-groups>
        </destination>
        <destination from="in4" label="$1667">
          <te-groups>
            <te-group>
              <routes>
                <route to="in1">
                  <actions>
                    <action arg="1668" type="swap"/>
                  </actions>
                </route>
              </routes>
            </te-group>
          </te-groups>
        </destination>
        <destination from="in4" label="$1678">
          <te-groups>
            <te-group>
              <routes>
                <route to="in2">
                  <actions>
                    <action arg="1679" type="swap"/>
                  </actions>
                </route>
              </routes>
            </te-group>
            <te-group>
              <routes>
                <route to="in3">
                  <actions>
                    <action arg="1679" type="swap"/>
                    <action arg="2813" type="push"/>
                  </actions>
                </route>
              </routes>
            </te-group>
            <te-group>
              <routes>
                <route to="in2">
                  <actions>
                    <action arg="1679" type="swap"/>
                    <action arg="2813" type="push"/>
                    <action arg="2814" type="push"/>
                  </actions>
                </route>
              </routes>
            </te-group>
          </te-groups>
        </destination>
        <destination from="in4" label="$1684">
          <te-groups>
            <te-group>
              <routes>
                <route to="in2">
                  <actions>
                    <action arg="1685" type="swap"/>
                  </actions>
                </route>
              </routes>
            </te-group>
            <te-group>
              <routes>
                <route to="in3">
                  <actions>
                    <action arg="1685" type="swap"/>
                    <action arg="2813" type="push"/>
                  </actions>
                </route>
              </routes>
            </te-group>
            <te-group>
              <routes>
                <route to="in2">
                  <actions>
                    <action arg="1685" type="swap"/>
                    <action arg="2813" type="push"/>
                    <action arg="2814" type="push"/>
                  </actions>
                </route>
              </routes>
            </te-group>
          </te-groups>
        </destination>
        <destination from="in4" label="$1691">
          <te-groups>
            <te-group>
              <routes>
                <route to="in3">
                  <actions>
                    <action arg="1692" type="swap"/>
                  </actions>
                </route>
              </routes>
            </te-group>
            <te-group>
              <routes>
                <route to="in2">
                  <actions>
                    <action arg="1692" type="swap"/>
                    <action arg="2814" type="push"/>
                  </actions>
                </route>
              </routes>
            </te-group>
          </te-groups>
        </destination>
        <destination from="in4" label="$1697">
          <te-groups>
            <te-group>
              <routes>
                <route to="in2">
                  <actions>
                    <action arg="1698" type="swap"/>
                  </actions>
                </route>
              </routes>
            </te-group>
            <te-group>
              <routes>
                <route to="in3">
                  <actions>
                    <action arg="1698" type="swap"/>
                    <action arg="2813" type="push"/>
                  </actions>
                </route>
              </routes>
            </te-group>
            <te-group>
              <routes>
                <route to="in2">
                  <actions>
                    <action arg="1698" type="swap"/>
                    <action arg="2813" type="push"/>
                    <action arg="2814" type="push"/>
                  </actions>
                </route>
              </routes>
            </te-group>
          </te-groups>
        </destination>
        <destination from="in4" label="$1704">
          <te-groups>
            <te-group>
              <routes>
                <route to="in2">
                  <actions>
                    <action arg="1705" type="swap"/>
                  </actions>
                </route>
              </routes>
            </te-group>
            <te-group>
              <routes>
                <route to="in3">
                  <actions>
                    <action arg="1705" type="swap"/>
                    <action arg="2813" type="push"/>
                  </actions>
                </route>
              </routes>
            </te-group>
            <te-group>
              <routes>
                <route to="in2">
                  <actions>
                    <action arg="1705" type="swap"/>
                    <action arg="2813" type="push"/>
                    <action arg="2814" type="push"/>
                  </actions>
                </route>
              </routes>
            </te-group>
          </te-groups>
        </destination>
        <destination from="in4" label="$1713">
          <te-groups>
            <te-group>
              <routes>
                <route to="in2">
                  <actions>
                    <action arg="1714" type="swap"/>
                  </actions>
                </route>
              </routes>
            </te-group>
            <te-group>
              <routes>
                <route to="in3">
                  <actions>
                    <action arg="1714" type="swap"/>
                    <action arg="2813" type="push"/>
                  </actions>
                </route>
              </routes>
            </te-group>
            <te-group>
              <routes>
                <route to="in2">
                  <actions>
                    <action arg="1714" type="swap"/>
                    <action arg="2813" type="push"/>
                    <action arg="2814" type="push"/>
                  </actions>
                </route>
              </routes>
            </te-group>
          </te-groups>
        </destination>
        <destination from="in4" label="$1721">
          <te-groups>
            <te-group>
              <routes>
                <route to="in2">
                  <actions>
                    <action arg="1722" type="swap"/>
                  </actions>
                </route>
              </routes>
            </te-group>
            <te-group>
              <routes>
                <route to="in3">
                  <actions>
                    <action arg="1722" type="swap"/>
                    <action arg="2813" type="push"/>
                  </actions>
                </route>
              </routes>
            </te-group>
            <te-group>
              <routes>
                <route to="in2">
                  <actions>
                    <action arg="1722" type="swap"/>
                    <action arg="2813" type="push"/>
                    <action arg="2814" type="push"/>
                  </actions>
                </route>
              </routes>
            </te-group>
          </te-groups>
        </destination>
        <destination from="in4" label="$2174">
          <te-groups>
            <te-group>
              <routes>
                <route to="in0">
                  <actions>
                    <action arg="2175" type="swap"/>
                  </actions>
                </route>
              </routes>
            </te-group>
            <te-group>
              <routes>
                <route to="in4">
                  <actions>
                    <action arg="2175" type="swap"/>
                    <action arg="2812" type="push"/>
                  </actions>
                </route>
              </routes>
            </te-group>
          </te-groups>
        </destination>
        <destination from="in4" label="$2182">
          <te-groups>
            <te-group>
              <routes>
                <route to="in1">
                  <actions>
                    <action arg="2183" type="swap"/>
                  </actions>
                </route>
              </routes>
            </te-group>
          </te-groups>
        </destination>
        <destination from="in4" label="$2187">
          <te-groups>
            <te-group>
              <routes>
                <route to="in2">
                  <actions>
                    <action arg="2188" type="swap"/>
                  </actions>
                </route>
              </routes>
            </te-group>
            <te-group>
              <routes>
                <route to="in3">
                  <actions>
                    <action arg="2188" type="swap"/>
                    <action arg="2813" type="push"/>
                  </actions>
                </route>
              </routes>
            </te-group>
            <te-group>
              <routes>
                <route to="in2">
                  <actions>
                    <action arg="2188" type="swap"/>
                    <action arg="2813" type="push"/>
                    <action arg="2814" type="push"/>
                  </actions>
                </route>
              </routes>
            </te-group>
          </te-groups>
        </destination>
        <destination from="in4" label="$2190">
          <te-groups>
            <te-group>
              <routes>
                <route to="in2">
                  <actions>
                    <action arg="2191" type="swap"/>
                  </actions>
                </route>
              </routes>
            </te-group>
            <te-group>
              <routes>
                <route to="in3">
                  <actions>
                    <action arg="2191" type="swap"/>
                    <action arg="2813" type="push"/>
                  </actions>
                </route>
              </routes>
            </te-group>
            <te-group>
              <routes>
                <route to="in2">
                  <actions>
                    <action arg="2191" type="swap"/>
                    <action arg="2813" type="push"/>
                    <action arg="2814" type="push"/>
                  </actions>
                </route>
              </routes>
            </te-group>
          </te-groups>
        </destination>
        <destination from="in4" label="$2194">
          <te-groups>
            <te-group>
              <routes>
                <route to="in3">
                  <actions>
                    <action arg="2195" type="swap"/>
                  </actions>
                </route>
              </routes>
            </te-group>
            <te-group>
              <routes>
                <route to="in2">
                  <actions>
                    <action arg="2195" type="swap"/>
                    <action arg="2814" type="push"/>
                  </actions>
                </route>
              </routes>
            </te-group>
          </te-groups>
        </destination>
        <destination from="in4" label="$2197">
          <te-groups>
            <te-group>
              <routes>
                <route to="in2">
                  <actions>
                    <action arg="2198" type="swap"/>
                  </actions>
                </route>
              </routes>
            </te-group>
            <te-group>
              <routes>
                <route to="in3">
                  <actions>
                    <action arg="2198" type="swap"/>
                    <action arg="2813" type="push"/>
                  </actions>
                </route>
              </routes>
            </te-group>
            <te-group>
              <routes>
                <route to="in2">
                  <actions>
                    <action arg="2198" type="swap"/>
                    <action arg="2813" type="push"/>
                    <action arg="2814" type="push"/>
                  </actions>
                </route>
              </routes>
            </te-group>
          </te-groups>
        </destination>
        <destination from="in4" label="$2201">
          <te-groups>
            <te-group>
              <routes>
                <route to="in2">
                  <actions>
                    <action arg="2202" type="swap"/>
                  </actions>
                </route>
              </routes>
            </te-group>
            <te-group>
              <routes>
                <route to="in3">
                  <actions>
                    <action arg="2202" type="swap"/>
                    <action arg="2813" type="push"/>
                  </actions>
                </route>
              </routes>
            </te-group>
            <te-group>
              <routes>
                <route to="in2">
                  <actions>
                    <action arg="2202" type="swap"/>
                    <action arg="2813" type="push"/>
                    <action arg="2814" type="push"/>
                  </actions>
                </route>
              </routes>
            </te-group>
          </te-groups>
        </destination>
        <destination from="in4" label="$2285">
          <te-groups>
            <te-group>
              <routes>
                <route to="in1">
                  <actions>
                    <action arg="2286" type="swap"/>
                  </actions>
                </route>
              </routes>
            </te-group>
          </te-groups>
        </destination>
        <destination from="in4" label="$2292">
          <te-groups>
            <te-group>
              <routes>
                <route to="in2">
                  <actions>
                    <action arg="2293" type="swap"/>
                  </actions>
                </route>
              </routes>
            </te-group>
            <te-group>
              <routes>
                <route to="in3">
                  <actions>
                    <action arg="2293" type="swap"/>
                    <action arg="2813" type="push"/>
                  </actions>
                </route>
              </routes>
            </te-group>
            <te-group>
              <routes>
                <route to="in2">
                  <actions>
                    <action arg="2293" type="swap"/>
                    <action arg="2813" type="push"/>
                    <action arg="2814" type="push"/>
                  </actions>
                </route>
              </routes>
            </te-group>
          </te-groups>
        </destination>
        <destination from="in4" label="$2296">
          <te-groups>
            <te-group>
              <routes>
                <route to="in2">
                  <actions>
                    <action arg="2297" type="swap"/>
                  </actions>
                </route>
              </routes>
            </te-group>
            <te-group>
              <routes>
                <route to="in3">
                  <actions>
                    <action arg="2297" type="swap"/>
                    <action arg="2813" type="push"/>
                  </actions>
                </route>
              </routes>
            </te-group>
            <te-group>
              <routes>
                <route to="in2">
                  <actions>
                    <action arg="2297" type="swap"/>
                    <action arg="2813" type="push"/>
                    <action arg="2814" type="push"/>
                  </actions>
                </route>
              </routes>
            </te-group>
          </te-groups>
        </destination>
        <destination from="in4" label="$2301">
          <te-groups>
            <te-group>
              <routes>
                <route to="in3">
                  <actions>
                    <action arg="2302" type="swap"/>
                  </actions>
                </route>
              </routes>
            </te-group>
            <te-group>
              <routes>
                <route to="in2">
                  <actions>
                    <action arg="2302" type="swap"/>
                    <action arg="2814" type="push"/>
                  </actions>
                </route>
              </routes>
            </te-group>
          </te-groups>
        </destination>
        <destination from="in4" label="$2305">
          <te-groups>
            <te-group>
              <routes>
                <route to="in2">
                  <actions>
                    <action arg="2306" type="swap"/>
                  </actions>
                </route>
              </routes>
            </te-group>
            <te-group>
              <routes>
                <route to="in3">
                  <actions>
                    <action arg="2306" type="swap"/>
                    <action arg="2813" type="push"/>
                  </actions>
                </route>
              </routes>
            </te-group>
            <te-group>
              <routes>
                <route to="in2">
                  <actions>
                    <action arg="2306" type="swap"/>
                    <action arg="2813" type="push"/>
                    <action arg="2814" type="push"/>
                  </actions>
                </route>
              </routes>
            </te-group>
          </te-groups>
        </destination>
        <destination from="in4" label="$2310">
          <te-groups>
            <te-group>
              <routes>
                <route to="in2">
                  <actions>
                    <action arg="2311" type="swap"/>
                  </actions>
                </route>
              </routes>
            </te-group>
            <te-group>
              <routes>
                <route to="in3">
                  <actions>
                    <action arg="2311" type="swap"/>
                    <action arg="2813" type="push"/>
                  </actions>
                </route>
              </routes>
            </te-group>
            <te-group>
              <routes>
                <route to="in2">
                  <actions>
                    <action arg="2311" type="swap"/>
                    <action arg="2813" type="push"/>
                    <action arg="2814" type="push"/>
                  </actions>
                </route>
              </routes>
            </te-group>
          </te-groups>
        </destination>
        <destination from="in4" label="$2402">
          <te-groups>
            <te-group>
              <routes>
                <route to="in1">
                  <actions>
                    <action arg="2403" type="swap"/>
                  </actions>
                </route>
              </routes>
            </te-group>
          </te-groups>
        </destination>
        <destination from="in4" label="$2409">
          <te-groups>
            <te-group>
              <routes>
                <route to="in2">
                  <actions>
                    <action arg="2410" type="swap"/>
                  </actions>
                </route>
              </routes>
            </te-group>
            <te-group>
              <routes>
                <route to="in3">
                  <actions>
                    <action arg="2410" type="swap"/>
                    <action arg="2813" type="push"/>
                  </actions>
                </route>
              </routes>
            </te-group>
            <te-group>
              <routes>
                <route to="in2">
                  <actions>
                    <action arg="2410" type="swap"/>
                    <action arg="2813" type="push"/>
                    <action arg="2814" type="push"/>
                  </actions>
                </route>
              </routes>
            </te-group>
          </te-groups>
        </destination>
        <destination from="in4" label="$2413">
          <te-groups>
            <te-group>
              <routes>
                <route to="in2">
                  <actions>
                    <action arg="2414" type="swap"/>
                  </actions>
                </route>
              </routes>
            </te-group>
            <te-group>
              <routes>
                <route to="in3">
                  <actions>
                    <action arg="2414" type="swap"/>
                    <action arg="2813" type="push"/>
                  </actions>
                </route>
              </routes>
            </te-group>
            <te-group>
              <routes>
                <route to="in2">
                  <actions>
                    <action arg="2414" type="swap"/>
                    <action arg="2813" type="push"/>
                    <action arg="2814" type="push"/>
                  </actions>
                </route>
              </routes>
            </te-group>
          </te-groups>
        </destination>
        <destination from="in4" label="$2418">
          <te-groups>
            <te-group>
              <routes>
                <route to="in3">
                  <actions>
                    <action arg="2419" type="swap"/>
                  </actions>
                </route>
              </routes>
            </te-group>
            <te-group>
              <routes>
                <route to="in2">
                  <actions>
                    <action arg="2419" type="swap"/>
                    <action arg="2814" type="push"/>
                  </actions>
                </route>
              </routes>
            </te-group>
          </te-groups>
        </destination>
        <destination from="in4" label="$2422">
          <te-groups>
            <te-group>
              <routes>
                <route to="in2">
                  <actions>
                    <action arg="2423" type="swap"/>
                  </actions>
                </route>
              </routes>
            </te-group>
            <te-group>
              <routes>
                <route to="in3">
                  <actions>
                    <action arg="2423" type="swap"/>
                    <action arg="2813" type="push"/>
                  </actions>
                </route>
              </routes>
            </te-group>
            <te-group>
              <routes>
                <route to="in2">
                  <actions>
                    <action arg="2423" type="swap"/>
                    <action arg="2813" type="push"/>
                    <action arg="2814" type="push"/>
                  </actions>
                </route>
              </routes>
            </te-group>
          </te-groups>
        </destination>
        <destination from="in4" label="$2427">
          <te-groups>
            <te-group>
              <routes>
                <route to="in2">
                  <actions>
                    <action arg="2428" type="swap"/>
                  </actions>
                </route>
              </routes>
            </te-group>
            <te-group>
              <routes>
                <route to="in3">
                  <actions>
                    <action arg="2428" type="swap"/>
                    <action arg="2813" type="push"/>
                  </actions>
                </route>
              </routes>
            </te-group>
            <te-group>
              <routes>
                <route to="in2">
                  <actions>
                    <action arg="2428" type="swap"/>
                    <action arg="2813" type="push"/>
                    <action arg="2814" type="push"/>
                  </actions>
                </route>
              </routes>
            </te-group>
          </te-groups>
        </destination>
        <destination from="in4" label="$2518">
          <te-groups>
            <te-group>
              <routes>
                <route to="in1">
                  <actions>
                    <action arg="2519" type="swap"/>
                  </actions>
                </route>
              </routes>
            </te-group>
          </te-groups>
        </destination>
        <destination from="in4" label="$2527">
          <te-groups>
            <te-group>
              <routes>
                <route to="in2">
                  <actions>
                    <action arg="2528" type="swap"/>
                  </actions>
                </route>
              </routes>
            </te-group>
            <te-group>
              <routes>
                <route to="in3">
                  <actions>
                    <action arg="2528" type="swap"/>
                    <action arg="2813" type="push"/>
                  </actions>
                </route>
              </routes>
            </te-group>
            <te-group>
              <routes>
                <route to="in2">
                  <actions>
                    <action arg="2528" type="swap"/>
                    <action arg="2813" type="push"/>
                    <action arg="2814" type="push"/>
                  </actions>
                </route>
              </routes>
            </te-group>
          </te-groups>
        </destination>
        <destination from="in4" label="$2532">
          <te-groups>
            <te-group>
              <routes>
                <route to="in2">
                  <actions>
                    <action arg="2533" type="swap"/>
                  </actions>
                </route>
              </routes>
            </te-group>
            <te-group>
              <routes>
                <route to="in3">
                  <actions>
                    <action arg="2533" type="swap"/>
                    <action arg="2813" type="push"/>
                  </actions>
                </route>
              </routes>
            </te-group>
            <te-group>
              <routes>
                <route to="in2">
                  <actions>
                    <action arg="2533" type="swap"/>
                    <action arg="2813" type="push"/>
                    <action arg="2814" type="push"/>
                  </actions>
                </route>
              </routes>
            </te-group>
          </te-groups>
        </destination>
        <destination from="in4" label="$2538">
          <te-groups>
            <te-group>
              <routes>
                <route to="in3">
                  <actions>
                    <action arg="2539" type="swap"/>
                  </actions>
                </route>
              </routes>
            </te-group>
            <te-group>
              <routes>
                <route to="in2">
                  <actions>
                    <action arg="2539" type="swap"/>
                    <action arg="2814" type="push"/>
                  </actions>
                </route>
              </routes>
            </te-group>
          </te-groups>
        </destination>
        <destination from="in4" label="$2543">
          <te-groups>
            <te-group>
              <routes>
                <route to="in2">
                  <actions>
                    <action arg="2544" type="swap"/>
                  </actions>
                </route>
              </routes>
            </te-group>
            <te-group>
              <routes>
                <route to="in3">
                  <actions>
                    <action arg="2544" type="swap"/>
                    <action arg="2813" type="push"/>
                  </actions>
                </route>
              </routes>
            </te-group>
            <te-group>
              <routes>
                <route to="in2">
                  <actions>
                    <action arg="2544" type="swap"/>
                    <action arg="2813" type="push"/>
                    <action arg="2814" type="push"/>
                  </actions>
                </route>
              </routes>
            </te-group>
          </te-groups>
        </destination>
        <destination from="in4" label="$2549">
          <te-groups>
            <te-group>
              <routes>
                <route to="in2">
                  <actions>
                    <action arg="2550" type="swap"/>
                  </actions>
                </route>
              </routes>
            </te-group>
            <te-group>
              <routes>
                <route to="in3">
                  <actions>
                    <action arg="2550" type="swap"/>
                    <action arg="2813" type="push"/>
                  </actions>
                </route>
              </routes>
            </te-group>
            <te-group>
              <routes>
                <route to="in2">
                  <actions>
                    <action arg="2550" type="swap"/>
                    <action arg="2813" type="push"/>
                    <action arg="2814" type="push"/>
                  </actions>
                </route>
              </routes>
            </te-group>
          </te-groups>
        </destination>
        <destination from="in5" label="1810">
          <te-groups>
            <te-group>
              <routes>
                <route to="eg0">
                  <actions>
                    <action type="pop"/>
                  </actions>
                </route>
              </routes>
            </te-group>
          </te-groups>
        </destination>
        <destination from="in5" label="2621">
          <te-groups>
            <te-group>
              <routes>
                <route to="eg0">
                  <actions>
                    <action type="pop"/>
                  </actions>
                </route>
              </routes>
            </te-group>
          </te-groups>
        </destination>
        <destination from="in5" label="2721">
          <te-groups>
            <te-group>
              <routes>
                <route to="eg0">
                  <actions>
                    <action type="pop"/>
                  </actions>
                </route>
              </routes>
            </te-group>
          </te-groups>
        </destination>
        <destination from="in5" label="2781">
          <te-groups>
            <te-group>
              <routes>
                <route to="in0">
                  <actions>
                    <action arg="2780" type="swap"/>
                  </actions>
                </route>
              </routes>
            </te-group>
            <te-group>
              <routes>
                <route to="in4">
                  <actions>
                    <action arg="2780" type="swap"/>
                    <action arg="2812" type="push"/>
                  </actions>
                </route>
              </routes>
            </te-group>
            <te-group>
              <routes>
                <route to="in0">
                  <actions>
                    <action arg="2780" type="swap"/>
                    <action arg="2812" type="push"/>
                    <action arg="2817" type="push"/>
                  </actions>
                </route>
              </routes>
            </te-group>
          </te-groups>
        </destination>
        <destination from="in5" label="2910">
          <te-groups>
            <te-group>
              <routes>
                <route to="in0">
                  <actions>
                    <action arg="2909" type="swap"/>
                  </actions>
                </route>
              </routes>
            </te-group>
          </te-groups>
        </destination>
        <destination from="in5" label="$1804">
          <te-groups>
            <te-group>
              <routes>
                <route to="in1">
                  <actions>
                    <action arg="1805" type="swap"/>
                  </actions>
                </route>
              </routes>
            </te-group>
          </te-groups>
        </destination>
        <destination from="in5" label="$1815">
          <te-groups>
            <te-group>
              <routes>
                <route to="in2">
                  <actions>
                    <action arg="1816" type="swap"/>
                  </actions>
                </route>
              </routes>
            </te-group>
            <te-group>
              <routes>
                <route to="in3">
                  <actions>
                    <action arg="1816" type="swap"/>
                    <action arg="2813" type="push"/>
                  </actions>
                </route>
              </routes>
            </te-group>
            <te-group>
              <routes>
                <route to="in2">
                  <actions>
                    <action arg="1816" type="swap"/>
                    <action arg="2813" type="push"/>
                    <action arg="2814" type="push"/>
                  </actions>
                </route>
              </routes>
            </te-group>
          </te-groups>
        </destination>
        <destination from="in5" label="$1821">
          <te-groups>
            <te-group>
              <routes>
                <route to="in2">
                  <actions>
                    <action arg="1822" type="swap"/>
                  </actions>
                </route>
              </routes>
            </te-group>
            <te-group>
              <routes>
                <route to="in3">
                  <actions>
                    <action arg="1822" type="swap"/>
                    <action arg="2813" type="push"/>
                  </actions>
                </route>
              </routes>
            </te-group>
            <te-group>
              <routes>
                <route to="in2">
                  <actions>
                    <action arg="1822" type="swap"/>
                    <action arg="2813" type="push"/>
                    <action arg="2814" type="push"/>
                  </actions>
                </route>
              </routes>
            </te-group>
          </te-groups>
        </destination>
        <destination from="in5" label="$1828">
          <te-groups>
            <te-group>
              <routes>
                <route to="in3">
                  <actions>
                    <action arg="1829" type="swap"/>
                  </actions>
                </route>
              </routes>
            </te-group>
            <te-group>
              <routes>
                <route to="in2">
                  <actions>
                    <action arg="1829" type="swap"/>
                    <action arg="2814" type="push"/>
                  </actions>
                </route>
              </routes>
            </te-group>
          </te-groups>
        </destination>
        <destination from="in5" label="$1834">
          <te-groups>
            <te-group>
              <routes>
                <route to="in2">
                  <actions>
                    <action arg="1835" type="swap"/>
                  </actions>
                </route>
              </routes>
            </te-group>
            <te-group>
              <routes>
                <route to="in3">
                  <actions>
                    <action arg="1835" type="swap"/>
                    <action arg="2813" type="push"/>
                  </actions>
                </route>
              </routes>
            </te-group>
            <te-group>
              <routes>
                <route to="in2">
                  <actions>
                    <action arg="1835" type="swap"/>
                    <action arg="2813" type="push"/>
                    <action arg="2814" type="push"/>
                  </actions>
                </route>
              </routes>
            </te-group>
          </te-groups>
        </destination>
        <destination from="in5" label="$1841">
          <te-groups>
            <te-group>
              <routes>
                <route to="in2">
                  <actions>
                    <action arg="1842" type="swap"/>
                  </actions>
                </route>
              </routes>
            </te-group>
            <te-group>
              <routes>
                <route to="in3">
                  <actions>
                    <action arg="1842" type="swap"/>
                    <action arg="2813" type="push"/>
                  </actions>
                </route>
              </routes>
            </te-group>
            <te-group>
              <routes>
                <route to="in2">
                  <actions>
                    <action arg="1842" type="swap"/>
                    <action arg="2813" type="push"/>
                    <action arg="2814" type="push"/>
                  </actions>
                </route>
              </routes>
            </te-group>
          </te-groups>
        </destination>
        <destination from="in5" label="$1850">
          <te-groups>
            <te-group>
              <routes>
                <route to="in2">
                  <actions>
                    <action arg="1851" type="swap"/>
                  </actions>
                </route>
              </routes>
            </te-group>
            <te-group>
              <routes>
                <route to="in3">
                  <actions>
                    <action arg="1851" type="swap"/>
                    <action arg="2813" type="push"/>
                  </actions>
                </route>
              </routes>
            </te-group>
            <te-group>
              <routes>
                <route to="in2">
                  <actions>
                    <action arg="1851" type="swap"/>
                    <action arg="2813" type="push"/>
                    <action arg="2814" type="push"/>
                  </actions>
                </route>
              </routes>
            </te-group>
          </te-groups>
        </destination>
        <destination from="in5" label="$1858">
          <te-groups>
            <te-group>
              <routes>
                <route to="in2">
                  <actions>
                    <action arg="1859" type="swap"/>
                  </actions>
                </route>
              </routes>
            </te-group>
            <te-group>
              <routes>
                <route to="in3">
                  <actions>
                    <action arg="1859" type="swap"/>
                    <action arg="2813" type="push"/>
                  </actions>
                </route>
              </routes>
            </te-group>
            <te-group>
              <routes>
                <route to="in2">
                  <actions>
                    <action arg="1859" type="swap"/>
                    <action arg="2813" type="push"/>
                    <action arg="2814" type="push"/>
                  </actions>
                </route>
              </routes>
            </te-group>
          </te-groups>
        </destination>
        <destination from="in5" label="$2617">
          <te-groups>
            <te-group>
              <routes>
                <route to="in1">
                  <actions>
                    <action arg="2618" type="swap"/>
                  </actions>
                </route>
              </routes>
            </te-group>
          </te-groups>
        </destination>
        <destination from="in5" label="$2624">
          <te-groups>
            <te-group>
              <routes>
                <route to="in2">
                  <actions>
                    <action arg="2625" type="swap"/>
                  </actions>
                </route>
              </routes>
            </te-group>
            <te-group>
              <routes>
                <route to="in3">
                  <actions>
                    <action arg="2625" type="swap"/>
                    <action arg="2813" type="push"/>
                  </actions>
                </route>
              </routes>
            </te-group>
            <te-group>
              <routes>
                <route to="in2">
                  <actions>
                    <action arg="2625" type="swap"/>
                    <action arg="2813" type="push"/>
                    <action arg="2814" type="push"/>
                  </actions>
                </route>
              </routes>
            </te-group>
          </te-groups>
        </destination>
        <destination from="in5" label="$2628">
          <te-groups>
            <te-group>
              <routes>
                <route to="in2">
                  <actions>
                    <action arg="2629" type="swap"/>
                  </actions>
                </route>
              </routes>
            </te-group>
            <te-group>
              <routes>
                <route to="in3">
                  <actions>
                    <action arg="2629" type="swap"/>
                    <action arg="2813" type="push"/>
                  </actions>
                </route>
              </routes>
            </te-group>
            <te-group>
              <routes>
                <route to="in2">
                  <actions>
                    <action arg="2629" type="swap"/>
                    <action arg="2813" type="push"/>
                    <action arg="2814" type="push"/>
                  </actions>
                </route>
              </routes>
            </te-group>
          </te-groups>
        </destination>
        <destination from="in5" label="$2633">
          <te-groups>
            <te-group>
              <routes>
                <route to="in3">
                  <actions>
                    <action arg="2634" type="swap"/>
                  </actions>
                </route>
              </routes>
            </te-group>
            <te-group>
              <routes>
                <route to="in2">
                  <actions>
                    <action arg="2634" type="swap"/>
                    <action arg="2814" type="push"/>
                  </actions>
                </route>
              </routes>
            </te-group>
          </te-groups>
        </destination>
        <destination from="in5" label="$2637">
          <te-groups>
            <te-group>
              <routes>
                <route to="in2">
                  <actions>
                    <action arg="2638" type="swap"/>
                  </actions>
                </route>
              </routes>
            </te-group>
            <te-group>
              <routes>
                <route to="in3">
                  <actions>
                    <action arg="2638" type="swap"/>
                    <action arg="2813" type="push"/>
                  </actions>
                </route>
              </routes>
            </te-group>
            <te-group>
              <routes>
                <route to="in2">
                  <actions>
                    <action arg="2638" type="swap"/>
                    <action arg="2813" type="push"/>
                    <action arg="2814" type="push"/>
                  </actions>
                </route>
              </routes>
            </te-group>
          </te-groups>
        </destination>
        <destination from="in5" label="$2642">
          <te-groups>
            <te-group>
              <routes>
                <route to="in2">
                  <actions>
                    <action arg="2643" type="swap"/>
                  </actions>
                </route>
              </routes>
            </te-group>
            <te-group>
              <routes>
                <route to="in3">
                  <actions>
                    <action arg="2643" type="swap"/>
                    <action arg="2813" type="push"/>
                  </actions>
                </route>
              </routes>
            </te-group>
            <te-group>
              <routes>
                <route to="in2">
                  <actions>
                    <action arg="2643" type="swap"/>
                    <action arg="2813" type="push"/>
                    <action arg="2814" type="push"/>
                  </actions>
                </route>
              </routes>
            </te-group>
          </te-groups>
        </destination>
        <destination from="in5" label="$2652">
          <te-groups>
            <te-group>
              <routes>
                <route to="in2">
                  <actions>
                    <action arg="2653" type="swap"/>
                  </actions>
                </route>
              </routes>
            </te-group>
            <te-group>
              <routes>
                <route to="in3">
                  <actions>
                    <action arg="2653" type="swap"/>
                    <action arg="2813" type="push"/>
                  </actions>
                </route>
              </routes>
            </te-group>
            <te-group>
              <routes>
                <route to="in2">
                  <actions>
                    <action arg="2653" type="swap"/>
                    <action arg="2813" type="push"/>
                    <action arg="2814" type="push"/>
                  </actions>
                </route>
              </routes>
            </te-group>
          </te-groups>
        </destination>
        <destination from="in5" label="$2658">
          <te-groups>
            <te-group>
              <routes>
                <route to="in2">
                  <actions>
                    <action arg="2659" type="swap"/>
                  </actions>
                </route>
              </routes>
            </te-group>
            <te-group>
              <routes>
                <route to="in3">
                  <actions>
                    <action arg="2659" type="swap"/>
                    <action arg="2813" type="push"/>
                  </actions>
                </route>
              </routes>
            </te-group>
            <te-group>
              <routes>
                <route to="in2">
                  <actions>
                    <action arg="2659" type="swap"/>
                    <action arg="2813" type="push"/>
                    <action arg="2814" type="push"/>
                  </actions>
                </route>
              </routes>
            </te-group>
          </te-groups>
        </destination>
        <destination from="in5" label="$2689">
          <te-groups>
            <te-group>
              <routes>
                <route to="in0">
                  <actions>
                    <action arg="2690" type="swap"/>
                  </actions>
                </route>
              </routes>
            </te-group>
            <te-group>
              <routes>
                <route to="in4">
                  <actions>
                    <action arg="2690" type="swap"/>
                    <action arg="2812" type="push"/>
                  </actions>
                </route>
              </routes>
            </te-group>
            <te-group>
              <routes>
                <route to="in0">
                  <actions>
                    <action arg="2690" type="swap"/>
                    <action arg="2812" type="push"/>
                    <action arg="2817" type="push"/>
                  </actions>
                </route>
              </routes>
            </te-group>
          </te-groups>
        </destination>
        <destination from="in5" label="$2701">
          <te-groups>
            <te-group>
              <routes>
                <route to="in0">
                  <actions>
                    <action arg="2702" type="swap"/>
                  </actions>
                </route>
              </routes>
            </te-group>
            <te-group>
              <routes>
                <route to="in4">
                  <actions>
                    <action arg="2702" type="swap"/>
                    <action arg="2812" type="push"/>
                  </actions>
                </route>
              </routes>
            </te-group>
            <te-group>
              <routes>
                <route to="in0">
                  <actions>
                    <action arg="2702" type="swap"/>
                    <action arg="2812" type="push"/>
                    <action arg="2817" type="push"/>
                  </actions>
                </route>
              </routes>
            </te-group>
          </te-groups>
        </destination>
        <destination from="in5" label="$2706">
          <te-groups>
            <te-group>
              <routes>
                <route to="in0">
                  <actions>
                    <action arg="2707" type="swap"/>
                  </actions>
                </route>
              </routes>
            </te-group>
            <te-group>
              <routes>
                <route to="in4">
                  <actions>
                    <action arg="2707" type="swap"/>
                    <action arg="2812" type="push"/>
                  </actions>
                </route>
              </routes>
            </te-group>
            <te-group>
              <routes>
                <route to="in0">
                  <actions>
                    <action arg="2707" type="swap"/>
                    <action arg="2812" type="push"/>
                    <action arg="2817" type="push"/>
                  </actions>
                </route>
              </routes>
            </te-group>
          </te-groups>
        </destination>
        <destination from="in5" label="$2709">
          <te-groups>
            <te-group>
              <routes>
                <route to="in0">
                  <actions>
                    <action arg="2710" type="swap"/>
                  </actions>
                </route>
              </routes>
            </te-group>
            <te-group>
              <routes>
                <route to="in4">
                  <actions>
                    <action arg="2710" type="swap"/>
                    <action arg="2812" type="push"/>
                  </actions>
                </route>
              </routes>
            </te-group>
            <te-group>
              <routes>
                <route to="in0">
                  <actions>
                    <action arg="2710" type="swap"/>
                    <action arg="2812" type="push"/>
                    <action arg="2817" type="push"/>
                  </actions>
                </route>
              </routes>
            </te-group>
          </te-groups>
        </destination>
        <destination from="in5" label="$2713">
          <te-groups>
            <te-group>
              <routes>
                <route to="in0">
                  <actions>
                    <action arg="2714" type="swap"/>
                  </actions>
                </route>
              </routes>
            </te-group>
            <te-group>
              <routes>
                <route to="in4">
                  <actions>
                    <action arg="2714" type="swap"/>
                    <action arg="2812" type="push"/>
                  </actions>
                </route>
              </routes>
            </te-group>
            <te-group>
              <routes>
                <route to="in0">
                  <actions>
                    <action arg="2714" type="swap"/>
                    <action arg="2812" type="push"/>
                    <action arg="2817" type="push"/>
                  </actions>
                </route>
              </routes>
            </te-group>
          </te-groups>
        </destination>
        <destination from="in5" label="$2718">
          <te-groups>
            <te-group>
              <routes>
                <route to="in1">
                  <actions>
                    <action arg="2719" type="swap"/>
                  </actions>
                </route>
              </routes>
            </te-group>
          </te-groups>
        </destination>
        <destination from="in5" label="$2723">
          <te-groups>
            <te-group>
              <routes>
                <route to="in2">
                  <actions>
                    <action arg="2724" type="swap"/>
                  </actions>
                </route>
              </routes>
            </te-group>
            <te-group>
              <routes>
                <route to="in3">
                  <actions>
                    <action arg="2724" type="swap"/>
                    <action arg="2813" type="push"/>
                  </actions>
                </route>
              </routes>
            </te-group>
            <te-group>
              <routes>
                <route to="in2">
                  <actions>
                    <action arg="2724" type="swap"/>
                    <action arg="2813" type="push"/>
                    <action arg="2814" type="push"/>
                  </actions>
                </route>
              </routes>
            </te-group>
          </te-groups>
        </destination>
        <destination from="in5" label="$2726">
          <te-groups>
            <te-group>
              <routes>
                <route to="in2">
                  <actions>
                    <action arg="2727" type="swap"/>
                  </actions>
                </route>
              </routes>
            </te-group>
            <te-group>
              <routes>
                <route to="in3">
                  <actions>
                    <action arg="2727" type="swap"/>
                    <action arg="2813" type="push"/>
                  </actions>
                </route>
              </routes>
            </te-group>
            <te-group>
              <routes>
                <route to="in2">
                  <actions>
                    <action arg="2727" type="swap"/>
                    <action arg="2813" type="push"/>
                    <action arg="2814" type="push"/>
                  </actions>
                </route>
              </routes>
            </te-group>
          </te-groups>
        </destination>
        <destination from="in5" label="$2730">
          <te-groups>
            <te-group>
              <routes>
                <route to="in3">
                  <actions>
                    <action arg="2731" type="swap"/>
                  </actions>
                </route>
              </routes>
            </te-group>
            <te-group>
              <routes>
                <route to="in2">
                  <actions>
                    <action arg="2731" type="swap"/>
                    <action arg="2814" type="push"/>
                  </actions>
                </route>
              </routes>
            </te-group>
          </te-groups>
        </destination>
        <destination from="in5" label="$2733">
          <te-groups>
            <te-group>
              <routes>
                <route to="in2">
                  <actions>
                    <action arg="2734" type="swap"/>
                  </actions>
                </route>
              </routes>
            </te-group>
            <te-group>
              <routes>
                <route to="in3">
                  <actions>
                    <action arg="2734" type="swap"/>
                    <action arg="2813" type="push"/>
                  </actions>
                </route>
              </routes>
            </te-group>
            <te-group>
              <routes>
                <route to="in2">
                  <actions>
                    <action arg="2734" type="swap"/>
                    <action arg="2813" type="push"/>
                    <action arg="2814" type="push"/>
                  </actions>
                </route>
              </routes>
            </te-group>
          </te-groups>
        </destination>
        <destination from="in5" label="$2737">
          <te-groups>
            <te-group>
              <routes>
                <route to="in2">
                  <actions>
                    <action arg="2738" type="swap"/>
                  </actions>
                </route>
              </routes>
            </te-group>
            <te-group>
              <routes>
                <route to="in3">
                  <actions>
                    <action arg="2738" type="swap"/>
                    <action arg="2813" type="push"/>
                  </actions>
                </route>
              </routes>
            </te-group>
            <te-group>
              <routes>
                <route to="in2">
                  <actions>
                    <action arg="2738" type="swap"/>
                    <action arg="2813" type="push"/>
                    <action arg="2814" type="push"/>
                  </actions>
                </route>
              </routes>
            </te-group>
          </te-groups>
        </destination>
        <destination from="in5" label="$2748">
          <te-groups>
            <te-group>
              <routes>
                <route to="in2">
                  <actions>
                    <action arg="2749" type="swap"/>
                  </actions>
                </route>
              </routes>
            </te-group>
            <te-group>
              <routes>
                <route to="in3">
                  <actions>
                    <action arg="2749" type="swap"/>
                    <action arg="2813" type="push"/>
                  </actions>
                </route>
              </routes>
            </te-group>
            <te-group>
              <routes>
                <route to="in2">
                  <actions>
                    <action arg="2749" type="swap"/>
                    <action arg="2813" type="push"/>
                    <action arg="2814" type="push"/>
                  </actions>
                </route>
              </routes>
            </te-group>
          </te-groups>
        </destination>
        <destination from="in5" label="$2753">
          <te-groups>
            <te-group>
              <routes>
                <route to="in2">
                  <actions>
                    <action arg="2754" type="swap"/>
                  </actions>
                </route>
              </routes>
            </te-group>
            <te-group>
              <routes>
                <route to="in3">
                  <actions>
                    <action arg="2754" type="swap"/>
                    <action arg="2813" type="push"/>
                  </actions>
                </route>
              </routes>
            </te-group>
            <te-group>
              <routes>
                <route to="in2">
                  <actions>
                    <action arg="2754" type="swap"/>
                    <action arg="2813" type="push"/>
                    <action arg="2814" type="push"/>
                  </actions>
                </route>
              </routes>
            </te-group>
          </te-groups>
        </destination>
        <destination from="in5" label="$2759">
          <te-groups>
            <te-group>
              <routes>
                <route to="in4">
                  <actions>
                    <action arg="2760" type="swap"/>
                  </actions>
                </route>
              </routes>
            </te-group>
            <te-group>
              <routes>
                <route to="in0">
                  <actions>
                    <action arg="2760" type="swap"/>
                    <action arg="2817" type="push"/>
                  </actions>
                </route>
              </routes>
            </te-group>
          </te-groups>
        </destination>
        <destination from="in5" label="$2762">
          <te-groups>
            <te-group>
              <routes>
                <route to="in4">
                  <actions>
                    <action arg="2763" type="swap"/>
                  </actions>
                </route>
              </routes>
            </te-group>
            <te-group>
              <routes>
                <route to="in0">
                  <actions>
                    <action arg="2763" type="swap"/>
                    <action arg="2817" type="push"/>
                  </actions>
                </route>
              </routes>
            </te-group>
          </te-groups>
        </destination>
        <destination from="in5" label="$2766">
          <te-groups>
            <te-group>
              <routes>
                <route to="in4">
                  <actions>
                    <action arg="2767" type="swap"/>
                  </actions>
                </route>
              </routes>
            </te-group>
            <te-group>
              <routes>
                <route to="in0">
                  <actions>
                    <action arg="2767" type="swap"/>
                    <action arg="2817" type="push"/>
                  </actions>
                </route>
              </routes>
            </te-group>
          </te-groups>
        </destination>
      </destinations>
    </routing>
    <routing for="Santa_Clara">
      <destinations>
        <destination from="eg0" ip="ip">
          <te-groups>
            <te-group>
              <routes>
                <route to="in0">
                  <actions>
                    <action arg="1114" type="push"/>
                  </actions>
                </route>
                <route to="in0">
                  <actions>
                    <action arg="1108" type="push"/>
                  </actions>
                </route>
                <route to="in0">
                  <actions>
                    <action arg="1198" type="push"/>
                  </actions>
                </route>
                <route to="in0">
                  <actions>
                    <action arg="1194" type="push"/>
                  </actions>
                </route>
                <route to="in0">
                  <actions>
                    <action arg="1189" type="push"/>
                  </actions>
                </route>
                <route to="in0">
                  <actions>
                    <action arg="1185" type="push"/>
                  </actions>
                </route>
                <route to="in0">
                  <actions>
                    <action arg="1181" type="push"/>
                  </actions>
                </route>
                <route to="in0">
                  <actions>
                    <action arg="1178" type="push"/>
                  </actions>
                </route>
                <route to="in4">
                  <actions>
                    <action arg="1174" type="push"/>
                  </actions>
                </route>
                <route to="in4">
                  <actions>
                    <action arg="1171" type="push"/>
                  </actions>
                </route>
                <route to="in0">
                  <actions>
                    <action arg="1165" type="push"/>
                  </actions>
                </route>
                <route to="in0">
                  <actions>
                    <action arg="1160" type="push"/>
                  </actions>
                </route>
                <route to="in4">
                  <actions>
                    <action arg="1158" type="push"/>
                  </actions>
                </route>
                <route to="in2">
                  <actions>
                    <action arg="1154" type="push"/>
                  </actions>
                </route>
                <route to="in1">
                  <actions>
                    <action arg="1152" type="push"/>
                  </actions>
                </route>
                <route to="in0">
                  <actions>
                    <action arg="1150" type="push"/>
                  </actions>
                </route>
                <route to="in0">
                  <actions>
                    <action arg="1147" type="push"/>
                  </actions>
                </route>
                <route to="in0">
                  <actions>
                    <action arg="1142" type="push"/>
                  </actions>
                </route>
                <route to="in0">
                  <actions>
                    <action arg="1138" type="push"/>
                  </actions>
                </route>
                <route to="in0">
                  <actions>
                    <action arg="1135" type="push"/>
                  </actions>
                </route>
                <route to="in0">
                  <actions>
                    <action arg="1130" type="push"/>
                  </actions>
                </route>
                <route to="in0">
                  <actions>
                    <action arg="1125" type="push"/>
                  </actions>
                </route>
                <route to="in0">
                  <actions>
                    <action arg="1119" type="push"/>
                  </actions>
                </route>
                <route to="in3">
                  <actions>
                    <action arg="1156" type="push"/>
                  </actions>
                </route>
              </routes>
            </te-group>
            <te-group>
              <routes>
                <route to="in2">
                  <actions>
                    <action arg="1165" type="push"/>
                    <action arg="2824" type="push"/>
                  </actions>
                </route>
                <route to="in2">
                  <actions>
                    <action arg="1178" type="push"/>
                    <action arg="2824" type="push"/>
                  </actions>
                </route>
                <route to="in2">
                  <actions>
                    <action arg="1181" type="push"/>
                    <action arg="2824" type="push"/>
                  </actions>
                </route>
                <route to="in2">
                  <actions>
                    <action arg="1185" type="push"/>
                    <action arg="2824" type="push"/>
                  </actions>
                </route>
                <route to="in2">
                  <actions>
                    <action arg="1189" type="push"/>
                    <action arg="2824" type="push"/>
                  </actions>
                </route>
                <route to="in2">
                  <actions>
                    <action arg="1194" type="push"/>
                    <action arg="2824" type="push"/>
                  </actions>
                </route>
                <route to="in2">
                  <actions>
                    <action arg="1198" type="push"/>
                    <action arg="2824" type="push"/>
                  </actions>
                </route>
                <route to="in0">
                  <actions>
                    <action arg="1154" type="push"/>
                    <action arg="2825" type="push"/>
                  </actions>
                </route>
                <route to="in0">
                  <actions>
                    <action arg="1158" type="push"/>
                    <action arg="2828" type="push"/>
                  </actions>
                </route>
                <route to="in0">
                  <actions>
                    <action arg="1171" type="push"/>
                    <action arg="2828" type="push"/>
                  </actions>
                </route>
                <route to="in0">
                  <actions>
                    <action arg="1174" type="push"/>
                    <action arg="2828" type="push"/>
                  </actions>
                </route>
                <route to="in2">
                  <actions>
                    <action arg="1150" type="push"/>
                    <action arg="2824" type="push"/>
                  </actions>
                </route>
                <route to="in2">
                  <actions>
                    <action arg="1108" type="push"/>
                    <action arg="2824" type="push"/>
                  </actions>
                </route>
                <route to="in2">
                  <actions>
                    <action arg="1114" type="push"/>
                    <action arg="2824" type="push"/>
                  </actions>
                </route>
                <route to="in2">
                  <actions>
                    <action arg="1119" type="push"/>
                    <action arg="2824" type="push"/>
                  </actions>
                </route>
                <route to="in2">
                  <actions>
                    <action arg="1125" type="push"/>
                    <action arg="2824" type="push"/>
                  </actions>
                </route>
                <route to="in2">
                  <actions>
                    <action arg="1130" type="push"/>
                    <action arg="2824" type="push"/>
                  </actions>
                </route>
                <route to="in2">
                  <actions>
                    <action arg="1138" type="push"/>
                    <action arg="2824" type="push"/>
                  </actions>
                </route>
                <route to="in2">
                  <actions>
                    <action arg="1160" type="push"/>
                    <action arg="2824" type="push"/>
                  </actions>
                </route>
                <route to="in2">
                  <actions>
                    <action arg="1147" type="push"/>
                    <action arg="2824" type="push"/>
                  </actions>
                </route>
                <route to="in2">
                  <actions>
                    <action arg="1142" type="push"/>
                    <action arg="2824" type="push"/>
                  </actions>
                </route>
                <route to="in2">
                  <actions>
                    <action arg="1135" type="push"/>
                    <action arg="2824" type="push"/>
                  </actions>
                </route>
              </routes>
            </te-group>
            <te-group>
              <routes>
                <route to="in0">
                  <actions>
                    <action arg="1165" type="push"/>
                    <action arg="2824" type="push"/>
                    <action arg="2825" type="push"/>
                  </actions>
                </route>
                <route to="in0">
                  <actions>
                    <action arg="1108" type="push"/>
                    <action arg="2824" type="push"/>
                    <action arg="2825" type="push"/>
                  </actions>
                </route>
                <route to="in0">
                  <actions>
                    <action arg="1114" type="push"/>
                    <action arg="2824" type="push"/>
                    <action arg="2825" type="push"/>
                  </actions>
                </route>
                <route to="in0">
                  <actions>
                    <action arg="1198" type="push"/>
                    <action arg="2824" type="push"/>
                    <action arg="2825" type="push"/>
                  </actions>
                </route>
                <route to="in0">
                  <actions>
                    <action arg="1194" type="push"/>
                    <action arg="2824" type="push"/>
                    <action arg="2825" type="push"/>
                  </actions>
                </route>
                <route to="in0">
                  <actions>
                    <action arg="1189" type="push"/>
                    <action arg="2824" type="push"/>
                    <action arg="2825" type="push"/>
                  </actions>
                </route>
                <route to="in0">
                  <actions>
                    <action arg="1185" type="push"/>
                    <action arg="2824" type="push"/>
                    <action arg="2825" type="push"/>
                  </actions>
                </route>
                <route to="in0">
                  <actions>
                    <action arg="1181" type="push"/>
                    <action arg="2824" type="push"/>
                    <action arg="2825" type="push"/>
                  </actions>
                </route>
                <route to="in0">
                  <actions>
                    <action arg="1178" type="push"/>
                    <action arg="2824" type="push"/>
                    <action arg="2825" type="push"/>
                  </actions>
                </route>
                <route to="in0">
                  <actions>
                    <action arg="1119" type="push"/>
                    <action arg="2824" type="push"/>
                    <action arg="2825" type="push"/>
                  </actions>
                </route>
                <route to="in0">
                  <actions>
                    <action arg="1160" type="push"/>
                    <action arg="2824" type="push"/>
                    <action arg="2825" type="push"/>
                  </actions>
                </route>
                <route to="in0">
                  <actions>
                    <action arg="1150" type="push"/>
                    <action arg="2824" type="push"/>
                    <action arg="2825" type="push"/>
                  </actions>
                </route>
                <route to="in0">
                  <actions>
                    <action arg="1147" type="push"/>
                    <action arg="2824" type="push"/>
                    <action arg="2825" type="push"/>
                  </actions>
                </route>
                <route to="in0">
                  <actions>
                    <action arg="1142" type="push"/>
                    <action arg="2824" type="push"/>
                    <action arg="2825" type="push"/>
                  </actions>
                </route>
                <route to="in0">
                  <actions>
                    <action arg="1138" type="push"/>
                    <action arg="2824" type="push"/>
                    <action arg="2825" type="push"/>
                  </actions>
                </route>
                <route to="in0">
                  <actions>
                    <action arg="1135" type="push"/>
                    <action arg="2824" type="push"/>
                    <action arg="2825" type="push"/>
                  </actions>
                </route>
                <route to="in0">
                  <actions>
                    <action arg="1130" type="push"/>
                    <action arg="2824" type="push"/>
                    <action arg="2825" type="push"/>
                  </actions>
                </route>
                <route to="in0">
                  <actions>
                    <action arg="1125" type="push"/>
                    <action arg="2824" type="push"/>
                    <action arg="2825" type="push"/>
                  </actions>
                </route>
              </routes>
            </te-group>
          </te-groups>
        </destination>
        <destination from="in0" label="82">
          <te-groups>
            <te-group>
              <routes>
                <route to="eg0">
                  <actions>
                    <action type="pop"/>
                  </actions>
                </route>
              </routes>
            </te-group>
          </te-groups>
        </destination>
        <destination from="in0" label="204">
          <te-groups>
            <te-group>
              <routes>
                <route to="eg0">
                  <actions>
                    <action type="pop"/>
                  </actions>
                </route>
              </routes>
            </te-group>
          </te-groups>
        </destination>
        <destination from="in0" label="327">
          <te-groups>
            <te-group>
              <routes>
                <route to="eg0">
                  <actions>
                    <action type="pop"/>
                  </actions>
                </route>
              </routes>
            </te-group>
          </te-groups>
        </destination>
        <destination from="in0" label="435">
          <te-groups>
            <te-group>
              <routes>
                <route to="eg0">
                  <actions>
                    <action type="pop"/>
                  </actions>
                </route>
              </routes>
            </te-group>
          </te-groups>
        </destination>
        <destination from="in0" label="539">
          <te-groups>
            <te-group>
              <routes>
                <route to="eg0">
                  <actions>
                    <action type="pop"/>
                  </actions>
                </route>
              </routes>
            </te-group>
          </te-groups>
        </destination>
        <destination from="in0" label="651">
          <te-groups>
            <te-group>
              <routes>
                <route to="eg0">
                  <actions>
                    <action type="pop"/>
                  </actions>
                </route>
              </routes>
            </te-group>
          </te-groups>
        </destination>
        <destination from="in0" label="748">
          <te-groups>
            <te-group>
              <routes>
                <route to="eg0">
                  <actions>
                    <action type="pop"/>
                  </actions>
                </route>
              </routes>
            </te-group>
          </te-groups>
        </destination>
        <destination from="in0" label="852">
          <te-groups>
            <te-group>
              <routes>
                <route to="eg0">
                  <actions>
                    <action type="pop"/>
                  </actions>
                </route>
              </routes>
            </te-group>
          </te-groups>
        </destination>
        <destination from="in0" label="962">
          <te-groups>
            <te-group>
              <routes>
                <route to="eg0">
                  <actions>
                    <action type="pop"/>
                  </actions>
                </route>
              </routes>
            </te-group>
          </te-groups>
        </destination>
        <destination from="in0" label="1060">
          <te-groups>
            <te-group>
              <routes>
                <route to="eg0">
                  <actions>
                    <action type="pop"/>
                  </actions>
                </route>
              </routes>
            </te-group>
          </te-groups>
        </destination>
        <destination from="in0" label="1361">
          <te-groups>
            <te-group>
              <routes>
                <route to="eg0">
                  <actions>
                    <action type="pop"/>
                  </actions>
                </route>
              </routes>
            </te-group>
          </te-groups>
        </destination>
        <destination from="in0" label="1583">
          <te-groups>
            <te-group>
              <routes>
                <route to="eg0">
                  <actions>
                    <action type="pop"/>
                  </actions>
                </route>
              </routes>
            </te-group>
          </te-groups>
        </destination>
        <destination from="in0" label="1679">
          <te-groups>
            <te-group>
              <routes>
                <route to="eg0">
                  <actions>
                    <action type="pop"/>
                  </actions>
                </route>
              </routes>
            </te-group>
          </te-groups>
        </destination>
        <destination from="in0" label="1816">
          <te-groups>
            <te-group>
              <routes>
                <route to="eg0">
                  <actions>
                    <action type="pop"/>
                  </actions>
                </route>
              </routes>
            </te-group>
          </te-groups>
        </destination>
        <destination from="in0" label="1950">
          <te-groups>
            <te-group>
              <routes>
                <route to="eg0">
                  <actions>
                    <action type="pop"/>
                  </actions>
                </route>
              </routes>
            </te-group>
          </te-groups>
        </destination>
        <destination from="in0" label="2084">
          <te-groups>
            <te-group>
              <routes>
                <route to="eg0">
                  <actions>
                    <action type="pop"/>
                  </actions>
                </route>
              </routes>
            </te-group>
          </te-groups>
        </destination>
        <destination from="in0" label="2188">
          <te-groups>
            <te-group>
              <routes>
                <route to="eg0">
                  <actions>
                    <action type="pop"/>
                  </actions>
                </route>
              </routes>
            </te-group>
          </te-groups>
        </destination>
        <destination from="in0" label="2293">
          <te-groups>
            <te-group>
              <routes>
                <route to="eg0">
                  <actions>
                    <action type="pop"/>
                  </actions>
                </route>
              </routes>
            </te-group>
          </te-groups>
        </destination>
        <destination from="in0" label="2410">
          <te-groups>
            <te-group>
              <routes>
                <route to="eg0">
                  <actions>
                    <action type="pop"/>
                  </actions>
                </route>
              </routes>
            </te-group>
          </te-groups>
        </destination>
        <destination from="in0" label="2528">
          <te-groups>
            <te-group>
              <routes>
                <route to="eg0">
                  <actions>
                    <action type="pop"/>
                  </actions>
                </route>
              </routes>
            </te-group>
          </te-groups>
        </destination>
        <destination from="in0" label="2625">
          <te-groups>
            <te-group>
              <routes>
                <route to="eg0">
                  <actions>
                    <action type="pop"/>
                  </actions>
                </route>
              </routes>
            </te-group>
          </te-groups>
        </destination>
        <destination from="in0" label="2724">
          <te-groups>
            <te-group>
              <routes>
                <route to="eg0">
                  <actions>
                    <action type="pop"/>
                  </actions>
                </route>
              </routes>
            </te-group>
          </te-groups>
        </destination>
        <destination from="in0" label="2814">
          <te-groups>
            <te-group>
              <routes>
                <route to="in2">
                  <actions>
                    <action type="pop"/>
                  </actions>
                </route>
              </routes>
            </te-group>
            <te-group>
              <routes>
                <route to="in0">
                  <actions>
                    <action arg="2825" type="swap"/>
                  </actions>
                </route>
              </routes>
            </te-group>
          </te-groups>
        </destination>
        <destination from="in0" label="2829">
          <te-groups>
            <te-group>
              <routes>
                <route to="in0">
                  <actions>
                    <action type="pop"/>
                  </actions>
                </route>
              </routes>
            </te-group>
          </te-groups>
        </destination>
        <destination from="in0" label="2841">
          <te-groups>
            <te-group>
              <routes>
                <route to="in4">
                  <actions>
                    <action type="pop"/>
                  </actions>
                </route>
              </routes>
            </te-group>
          </te-groups>
        </destination>
        <destination from="in0" label="2854">
          <te-groups>
            <te-group>
              <routes>
                <route to="in4">
                  <actions>
                    <action arg="2853" type="swap"/>
                  </actions>
                </route>
              </routes>
            </te-group>
          </te-groups>
        </destination>
        <destination from="in0" label="$88">
          <te-groups>
            <te-group>
              <routes>
                <route to="in1">
                  <actions>
                    <action arg="89" type="swap"/>
                  </actions>
                </route>
              </routes>
            </te-group>
          </te-groups>
        </destination>
        <destination from="in0" label="$101">
          <te-groups>
            <te-group>
              <routes>
                <route to="in3">
                  <actions>
                    <action arg="102" type="swap"/>
                  </actions>
                </route>
              </routes>
            </te-group>
          </te-groups>
        </destination>
        <destination from="in0" label="$108">
          <te-groups>
            <te-group>
              <routes>
                <route to="in4">
                  <actions>
                    <action arg="109" type="swap"/>
                  </actions>
                </route>
              </routes>
            </te-group>
            <te-group>
              <routes>
                <route to="in0">
                  <actions>
                    <action arg="109" type="swap"/>
                    <action arg="2828" type="push"/>
                  </actions>
                </route>
              </routes>
            </te-group>
          </te-groups>
        </destination>
        <destination from="in0" label="$126">
          <te-groups>
            <te-group>
              <routes>
                <route to="in4">
                  <actions>
                    <action arg="127" type="swap"/>
                  </actions>
                </route>
              </routes>
            </te-group>
            <te-group>
              <routes>
                <route to="in0">
                  <actions>
                    <action arg="127" type="swap"/>
                    <action arg="2828" type="push"/>
                  </actions>
                </route>
              </routes>
            </te-group>
          </te-groups>
        </destination>
        <destination from="in0" label="$134">
          <te-groups>
            <te-group>
              <routes>
                <route to="in4">
                  <actions>
                    <action arg="135" type="swap"/>
                  </actions>
                </route>
              </routes>
            </te-group>
            <te-group>
              <routes>
                <route to="in0">
                  <actions>
                    <action arg="135" type="swap"/>
                    <action arg="2828" type="push"/>
                  </actions>
                </route>
              </routes>
            </te-group>
          </te-groups>
        </destination>
        <destination from="in0" label="$209">
          <te-groups>
            <te-group>
              <routes>
                <route to="in1">
                  <actions>
                    <action arg="210" type="swap"/>
                  </actions>
                </route>
              </routes>
            </te-group>
          </te-groups>
        </destination>
        <destination from="in0" label="$220">
          <te-groups>
            <te-group>
              <routes>
                <route to="in3">
                  <actions>
                    <action arg="221" type="swap"/>
                  </actions>
                </route>
              </routes>
            </te-group>
          </te-groups>
        </destination>
        <destination from="in0" label="$226">
          <te-groups>
            <te-group>
              <routes>
                <route to="in4">
                  <actions>
                    <action arg="227" type="swap"/>
                  </actions>
                </route>
              </routes>
            </te-group>
            <te-group>
              <routes>
                <route to="in0">
                  <actions>
                    <action arg="227" type="swap"/>
                    <action arg="2828" type="push"/>
                  </actions>
                </route>
              </routes>
            </te-group>
          </te-groups>
        </destination>
        <destination from="in0" label="$245">
          <te-groups>
            <te-group>
              <routes>
                <route to="in4">
                  <actions>
                    <action arg="246" type="swap"/>
                  </actions>
                </route>
              </routes>
            </te-group>
            <te-group>
              <routes>
                <route to="in0">
                  <actions>
                    <action arg="246" type="swap"/>
                    <action arg="2828" type="push"/>
                  </actions>
                </route>
              </routes>
            </te-group>
          </te-groups>
        </destination>
        <destination from="in0" label="$252">
          <te-groups>
            <te-group>
              <routes>
                <route to="in4">
                  <actions>
                    <action arg="253" type="swap"/>
                  </actions>
                </route>
              </routes>
            </te-group>
            <te-group>
              <routes>
                <route to="in0">
                  <actions>
                    <action arg="253" type="swap"/>
                    <action arg="2828" type="push"/>
                  </actions>
                </route>
              </routes>
            </te-group>
          </te-groups>
        </destination>
        <destination from="in0" label="$333">
          <te-groups>
            <te-group>
              <routes>
                <route to="in1">
                  <actions>
                    <action arg="334" type="swap"/>
                  </actions>
                </route>
              </routes>
            </te-group>
          </te-groups>
        </destination>
        <destination from="in0" label="$346">
          <te-groups>
            <te-group>
              <routes>
                <route to="in3">
                  <actions>
                    <action arg="347" type="swap"/>
                  </actions>
                </route>
              </routes>
            </te-group>
          </te-groups>
        </destination>
        <destination from="in0" label="$353">
          <te-groups>
            <te-group>
              <routes>
                <route to="in4">
                  <actions>
                    <action arg="354" type="swap"/>
                  </actions>
                </route>
              </routes>
            </te-group>
            <te-group>
              <routes>
                <route to="in0">
                  <actions>
                    <action arg="354" type="swap"/>
                    <action arg="2828" type="push"/>
                  </actions>
                </route>
              </routes>
            </te-group>
          </te-groups>
        </destination>
        <destination from="in0" label="$367">
          <te-groups>
            <te-group>
              <routes>
                <route to="in4">
                  <actions>
                    <action arg="368" type="swap"/>
                  </actions>
                </route>
              </routes>
            </te-group>
            <te-group>
              <routes>
                <route to="in0">
                  <actions>
                    <action arg="368" type="swap"/>
                    <action arg="2828" type="push"/>
                  </actions>
                </route>
              </routes>
            </te-group>
          </te-groups>
        </destination>
        <destination from="in0" label="$375">
          <te-groups>
            <te-group>
              <routes>
                <route to="in4">
                  <actions>
                    <action arg="376" type="swap"/>
                  </actions>
                </route>
              </routes>
            </te-group>
            <te-group>
              <routes>
                <route to="in0">
                  <actions>
                    <action arg="376" type="swap"/>
                    <action arg="2828" type="push"/>
                  </actions>
                </route>
              </routes>
            </te-group>
          </te-groups>
        </destination>
        <destination from="in0" label="$440">
          <te-groups>
            <te-group>
              <routes>
                <route to="in1">
                  <actions>
                    <action arg="441" type="swap"/>
                  </actions>
                </route>
              </routes>
            </te-group>
          </te-groups>
        </destination>
        <destination from="in0" label="$451">
          <te-groups>
            <te-group>
              <routes>
                <route to="in3">
                  <actions>
                    <action arg="452" type="swap"/>
                  </actions>
                </route>
              </routes>
            </te-group>
          </te-groups>
        </destination>
        <destination from="in0" label="$457">
          <te-groups>
            <te-group>
              <routes>
                <route to="in4">
                  <actions>
                    <action arg="458" type="swap"/>
                  </actions>
                </route>
              </routes>
            </te-group>
            <te-group>
              <routes>
                <route to="in0">
                  <actions>
                    <action arg="458" type="swap"/>
                    <action arg="2828" type="push"/>
                  </actions>
                </route>
              </routes>
            </te-group>
          </te-groups>
        </destination>
        <destination from="in0" label="$468">
          <te-groups>
            <te-group>
              <routes>
                <route to="in4">
                  <actions>
                    <action arg="469" type="swap"/>
                  </actions>
                </route>
              </routes>
            </te-group>
            <te-group>
              <routes>
                <route to="in0">
                  <actions>
                    <action arg="469" type="swap"/>
                    <action arg="2828" type="push"/>
                  </actions>
                </route>
              </routes>
            </te-group>
          </te-groups>
        </destination>
        <destination from="in0" label="$475">
          <te-groups>
            <te-group>
              <routes>
                <route to="in4">
                  <actions>
                    <action arg="476" type="swap"/>
                  </actions>
                </route>
              </routes>
            </te-group>
            <te-group>
              <routes>
                <route to="in0">
                  <actions>
                    <action arg="476" type="swap"/>
                    <action arg="2828" type="push"/>
                  </actions>
                </route>
              </routes>
            </te-group>
          </te-groups>
        </destination>
        <destination from="in0" label="$544">
          <te-groups>
            <te-group>
              <routes>
                <route to="in1">
                  <actions>
                    <action arg="545" type="swap"/>
                  </actions>
                </route>
              </routes>
            </te-group>
          </te-groups>
        </destination>
        <destination from="in0" label="$555">
          <te-groups>
            <te-group>
              <routes>
                <route to="in3">
                  <actions>
                    <action arg="556" type="swap"/>
                  </actions>
                </route>
              </routes>
            </te-group>
          </te-groups>
        </destination>
        <destination from="in0" label="$561">
          <te-groups>
            <te-group>
              <routes>
                <route to="in4">
                  <actions>
                    <action arg="562" type="swap"/>
                  </actions>
                </route>
              </routes>
            </te-group>
            <te-group>
              <routes>
                <route to="in0">
                  <actions>
                    <action arg="562" type="swap"/>
                    <action arg="2828" type="push"/>
                  </actions>
                </route>
              </routes>
            </te-group>
          </te-groups>
        </destination>
        <destination from="in0" label="$580">
          <te-groups>
            <te-group>
              <routes>
                <route to="in4">
                  <actions>
                    <action arg="581" type="swap"/>
                  </actions>
                </route>
              </routes>
            </te-group>
            <te-group>
              <routes>
                <route to="in0">
                  <actions>
                    <action arg="581" type="swap"/>
                    <action arg="2828" type="push"/>
                  </actions>
                </route>
              </routes>
            </te-group>
          </te-groups>
        </destination>
        <destination from="in0" label="$587">
          <te-groups>
            <te-group>
              <routes>
                <route to="in4">
                  <actions>
                    <action arg="588" type="swap"/>
                  </actions>
                </route>
              </routes>
            </te-group>
            <te-group>
              <routes>
                <route to="in0">
                  <actions>
                    <action arg="588" type="swap"/>
                    <action arg="2828" type="push"/>
                  </actions>
                </route>
              </routes>
            </te-group>
          </te-groups>
        </destination>
        <destination from="in0" label="$654">
          <te-groups>
            <te-group>
              <routes>
                <route to="in1">
                  <actions>
                    <action arg="655" type="swap"/>
                  </actions>
                </route>
              </routes>
            </te-group>
          </te-groups>
        </destination>
        <destination from="in0" label="$661">
          <te-groups>
            <te-group>
              <routes>
                <route to="in3">
                  <actions>
                    <action arg="662" type="swap"/>
                  </actions>
                </route>
              </routes>
            </te-group>
          </te-groups>
        </destination>
        <destination from="in0" label="$665">
          <te-groups>
            <te-group>
              <routes>
                <route to="in4">
                  <actions>
                    <action arg="666" type="swap"/>
                  </actions>
                </route>
              </routes>
            </te-group>
            <te-group>
              <routes>
                <route to="in0">
                  <actions>
                    <action arg="666" type="swap"/>
                    <action arg="2828" type="push"/>
                  </actions>
                </route>
              </routes>
            </te-group>
          </te-groups>
        </destination>
        <destination from="in0" label="$682">
          <te-groups>
            <te-group>
              <routes>
                <route to="in4">
                  <actions>
                    <action arg="683" type="swap"/>
                  </actions>
                </route>
              </routes>
            </te-group>
            <te-group>
              <routes>
                <route to="in0">
                  <actions>
                    <action arg="683" type="swap"/>
                    <action arg="2828" type="push"/>
                  </actions>
                </route>
              </routes>
            </te-group>
          </te-groups>
        </destination>
        <destination from="in0" label="$687">
          <te-groups>
            <te-group>
              <routes>
                <route to="in4">
                  <actions>
                    <action arg="688" type="swap"/>
                  </actions>
                </route>
              </routes>
            </te-group>
            <te-group>
              <routes>
                <route to="in0">
                  <actions>
                    <action arg="688" type="swap"/>
                    <action arg="2828" type="push"/>
                  </actions>
                </route>
              </routes>
            </te-group>
          </te-groups>
        </destination>
        <destination from="in0" label="$752">
          <te-groups>
            <te-group>
              <routes>
                <route to="in1">
                  <actions>
                    <action arg="753" type="swap"/>
                  </actions>
                </route>
              </routes>
            </te-group>
          </te-groups>
        </destination>
        <destination from="in0" label="$761">
          <te-groups>
            <te-group>
              <routes>
                <route to="in3">
                  <actions>
                    <action arg="762" type="swap"/>
                  </actions>
                </route>
              </routes>
            </te-group>
          </te-groups>
        </destination>
        <destination from="in0" label="$766">
          <te-groups>
            <te-group>
              <routes>
                <route to="in4">
                  <actions>
                    <action arg="767" type="swap"/>
                  </actions>
                </route>
              </routes>
            </te-group>
            <te-group>
              <routes>
                <route to="in0">
                  <actions>
                    <action arg="767" type="swap"/>
                    <action arg="2828" type="push"/>
                  </actions>
                </route>
              </routes>
            </te-group>
          </te-groups>
        </destination>
        <destination from="in0" label="$782">
          <te-groups>
            <te-group>
              <routes>
                <route to="in4">
                  <actions>
                    <action arg="783" type="swap"/>
                  </actions>
                </route>
              </routes>
            </te-group>
            <te-group>
              <routes>
                <route to="in0">
                  <actions>
                    <action arg="783" type="swap"/>
                    <action arg="2828" type="push"/>
                  </actions>
                </route>
              </routes>
            </te-group>
          </te-groups>
        </destination>
        <destination from="in0" label="$788">
          <te-groups>
            <te-group>
              <routes>
                <route to="in4">
                  <actions>
                    <action arg="789" type="swap"/>
                  </actions>
                </route>
              </routes>
            </te-group>
            <te-group>
              <routes>
                <route to="in0">
                  <actions>
                    <action arg="789" type="swap"/>
                    <action arg="2828" type="push"/>
                  </actions>
                </route>
              </routes>
            </te-group>
          </te-groups>
        </destination>
        <destination from="in0" label="$857">
          <te-groups>
            <te-group>
              <routes>
                <route to="in1">
                  <actions>
                    <action arg="858" type="swap"/>
                  </actions>
                </route>
              </routes>
            </te-group>
          </te-groups>
        </destination>
        <destination from="in0" label="$868">
          <te-groups>
            <te-group>
              <routes>
                <route to="in3">
                  <actions>
                    <action arg="869" type="swap"/>
                  </actions>
                </route>
              </routes>
            </te-group>
          </te-groups>
        </destination>
        <destination from="in0" label="$874">
          <te-groups>
            <te-group>
              <routes>
                <route to="in4">
                  <actions>
                    <action arg="875" type="swap"/>
                  </actions>
                </route>
              </routes>
            </te-group>
            <te-group>
              <routes>
                <route to="in0">
                  <actions>
                    <action arg="875" type="swap"/>
                    <action arg="2828" type="push"/>
                  </actions>
                </route>
              </routes>
            </te-group>
          </te-groups>
        </destination>
        <destination from="in0" label="$965">
          <te-groups>
            <te-group>
              <routes>
                <route to="in1">
                  <actions>
                    <action arg="966" type="swap"/>
                  </actions>
                </route>
              </routes>
            </te-group>
          </te-groups>
        </destination>
        <destination from="in0" label="$972">
          <te-groups>
            <te-group>
              <routes>
                <route to="in3">
                  <actions>
                    <action arg="973" type="swap"/>
                  </actions>
                </route>
              </routes>
            </te-group>
          </te-groups>
        </destination>
        <destination from="in0" label="$976">
          <te-groups>
            <te-group>
              <routes>
                <route to="in4">
                  <actions>
                    <action arg="977" type="swap"/>
                  </actions>
                </route>
              </routes>
            </te-group>
            <te-group>
              <routes>
                <route to="in0">
                  <actions>
                    <action arg="977" type="swap"/>
                    <action arg="2828" type="push"/>
                  </actions>
                </route>
              </routes>
            </te-group>
          </te-groups>
        </destination>
        <destination from="in0" label="$991">
          <te-groups>
            <te-group>
              <routes>
                <route to="in4">
                  <actions>
                    <action arg="992" type="swap"/>
                  </actions>
                </route>
              </routes>
            </te-group>
            <te-group>
              <routes>
                <route to="in0">
                  <actions>
                    <action arg="992" type="swap"/>
                    <action arg="2828" type="push"/>
                  </actions>
                </route>
              </routes>
            </te-group>
          </te-groups>
        </destination>
        <destination from="in0" label="$996">
          <te-groups>
            <te-group>
              <routes>
                <route to="in4">
                  <actions>
                    <action arg="997" type="swap"/>
                  </actions>
                </route>
              </routes>
            </te-group>
            <te-group>
              <routes>
                <route to="in0">
                  <actions>
                    <action arg="997" type="swap"/>
                    <action arg="2828" type="push"/>
                  </actions>
                </route>
              </routes>
            </te-group>
          </te-groups>
        </destination>
        <destination from="in0" label="$1062">
          <te-groups>
            <te-group>
              <routes>
                <route to="in1">
                  <actions>
                    <action arg="1063" type="swap"/>
                  </actions>
                </route>
              </routes>
            </te-group>
          </te-groups>
        </destination>
        <destination from="in0" label="$1067">
          <te-groups>
            <te-group>
              <routes>
                <route to="in3">
                  <actions>
                    <action arg="1068" type="swap"/>
                  </actions>
                </route>
              </routes>
            </te-group>
          </te-groups>
        </destination>
        <destination from="in0" label="$1070">
          <te-groups>
            <te-group>
              <routes>
                <route to="in4">
                  <actions>
                    <action arg="1071" type="swap"/>
                  </actions>
                </route>
              </routes>
            </te-group>
            <te-group>
              <routes>
                <route to="in0">
                  <actions>
                    <action arg="1071" type="swap"/>
                    <action arg="2828" type="push"/>
                  </actions>
                </route>
              </routes>
            </te-group>
          </te-groups>
        </destination>
        <destination from="in0" label="$1082">
          <te-groups>
            <te-group>
              <routes>
                <route to="in4">
                  <actions>
                    <action arg="1083" type="swap"/>
                  </actions>
                </route>
              </routes>
            </te-group>
            <te-group>
              <routes>
                <route to="in0">
                  <actions>
                    <action arg="1083" type="swap"/>
                    <action arg="2828" type="push"/>
                  </actions>
                </route>
              </routes>
            </te-group>
          </te-groups>
        </destination>
        <destination from="in0" label="$1086">
          <te-groups>
            <te-group>
              <routes>
                <route to="in4">
                  <actions>
                    <action arg="1087" type="swap"/>
                  </actions>
                </route>
              </routes>
            </te-group>
            <te-group>
              <routes>
                <route to="in0">
                  <actions>
                    <action arg="1087" type="swap"/>
                    <action arg="2828" type="push"/>
                  </actions>
                </route>
              </routes>
            </te-group>
          </te-groups>
        </destination>
        <destination from="in0" label="$1363">
          <te-groups>
            <te-group>
              <routes>
                <route to="in1">
                  <actions>
                    <action arg="1364" type="swap"/>
                  </actions>
                </route>
              </routes>
            </te-group>
          </te-groups>
        </destination>
        <destination from="in0" label="$1366">
          <te-groups>
            <te-group>
              <routes>
                <route to="in3">
                  <actions>
                    <action arg="1367" type="swap"/>
                  </actions>
                </route>
              </routes>
            </te-group>
          </te-groups>
        </destination>
        <destination from="in0" label="$1369">
          <te-groups>
            <te-group>
              <routes>
                <route to="in4">
                  <actions>
                    <action arg="1370" type="swap"/>
                  </actions>
                </route>
              </routes>
            </te-group>
            <te-group>
              <routes>
                <route to="in0">
                  <actions>
                    <action arg="1370" type="swap"/>
                    <action arg="2828" type="push"/>
                  </actions>
                </route>
              </routes>
            </te-group>
          </te-groups>
        </destination>
        <destination from="in0" label="$1383">
          <te-groups>
            <te-group>
              <routes>
                <route to="in4">
                  <actions>
                    <action arg="1384" type="swap"/>
                  </actions>
                </route>
              </routes>
            </te-group>
            <te-group>
              <routes>
                <route to="in0">
                  <actions>
                    <action arg="1384" type="swap"/>
                    <action arg="2828" type="push"/>
                  </actions>
                </route>
              </routes>
            </te-group>
          </te-groups>
        </destination>
        <destination from="in0" label="$1387">
          <te-groups>
            <te-group>
              <routes>
                <route to="in4">
                  <actions>
                    <action arg="1388" type="swap"/>
                  </actions>
                </route>
              </routes>
            </te-group>
            <te-group>
              <routes>
                <route to="in0">
                  <actions>
                    <action arg="1388" type="swap"/>
                    <action arg="2828" type="push"/>
                  </actions>
                </route>
              </routes>
            </te-group>
          </te-groups>
        </destination>
        <destination from="in0" label="$1531">
          <te-groups>
            <te-group>
              <routes>
                <route to="in0">
                  <actions>
                    <action arg="1532" type="swap"/>
                  </actions>
                </route>
              </routes>
            </te-group>
            <te-group>
              <routes>
                <route to="in2">
                  <actions>
                    <action arg="1532" type="swap"/>
                    <action arg="2824" type="push"/>
                  </actions>
                </route>
              </routes>
            </te-group>
            <te-group>
              <routes>
                <route to="in0">
                  <actions>
                    <action arg="1532" type="swap"/>
                    <action arg="2824" type="push"/>
                    <action arg="2825" type="push"/>
                  </actions>
                </route>
              </routes>
            </te-group>
          </te-groups>
        </destination>
        <destination from="in0" label="$1538">
          <te-groups>
            <te-group>
              <routes>
                <route to="in0">
                  <actions>
                    <action arg="1539" type="swap"/>
                  </actions>
                </route>
              </routes>
            </te-group>
            <te-group>
              <routes>
                <route to="in2">
                  <actions>
                    <action arg="1539" type="swap"/>
                    <action arg="2824" type="push"/>
                  </actions>
                </route>
              </routes>
            </te-group>
            <te-group>
              <routes>
                <route to="in0">
                  <actions>
                    <action arg="1539" type="swap"/>
                    <action arg="2824" type="push"/>
                    <action arg="2825" type="push"/>
                  </actions>
                </route>
              </routes>
            </te-group>
          </te-groups>
        </destination>
        <destination from="in0" label="$1544">
          <te-groups>
            <te-group>
              <routes>
                <route to="in0">
                  <actions>
                    <action arg="1545" type="swap"/>
                  </actions>
                </route>
              </routes>
            </te-group>
            <te-group>
              <routes>
                <route to="in2">
                  <actions>
                    <action arg="1545" type="swap"/>
                    <action arg="2824" type="push"/>
                  </actions>
                </route>
              </routes>
            </te-group>
            <te-group>
              <routes>
                <route to="in0">
                  <actions>
                    <action arg="1545" type="swap"/>
                    <action arg="2824" type="push"/>
                    <action arg="2825" type="push"/>
                  </actions>
                </route>
              </routes>
            </te-group>
          </te-groups>
        </destination>
        <destination from="in0" label="$1551">
          <te-groups>
            <te-group>
              <routes>
                <route to="in0">
                  <actions>
                    <action arg="1552" type="swap"/>
                  </actions>
                </route>
              </routes>
            </te-group>
            <te-group>
              <routes>
                <route to="in2">
                  <actions>
                    <action arg="1552" type="swap"/>
                    <action arg="2824" type="push"/>
                  </actions>
                </route>
              </routes>
            </te-group>
            <te-group>
              <routes>
                <route to="in0">
                  <actions>
                    <action arg="1552" type="swap"/>
                    <action arg="2824" type="push"/>
                    <action arg="2825" type="push"/>
                  </actions>
                </route>
              </routes>
            </te-group>
          </te-groups>
        </destination>
        <destination from="in0" label="$1557">
          <te-groups>
            <te-group>
              <routes>
                <route to="in0">
                  <actions>
                    <action arg="1558" type="swap"/>
                  </actions>
                </route>
              </routes>
            </te-group>
            <te-group>
              <routes>
                <route to="in2">
                  <actions>
                    <action arg="1558" type="swap"/>
                    <action arg="2824" type="push"/>
                  </actions>
                </route>
              </routes>
            </te-group>
            <te-group>
              <routes>
                <route to="in0">
                  <actions>
                    <action arg="1558" type="swap"/>
                    <action arg="2824" type="push"/>
                    <action arg="2825" type="push"/>
                  </actions>
                </route>
              </routes>
            </te-group>
          </te-groups>
        </destination>
        <destination from="in0" label="$1563">
          <te-groups>
            <te-group>
              <routes>
                <route to="in0">
                  <actions>
                    <action arg="1564" type="swap"/>
                  </actions>
                </route>
              </routes>
            </te-group>
            <te-group>
              <routes>
                <route to="in2">
                  <actions>
                    <action arg="1564" type="swap"/>
                    <action arg="2824" type="push"/>
                  </actions>
                </route>
              </routes>
            </te-group>
            <te-group>
              <routes>
                <route to="in0">
                  <actions>
                    <action arg="1564" type="swap"/>
                    <action arg="2824" type="push"/>
                    <action arg="2825" type="push"/>
                  </actions>
                </route>
              </routes>
            </te-group>
          </te-groups>
        </destination>
        <destination from="in0" label="$1567">
          <te-groups>
            <te-group>
              <routes>
                <route to="in0">
                  <actions>
                    <action arg="1568" type="swap"/>
                  </actions>
                </route>
              </routes>
            </te-group>
            <te-group>
              <routes>
                <route to="in2">
                  <actions>
                    <action arg="1568" type="swap"/>
                    <action arg="2824" type="push"/>
                  </actions>
                </route>
              </routes>
            </te-group>
            <te-group>
              <routes>
                <route to="in0">
                  <actions>
                    <action arg="1568" type="swap"/>
                    <action arg="2824" type="push"/>
                    <action arg="2825" type="push"/>
                  </actions>
                </route>
              </routes>
            </te-group>
          </te-groups>
        </destination>
        <destination from="in0" label="$1576">
          <te-groups>
            <te-group>
              <routes>
                <route to="in0">
                  <actions>
                    <action arg="1577" type="swap"/>
                  </actions>
                </route>
              </routes>
            </te-group>
            <te-group>
              <routes>
                <route to="in2">
                  <actions>
                    <action arg="1577" type="swap"/>
                    <action arg="2824" type="push"/>
                  </actions>
                </route>
              </routes>
            </te-group>
            <te-group>
              <routes>
                <route to="in0">
                  <actions>
                    <action arg="1577" type="swap"/>
                    <action arg="2824" type="push"/>
                    <action arg="2825" type="push"/>
                  </actions>
                </route>
              </routes>
            </te-group>
          </te-groups>
        </destination>
        <destination from="in0" label="$1580">
          <te-groups>
            <te-group>
              <routes>
                <route to="in0">
                  <actions>
                    <action arg="1581" type="swap"/>
                  </actions>
                </route>
              </routes>
            </te-group>
            <te-group>
              <routes>
                <route to="in2">
                  <actions>
                    <action arg="1581" type="swap"/>
                    <action arg="2824" type="push"/>
                  </actions>
                </route>
              </routes>
            </te-group>
            <te-group>
              <routes>
                <route to="in0">
                  <actions>
                    <action arg="1581" type="swap"/>
                    <action arg="2824" type="push"/>
                    <action arg="2825" type="push"/>
                  </actions>
                </route>
              </routes>
            </te-group>
          </te-groups>
        </destination>
        <destination from="in0" label="$1585">
          <te-groups>
            <te-group>
              <routes>
                <route to="in1">
                  <actions>
                    <action arg="1586" type="swap"/>
                  </actions>
                </route>
              </routes>
            </te-group>
          </te-groups>
        </destination>
        <destination from="in0" label="$1588">
          <te-groups>
            <te-group>
              <routes>
                <route to="in2">
                  <actions>
                    <action arg="1589" type="swap"/>
                  </actions>
                </route>
              </routes>
            </te-group>
            <te-group>
              <routes>
                <route to="in0">
                  <actions>
                    <action arg="1589" type="swap"/>
                    <action arg="2825" type="push"/>
                  </actions>
                </route>
              </routes>
            </te-group>
          </te-groups>
        </destination>
        <destination from="in0" label="$1591">
          <te-groups>
            <te-group>
              <routes>
                <route to="in3">
                  <actions>
                    <action arg="1592" type="swap"/>
                  </actions>
                </route>
              </routes>
            </te-group>
          </te-groups>
        </destination>
        <destination from="in0" label="$1594">
          <te-groups>
            <te-group>
              <routes>
                <route to="in0">
                  <actions>
                    <action arg="1595" type="swap"/>
                  </actions>
                </route>
              </routes>
            </te-group>
            <te-group>
              <routes>
                <route to="in2">
                  <actions>
                    <action arg="1595" type="swap"/>
                    <action arg="2824" type="push"/>
                  </actions>
                </route>
              </routes>
            </te-group>
            <te-group>
              <routes>
                <route to="in0">
                  <actions>
                    <action arg="1595" type="swap"/>
                    <action arg="2824" type="push"/>
                    <action arg="2825" type="push"/>
                  </actions>
                </route>
              </routes>
            </te-group>
          </te-groups>
        </destination>
        <destination from="in0" label="$1600">
          <te-groups>
            <te-group>
              <routes>
                <route to="in0">
                  <actions>
                    <action arg="1601" type="swap"/>
                  </actions>
                </route>
              </routes>
            </te-group>
            <te-group>
              <routes>
                <route to="in2">
                  <actions>
                    <action arg="1601" type="swap"/>
                    <action arg="2824" type="push"/>
                  </actions>
                </route>
              </routes>
            </te-group>
            <te-group>
              <routes>
                <route to="in0">
                  <actions>
                    <action arg="1601" type="swap"/>
                    <action arg="2824" type="push"/>
                    <action arg="2825" type="push"/>
                  </actions>
                </route>
              </routes>
            </te-group>
          </te-groups>
        </destination>
        <destination from="in0" label="$1628">
          <te-groups>
            <te-group>
              <routes>
                <route to="in0">
                  <actions>
                    <action arg="1629" type="swap"/>
                  </actions>
                </route>
              </routes>
            </te-group>
            <te-group>
              <routes>
                <route to="in2">
                  <actions>
                    <action arg="1629" type="swap"/>
                    <action arg="2824" type="push"/>
                  </actions>
                </route>
              </routes>
            </te-group>
            <te-group>
              <routes>
                <route to="in0">
                  <actions>
                    <action arg="1629" type="swap"/>
                    <action arg="2824" type="push"/>
                    <action arg="2825" type="push"/>
                  </actions>
                </route>
              </routes>
            </te-group>
          </te-groups>
        </destination>
        <destination from="in0" label="$1633">
          <te-groups>
            <te-group>
              <routes>
                <route to="in0">
                  <actions>
                    <action arg="1634" type="swap"/>
                  </actions>
                </route>
              </routes>
            </te-group>
            <te-group>
              <routes>
                <route to="in2">
                  <actions>
                    <action arg="1634" type="swap"/>
                    <action arg="2824" type="push"/>
                  </actions>
                </route>
              </routes>
            </te-group>
            <te-group>
              <routes>
                <route to="in0">
                  <actions>
                    <action arg="1634" type="swap"/>
                    <action arg="2824" type="push"/>
                    <action arg="2825" type="push"/>
                  </actions>
                </route>
              </routes>
            </te-group>
          </te-groups>
        </destination>
        <destination from="in0" label="$1685">
          <te-groups>
            <te-group>
              <routes>
                <route to="in1">
                  <actions>
                    <action arg="1686" type="swap"/>
                  </actions>
                </route>
              </routes>
            </te-group>
          </te-groups>
        </destination>
        <destination from="in0" label="$1698">
          <te-groups>
            <te-group>
              <routes>
                <route to="in3">
                  <actions>
                    <action arg="1699" type="swap"/>
                  </actions>
                </route>
              </routes>
            </te-group>
          </te-groups>
        </destination>
        <destination from="in0" label="$1705">
          <te-groups>
            <te-group>
              <routes>
                <route to="in4">
                  <actions>
                    <action arg="1706" type="swap"/>
                  </actions>
                </route>
              </routes>
            </te-group>
            <te-group>
              <routes>
                <route to="in0">
                  <actions>
                    <action arg="1706" type="swap"/>
                    <action arg="2828" type="push"/>
                  </actions>
                </route>
              </routes>
            </te-group>
          </te-groups>
        </destination>
        <destination from="in0" label="$1714">
          <te-groups>
            <te-group>
              <routes>
                <route to="in4">
                  <actions>
                    <action arg="1715" type="swap"/>
                  </actions>
                </route>
              </routes>
            </te-group>
            <te-group>
              <routes>
                <route to="in0">
                  <actions>
                    <action arg="1715" type="swap"/>
                    <action arg="2828" type="push"/>
                  </actions>
                </route>
              </routes>
            </te-group>
          </te-groups>
        </destination>
        <destination from="in0" label="$1722">
          <te-groups>
            <te-group>
              <routes>
                <route to="in4">
                  <actions>
                    <action arg="1723" type="swap"/>
                  </actions>
                </route>
              </routes>
            </te-group>
            <te-group>
              <routes>
                <route to="in0">
                  <actions>
                    <action arg="1723" type="swap"/>
                    <action arg="2828" type="push"/>
                  </actions>
                </route>
              </routes>
            </te-group>
          </te-groups>
        </destination>
        <destination from="in0" label="$1822">
          <te-groups>
            <te-group>
              <routes>
                <route to="in1">
                  <actions>
                    <action arg="1823" type="swap"/>
                  </actions>
                </route>
              </routes>
            </te-group>
          </te-groups>
        </destination>
        <destination from="in0" label="$1835">
          <te-groups>
            <te-group>
              <routes>
                <route to="in3">
                  <actions>
                    <action arg="1836" type="swap"/>
                  </actions>
                </route>
              </routes>
            </te-group>
          </te-groups>
        </destination>
        <destination from="in0" label="$1842">
          <te-groups>
            <te-group>
              <routes>
                <route to="in4">
                  <actions>
                    <action arg="1843" type="swap"/>
                  </actions>
                </route>
              </routes>
            </te-group>
            <te-group>
              <routes>
                <route to="in0">
                  <actions>
                    <action arg="1843" type="swap"/>
                    <action arg="2828" type="push"/>
                  </actions>
                </route>
              </routes>
            </te-group>
          </te-groups>
        </destination>
        <destination from="in0" label="$1851">
          <te-groups>
            <te-group>
              <routes>
                <route to="in4">
                  <actions>
                    <action arg="1852" type="swap"/>
                  </actions>
                </route>
              </routes>
            </te-group>
            <te-group>
              <routes>
                <route to="in0">
                  <actions>
                    <action arg="1852" type="swap"/>
                    <action arg="2828" type="push"/>
                  </actions>
                </route>
              </routes>
            </te-group>
          </te-groups>
        </destination>
        <destination from="in0" label="$1859">
          <te-groups>
            <te-group>
              <routes>
                <route to="in4">
                  <actions>
                    <action arg="1860" type="swap"/>
                  </actions>
                </route>
              </routes>
            </te-group>
            <te-group>
              <routes>
                <route to="in0">
                  <actions>
                    <action arg="1860" type="swap"/>
                    <action arg="2828" type="push"/>
                  </actions>
                </route>
              </routes>
            </te-group>
          </te-groups>
        </destination>
        <destination from="in0" label="$1929">
          <te-groups>
            <te-group>
              <routes>
                <route to="in0">
                  <actions>
                    <action arg="1930" type="swap"/>
                  </actions>
                </route>
              </routes>
            </te-group>
            <te-group>
              <routes>
                <route to="in2">
                  <actions>
                    <action arg="1930" type="swap"/>
                    <action arg="2824" type="push"/>
                  </actions>
                </route>
              </routes>
            </te-group>
            <te-group>
              <routes>
                <route to="in0">
                  <actions>
                    <action arg="1930" type="swap"/>
                    <action arg="2824" type="push"/>
                    <action arg="2825" type="push"/>
                  </actions>
                </route>
              </routes>
            </te-group>
          </te-groups>
        </destination>
        <destination from="in0" label="$1941">
          <te-groups>
            <te-group>
              <routes>
                <route to="in0">
                  <actions>
                    <action arg="1942" type="swap"/>
                  </actions>
                </route>
              </routes>
            </te-group>
            <te-group>
              <routes>
                <route to="in2">
                  <actions>
                    <action arg="1942" type="swap"/>
                    <action arg="2824" type="push"/>
                  </actions>
                </route>
              </routes>
            </te-group>
            <te-group>
              <routes>
                <route to="in0">
                  <actions>
                    <action arg="1942" type="swap"/>
                    <action arg="2824" type="push"/>
                    <action arg="2825" type="push"/>
                  </actions>
                </route>
              </routes>
            </te-group>
          </te-groups>
        </destination>
        <destination from="in0" label="$1946">
          <te-groups>
            <te-group>
              <routes>
                <route to="in0">
                  <actions>
                    <action arg="1947" type="swap"/>
                  </actions>
                </route>
              </routes>
            </te-group>
            <te-group>
              <routes>
                <route to="in2">
                  <actions>
                    <action arg="1947" type="swap"/>
                    <action arg="2824" type="push"/>
                  </actions>
                </route>
              </routes>
            </te-group>
            <te-group>
              <routes>
                <route to="in0">
                  <actions>
                    <action arg="1947" type="swap"/>
                    <action arg="2824" type="push"/>
                    <action arg="2825" type="push"/>
                  </actions>
                </route>
              </routes>
            </te-group>
          </te-groups>
        </destination>
        <destination from="in0" label="$1953">
          <te-groups>
            <te-group>
              <routes>
                <route to="in1">
                  <actions>
                    <action arg="1954" type="swap"/>
                  </actions>
                </route>
              </routes>
            </te-group>
          </te-groups>
        </destination>
        <destination from="in0" label="$1957">
          <te-groups>
            <te-group>
              <routes>
                <route to="in2">
                  <actions>
                    <action arg="1958" type="swap"/>
                  </actions>
                </route>
              </routes>
            </te-group>
            <te-group>
              <routes>
                <route to="in0">
                  <actions>
                    <action arg="1958" type="swap"/>
                    <action arg="2825" type="push"/>
                  </actions>
                </route>
              </routes>
            </te-group>
          </te-groups>
        </destination>
        <destination from="in0" label="$1961">
          <te-groups>
            <te-group>
              <routes>
                <route to="in3">
                  <actions>
                    <action arg="1962" type="swap"/>
                  </actions>
                </route>
              </routes>
            </te-group>
          </te-groups>
        </destination>
        <destination from="in0" label="$2014">
          <te-groups>
            <te-group>
              <routes>
                <route to="in0">
                  <actions>
                    <action arg="2015" type="swap"/>
                  </actions>
                </route>
              </routes>
            </te-group>
            <te-group>
              <routes>
                <route to="in2">
                  <actions>
                    <action arg="2015" type="swap"/>
                    <action arg="2824" type="push"/>
                  </actions>
                </route>
              </routes>
            </te-group>
            <te-group>
              <routes>
                <route to="in0">
                  <actions>
                    <action arg="2015" type="swap"/>
                    <action arg="2824" type="push"/>
                    <action arg="2825" type="push"/>
                  </actions>
                </route>
              </routes>
            </te-group>
          </te-groups>
        </destination>
        <destination from="in0" label="$2023">
          <te-groups>
            <te-group>
              <routes>
                <route to="in0">
                  <actions>
                    <action arg="2024" type="swap"/>
                  </actions>
                </route>
              </routes>
            </te-group>
            <te-group>
              <routes>
                <route to="in2">
                  <actions>
                    <action arg="2024" type="swap"/>
                    <action arg="2824" type="push"/>
                  </actions>
                </route>
              </routes>
            </te-group>
            <te-group>
              <routes>
                <route to="in0">
                  <actions>
                    <action arg="2024" type="swap"/>
                    <action arg="2824" type="push"/>
                    <action arg="2825" type="push"/>
                  </actions>
                </route>
              </routes>
            </te-group>
          </te-groups>
        </destination>
        <destination from="in0" label="$2031">
          <te-groups>
            <te-group>
              <routes>
                <route to="in0">
                  <actions>
                    <action arg="2032" type="swap"/>
                  </actions>
                </route>
              </routes>
            </te-group>
            <te-group>
              <routes>
                <route to="in2">
                  <actions>
                    <action arg="2032" type="swap"/>
                    <action arg="2824" type="push"/>
                  </actions>
                </route>
              </routes>
            </te-group>
            <te-group>
              <routes>
                <route to="in0">
                  <actions>
                    <action arg="2032" type="swap"/>
                    <action arg="2824" type="push"/>
                    <action arg="2825" type="push"/>
                  </actions>
                </route>
              </routes>
            </te-group>
          </te-groups>
        </destination>
        <destination from="in0" label="$2040">
          <te-groups>
            <te-group>
              <routes>
                <route to="in0">
                  <actions>
                    <action arg="2041" type="swap"/>
                  </actions>
                </route>
              </routes>
            </te-group>
            <te-group>
              <routes>
                <route to="in2">
                  <actions>
                    <action arg="2041" type="swap"/>
                    <action arg="2824" type="push"/>
                  </actions>
                </route>
              </routes>
            </te-group>
            <te-group>
              <routes>
                <route to="in0">
                  <actions>
                    <action arg="2041" type="swap"/>
                    <action arg="2824" type="push"/>
                    <action arg="2825" type="push"/>
                  </actions>
                </route>
              </routes>
            </te-group>
          </te-groups>
        </destination>
        <destination from="in0" label="$2048">
          <te-groups>
            <te-group>
              <routes>
                <route to="in0">
                  <actions>
                    <action arg="2049" type="swap"/>
                  </actions>
                </route>
              </routes>
            </te-group>
            <te-group>
              <routes>
                <route to="in2">
                  <actions>
                    <action arg="2049" type="swap"/>
                    <action arg="2824" type="push"/>
                  </actions>
                </route>
              </routes>
            </te-group>
            <te-group>
              <routes>
                <route to="in0">
                  <actions>
                    <action arg="2049" type="swap"/>
                    <action arg="2824" type="push"/>
                    <action arg="2825" type="push"/>
                  </actions>
                </route>
              </routes>
            </te-group>
          </te-groups>
        </destination>
        <destination from="in0" label="$2056">
          <te-groups>
            <te-group>
              <routes>
                <route to="in0">
                  <actions>
                    <action arg="2057" type="swap"/>
                  </actions>
                </route>
              </routes>
            </te-group>
            <te-group>
              <routes>
                <route to="in2">
                  <actions>
                    <action arg="2057" type="swap"/>
                    <action arg="2824" type="push"/>
                  </actions>
                </route>
              </routes>
            </te-group>
            <te-group>
              <routes>
                <route to="in0">
                  <actions>
                    <action arg="2057" type="swap"/>
                    <action arg="2824" type="push"/>
                    <action arg="2825" type="push"/>
                  </actions>
                </route>
              </routes>
            </te-group>
          </te-groups>
        </destination>
        <destination from="in0" label="$2062">
          <te-groups>
            <te-group>
              <routes>
                <route to="in0">
                  <actions>
                    <action arg="2063" type="swap"/>
                  </actions>
                </route>
              </routes>
            </te-group>
            <te-group>
              <routes>
                <route to="in2">
                  <actions>
                    <action arg="2063" type="swap"/>
                    <action arg="2824" type="push"/>
                  </actions>
                </route>
              </routes>
            </te-group>
            <te-group>
              <routes>
                <route to="in0">
                  <actions>
                    <action arg="2063" type="swap"/>
                    <action arg="2824" type="push"/>
                    <action arg="2825" type="push"/>
                  </actions>
                </route>
              </routes>
            </te-group>
          </te-groups>
        </destination>
        <destination from="in0" label="$2073">
          <te-groups>
            <te-group>
              <routes>
                <route to="in0">
                  <actions>
                    <action arg="2074" type="swap"/>
                  </actions>
                </route>
              </routes>
            </te-group>
            <te-group>
              <routes>
                <route to="in2">
                  <actions>
                    <action arg="2074" type="swap"/>
                    <action arg="2824" type="push"/>
                  </actions>
                </route>
              </routes>
            </te-group>
            <te-group>
              <routes>
                <route to="in0">
                  <actions>
                    <action arg="2074" type="swap"/>
                    <action arg="2824" type="push"/>
                    <action arg="2825" type="push"/>
                  </actions>
                </route>
              </routes>
            </te-group>
          </te-groups>
        </destination>
        <destination from="in0" label="$2079">
          <te-groups>
            <te-group>
              <routes>
                <route to="in0">
                  <actions>
                    <action arg="2080" type="swap"/>
                  </actions>
                </route>
              </routes>
            </te-group>
            <te-group>
              <routes>
                <route to="in2">
                  <actions>
                    <action arg="2080" type="swap"/>
                    <action arg="2824" type="push"/>
                  </actions>
                </route>
              </routes>
            </te-group>
            <te-group>
              <routes>
                <route to="in0">
                  <actions>
                    <action arg="2080" type="swap"/>
                    <action arg="2824" type="push"/>
                    <action arg="2825" type="push"/>
                  </actions>
                </route>
              </routes>
            </te-group>
          </te-groups>
        </destination>
        <destination from="in0" label="$2088">
          <te-groups>
            <te-group>
              <routes>
                <route to="in1">
                  <actions>
                    <action arg="2089" type="swap"/>
                  </actions>
                </route>
              </routes>
            </te-group>
          </te-groups>
        </destination>
        <destination from="in0" label="$2093">
          <te-groups>
            <te-group>
              <routes>
                <route to="in2">
                  <actions>
                    <action arg="2094" type="swap"/>
                  </actions>
                </route>
              </routes>
            </te-group>
            <te-group>
              <routes>
                <route to="in0">
                  <actions>
                    <action arg="2094" type="swap"/>
                    <action arg="2825" type="push"/>
                  </actions>
                </route>
              </routes>
            </te-group>
          </te-groups>
        </destination>
        <destination from="in0" label="$2098">
          <te-groups>
            <te-group>
              <routes>
                <route to="in3">
                  <actions>
                    <action arg="2099" type="swap"/>
                  </actions>
                </route>
              </routes>
            </te-group>
          </te-groups>
        </destination>
        <destination from="in0" label="$2106">
          <te-groups>
            <te-group>
              <routes>
                <route to="in0">
                  <actions>
                    <action arg="2107" type="swap"/>
                  </actions>
                </route>
              </routes>
            </te-group>
            <te-group>
              <routes>
                <route to="in2">
                  <actions>
                    <action arg="2107" type="swap"/>
                    <action arg="2824" type="push"/>
                  </actions>
                </route>
              </routes>
            </te-group>
            <te-group>
              <routes>
                <route to="in0">
                  <actions>
                    <action arg="2107" type="swap"/>
                    <action arg="2824" type="push"/>
                    <action arg="2825" type="push"/>
                  </actions>
                </route>
              </routes>
            </te-group>
          </te-groups>
        </destination>
        <destination from="in0" label="$2114">
          <te-groups>
            <te-group>
              <routes>
                <route to="in0">
                  <actions>
                    <action arg="2115" type="swap"/>
                  </actions>
                </route>
              </routes>
            </te-group>
            <te-group>
              <routes>
                <route to="in2">
                  <actions>
                    <action arg="2115" type="swap"/>
                    <action arg="2824" type="push"/>
                  </actions>
                </route>
              </routes>
            </te-group>
            <te-group>
              <routes>
                <route to="in0">
                  <actions>
                    <action arg="2115" type="swap"/>
                    <action arg="2824" type="push"/>
                    <action arg="2825" type="push"/>
                  </actions>
                </route>
              </routes>
            </te-group>
          </te-groups>
        </destination>
        <destination from="in0" label="$2141">
          <te-groups>
            <te-group>
              <routes>
                <route to="in0">
                  <actions>
                    <action arg="2142" type="swap"/>
                  </actions>
                </route>
              </routes>
            </te-group>
            <te-group>
              <routes>
                <route to="in2">
                  <actions>
                    <action arg="2142" type="swap"/>
                    <action arg="2824" type="push"/>
                  </actions>
                </route>
              </routes>
            </te-group>
            <te-group>
              <routes>
                <route to="in0">
                  <actions>
                    <action arg="2142" type="swap"/>
                    <action arg="2824" type="push"/>
                    <action arg="2825" type="push"/>
                  </actions>
                </route>
              </routes>
            </te-group>
          </te-groups>
        </destination>
        <destination from="in0" label="$2148">
          <te-groups>
            <te-group>
              <routes>
                <route to="in0">
                  <actions>
                    <action arg="2149" type="swap"/>
                  </actions>
                </route>
              </routes>
            </te-group>
            <te-group>
              <routes>
                <route to="in2">
                  <actions>
                    <action arg="2149" type="swap"/>
                    <action arg="2824" type="push"/>
                  </actions>
                </route>
              </routes>
            </te-group>
            <te-group>
              <routes>
                <route to="in0">
                  <actions>
                    <action arg="2149" type="swap"/>
                    <action arg="2824" type="push"/>
                    <action arg="2825" type="push"/>
                  </actions>
                </route>
              </routes>
            </te-group>
          </te-groups>
        </destination>
        <destination from="in0" label="$2191">
          <te-groups>
            <te-group>
              <routes>
                <route to="in1">
                  <actions>
                    <action arg="2192" type="swap"/>
                  </actions>
                </route>
              </routes>
            </te-group>
          </te-groups>
        </destination>
        <destination from="in0" label="$2198">
          <te-groups>
            <te-group>
              <routes>
                <route to="in3">
                  <actions>
                    <action arg="2199" type="swap"/>
                  </actions>
                </route>
              </routes>
            </te-group>
          </te-groups>
        </destination>
        <destination from="in0" label="$2202">
          <te-groups>
            <te-group>
              <routes>
                <route to="in4">
                  <actions>
                    <action arg="2203" type="swap"/>
                  </actions>
                </route>
              </routes>
            </te-group>
            <te-group>
              <routes>
                <route to="in0">
                  <actions>
                    <action arg="2203" type="swap"/>
                    <action arg="2828" type="push"/>
                  </actions>
                </route>
              </routes>
            </te-group>
          </te-groups>
        </destination>
        <destination from="in0" label="$2297">
          <te-groups>
            <te-group>
              <routes>
                <route to="in1">
                  <actions>
                    <action arg="2298" type="swap"/>
                  </actions>
                </route>
              </routes>
            </te-group>
          </te-groups>
        </destination>
        <destination from="in0" label="$2306">
          <te-groups>
            <te-group>
              <routes>
                <route to="in3">
                  <actions>
                    <action arg="2307" type="swap"/>
                  </actions>
                </route>
              </routes>
            </te-group>
          </te-groups>
        </destination>
        <destination from="in0" label="$2311">
          <te-groups>
            <te-group>
              <routes>
                <route to="in4">
                  <actions>
                    <action arg="2312" type="swap"/>
                  </actions>
                </route>
              </routes>
            </te-group>
            <te-group>
              <routes>
                <route to="in0">
                  <actions>
                    <action arg="2312" type="swap"/>
                    <action arg="2828" type="push"/>
                  </actions>
                </route>
              </routes>
            </te-group>
          </te-groups>
        </destination>
        <destination from="in0" label="$2414">
          <te-groups>
            <te-group>
              <routes>
                <route to="in1">
                  <actions>
                    <action arg="2415" type="swap"/>
                  </actions>
                </route>
              </routes>
            </te-group>
          </te-groups>
        </destination>
        <destination from="in0" label="$2423">
          <te-groups>
            <te-group>
              <routes>
                <route to="in3">
                  <actions>
                    <action arg="2424" type="swap"/>
                  </actions>
                </route>
              </routes>
            </te-group>
          </te-groups>
        </destination>
        <destination from="in0" label="$2428">
          <te-groups>
            <te-group>
              <routes>
                <route to="in4">
                  <actions>
                    <action arg="2429" type="swap"/>
                  </actions>
                </route>
              </routes>
            </te-group>
            <te-group>
              <routes>
                <route to="in0">
                  <actions>
                    <action arg="2429" type="swap"/>
                    <action arg="2828" type="push"/>
                  </actions>
                </route>
              </routes>
            </te-group>
          </te-groups>
        </destination>
        <destination from="in0" label="$2533">
          <te-groups>
            <te-group>
              <routes>
                <route to="in1">
                  <actions>
                    <action arg="2534" type="swap"/>
                  </actions>
                </route>
              </routes>
            </te-group>
          </te-groups>
        </destination>
        <destination from="in0" label="$2544">
          <te-groups>
            <te-group>
              <routes>
                <route to="in3">
                  <actions>
                    <action arg="2545" type="swap"/>
                  </actions>
                </route>
              </routes>
            </te-group>
          </te-groups>
        </destination>
        <destination from="in0" label="$2550">
          <te-groups>
            <te-group>
              <routes>
                <route to="in4">
                  <actions>
                    <action arg="2551" type="swap"/>
                  </actions>
                </route>
              </routes>
            </te-group>
            <te-group>
              <routes>
                <route to="in0">
                  <actions>
                    <action arg="2551" type="swap"/>
                    <action arg="2828" type="push"/>
                  </actions>
                </route>
              </routes>
            </te-group>
          </te-groups>
        </destination>
        <destination from="in0" label="$2629">
          <te-groups>
            <te-group>
              <routes>
                <route to="in1">
                  <actions>
                    <action arg="2630" type="swap"/>
                  </actions>
                </route>
              </routes>
            </te-group>
          </te-groups>
        </destination>
        <destination from="in0" label="$2638">
          <te-groups>
            <te-group>
              <routes>
                <route to="in3">
                  <actions>
                    <action arg="2639" type="swap"/>
                  </actions>
                </route>
              </routes>
            </te-group>
          </te-groups>
        </destination>
        <destination from="in0" label="$2643">
          <te-groups>
            <te-group>
              <routes>
                <route to="in4">
                  <actions>
                    <action arg="2644" type="swap"/>
                  </actions>
                </route>
              </routes>
            </te-group>
            <te-group>
              <routes>
                <route to="in0">
                  <actions>
                    <action arg="2644" type="swap"/>
                    <action arg="2828" type="push"/>
                  </actions>
                </route>
              </routes>
            </te-group>
          </te-groups>
        </destination>
        <destination from="in0" label="$2653">
          <te-groups>
            <te-group>
              <routes>
                <route to="in4">
                  <actions>
                    <action arg="2654" type="swap"/>
                  </actions>
                </route>
              </routes>
            </te-group>
            <te-group>
              <routes>
                <route to="in0">
                  <actions>
                    <action arg="2654" type="swap"/>
                    <action arg="2828" type="push"/>
                  </actions>
                </route>
              </routes>
            </te-group>
          </te-groups>
        </destination>
        <destination from="in0" label="$2659">
          <te-groups>
            <te-group>
              <routes>
                <route to="in4">
                  <actions>
                    <action arg="2660" type="swap"/>
                  </actions>
                </route>
              </routes>
            </te-group>
            <te-group>
              <routes>
                <route to="in0">
                  <actions>
                    <action arg="2660" type="swap"/>
                    <action arg="2828" type="push"/>
                  </actions>
                </route>
              </routes>
            </te-group>
          </te-groups>
        </destination>
        <destination from="in0" label="$2727">
          <te-groups>
            <te-group>
              <routes>
                <route to="in1">
                  <actions>
                    <action arg="2728" type="swap"/>
                  </actions>
                </route>
              </routes>
            </te-group>
          </te-groups>
        </destination>
        <destination from="in0" label="$2734">
          <te-groups>
            <te-group>
              <routes>
                <route to="in3">
                  <actions>
                    <action arg="2735" type="swap"/>
                  </actions>
                </route>
              </routes>
            </te-group>
          </te-groups>
        </destination>
        <destination from="in0" label="$2738">
          <te-groups>
            <te-group>
              <routes>
                <route to="in4">
                  <actions>
                    <action arg="2739" type="swap"/>
                  </actions>
                </route>
              </routes>
            </te-group>
            <te-group>
              <routes>
                <route to="in0">
                  <actions>
                    <action arg="2739" type="swap"/>
                    <action arg="2828" type="push"/>
                  </actions>
                </route>
              </routes>
            </te-group>
          </te-groups>
        </destination>
        <destination from="in0" label="$2749">
          <te-groups>
            <te-group>
              <routes>
                <route to="in4">
                  <actions>
                    <action arg="2750" type="swap"/>
                  </actions>
                </route>
              </routes>
            </te-group>
            <te-group>
              <routes>
                <route to="in0">
                  <actions>
                    <action arg="2750" type="swap"/>
                    <action arg="2828" type="push"/>
                  </actions>
                </route>
              </routes>
            </te-group>
          </te-groups>
        </destination>
        <destination from="in0" label="$2754">
          <te-groups>
            <te-group>
              <routes>
                <route to="in4">
                  <actions>
                    <action arg="2755" type="swap"/>
                  </actions>
                </route>
              </routes>
            </te-group>
            <te-group>
              <routes>
                <route to="in0">
                  <actions>
                    <action arg="2755" type="swap"/>
                    <action arg="2828" type="push"/>
                  </actions>
                </route>
              </routes>
            </te-group>
          </te-groups>
        </destination>
        <destination from="in1" label="1255">
          <te-groups>
            <te-group>
              <routes>
                <route to="eg0">
                  <actions>
                    <action type="pop"/>
                  </actions>
                </route>
              </routes>
            </te-group>
          </te-groups>
        </destination>
        <destination from="in1" label="$1201">
          <te-groups>
            <te-group>
              <routes>
                <route to="in0">
                  <actions>
                    <action arg="1202" type="swap"/>
                  </actions>
                </route>
              </routes>
            </te-group>
            <te-group>
              <routes>
                <route to="in2">
                  <actions>
                    <action arg="1202" type="swap"/>
                    <action arg="2824" type="push"/>
                  </actions>
                </route>
              </routes>
            </te-group>
            <te-group>
              <routes>
                <route to="in0">
                  <actions>
                    <action arg="1202" type="swap"/>
                    <action arg="2824" type="push"/>
                    <action arg="2825" type="push"/>
                  </actions>
                </route>
              </routes>
            </te-group>
          </te-groups>
        </destination>
        <destination from="in1" label="$1208">
          <te-groups>
            <te-group>
              <routes>
                <route to="in0">
                  <actions>
                    <action arg="1209" type="swap"/>
                  </actions>
                </route>
              </routes>
            </te-group>
            <te-group>
              <routes>
                <route to="in2">
                  <actions>
                    <action arg="1209" type="swap"/>
                    <action arg="2824" type="push"/>
                  </actions>
                </route>
              </routes>
            </te-group>
            <te-group>
              <routes>
                <route to="in0">
                  <actions>
                    <action arg="1209" type="swap"/>
                    <action arg="2824" type="push"/>
                    <action arg="2825" type="push"/>
                  </actions>
                </route>
              </routes>
            </te-group>
          </te-groups>
        </destination>
        <destination from="in1" label="$1214">
          <te-groups>
            <te-group>
              <routes>
                <route to="in0">
                  <actions>
                    <action arg="1215" type="swap"/>
                  </actions>
                </route>
              </routes>
            </te-group>
            <te-group>
              <routes>
                <route to="in2">
                  <actions>
                    <action arg="1215" type="swap"/>
                    <action arg="2824" type="push"/>
                  </actions>
                </route>
              </routes>
            </te-group>
            <te-group>
              <routes>
                <route to="in0">
                  <actions>
                    <action arg="1215" type="swap"/>
                    <action arg="2824" type="push"/>
                    <action arg="2825" type="push"/>
                  </actions>
                </route>
              </routes>
            </te-group>
          </te-groups>
        </destination>
        <destination from="in1" label="$1221">
          <te-groups>
            <te-group>
              <routes>
                <route to="in0">
                  <actions>
                    <action arg="1222" type="swap"/>
                  </actions>
                </route>
              </routes>
            </te-group>
            <te-group>
              <routes>
                <route to="in2">
                  <actions>
                    <action arg="1222" type="swap"/>
                    <action arg="2824" type="push"/>
                  </actions>
                </route>
              </routes>
            </te-group>
            <te-group>
              <routes>
                <route to="in0">
                  <actions>
                    <action arg="1222" type="swap"/>
                    <action arg="2824" type="push"/>
                    <action arg="2825" type="push"/>
                  </actions>
                </route>
              </routes>
            </te-group>
          </te-groups>
        </destination>
        <destination from="in1" label="$1227">
          <te-groups>
            <te-group>
              <routes>
                <route to="in0">
                  <actions>
                    <action arg="1228" type="swap"/>
                  </actions>
                </route>
              </routes>
            </te-group>
            <te-group>
              <routes>
                <route to="in2">
                  <actions>
                    <action arg="1228" type="swap"/>
                    <action arg="2824" type="push"/>
                  </actions>
                </route>
              </routes>
            </te-group>
            <te-group>
              <routes>
                <route to="in0">
                  <actions>
                    <action arg="1228" type="swap"/>
                    <action arg="2824" type="push"/>
                    <action arg="2825" type="push"/>
                  </actions>
                </route>
              </routes>
            </te-group>
          </te-groups>
        </destination>
        <destination from="in1" label="$1233">
          <te-groups>
            <te-group>
              <routes>
                <route to="in0">
                  <actions>
                    <action arg="1234" type="swap"/>
                  </actions>
                </route>
              </routes>
            </te-group>
            <te-group>
              <routes>
                <route to="in2">
                  <actions>
                    <action arg="1234" type="swap"/>
                    <action arg="2824" type="push"/>
                  </actions>
                </route>
              </routes>
            </te-group>
            <te-group>
              <routes>
                <route to="in0">
                  <actions>
                    <action arg="1234" type="swap"/>
                    <action arg="2824" type="push"/>
                    <action arg="2825" type="push"/>
                  </actions>
                </route>
              </routes>
            </te-group>
          </te-groups>
        </destination>
        <destination from="in1" label="$1237">
          <te-groups>
            <te-group>
              <routes>
                <route to="in0">
                  <actions>
                    <action arg="1238" type="swap"/>
                  </actions>
                </route>
              </routes>
            </te-group>
            <te-group>
              <routes>
                <route to="in2">
                  <actions>
                    <action arg="1238" type="swap"/>
                    <action arg="2824" type="push"/>
                  </actions>
                </route>
              </routes>
            </te-group>
            <te-group>
              <routes>
                <route to="in0">
                  <actions>
                    <action arg="1238" type="swap"/>
                    <action arg="2824" type="push"/>
                    <action arg="2825" type="push"/>
                  </actions>
                </route>
              </routes>
            </te-group>
          </te-groups>
        </destination>
        <destination from="in1" label="$1242">
          <te-groups>
            <te-group>
              <routes>
                <route to="in0">
                  <actions>
                    <action arg="1243" type="swap"/>
                  </actions>
                </route>
              </routes>
            </te-group>
            <te-group>
              <routes>
                <route to="in2">
                  <actions>
                    <action arg="1243" type="swap"/>
                    <action arg="2824" type="push"/>
                  </actions>
                </route>
              </routes>
            </te-group>
            <te-group>
              <routes>
                <route to="in0">
                  <actions>
                    <action arg="1243" type="swap"/>
                    <action arg="2824" type="push"/>
                    <action arg="2825" type="push"/>
                  </actions>
                </route>
              </routes>
            </te-group>
          </te-groups>
        </destination>
        <destination from="in1" label="$1248">
          <te-groups>
            <te-group>
              <routes>
                <route to="in0">
                  <actions>
                    <action arg="1249" type="swap"/>
                  </actions>
                </route>
              </routes>
            </te-group>
            <te-group>
              <routes>
                <route to="in2">
                  <actions>
                    <action arg="1249" type="swap"/>
                    <action arg="2824" type="push"/>
                  </actions>
                </route>
              </routes>
            </te-group>
            <te-group>
              <routes>
                <route to="in0">
                  <actions>
                    <action arg="1249" type="swap"/>
                    <action arg="2824" type="push"/>
                    <action arg="2825" type="push"/>
                  </actions>
                </route>
              </routes>
            </te-group>
          </te-groups>
        </destination>
        <destination from="in1" label="$1252">
          <te-groups>
            <te-group>
              <routes>
                <route to="in0">
                  <actions>
                    <action arg="1253" type="swap"/>
                  </actions>
                </route>
              </routes>
            </te-group>
            <te-group>
              <routes>
                <route to="in2">
                  <actions>
                    <action arg="1253" type="swap"/>
                    <action arg="2824" type="push"/>
                  </actions>
                </route>
              </routes>
            </te-group>
            <te-group>
              <routes>
                <route to="in0">
                  <actions>
                    <action arg="1253" type="swap"/>
                    <action arg="2824" type="push"/>
                    <action arg="2825" type="push"/>
                  </actions>
                </route>
              </routes>
            </te-group>
          </te-groups>
        </destination>
        <destination from="in1" label="$1257">
          <te-groups>
            <te-group>
              <routes>
                <route to="in2">
                  <actions>
                    <action arg="1258" type="swap"/>
                  </actions>
                </route>
              </routes>
            </te-group>
            <te-group>
              <routes>
                <route to="in0">
                  <actions>
                    <action arg="1258" type="swap"/>
                    <action arg="2825" type="push"/>
                  </actions>
                </route>
              </routes>
            </te-group>
          </te-groups>
        </destination>
        <destination from="in1" label="$1260">
          <te-groups>
            <te-group>
              <routes>
                <route to="in3">
                  <actions>
                    <action arg="1261" type="swap"/>
                  </actions>
                </route>
              </routes>
            </te-group>
          </te-groups>
        </destination>
        <destination from="in1" label="$1263">
          <te-groups>
            <te-group>
              <routes>
                <route to="in4">
                  <actions>
                    <action arg="1264" type="swap"/>
                  </actions>
                </route>
              </routes>
            </te-group>
            <te-group>
              <routes>
                <route to="in0">
                  <actions>
                    <action arg="1264" type="swap"/>
                    <action arg="2828" type="push"/>
                  </actions>
                </route>
              </routes>
            </te-group>
          </te-groups>
        </destination>
        <destination from="in1" label="$1266">
          <te-groups>
            <te-group>
              <routes>
                <route to="in0">
                  <actions>
                    <action arg="1267" type="swap"/>
                  </actions>
                </route>
              </routes>
            </te-group>
            <te-group>
              <routes>
                <route to="in2">
                  <actions>
                    <action arg="1267" type="swap"/>
                    <action arg="2824" type="push"/>
                  </actions>
                </route>
              </routes>
            </te-group>
            <te-group>
              <routes>
                <route to="in0">
                  <actions>
                    <action arg="1267" type="swap"/>
                    <action arg="2824" type="push"/>
                    <action arg="2825" type="push"/>
                  </actions>
                </route>
              </routes>
            </te-group>
          </te-groups>
        </destination>
        <destination from="in1" label="$1272">
          <te-groups>
            <te-group>
              <routes>
                <route to="in0">
                  <actions>
                    <action arg="1273" type="swap"/>
                  </actions>
                </route>
              </routes>
            </te-group>
            <te-group>
              <routes>
                <route to="in2">
                  <actions>
                    <action arg="1273" type="swap"/>
                    <action arg="2824" type="push"/>
                  </actions>
                </route>
              </routes>
            </te-group>
            <te-group>
              <routes>
                <route to="in0">
                  <actions>
                    <action arg="1273" type="swap"/>
                    <action arg="2824" type="push"/>
                    <action arg="2825" type="push"/>
                  </actions>
                </route>
              </routes>
            </te-group>
          </te-groups>
        </destination>
        <destination from="in1" label="$1279">
          <te-groups>
            <te-group>
              <routes>
                <route to="in4">
                  <actions>
                    <action arg="1280" type="swap"/>
                  </actions>
                </route>
              </routes>
            </te-group>
            <te-group>
              <routes>
                <route to="in0">
                  <actions>
                    <action arg="1280" type="swap"/>
                    <action arg="2828" type="push"/>
                  </actions>
                </route>
              </routes>
            </te-group>
          </te-groups>
        </destination>
        <destination from="in1" label="$1283">
          <te-groups>
            <te-group>
              <routes>
                <route to="in4">
                  <actions>
                    <action arg="1284" type="swap"/>
                  </actions>
                </route>
              </routes>
            </te-group>
            <te-group>
              <routes>
                <route to="in0">
                  <actions>
                    <action arg="1284" type="swap"/>
                    <action arg="2828" type="push"/>
                  </actions>
                </route>
              </routes>
            </te-group>
          </te-groups>
        </destination>
        <destination from="in1" label="$1288">
          <te-groups>
            <te-group>
              <routes>
                <route to="in0">
                  <actions>
                    <action arg="1289" type="swap"/>
                  </actions>
                </route>
              </routes>
            </te-group>
            <te-group>
              <routes>
                <route to="in2">
                  <actions>
                    <action arg="1289" type="swap"/>
                    <action arg="2824" type="push"/>
                  </actions>
                </route>
              </routes>
            </te-group>
            <te-group>
              <routes>
                <route to="in0">
                  <actions>
                    <action arg="1289" type="swap"/>
                    <action arg="2824" type="push"/>
                    <action arg="2825" type="push"/>
                  </actions>
                </route>
              </routes>
            </te-group>
          </te-groups>
        </destination>
        <destination from="in1" label="$1292">
          <te-groups>
            <te-group>
              <routes>
                <route to="in0">
                  <actions>
                    <action arg="1293" type="swap"/>
                  </actions>
                </route>
              </routes>
            </te-group>
            <te-group>
              <routes>
                <route to="in2">
                  <actions>
                    <action arg="1293" type="swap"/>
                    <action arg="2824" type="push"/>
                  </actions>
                </route>
              </routes>
            </te-group>
            <te-group>
              <routes>
                <route to="in0">
                  <actions>
                    <action arg="1293" type="swap"/>
                    <action arg="2824" type="push"/>
                    <action arg="2825" type="push"/>
                  </actions>
                </route>
              </routes>
            </te-group>
          </te-groups>
        </destination>
        <destination from="in1" label="$1297">
          <te-groups>
            <te-group>
              <routes>
                <route to="in0">
                  <actions>
                    <action arg="1298" type="swap"/>
                  </actions>
                </route>
              </routes>
            </te-group>
            <te-group>
              <routes>
                <route to="in2">
                  <actions>
                    <action arg="1298" type="swap"/>
                    <action arg="2824" type="push"/>
                  </actions>
                </route>
              </routes>
            </te-group>
            <te-group>
              <routes>
                <route to="in0">
                  <actions>
                    <action arg="1298" type="swap"/>
                    <action arg="2824" type="push"/>
                    <action arg="2825" type="push"/>
                  </actions>
                </route>
              </routes>
            </te-group>
          </te-groups>
        </destination>
        <destination from="in1" label="$1302">
          <te-groups>
            <te-group>
              <routes>
                <route to="in0">
                  <actions>
                    <action arg="1303" type="swap"/>
                  </actions>
                </route>
              </routes>
            </te-group>
            <te-group>
              <routes>
                <route to="in2">
                  <actions>
                    <action arg="1303" type="swap"/>
                    <action arg="2824" type="push"/>
                  </actions>
                </route>
              </routes>
            </te-group>
            <te-group>
              <routes>
                <route to="in0">
                  <actions>
                    <action arg="1303" type="swap"/>
                    <action arg="2824" type="push"/>
                    <action arg="2825" type="push"/>
                  </actions>
                </route>
              </routes>
            </te-group>
          </te-groups>
        </destination>
        <destination from="in1" label="$1308">
          <te-groups>
            <te-group>
              <routes>
                <route to="in0">
                  <actions>
                    <action arg="1309" type="swap"/>
                  </actions>
                </route>
              </routes>
            </te-group>
            <te-group>
              <routes>
                <route to="in2">
                  <actions>
                    <action arg="1309" type="swap"/>
                    <action arg="2824" type="push"/>
                  </actions>
                </route>
              </routes>
            </te-group>
            <te-group>
              <routes>
                <route to="in0">
                  <actions>
                    <action arg="1309" type="swap"/>
                    <action arg="2824" type="push"/>
                    <action arg="2825" type="push"/>
                  </actions>
                </route>
              </routes>
            </te-group>
          </te-groups>
        </destination>
        <destination from="in1" label="$1313">
          <te-groups>
            <te-group>
              <routes>
                <route to="in0">
                  <actions>
                    <action arg="1314" type="swap"/>
                  </actions>
                </route>
              </routes>
            </te-group>
            <te-group>
              <routes>
                <route to="in2">
                  <actions>
                    <action arg="1314" type="swap"/>
                    <action arg="2824" type="push"/>
                  </actions>
                </route>
              </routes>
            </te-group>
            <te-group>
              <routes>
                <route to="in0">
                  <actions>
                    <action arg="1314" type="swap"/>
                    <action arg="2824" type="push"/>
                    <action arg="2825" type="push"/>
                  </actions>
                </route>
              </routes>
            </te-group>
          </te-groups>
        </destination>
        <destination from="in2" label="82">
          <te-groups>
            <te-group>
              <routes>
                <route to="eg0">
                  <actions>
                    <action type="pop"/>
                  </actions>
                </route>
              </routes>
            </te-group>
          </te-groups>
        </destination>
        <destination from="in2" label="204">
          <te-groups>
            <te-group>
              <routes>
                <route to="eg0">
                  <actions>
                    <action type="pop"/>
                  </actions>
                </route>
              </routes>
            </te-group>
          </te-groups>
        </destination>
        <destination from="in2" label="327">
          <te-groups>
            <te-group>
              <routes>
                <route to="eg0">
                  <actions>
                    <action type="pop"/>
                  </actions>
                </route>
              </routes>
            </te-group>
          </te-groups>
        </destination>
        <destination from="in2" label="435">
          <te-groups>
            <te-group>
              <routes>
                <route to="eg0">
                  <actions>
                    <action type="pop"/>
                  </actions>
                </route>
              </routes>
            </te-group>
          </te-groups>
        </destination>
        <destination from="in2" label="539">
          <te-groups>
            <te-group>
              <routes>
                <route to="eg0">
                  <actions>
                    <action type="pop"/>
                  </actions>
                </route>
              </routes>
            </te-group>
          </te-groups>
        </destination>
        <destination from="in2" label="651">
          <te-groups>
            <te-group>
              <routes>
                <route to="eg0">
                  <actions>
                    <action type="pop"/>
                  </actions>
                </route>
              </routes>
            </te-group>
          </te-groups>
        </destination>
        <destination from="in2" label="748">
          <te-groups>
            <te-group>
              <routes>
                <route to="eg0">
                  <actions>
                    <action type="pop"/>
                  </actions>
                </route>
              </routes>
            </te-group>
          </te-groups>
        </destination>
        <destination from="in2" label="852">
          <te-groups>
            <te-group>
              <routes>
                <route to="eg0">
                  <actions>
                    <action type="pop"/>
                  </actions>
                </route>
              </routes>
            </te-group>
          </te-groups>
        </destination>
        <destination from="in2" label="962">
          <te-groups>
            <te-group>
              <routes>
                <route to="eg0">
                  <actions>
                    <action type="pop"/>
                  </actions>
                </route>
              </routes>
            </te-group>
          </te-groups>
        </destination>
        <destination from="in2" label="1060">
          <te-groups>
            <te-group>
              <routes>
                <route to="eg0">
                  <actions>
                    <action type="pop"/>
                  </actions>
                </route>
              </routes>
            </te-group>
          </te-groups>
        </destination>
        <destination from="in2" label="1361">
          <te-groups>
            <te-group>
              <routes>
                <route to="eg0">
                  <actions>
                    <action type="pop"/>
                  </actions>
                </route>
              </routes>
            </te-group>
          </te-groups>
        </destination>
        <destination from="in2" label="1679">
          <te-groups>
            <te-group>
              <routes>
                <route to="eg0">
                  <actions>
                    <action type="pop"/>
                  </actions>
                </route>
              </routes>
            </te-group>
          </te-groups>
        </destination>
        <destination from="in2" label="1816">
          <te-groups>
            <te-group>
              <routes>
                <route to="eg0">
                  <actions>
                    <action type="pop"/>
                  </actions>
                </route>
              </routes>
            </te-group>
          </te-groups>
        </destination>
        <destination from="in2" label="2188">
          <te-groups>
            <te-group>
              <routes>
                <route to="eg0">
                  <actions>
                    <action type="pop"/>
                  </actions>
                </route>
              </routes>
            </te-group>
          </te-groups>
        </destination>
        <destination from="in2" label="2293">
          <te-groups>
            <te-group>
              <routes>
                <route to="eg0">
                  <actions>
                    <action type="pop"/>
                  </actions>
                </route>
              </routes>
            </te-group>
          </te-groups>
        </destination>
        <destination from="in2" label="2410">
          <te-groups>
            <te-group>
              <routes>
                <route to="eg0">
                  <actions>
                    <action type="pop"/>
                  </actions>
                </route>
              </routes>
            </te-group>
          </te-groups>
        </destination>
        <destination from="in2" label="2528">
          <te-groups>
            <te-group>
              <routes>
                <route to="eg0">
                  <actions>
                    <action type="pop"/>
                  </actions>
                </route>
              </routes>
            </te-group>
          </te-groups>
        </destination>
        <destination from="in2" label="2625">
          <te-groups>
            <te-group>
              <routes>
                <route to="eg0">
                  <actions>
                    <action type="pop"/>
                  </actions>
                </route>
              </routes>
            </te-group>
          </te-groups>
        </destination>
        <destination from="in2" label="2724">
          <te-groups>
            <te-group>
              <routes>
                <route to="eg0">
                  <actions>
                    <action type="pop"/>
                  </actions>
                </route>
              </routes>
            </te-group>
          </te-groups>
        </destination>
        <destination from="in2" label="2829">
          <te-groups>
            <te-group>
              <routes>
                <route to="in0">
                  <actions>
                    <action type="pop"/>
                  </actions>
                </route>
              </routes>
            </te-group>
          </te-groups>
        </destination>
        <destination from="in2" label="$88">
          <te-groups>
            <te-group>
              <routes>
                <route to="in1">
                  <actions>
                    <action arg="89" type="swap"/>
                  </actions>
                </route>
              </routes>
            </te-group>
          </te-groups>
        </destination>
        <destination from="in2" label="$101">
          <te-groups>
            <te-group>
              <routes>
                <route to="in3">
                  <actions>
                    <action arg="102" type="swap"/>
                  </actions>
                </route>
              </routes>
            </te-group>
          </te-groups>
        </destination>
        <destination from="in2" label="$108">
          <te-groups>
            <te-group>
              <routes>
                <route to="in4">
                  <actions>
                    <action arg="109" type="swap"/>
                  </actions>
                </route>
              </routes>
            </te-group>
            <te-group>
              <routes>
                <route to="in0">
                  <actions>
                    <action arg="109" type="swap"/>
                    <action arg="2828" type="push"/>
                  </actions>
                </route>
              </routes>
            </te-group>
          </te-groups>
        </destination>
        <destination from="in2" label="$126">
          <te-groups>
            <te-group>
              <routes>
                <route to="in4">
                  <actions>
                    <action arg="127" type="swap"/>
                  </actions>
                </route>
              </routes>
            </te-group>
            <te-group>
              <routes>
                <route to="in0">
                  <actions>
                    <action arg="127" type="swap"/>
                    <action arg="2828" type="push"/>
                  </actions>
                </route>
              </routes>
            </te-group>
          </te-groups>
        </destination>
        <destination from="in2" label="$134">
          <te-groups>
            <te-group>
              <routes>
                <route to="in4">
                  <actions>
                    <action arg="135" type="swap"/>
                  </actions>
                </route>
              </routes>
            </te-group>
            <te-group>
              <routes>
                <route to="in0">
                  <actions>
                    <action arg="135" type="swap"/>
                    <action arg="2828" type="push"/>
                  </actions>
                </route>
              </routes>
            </te-group>
          </te-groups>
        </destination>
        <destination from="in2" label="$209">
          <te-groups>
            <te-group>
              <routes>
                <route to="in1">
                  <actions>
                    <action arg="210" type="swap"/>
                  </actions>
                </route>
              </routes>
            </te-group>
          </te-groups>
        </destination>
        <destination from="in2" label="$220">
          <te-groups>
            <te-group>
              <routes>
                <route to="in3">
                  <actions>
                    <action arg="221" type="swap"/>
                  </actions>
                </route>
              </routes>
            </te-group>
          </te-groups>
        </destination>
        <destination from="in2" label="$226">
          <te-groups>
            <te-group>
              <routes>
                <route to="in4">
                  <actions>
                    <action arg="227" type="swap"/>
                  </actions>
                </route>
              </routes>
            </te-group>
            <te-group>
              <routes>
                <route to="in0">
                  <actions>
                    <action arg="227" type="swap"/>
                    <action arg="2828" type="push"/>
                  </actions>
                </route>
              </routes>
            </te-group>
          </te-groups>
        </destination>
        <destination from="in2" label="$245">
          <te-groups>
            <te-group>
              <routes>
                <route to="in4">
                  <actions>
                    <action arg="246" type="swap"/>
                  </actions>
                </route>
              </routes>
            </te-group>
            <te-group>
              <routes>
                <route to="in0">
                  <actions>
                    <action arg="246" type="swap"/>
                    <action arg="2828" type="push"/>
                  </actions>
                </route>
              </routes>
            </te-group>
          </te-groups>
        </destination>
        <destination from="in2" label="$252">
          <te-groups>
            <te-group>
              <routes>
                <route to="in4">
                  <actions>
                    <action arg="253" type="swap"/>
                  </actions>
                </route>
              </routes>
            </te-group>
            <te-group>
              <routes>
                <route to="in0">
                  <actions>
                    <action arg="253" type="swap"/>
                    <action arg="2828" type="push"/>
                  </actions>
                </route>
              </routes>
            </te-group>
          </te-groups>
        </destination>
        <destination from="in2" label="$333">
          <te-groups>
            <te-group>
              <routes>
                <route to="in1">
                  <actions>
                    <action arg="334" type="swap"/>
                  </actions>
                </route>
              </routes>
            </te-group>
          </te-groups>
        </destination>
        <destination from="in2" label="$346">
          <te-groups>
            <te-group>
              <routes>
                <route to="in3">
                  <actions>
                    <action arg="347" type="swap"/>
                  </actions>
                </route>
              </routes>
            </te-group>
          </te-groups>
        </destination>
        <destination from="in2" label="$353">
          <te-groups>
            <te-group>
              <routes>
                <route to="in4">
                  <actions>
                    <action arg="354" type="swap"/>
                  </actions>
                </route>
              </routes>
            </te-group>
            <te-group>
              <routes>
                <route to="in0">
                  <actions>
                    <action arg="354" type="swap"/>
                    <action arg="2828" type="push"/>
                  </actions>
                </route>
              </routes>
            </te-group>
          </te-groups>
        </destination>
        <destination from="in2" label="$367">
          <te-groups>
            <te-group>
              <routes>
                <route to="in4">
                  <actions>
                    <action arg="368" type="swap"/>
                  </actions>
                </route>
              </routes>
            </te-group>
            <te-group>
              <routes>
                <route to="in0">
                  <actions>
                    <action arg="368" type="swap"/>
                    <action arg="2828" type="push"/>
                  </actions>
                </route>
              </routes>
            </te-group>
          </te-groups>
        </destination>
        <destination from="in2" label="$375">
          <te-groups>
            <te-group>
              <routes>
                <route to="in4">
                  <actions>
                    <action arg="376" type="swap"/>
                  </actions>
                </route>
              </routes>
            </te-group>
            <te-group>
              <routes>
                <route to="in0">
                  <actions>
                    <action arg="376" type="swap"/>
                    <action arg="2828" type="push"/>
                  </actions>
                </route>
              </routes>
            </te-group>
          </te-groups>
        </destination>
        <destination from="in2" label="$440">
          <te-groups>
            <te-group>
              <routes>
                <route to="in1">
                  <actions>
                    <action arg="441" type="swap"/>
                  </actions>
                </route>
              </routes>
            </te-group>
          </te-groups>
        </destination>
        <destination from="in2" label="$451">
          <te-groups>
            <te-group>
              <routes>
                <route to="in3">
                  <actions>
                    <action arg="452" type="swap"/>
                  </actions>
                </route>
              </routes>
            </te-group>
          </te-groups>
        </destination>
        <destination from="in2" label="$457">
          <te-groups>
            <te-group>
              <routes>
                <route to="in4">
                  <actions>
                    <action arg="458" type="swap"/>
                  </actions>
                </route>
              </routes>
            </te-group>
            <te-group>
              <routes>
                <route to="in0">
                  <actions>
                    <action arg="458" type="swap"/>
                    <action arg="2828" type="push"/>
                  </actions>
                </route>
              </routes>
            </te-group>
          </te-groups>
        </destination>
        <destination from="in2" label="$468">
          <te-groups>
            <te-group>
              <routes>
                <route to="in4">
                  <actions>
                    <action arg="469" type="swap"/>
                  </actions>
                </route>
              </routes>
            </te-group>
            <te-group>
              <routes>
                <route to="in0">
                  <actions>
                    <action arg="469" type="swap"/>
                    <action arg="2828" type="push"/>
                  </actions>
                </route>
              </routes>
            </te-group>
          </te-groups>
        </destination>
        <destination from="in2" label="$475">
          <te-groups>
            <te-group>
              <routes>
                <route to="in4">
                  <actions>
                    <action arg="476" type="swap"/>
                  </actions>
                </route>
              </routes>
            </te-group>
            <te-group>
              <routes>
                <route to="in0">
                  <actions>
                    <action arg="476" type="swap"/>
                    <action arg="2828" type="push"/>
                  </actions>
                </route>
              </routes>
            </te-group>
          </te-groups>
        </destination>
        <destination from="in2" label="$544">
          <te-groups>
            <te-group>
              <routes>
                <route to="in1">
                  <actions>
                    <action arg="545" type="swap"/>
                  </actions>
                </route>
              </routes>
            </te-group>
          </te-groups>
        </destination>
        <destination from="in2" label="$555">
          <te-groups>
            <te-group>
              <routes>
                <route to="in3">
                  <actions>
                    <action arg="556" type="swap"/>
                  </actions>
                </route>
              </routes>
            </te-group>
          </te-groups>
        </destination>
        <destination from="in2" label="$561">
          <te-groups>
            <te-group>
              <routes>
                <route to="in4">
                  <actions>
                    <action arg="562" type="swap"/>
                  </actions>
                </route>
              </routes>
            </te-group>
            <te-group>
              <routes>
                <route to="in0">
                  <actions>
                    <action arg="562" type="swap"/>
                    <action arg="2828" type="push"/>
                  </actions>
                </route>
              </routes>
            </te-group>
          </te-groups>
        </destination>
        <destination from="in2" label="$580">
          <te-groups>
            <te-group>
              <routes>
                <route to="in4">
                  <actions>
                    <action arg="581" type="swap"/>
                  </actions>
                </route>
              </routes>
            </te-group>
            <te-group>
              <routes>
                <route to="in0">
                  <actions>
                    <action arg="581" type="swap"/>
                    <action arg="2828" type="push"/>
                  </actions>
                </route>
              </routes>
            </te-group>
          </te-groups>
        </destination>
        <destination from="in2" label="$587">
          <te-groups>
            <te-group>
              <routes>
                <route to="in4">
                  <actions>
                    <action arg="588" type="swap"/>
                  </actions>
                </route>
              </routes>
            </te-group>
            <te-group>
              <routes>
                <route to="in0">
                  <actions>
                    <action arg="588" type="swap"/>
                    <action arg="2828" type="push"/>
                  </actions>
                </route>
              </routes>
            </te-group>
          </te-groups>
        </destination>
        <destination from="in2" label="$654">
          <te-groups>
            <te-group>
              <routes>
                <route to="in1">
                  <actions>
                    <action arg="655" type="swap"/>
                  </actions>
                </route>
              </routes>
            </te-group>
          </te-groups>
        </destination>
        <destination from="in2" label="$661">
          <te-groups>
            <te-group>
              <routes>
                <route to="in3">
                  <actions>
                    <action arg="662" type="swap"/>
                  </actions>
                </route>
              </routes>
            </te-group>
          </te-groups>
        </destination>
        <destination from="in2" label="$665">
          <te-groups>
            <te-group>
              <routes>
                <route to="in4">
                  <actions>
                    <action arg="666" type="swap"/>
                  </actions>
                </route>
              </routes>
            </te-group>
            <te-group>
              <routes>
                <route to="in0">
                  <actions>
                    <action arg="666" type="swap"/>
                    <action arg="2828" type="push"/>
                  </actions>
                </route>
              </routes>
            </te-group>
          </te-groups>
        </destination>
        <destination from="in2" label="$682">
          <te-groups>
            <te-group>
              <routes>
                <route to="in4">
                  <actions>
                    <action arg="683" type="swap"/>
                  </actions>
                </route>
              </routes>
            </te-group>
            <te-group>
              <routes>
                <route to="in0">
                  <actions>
                    <action arg="683" type="swap"/>
                    <action arg="2828" type="push"/>
                  </actions>
                </route>
              </routes>
            </te-group>
          </te-groups>
        </destination>
        <destination from="in2" label="$687">
          <te-groups>
            <te-group>
              <routes>
                <route to="in4">
                  <actions>
                    <action arg="688" type="swap"/>
                  </actions>
                </route>
              </routes>
            </te-group>
            <te-group>
              <routes>
                <route to="in0">
                  <actions>
                    <action arg="688" type="swap"/>
                    <action arg="2828" type="push"/>
                  </actions>
                </route>
              </routes>
            </te-group>
          </te-groups>
        </destination>
        <destination from="in2" label="$752">
          <te-groups>
            <te-group>
              <routes>
                <route to="in1">
                  <actions>
                    <action arg="753" type="swap"/>
                  </actions>
                </route>
              </routes>
            </te-group>
          </te-groups>
        </destination>
        <destination from="in2" label="$761">
          <te-groups>
            <te-group>
              <routes>
                <route to="in3">
                  <actions>
                    <action arg="762" type="swap"/>
                  </actions>
                </route>
              </routes>
            </te-group>
          </te-groups>
        </destination>
        <destination from="in2" label="$766">
          <te-groups>
            <te-group>
              <routes>
                <route to="in4">
                  <actions>
                    <action arg="767" type="swap"/>
                  </actions>
                </route>
              </routes>
            </te-group>
            <te-group>
              <routes>
                <route to="in0">
                  <actions>
                    <action arg="767" type="swap"/>
                    <action arg="2828" type="push"/>
                  </actions>
                </route>
              </routes>
            </te-group>
          </te-groups>
        </destination>
        <destination from="in2" label="$782">
          <te-groups>
            <te-group>
              <routes>
                <route to="in4">
                  <actions>
                    <action arg="783" type="swap"/>
                  </actions>
                </route>
              </routes>
            </te-group>
            <te-group>
              <routes>
                <route to="in0">
                  <actions>
                    <action arg="783" type="swap"/>
                    <action arg="2828" type="push"/>
                  </actions>
                </route>
              </routes>
            </te-group>
          </te-groups>
        </destination>
        <destination from="in2" label="$788">
          <te-groups>
            <te-group>
              <routes>
                <route to="in4">
                  <actions>
                    <action arg="789" type="swap"/>
                  </actions>
                </route>
              </routes>
            </te-group>
            <te-group>
              <routes>
                <route to="in0">
                  <actions>
                    <action arg="789" type="swap"/>
                    <action arg="2828" type="push"/>
                  </actions>
                </route>
              </routes>
            </te-group>
          </te-groups>
        </destination>
        <destination from="in2" label="$857">
          <te-groups>
            <te-group>
              <routes>
                <route to="in1">
                  <actions>
                    <action arg="858" type="swap"/>
                  </actions>
                </route>
              </routes>
            </te-group>
          </te-groups>
        </destination>
        <destination from="in2" label="$868">
          <te-groups>
            <te-group>
              <routes>
                <route to="in3">
                  <actions>
                    <action arg="869" type="swap"/>
                  </actions>
                </route>
              </routes>
            </te-group>
          </te-groups>
        </destination>
        <destination from="in2" label="$874">
          <te-groups>
            <te-group>
              <routes>
                <route to="in4">
                  <actions>
                    <action arg="875" type="swap"/>
                  </actions>
                </route>
              </routes>
            </te-group>
            <te-group>
              <routes>
                <route to="in0">
                  <actions>
                    <action arg="875" type="swap"/>
                    <action arg="2828" type="push"/>
                  </actions>
                </route>
              </routes>
            </te-group>
          </te-groups>
        </destination>
        <destination from="in2" label="$965">
          <te-groups>
            <te-group>
              <routes>
                <route to="in1">
                  <actions>
                    <action arg="966" type="swap"/>
                  </actions>
                </route>
              </routes>
            </te-group>
          </te-groups>
        </destination>
        <destination from="in2" label="$972">
          <te-groups>
            <te-group>
              <routes>
                <route to="in3">
                  <actions>
                    <action arg="973" type="swap"/>
                  </actions>
                </route>
              </routes>
            </te-group>
          </te-groups>
        </destination>
        <destination from="in2" label="$976">
          <te-groups>
            <te-group>
              <routes>
                <route to="in4">
                  <actions>
                    <action arg="977" type="swap"/>
                  </actions>
                </route>
              </routes>
            </te-group>
            <te-group>
              <routes>
                <route to="in0">
                  <actions>
                    <action arg="977" type="swap"/>
                    <action arg="2828" type="push"/>
                  </actions>
                </route>
              </routes>
            </te-group>
          </te-groups>
        </destination>
        <destination from="in2" label="$991">
          <te-groups>
            <te-group>
              <routes>
                <route to="in4">
                  <actions>
                    <action arg="992" type="swap"/>
                  </actions>
                </route>
              </routes>
            </te-group>
            <te-group>
              <routes>
                <route to="in0">
                  <actions>
                    <action arg="992" type="swap"/>
                    <action arg="2828" type="push"/>
                  </actions>
                </route>
              </routes>
            </te-group>
          </te-groups>
        </destination>
        <destination from="in2" label="$996">
          <te-groups>
            <te-group>
              <routes>
                <route to="in4">
                  <actions>
                    <action arg="997" type="swap"/>
                  </actions>
                </route>
              </routes>
            </te-group>
            <te-group>
              <routes>
                <route to="in0">
                  <actions>
                    <action arg="997" type="swap"/>
                    <action arg="2828" type="push"/>
                  </actions>
                </route>
              </routes>
            </te-group>
          </te-groups>
        </destination>
        <destination from="in2" label="$1062">
          <te-groups>
            <te-group>
              <routes>
                <route to="in1">
                  <actions>
                    <action arg="1063" type="swap"/>
                  </actions>
                </route>
              </routes>
            </te-group>
          </te-groups>
        </destination>
        <destination from="in2" label="$1067">
          <te-groups>
            <te-group>
              <routes>
                <route to="in3">
                  <actions>
                    <action arg="1068" type="swap"/>
                  </actions>
                </route>
              </routes>
            </te-group>
          </te-groups>
        </destination>
        <destination from="in2" label="$1070">
          <te-groups>
            <te-group>
              <routes>
                <route to="in4">
                  <actions>
                    <action arg="1071" type="swap"/>
                  </actions>
                </route>
              </routes>
            </te-group>
            <te-group>
              <routes>
                <route to="in0">
                  <actions>
                    <action arg="1071" type="swap"/>
                    <action arg="2828" type="push"/>
                  </actions>
                </route>
              </routes>
            </te-group>
          </te-groups>
        </destination>
        <destination from="in2" label="$1082">
          <te-groups>
            <te-group>
              <routes>
                <route to="in4">
                  <actions>
                    <action arg="1083" type="swap"/>
                  </actions>
                </route>
              </routes>
            </te-group>
            <te-group>
              <routes>
                <route to="in0">
                  <actions>
                    <action arg="1083" type="swap"/>
                    <action arg="2828" type="push"/>
                  </actions>
                </route>
              </routes>
            </te-group>
          </te-groups>
        </destination>
        <destination from="in2" label="$1086">
          <te-groups>
            <te-group>
              <routes>
                <route to="in4">
                  <actions>
                    <action arg="1087" type="swap"/>
                  </actions>
                </route>
              </routes>
            </te-group>
            <te-group>
              <routes>
                <route to="in0">
                  <actions>
                    <action arg="1087" type="swap"/>
                    <action arg="2828" type="push"/>
                  </actions>
                </route>
              </routes>
            </te-group>
          </te-groups>
        </destination>
        <destination from="in2" label="$1363">
          <te-groups>
            <te-group>
              <routes>
                <route to="in1">
                  <actions>
                    <action arg="1364" type="swap"/>
                  </actions>
                </route>
              </routes>
            </te-group>
          </te-groups>
        </destination>
        <destination from="in2" label="$1366">
          <te-groups>
            <te-group>
              <routes>
                <route to="in3">
                  <actions>
                    <action arg="1367" type="swap"/>
                  </actions>
                </route>
              </routes>
            </te-group>
          </te-groups>
        </destination>
        <destination from="in2" label="$1369">
          <te-groups>
            <te-group>
              <routes>
                <route to="in4">
                  <actions>
                    <action arg="1370" type="swap"/>
                  </actions>
                </route>
              </routes>
            </te-group>
            <te-group>
              <routes>
                <route to="in0">
                  <actions>
                    <action arg="1370" type="swap"/>
                    <action arg="2828" type="push"/>
                  </actions>
                </route>
              </routes>
            </te-group>
          </te-groups>
        </destination>
        <destination from="in2" label="$1383">
          <te-groups>
            <te-group>
              <routes>
                <route to="in4">
                  <actions>
                    <action arg="1384" type="swap"/>
                  </actions>
                </route>
              </routes>
            </te-group>
            <te-group>
              <routes>
                <route to="in0">
                  <actions>
                    <action arg="1384" type="swap"/>
                    <action arg="2828" type="push"/>
                  </actions>
                </route>
              </routes>
            </te-group>
          </te-groups>
        </destination>
        <destination from="in2" label="$1387">
          <te-groups>
            <te-group>
              <routes>
                <route to="in4">
                  <actions>
                    <action arg="1388" type="swap"/>
                  </actions>
                </route>
              </routes>
            </te-group>
            <te-group>
              <routes>
                <route to="in0">
                  <actions>
                    <action arg="1388" type="swap"/>
                    <action arg="2828" type="push"/>
                  </actions>
                </route>
              </routes>
            </te-group>
          </te-groups>
        </destination>
        <destination from="in2" label="$1685">
          <te-groups>
            <te-group>
              <routes>
                <route to="in1">
                  <actions>
                    <action arg="1686" type="swap"/>
                  </actions>
                </route>
              </routes>
            </te-group>
          </te-groups>
        </destination>
        <destination from="in2" label="$1698">
          <te-groups>
            <te-group>
              <routes>
                <route to="in3">
                  <actions>
                    <action arg="1699" type="swap"/>
                  </actions>
                </route>
              </routes>
            </te-group>
          </te-groups>
        </destination>
        <destination from="in2" label="$1705">
          <te-groups>
            <te-group>
              <routes>
                <route to="in4">
                  <actions>
                    <action arg="1706" type="swap"/>
                  </actions>
                </route>
              </routes>
            </te-group>
            <te-group>
              <routes>
                <route to="in0">
                  <actions>
                    <action arg="1706" type="swap"/>
                    <action arg="2828" type="push"/>
                  </actions>
                </route>
              </routes>
            </te-group>
          </te-groups>
        </destination>
        <destination from="in2" label="$1714">
          <te-groups>
            <te-group>
              <routes>
                <route to="in4">
                  <actions>
                    <action arg="1715" type="swap"/>
                  </actions>
                </route>
              </routes>
            </te-group>
            <te-group>
              <routes>
                <route to="in0">
                  <actions>
                    <action arg="1715" type="swap"/>
                    <action arg="2828" type="push"/>
                  </actions>
                </route>
              </routes>
            </te-group>
          </te-groups>
        </destination>
        <destination from="in2" label="$1722">
          <te-groups>
            <te-group>
              <routes>
                <route to="in4">
                  <actions>
                    <action arg="1723" type="swap"/>
                  </actions>
                </route>
              </routes>
            </te-group>
            <te-group>
              <routes>
                <route to="in0">
                  <actions>
                    <action arg="1723" type="swap"/>
                    <action arg="2828" type="push"/>
                  </actions>
                </route>
              </routes>
            </te-group>
          </te-groups>
        </destination>
        <destination from="in2" label="$1822">
          <te-groups>
            <te-group>
              <routes>
                <route to="in1">
                  <actions>
                    <action arg="1823" type="swap"/>
                  </actions>
                </route>
              </routes>
            </te-group>
          </te-groups>
        </destination>
        <destination from="in2" label="$1835">
          <te-groups>
            <te-group>
              <routes>
                <route to="in3">
                  <actions>
                    <action arg="1836" type="swap"/>
                  </actions>
                </route>
              </routes>
            </te-group>
          </te-groups>
        </destination>
        <destination from="in2" label="$1842">
          <te-groups>
            <te-group>
              <routes>
                <route to="in4">
                  <actions>
                    <action arg="1843" type="swap"/>
                  </actions>
                </route>
              </routes>
            </te-group>
            <te-group>
              <routes>
                <route to="in0">
                  <actions>
                    <action arg="1843" type="swap"/>
                    <action arg="2828" type="push"/>
                  </actions>
                </route>
              </routes>
            </te-group>
          </te-groups>
        </destination>
        <destination from="in2" label="$1851">
          <te-groups>
            <te-group>
              <routes>
                <route to="in4">
                  <actions>
                    <action arg="1852" type="swap"/>
                  </actions>
                </route>
              </routes>
            </te-group>
            <te-group>
              <routes>
                <route to="in0">
                  <actions>
                    <action arg="1852" type="swap"/>
                    <action arg="2828" type="push"/>
                  </actions>
                </route>
              </routes>
            </te-group>
          </te-groups>
        </destination>
        <destination from="in2" label="$1859">
          <te-groups>
            <te-group>
              <routes>
                <route to="in4">
                  <actions>
                    <action arg="1860" type="swap"/>
                  </actions>
                </route>
              </routes>
            </te-group>
            <te-group>
              <routes>
                <route to="in0">
                  <actions>
                    <action arg="1860" type="swap"/>
                    <action arg="2828" type="push"/>
                  </actions>
                </route>
              </routes>
            </te-group>
          </te-groups>
        </destination>
        <destination from="in2" label="$2191">
          <te-groups>
            <te-group>
              <routes>
                <route to="in1">
                  <actions>
                    <action arg="2192" type="swap"/>
                  </actions>
                </route>
              </routes>
            </te-group>
          </te-groups>
        </destination>
        <destination from="in2" label="$2198">
          <te-groups>
            <te-group>
              <routes>
                <route to="in3">
                  <actions>
                    <action arg="2199" type="swap"/>
                  </actions>
                </route>
              </routes>
            </te-group>
          </te-groups>
        </destination>
        <destination from="in2" label="$2202">
          <te-groups>
            <te-group>
              <routes>
                <route to="in4">
                  <actions>
                    <action arg="2203" type="swap"/>
                  </actions>
                </route>
              </routes>
            </te-group>
            <te-group>
              <routes>
                <route to="in0">
                  <actions>
                    <action arg="2203" type="swap"/>
                    <action arg="2828" type="push"/>
                  </actions>
                </route>
              </routes>
            </te-group>
          </te-groups>
        </destination>
        <destination from="in2" label="$2297">
          <te-groups>
            <te-group>
              <routes>
                <route to="in1">
                  <actions>
                    <action arg="2298" type="swap"/>
                  </actions>
                </route>
              </routes>
            </te-group>
          </te-groups>
        </destination>
        <destination from="in2" label="$2306">
          <te-groups>
            <te-group>
              <routes>
                <route to="in3">
                  <actions>
                    <action arg="2307" type="swap"/>
                  </actions>
                </route>
              </routes>
            </te-group>
          </te-groups>
        </destination>
        <destination from="in2" label="$2311">
          <te-groups>
            <te-group>
              <routes>
                <route to="in4">
                  <actions>
                    <action arg="2312" type="swap"/>
                  </actions>
                </route>
              </routes>
            </te-group>
            <te-group>
              <routes>
                <route to="in0">
                  <actions>
                    <action arg="2312" type="swap"/>
                    <action arg="2828" type="push"/>
                  </actions>
                </route>
              </routes>
            </te-group>
          </te-groups>
        </destination>
        <destination from="in2" label="$2414">
          <te-groups>
            <te-group>
              <routes>
                <route to="in1">
                  <actions>
                    <action arg="2415" type="swap"/>
                  </actions>
                </route>
              </routes>
            </te-group>
          </te-groups>
        </destination>
        <destination from="in2" label="$2423">
          <te-groups>
            <te-group>
              <routes>
                <route to="in3">
                  <actions>
                    <action arg="2424" type="swap"/>
                  </actions>
                </route>
              </routes>
            </te-group>
          </te-groups>
        </destination>
        <destination from="in2" label="$2428">
          <te-groups>
            <te-group>
              <routes>
                <route to="in4">
                  <actions>
                    <action arg="2429" type="swap"/>
                  </actions>
                </route>
              </routes>
            </te-group>
            <te-group>
              <routes>
                <route to="in0">
                  <actions>
                    <action arg="2429" type="swap"/>
                    <action arg="2828" type="push"/>
                  </actions>
                </route>
              </routes>
            </te-group>
          </te-groups>
        </destination>
        <destination from="in2" label="$2533">
          <te-groups>
            <te-group>
              <routes>
                <route to="in1">
                  <actions>
                    <action arg="2534" type="swap"/>
                  </actions>
                </route>
              </routes>
            </te-group>
          </te-groups>
        </destination>
        <destination from="in2" label="$2544">
          <te-groups>
            <te-group>
              <routes>
                <route to="in3">
                  <actions>
                    <action arg="2545" type="swap"/>
                  </actions>
                </route>
              </routes>
            </te-group>
          </te-groups>
        </destination>
        <destination from="in2" label="$2550">
          <te-groups>
            <te-group>
              <routes>
                <route to="in4">
                  <actions>
                    <action arg="2551" type="swap"/>
                  </actions>
                </route>
              </routes>
            </te-group>
            <te-group>
              <routes>
                <route to="in0">
                  <actions>
                    <action arg="2551" type="swap"/>
                    <action arg="2828" type="push"/>
                  </actions>
                </route>
              </routes>
            </te-group>
          </te-groups>
        </destination>
        <destination from="in2" label="$2629">
          <te-groups>
            <te-group>
              <routes>
                <route to="in1">
                  <actions>
                    <action arg="2630" type="swap"/>
                  </actions>
                </route>
              </routes>
            </te-group>
          </te-groups>
        </destination>
        <destination from="in2" label="$2638">
          <te-groups>
            <te-group>
              <routes>
                <route to="in3">
                  <actions>
                    <action arg="2639" type="swap"/>
                  </actions>
                </route>
              </routes>
            </te-group>
          </te-groups>
        </destination>
        <destination from="in2" label="$2643">
          <te-groups>
            <te-group>
              <routes>
                <route to="in4">
                  <actions>
                    <action arg="2644" type="swap"/>
                  </actions>
                </route>
              </routes>
            </te-group>
            <te-group>
              <routes>
                <route to="in0">
                  <actions>
                    <action arg="2644" type="swap"/>
                    <action arg="2828" type="push"/>
                  </actions>
                </route>
              </routes>
            </te-group>
          </te-groups>
        </destination>
        <destination from="in2" label="$2653">
          <te-groups>
            <te-group>
              <routes>
                <route to="in4">
                  <actions>
                    <action arg="2654" type="swap"/>
                  </actions>
                </route>
              </routes>
            </te-group>
            <te-group>
              <routes>
                <route to="in0">
                  <actions>
                    <action arg="2654" type="swap"/>
                    <action arg="2828" type="push"/>
                  </actions>
                </route>
              </routes>
            </te-group>
          </te-groups>
        </destination>
        <destination from="in2" label="$2659">
          <te-groups>
            <te-group>
              <routes>
                <route to="in4">
                  <actions>
                    <action arg="2660" type="swap"/>
                  </actions>
                </route>
              </routes>
            </te-group>
            <te-group>
              <routes>
                <route to="in0">
                  <actions>
                    <action arg="2660" type="swap"/>
                    <action arg="2828" type="push"/>
                  </actions>
                </route>
              </routes>
            </te-group>
          </te-groups>
        </destination>
        <destination from="in2" label="$2727">
          <te-groups>
            <te-group>
              <routes>
                <route to="in1">
                  <actions>
                    <action arg="2728" type="swap"/>
                  </actions>
                </route>
              </routes>
            </te-group>
          </te-groups>
        </destination>
        <destination from="in2" label="$2734">
          <te-groups>
            <te-group>
              <routes>
                <route to="in3">
                  <actions>
                    <action arg="2735" type="swap"/>
                  </actions>
                </route>
              </routes>
            </te-group>
          </te-groups>
        </destination>
        <destination from="in2" label="$2738">
          <te-groups>
            <te-group>
              <routes>
                <route to="in4">
                  <actions>
                    <action arg="2739" type="swap"/>
                  </actions>
                </route>
              </routes>
            </te-group>
            <te-group>
              <routes>
                <route to="in0">
                  <actions>
                    <action arg="2739" type="swap"/>
                    <action arg="2828" type="push"/>
                  </actions>
                </route>
              </routes>
            </te-group>
          </te-groups>
        </destination>
        <destination from="in2" label="$2749">
          <te-groups>
            <te-group>
              <routes>
                <route to="in4">
                  <actions>
                    <action arg="2750" type="swap"/>
                  </actions>
                </route>
              </routes>
            </te-group>
            <te-group>
              <routes>
                <route to="in0">
                  <actions>
                    <action arg="2750" type="swap"/>
                    <action arg="2828" type="push"/>
                  </actions>
                </route>
              </routes>
            </te-group>
          </te-groups>
        </destination>
        <destination from="in2" label="$2754">
          <te-groups>
            <te-group>
              <routes>
                <route to="in4">
                  <actions>
                    <action arg="2755" type="swap"/>
                  </actions>
                </route>
              </routes>
            </te-group>
            <te-group>
              <routes>
                <route to="in0">
                  <actions>
                    <action arg="2755" type="swap"/>
                    <action arg="2828" type="push"/>
                  </actions>
                </route>
              </routes>
            </te-group>
          </te-groups>
        </destination>
        <destination from="in3" label="1469">
          <te-groups>
            <te-group>
              <routes>
                <route to="eg0">
                  <actions>
                    <action type="pop"/>
                  </actions>
                </route>
              </routes>
            </te-group>
          </te-groups>
        </destination>
        <destination from="in3" label="$1415">
          <te-groups>
            <te-group>
              <routes>
                <route to="in0">
                  <actions>
                    <action arg="1416" type="swap"/>
                  </actions>
                </route>
              </routes>
            </te-group>
            <te-group>
              <routes>
                <route to="in2">
                  <actions>
                    <action arg="1416" type="swap"/>
                    <action arg="2824" type="push"/>
                  </actions>
                </route>
              </routes>
            </te-group>
            <te-group>
              <routes>
                <route to="in0">
                  <actions>
                    <action arg="1416" type="swap"/>
                    <action arg="2824" type="push"/>
                    <action arg="2825" type="push"/>
                  </actions>
                </route>
              </routes>
            </te-group>
          </te-groups>
        </destination>
        <destination from="in3" label="$1422">
          <te-groups>
            <te-group>
              <routes>
                <route to="in0">
                  <actions>
                    <action arg="1423" type="swap"/>
                  </actions>
                </route>
              </routes>
            </te-group>
            <te-group>
              <routes>
                <route to="in2">
                  <actions>
                    <action arg="1423" type="swap"/>
                    <action arg="2824" type="push"/>
                  </actions>
                </route>
              </routes>
            </te-group>
            <te-group>
              <routes>
                <route to="in0">
                  <actions>
                    <action arg="1423" type="swap"/>
                    <action arg="2824" type="push"/>
                    <action arg="2825" type="push"/>
                  </actions>
                </route>
              </routes>
            </te-group>
          </te-groups>
        </destination>
        <destination from="in3" label="$1428">
          <te-groups>
            <te-group>
              <routes>
                <route to="in0">
                  <actions>
                    <action arg="1429" type="swap"/>
                  </actions>
                </route>
              </routes>
            </te-group>
            <te-group>
              <routes>
                <route to="in2">
                  <actions>
                    <action arg="1429" type="swap"/>
                    <action arg="2824" type="push"/>
                  </actions>
                </route>
              </routes>
            </te-group>
            <te-group>
              <routes>
                <route to="in0">
                  <actions>
                    <action arg="1429" type="swap"/>
                    <action arg="2824" type="push"/>
                    <action arg="2825" type="push"/>
                  </actions>
                </route>
              </routes>
            </te-group>
          </te-groups>
        </destination>
        <destination from="in3" label="$1435">
          <te-groups>
            <te-group>
              <routes>
                <route to="in0">
                  <actions>
                    <action arg="1436" type="swap"/>
                  </actions>
                </route>
              </routes>
            </te-group>
            <te-group>
              <routes>
                <route to="in2">
                  <actions>
                    <action arg="1436" type="swap"/>
                    <action arg="2824" type="push"/>
                  </actions>
                </route>
              </routes>
            </te-group>
            <te-group>
              <routes>
                <route to="in0">
                  <actions>
                    <action arg="1436" type="swap"/>
                    <action arg="2824" type="push"/>
                    <action arg="2825" type="push"/>
                  </actions>
                </route>
              </routes>
            </te-group>
          </te-groups>
        </destination>
        <destination from="in3" label="$1441">
          <te-groups>
            <te-group>
              <routes>
                <route to="in0">
                  <actions>
                    <action arg="1442" type="swap"/>
                  </actions>
                </route>
              </routes>
            </te-group>
            <te-group>
              <routes>
                <route to="in2">
                  <actions>
                    <action arg="1442" type="swap"/>
                    <action arg="2824" type="push"/>
                  </actions>
                </route>
              </routes>
            </te-group>
            <te-group>
              <routes>
                <route to="in0">
                  <actions>
                    <action arg="1442" type="swap"/>
                    <action arg="2824" type="push"/>
                    <action arg="2825" type="push"/>
                  </actions>
                </route>
              </routes>
            </te-group>
          </te-groups>
        </destination>
        <destination from="in3" label="$1447">
          <te-groups>
            <te-group>
              <routes>
                <route to="in0">
                  <actions>
                    <action arg="1448" type="swap"/>
                  </actions>
                </route>
              </routes>
            </te-group>
            <te-group>
              <routes>
                <route to="in2">
                  <actions>
                    <action arg="1448" type="swap"/>
                    <action arg="2824" type="push"/>
                  </actions>
                </route>
              </routes>
            </te-group>
            <te-group>
              <routes>
                <route to="in0">
                  <actions>
                    <action arg="1448" type="swap"/>
                    <action arg="2824" type="push"/>
                    <action arg="2825" type="push"/>
                  </actions>
                </route>
              </routes>
            </te-group>
          </te-groups>
        </destination>
        <destination from="in3" label="$1451">
          <te-groups>
            <te-group>
              <routes>
                <route to="in0">
                  <actions>
                    <action arg="1452" type="swap"/>
                  </actions>
                </route>
              </routes>
            </te-group>
            <te-group>
              <routes>
                <route to="in2">
                  <actions>
                    <action arg="1452" type="swap"/>
                    <action arg="2824" type="push"/>
                  </actions>
                </route>
              </routes>
            </te-group>
            <te-group>
              <routes>
                <route to="in0">
                  <actions>
                    <action arg="1452" type="swap"/>
                    <action arg="2824" type="push"/>
                    <action arg="2825" type="push"/>
                  </actions>
                </route>
              </routes>
            </te-group>
          </te-groups>
        </destination>
        <destination from="in3" label="$1456">
          <te-groups>
            <te-group>
              <routes>
                <route to="in0">
                  <actions>
                    <action arg="1457" type="swap"/>
                  </actions>
                </route>
              </routes>
            </te-group>
            <te-group>
              <routes>
                <route to="in2">
                  <actions>
                    <action arg="1457" type="swap"/>
                    <action arg="2824" type="push"/>
                  </actions>
                </route>
              </routes>
            </te-group>
            <te-group>
              <routes>
                <route to="in0">
                  <actions>
                    <action arg="1457" type="swap"/>
                    <action arg="2824" type="push"/>
                    <action arg="2825" type="push"/>
                  </actions>
                </route>
              </routes>
            </te-group>
          </te-groups>
        </destination>
        <destination from="in3" label="$1462">
          <te-groups>
            <te-group>
              <routes>
                <route to="in0">
                  <actions>
                    <action arg="1463" type="swap"/>
                  </actions>
                </route>
              </routes>
            </te-group>
            <te-group>
              <routes>
                <route to="in2">
                  <actions>
                    <action arg="1463" type="swap"/>
                    <action arg="2824" type="push"/>
                  </actions>
                </route>
              </routes>
            </te-group>
            <te-group>
              <routes>
                <route to="in0">
                  <actions>
                    <action arg="1463" type="swap"/>
                    <action arg="2824" type="push"/>
                    <action arg="2825" type="push"/>
                  </actions>
                </route>
              </routes>
            </te-group>
          </te-groups>
        </destination>
        <destination from="in3" label="$1466">
          <te-groups>
            <te-group>
              <routes>
                <route to="in0">
                  <actions>
                    <action arg="1467" type="swap"/>
                  </actions>
                </route>
              </routes>
            </te-group>
            <te-group>
              <routes>
                <route to="in2">
                  <actions>
                    <action arg="1467" type="swap"/>
                    <action arg="2824" type="push"/>
                  </actions>
                </route>
              </routes>
            </te-group>
            <te-group>
              <routes>
                <route to="in0">
                  <actions>
                    <action arg="1467" type="swap"/>
                    <action arg="2824" type="push"/>
                    <action arg="2825" type="push"/>
                  </actions>
                </route>
              </routes>
            </te-group>
          </te-groups>
        </destination>
        <destination from="in3" label="$1471">
          <te-groups>
            <te-group>
              <routes>
                <route to="in1">
                  <actions>
                    <action arg="1472" type="swap"/>
                  </actions>
                </route>
              </routes>
            </te-group>
          </te-groups>
        </destination>
        <destination from="in3" label="$1474">
          <te-groups>
            <te-group>
              <routes>
                <route to="in2">
                  <actions>
                    <action arg="1475" type="swap"/>
                  </actions>
                </route>
              </routes>
            </te-group>
            <te-group>
              <routes>
                <route to="in0">
                  <actions>
                    <action arg="1475" type="swap"/>
                    <action arg="2825" type="push"/>
                  </actions>
                </route>
              </routes>
            </te-group>
          </te-groups>
        </destination>
        <destination from="in3" label="$1477">
          <te-groups>
            <te-group>
              <routes>
                <route to="in4">
                  <actions>
                    <action arg="1478" type="swap"/>
                  </actions>
                </route>
              </routes>
            </te-group>
            <te-group>
              <routes>
                <route to="in0">
                  <actions>
                    <action arg="1478" type="swap"/>
                    <action arg="2828" type="push"/>
                  </actions>
                </route>
              </routes>
            </te-group>
          </te-groups>
        </destination>
        <destination from="in3" label="$1480">
          <te-groups>
            <te-group>
              <routes>
                <route to="in0">
                  <actions>
                    <action arg="1481" type="swap"/>
                  </actions>
                </route>
              </routes>
            </te-group>
            <te-group>
              <routes>
                <route to="in2">
                  <actions>
                    <action arg="1481" type="swap"/>
                    <action arg="2824" type="push"/>
                  </actions>
                </route>
              </routes>
            </te-group>
            <te-group>
              <routes>
                <route to="in0">
                  <actions>
                    <action arg="1481" type="swap"/>
                    <action arg="2824" type="push"/>
                    <action arg="2825" type="push"/>
                  </actions>
                </route>
              </routes>
            </te-group>
          </te-groups>
        </destination>
        <destination from="in3" label="$1486">
          <te-groups>
            <te-group>
              <routes>
                <route to="in0">
                  <actions>
                    <action arg="1487" type="swap"/>
                  </actions>
                </route>
              </routes>
            </te-group>
            <te-group>
              <routes>
                <route to="in2">
                  <actions>
                    <action arg="1487" type="swap"/>
                    <action arg="2824" type="push"/>
                  </actions>
                </route>
              </routes>
            </te-group>
            <te-group>
              <routes>
                <route to="in0">
                  <actions>
                    <action arg="1487" type="swap"/>
                    <action arg="2824" type="push"/>
                    <action arg="2825" type="push"/>
                  </actions>
                </route>
              </routes>
            </te-group>
          </te-groups>
        </destination>
        <destination from="in3" label="$1493">
          <te-groups>
            <te-group>
              <routes>
                <route to="in4">
                  <actions>
                    <action arg="1494" type="swap"/>
                  </actions>
                </route>
              </routes>
            </te-group>
            <te-group>
              <routes>
                <route to="in0">
                  <actions>
                    <action arg="1494" type="swap"/>
                    <action arg="2828" type="push"/>
                  </actions>
                </route>
              </routes>
            </te-group>
          </te-groups>
        </destination>
        <destination from="in3" label="$1497">
          <te-groups>
            <te-group>
              <routes>
                <route to="in4">
                  <actions>
                    <action arg="1498" type="swap"/>
                  </actions>
                </route>
              </routes>
            </te-group>
            <te-group>
              <routes>
                <route to="in0">
                  <actions>
                    <action arg="1498" type="swap"/>
                    <action arg="2828" type="push"/>
                  </actions>
                </route>
              </routes>
            </te-group>
          </te-groups>
        </destination>
        <destination from="in3" label="$1502">
          <te-groups>
            <te-group>
              <routes>
                <route to="in0">
                  <actions>
                    <action arg="1503" type="swap"/>
                  </actions>
                </route>
              </routes>
            </te-group>
            <te-group>
              <routes>
                <route to="in2">
                  <actions>
                    <action arg="1503" type="swap"/>
                    <action arg="2824" type="push"/>
                  </actions>
                </route>
              </routes>
            </te-group>
            <te-group>
              <routes>
                <route to="in0">
                  <actions>
                    <action arg="1503" type="swap"/>
                    <action arg="2824" type="push"/>
                    <action arg="2825" type="push"/>
                  </actions>
                </route>
              </routes>
            </te-group>
          </te-groups>
        </destination>
        <destination from="in3" label="$1506">
          <te-groups>
            <te-group>
              <routes>
                <route to="in0">
                  <actions>
                    <action arg="1507" type="swap"/>
                  </actions>
                </route>
              </routes>
            </te-group>
            <te-group>
              <routes>
                <route to="in2">
                  <actions>
                    <action arg="1507" type="swap"/>
                    <action arg="2824" type="push"/>
                  </actions>
                </route>
              </routes>
            </te-group>
            <te-group>
              <routes>
                <route to="in0">
                  <actions>
                    <action arg="1507" type="swap"/>
                    <action arg="2824" type="push"/>
                    <action arg="2825" type="push"/>
                  </actions>
                </route>
              </routes>
            </te-group>
          </te-groups>
        </destination>
        <destination from="in3" label="$1511">
          <te-groups>
            <te-group>
              <routes>
                <route to="in0">
                  <actions>
                    <action arg="1512" type="swap"/>
                  </actions>
                </route>
              </routes>
            </te-group>
            <te-group>
              <routes>
                <route to="in2">
                  <actions>
                    <action arg="1512" type="swap"/>
                    <action arg="2824" type="push"/>
                  </actions>
                </route>
              </routes>
            </te-group>
            <te-group>
              <routes>
                <route to="in0">
                  <actions>
                    <action arg="1512" type="swap"/>
                    <action arg="2824" type="push"/>
                    <action arg="2825" type="push"/>
                  </actions>
                </route>
              </routes>
            </te-group>
          </te-groups>
        </destination>
        <destination from="in3" label="$1516">
          <te-groups>
            <te-group>
              <routes>
                <route to="in0">
                  <actions>
                    <action arg="1517" type="swap"/>
                  </actions>
                </route>
              </routes>
            </te-group>
            <te-group>
              <routes>
                <route to="in2">
                  <actions>
                    <action arg="1517" type="swap"/>
                    <action arg="2824" type="push"/>
                  </actions>
                </route>
              </routes>
            </te-group>
            <te-group>
              <routes>
                <route to="in0">
                  <actions>
                    <action arg="1517" type="swap"/>
                    <action arg="2824" type="push"/>
                    <action arg="2825" type="push"/>
                  </actions>
                </route>
              </routes>
            </te-group>
          </te-groups>
        </destination>
        <destination from="in3" label="$1522">
          <te-groups>
            <te-group>
              <routes>
                <route to="in0">
                  <actions>
                    <action arg="1523" type="swap"/>
                  </actions>
                </route>
              </routes>
            </te-group>
            <te-group>
              <routes>
                <route to="in2">
                  <actions>
                    <action arg="1523" type="swap"/>
                    <action arg="2824" type="push"/>
                  </actions>
                </route>
              </routes>
            </te-group>
            <te-group>
              <routes>
                <route to="in0">
                  <actions>
                    <action arg="1523" type="swap"/>
                    <action arg="2824" type="push"/>
                    <action arg="2825" type="push"/>
                  </actions>
                </route>
              </routes>
            </te-group>
          </te-groups>
        </destination>
        <destination from="in3" label="$1527">
          <te-groups>
            <te-group>
              <routes>
                <route to="in0">
                  <actions>
                    <action arg="1528" type="swap"/>
                  </actions>
                </route>
              </routes>
            </te-group>
            <te-group>
              <routes>
                <route to="in2">
                  <actions>
                    <action arg="1528" type="swap"/>
                    <action arg="2824" type="push"/>
                  </actions>
                </route>
              </routes>
            </te-group>
            <te-group>
              <routes>
                <route to="in0">
                  <actions>
                    <action arg="1528" type="swap"/>
                    <action arg="2824" type="push"/>
                    <action arg="2825" type="push"/>
                  </actions>
                </route>
              </routes>
            </te-group>
          </te-groups>
        </destination>
        <destination from="in4" label="1583">
          <te-groups>
            <te-group>
              <routes>
                <route to="eg0">
                  <actions>
                    <action type="pop"/>
                  </actions>
                </route>
              </routes>
            </te-group>
          </te-groups>
        </destination>
        <destination from="in4" label="1950">
          <te-groups>
            <te-group>
              <routes>
                <route to="eg0">
                  <actions>
                    <action type="pop"/>
                  </actions>
                </route>
              </routes>
            </te-group>
          </te-groups>
        </destination>
        <destination from="in4" label="2084">
          <te-groups>
            <te-group>
              <routes>
                <route to="eg0">
                  <actions>
                    <action type="pop"/>
                  </actions>
                </route>
              </routes>
            </te-group>
          </te-groups>
        </destination>
        <destination from="in4" label="2836">
          <te-groups>
            <te-group>
              <routes>
                <route to="in0">
                  <actions>
                    <action arg="2835" type="swap"/>
                  </actions>
                </route>
              </routes>
            </te-group>
          </te-groups>
        </destination>
        <destination from="in4" label="2845">
          <te-groups>
            <te-group>
              <routes>
                <route to="in0">
                  <actions>
                    <action arg="2844" type="swap"/>
                  </actions>
                </route>
              </routes>
            </te-group>
          </te-groups>
        </destination>
        <destination from="in4" label="2850">
          <te-groups>
            <te-group>
              <routes>
                <route to="in0">
                  <actions>
                    <action type="pop"/>
                  </actions>
                </route>
              </routes>
            </te-group>
          </te-groups>
        </destination>
        <destination from="in4" label="$1531">
          <te-groups>
            <te-group>
              <routes>
                <route to="in0">
                  <actions>
                    <action arg="1532" type="swap"/>
                  </actions>
                </route>
              </routes>
            </te-group>
            <te-group>
              <routes>
                <route to="in2">
                  <actions>
                    <action arg="1532" type="swap"/>
                    <action arg="2824" type="push"/>
                  </actions>
                </route>
              </routes>
            </te-group>
            <te-group>
              <routes>
                <route to="in0">
                  <actions>
                    <action arg="1532" type="swap"/>
                    <action arg="2824" type="push"/>
                    <action arg="2825" type="push"/>
                  </actions>
                </route>
              </routes>
            </te-group>
          </te-groups>
        </destination>
        <destination from="in4" label="$1538">
          <te-groups>
            <te-group>
              <routes>
                <route to="in0">
                  <actions>
                    <action arg="1539" type="swap"/>
                  </actions>
                </route>
              </routes>
            </te-group>
            <te-group>
              <routes>
                <route to="in2">
                  <actions>
                    <action arg="1539" type="swap"/>
                    <action arg="2824" type="push"/>
                  </actions>
                </route>
              </routes>
            </te-group>
            <te-group>
              <routes>
                <route to="in0">
                  <actions>
                    <action arg="1539" type="swap"/>
                    <action arg="2824" type="push"/>
                    <action arg="2825" type="push"/>
                  </actions>
                </route>
              </routes>
            </te-group>
          </te-groups>
        </destination>
        <destination from="in4" label="$1544">
          <te-groups>
            <te-group>
              <routes>
                <route to="in0">
                  <actions>
                    <action arg="1545" type="swap"/>
                  </actions>
                </route>
              </routes>
            </te-group>
            <te-group>
              <routes>
                <route to="in2">
                  <actions>
                    <action arg="1545" type="swap"/>
                    <action arg="2824" type="push"/>
                  </actions>
                </route>
              </routes>
            </te-group>
            <te-group>
              <routes>
                <route to="in0">
                  <actions>
                    <action arg="1545" type="swap"/>
                    <action arg="2824" type="push"/>
                    <action arg="2825" type="push"/>
                  </actions>
                </route>
              </routes>
            </te-group>
          </te-groups>
        </destination>
        <destination from="in4" label="$1551">
          <te-groups>
            <te-group>
              <routes>
                <route to="in0">
                  <actions>
                    <action arg="1552" type="swap"/>
                  </actions>
                </route>
              </routes>
            </te-group>
            <te-group>
              <routes>
                <route to="in2">
                  <actions>
                    <action arg="1552" type="swap"/>
                    <action arg="2824" type="push"/>
                  </actions>
                </route>
              </routes>
            </te-group>
            <te-group>
              <routes>
                <route to="in0">
                  <actions>
                    <action arg="1552" type="swap"/>
                    <action arg="2824" type="push"/>
                    <action arg="2825" type="push"/>
                  </actions>
                </route>
              </routes>
            </te-group>
          </te-groups>
        </destination>
        <destination from="in4" label="$1557">
          <te-groups>
            <te-group>
              <routes>
                <route to="in0">
                  <actions>
                    <action arg="1558" type="swap"/>
                  </actions>
                </route>
              </routes>
            </te-group>
            <te-group>
              <routes>
                <route to="in2">
                  <actions>
                    <action arg="1558" type="swap"/>
                    <action arg="2824" type="push"/>
                  </actions>
                </route>
              </routes>
            </te-group>
            <te-group>
              <routes>
                <route to="in0">
                  <actions>
                    <action arg="1558" type="swap"/>
                    <action arg="2824" type="push"/>
                    <action arg="2825" type="push"/>
                  </actions>
                </route>
              </routes>
            </te-group>
          </te-groups>
        </destination>
        <destination from="in4" label="$1563">
          <te-groups>
            <te-group>
              <routes>
                <route to="in0">
                  <actions>
                    <action arg="1564" type="swap"/>
                  </actions>
                </route>
              </routes>
            </te-group>
            <te-group>
              <routes>
                <route to="in2">
                  <actions>
                    <action arg="1564" type="swap"/>
                    <action arg="2824" type="push"/>
                  </actions>
                </route>
              </routes>
            </te-group>
            <te-group>
              <routes>
                <route to="in0">
                  <actions>
                    <action arg="1564" type="swap"/>
                    <action arg="2824" type="push"/>
                    <action arg="2825" type="push"/>
                  </actions>
                </route>
              </routes>
            </te-group>
          </te-groups>
        </destination>
        <destination from="in4" label="$1567">
          <te-groups>
            <te-group>
              <routes>
                <route to="in0">
                  <actions>
                    <action arg="1568" type="swap"/>
                  </actions>
                </route>
              </routes>
            </te-group>
            <te-group>
              <routes>
                <route to="in2">
                  <actions>
                    <action arg="1568" type="swap"/>
                    <action arg="2824" type="push"/>
                  </actions>
                </route>
              </routes>
            </te-group>
            <te-group>
              <routes>
                <route to="in0">
                  <actions>
                    <action arg="1568" type="swap"/>
                    <action arg="2824" type="push"/>
                    <action arg="2825" type="push"/>
                  </actions>
                </route>
              </routes>
            </te-group>
          </te-groups>
        </destination>
        <destination from="in4" label="$1576">
          <te-groups>
            <te-group>
              <routes>
                <route to="in0">
                  <actions>
                    <action arg="1577" type="swap"/>
                  </actions>
                </route>
              </routes>
            </te-group>
            <te-group>
              <routes>
                <route to="in2">
                  <actions>
                    <action arg="1577" type="swap"/>
                    <action arg="2824" type="push"/>
                  </actions>
                </route>
              </routes>
            </te-group>
            <te-group>
              <routes>
                <route to="in0">
                  <actions>
                    <action arg="1577" type="swap"/>
                    <action arg="2824" type="push"/>
                    <action arg="2825" type="push"/>
                  </actions>
                </route>
              </routes>
            </te-group>
          </te-groups>
        </destination>
        <destination from="in4" label="$1580">
          <te-groups>
            <te-group>
              <routes>
                <route to="in0">
                  <actions>
                    <action arg="1581" type="swap"/>
                  </actions>
                </route>
              </routes>
            </te-group>
            <te-group>
              <routes>
                <route to="in2">
                  <actions>
                    <action arg="1581" type="swap"/>
                    <action arg="2824" type="push"/>
                  </actions>
                </route>
              </routes>
            </te-group>
            <te-group>
              <routes>
                <route to="in0">
                  <actions>
                    <action arg="1581" type="swap"/>
                    <action arg="2824" type="push"/>
                    <action arg="2825" type="push"/>
                  </actions>
                </route>
              </routes>
            </te-group>
          </te-groups>
        </destination>
        <destination from="in4" label="$1585">
          <te-groups>
            <te-group>
              <routes>
                <route to="in1">
                  <actions>
                    <action arg="1586" type="swap"/>
                  </actions>
                </route>
              </routes>
            </te-group>
          </te-groups>
        </destination>
        <destination from="in4" label="$1588">
          <te-groups>
            <te-group>
              <routes>
                <route to="in2">
                  <actions>
                    <action arg="1589" type="swap"/>
                  </actions>
                </route>
              </routes>
            </te-group>
            <te-group>
              <routes>
                <route to="in0">
                  <actions>
                    <action arg="1589" type="swap"/>
                    <action arg="2825" type="push"/>
                  </actions>
                </route>
              </routes>
            </te-group>
          </te-groups>
        </destination>
        <destination from="in4" label="$1591">
          <te-groups>
            <te-group>
              <routes>
                <route to="in3">
                  <actions>
                    <action arg="1592" type="swap"/>
                  </actions>
                </route>
              </routes>
            </te-group>
          </te-groups>
        </destination>
        <destination from="in4" label="$1594">
          <te-groups>
            <te-group>
              <routes>
                <route to="in0">
                  <actions>
                    <action arg="1595" type="swap"/>
                  </actions>
                </route>
              </routes>
            </te-group>
            <te-group>
              <routes>
                <route to="in2">
                  <actions>
                    <action arg="1595" type="swap"/>
                    <action arg="2824" type="push"/>
                  </actions>
                </route>
              </routes>
            </te-group>
            <te-group>
              <routes>
                <route to="in0">
                  <actions>
                    <action arg="1595" type="swap"/>
                    <action arg="2824" type="push"/>
                    <action arg="2825" type="push"/>
                  </actions>
                </route>
              </routes>
            </te-group>
          </te-groups>
        </destination>
        <destination from="in4" label="$1600">
          <te-groups>
            <te-group>
              <routes>
                <route to="in0">
                  <actions>
                    <action arg="1601" type="swap"/>
                  </actions>
                </route>
              </routes>
            </te-group>
            <te-group>
              <routes>
                <route to="in2">
                  <actions>
                    <action arg="1601" type="swap"/>
                    <action arg="2824" type="push"/>
                  </actions>
                </route>
              </routes>
            </te-group>
            <te-group>
              <routes>
                <route to="in0">
                  <actions>
                    <action arg="1601" type="swap"/>
                    <action arg="2824" type="push"/>
                    <action arg="2825" type="push"/>
                  </actions>
                </route>
              </routes>
            </te-group>
          </te-groups>
        </destination>
        <destination from="in4" label="$1628">
          <te-groups>
            <te-group>
              <routes>
                <route to="in0">
                  <actions>
                    <action arg="1629" type="swap"/>
                  </actions>
                </route>
              </routes>
            </te-group>
            <te-group>
              <routes>
                <route to="in2">
                  <actions>
                    <action arg="1629" type="swap"/>
                    <action arg="2824" type="push"/>
                  </actions>
                </route>
              </routes>
            </te-group>
            <te-group>
              <routes>
                <route to="in0">
                  <actions>
                    <action arg="1629" type="swap"/>
                    <action arg="2824" type="push"/>
                    <action arg="2825" type="push"/>
                  </actions>
                </route>
              </routes>
            </te-group>
          </te-groups>
        </destination>
        <destination from="in4" label="$1633">
          <te-groups>
            <te-group>
              <routes>
                <route to="in0">
                  <actions>
                    <action arg="1634" type="swap"/>
                  </actions>
                </route>
              </routes>
            </te-group>
            <te-group>
              <routes>
                <route to="in2">
                  <actions>
                    <action arg="1634" type="swap"/>
                    <action arg="2824" type="push"/>
                  </actions>
                </route>
              </routes>
            </te-group>
            <te-group>
              <routes>
                <route to="in0">
                  <actions>
                    <action arg="1634" type="swap"/>
                    <action arg="2824" type="push"/>
                    <action arg="2825" type="push"/>
                  </actions>
                </route>
              </routes>
            </te-group>
          </te-groups>
        </destination>
        <destination from="in4" label="$1929">
          <te-groups>
            <te-group>
              <routes>
                <route to="in0">
                  <actions>
                    <action arg="1930" type="swap"/>
                  </actions>
                </route>
              </routes>
            </te-group>
            <te-group>
              <routes>
                <route to="in2">
                  <actions>
                    <action arg="1930" type="swap"/>
                    <action arg="2824" type="push"/>
                  </actions>
                </route>
              </routes>
            </te-group>
            <te-group>
              <routes>
                <route to="in0">
                  <actions>
                    <action arg="1930" type="swap"/>
                    <action arg="2824" type="push"/>
                    <action arg="2825" type="push"/>
                  </actions>
                </route>
              </routes>
            </te-group>
          </te-groups>
        </destination>
        <destination from="in4" label="$1941">
          <te-groups>
            <te-group>
              <routes>
                <route to="in0">
                  <actions>
                    <action arg="1942" type="swap"/>
                  </actions>
                </route>
              </routes>
            </te-group>
            <te-group>
              <routes>
                <route to="in2">
                  <actions>
                    <action arg="1942" type="swap"/>
                    <action arg="2824" type="push"/>
                  </actions>
                </route>
              </routes>
            </te-group>
            <te-group>
              <routes>
                <route to="in0">
                  <actions>
                    <action arg="1942" type="swap"/>
                    <action arg="2824" type="push"/>
                    <action arg="2825" type="push"/>
                  </actions>
                </route>
              </routes>
            </te-group>
          </te-groups>
        </destination>
        <destination from="in4" label="$1946">
          <te-groups>
            <te-group>
              <routes>
                <route to="in0">
                  <actions>
                    <action arg="1947" type="swap"/>
                  </actions>
                </route>
              </routes>
            </te-group>
            <te-group>
              <routes>
                <route to="in2">
                  <actions>
                    <action arg="1947" type="swap"/>
                    <action arg="2824" type="push"/>
                  </actions>
                </route>
              </routes>
            </te-group>
            <te-group>
              <routes>
                <route to="in0">
                  <actions>
                    <action arg="1947" type="swap"/>
                    <action arg="2824" type="push"/>
                    <action arg="2825" type="push"/>
                  </actions>
                </route>
              </routes>
            </te-group>
          </te-groups>
        </destination>
        <destination from="in4" label="$1953">
          <te-groups>
            <te-group>
              <routes>
                <route to="in1">
                  <actions>
                    <action arg="1954" type="swap"/>
                  </actions>
                </route>
              </routes>
            </te-group>
          </te-groups>
        </destination>
        <destination from="in4" label="$1957">
          <te-groups>
            <te-group>
              <routes>
                <route to="in2">
                  <actions>
                    <action arg="1958" type="swap"/>
                  </actions>
                </route>
              </routes>
            </te-group>
            <te-group>
              <routes>
                <route to="in0">
                  <actions>
                    <action arg="1958" type="swap"/>
                    <action arg="2825" type="push"/>
                  </actions>
                </route>
              </routes>
            </te-group>
          </te-groups>
        </destination>
        <destination from="in4" label="$1961">
          <te-groups>
            <te-group>
              <routes>
                <route to="in3">
                  <actions>
                    <action arg="1962" type="swap"/>
                  </actions>
                </route>
              </routes>
            </te-group>
          </te-groups>
        </destination>
        <destination from="in4" label="$2014">
          <te-groups>
            <te-group>
              <routes>
                <route to="in0">
                  <actions>
                    <action arg="2015" type="swap"/>
                  </actions>
                </route>
              </routes>
            </te-group>
            <te-group>
              <routes>
                <route to="in2">
                  <actions>
                    <action arg="2015" type="swap"/>
                    <action arg="2824" type="push"/>
                  </actions>
                </route>
              </routes>
            </te-group>
            <te-group>
              <routes>
                <route to="in0">
                  <actions>
                    <action arg="2015" type="swap"/>
                    <action arg="2824" type="push"/>
                    <action arg="2825" type="push"/>
                  </actions>
                </route>
              </routes>
            </te-group>
          </te-groups>
        </destination>
        <destination from="in4" label="$2023">
          <te-groups>
            <te-group>
              <routes>
                <route to="in0">
                  <actions>
                    <action arg="2024" type="swap"/>
                  </actions>
                </route>
              </routes>
            </te-group>
            <te-group>
              <routes>
                <route to="in2">
                  <actions>
                    <action arg="2024" type="swap"/>
                    <action arg="2824" type="push"/>
                  </actions>
                </route>
              </routes>
            </te-group>
            <te-group>
              <routes>
                <route to="in0">
                  <actions>
                    <action arg="2024" type="swap"/>
                    <action arg="2824" type="push"/>
                    <action arg="2825" type="push"/>
                  </actions>
                </route>
              </routes>
            </te-group>
          </te-groups>
        </destination>
        <destination from="in4" label="$2031">
          <te-groups>
            <te-group>
              <routes>
                <route to="in0">
                  <actions>
                    <action arg="2032" type="swap"/>
                  </actions>
                </route>
              </routes>
            </te-group>
            <te-group>
              <routes>
                <route to="in2">
                  <actions>
                    <action arg="2032" type="swap"/>
                    <action arg="2824" type="push"/>
                  </actions>
                </route>
              </routes>
            </te-group>
            <te-group>
              <routes>
                <route to="in0">
                  <actions>
                    <action arg="2032" type="swap"/>
                    <action arg="2824" type="push"/>
                    <action arg="2825" type="push"/>
                  </actions>
                </route>
              </routes>
            </te-group>
          </te-groups>
        </destination>
        <destination from="in4" label="$2040">
          <te-groups>
            <te-group>
              <routes>
                <route to="in0">
                  <actions>
                    <action arg="2041" type="swap"/>
                  </actions>
                </route>
              </routes>
            </te-group>
            <te-group>
              <routes>
                <route to="in2">
                  <actions>
                    <action arg="2041" type="swap"/>
                    <action arg="2824" type="push"/>
                  </actions>
                </route>
              </routes>
            </te-group>
            <te-group>
              <routes>
                <route to="in0">
                  <actions>
                    <action arg="2041" type="swap"/>
                    <action arg="2824" type="push"/>
                    <action arg="2825" type="push"/>
                  </actions>
                </route>
              </routes>
            </te-group>
          </te-groups>
        </destination>
        <destination from="in4" label="$2048">
          <te-groups>
            <te-group>
              <routes>
                <route to="in0">
                  <actions>
                    <action arg="2049" type="swap"/>
                  </actions>
                </route>
              </routes>
            </te-group>
            <te-group>
              <routes>
                <route to="in2">
                  <actions>
                    <action arg="2049" type="swap"/>
                    <action arg="2824" type="push"/>
                  </actions>
                </route>
              </routes>
            </te-group>
            <te-group>
              <routes>
                <route to="in0">
                  <actions>
                    <action arg="2049" type="swap"/>
                    <action arg="2824" type="push"/>
                    <action arg="2825" type="push"/>
                  </actions>
                </route>
              </routes>
            </te-group>
          </te-groups>
        </destination>
        <destination from="in4" label="$2056">
          <te-groups>
            <te-group>
              <routes>
                <route to="in0">
                  <actions>
                    <action arg="2057" type="swap"/>
                  </actions>
                </route>
              </routes>
            </te-group>
            <te-group>
              <routes>
                <route to="in2">
                  <actions>
                    <action arg="2057" type="swap"/>
                    <action arg="2824" type="push"/>
                  </actions>
                </route>
              </routes>
            </te-group>
            <te-group>
              <routes>
                <route to="in0">
                  <actions>
                    <action arg="2057" type="swap"/>
                    <action arg="2824" type="push"/>
                    <action arg="2825" type="push"/>
                  </actions>
                </route>
              </routes>
            </te-group>
          </te-groups>
        </destination>
        <destination from="in4" label="$2062">
          <te-groups>
            <te-group>
              <routes>
                <route to="in0">
                  <actions>
                    <action arg="2063" type="swap"/>
                  </actions>
                </route>
              </routes>
            </te-group>
            <te-group>
              <routes>
                <route to="in2">
                  <actions>
                    <action arg="2063" type="swap"/>
                    <action arg="2824" type="push"/>
                  </actions>
                </route>
              </routes>
            </te-group>
            <te-group>
              <routes>
                <route to="in0">
                  <actions>
                    <action arg="2063" type="swap"/>
                    <action arg="2824" type="push"/>
                    <action arg="2825" type="push"/>
                  </actions>
                </route>
              </routes>
            </te-group>
          </te-groups>
        </destination>
        <destination from="in4" label="$2073">
          <te-groups>
            <te-group>
              <routes>
                <route to="in0">
                  <actions>
                    <action arg="2074" type="swap"/>
                  </actions>
                </route>
              </routes>
            </te-group>
            <te-group>
              <routes>
                <route to="in2">
                  <actions>
                    <action arg="2074" type="swap"/>
                    <action arg="2824" type="push"/>
                  </actions>
                </route>
              </routes>
            </te-group>
            <te-group>
              <routes>
                <route to="in0">
                  <actions>
                    <action arg="2074" type="swap"/>
                    <action arg="2824" type="push"/>
                    <action arg="2825" type="push"/>
                  </actions>
                </route>
              </routes>
            </te-group>
          </te-groups>
        </destination>
        <destination from="in4" label="$2079">
          <te-groups>
            <te-group>
              <routes>
                <route to="in0">
                  <actions>
                    <action arg="2080" type="swap"/>
                  </actions>
                </route>
              </routes>
            </te-group>
            <te-group>
              <routes>
                <route to="in2">
                  <actions>
                    <action arg="2080" type="swap"/>
                    <action arg="2824" type="push"/>
                  </actions>
                </route>
              </routes>
            </te-group>
            <te-group>
              <routes>
                <route to="in0">
                  <actions>
                    <action arg="2080" type="swap"/>
                    <action arg="2824" type="push"/>
                    <action arg="2825" type="push"/>
                  </actions>
                </route>
              </routes>
            </te-group>
          </te-groups>
        </destination>
        <destination from="in4" label="$2088">
          <te-groups>
            <te-group>
              <routes>
                <route to="in1">
                  <actions>
                    <action arg="2089" type="swap"/>
                  </actions>
                </route>
              </routes>
            </te-group>
          </te-groups>
        </destination>
        <destination from="in4" label="$2093">
          <te-groups>
            <te-group>
              <routes>
                <route to="in2">
                  <actions>
                    <action arg="2094" type="swap"/>
                  </actions>
                </route>
              </routes>
            </te-group>
            <te-group>
              <routes>
                <route to="in0">
                  <actions>
                    <action arg="2094" type="swap"/>
                    <action arg="2825" type="push"/>
                  </actions>
                </route>
              </routes>
            </te-group>
          </te-groups>
        </destination>
        <destination from="in4" label="$2098">
          <te-groups>
            <te-group>
              <routes>
                <route to="in3">
                  <actions>
                    <action arg="2099" type="swap"/>
                  </actions>
                </route>
              </routes>
            </te-group>
          </te-groups>
        </destination>
        <destination from="in4" label="$2106">
          <te-groups>
            <te-group>
              <routes>
                <route to="in0">
                  <actions>
                    <action arg="2107" type="swap"/>
                  </actions>
                </route>
              </routes>
            </te-group>
            <te-group>
              <routes>
                <route to="in2">
                  <actions>
                    <action arg="2107" type="swap"/>
                    <action arg="2824" type="push"/>
                  </actions>
                </route>
              </routes>
            </te-group>
            <te-group>
              <routes>
                <route to="in0">
                  <actions>
                    <action arg="2107" type="swap"/>
                    <action arg="2824" type="push"/>
                    <action arg="2825" type="push"/>
                  </actions>
                </route>
              </routes>
            </te-group>
          </te-groups>
        </destination>
        <destination from="in4" label="$2114">
          <te-groups>
            <te-group>
              <routes>
                <route to="in0">
                  <actions>
                    <action arg="2115" type="swap"/>
                  </actions>
                </route>
              </routes>
            </te-group>
            <te-group>
              <routes>
                <route to="in2">
                  <actions>
                    <action arg="2115" type="swap"/>
                    <action arg="2824" type="push"/>
                  </actions>
                </route>
              </routes>
            </te-group>
            <te-group>
              <routes>
                <route to="in0">
                  <actions>
                    <action arg="2115" type="swap"/>
                    <action arg="2824" type="push"/>
                    <action arg="2825" type="push"/>
                  </actions>
                </route>
              </routes>
            </te-group>
          </te-groups>
        </destination>
        <destination from="in4" label="$2141">
          <te-groups>
            <te-group>
              <routes>
                <route to="in0">
                  <actions>
                    <action arg="2142" type="swap"/>
                  </actions>
                </route>
              </routes>
            </te-group>
            <te-group>
              <routes>
                <route to="in2">
                  <actions>
                    <action arg="2142" type="swap"/>
                    <action arg="2824" type="push"/>
                  </actions>
                </route>
              </routes>
            </te-group>
            <te-group>
              <routes>
                <route to="in0">
                  <actions>
                    <action arg="2142" type="swap"/>
                    <action arg="2824" type="push"/>
                    <action arg="2825" type="push"/>
                  </actions>
                </route>
              </routes>
            </te-group>
          </te-groups>
        </destination>
        <destination from="in4" label="$2148">
          <te-groups>
            <te-group>
              <routes>
                <route to="in0">
                  <actions>
                    <action arg="2149" type="swap"/>
                  </actions>
                </route>
              </routes>
            </te-group>
            <te-group>
              <routes>
                <route to="in2">
                  <actions>
                    <action arg="2149" type="swap"/>
                    <action arg="2824" type="push"/>
                  </actions>
                </route>
              </routes>
            </te-group>
            <te-group>
              <routes>
                <route to="in0">
                  <actions>
                    <action arg="2149" type="swap"/>
                    <action arg="2824" type="push"/>
                    <action arg="2825" type="push"/>
                  </actions>
                </route>
              </routes>
            </te-group>
          </te-groups>
        </destination>
      </destinations>
    </routing>
    <routing for="Stockton">
      <destinations>
        <destination from="eg0" ip="ip">
          <te-groups>
            <te-group>
              <routes>
                <route to="in0">
                  <actions>
                    <action arg="1260" type="push"/>
                  </actions>
                </route>
                <route to="in0">
                  <actions>
                    <action arg="1313" type="push"/>
                  </actions>
                </route>
                <route to="in0">
                  <actions>
                    <action arg="1308" type="push"/>
                  </actions>
                </route>
                <route to="in0">
                  <actions>
                    <action arg="1302" type="push"/>
                  </actions>
                </route>
                <route to="in0">
                  <actions>
                    <action arg="1297" type="push"/>
                  </actions>
                </route>
                <route to="in0">
                  <actions>
                    <action arg="1292" type="push"/>
                  </actions>
                </route>
                <route to="in0">
                  <actions>
                    <action arg="1288" type="push"/>
                  </actions>
                </route>
                <route to="in0">
                  <actions>
                    <action arg="1283" type="push"/>
                  </actions>
                </route>
                <route to="in0">
                  <actions>
                    <action arg="1279" type="push"/>
                  </actions>
                </route>
                <route to="in0">
                  <actions>
                    <action arg="1272" type="push"/>
                  </actions>
                </route>
                <route to="in0">
                  <actions>
                    <action arg="1266" type="push"/>
                  </actions>
                </route>
                <route to="in0">
                  <actions>
                    <action arg="1263" type="push"/>
                  </actions>
                </route>
                <route to="in0">
                  <actions>
                    <action arg="1201" type="push"/>
                  </actions>
                </route>
                <route to="in0">
                  <actions>
                    <action arg="1257" type="push"/>
                  </actions>
                </route>
                <route to="in0">
                  <actions>
                    <action arg="1255" type="push"/>
                  </actions>
                </route>
                <route to="in0">
                  <actions>
                    <action arg="1252" type="push"/>
                  </actions>
                </route>
                <route to="in0">
                  <actions>
                    <action arg="1248" type="push"/>
                  </actions>
                </route>
                <route to="in0">
                  <actions>
                    <action arg="1242" type="push"/>
                  </actions>
                </route>
                <route to="in0">
                  <actions>
                    <action arg="1237" type="push"/>
                  </actions>
                </route>
                <route to="in0">
                  <actions>
                    <action arg="1233" type="push"/>
                  </actions>
                </route>
                <route to="in0">
                  <actions>
                    <action arg="1227" type="push"/>
                  </actions>
                </route>
                <route to="in0">
                  <actions>
                    <action arg="1221" type="push"/>
                  </actions>
                </route>
                <route to="in0">
                  <actions>
                    <action arg="1214" type="push"/>
                  </actions>
                </route>
                <route to="in0">
                  <actions>
                    <action arg="1208" type="push"/>
                  </actions>
                </route>
              </routes>
            </te-group>
          </te-groups>
        </destination>
        <destination from="in0" label="89">
          <te-groups>
            <te-group>
              <routes>
                <route to="eg0">
                  <actions>
                    <action type="pop"/>
                  </actions>
                </route>
              </routes>
            </te-group>
          </te-groups>
        </destination>
        <destination from="in0" label="210">
          <te-groups>
            <te-group>
              <routes>
                <route to="eg0">
                  <actions>
                    <action type="pop"/>
                  </actions>
                </route>
              </routes>
            </te-group>
          </te-groups>
        </destination>
        <destination from="in0" label="334">
          <te-groups>
            <te-group>
              <routes>
                <route to="eg0">
                  <actions>
                    <action type="pop"/>
                  </actions>
                </route>
              </routes>
            </te-group>
          </te-groups>
        </destination>
        <destination from="in0" label="441">
          <te-groups>
            <te-group>
              <routes>
                <route to="eg0">
                  <actions>
                    <action type="pop"/>
                  </actions>
                </route>
              </routes>
            </te-group>
          </te-groups>
        </destination>
        <destination from="in0" label="545">
          <te-groups>
            <te-group>
              <routes>
                <route to="eg0">
                  <actions>
                    <action type="pop"/>
                  </actions>
                </route>
              </routes>
            </te-group>
          </te-groups>
        </destination>
        <destination from="in0" label="655">
          <te-groups>
            <te-group>
              <routes>
                <route to="eg0">
                  <actions>
                    <action type="pop"/>
                  </actions>
                </route>
              </routes>
            </te-group>
          </te-groups>
        </destination>
        <destination from="in0" label="753">
          <te-groups>
            <te-group>
              <routes>
                <route to="eg0">
                  <actions>
                    <action type="pop"/>
                  </actions>
                </route>
              </routes>
            </te-group>
          </te-groups>
        </destination>
        <destination from="in0" label="858">
          <te-groups>
            <te-group>
              <routes>
                <route to="eg0">
                  <actions>
                    <action type="pop"/>
                  </actions>
                </route>
              </routes>
            </te-group>
          </te-groups>
        </destination>
        <destination from="in0" label="966">
          <te-groups>
            <te-group>
              <routes>
                <route to="eg0">
                  <actions>
                    <action type="pop"/>
                  </actions>
                </route>
              </routes>
            </te-group>
          </te-groups>
        </destination>
        <destination from="in0" label="1063">
          <te-groups>
            <te-group>
              <routes>
                <route to="eg0">
                  <actions>
                    <action type="pop"/>
                  </actions>
                </route>
              </routes>
            </te-group>
          </te-groups>
        </destination>
        <destination from="in0" label="1152">
          <te-groups>
            <te-group>
              <routes>
                <route to="eg0">
                  <actions>
                    <action type="pop"/>
                  </actions>
                </route>
              </routes>
            </te-group>
          </te-groups>
        </destination>
        <destination from="in0" label="1364">
          <te-groups>
            <te-group>
              <routes>
                <route to="eg0">
                  <actions>
                    <action type="pop"/>
                  </actions>
                </route>
              </routes>
            </te-group>
          </te-groups>
        </destination>
        <destination from="in0" label="1472">
          <te-groups>
            <te-group>
              <routes>
                <route to="eg0">
                  <actions>
                    <action type="pop"/>
                  </actions>
                </route>
              </routes>
            </te-group>
          </te-groups>
        </destination>
        <destination from="in0" label="1586">
          <te-groups>
            <te-group>
              <routes>
                <route to="eg0">
                  <actions>
                    <action type="pop"/>
                  </actions>
                </route>
              </routes>
            </te-group>
          </te-groups>
        </destination>
        <destination from="in0" label="1686">
          <te-groups>
            <te-group>
              <routes>
                <route to="eg0">
                  <actions>
                    <action type="pop"/>
                  </actions>
                </route>
              </routes>
            </te-group>
          </te-groups>
        </destination>
        <destination from="in0" label="1823">
          <te-groups>
            <te-group>
              <routes>
                <route to="eg0">
                  <actions>
                    <action type="pop"/>
                  </actions>
                </route>
              </routes>
            </te-group>
          </te-groups>
        </destination>
        <destination from="in0" label="1954">
          <te-groups>
            <te-group>
              <routes>
                <route to="eg0">
                  <actions>
                    <action type="pop"/>
                  </actions>
                </route>
              </routes>
            </te-group>
          </te-groups>
        </destination>
        <destination from="in0" label="2089">
          <te-groups>
            <te-group>
              <routes>
                <route to="eg0">
                  <actions>
                    <action type="pop"/>
                  </actions>
                </route>
              </routes>
            </te-group>
          </te-groups>
        </destination>
        <destination from="in0" label="2192">
          <te-groups>
            <te-group>
              <routes>
                <route to="eg0">
                  <actions>
                    <action type="pop"/>
                  </actions>
                </route>
              </routes>
            </te-group>
          </te-groups>
        </destination>
        <destination from="in0" label="2298">
          <te-groups>
            <te-group>
              <routes>
                <route to="eg0">
                  <actions>
                    <action type="pop"/>
                  </actions>
                </route>
              </routes>
            </te-group>
          </te-groups>
        </destination>
        <destination from="in0" label="2415">
          <te-groups>
            <te-group>
              <routes>
                <route to="eg0">
                  <actions>
                    <action type="pop"/>
                  </actions>
                </route>
              </routes>
            </te-group>
          </te-groups>
        </destination>
        <destination from="in0" label="2534">
          <te-groups>
            <te-group>
              <routes>
                <route to="eg0">
                  <actions>
                    <action type="pop"/>
                  </actions>
                </route>
              </routes>
            </te-group>
          </te-groups>
        </destination>
        <destination from="in0" label="2630">
          <te-groups>
            <te-group>
              <routes>
                <route to="eg0">
                  <actions>
                    <action type="pop"/>
                  </actions>
                </route>
              </routes>
            </te-group>
          </te-groups>
        </destination>
        <destination from="in0" label="2728">
          <te-groups>
            <te-group>
              <routes>
                <route to="eg0">
                  <actions>
                    <action type="pop"/>
                  </actions>
                </route>
              </routes>
            </te-group>
          </te-groups>
        </destination>
      </destinations>
    </routing>
    <routing for="Sacramento">
      <destinations>
        <destination from="eg0" ip="ip">
          <te-groups>
            <te-group>
              <routes>
                <route to="in0">
                  <actions>
                    <action arg="1323" type="push"/>
                  </actions>
                </route>
                <route to="in0">
                  <actions>
                    <action arg="1317" type="push"/>
                  </actions>
                </route>
                <route to="in0">
                  <actions>
                    <action arg="1412" type="push"/>
                  </actions>
                </route>
                <route to="in0">
                  <actions>
                    <action arg="1408" type="push"/>
                  </actions>
                </route>
                <route to="in0">
                  <actions>
                    <action arg="1403" type="push"/>
                  </actions>
                </route>
                <route to="in0">
                  <actions>
                    <action arg="1399" type="push"/>
                  </actions>
                </route>
                <route to="in0">
                  <actions>
                    <action arg="1395" type="push"/>
                  </actions>
                </route>
                <route to="in0">
                  <actions>
                    <action arg="1392" type="push"/>
                  </actions>
                </route>
                <route to="in1">
                  <actions>
                    <action arg="1387" type="push"/>
                  </actions>
                </route>
                <route to="in1">
                  <actions>
                    <action arg="1383" type="push"/>
                  </actions>
                </route>
                <route to="in0">
                  <actions>
                    <action arg="1377" type="push"/>
                  </actions>
                </route>
                <route to="in0">
                  <actions>
                    <action arg="1372" type="push"/>
                  </actions>
                </route>
                <route to="in1">
                  <actions>
                    <action arg="1369" type="push"/>
                  </actions>
                </route>
                <route to="in1">
                  <actions>
                    <action arg="1363" type="push"/>
                  </actions>
                </route>
                <route to="in1">
                  <actions>
                    <action arg="1366" type="push"/>
                  </actions>
                </route>
                <route to="in0">
                  <actions>
                    <action arg="1328" type="push"/>
                  </actions>
                </route>
                <route to="in0">
                  <actions>
                    <action arg="1334" type="push"/>
                  </actions>
                </route>
                <route to="in0">
                  <actions>
                    <action arg="1339" type="push"/>
                  </actions>
                </route>
                <route to="in0">
                  <actions>
                    <action arg="1344" type="push"/>
                  </actions>
                </route>
                <route to="in0">
                  <actions>
                    <action arg="1347" type="push"/>
                  </actions>
                </route>
                <route to="in0">
                  <actions>
                    <action arg="1351" type="push"/>
                  </actions>
                </route>
                <route to="in0">
                  <actions>
                    <action arg="1356" type="push"/>
                  </actions>
                </route>
                <route to="in0">
                  <actions>
                    <action arg="1359" type="push"/>
                  </actions>
                </route>
                <route to="in1">
                  <actions>
                    <action arg="1361" type="push"/>
                  </actions>
                </route>
              </routes>
            </te-group>
            <te-group>
              <routes>
                <route to="in1">
                  <actions>
                    <action arg="1395" type="push"/>
                    <action arg="2829" type="push"/>
                  </actions>
                </route>
                <route to="in1">
                  <actions>
                    <action arg="1399" type="push"/>
                    <action arg="2829" type="push"/>
                  </actions>
                </route>
                <route to="in1">
                  <actions>
                    <action arg="1359" type="push"/>
                    <action arg="2829" type="push"/>
                  </actions>
                </route>
                <route to="in1">
                  <actions>
                    <action arg="1403" type="push"/>
                    <action arg="2829" type="push"/>
                  </actions>
                </route>
                <route to="in1">
                  <actions>
                    <action arg="1408" type="push"/>
                    <action arg="2829" type="push"/>
                  </actions>
                </route>
                <route to="in1">
                  <actions>
                    <action arg="1412" type="push"/>
                    <action arg="2829" type="push"/>
                  </actions>
                </route>
                <route to="in0">
                  <actions>
                    <action arg="1361" type="push"/>
                    <action arg="2830" type="push"/>
                  </actions>
                </route>
                <route to="in0">
                  <actions>
                    <action arg="1363" type="push"/>
                    <action arg="2830" type="push"/>
                  </actions>
                </route>
                <route to="in0">
                  <actions>
                    <action arg="1366" type="push"/>
                    <action arg="2830" type="push"/>
                  </actions>
                </route>
                <route to="in0">
                  <actions>
                    <action arg="1369" type="push"/>
                    <action arg="2830" type="push"/>
                  </actions>
                </route>
                <route to="in0">
                  <actions>
                    <action arg="1383" type="push"/>
                    <action arg="2830" type="push"/>
                  </actions>
                </route>
                <route to="in0">
                  <actions>
                    <action arg="1387" type="push"/>
                    <action arg="2830" type="push"/>
                  </actions>
                </route>
                <route to="in1">
                  <actions>
                    <action arg="1377" type="push"/>
                    <action arg="2829" type="push"/>
                  </actions>
                </route>
                <route to="in1">
                  <actions>
                    <action arg="1392" type="push"/>
                    <action arg="2829" type="push"/>
                  </actions>
                </route>
                <route to="in1">
                  <actions>
                    <action arg="1317" type="push"/>
                    <action arg="2829" type="push"/>
                  </actions>
                </route>
                <route to="in1">
                  <actions>
                    <action arg="1323" type="push"/>
                    <action arg="2829" type="push"/>
                  </actions>
                </route>
                <route to="in1">
                  <actions>
                    <action arg="1328" type="push"/>
                    <action arg="2829" type="push"/>
                  </actions>
                </route>
                <route to="in1">
                  <actions>
                    <action arg="1334" type="push"/>
                    <action arg="2829" type="push"/>
                  </actions>
                </route>
                <route to="in1">
                  <actions>
                    <action arg="1339" type="push"/>
                    <action arg="2829" type="push"/>
                  </actions>
                </route>
                <route to="in1">
                  <actions>
                    <action arg="1344" type="push"/>
                    <action arg="2829" type="push"/>
                  </actions>
                </route>
                <route to="in1">
                  <actions>
                    <action arg="1347" type="push"/>
                    <action arg="2829" type="push"/>
                  </actions>
                </route>
                <route to="in1">
                  <actions>
                    <action arg="1351" type="push"/>
                    <action arg="2829" type="push"/>
                  </actions>
                </route>
                <route to="in1">
                  <actions>
                    <action arg="1356" type="push"/>
                    <action arg="2829" type="push"/>
                  </actions>
                </route>
                <route to="in1">
                  <actions>
                    <action arg="1372" type="push"/>
                    <action arg="2829" type="push"/>
                  </actions>
                </route>
              </routes>
            </te-group>
            <te-group>
              <routes>
                <route to="in0">
                  <actions>
                    <action arg="1412" type="push"/>
                    <action arg="2829" type="push"/>
                    <action arg="2830" type="push"/>
                  </actions>
                </route>
                <route to="in0">
                  <actions>
                    <action arg="1408" type="push"/>
                    <action arg="2829" type="push"/>
                    <action arg="2830" type="push"/>
                  </actions>
                </route>
                <route to="in0">
                  <actions>
                    <action arg="1403" type="push"/>
                    <action arg="2829" type="push"/>
                    <action arg="2830" type="push"/>
                  </actions>
                </route>
                <route to="in0">
                  <actions>
                    <action arg="1399" type="push"/>
                    <action arg="2829" type="push"/>
                    <action arg="2830" type="push"/>
                  </actions>
                </route>
                <route to="in0">
                  <actions>
                    <action arg="1395" type="push"/>
                    <action arg="2829" type="push"/>
                    <action arg="2830" type="push"/>
                  </actions>
                </route>
                <route to="in0">
                  <actions>
                    <action arg="1392" type="push"/>
                    <action arg="2829" type="push"/>
                    <action arg="2830" type="push"/>
                  </actions>
                </route>
                <route to="in0">
                  <actions>
                    <action arg="1377" type="push"/>
                    <action arg="2829" type="push"/>
                    <action arg="2830" type="push"/>
                  </actions>
                </route>
                <route to="in0">
                  <actions>
                    <action arg="1372" type="push"/>
                    <action arg="2829" type="push"/>
                    <action arg="2830" type="push"/>
                  </actions>
                </route>
                <route to="in0">
                  <actions>
                    <action arg="1359" type="push"/>
                    <action arg="2829" type="push"/>
                    <action arg="2830" type="push"/>
                  </actions>
                </route>
                <route to="in0">
                  <actions>
                    <action arg="1356" type="push"/>
                    <action arg="2829" type="push"/>
                    <action arg="2830" type="push"/>
                  </actions>
                </route>
                <route to="in0">
                  <actions>
                    <action arg="1351" type="push"/>
                    <action arg="2829" type="push"/>
                    <action arg="2830" type="push"/>
                  </actions>
                </route>
                <route to="in0">
                  <actions>
                    <action arg="1347" type="push"/>
                    <action arg="2829" type="push"/>
                    <action arg="2830" type="push"/>
                  </actions>
                </route>
                <route to="in0">
                  <actions>
                    <action arg="1344" type="push"/>
                    <action arg="2829" type="push"/>
                    <action arg="2830" type="push"/>
                  </actions>
                </route>
                <route to="in0">
                  <actions>
                    <action arg="1339" type="push"/>
                    <action arg="2829" type="push"/>
                    <action arg="2830" type="push"/>
                  </actions>
                </route>
                <route to="in0">
                  <actions>
                    <action arg="1334" type="push"/>
                    <action arg="2829" type="push"/>
                    <action arg="2830" type="push"/>
                  </actions>
                </route>
                <route to="in0">
                  <actions>
                    <action arg="1328" type="push"/>
                    <action arg="2829" type="push"/>
                    <action arg="2830" type="push"/>
                  </actions>
                </route>
                <route to="in0">
                  <actions>
                    <action arg="1323" type="push"/>
                    <action arg="2829" type="push"/>
                    <action arg="2830" type="push"/>
                  </actions>
                </route>
                <route to="in0">
                  <actions>
                    <action arg="1317" type="push"/>
                    <action arg="2829" type="push"/>
                    <action arg="2830" type="push"/>
                  </actions>
                </route>
              </routes>
            </te-group>
          </te-groups>
        </destination>
        <destination from="in0" label="95">
          <te-groups>
            <te-group>
              <routes>
                <route to="eg0">
                  <actions>
                    <action type="pop"/>
                  </actions>
                </route>
              </routes>
            </te-group>
          </te-groups>
        </destination>
        <destination from="in0" label="215">
          <te-groups>
            <te-group>
              <routes>
                <route to="eg0">
                  <actions>
                    <action type="pop"/>
                  </actions>
                </route>
              </routes>
            </te-group>
          </te-groups>
        </destination>
        <destination from="in0" label="340">
          <te-groups>
            <te-group>
              <routes>
                <route to="eg0">
                  <actions>
                    <action type="pop"/>
                  </actions>
                </route>
              </routes>
            </te-group>
          </te-groups>
        </destination>
        <destination from="in0" label="446">
          <te-groups>
            <te-group>
              <routes>
                <route to="eg0">
                  <actions>
                    <action type="pop"/>
                  </actions>
                </route>
              </routes>
            </te-group>
          </te-groups>
        </destination>
        <destination from="in0" label="550">
          <te-groups>
            <te-group>
              <routes>
                <route to="eg0">
                  <actions>
                    <action type="pop"/>
                  </actions>
                </route>
              </routes>
            </te-group>
          </te-groups>
        </destination>
        <destination from="in0" label="658">
          <te-groups>
            <te-group>
              <routes>
                <route to="eg0">
                  <actions>
                    <action type="pop"/>
                  </actions>
                </route>
              </routes>
            </te-group>
          </te-groups>
        </destination>
        <destination from="in0" label="757">
          <te-groups>
            <te-group>
              <routes>
                <route to="eg0">
                  <actions>
                    <action type="pop"/>
                  </actions>
                </route>
              </routes>
            </te-group>
          </te-groups>
        </destination>
        <destination from="in0" label="863">
          <te-groups>
            <te-group>
              <routes>
                <route to="eg0">
                  <actions>
                    <action type="pop"/>
                  </actions>
                </route>
              </routes>
            </te-group>
          </te-groups>
        </destination>
        <destination from="in0" label="969">
          <te-groups>
            <te-group>
              <routes>
                <route to="eg0">
                  <actions>
                    <action type="pop"/>
                  </actions>
                </route>
              </routes>
            </te-group>
          </te-groups>
        </destination>
        <destination from="in0" label="1065">
          <te-groups>
            <te-group>
              <routes>
                <route to="eg0">
                  <actions>
                    <action type="pop"/>
                  </actions>
                </route>
              </routes>
            </te-group>
          </te-groups>
        </destination>
        <destination from="in0" label="1154">
          <te-groups>
            <te-group>
              <routes>
                <route to="eg0">
                  <actions>
                    <action type="pop"/>
                  </actions>
                </route>
              </routes>
            </te-group>
          </te-groups>
        </destination>
        <destination from="in0" label="1258">
          <te-groups>
            <te-group>
              <routes>
                <route to="eg0">
                  <actions>
                    <action type="pop"/>
                  </actions>
                </route>
              </routes>
            </te-group>
          </te-groups>
        </destination>
        <destination from="in0" label="1475">
          <te-groups>
            <te-group>
              <routes>
                <route to="eg0">
                  <actions>
                    <action type="pop"/>
                  </actions>
                </route>
              </routes>
            </te-group>
          </te-groups>
        </destination>
        <destination from="in0" label="1589">
          <te-groups>
            <te-group>
              <routes>
                <route to="eg0">
                  <actions>
                    <action type="pop"/>
                  </actions>
                </route>
              </routes>
            </te-group>
          </te-groups>
        </destination>
        <destination from="in0" label="1692">
          <te-groups>
            <te-group>
              <routes>
                <route to="eg0">
                  <actions>
                    <action type="pop"/>
                  </actions>
                </route>
              </routes>
            </te-group>
          </te-groups>
        </destination>
        <destination from="in0" label="1829">
          <te-groups>
            <te-group>
              <routes>
                <route to="eg0">
                  <actions>
                    <action type="pop"/>
                  </actions>
                </route>
              </routes>
            </te-group>
          </te-groups>
        </destination>
        <destination from="in0" label="1958">
          <te-groups>
            <te-group>
              <routes>
                <route to="eg0">
                  <actions>
                    <action type="pop"/>
                  </actions>
                </route>
              </routes>
            </te-group>
          </te-groups>
        </destination>
        <destination from="in0" label="2094">
          <te-groups>
            <te-group>
              <routes>
                <route to="eg0">
                  <actions>
                    <action type="pop"/>
                  </actions>
                </route>
              </routes>
            </te-group>
          </te-groups>
        </destination>
        <destination from="in0" label="2195">
          <te-groups>
            <te-group>
              <routes>
                <route to="eg0">
                  <actions>
                    <action type="pop"/>
                  </actions>
                </route>
              </routes>
            </te-group>
          </te-groups>
        </destination>
        <destination from="in0" label="2302">
          <te-groups>
            <te-group>
              <routes>
                <route to="eg0">
                  <actions>
                    <action type="pop"/>
                  </actions>
                </route>
              </routes>
            </te-group>
          </te-groups>
        </destination>
        <destination from="in0" label="2419">
          <te-groups>
            <te-group>
              <routes>
                <route to="eg0">
                  <actions>
                    <action type="pop"/>
                  </actions>
                </route>
              </routes>
            </te-group>
          </te-groups>
        </destination>
        <destination from="in0" label="2539">
          <te-groups>
            <te-group>
              <routes>
                <route to="eg0">
                  <actions>
                    <action type="pop"/>
                  </actions>
                </route>
              </routes>
            </te-group>
          </te-groups>
        </destination>
        <destination from="in0" label="2634">
          <te-groups>
            <te-group>
              <routes>
                <route to="eg0">
                  <actions>
                    <action type="pop"/>
                  </actions>
                </route>
              </routes>
            </te-group>
          </te-groups>
        </destination>
        <destination from="in0" label="2731">
          <te-groups>
            <te-group>
              <routes>
                <route to="eg0">
                  <actions>
                    <action type="pop"/>
                  </actions>
                </route>
              </routes>
            </te-group>
          </te-groups>
        </destination>
        <destination from="in0" label="2813">
          <te-groups>
            <te-group>
              <routes>
                <route to="in1">
                  <actions>
                    <action type="pop"/>
                  </actions>
                </route>
              </routes>
            </te-group>
            <te-group>
              <routes>
                <route to="in0">
                  <actions>
                    <action arg="2830" type="swap"/>
                  </actions>
                </route>
              </routes>
            </te-group>
          </te-groups>
        </destination>
        <destination from="in0" label="2824">
          <te-groups>
            <te-group>
              <routes>
                <route to="in0">
                  <actions>
                    <action type="pop"/>
                  </actions>
                </route>
              </routes>
            </te-group>
          </te-groups>
        </destination>
        <destination from="in1" label="95">
          <te-groups>
            <te-group>
              <routes>
                <route to="eg0">
                  <actions>
                    <action type="pop"/>
                  </actions>
                </route>
              </routes>
            </te-group>
          </te-groups>
        </destination>
        <destination from="in1" label="215">
          <te-groups>
            <te-group>
              <routes>
                <route to="eg0">
                  <actions>
                    <action type="pop"/>
                  </actions>
                </route>
              </routes>
            </te-group>
          </te-groups>
        </destination>
        <destination from="in1" label="340">
          <te-groups>
            <te-group>
              <routes>
                <route to="eg0">
                  <actions>
                    <action type="pop"/>
                  </actions>
                </route>
              </routes>
            </te-group>
          </te-groups>
        </destination>
        <destination from="in1" label="446">
          <te-groups>
            <te-group>
              <routes>
                <route to="eg0">
                  <actions>
                    <action type="pop"/>
                  </actions>
                </route>
              </routes>
            </te-group>
          </te-groups>
        </destination>
        <destination from="in1" label="550">
          <te-groups>
            <te-group>
              <routes>
                <route to="eg0">
                  <actions>
                    <action type="pop"/>
                  </actions>
                </route>
              </routes>
            </te-group>
          </te-groups>
        </destination>
        <destination from="in1" label="658">
          <te-groups>
            <te-group>
              <routes>
                <route to="eg0">
                  <actions>
                    <action type="pop"/>
                  </actions>
                </route>
              </routes>
            </te-group>
          </te-groups>
        </destination>
        <destination from="in1" label="757">
          <te-groups>
            <te-group>
              <routes>
                <route to="eg0">
                  <actions>
                    <action type="pop"/>
                  </actions>
                </route>
              </routes>
            </te-group>
          </te-groups>
        </destination>
        <destination from="in1" label="863">
          <te-groups>
            <te-group>
              <routes>
                <route to="eg0">
                  <actions>
                    <action type="pop"/>
                  </actions>
                </route>
              </routes>
            </te-group>
          </te-groups>
        </destination>
        <destination from="in1" label="969">
          <te-groups>
            <te-group>
              <routes>
                <route to="eg0">
                  <actions>
                    <action type="pop"/>
                  </actions>
                </route>
              </routes>
            </te-group>
          </te-groups>
        </destination>
        <destination from="in1" label="1065">
          <te-groups>
            <te-group>
              <routes>
                <route to="eg0">
                  <actions>
                    <action type="pop"/>
                  </actions>
                </route>
              </routes>
            </te-group>
          </te-groups>
        </destination>
        <destination from="in1" label="1154">
          <te-groups>
            <te-group>
              <routes>
                <route to="eg0">
                  <actions>
                    <action type="pop"/>
                  </actions>
                </route>
              </routes>
            </te-group>
          </te-groups>
        </destination>
        <destination from="in1" label="1258">
          <te-groups>
            <te-group>
              <routes>
                <route to="eg0">
                  <actions>
                    <action type="pop"/>
                  </actions>
                </route>
              </routes>
            </te-group>
          </te-groups>
        </destination>
        <destination from="in1" label="1475">
          <te-groups>
            <te-group>
              <routes>
                <route to="eg0">
                  <actions>
                    <action type="pop"/>
                  </actions>
                </route>
              </routes>
            </te-group>
          </te-groups>
        </destination>
        <destination from="in1" label="1589">
          <te-groups>
            <te-group>
              <routes>
                <route to="eg0">
                  <actions>
                    <action type="pop"/>
                  </actions>
                </route>
              </routes>
            </te-group>
          </te-groups>
        </destination>
        <destination from="in1" label="1692">
          <te-groups>
            <te-group>
              <routes>
                <route to="eg0">
                  <actions>
                    <action type="pop"/>
                  </actions>
                </route>
              </routes>
            </te-group>
          </te-groups>
        </destination>
        <destination from="in1" label="1829">
          <te-groups>
            <te-group>
              <routes>
                <route to="eg0">
                  <actions>
                    <action type="pop"/>
                  </actions>
                </route>
              </routes>
            </te-group>
          </te-groups>
        </destination>
        <destination from="in1" label="1958">
          <te-groups>
            <te-group>
              <routes>
                <route to="eg0">
                  <actions>
                    <action type="pop"/>
                  </actions>
                </route>
              </routes>
            </te-group>
          </te-groups>
        </destination>
        <destination from="in1" label="2094">
          <te-groups>
            <te-group>
              <routes>
                <route to="eg0">
                  <actions>
                    <action type="pop"/>
                  </actions>
                </route>
              </routes>
            </te-group>
          </te-groups>
        </destination>
        <destination from="in1" label="2195">
          <te-groups>
            <te-group>
              <routes>
                <route to="eg0">
                  <actions>
                    <action type="pop"/>
                  </actions>
                </route>
              </routes>
            </te-group>
          </te-groups>
        </destination>
        <destination from="in1" label="2302">
          <te-groups>
            <te-group>
              <routes>
                <route to="eg0">
                  <actions>
                    <action type="pop"/>
                  </actions>
                </route>
              </routes>
            </te-group>
          </te-groups>
        </destination>
        <destination from="in1" label="2419">
          <te-groups>
            <te-group>
              <routes>
                <route to="eg0">
                  <actions>
                    <action type="pop"/>
                  </actions>
                </route>
              </routes>
            </te-group>
          </te-groups>
        </destination>
        <destination from="in1" label="2539">
          <te-groups>
            <te-group>
              <routes>
                <route to="eg0">
                  <actions>
                    <action type="pop"/>
                  </actions>
                </route>
              </routes>
            </te-group>
          </te-groups>
        </destination>
        <destination from="in1" label="2634">
          <te-groups>
            <te-group>
              <routes>
                <route to="eg0">
                  <actions>
                    <action type="pop"/>
                  </actions>
                </route>
              </routes>
            </te-group>
          </te-groups>
        </destination>
        <destination from="in1" label="2731">
          <te-groups>
            <te-group>
              <routes>
                <route to="eg0">
                  <actions>
                    <action type="pop"/>
                  </actions>
                </route>
              </routes>
            </te-group>
          </te-groups>
        </destination>
        <destination from="in1" label="2813">
          <te-groups>
            <te-group>
              <routes>
                <route to="in1">
                  <actions>
                    <action type="pop"/>
                  </actions>
                </route>
              </routes>
            </te-group>
          </te-groups>
        </destination>
        <destination from="in1" label="2824">
          <te-groups>
            <te-group>
              <routes>
                <route to="in0">
                  <actions>
                    <action type="pop"/>
                  </actions>
                </route>
              </routes>
            </te-group>
            <te-group>
              <routes>
                <route to="in1">
                  <actions>
                    <action arg="2829" type="swap"/>
                  </actions>
                </route>
              </routes>
            </te-group>
          </te-groups>
        </destination>
      </destinations>
    </routing>
    <routing for="Fresno">
      <destinations>
        <destination from="eg0" ip="ip">
          <te-groups>
            <te-group>
              <routes>
                <route to="in0">
                  <actions>
                    <action arg="1474" type="push"/>
                  </actions>
                </route>
                <route to="in0">
                  <actions>
                    <action arg="1527" type="push"/>
                  </actions>
                </route>
                <route to="in0">
                  <actions>
                    <action arg="1522" type="push"/>
                  </actions>
                </route>
                <route to="in0">
                  <actions>
                    <action arg="1516" type="push"/>
                  </actions>
                </route>
                <route to="in0">
                  <actions>
                    <action arg="1511" type="push"/>
                  </actions>
                </route>
                <route to="in0">
                  <actions>
                    <action arg="1506" type="push"/>
                  </actions>
                </route>
                <route to="in0">
                  <actions>
                    <action arg="1502" type="push"/>
                  </actions>
                </route>
                <route to="in0">
                  <actions>
                    <action arg="1497" type="push"/>
                  </actions>
                </route>
                <route to="in0">
                  <actions>
                    <action arg="1493" type="push"/>
                  </actions>
                </route>
                <route to="in0">
                  <actions>
                    <action arg="1486" type="push"/>
                  </actions>
                </route>
                <route to="in0">
                  <actions>
                    <action arg="1480" type="push"/>
                  </actions>
                </route>
                <route to="in0">
                  <actions>
                    <action arg="1477" type="push"/>
                  </actions>
                </route>
                <route to="in0">
                  <actions>
                    <action arg="1415" type="push"/>
                  </actions>
                </route>
                <route to="in0">
                  <actions>
                    <action arg="1471" type="push"/>
                  </actions>
                </route>
                <route to="in0">
                  <actions>
                    <action arg="1469" type="push"/>
                  </actions>
                </route>
                <route to="in0">
                  <actions>
                    <action arg="1466" type="push"/>
                  </actions>
                </route>
                <route to="in0">
                  <actions>
                    <action arg="1462" type="push"/>
                  </actions>
                </route>
                <route to="in0">
                  <actions>
                    <action arg="1456" type="push"/>
                  </actions>
                </route>
                <route to="in0">
                  <actions>
                    <action arg="1451" type="push"/>
                  </actions>
                </route>
                <route to="in0">
                  <actions>
                    <action arg="1447" type="push"/>
                  </actions>
                </route>
                <route to="in0">
                  <actions>
                    <action arg="1441" type="push"/>
                  </actions>
                </route>
                <route to="in0">
                  <actions>
                    <action arg="1435" type="push"/>
                  </actions>
                </route>
                <route to="in0">
                  <actions>
                    <action arg="1428" type="push"/>
                  </actions>
                </route>
                <route to="in0">
                  <actions>
                    <action arg="1422" type="push"/>
                  </actions>
                </route>
              </routes>
            </te-group>
          </te-groups>
        </destination>
        <destination from="in0" label="102">
          <te-groups>
            <te-group>
              <routes>
                <route to="eg0">
                  <actions>
                    <action type="pop"/>
                  </actions>
                </route>
              </routes>
            </te-group>
          </te-groups>
        </destination>
        <destination from="in0" label="221">
          <te-groups>
            <te-group>
              <routes>
                <route to="eg0">
                  <actions>
                    <action type="pop"/>
                  </actions>
                </route>
              </routes>
            </te-group>
          </te-groups>
        </destination>
        <destination from="in0" label="347">
          <te-groups>
            <te-group>
              <routes>
                <route to="eg0">
                  <actions>
                    <action type="pop"/>
                  </actions>
                </route>
              </routes>
            </te-group>
          </te-groups>
        </destination>
        <destination from="in0" label="452">
          <te-groups>
            <te-group>
              <routes>
                <route to="eg0">
                  <actions>
                    <action type="pop"/>
                  </actions>
                </route>
              </routes>
            </te-group>
          </te-groups>
        </destination>
        <destination from="in0" label="556">
          <te-groups>
            <te-group>
              <routes>
                <route to="eg0">
                  <actions>
                    <action type="pop"/>
                  </actions>
                </route>
              </routes>
            </te-group>
          </te-groups>
        </destination>
        <destination from="in0" label="662">
          <te-groups>
            <te-group>
              <routes>
                <route to="eg0">
                  <actions>
                    <action type="pop"/>
                  </actions>
                </route>
              </routes>
            </te-group>
          </te-groups>
        </destination>
        <destination from="in0" label="762">
          <te-groups>
            <te-group>
              <routes>
                <route to="eg0">
                  <actions>
                    <action type="pop"/>
                  </actions>
                </route>
              </routes>
            </te-group>
          </te-groups>
        </destination>
        <destination from="in0" label="869">
          <te-groups>
            <te-group>
              <routes>
                <route to="eg0">
                  <actions>
                    <action type="pop"/>
                  </actions>
                </route>
              </routes>
            </te-group>
          </te-groups>
        </destination>
        <destination from="in0" label="973">
          <te-groups>
            <te-group>
              <routes>
                <route to="eg0">
                  <actions>
                    <action type="pop"/>
                  </actions>
                </route>
              </routes>
            </te-group>
          </te-groups>
        </destination>
        <destination from="in0" label="1068">
          <te-groups>
            <te-group>
              <routes>
                <route to="eg0">
                  <actions>
                    <action type="pop"/>
                  </actions>
                </route>
              </routes>
            </te-group>
          </te-groups>
        </destination>
        <destination from="in0" label="1156">
          <te-groups>
            <te-group>
              <routes>
                <route to="eg0">
                  <actions>
                    <action type="pop"/>
                  </actions>
                </route>
              </routes>
            </te-group>
          </te-groups>
        </destination>
        <destination from="in0" label="1261">
          <te-groups>
            <te-group>
              <routes>
                <route to="eg0">
                  <actions>
                    <action type="pop"/>
                  </actions>
                </route>
              </routes>
            </te-group>
          </te-groups>
        </destination>
        <destination from="in0" label="1367">
          <te-groups>
            <te-group>
              <routes>
                <route to="eg0">
                  <actions>
                    <action type="pop"/>
                  </actions>
                </route>
              </routes>
            </te-group>
          </te-groups>
        </destination>
        <destination from="in0" label="1592">
          <te-groups>
            <te-group>
              <routes>
                <route to="eg0">
                  <actions>
                    <action type="pop"/>
                  </actions>
                </route>
              </routes>
            </te-group>
          </te-groups>
        </destination>
        <destination from="in0" label="1699">
          <te-groups>
            <te-group>
              <routes>
                <route to="eg0">
                  <actions>
                    <action type="pop"/>
                  </actions>
                </route>
              </routes>
            </te-group>
          </te-groups>
        </destination>
        <destination from="in0" label="1836">
          <te-groups>
            <te-group>
              <routes>
                <route to="eg0">
                  <actions>
                    <action type="pop"/>
                  </actions>
                </route>
              </routes>
            </te-group>
          </te-groups>
        </destination>
        <destination from="in0" label="1962">
          <te-groups>
            <te-group>
              <routes>
                <route to="eg0">
                  <actions>
                    <action type="pop"/>
                  </actions>
                </route>
              </routes>
            </te-group>
          </te-groups>
        </destination>
        <destination from="in0" label="2099">
          <te-groups>
            <te-group>
              <routes>
                <route to="eg0">
                  <actions>
                    <action type="pop"/>
                  </actions>
                </route>
              </routes>
            </te-group>
          </te-groups>
        </destination>
        <destination from="in0" label="2199">
          <te-groups>
            <te-group>
              <routes>
                <route to="eg0">
                  <actions>
                    <action type="pop"/>
                  </actions>
                </route>
              </routes>
            </te-group>
          </te-groups>
        </destination>
        <destination from="in0" label="2307">
          <te-groups>
            <te-group>
              <routes>
                <route to="eg0">
                  <actions>
                    <action type="pop"/>
                  </actions>
                </route>
              </routes>
            </te-group>
          </te-groups>
        </destination>
        <destination from="in0" label="2424">
          <te-groups>
            <te-group>
              <routes>
                <route to="eg0">
                  <actions>
                    <action type="pop"/>
                  </actions>
                </route>
              </routes>
            </te-group>
          </te-groups>
        </destination>
        <destination from="in0" label="2545">
          <te-groups>
            <te-group>
              <routes>
                <route to="eg0">
                  <actions>
                    <action type="pop"/>
                  </actions>
                </route>
              </routes>
            </te-group>
          </te-groups>
        </destination>
        <destination from="in0" label="2639">
          <te-groups>
            <te-group>
              <routes>
                <route to="eg0">
                  <actions>
                    <action type="pop"/>
                  </actions>
                </route>
              </routes>
            </te-group>
          </te-groups>
        </destination>
        <destination from="in0" label="2735">
          <te-groups>
            <te-group>
              <routes>
                <route to="eg0">
                  <actions>
                    <action type="pop"/>
                  </actions>
                </route>
              </routes>
            </te-group>
          </te-groups>
        </destination>
      </destinations>
    </routing>
    <routing for="San_Francisco">
      <destinations>
        <destination from="eg0" ip="ip">
          <te-groups>
            <te-group>
              <routes>
                <route to="in0">
                  <actions>
                    <action arg="1538" type="push"/>
                  </actions>
                </route>
                <route to="in0">
                  <actions>
                    <action arg="1531" type="push"/>
                  </actions>
                </route>
                <route to="in0">
                  <actions>
                    <action arg="1633" type="push"/>
                  </actions>
                </route>
                <route to="in0">
                  <actions>
                    <action arg="1628" type="push"/>
                  </actions>
                </route>
                <route to="in1">
                  <actions>
                    <action arg="1623" type="push"/>
                  </actions>
                </route>
                <route to="in1">
                  <actions>
                    <action arg="1619" type="push"/>
                  </actions>
                </route>
                <route to="in1">
                  <actions>
                    <action arg="1615" type="push"/>
                  </actions>
                </route>
                <route to="in1">
                  <actions>
                    <action arg="1612" type="push"/>
                  </actions>
                </route>
                <route to="in1">
                  <actions>
                    <action arg="1609" type="push"/>
                  </actions>
                </route>
                <route to="in1">
                  <actions>
                    <action arg="1607" type="push"/>
                  </actions>
                </route>
                <route to="in0">
                  <actions>
                    <action arg="1600" type="push"/>
                  </actions>
                </route>
                <route to="in0">
                  <actions>
                    <action arg="1594" type="push"/>
                  </actions>
                </route>
                <route to="in0">
                  <actions>
                    <action arg="1591" type="push"/>
                  </actions>
                </route>
                <route to="in0">
                  <actions>
                    <action arg="1585" type="push"/>
                  </actions>
                </route>
                <route to="in0">
                  <actions>
                    <action arg="1588" type="push"/>
                  </actions>
                </route>
                <route to="in0">
                  <actions>
                    <action arg="1544" type="push"/>
                  </actions>
                </route>
                <route to="in0">
                  <actions>
                    <action arg="1551" type="push"/>
                  </actions>
                </route>
                <route to="in0">
                  <actions>
                    <action arg="1557" type="push"/>
                  </actions>
                </route>
                <route to="in0">
                  <actions>
                    <action arg="1563" type="push"/>
                  </actions>
                </route>
                <route to="in0">
                  <actions>
                    <action arg="1567" type="push"/>
                  </actions>
                </route>
                <route to="in1">
                  <actions>
                    <action arg="1572" type="push"/>
                  </actions>
                </route>
                <route to="in0">
                  <actions>
                    <action arg="1576" type="push"/>
                  </actions>
                </route>
                <route to="in0">
                  <actions>
                    <action arg="1580" type="push"/>
                  </actions>
                </route>
                <route to="in0">
                  <actions>
                    <action arg="1583" type="push"/>
                  </actions>
                </route>
              </routes>
            </te-group>
            <te-group>
              <routes>
                <route to="in1">
                  <actions>
                    <action arg="1594" type="push"/>
                    <action arg="2833" type="push"/>
                  </actions>
                </route>
                <route to="in1">
                  <actions>
                    <action arg="1600" type="push"/>
                    <action arg="2833" type="push"/>
                  </actions>
                </route>
                <route to="in1">
                  <actions>
                    <action arg="1628" type="push"/>
                    <action arg="2833" type="push"/>
                  </actions>
                </route>
                <route to="in1">
                  <actions>
                    <action arg="1580" type="push"/>
                    <action arg="2833" type="push"/>
                  </actions>
                </route>
                <route to="in1">
                  <actions>
                    <action arg="1633" type="push"/>
                    <action arg="2833" type="push"/>
                  </actions>
                </route>
                <route to="in0">
                  <actions>
                    <action arg="1572" type="push"/>
                    <action arg="2836" type="push"/>
                  </actions>
                </route>
                <route to="in0">
                  <actions>
                    <action arg="1607" type="push"/>
                    <action arg="2836" type="push"/>
                  </actions>
                </route>
                <route to="in0">
                  <actions>
                    <action arg="1609" type="push"/>
                    <action arg="2836" type="push"/>
                  </actions>
                </route>
                <route to="in0">
                  <actions>
                    <action arg="1612" type="push"/>
                    <action arg="2836" type="push"/>
                  </actions>
                </route>
                <route to="in0">
                  <actions>
                    <action arg="1615" type="push"/>
                    <action arg="2836" type="push"/>
                  </actions>
                </route>
                <route to="in0">
                  <actions>
                    <action arg="1619" type="push"/>
                    <action arg="2836" type="push"/>
                  </actions>
                </route>
                <route to="in0">
                  <actions>
                    <action arg="1623" type="push"/>
                    <action arg="2836" type="push"/>
                  </actions>
                </route>
                <route to="in1">
                  <actions>
                    <action arg="1588" type="push"/>
                    <action arg="2833" type="push"/>
                  </actions>
                </route>
                <route to="in1">
                  <actions>
                    <action arg="1591" type="push"/>
                    <action arg="2833" type="push"/>
                  </actions>
                </route>
                <route to="in1">
                  <actions>
                    <action arg="1531" type="push"/>
                    <action arg="2833" type="push"/>
                  </actions>
                </route>
                <route to="in1">
                  <actions>
                    <action arg="1538" type="push"/>
                    <action arg="2833" type="push"/>
                  </actions>
                </route>
                <route to="in1">
                  <actions>
                    <action arg="1544" type="push"/>
                    <action arg="2833" type="push"/>
                  </actions>
                </route>
                <route to="in1">
                  <actions>
                    <action arg="1551" type="push"/>
                    <action arg="2833" type="push"/>
                  </actions>
                </route>
                <route to="in1">
                  <actions>
                    <action arg="1557" type="push"/>
                    <action arg="2833" type="push"/>
                  </actions>
                </route>
                <route to="in1">
                  <actions>
                    <action arg="1563" type="push"/>
                    <action arg="2833" type="push"/>
                  </actions>
                </route>
                <route to="in1">
                  <actions>
                    <action arg="1567" type="push"/>
                    <action arg="2833" type="push"/>
                  </actions>
                </route>
                <route to="in1">
                  <actions>
                    <action arg="1576" type="push"/>
                    <action arg="2833" type="push"/>
                  </actions>
                </route>
                <route to="in1">
                  <actions>
                    <action arg="1583" type="push"/>
                    <action arg="2833" type="push"/>
                  </actions>
                </route>
                <route to="in1">
                  <actions>
                    <action arg="1585" type="push"/>
                    <action arg="2833" type="push"/>
                  </actions>
                </route>
              </routes>
            </te-group>
            <te-group>
              <routes>
                <route to="in0">
                  <actions>
                    <action arg="1633" type="push"/>
                    <action arg="2833" type="push"/>
                    <action arg="2836" type="push"/>
                  </actions>
                </route>
                <route to="in0">
                  <actions>
                    <action arg="1628" type="push"/>
                    <action arg="2833" type="push"/>
                    <action arg="2836" type="push"/>
                  </actions>
                </route>
                <route to="in0">
                  <actions>
                    <action arg="1600" type="push"/>
                    <action arg="2833" type="push"/>
                    <action arg="2836" type="push"/>
                  </actions>
                </route>
                <route to="in0">
                  <actions>
                    <action arg="1594" type="push"/>
                    <action arg="2833" type="push"/>
                    <action arg="2836" type="push"/>
                  </actions>
                </route>
                <route to="in0">
                  <actions>
                    <action arg="1591" type="push"/>
                    <action arg="2833" type="push"/>
                    <action arg="2836" type="push"/>
                  </actions>
                </route>
                <route to="in0">
                  <actions>
                    <action arg="1588" type="push"/>
                    <action arg="2833" type="push"/>
                    <action arg="2836" type="push"/>
                  </actions>
                </route>
                <route to="in0">
                  <actions>
                    <action arg="1585" type="push"/>
                    <action arg="2833" type="push"/>
                    <action arg="2836" type="push"/>
                  </actions>
                </route>
                <route to="in0">
                  <actions>
                    <action arg="1583" type="push"/>
                    <action arg="2833" type="push"/>
                    <action arg="2836" type="push"/>
                  </actions>
                </route>
                <route to="in0">
                  <actions>
                    <action arg="1580" type="push"/>
                    <action arg="2833" type="push"/>
                    <action arg="2836" type="push"/>
                  </actions>
                </route>
                <route to="in0">
                  <actions>
                    <action arg="1576" type="push"/>
                    <action arg="2833" type="push"/>
                    <action arg="2836" type="push"/>
                  </actions>
                </route>
                <route to="in0">
                  <actions>
                    <action arg="1567" type="push"/>
                    <action arg="2833" type="push"/>
                    <action arg="2836" type="push"/>
                  </actions>
                </route>
                <route to="in0">
                  <actions>
                    <action arg="1563" type="push"/>
                    <action arg="2833" type="push"/>
                    <action arg="2836" type="push"/>
                  </actions>
                </route>
                <route to="in0">
                  <actions>
                    <action arg="1557" type="push"/>
                    <action arg="2833" type="push"/>
                    <action arg="2836" type="push"/>
                  </actions>
                </route>
                <route to="in0">
                  <actions>
                    <action arg="1551" type="push"/>
                    <action arg="2833" type="push"/>
                    <action arg="2836" type="push"/>
                  </actions>
                </route>
                <route to="in0">
                  <actions>
                    <action arg="1544" type="push"/>
                    <action arg="2833" type="push"/>
                    <action arg="2836" type="push"/>
                  </actions>
                </route>
                <route to="in0">
                  <actions>
                    <action arg="1538" type="push"/>
                    <action arg="2833" type="push"/>
                    <action arg="2836" type="push"/>
                  </actions>
                </route>
                <route to="in0">
                  <actions>
                    <action arg="1531" type="push"/>
                    <action arg="2833" type="push"/>
                    <action arg="2836" type="push"/>
                  </actions>
                </route>
              </routes>
            </te-group>
          </te-groups>
        </destination>
        <destination from="in0" label="109">
          <te-groups>
            <te-group>
              <routes>
                <route to="eg0">
                  <actions>
                    <action type="pop"/>
                  </actions>
                </route>
              </routes>
            </te-group>
          </te-groups>
        </destination>
        <destination from="in0" label="227">
          <te-groups>
            <te-group>
              <routes>
                <route to="eg0">
                  <actions>
                    <action type="pop"/>
                  </actions>
                </route>
              </routes>
            </te-group>
          </te-groups>
        </destination>
        <destination from="in0" label="354">
          <te-groups>
            <te-group>
              <routes>
                <route to="eg0">
                  <actions>
                    <action type="pop"/>
                  </actions>
                </route>
              </routes>
            </te-group>
          </te-groups>
        </destination>
        <destination from="in0" label="458">
          <te-groups>
            <te-group>
              <routes>
                <route to="eg0">
                  <actions>
                    <action type="pop"/>
                  </actions>
                </route>
              </routes>
            </te-group>
          </te-groups>
        </destination>
        <destination from="in0" label="562">
          <te-groups>
            <te-group>
              <routes>
                <route to="eg0">
                  <actions>
                    <action type="pop"/>
                  </actions>
                </route>
              </routes>
            </te-group>
          </te-groups>
        </destination>
        <destination from="in0" label="666">
          <te-groups>
            <te-group>
              <routes>
                <route to="eg0">
                  <actions>
                    <action type="pop"/>
                  </actions>
                </route>
              </routes>
            </te-group>
          </te-groups>
        </destination>
        <destination from="in0" label="767">
          <te-groups>
            <te-group>
              <routes>
                <route to="eg0">
                  <actions>
                    <action type="pop"/>
                  </actions>
                </route>
              </routes>
            </te-group>
          </te-groups>
        </destination>
        <destination from="in0" label="875">
          <te-groups>
            <te-group>
              <routes>
                <route to="eg0">
                  <actions>
                    <action type="pop"/>
                  </actions>
                </route>
              </routes>
            </te-group>
          </te-groups>
        </destination>
        <destination from="in0" label="977">
          <te-groups>
            <te-group>
              <routes>
                <route to="eg0">
                  <actions>
                    <action type="pop"/>
                  </actions>
                </route>
              </routes>
            </te-group>
          </te-groups>
        </destination>
        <destination from="in0" label="1071">
          <te-groups>
            <te-group>
              <routes>
                <route to="eg0">
                  <actions>
                    <action type="pop"/>
                  </actions>
                </route>
              </routes>
            </te-group>
          </te-groups>
        </destination>
        <destination from="in0" label="1158">
          <te-groups>
            <te-group>
              <routes>
                <route to="eg0">
                  <actions>
                    <action type="pop"/>
                  </actions>
                </route>
              </routes>
            </te-group>
          </te-groups>
        </destination>
        <destination from="in0" label="1264">
          <te-groups>
            <te-group>
              <routes>
                <route to="eg0">
                  <actions>
                    <action type="pop"/>
                  </actions>
                </route>
              </routes>
            </te-group>
          </te-groups>
        </destination>
        <destination from="in0" label="1370">
          <te-groups>
            <te-group>
              <routes>
                <route to="eg0">
                  <actions>
                    <action type="pop"/>
                  </actions>
                </route>
              </routes>
            </te-group>
          </te-groups>
        </destination>
        <destination from="in0" label="1478">
          <te-groups>
            <te-group>
              <routes>
                <route to="eg0">
                  <actions>
                    <action type="pop"/>
                  </actions>
                </route>
              </routes>
            </te-group>
          </te-groups>
        </destination>
        <destination from="in0" label="1706">
          <te-groups>
            <te-group>
              <routes>
                <route to="eg0">
                  <actions>
                    <action type="pop"/>
                  </actions>
                </route>
              </routes>
            </te-group>
          </te-groups>
        </destination>
        <destination from="in0" label="1843">
          <te-groups>
            <te-group>
              <routes>
                <route to="eg0">
                  <actions>
                    <action type="pop"/>
                  </actions>
                </route>
              </routes>
            </te-group>
          </te-groups>
        </destination>
        <destination from="in0" label="1964">
          <te-groups>
            <te-group>
              <routes>
                <route to="eg0">
                  <actions>
                    <action type="pop"/>
                  </actions>
                </route>
              </routes>
            </te-group>
          </te-groups>
        </destination>
        <destination from="in0" label="2102">
          <te-groups>
            <te-group>
              <routes>
                <route to="eg0">
                  <actions>
                    <action type="pop"/>
                  </actions>
                </route>
              </routes>
            </te-group>
          </te-groups>
        </destination>
        <destination from="in0" label="2203">
          <te-groups>
            <te-group>
              <routes>
                <route to="eg0">
                  <actions>
                    <action type="pop"/>
                  </actions>
                </route>
              </routes>
            </te-group>
          </te-groups>
        </destination>
        <destination from="in0" label="2312">
          <te-groups>
            <te-group>
              <routes>
                <route to="eg0">
                  <actions>
                    <action type="pop"/>
                  </actions>
                </route>
              </routes>
            </te-group>
          </te-groups>
        </destination>
        <destination from="in0" label="2429">
          <te-groups>
            <te-group>
              <routes>
                <route to="eg0">
                  <actions>
                    <action type="pop"/>
                  </actions>
                </route>
              </routes>
            </te-group>
          </te-groups>
        </destination>
        <destination from="in0" label="2551">
          <te-groups>
            <te-group>
              <routes>
                <route to="eg0">
                  <actions>
                    <action type="pop"/>
                  </actions>
                </route>
              </routes>
            </te-group>
          </te-groups>
        </destination>
        <destination from="in0" label="2644">
          <te-groups>
            <te-group>
              <routes>
                <route to="eg0">
                  <actions>
                    <action type="pop"/>
                  </actions>
                </route>
              </routes>
            </te-group>
          </te-groups>
        </destination>
        <destination from="in0" label="2739">
          <te-groups>
            <te-group>
              <routes>
                <route to="eg0">
                  <actions>
                    <action type="pop"/>
                  </actions>
                </route>
              </routes>
            </te-group>
          </te-groups>
        </destination>
        <destination from="in0" label="2853">
          <te-groups>
            <te-group>
              <routes>
                <route to="in1">
                  <actions>
                    <action type="pop"/>
                  </actions>
                </route>
              </routes>
            </te-group>
          </te-groups>
        </destination>
        <destination from="in0" label="$127">
          <te-groups>
            <te-group>
              <routes>
                <route to="in1">
                  <actions>
                    <action arg="128" type="swap"/>
                  </actions>
                </route>
              </routes>
            </te-group>
            <te-group>
              <routes>
                <route to="in0">
                  <actions>
                    <action arg="128" type="swap"/>
                    <action arg="2836" type="push"/>
                  </actions>
                </route>
              </routes>
            </te-group>
          </te-groups>
        </destination>
        <destination from="in0" label="$135">
          <te-groups>
            <te-group>
              <routes>
                <route to="in1">
                  <actions>
                    <action arg="136" type="swap"/>
                  </actions>
                </route>
              </routes>
            </te-group>
            <te-group>
              <routes>
                <route to="in0">
                  <actions>
                    <action arg="136" type="swap"/>
                    <action arg="2836" type="push"/>
                  </actions>
                </route>
              </routes>
            </te-group>
          </te-groups>
        </destination>
        <destination from="in0" label="$246">
          <te-groups>
            <te-group>
              <routes>
                <route to="in1">
                  <actions>
                    <action arg="247" type="swap"/>
                  </actions>
                </route>
              </routes>
            </te-group>
            <te-group>
              <routes>
                <route to="in0">
                  <actions>
                    <action arg="247" type="swap"/>
                    <action arg="2836" type="push"/>
                  </actions>
                </route>
              </routes>
            </te-group>
          </te-groups>
        </destination>
        <destination from="in0" label="$253">
          <te-groups>
            <te-group>
              <routes>
                <route to="in1">
                  <actions>
                    <action arg="254" type="swap"/>
                  </actions>
                </route>
              </routes>
            </te-group>
            <te-group>
              <routes>
                <route to="in0">
                  <actions>
                    <action arg="254" type="swap"/>
                    <action arg="2836" type="push"/>
                  </actions>
                </route>
              </routes>
            </te-group>
          </te-groups>
        </destination>
        <destination from="in0" label="$368">
          <te-groups>
            <te-group>
              <routes>
                <route to="in1">
                  <actions>
                    <action arg="369" type="swap"/>
                  </actions>
                </route>
              </routes>
            </te-group>
            <te-group>
              <routes>
                <route to="in0">
                  <actions>
                    <action arg="369" type="swap"/>
                    <action arg="2836" type="push"/>
                  </actions>
                </route>
              </routes>
            </te-group>
          </te-groups>
        </destination>
        <destination from="in0" label="$376">
          <te-groups>
            <te-group>
              <routes>
                <route to="in1">
                  <actions>
                    <action arg="377" type="swap"/>
                  </actions>
                </route>
              </routes>
            </te-group>
            <te-group>
              <routes>
                <route to="in0">
                  <actions>
                    <action arg="377" type="swap"/>
                    <action arg="2836" type="push"/>
                  </actions>
                </route>
              </routes>
            </te-group>
          </te-groups>
        </destination>
        <destination from="in0" label="$469">
          <te-groups>
            <te-group>
              <routes>
                <route to="in1">
                  <actions>
                    <action arg="470" type="swap"/>
                  </actions>
                </route>
              </routes>
            </te-group>
            <te-group>
              <routes>
                <route to="in0">
                  <actions>
                    <action arg="470" type="swap"/>
                    <action arg="2836" type="push"/>
                  </actions>
                </route>
              </routes>
            </te-group>
          </te-groups>
        </destination>
        <destination from="in0" label="$476">
          <te-groups>
            <te-group>
              <routes>
                <route to="in1">
                  <actions>
                    <action arg="477" type="swap"/>
                  </actions>
                </route>
              </routes>
            </te-group>
            <te-group>
              <routes>
                <route to="in0">
                  <actions>
                    <action arg="477" type="swap"/>
                    <action arg="2836" type="push"/>
                  </actions>
                </route>
              </routes>
            </te-group>
          </te-groups>
        </destination>
        <destination from="in0" label="$581">
          <te-groups>
            <te-group>
              <routes>
                <route to="in1">
                  <actions>
                    <action arg="582" type="swap"/>
                  </actions>
                </route>
              </routes>
            </te-group>
            <te-group>
              <routes>
                <route to="in0">
                  <actions>
                    <action arg="582" type="swap"/>
                    <action arg="2836" type="push"/>
                  </actions>
                </route>
              </routes>
            </te-group>
          </te-groups>
        </destination>
        <destination from="in0" label="$588">
          <te-groups>
            <te-group>
              <routes>
                <route to="in1">
                  <actions>
                    <action arg="589" type="swap"/>
                  </actions>
                </route>
              </routes>
            </te-group>
            <te-group>
              <routes>
                <route to="in0">
                  <actions>
                    <action arg="589" type="swap"/>
                    <action arg="2836" type="push"/>
                  </actions>
                </route>
              </routes>
            </te-group>
          </te-groups>
        </destination>
        <destination from="in0" label="$683">
          <te-groups>
            <te-group>
              <routes>
                <route to="in1">
                  <actions>
                    <action arg="684" type="swap"/>
                  </actions>
                </route>
              </routes>
            </te-group>
            <te-group>
              <routes>
                <route to="in0">
                  <actions>
                    <action arg="684" type="swap"/>
                    <action arg="2836" type="push"/>
                  </actions>
                </route>
              </routes>
            </te-group>
          </te-groups>
        </destination>
        <destination from="in0" label="$688">
          <te-groups>
            <te-group>
              <routes>
                <route to="in1">
                  <actions>
                    <action arg="689" type="swap"/>
                  </actions>
                </route>
              </routes>
            </te-group>
            <te-group>
              <routes>
                <route to="in0">
                  <actions>
                    <action arg="689" type="swap"/>
                    <action arg="2836" type="push"/>
                  </actions>
                </route>
              </routes>
            </te-group>
          </te-groups>
        </destination>
        <destination from="in0" label="$783">
          <te-groups>
            <te-group>
              <routes>
                <route to="in1">
                  <actions>
                    <action arg="784" type="swap"/>
                  </actions>
                </route>
              </routes>
            </te-group>
            <te-group>
              <routes>
                <route to="in0">
                  <actions>
                    <action arg="784" type="swap"/>
                    <action arg="2836" type="push"/>
                  </actions>
                </route>
              </routes>
            </te-group>
          </te-groups>
        </destination>
        <destination from="in0" label="$789">
          <te-groups>
            <te-group>
              <routes>
                <route to="in1">
                  <actions>
                    <action arg="790" type="swap"/>
                  </actions>
                </route>
              </routes>
            </te-group>
            <te-group>
              <routes>
                <route to="in0">
                  <actions>
                    <action arg="790" type="swap"/>
                    <action arg="2836" type="push"/>
                  </actions>
                </route>
              </routes>
            </te-group>
          </te-groups>
        </destination>
        <destination from="in0" label="$992">
          <te-groups>
            <te-group>
              <routes>
                <route to="in1">
                  <actions>
                    <action arg="993" type="swap"/>
                  </actions>
                </route>
              </routes>
            </te-group>
            <te-group>
              <routes>
                <route to="in0">
                  <actions>
                    <action arg="993" type="swap"/>
                    <action arg="2836" type="push"/>
                  </actions>
                </route>
              </routes>
            </te-group>
          </te-groups>
        </destination>
        <destination from="in0" label="$997">
          <te-groups>
            <te-group>
              <routes>
                <route to="in1">
                  <actions>
                    <action arg="998" type="swap"/>
                  </actions>
                </route>
              </routes>
            </te-group>
            <te-group>
              <routes>
                <route to="in0">
                  <actions>
                    <action arg="998" type="swap"/>
                    <action arg="2836" type="push"/>
                  </actions>
                </route>
              </routes>
            </te-group>
          </te-groups>
        </destination>
        <destination from="in0" label="$1083">
          <te-groups>
            <te-group>
              <routes>
                <route to="in1">
                  <actions>
                    <action arg="1084" type="swap"/>
                  </actions>
                </route>
              </routes>
            </te-group>
            <te-group>
              <routes>
                <route to="in0">
                  <actions>
                    <action arg="1084" type="swap"/>
                    <action arg="2836" type="push"/>
                  </actions>
                </route>
              </routes>
            </te-group>
          </te-groups>
        </destination>
        <destination from="in0" label="$1087">
          <te-groups>
            <te-group>
              <routes>
                <route to="in1">
                  <actions>
                    <action arg="1088" type="swap"/>
                  </actions>
                </route>
              </routes>
            </te-group>
            <te-group>
              <routes>
                <route to="in0">
                  <actions>
                    <action arg="1088" type="swap"/>
                    <action arg="2836" type="push"/>
                  </actions>
                </route>
              </routes>
            </te-group>
          </te-groups>
        </destination>
        <destination from="in0" label="$1171">
          <te-groups>
            <te-group>
              <routes>
                <route to="in1">
                  <actions>
                    <action arg="1172" type="swap"/>
                  </actions>
                </route>
              </routes>
            </te-group>
            <te-group>
              <routes>
                <route to="in0">
                  <actions>
                    <action arg="1172" type="swap"/>
                    <action arg="2836" type="push"/>
                  </actions>
                </route>
              </routes>
            </te-group>
          </te-groups>
        </destination>
        <destination from="in0" label="$1174">
          <te-groups>
            <te-group>
              <routes>
                <route to="in1">
                  <actions>
                    <action arg="1175" type="swap"/>
                  </actions>
                </route>
              </routes>
            </te-group>
            <te-group>
              <routes>
                <route to="in0">
                  <actions>
                    <action arg="1175" type="swap"/>
                    <action arg="2836" type="push"/>
                  </actions>
                </route>
              </routes>
            </te-group>
          </te-groups>
        </destination>
        <destination from="in0" label="$1280">
          <te-groups>
            <te-group>
              <routes>
                <route to="in1">
                  <actions>
                    <action arg="1281" type="swap"/>
                  </actions>
                </route>
              </routes>
            </te-group>
            <te-group>
              <routes>
                <route to="in0">
                  <actions>
                    <action arg="1281" type="swap"/>
                    <action arg="2836" type="push"/>
                  </actions>
                </route>
              </routes>
            </te-group>
          </te-groups>
        </destination>
        <destination from="in0" label="$1284">
          <te-groups>
            <te-group>
              <routes>
                <route to="in1">
                  <actions>
                    <action arg="1285" type="swap"/>
                  </actions>
                </route>
              </routes>
            </te-group>
            <te-group>
              <routes>
                <route to="in0">
                  <actions>
                    <action arg="1285" type="swap"/>
                    <action arg="2836" type="push"/>
                  </actions>
                </route>
              </routes>
            </te-group>
          </te-groups>
        </destination>
        <destination from="in0" label="$1384">
          <te-groups>
            <te-group>
              <routes>
                <route to="in1">
                  <actions>
                    <action arg="1385" type="swap"/>
                  </actions>
                </route>
              </routes>
            </te-group>
            <te-group>
              <routes>
                <route to="in0">
                  <actions>
                    <action arg="1385" type="swap"/>
                    <action arg="2836" type="push"/>
                  </actions>
                </route>
              </routes>
            </te-group>
          </te-groups>
        </destination>
        <destination from="in0" label="$1388">
          <te-groups>
            <te-group>
              <routes>
                <route to="in1">
                  <actions>
                    <action arg="1389" type="swap"/>
                  </actions>
                </route>
              </routes>
            </te-group>
            <te-group>
              <routes>
                <route to="in0">
                  <actions>
                    <action arg="1389" type="swap"/>
                    <action arg="2836" type="push"/>
                  </actions>
                </route>
              </routes>
            </te-group>
          </te-groups>
        </destination>
        <destination from="in0" label="$1494">
          <te-groups>
            <te-group>
              <routes>
                <route to="in1">
                  <actions>
                    <action arg="1495" type="swap"/>
                  </actions>
                </route>
              </routes>
            </te-group>
            <te-group>
              <routes>
                <route to="in0">
                  <actions>
                    <action arg="1495" type="swap"/>
                    <action arg="2836" type="push"/>
                  </actions>
                </route>
              </routes>
            </te-group>
          </te-groups>
        </destination>
        <destination from="in0" label="$1498">
          <te-groups>
            <te-group>
              <routes>
                <route to="in1">
                  <actions>
                    <action arg="1499" type="swap"/>
                  </actions>
                </route>
              </routes>
            </te-group>
            <te-group>
              <routes>
                <route to="in0">
                  <actions>
                    <action arg="1499" type="swap"/>
                    <action arg="2836" type="push"/>
                  </actions>
                </route>
              </routes>
            </te-group>
          </te-groups>
        </destination>
        <destination from="in0" label="$1715">
          <te-groups>
            <te-group>
              <routes>
                <route to="in1">
                  <actions>
                    <action arg="1716" type="swap"/>
                  </actions>
                </route>
              </routes>
            </te-group>
            <te-group>
              <routes>
                <route to="in0">
                  <actions>
                    <action arg="1716" type="swap"/>
                    <action arg="2836" type="push"/>
                  </actions>
                </route>
              </routes>
            </te-group>
          </te-groups>
        </destination>
        <destination from="in0" label="$1723">
          <te-groups>
            <te-group>
              <routes>
                <route to="in1">
                  <actions>
                    <action arg="1724" type="swap"/>
                  </actions>
                </route>
              </routes>
            </te-group>
            <te-group>
              <routes>
                <route to="in0">
                  <actions>
                    <action arg="1724" type="swap"/>
                    <action arg="2836" type="push"/>
                  </actions>
                </route>
              </routes>
            </te-group>
          </te-groups>
        </destination>
        <destination from="in0" label="$1852">
          <te-groups>
            <te-group>
              <routes>
                <route to="in1">
                  <actions>
                    <action arg="1853" type="swap"/>
                  </actions>
                </route>
              </routes>
            </te-group>
            <te-group>
              <routes>
                <route to="in0">
                  <actions>
                    <action arg="1853" type="swap"/>
                    <action arg="2836" type="push"/>
                  </actions>
                </route>
              </routes>
            </te-group>
          </te-groups>
        </destination>
        <destination from="in0" label="$1860">
          <te-groups>
            <te-group>
              <routes>
                <route to="in1">
                  <actions>
                    <action arg="1861" type="swap"/>
                  </actions>
                </route>
              </routes>
            </te-group>
            <te-group>
              <routes>
                <route to="in0">
                  <actions>
                    <action arg="1861" type="swap"/>
                    <action arg="2836" type="push"/>
                  </actions>
                </route>
              </routes>
            </te-group>
          </te-groups>
        </destination>
        <destination from="in0" label="$1928">
          <te-groups>
            <te-group>
              <routes>
                <route to="in0">
                  <actions>
                    <action arg="1929" type="swap"/>
                  </actions>
                </route>
              </routes>
            </te-group>
            <te-group>
              <routes>
                <route to="in1">
                  <actions>
                    <action arg="1929" type="swap"/>
                    <action arg="2833" type="push"/>
                  </actions>
                </route>
              </routes>
            </te-group>
          </te-groups>
        </destination>
        <destination from="in0" label="$1940">
          <te-groups>
            <te-group>
              <routes>
                <route to="in0">
                  <actions>
                    <action arg="1941" type="swap"/>
                  </actions>
                </route>
              </routes>
            </te-group>
            <te-group>
              <routes>
                <route to="in1">
                  <actions>
                    <action arg="1941" type="swap"/>
                    <action arg="2833" type="push"/>
                  </actions>
                </route>
              </routes>
            </te-group>
          </te-groups>
        </destination>
        <destination from="in0" label="$1945">
          <te-groups>
            <te-group>
              <routes>
                <route to="in0">
                  <actions>
                    <action arg="1946" type="swap"/>
                  </actions>
                </route>
              </routes>
            </te-group>
            <te-group>
              <routes>
                <route to="in1">
                  <actions>
                    <action arg="1946" type="swap"/>
                    <action arg="2833" type="push"/>
                  </actions>
                </route>
              </routes>
            </te-group>
          </te-groups>
        </destination>
        <destination from="in0" label="$1949">
          <te-groups>
            <te-group>
              <routes>
                <route to="in0">
                  <actions>
                    <action arg="1950" type="swap"/>
                  </actions>
                </route>
              </routes>
            </te-group>
            <te-group>
              <routes>
                <route to="in1">
                  <actions>
                    <action arg="1950" type="swap"/>
                    <action arg="2833" type="push"/>
                  </actions>
                </route>
              </routes>
            </te-group>
          </te-groups>
        </destination>
        <destination from="in0" label="$1952">
          <te-groups>
            <te-group>
              <routes>
                <route to="in0">
                  <actions>
                    <action arg="1953" type="swap"/>
                  </actions>
                </route>
              </routes>
            </te-group>
            <te-group>
              <routes>
                <route to="in1">
                  <actions>
                    <action arg="1953" type="swap"/>
                    <action arg="2833" type="push"/>
                  </actions>
                </route>
              </routes>
            </te-group>
          </te-groups>
        </destination>
        <destination from="in0" label="$1956">
          <te-groups>
            <te-group>
              <routes>
                <route to="in0">
                  <actions>
                    <action arg="1957" type="swap"/>
                  </actions>
                </route>
              </routes>
            </te-group>
            <te-group>
              <routes>
                <route to="in1">
                  <actions>
                    <action arg="1957" type="swap"/>
                    <action arg="2833" type="push"/>
                  </actions>
                </route>
              </routes>
            </te-group>
          </te-groups>
        </destination>
        <destination from="in0" label="$1960">
          <te-groups>
            <te-group>
              <routes>
                <route to="in0">
                  <actions>
                    <action arg="1961" type="swap"/>
                  </actions>
                </route>
              </routes>
            </te-group>
            <te-group>
              <routes>
                <route to="in1">
                  <actions>
                    <action arg="1961" type="swap"/>
                    <action arg="2833" type="push"/>
                  </actions>
                </route>
              </routes>
            </te-group>
          </te-groups>
        </destination>
        <destination from="in0" label="$2013">
          <te-groups>
            <te-group>
              <routes>
                <route to="in0">
                  <actions>
                    <action arg="2014" type="swap"/>
                  </actions>
                </route>
              </routes>
            </te-group>
            <te-group>
              <routes>
                <route to="in1">
                  <actions>
                    <action arg="2014" type="swap"/>
                    <action arg="2833" type="push"/>
                  </actions>
                </route>
              </routes>
            </te-group>
          </te-groups>
        </destination>
        <destination from="in0" label="$2022">
          <te-groups>
            <te-group>
              <routes>
                <route to="in0">
                  <actions>
                    <action arg="2023" type="swap"/>
                  </actions>
                </route>
              </routes>
            </te-group>
            <te-group>
              <routes>
                <route to="in1">
                  <actions>
                    <action arg="2023" type="swap"/>
                    <action arg="2833" type="push"/>
                  </actions>
                </route>
              </routes>
            </te-group>
          </te-groups>
        </destination>
        <destination from="in0" label="$2030">
          <te-groups>
            <te-group>
              <routes>
                <route to="in0">
                  <actions>
                    <action arg="2031" type="swap"/>
                  </actions>
                </route>
              </routes>
            </te-group>
            <te-group>
              <routes>
                <route to="in1">
                  <actions>
                    <action arg="2031" type="swap"/>
                    <action arg="2833" type="push"/>
                  </actions>
                </route>
              </routes>
            </te-group>
          </te-groups>
        </destination>
        <destination from="in0" label="$2039">
          <te-groups>
            <te-group>
              <routes>
                <route to="in0">
                  <actions>
                    <action arg="2040" type="swap"/>
                  </actions>
                </route>
              </routes>
            </te-group>
            <te-group>
              <routes>
                <route to="in1">
                  <actions>
                    <action arg="2040" type="swap"/>
                    <action arg="2833" type="push"/>
                  </actions>
                </route>
              </routes>
            </te-group>
          </te-groups>
        </destination>
        <destination from="in0" label="$2047">
          <te-groups>
            <te-group>
              <routes>
                <route to="in0">
                  <actions>
                    <action arg="2048" type="swap"/>
                  </actions>
                </route>
              </routes>
            </te-group>
            <te-group>
              <routes>
                <route to="in1">
                  <actions>
                    <action arg="2048" type="swap"/>
                    <action arg="2833" type="push"/>
                  </actions>
                </route>
              </routes>
            </te-group>
          </te-groups>
        </destination>
        <destination from="in0" label="$2055">
          <te-groups>
            <te-group>
              <routes>
                <route to="in0">
                  <actions>
                    <action arg="2056" type="swap"/>
                  </actions>
                </route>
              </routes>
            </te-group>
            <te-group>
              <routes>
                <route to="in1">
                  <actions>
                    <action arg="2056" type="swap"/>
                    <action arg="2833" type="push"/>
                  </actions>
                </route>
              </routes>
            </te-group>
          </te-groups>
        </destination>
        <destination from="in0" label="$2061">
          <te-groups>
            <te-group>
              <routes>
                <route to="in0">
                  <actions>
                    <action arg="2062" type="swap"/>
                  </actions>
                </route>
              </routes>
            </te-group>
            <te-group>
              <routes>
                <route to="in1">
                  <actions>
                    <action arg="2062" type="swap"/>
                    <action arg="2833" type="push"/>
                  </actions>
                </route>
              </routes>
            </te-group>
          </te-groups>
        </destination>
        <destination from="in0" label="$2072">
          <te-groups>
            <te-group>
              <routes>
                <route to="in0">
                  <actions>
                    <action arg="2073" type="swap"/>
                  </actions>
                </route>
              </routes>
            </te-group>
            <te-group>
              <routes>
                <route to="in1">
                  <actions>
                    <action arg="2073" type="swap"/>
                    <action arg="2833" type="push"/>
                  </actions>
                </route>
              </routes>
            </te-group>
          </te-groups>
        </destination>
        <destination from="in0" label="$2078">
          <te-groups>
            <te-group>
              <routes>
                <route to="in0">
                  <actions>
                    <action arg="2079" type="swap"/>
                  </actions>
                </route>
              </routes>
            </te-group>
            <te-group>
              <routes>
                <route to="in1">
                  <actions>
                    <action arg="2079" type="swap"/>
                    <action arg="2833" type="push"/>
                  </actions>
                </route>
              </routes>
            </te-group>
          </te-groups>
        </destination>
        <destination from="in0" label="$2083">
          <te-groups>
            <te-group>
              <routes>
                <route to="in0">
                  <actions>
                    <action arg="2084" type="swap"/>
                  </actions>
                </route>
              </routes>
            </te-group>
            <te-group>
              <routes>
                <route to="in1">
                  <actions>
                    <action arg="2084" type="swap"/>
                    <action arg="2833" type="push"/>
                  </actions>
                </route>
              </routes>
            </te-group>
          </te-groups>
        </destination>
        <destination from="in0" label="$2087">
          <te-groups>
            <te-group>
              <routes>
                <route to="in0">
                  <actions>
                    <action arg="2088" type="swap"/>
                  </actions>
                </route>
              </routes>
            </te-group>
            <te-group>
              <routes>
                <route to="in1">
                  <actions>
                    <action arg="2088" type="swap"/>
                    <action arg="2833" type="push"/>
                  </actions>
                </route>
              </routes>
            </te-group>
          </te-groups>
        </destination>
        <destination from="in0" label="$2092">
          <te-groups>
            <te-group>
              <routes>
                <route to="in0">
                  <actions>
                    <action arg="2093" type="swap"/>
                  </actions>
                </route>
              </routes>
            </te-group>
            <te-group>
              <routes>
                <route to="in1">
                  <actions>
                    <action arg="2093" type="swap"/>
                    <action arg="2833" type="push"/>
                  </actions>
                </route>
              </routes>
            </te-group>
          </te-groups>
        </destination>
        <destination from="in0" label="$2097">
          <te-groups>
            <te-group>
              <routes>
                <route to="in0">
                  <actions>
                    <action arg="2098" type="swap"/>
                  </actions>
                </route>
              </routes>
            </te-group>
            <te-group>
              <routes>
                <route to="in1">
                  <actions>
                    <action arg="2098" type="swap"/>
                    <action arg="2833" type="push"/>
                  </actions>
                </route>
              </routes>
            </te-group>
          </te-groups>
        </destination>
        <destination from="in0" label="$2105">
          <te-groups>
            <te-group>
              <routes>
                <route to="in0">
                  <actions>
                    <action arg="2106" type="swap"/>
                  </actions>
                </route>
              </routes>
            </te-group>
            <te-group>
              <routes>
                <route to="in1">
                  <actions>
                    <action arg="2106" type="swap"/>
                    <action arg="2833" type="push"/>
                  </actions>
                </route>
              </routes>
            </te-group>
          </te-groups>
        </destination>
        <destination from="in0" label="$2113">
          <te-groups>
            <te-group>
              <routes>
                <route to="in0">
                  <actions>
                    <action arg="2114" type="swap"/>
                  </actions>
                </route>
              </routes>
            </te-group>
            <te-group>
              <routes>
                <route to="in1">
                  <actions>
                    <action arg="2114" type="swap"/>
                    <action arg="2833" type="push"/>
                  </actions>
                </route>
              </routes>
            </te-group>
          </te-groups>
        </destination>
        <destination from="in0" label="$2140">
          <te-groups>
            <te-group>
              <routes>
                <route to="in0">
                  <actions>
                    <action arg="2141" type="swap"/>
                  </actions>
                </route>
              </routes>
            </te-group>
            <te-group>
              <routes>
                <route to="in1">
                  <actions>
                    <action arg="2141" type="swap"/>
                    <action arg="2833" type="push"/>
                  </actions>
                </route>
              </routes>
            </te-group>
          </te-groups>
        </destination>
        <destination from="in0" label="$2147">
          <te-groups>
            <te-group>
              <routes>
                <route to="in0">
                  <actions>
                    <action arg="2148" type="swap"/>
                  </actions>
                </route>
              </routes>
            </te-group>
            <te-group>
              <routes>
                <route to="in1">
                  <actions>
                    <action arg="2148" type="swap"/>
                    <action arg="2833" type="push"/>
                  </actions>
                </route>
              </routes>
            </te-group>
          </te-groups>
        </destination>
        <destination from="in0" label="$2654">
          <te-groups>
            <te-group>
              <routes>
                <route to="in1">
                  <actions>
                    <action arg="2655" type="swap"/>
                  </actions>
                </route>
              </routes>
            </te-group>
            <te-group>
              <routes>
                <route to="in0">
                  <actions>
                    <action arg="2655" type="swap"/>
                    <action arg="2836" type="push"/>
                  </actions>
                </route>
              </routes>
            </te-group>
          </te-groups>
        </destination>
        <destination from="in0" label="$2660">
          <te-groups>
            <te-group>
              <routes>
                <route to="in1">
                  <actions>
                    <action arg="2661" type="swap"/>
                  </actions>
                </route>
              </routes>
            </te-group>
            <te-group>
              <routes>
                <route to="in0">
                  <actions>
                    <action arg="2661" type="swap"/>
                    <action arg="2836" type="push"/>
                  </actions>
                </route>
              </routes>
            </te-group>
          </te-groups>
        </destination>
        <destination from="in0" label="$2750">
          <te-groups>
            <te-group>
              <routes>
                <route to="in1">
                  <actions>
                    <action arg="2751" type="swap"/>
                  </actions>
                </route>
              </routes>
            </te-group>
            <te-group>
              <routes>
                <route to="in0">
                  <actions>
                    <action arg="2751" type="swap"/>
                    <action arg="2836" type="push"/>
                  </actions>
                </route>
              </routes>
            </te-group>
          </te-groups>
        </destination>
        <destination from="in0" label="$2755">
          <te-groups>
            <te-group>
              <routes>
                <route to="in1">
                  <actions>
                    <action arg="2756" type="swap"/>
                  </actions>
                </route>
              </routes>
            </te-group>
            <te-group>
              <routes>
                <route to="in0">
                  <actions>
                    <action arg="2756" type="swap"/>
                    <action arg="2836" type="push"/>
                  </actions>
                </route>
              </routes>
            </te-group>
          </te-groups>
        </destination>
        <destination from="in1" label="109">
          <te-groups>
            <te-group>
              <routes>
                <route to="eg0">
                  <actions>
                    <action type="pop"/>
                  </actions>
                </route>
              </routes>
            </te-group>
          </te-groups>
        </destination>
        <destination from="in1" label="227">
          <te-groups>
            <te-group>
              <routes>
                <route to="eg0">
                  <actions>
                    <action type="pop"/>
                  </actions>
                </route>
              </routes>
            </te-group>
          </te-groups>
        </destination>
        <destination from="in1" label="354">
          <te-groups>
            <te-group>
              <routes>
                <route to="eg0">
                  <actions>
                    <action type="pop"/>
                  </actions>
                </route>
              </routes>
            </te-group>
          </te-groups>
        </destination>
        <destination from="in1" label="458">
          <te-groups>
            <te-group>
              <routes>
                <route to="eg0">
                  <actions>
                    <action type="pop"/>
                  </actions>
                </route>
              </routes>
            </te-group>
          </te-groups>
        </destination>
        <destination from="in1" label="562">
          <te-groups>
            <te-group>
              <routes>
                <route to="eg0">
                  <actions>
                    <action type="pop"/>
                  </actions>
                </route>
              </routes>
            </te-group>
          </te-groups>
        </destination>
        <destination from="in1" label="666">
          <te-groups>
            <te-group>
              <routes>
                <route to="eg0">
                  <actions>
                    <action type="pop"/>
                  </actions>
                </route>
              </routes>
            </te-group>
          </te-groups>
        </destination>
        <destination from="in1" label="767">
          <te-groups>
            <te-group>
              <routes>
                <route to="eg0">
                  <actions>
                    <action type="pop"/>
                  </actions>
                </route>
              </routes>
            </te-group>
          </te-groups>
        </destination>
        <destination from="in1" label="875">
          <te-groups>
            <te-group>
              <routes>
                <route to="eg0">
                  <actions>
                    <action type="pop"/>
                  </actions>
                </route>
              </routes>
            </te-group>
          </te-groups>
        </destination>
        <destination from="in1" label="977">
          <te-groups>
            <te-group>
              <routes>
                <route to="eg0">
                  <actions>
                    <action type="pop"/>
                  </actions>
                </route>
              </routes>
            </te-group>
          </te-groups>
        </destination>
        <destination from="in1" label="1071">
          <te-groups>
            <te-group>
              <routes>
                <route to="eg0">
                  <actions>
                    <action type="pop"/>
                  </actions>
                </route>
              </routes>
            </te-group>
          </te-groups>
        </destination>
        <destination from="in1" label="1158">
          <te-groups>
            <te-group>
              <routes>
                <route to="eg0">
                  <actions>
                    <action type="pop"/>
                  </actions>
                </route>
              </routes>
            </te-group>
          </te-groups>
        </destination>
        <destination from="in1" label="1264">
          <te-groups>
            <te-group>
              <routes>
                <route to="eg0">
                  <actions>
                    <action type="pop"/>
                  </actions>
                </route>
              </routes>
            </te-group>
          </te-groups>
        </destination>
        <destination from="in1" label="1370">
          <te-groups>
            <te-group>
              <routes>
                <route to="eg0">
                  <actions>
                    <action type="pop"/>
                  </actions>
                </route>
              </routes>
            </te-group>
          </te-groups>
        </destination>
        <destination from="in1" label="1478">
          <te-groups>
            <te-group>
              <routes>
                <route to="eg0">
                  <actions>
                    <action type="pop"/>
                  </actions>
                </route>
              </routes>
            </te-group>
          </te-groups>
        </destination>
        <destination from="in1" label="1706">
          <te-groups>
            <te-group>
              <routes>
                <route to="eg0">
                  <actions>
                    <action type="pop"/>
                  </actions>
                </route>
              </routes>
            </te-group>
          </te-groups>
        </destination>
        <destination from="in1" label="1843">
          <te-groups>
            <te-group>
              <routes>
                <route to="eg0">
                  <actions>
                    <action type="pop"/>
                  </actions>
                </route>
              </routes>
            </te-group>
          </te-groups>
        </destination>
        <destination from="in1" label="1964">
          <te-groups>
            <te-group>
              <routes>
                <route to="eg0">
                  <actions>
                    <action type="pop"/>
                  </actions>
                </route>
              </routes>
            </te-group>
          </te-groups>
        </destination>
        <destination from="in1" label="2102">
          <te-groups>
            <te-group>
              <routes>
                <route to="eg0">
                  <actions>
                    <action type="pop"/>
                  </actions>
                </route>
              </routes>
            </te-group>
          </te-groups>
        </destination>
        <destination from="in1" label="2203">
          <te-groups>
            <te-group>
              <routes>
                <route to="eg0">
                  <actions>
                    <action type="pop"/>
                  </actions>
                </route>
              </routes>
            </te-group>
          </te-groups>
        </destination>
        <destination from="in1" label="2312">
          <te-groups>
            <te-group>
              <routes>
                <route to="eg0">
                  <actions>
                    <action type="pop"/>
                  </actions>
                </route>
              </routes>
            </te-group>
          </te-groups>
        </destination>
        <destination from="in1" label="2429">
          <te-groups>
            <te-group>
              <routes>
                <route to="eg0">
                  <actions>
                    <action type="pop"/>
                  </actions>
                </route>
              </routes>
            </te-group>
          </te-groups>
        </destination>
        <destination from="in1" label="2551">
          <te-groups>
            <te-group>
              <routes>
                <route to="eg0">
                  <actions>
                    <action type="pop"/>
                  </actions>
                </route>
              </routes>
            </te-group>
          </te-groups>
        </destination>
        <destination from="in1" label="2644">
          <te-groups>
            <te-group>
              <routes>
                <route to="eg0">
                  <actions>
                    <action type="pop"/>
                  </actions>
                </route>
              </routes>
            </te-group>
          </te-groups>
        </destination>
        <destination from="in1" label="2739">
          <te-groups>
            <te-group>
              <routes>
                <route to="eg0">
                  <actions>
                    <action type="pop"/>
                  </actions>
                </route>
              </routes>
            </te-group>
          </te-groups>
        </destination>
        <destination from="in1" label="2846">
          <te-groups>
            <te-group>
              <routes>
                <route to="in0">
                  <actions>
                    <action arg="2845" type="swap"/>
                  </actions>
                </route>
              </routes>
            </te-group>
          </te-groups>
        </destination>
        <destination from="in1" label="2851">
          <te-groups>
            <te-group>
              <routes>
                <route to="in0">
                  <actions>
                    <action arg="2850" type="swap"/>
                  </actions>
                </route>
              </routes>
            </te-group>
          </te-groups>
        </destination>
        <destination from="in1" label="$127">
          <te-groups>
            <te-group>
              <routes>
                <route to="in1">
                  <actions>
                    <action arg="128" type="swap"/>
                  </actions>
                </route>
              </routes>
            </te-group>
          </te-groups>
        </destination>
        <destination from="in1" label="$135">
          <te-groups>
            <te-group>
              <routes>
                <route to="in1">
                  <actions>
                    <action arg="136" type="swap"/>
                  </actions>
                </route>
              </routes>
            </te-group>
          </te-groups>
        </destination>
        <destination from="in1" label="$246">
          <te-groups>
            <te-group>
              <routes>
                <route to="in1">
                  <actions>
                    <action arg="247" type="swap"/>
                  </actions>
                </route>
              </routes>
            </te-group>
          </te-groups>
        </destination>
        <destination from="in1" label="$253">
          <te-groups>
            <te-group>
              <routes>
                <route to="in1">
                  <actions>
                    <action arg="254" type="swap"/>
                  </actions>
                </route>
              </routes>
            </te-group>
          </te-groups>
        </destination>
        <destination from="in1" label="$368">
          <te-groups>
            <te-group>
              <routes>
                <route to="in1">
                  <actions>
                    <action arg="369" type="swap"/>
                  </actions>
                </route>
              </routes>
            </te-group>
          </te-groups>
        </destination>
        <destination from="in1" label="$376">
          <te-groups>
            <te-group>
              <routes>
                <route to="in1">
                  <actions>
                    <action arg="377" type="swap"/>
                  </actions>
                </route>
              </routes>
            </te-group>
          </te-groups>
        </destination>
        <destination from="in1" label="$469">
          <te-groups>
            <te-group>
              <routes>
                <route to="in1">
                  <actions>
                    <action arg="470" type="swap"/>
                  </actions>
                </route>
              </routes>
            </te-group>
          </te-groups>
        </destination>
        <destination from="in1" label="$476">
          <te-groups>
            <te-group>
              <routes>
                <route to="in1">
                  <actions>
                    <action arg="477" type="swap"/>
                  </actions>
                </route>
              </routes>
            </te-group>
          </te-groups>
        </destination>
        <destination from="in1" label="$581">
          <te-groups>
            <te-group>
              <routes>
                <route to="in1">
                  <actions>
                    <action arg="582" type="swap"/>
                  </actions>
                </route>
              </routes>
            </te-group>
          </te-groups>
        </destination>
        <destination from="in1" label="$588">
          <te-groups>
            <te-group>
              <routes>
                <route to="in1">
                  <actions>
                    <action arg="589" type="swap"/>
                  </actions>
                </route>
              </routes>
            </te-group>
          </te-groups>
        </destination>
        <destination from="in1" label="$683">
          <te-groups>
            <te-group>
              <routes>
                <route to="in1">
                  <actions>
                    <action arg="684" type="swap"/>
                  </actions>
                </route>
              </routes>
            </te-group>
          </te-groups>
        </destination>
        <destination from="in1" label="$688">
          <te-groups>
            <te-group>
              <routes>
                <route to="in1">
                  <actions>
                    <action arg="689" type="swap"/>
                  </actions>
                </route>
              </routes>
            </te-group>
          </te-groups>
        </destination>
        <destination from="in1" label="$783">
          <te-groups>
            <te-group>
              <routes>
                <route to="in1">
                  <actions>
                    <action arg="784" type="swap"/>
                  </actions>
                </route>
              </routes>
            </te-group>
          </te-groups>
        </destination>
        <destination from="in1" label="$789">
          <te-groups>
            <te-group>
              <routes>
                <route to="in1">
                  <actions>
                    <action arg="790" type="swap"/>
                  </actions>
                </route>
              </routes>
            </te-group>
          </te-groups>
        </destination>
        <destination from="in1" label="$992">
          <te-groups>
            <te-group>
              <routes>
                <route to="in1">
                  <actions>
                    <action arg="993" type="swap"/>
                  </actions>
                </route>
              </routes>
            </te-group>
          </te-groups>
        </destination>
        <destination from="in1" label="$997">
          <te-groups>
            <te-group>
              <routes>
                <route to="in1">
                  <actions>
                    <action arg="998" type="swap"/>
                  </actions>
                </route>
              </routes>
            </te-group>
          </te-groups>
        </destination>
        <destination from="in1" label="$1083">
          <te-groups>
            <te-group>
              <routes>
                <route to="in1">
                  <actions>
                    <action arg="1084" type="swap"/>
                  </actions>
                </route>
              </routes>
            </te-group>
          </te-groups>
        </destination>
        <destination from="in1" label="$1087">
          <te-groups>
            <te-group>
              <routes>
                <route to="in1">
                  <actions>
                    <action arg="1088" type="swap"/>
                  </actions>
                </route>
              </routes>
            </te-group>
          </te-groups>
        </destination>
        <destination from="in1" label="$1171">
          <te-groups>
            <te-group>
              <routes>
                <route to="in1">
                  <actions>
                    <action arg="1172" type="swap"/>
                  </actions>
                </route>
              </routes>
            </te-group>
          </te-groups>
        </destination>
        <destination from="in1" label="$1174">
          <te-groups>
            <te-group>
              <routes>
                <route to="in1">
                  <actions>
                    <action arg="1175" type="swap"/>
                  </actions>
                </route>
              </routes>
            </te-group>
          </te-groups>
        </destination>
        <destination from="in1" label="$1280">
          <te-groups>
            <te-group>
              <routes>
                <route to="in1">
                  <actions>
                    <action arg="1281" type="swap"/>
                  </actions>
                </route>
              </routes>
            </te-group>
          </te-groups>
        </destination>
        <destination from="in1" label="$1284">
          <te-groups>
            <te-group>
              <routes>
                <route to="in1">
                  <actions>
                    <action arg="1285" type="swap"/>
                  </actions>
                </route>
              </routes>
            </te-group>
          </te-groups>
        </destination>
        <destination from="in1" label="$1384">
          <te-groups>
            <te-group>
              <routes>
                <route to="in1">
                  <actions>
                    <action arg="1385" type="swap"/>
                  </actions>
                </route>
              </routes>
            </te-group>
          </te-groups>
        </destination>
        <destination from="in1" label="$1388">
          <te-groups>
            <te-group>
              <routes>
                <route to="in1">
                  <actions>
                    <action arg="1389" type="swap"/>
                  </actions>
                </route>
              </routes>
            </te-group>
          </te-groups>
        </destination>
        <destination from="in1" label="$1494">
          <te-groups>
            <te-group>
              <routes>
                <route to="in1">
                  <actions>
                    <action arg="1495" type="swap"/>
                  </actions>
                </route>
              </routes>
            </te-group>
          </te-groups>
        </destination>
        <destination from="in1" label="$1498">
          <te-groups>
            <te-group>
              <routes>
                <route to="in1">
                  <actions>
                    <action arg="1499" type="swap"/>
                  </actions>
                </route>
              </routes>
            </te-group>
          </te-groups>
        </destination>
        <destination from="in1" label="$1715">
          <te-groups>
            <te-group>
              <routes>
                <route to="in1">
                  <actions>
                    <action arg="1716" type="swap"/>
                  </actions>
                </route>
              </routes>
            </te-group>
          </te-groups>
        </destination>
        <destination from="in1" label="$1723">
          <te-groups>
            <te-group>
              <routes>
                <route to="in1">
                  <actions>
                    <action arg="1724" type="swap"/>
                  </actions>
                </route>
              </routes>
            </te-group>
          </te-groups>
        </destination>
        <destination from="in1" label="$1852">
          <te-groups>
            <te-group>
              <routes>
                <route to="in1">
                  <actions>
                    <action arg="1853" type="swap"/>
                  </actions>
                </route>
              </routes>
            </te-group>
          </te-groups>
        </destination>
        <destination from="in1" label="$1860">
          <te-groups>
            <te-group>
              <routes>
                <route to="in1">
                  <actions>
                    <action arg="1861" type="swap"/>
                  </actions>
                </route>
              </routes>
            </te-group>
          </te-groups>
        </destination>
        <destination from="in1" label="$1928">
          <te-groups>
            <te-group>
              <routes>
                <route to="in0">
                  <actions>
                    <action arg="1929" type="swap"/>
                  </actions>
                </route>
              </routes>
            </te-group>
            <te-group>
              <routes>
                <route to="in1">
                  <actions>
                    <action arg="1929" type="swap"/>
                    <action arg="2833" type="push"/>
                  </actions>
                </route>
              </routes>
            </te-group>
          </te-groups>
        </destination>
        <destination from="in1" label="$1940">
          <te-groups>
            <te-group>
              <routes>
                <route to="in0">
                  <actions>
                    <action arg="1941" type="swap"/>
                  </actions>
                </route>
              </routes>
            </te-group>
            <te-group>
              <routes>
                <route to="in1">
                  <actions>
                    <action arg="1941" type="swap"/>
                    <action arg="2833" type="push"/>
                  </actions>
                </route>
              </routes>
            </te-group>
          </te-groups>
        </destination>
        <destination from="in1" label="$1945">
          <te-groups>
            <te-group>
              <routes>
                <route to="in0">
                  <actions>
                    <action arg="1946" type="swap"/>
                  </actions>
                </route>
              </routes>
            </te-group>
            <te-group>
              <routes>
                <route to="in1">
                  <actions>
                    <action arg="1946" type="swap"/>
                    <action arg="2833" type="push"/>
                  </actions>
                </route>
              </routes>
            </te-group>
          </te-groups>
        </destination>
        <destination from="in1" label="$1949">
          <te-groups>
            <te-group>
              <routes>
                <route to="in0">
                  <actions>
                    <action arg="1950" type="swap"/>
                  </actions>
                </route>
              </routes>
            </te-group>
            <te-group>
              <routes>
                <route to="in1">
                  <actions>
                    <action arg="1950" type="swap"/>
                    <action arg="2833" type="push"/>
                  </actions>
                </route>
              </routes>
            </te-group>
          </te-groups>
        </destination>
        <destination from="in1" label="$1952">
          <te-groups>
            <te-group>
              <routes>
                <route to="in0">
                  <actions>
                    <action arg="1953" type="swap"/>
                  </actions>
                </route>
              </routes>
            </te-group>
            <te-group>
              <routes>
                <route to="in1">
                  <actions>
                    <action arg="1953" type="swap"/>
                    <action arg="2833" type="push"/>
                  </actions>
                </route>
              </routes>
            </te-group>
          </te-groups>
        </destination>
        <destination from="in1" label="$1956">
          <te-groups>
            <te-group>
              <routes>
                <route to="in0">
                  <actions>
                    <action arg="1957" type="swap"/>
                  </actions>
                </route>
              </routes>
            </te-group>
            <te-group>
              <routes>
                <route to="in1">
                  <actions>
                    <action arg="1957" type="swap"/>
                    <action arg="2833" type="push"/>
                  </actions>
                </route>
              </routes>
            </te-group>
          </te-groups>
        </destination>
        <destination from="in1" label="$1960">
          <te-groups>
            <te-group>
              <routes>
                <route to="in0">
                  <actions>
                    <action arg="1961" type="swap"/>
                  </actions>
                </route>
              </routes>
            </te-group>
            <te-group>
              <routes>
                <route to="in1">
                  <actions>
                    <action arg="1961" type="swap"/>
                    <action arg="2833" type="push"/>
                  </actions>
                </route>
              </routes>
            </te-group>
          </te-groups>
        </destination>
        <destination from="in1" label="$2013">
          <te-groups>
            <te-group>
              <routes>
                <route to="in0">
                  <actions>
                    <action arg="2014" type="swap"/>
                  </actions>
                </route>
              </routes>
            </te-group>
            <te-group>
              <routes>
                <route to="in1">
                  <actions>
                    <action arg="2014" type="swap"/>
                    <action arg="2833" type="push"/>
                  </actions>
                </route>
              </routes>
            </te-group>
          </te-groups>
        </destination>
        <destination from="in1" label="$2022">
          <te-groups>
            <te-group>
              <routes>
                <route to="in0">
                  <actions>
                    <action arg="2023" type="swap"/>
                  </actions>
                </route>
              </routes>
            </te-group>
            <te-group>
              <routes>
                <route to="in1">
                  <actions>
                    <action arg="2023" type="swap"/>
                    <action arg="2833" type="push"/>
                  </actions>
                </route>
              </routes>
            </te-group>
          </te-groups>
        </destination>
        <destination from="in1" label="$2030">
          <te-groups>
            <te-group>
              <routes>
                <route to="in0">
                  <actions>
                    <action arg="2031" type="swap"/>
                  </actions>
                </route>
              </routes>
            </te-group>
            <te-group>
              <routes>
                <route to="in1">
                  <actions>
                    <action arg="2031" type="swap"/>
                    <action arg="2833" type="push"/>
                  </actions>
                </route>
              </routes>
            </te-group>
          </te-groups>
        </destination>
        <destination from="in1" label="$2039">
          <te-groups>
            <te-group>
              <routes>
                <route to="in0">
                  <actions>
                    <action arg="2040" type="swap"/>
                  </actions>
                </route>
              </routes>
            </te-group>
            <te-group>
              <routes>
                <route to="in1">
                  <actions>
                    <action arg="2040" type="swap"/>
                    <action arg="2833" type="push"/>
                  </actions>
                </route>
              </routes>
            </te-group>
          </te-groups>
        </destination>
        <destination from="in1" label="$2047">
          <te-groups>
            <te-group>
              <routes>
                <route to="in0">
                  <actions>
                    <action arg="2048" type="swap"/>
                  </actions>
                </route>
              </routes>
            </te-group>
            <te-group>
              <routes>
                <route to="in1">
                  <actions>
                    <action arg="2048" type="swap"/>
                    <action arg="2833" type="push"/>
                  </actions>
                </route>
              </routes>
            </te-group>
          </te-groups>
        </destination>
        <destination from="in1" label="$2055">
          <te-groups>
            <te-group>
              <routes>
                <route to="in0">
                  <actions>
                    <action arg="2056" type="swap"/>
                  </actions>
                </route>
              </routes>
            </te-group>
            <te-group>
              <routes>
                <route to="in1">
                  <actions>
                    <action arg="2056" type="swap"/>
                    <action arg="2833" type="push"/>
                  </actions>
                </route>
              </routes>
            </te-group>
          </te-groups>
        </destination>
        <destination from="in1" label="$2061">
          <te-groups>
            <te-group>
              <routes>
                <route to="in0">
                  <actions>
                    <action arg="2062" type="swap"/>
                  </actions>
                </route>
              </routes>
            </te-group>
            <te-group>
              <routes>
                <route to="in1">
                  <actions>
                    <action arg="2062" type="swap"/>
                    <action arg="2833" type="push"/>
                  </actions>
                </route>
              </routes>
            </te-group>
          </te-groups>
        </destination>
        <destination from="in1" label="$2072">
          <te-groups>
            <te-group>
              <routes>
                <route to="in0">
                  <actions>
                    <action arg="2073" type="swap"/>
                  </actions>
                </route>
              </routes>
            </te-group>
            <te-group>
              <routes>
                <route to="in1">
                  <actions>
                    <action arg="2073" type="swap"/>
                    <action arg="2833" type="push"/>
                  </actions>
                </route>
              </routes>
            </te-group>
          </te-groups>
        </destination>
        <destination from="in1" label="$2078">
          <te-groups>
            <te-group>
              <routes>
                <route to="in0">
                  <actions>
                    <action arg="2079" type="swap"/>
                  </actions>
                </route>
              </routes>
            </te-group>
            <te-group>
              <routes>
                <route to="in1">
                  <actions>
                    <action arg="2079" type="swap"/>
                    <action arg="2833" type="push"/>
                  </actions>
                </route>
              </routes>
            </te-group>
          </te-groups>
        </destination>
        <destination from="in1" label="$2083">
          <te-groups>
            <te-group>
              <routes>
                <route to="in0">
                  <actions>
                    <action arg="2084" type="swap"/>
                  </actions>
                </route>
              </routes>
            </te-group>
            <te-group>
              <routes>
                <route to="in1">
                  <actions>
                    <action arg="2084" type="swap"/>
                    <action arg="2833" type="push"/>
                  </actions>
                </route>
              </routes>
            </te-group>
          </te-groups>
        </destination>
        <destination from="in1" label="$2087">
          <te-groups>
            <te-group>
              <routes>
                <route to="in0">
                  <actions>
                    <action arg="2088" type="swap"/>
                  </actions>
                </route>
              </routes>
            </te-group>
            <te-group>
              <routes>
                <route to="in1">
                  <actions>
                    <action arg="2088" type="swap"/>
                    <action arg="2833" type="push"/>
                  </actions>
                </route>
              </routes>
            </te-group>
          </te-groups>
        </destination>
        <destination from="in1" label="$2092">
          <te-groups>
            <te-group>
              <routes>
                <route to="in0">
                  <actions>
                    <action arg="2093" type="swap"/>
                  </actions>
                </route>
              </routes>
            </te-group>
            <te-group>
              <routes>
                <route to="in1">
                  <actions>
                    <action arg="2093" type="swap"/>
                    <action arg="2833" type="push"/>
                  </actions>
                </route>
              </routes>
            </te-group>
          </te-groups>
        </destination>
        <destination from="in1" label="$2097">
          <te-groups>
            <te-group>
              <routes>
                <route to="in0">
                  <actions>
                    <action arg="2098" type="swap"/>
                  </actions>
                </route>
              </routes>
            </te-group>
            <te-group>
              <routes>
                <route to="in1">
                  <actions>
                    <action arg="2098" type="swap"/>
                    <action arg="2833" type="push"/>
                  </actions>
                </route>
              </routes>
            </te-group>
          </te-groups>
        </destination>
        <destination from="in1" label="$2105">
          <te-groups>
            <te-group>
              <routes>
                <route to="in0">
                  <actions>
                    <action arg="2106" type="swap"/>
                  </actions>
                </route>
              </routes>
            </te-group>
            <te-group>
              <routes>
                <route to="in1">
                  <actions>
                    <action arg="2106" type="swap"/>
                    <action arg="2833" type="push"/>
                  </actions>
                </route>
              </routes>
            </te-group>
          </te-groups>
        </destination>
        <destination from="in1" label="$2113">
          <te-groups>
            <te-group>
              <routes>
                <route to="in0">
                  <actions>
                    <action arg="2114" type="swap"/>
                  </actions>
                </route>
              </routes>
            </te-group>
            <te-group>
              <routes>
                <route to="in1">
                  <actions>
                    <action arg="2114" type="swap"/>
                    <action arg="2833" type="push"/>
                  </actions>
                </route>
              </routes>
            </te-group>
          </te-groups>
        </destination>
        <destination from="in1" label="$2140">
          <te-groups>
            <te-group>
              <routes>
                <route to="in0">
                  <actions>
                    <action arg="2141" type="swap"/>
                  </actions>
                </route>
              </routes>
            </te-group>
            <te-group>
              <routes>
                <route to="in1">
                  <actions>
                    <action arg="2141" type="swap"/>
                    <action arg="2833" type="push"/>
                  </actions>
                </route>
              </routes>
            </te-group>
          </te-groups>
        </destination>
        <destination from="in1" label="$2147">
          <te-groups>
            <te-group>
              <routes>
                <route to="in0">
                  <actions>
                    <action arg="2148" type="swap"/>
                  </actions>
                </route>
              </routes>
            </te-group>
            <te-group>
              <routes>
                <route to="in1">
                  <actions>
                    <action arg="2148" type="swap"/>
                    <action arg="2833" type="push"/>
                  </actions>
                </route>
              </routes>
            </te-group>
          </te-groups>
        </destination>
        <destination from="in1" label="$2654">
          <te-groups>
            <te-group>
              <routes>
                <route to="in1">
                  <actions>
                    <action arg="2655" type="swap"/>
                  </actions>
                </route>
              </routes>
            </te-group>
          </te-groups>
        </destination>
        <destination from="in1" label="$2660">
          <te-groups>
            <te-group>
              <routes>
                <route to="in1">
                  <actions>
                    <action arg="2661" type="swap"/>
                  </actions>
                </route>
              </routes>
            </te-group>
          </te-groups>
        </destination>
        <destination from="in1" label="$2750">
          <te-groups>
            <te-group>
              <routes>
                <route to="in1">
                  <actions>
                    <action arg="2751" type="swap"/>
                  </actions>
                </route>
              </routes>
            </te-group>
          </te-groups>
        </destination>
        <destination from="in1" label="$2755">
          <te-groups>
            <te-group>
              <routes>
                <route to="in1">
                  <actions>
                    <action arg="2756" type="swap"/>
                  </actions>
                </route>
              </routes>
            </te-group>
          </te-groups>
        </destination>
      </destinations>
    </routing>
    <routing for="New_York">
      <destinations>
        <destination from="eg0" ip="ip">
          <te-groups>
            <te-group>
              <routes>
                <route to="in0">
                  <actions>
                    <action arg="1640" type="push"/>
                  </actions>
                </route>
                <route to="in0">
                  <actions>
                    <action arg="1637" type="push"/>
                  </actions>
                </route>
                <route to="in2">
                  <actions>
                    <action arg="1749" type="push"/>
                  </actions>
                </route>
                <route to="in2">
                  <actions>
                    <action arg="1747" type="push"/>
                  </actions>
                </route>
                <route to="in2">
                  <actions>
                    <action arg="1744" type="push"/>
                  </actions>
                </route>
                <route to="in0">
                  <actions>
                    <action arg="1738" type="push"/>
                  </actions>
                </route>
                <route to="in0">
                  <actions>
                    <action arg="1732" type="push"/>
                  </actions>
                </route>
                <route to="in0">
                  <actions>
                    <action arg="1727" type="push"/>
                  </actions>
                </route>
                <route to="in0">
                  <actions>
                    <action arg="1718" type="push"/>
                  </actions>
                </route>
                <route to="in0">
                  <actions>
                    <action arg="1710" type="push"/>
                  </actions>
                </route>
                <route to="in1">
                  <actions>
                    <action arg="1708" type="push"/>
                  </actions>
                </route>
                <route to="in0">
                  <actions>
                    <action arg="1701" type="push"/>
                  </actions>
                </route>
                <route to="in0">
                  <actions>
                    <action arg="1694" type="push"/>
                  </actions>
                </route>
                <route to="in0">
                  <actions>
                    <action arg="1681" type="push"/>
                  </actions>
                </route>
                <route to="in0">
                  <actions>
                    <action arg="1688" type="push"/>
                  </actions>
                </route>
                <route to="in2">
                  <actions>
                    <action arg="1644" type="push"/>
                  </actions>
                </route>
                <route to="in0">
                  <actions>
                    <action arg="1647" type="push"/>
                  </actions>
                </route>
                <route to="in0">
                  <actions>
                    <action arg="1649" type="push"/>
                  </actions>
                </route>
                <route to="in0">
                  <actions>
                    <action arg="1653" type="push"/>
                  </actions>
                </route>
                <route to="in0">
                  <actions>
                    <action arg="1657" type="push"/>
                  </actions>
                </route>
                <route to="in0">
                  <actions>
                    <action arg="1660" type="push"/>
                  </actions>
                </route>
                <route to="in0">
                  <actions>
                    <action arg="1664" type="push"/>
                  </actions>
                </route>
                <route to="in0">
                  <actions>
                    <action arg="1670" type="push"/>
                  </actions>
                </route>
                <route to="in0">
                  <actions>
                    <action arg="1675" type="push"/>
                  </actions>
                </route>
              </routes>
            </te-group>
            <te-group>
              <routes>
                <route to="in2">
                  <actions>
                    <action arg="1694" type="push"/>
                    <action arg="2838" type="push"/>
                  </actions>
                </route>
                <route to="in2">
                  <actions>
                    <action arg="1701" type="push"/>
                    <action arg="2838" type="push"/>
                  </actions>
                </route>
                <route to="in2">
                  <actions>
                    <action arg="1675" type="push"/>
                    <action arg="2838" type="push"/>
                  </actions>
                </route>
                <route to="in2">
                  <actions>
                    <action arg="1710" type="push"/>
                    <action arg="2838" type="push"/>
                  </actions>
                </route>
                <route to="in2">
                  <actions>
                    <action arg="1718" type="push"/>
                    <action arg="2838" type="push"/>
                  </actions>
                </route>
                <route to="in2">
                  <actions>
                    <action arg="1727" type="push"/>
                    <action arg="2838" type="push"/>
                  </actions>
                </route>
                <route to="in2">
                  <actions>
                    <action arg="1732" type="push"/>
                    <action arg="2838" type="push"/>
                  </actions>
                </route>
                <route to="in2">
                  <actions>
                    <action arg="1738" type="push"/>
                    <action arg="2838" type="push"/>
                  </actions>
                </route>
                <route to="in0">
                  <actions>
                    <action arg="1644" type="push"/>
                    <action arg="2840" type="push"/>
                  </actions>
                </route>
                <route to="in0">
                  <actions>
                    <action arg="1744" type="push"/>
                    <action arg="2840" type="push"/>
                  </actions>
                </route>
                <route to="in0">
                  <actions>
                    <action arg="1747" type="push"/>
                    <action arg="2840" type="push"/>
                  </actions>
                </route>
                <route to="in0">
                  <actions>
                    <action arg="1749" type="push"/>
                    <action arg="2840" type="push"/>
                  </actions>
                </route>
                <route to="in2">
                  <actions>
                    <action arg="1681" type="push"/>
                    <action arg="2838" type="push"/>
                  </actions>
                </route>
                <route to="in2">
                  <actions>
                    <action arg="1688" type="push"/>
                    <action arg="2838" type="push"/>
                  </actions>
                </route>
                <route to="in2">
                  <actions>
                    <action arg="1637" type="push"/>
                    <action arg="2838" type="push"/>
                  </actions>
                </route>
                <route to="in2">
                  <actions>
                    <action arg="1640" type="push"/>
                    <action arg="2838" type="push"/>
                  </actions>
                </route>
                <route to="in2">
                  <actions>
                    <action arg="1647" type="push"/>
                    <action arg="2838" type="push"/>
                  </actions>
                </route>
                <route to="in2">
                  <actions>
                    <action arg="1649" type="push"/>
                    <action arg="2838" type="push"/>
                  </actions>
                </route>
                <route to="in2">
                  <actions>
                    <action arg="1653" type="push"/>
                    <action arg="2838" type="push"/>
                  </actions>
                </route>
                <route to="in2">
                  <actions>
                    <action arg="1657" type="push"/>
                    <action arg="2838" type="push"/>
                  </actions>
                </route>
                <route to="in2">
                  <actions>
                    <action arg="1660" type="push"/>
                    <action arg="2838" type="push"/>
                  </actions>
                </route>
                <route to="in2">
                  <actions>
                    <action arg="1664" type="push"/>
                    <action arg="2838" type="push"/>
                  </actions>
                </route>
                <route to="in2">
                  <actions>
                    <action arg="1670" type="push"/>
                    <action arg="2838" type="push"/>
                  </actions>
                </route>
              </routes>
            </te-group>
            <te-group>
              <routes>
                <route to="in0">
                  <actions>
                    <action arg="1738" type="push"/>
                    <action arg="2838" type="push"/>
                    <action arg="2840" type="push"/>
                  </actions>
                </route>
                <route to="in0">
                  <actions>
                    <action arg="1732" type="push"/>
                    <action arg="2838" type="push"/>
                    <action arg="2840" type="push"/>
                  </actions>
                </route>
                <route to="in0">
                  <actions>
                    <action arg="1727" type="push"/>
                    <action arg="2838" type="push"/>
                    <action arg="2840" type="push"/>
                  </actions>
                </route>
                <route to="in0">
                  <actions>
                    <action arg="1718" type="push"/>
                    <action arg="2838" type="push"/>
                    <action arg="2840" type="push"/>
                  </actions>
                </route>
                <route to="in0">
                  <actions>
                    <action arg="1710" type="push"/>
                    <action arg="2838" type="push"/>
                    <action arg="2840" type="push"/>
                  </actions>
                </route>
                <route to="in0">
                  <actions>
                    <action arg="1701" type="push"/>
                    <action arg="2838" type="push"/>
                    <action arg="2840" type="push"/>
                  </actions>
                </route>
                <route to="in0">
                  <actions>
                    <action arg="1694" type="push"/>
                    <action arg="2838" type="push"/>
                    <action arg="2840" type="push"/>
                  </actions>
                </route>
                <route to="in0">
                  <actions>
                    <action arg="1688" type="push"/>
                    <action arg="2838" type="push"/>
                    <action arg="2840" type="push"/>
                  </actions>
                </route>
                <route to="in0">
                  <actions>
                    <action arg="1681" type="push"/>
                    <action arg="2838" type="push"/>
                    <action arg="2840" type="push"/>
                  </actions>
                </route>
                <route to="in0">
                  <actions>
                    <action arg="1675" type="push"/>
                    <action arg="2838" type="push"/>
                    <action arg="2840" type="push"/>
                  </actions>
                </route>
                <route to="in0">
                  <actions>
                    <action arg="1670" type="push"/>
                    <action arg="2838" type="push"/>
                    <action arg="2840" type="push"/>
                  </actions>
                </route>
                <route to="in0">
                  <actions>
                    <action arg="1664" type="push"/>
                    <action arg="2838" type="push"/>
                    <action arg="2840" type="push"/>
                  </actions>
                </route>
                <route to="in0">
                  <actions>
                    <action arg="1660" type="push"/>
                    <action arg="2838" type="push"/>
                    <action arg="2840" type="push"/>
                  </actions>
                </route>
                <route to="in0">
                  <actions>
                    <action arg="1657" type="push"/>
                    <action arg="2838" type="push"/>
                    <action arg="2840" type="push"/>
                  </actions>
                </route>
                <route to="in0">
                  <actions>
                    <action arg="1653" type="push"/>
                    <action arg="2838" type="push"/>
                    <action arg="2840" type="push"/>
                  </actions>
                </route>
                <route to="in0">
                  <actions>
                    <action arg="1649" type="push"/>
                    <action arg="2838" type="push"/>
                    <action arg="2840" type="push"/>
                  </actions>
                </route>
                <route to="in0">
                  <actions>
                    <action arg="1647" type="push"/>
                    <action arg="2838" type="push"/>
                    <action arg="2840" type="push"/>
                  </actions>
                </route>
                <route to="in0">
                  <actions>
                    <action arg="1640" type="push"/>
                    <action arg="2838" type="push"/>
                    <action arg="2840" type="push"/>
                  </actions>
                </route>
                <route to="in0">
                  <actions>
                    <action arg="1637" type="push"/>
                    <action arg="2838" type="push"/>
                    <action arg="2840" type="push"/>
                  </actions>
                </route>
              </routes>
            </te-group>
          </te-groups>
        </destination>
        <destination from="in0" label="114">
          <te-groups>
            <te-group>
              <routes>
                <route to="eg0">
                  <actions>
                    <action type="pop"/>
                  </actions>
                </route>
              </routes>
            </te-group>
          </te-groups>
        </destination>
        <destination from="in0" label="233">
          <te-groups>
            <te-group>
              <routes>
                <route to="eg0">
                  <actions>
                    <action type="pop"/>
                  </actions>
                </route>
              </routes>
            </te-group>
          </te-groups>
        </destination>
        <destination from="in0" label="357">
          <te-groups>
            <te-group>
              <routes>
                <route to="eg0">
                  <actions>
                    <action type="pop"/>
                  </actions>
                </route>
              </routes>
            </te-group>
          </te-groups>
        </destination>
        <destination from="in0" label="460">
          <te-groups>
            <te-group>
              <routes>
                <route to="eg0">
                  <actions>
                    <action type="pop"/>
                  </actions>
                </route>
              </routes>
            </te-group>
          </te-groups>
        </destination>
        <destination from="in0" label="568">
          <te-groups>
            <te-group>
              <routes>
                <route to="eg0">
                  <actions>
                    <action type="pop"/>
                  </actions>
                </route>
              </routes>
            </te-group>
          </te-groups>
        </destination>
        <destination from="in0" label="672">
          <te-groups>
            <te-group>
              <routes>
                <route to="eg0">
                  <actions>
                    <action type="pop"/>
                  </actions>
                </route>
              </routes>
            </te-group>
          </te-groups>
        </destination>
        <destination from="in0" label="772">
          <te-groups>
            <te-group>
              <routes>
                <route to="eg0">
                  <actions>
                    <action type="pop"/>
                  </actions>
                </route>
              </routes>
            </te-group>
          </te-groups>
        </destination>
        <destination from="in0" label="881">
          <te-groups>
            <te-group>
              <routes>
                <route to="eg0">
                  <actions>
                    <action type="pop"/>
                  </actions>
                </route>
              </routes>
            </te-group>
          </te-groups>
        </destination>
        <destination from="in0" label="982">
          <te-groups>
            <te-group>
              <routes>
                <route to="eg0">
                  <actions>
                    <action type="pop"/>
                  </actions>
                </route>
              </routes>
            </te-group>
          </te-groups>
        </destination>
        <destination from="in0" label="1075">
          <te-groups>
            <te-group>
              <routes>
                <route to="eg0">
                  <actions>
                    <action type="pop"/>
                  </actions>
                </route>
              </routes>
            </te-group>
          </te-groups>
        </destination>
        <destination from="in0" label="1163">
          <te-groups>
            <te-group>
              <routes>
                <route to="eg0">
                  <actions>
                    <action type="pop"/>
                  </actions>
                </route>
              </routes>
            </te-group>
          </te-groups>
        </destination>
        <destination from="in0" label="1270">
          <te-groups>
            <te-group>
              <routes>
                <route to="eg0">
                  <actions>
                    <action type="pop"/>
                  </actions>
                </route>
              </routes>
            </te-group>
          </te-groups>
        </destination>
        <destination from="in0" label="1375">
          <te-groups>
            <te-group>
              <routes>
                <route to="eg0">
                  <actions>
                    <action type="pop"/>
                  </actions>
                </route>
              </routes>
            </te-group>
          </te-groups>
        </destination>
        <destination from="in0" label="1484">
          <te-groups>
            <te-group>
              <routes>
                <route to="eg0">
                  <actions>
                    <action type="pop"/>
                  </actions>
                </route>
              </routes>
            </te-group>
          </te-groups>
        </destination>
        <destination from="in0" label="1598">
          <te-groups>
            <te-group>
              <routes>
                <route to="eg0">
                  <actions>
                    <action type="pop"/>
                  </actions>
                </route>
              </routes>
            </te-group>
          </te-groups>
        </destination>
        <destination from="in0" label="1972">
          <te-groups>
            <te-group>
              <routes>
                <route to="eg0">
                  <actions>
                    <action type="pop"/>
                  </actions>
                </route>
              </routes>
            </te-group>
          </te-groups>
        </destination>
        <destination from="in0" label="2110">
          <te-groups>
            <te-group>
              <routes>
                <route to="eg0">
                  <actions>
                    <action type="pop"/>
                  </actions>
                </route>
              </routes>
            </te-group>
          </te-groups>
        </destination>
        <destination from="in0" label="2210">
          <te-groups>
            <te-group>
              <routes>
                <route to="eg0">
                  <actions>
                    <action type="pop"/>
                  </actions>
                </route>
              </routes>
            </te-group>
          </te-groups>
        </destination>
        <destination from="in0" label="2320">
          <te-groups>
            <te-group>
              <routes>
                <route to="eg0">
                  <actions>
                    <action type="pop"/>
                  </actions>
                </route>
              </routes>
            </te-group>
          </te-groups>
        </destination>
        <destination from="in0" label="2437">
          <te-groups>
            <te-group>
              <routes>
                <route to="eg0">
                  <actions>
                    <action type="pop"/>
                  </actions>
                </route>
              </routes>
            </te-group>
          </te-groups>
        </destination>
        <destination from="in0" label="2554">
          <te-groups>
            <te-group>
              <routes>
                <route to="eg0">
                  <actions>
                    <action type="pop"/>
                  </actions>
                </route>
              </routes>
            </te-group>
          </te-groups>
        </destination>
        <destination from="in0" label="2646">
          <te-groups>
            <te-group>
              <routes>
                <route to="eg0">
                  <actions>
                    <action type="pop"/>
                  </actions>
                </route>
              </routes>
            </te-group>
          </te-groups>
        </destination>
        <destination from="in0" label="2742">
          <te-groups>
            <te-group>
              <routes>
                <route to="eg0">
                  <actions>
                    <action type="pop"/>
                  </actions>
                </route>
              </routes>
            </te-group>
          </te-groups>
        </destination>
        <destination from="in0" label="2774">
          <te-groups>
            <te-group>
              <routes>
                <route to="in0">
                  <actions>
                    <action type="pop"/>
                  </actions>
                </route>
              </routes>
            </te-group>
            <te-group>
              <routes>
                <route to="in2">
                  <actions>
                    <action arg="2838" type="swap"/>
                  </actions>
                </route>
              </routes>
            </te-group>
          </te-groups>
        </destination>
        <destination from="in0" label="2776">
          <te-groups>
            <te-group>
              <routes>
                <route to="in2">
                  <actions>
                    <action type="pop"/>
                  </actions>
                </route>
              </routes>
            </te-group>
            <te-group>
              <routes>
                <route to="in0">
                  <actions>
                    <action arg="2840" type="swap"/>
                  </actions>
                </route>
              </routes>
            </te-group>
          </te-groups>
        </destination>
        <destination from="in0" label="2779">
          <te-groups>
            <te-group>
              <routes>
                <route to="in2">
                  <actions>
                    <action arg="2778" type="swap"/>
                  </actions>
                </route>
              </routes>
            </te-group>
            <te-group>
              <routes>
                <route to="in0">
                  <actions>
                    <action arg="2778" type="swap"/>
                    <action arg="2840" type="push"/>
                  </actions>
                </route>
              </routes>
            </te-group>
          </te-groups>
        </destination>
        <destination from="in0" label="2784">
          <te-groups>
            <te-group>
              <routes>
                <route to="in2">
                  <actions>
                    <action arg="2783" type="swap"/>
                  </actions>
                </route>
              </routes>
            </te-group>
            <te-group>
              <routes>
                <route to="in0">
                  <actions>
                    <action arg="2783" type="swap"/>
                    <action arg="2840" type="push"/>
                  </actions>
                </route>
              </routes>
            </te-group>
          </te-groups>
        </destination>
        <destination from="in0" label="2887">
          <te-groups>
            <te-group>
              <routes>
                <route to="in0">
                  <actions>
                    <action arg="2886" type="swap"/>
                  </actions>
                </route>
              </routes>
            </te-group>
          </te-groups>
        </destination>
        <destination from="in0" label="$119">
          <te-groups>
            <te-group>
              <routes>
                <route to="in1">
                  <actions>
                    <action arg="120" type="swap"/>
                  </actions>
                </route>
              </routes>
            </te-group>
          </te-groups>
        </destination>
        <destination from="in0" label="$239">
          <te-groups>
            <te-group>
              <routes>
                <route to="in1">
                  <actions>
                    <action arg="240" type="swap"/>
                  </actions>
                </route>
              </routes>
            </te-group>
          </te-groups>
        </destination>
        <destination from="in0" label="$360">
          <te-groups>
            <te-group>
              <routes>
                <route to="in1">
                  <actions>
                    <action arg="361" type="swap"/>
                  </actions>
                </route>
              </routes>
            </te-group>
          </te-groups>
        </destination>
        <destination from="in0" label="$462">
          <te-groups>
            <te-group>
              <routes>
                <route to="in1">
                  <actions>
                    <action arg="463" type="swap"/>
                  </actions>
                </route>
              </routes>
            </te-group>
          </te-groups>
        </destination>
        <destination from="in0" label="$494">
          <te-groups>
            <te-group>
              <routes>
                <route to="in2">
                  <actions>
                    <action arg="495" type="swap"/>
                  </actions>
                </route>
              </routes>
            </te-group>
            <te-group>
              <routes>
                <route to="in0">
                  <actions>
                    <action arg="495" type="swap"/>
                    <action arg="2840" type="push"/>
                  </actions>
                </route>
              </routes>
            </te-group>
          </te-groups>
        </destination>
        <destination from="in0" label="$498">
          <te-groups>
            <te-group>
              <routes>
                <route to="in2">
                  <actions>
                    <action arg="499" type="swap"/>
                  </actions>
                </route>
              </routes>
            </te-group>
            <te-group>
              <routes>
                <route to="in0">
                  <actions>
                    <action arg="499" type="swap"/>
                    <action arg="2840" type="push"/>
                  </actions>
                </route>
              </routes>
            </te-group>
          </te-groups>
        </destination>
        <destination from="in0" label="$501">
          <te-groups>
            <te-group>
              <routes>
                <route to="in2">
                  <actions>
                    <action arg="502" type="swap"/>
                  </actions>
                </route>
              </routes>
            </te-group>
            <te-group>
              <routes>
                <route to="in0">
                  <actions>
                    <action arg="502" type="swap"/>
                    <action arg="2840" type="push"/>
                  </actions>
                </route>
              </routes>
            </te-group>
          </te-groups>
        </destination>
        <destination from="in0" label="$574">
          <te-groups>
            <te-group>
              <routes>
                <route to="in1">
                  <actions>
                    <action arg="575" type="swap"/>
                  </actions>
                </route>
              </routes>
            </te-group>
          </te-groups>
        </destination>
        <destination from="in0" label="$678">
          <te-groups>
            <te-group>
              <routes>
                <route to="in1">
                  <actions>
                    <action arg="679" type="swap"/>
                  </actions>
                </route>
              </routes>
            </te-group>
          </te-groups>
        </destination>
        <destination from="in0" label="$777">
          <te-groups>
            <te-group>
              <routes>
                <route to="in1">
                  <actions>
                    <action arg="778" type="swap"/>
                  </actions>
                </route>
              </routes>
            </te-group>
          </te-groups>
        </destination>
        <destination from="in0" label="$887">
          <te-groups>
            <te-group>
              <routes>
                <route to="in1">
                  <actions>
                    <action arg="888" type="swap"/>
                  </actions>
                </route>
              </routes>
            </te-group>
          </te-groups>
        </destination>
        <destination from="in0" label="$987">
          <te-groups>
            <te-group>
              <routes>
                <route to="in1">
                  <actions>
                    <action arg="988" type="swap"/>
                  </actions>
                </route>
              </routes>
            </te-group>
          </te-groups>
        </destination>
        <destination from="in0" label="$1079">
          <te-groups>
            <te-group>
              <routes>
                <route to="in1">
                  <actions>
                    <action arg="1080" type="swap"/>
                  </actions>
                </route>
              </routes>
            </te-group>
          </te-groups>
        </destination>
        <destination from="in0" label="$1168">
          <te-groups>
            <te-group>
              <routes>
                <route to="in1">
                  <actions>
                    <action arg="1169" type="swap"/>
                  </actions>
                </route>
              </routes>
            </te-group>
          </te-groups>
        </destination>
        <destination from="in0" label="$1276">
          <te-groups>
            <te-group>
              <routes>
                <route to="in1">
                  <actions>
                    <action arg="1277" type="swap"/>
                  </actions>
                </route>
              </routes>
            </te-group>
          </te-groups>
        </destination>
        <destination from="in0" label="$1380">
          <te-groups>
            <te-group>
              <routes>
                <route to="in1">
                  <actions>
                    <action arg="1381" type="swap"/>
                  </actions>
                </route>
              </routes>
            </te-group>
          </te-groups>
        </destination>
        <destination from="in0" label="$1490">
          <te-groups>
            <te-group>
              <routes>
                <route to="in1">
                  <actions>
                    <action arg="1491" type="swap"/>
                  </actions>
                </route>
              </routes>
            </te-group>
          </te-groups>
        </destination>
        <destination from="in0" label="$1604">
          <te-groups>
            <te-group>
              <routes>
                <route to="in1">
                  <actions>
                    <action arg="1605" type="swap"/>
                  </actions>
                </route>
              </routes>
            </te-group>
          </te-groups>
        </destination>
        <destination from="in0" label="$1980">
          <te-groups>
            <te-group>
              <routes>
                <route to="in1">
                  <actions>
                    <action arg="1981" type="swap"/>
                  </actions>
                </route>
              </routes>
            </te-group>
          </te-groups>
        </destination>
        <destination from="in0" label="$2118">
          <te-groups>
            <te-group>
              <routes>
                <route to="in1">
                  <actions>
                    <action arg="2119" type="swap"/>
                  </actions>
                </route>
              </routes>
            </te-group>
          </te-groups>
        </destination>
        <destination from="in0" label="$2217">
          <te-groups>
            <te-group>
              <routes>
                <route to="in1">
                  <actions>
                    <action arg="2218" type="swap"/>
                  </actions>
                </route>
              </routes>
            </te-group>
          </te-groups>
        </destination>
        <destination from="in0" label="$2328">
          <te-groups>
            <te-group>
              <routes>
                <route to="in1">
                  <actions>
                    <action arg="2329" type="swap"/>
                  </actions>
                </route>
              </routes>
            </te-group>
          </te-groups>
        </destination>
        <destination from="in0" label="$2445">
          <te-groups>
            <te-group>
              <routes>
                <route to="in1">
                  <actions>
                    <action arg="2446" type="swap"/>
                  </actions>
                </route>
              </routes>
            </te-group>
          </te-groups>
        </destination>
        <destination from="in0" label="$2557">
          <te-groups>
            <te-group>
              <routes>
                <route to="in1">
                  <actions>
                    <action arg="2558" type="swap"/>
                  </actions>
                </route>
              </routes>
            </te-group>
          </te-groups>
        </destination>
        <destination from="in0" label="$2648">
          <te-groups>
            <te-group>
              <routes>
                <route to="in1">
                  <actions>
                    <action arg="2649" type="swap"/>
                  </actions>
                </route>
              </routes>
            </te-group>
          </te-groups>
        </destination>
        <destination from="in0" label="$2745">
          <te-groups>
            <te-group>
              <routes>
                <route to="in1">
                  <actions>
                    <action arg="2746" type="swap"/>
                  </actions>
                </route>
              </routes>
            </te-group>
          </te-groups>
        </destination>
        <destination from="in1" label="1845">
          <te-groups>
            <te-group>
              <routes>
                <route to="eg0">
                  <actions>
                    <action type="pop"/>
                  </actions>
                </route>
              </routes>
            </te-group>
          </te-groups>
        </destination>
        <destination from="in1" label="$1752">
          <te-groups>
            <te-group>
              <routes>
                <route to="in2">
                  <actions>
                    <action arg="1753" type="swap"/>
                  </actions>
                </route>
              </routes>
            </te-group>
            <te-group>
              <routes>
                <route to="in0">
                  <actions>
                    <action arg="1753" type="swap"/>
                    <action arg="2840" type="push"/>
                  </actions>
                </route>
              </routes>
            </te-group>
          </te-groups>
        </destination>
        <destination from="in1" label="$1758">
          <te-groups>
            <te-group>
              <routes>
                <route to="in2">
                  <actions>
                    <action arg="1759" type="swap"/>
                  </actions>
                </route>
              </routes>
            </te-group>
            <te-group>
              <routes>
                <route to="in0">
                  <actions>
                    <action arg="1759" type="swap"/>
                    <action arg="2840" type="push"/>
                  </actions>
                </route>
              </routes>
            </te-group>
          </te-groups>
        </destination>
        <destination from="in1" label="$1765">
          <te-groups>
            <te-group>
              <routes>
                <route to="in2">
                  <actions>
                    <action arg="1766" type="swap"/>
                  </actions>
                </route>
              </routes>
            </te-group>
            <te-group>
              <routes>
                <route to="in0">
                  <actions>
                    <action arg="1766" type="swap"/>
                    <action arg="2840" type="push"/>
                  </actions>
                </route>
              </routes>
            </te-group>
          </te-groups>
        </destination>
        <destination from="in1" label="$1769">
          <te-groups>
            <te-group>
              <routes>
                <route to="in2">
                  <actions>
                    <action arg="1770" type="swap"/>
                  </actions>
                </route>
              </routes>
            </te-group>
            <te-group>
              <routes>
                <route to="in0">
                  <actions>
                    <action arg="1770" type="swap"/>
                    <action arg="2840" type="push"/>
                  </actions>
                </route>
              </routes>
            </te-group>
          </te-groups>
        </destination>
        <destination from="in1" label="$1774">
          <te-groups>
            <te-group>
              <routes>
                <route to="in2">
                  <actions>
                    <action arg="1775" type="swap"/>
                  </actions>
                </route>
              </routes>
            </te-group>
            <te-group>
              <routes>
                <route to="in0">
                  <actions>
                    <action arg="1775" type="swap"/>
                    <action arg="2840" type="push"/>
                  </actions>
                </route>
              </routes>
            </te-group>
          </te-groups>
        </destination>
        <destination from="in1" label="$1781">
          <te-groups>
            <te-group>
              <routes>
                <route to="in2">
                  <actions>
                    <action arg="1782" type="swap"/>
                  </actions>
                </route>
              </routes>
            </te-group>
            <te-group>
              <routes>
                <route to="in0">
                  <actions>
                    <action arg="1782" type="swap"/>
                    <action arg="2840" type="push"/>
                  </actions>
                </route>
              </routes>
            </te-group>
          </te-groups>
        </destination>
        <destination from="in1" label="$1788">
          <te-groups>
            <te-group>
              <routes>
                <route to="in2">
                  <actions>
                    <action arg="1789" type="swap"/>
                  </actions>
                </route>
              </routes>
            </te-group>
            <te-group>
              <routes>
                <route to="in0">
                  <actions>
                    <action arg="1789" type="swap"/>
                    <action arg="2840" type="push"/>
                  </actions>
                </route>
              </routes>
            </te-group>
          </te-groups>
        </destination>
        <destination from="in1" label="$1794">
          <te-groups>
            <te-group>
              <routes>
                <route to="in2">
                  <actions>
                    <action arg="1795" type="swap"/>
                  </actions>
                </route>
              </routes>
            </te-group>
            <te-group>
              <routes>
                <route to="in0">
                  <actions>
                    <action arg="1795" type="swap"/>
                    <action arg="2840" type="push"/>
                  </actions>
                </route>
              </routes>
            </te-group>
          </te-groups>
        </destination>
        <destination from="in1" label="$1801">
          <te-groups>
            <te-group>
              <routes>
                <route to="in2">
                  <actions>
                    <action arg="1802" type="swap"/>
                  </actions>
                </route>
              </routes>
            </te-group>
            <te-group>
              <routes>
                <route to="in0">
                  <actions>
                    <action arg="1802" type="swap"/>
                    <action arg="2840" type="push"/>
                  </actions>
                </route>
              </routes>
            </te-group>
          </te-groups>
        </destination>
        <destination from="in1" label="$1807">
          <te-groups>
            <te-group>
              <routes>
                <route to="in2">
                  <actions>
                    <action arg="1808" type="swap"/>
                  </actions>
                </route>
              </routes>
            </te-group>
            <te-group>
              <routes>
                <route to="in0">
                  <actions>
                    <action arg="1808" type="swap"/>
                    <action arg="2840" type="push"/>
                  </actions>
                </route>
              </routes>
            </te-group>
          </te-groups>
        </destination>
        <destination from="in1" label="$1812">
          <te-groups>
            <te-group>
              <routes>
                <route to="in2">
                  <actions>
                    <action arg="1813" type="swap"/>
                  </actions>
                </route>
              </routes>
            </te-group>
            <te-group>
              <routes>
                <route to="in0">
                  <actions>
                    <action arg="1813" type="swap"/>
                    <action arg="2840" type="push"/>
                  </actions>
                </route>
              </routes>
            </te-group>
          </te-groups>
        </destination>
        <destination from="in1" label="$1818">
          <te-groups>
            <te-group>
              <routes>
                <route to="in2">
                  <actions>
                    <action arg="1819" type="swap"/>
                  </actions>
                </route>
              </routes>
            </te-group>
            <te-group>
              <routes>
                <route to="in0">
                  <actions>
                    <action arg="1819" type="swap"/>
                    <action arg="2840" type="push"/>
                  </actions>
                </route>
              </routes>
            </te-group>
          </te-groups>
        </destination>
        <destination from="in1" label="$1825">
          <te-groups>
            <te-group>
              <routes>
                <route to="in2">
                  <actions>
                    <action arg="1826" type="swap"/>
                  </actions>
                </route>
              </routes>
            </te-group>
            <te-group>
              <routes>
                <route to="in0">
                  <actions>
                    <action arg="1826" type="swap"/>
                    <action arg="2840" type="push"/>
                  </actions>
                </route>
              </routes>
            </te-group>
          </te-groups>
        </destination>
        <destination from="in1" label="$1831">
          <te-groups>
            <te-group>
              <routes>
                <route to="in2">
                  <actions>
                    <action arg="1832" type="swap"/>
                  </actions>
                </route>
              </routes>
            </te-group>
            <te-group>
              <routes>
                <route to="in0">
                  <actions>
                    <action arg="1832" type="swap"/>
                    <action arg="2840" type="push"/>
                  </actions>
                </route>
              </routes>
            </te-group>
          </te-groups>
        </destination>
        <destination from="in1" label="$1838">
          <te-groups>
            <te-group>
              <routes>
                <route to="in2">
                  <actions>
                    <action arg="1839" type="swap"/>
                  </actions>
                </route>
              </routes>
            </te-group>
            <te-group>
              <routes>
                <route to="in0">
                  <actions>
                    <action arg="1839" type="swap"/>
                    <action arg="2840" type="push"/>
                  </actions>
                </route>
              </routes>
            </te-group>
          </te-groups>
        </destination>
        <destination from="in1" label="$1847">
          <te-groups>
            <te-group>
              <routes>
                <route to="in2">
                  <actions>
                    <action arg="1848" type="swap"/>
                  </actions>
                </route>
              </routes>
            </te-group>
            <te-group>
              <routes>
                <route to="in0">
                  <actions>
                    <action arg="1848" type="swap"/>
                    <action arg="2840" type="push"/>
                  </actions>
                </route>
              </routes>
            </te-group>
          </te-groups>
        </destination>
        <destination from="in1" label="$1855">
          <te-groups>
            <te-group>
              <routes>
                <route to="in2">
                  <actions>
                    <action arg="1856" type="swap"/>
                  </actions>
                </route>
              </routes>
            </te-group>
            <te-group>
              <routes>
                <route to="in0">
                  <actions>
                    <action arg="1856" type="swap"/>
                    <action arg="2840" type="push"/>
                  </actions>
                </route>
              </routes>
            </te-group>
          </te-groups>
        </destination>
        <destination from="in1" label="$1864">
          <te-groups>
            <te-group>
              <routes>
                <route to="in2">
                  <actions>
                    <action arg="1865" type="swap"/>
                  </actions>
                </route>
              </routes>
            </te-group>
            <te-group>
              <routes>
                <route to="in0">
                  <actions>
                    <action arg="1865" type="swap"/>
                    <action arg="2840" type="push"/>
                  </actions>
                </route>
              </routes>
            </te-group>
          </te-groups>
        </destination>
        <destination from="in1" label="$1872">
          <te-groups>
            <te-group>
              <routes>
                <route to="in2">
                  <actions>
                    <action arg="1873" type="swap"/>
                  </actions>
                </route>
              </routes>
            </te-group>
            <te-group>
              <routes>
                <route to="in0">
                  <actions>
                    <action arg="1873" type="swap"/>
                    <action arg="2840" type="push"/>
                  </actions>
                </route>
              </routes>
            </te-group>
          </te-groups>
        </destination>
        <destination from="in1" label="$1881">
          <te-groups>
            <te-group>
              <routes>
                <route to="in2">
                  <actions>
                    <action arg="1882" type="swap"/>
                  </actions>
                </route>
              </routes>
            </te-group>
            <te-group>
              <routes>
                <route to="in0">
                  <actions>
                    <action arg="1882" type="swap"/>
                    <action arg="2840" type="push"/>
                  </actions>
                </route>
              </routes>
            </te-group>
          </te-groups>
        </destination>
        <destination from="in1" label="$1890">
          <te-groups>
            <te-group>
              <routes>
                <route to="in2">
                  <actions>
                    <action arg="1891" type="swap"/>
                  </actions>
                </route>
              </routes>
            </te-group>
            <te-group>
              <routes>
                <route to="in0">
                  <actions>
                    <action arg="1891" type="swap"/>
                    <action arg="2840" type="push"/>
                  </actions>
                </route>
              </routes>
            </te-group>
          </te-groups>
        </destination>
        <destination from="in1" label="$1894">
          <te-groups>
            <te-group>
              <routes>
                <route to="in2">
                  <actions>
                    <action arg="1895" type="swap"/>
                  </actions>
                </route>
              </routes>
            </te-group>
            <te-group>
              <routes>
                <route to="in0">
                  <actions>
                    <action arg="1895" type="swap"/>
                    <action arg="2840" type="push"/>
                  </actions>
                </route>
              </routes>
            </te-group>
          </te-groups>
        </destination>
        <destination from="in1" label="$1897">
          <te-groups>
            <te-group>
              <routes>
                <route to="in2">
                  <actions>
                    <action arg="1898" type="swap"/>
                  </actions>
                </route>
              </routes>
            </te-group>
            <te-group>
              <routes>
                <route to="in0">
                  <actions>
                    <action arg="1898" type="swap"/>
                    <action arg="2840" type="push"/>
                  </actions>
                </route>
              </routes>
            </te-group>
          </te-groups>
        </destination>
        <destination from="in2" label="114">
          <te-groups>
            <te-group>
              <routes>
                <route to="eg0">
                  <actions>
                    <action type="pop"/>
                  </actions>
                </route>
              </routes>
            </te-group>
          </te-groups>
        </destination>
        <destination from="in2" label="233">
          <te-groups>
            <te-group>
              <routes>
                <route to="eg0">
                  <actions>
                    <action type="pop"/>
                  </actions>
                </route>
              </routes>
            </te-group>
          </te-groups>
        </destination>
        <destination from="in2" label="357">
          <te-groups>
            <te-group>
              <routes>
                <route to="eg0">
                  <actions>
                    <action type="pop"/>
                  </actions>
                </route>
              </routes>
            </te-group>
          </te-groups>
        </destination>
        <destination from="in2" label="460">
          <te-groups>
            <te-group>
              <routes>
                <route to="eg0">
                  <actions>
                    <action type="pop"/>
                  </actions>
                </route>
              </routes>
            </te-group>
          </te-groups>
        </destination>
        <destination from="in2" label="568">
          <te-groups>
            <te-group>
              <routes>
                <route to="eg0">
                  <actions>
                    <action type="pop"/>
                  </actions>
                </route>
              </routes>
            </te-group>
          </te-groups>
        </destination>
        <destination from="in2" label="672">
          <te-groups>
            <te-group>
              <routes>
                <route to="eg0">
                  <actions>
                    <action type="pop"/>
                  </actions>
                </route>
              </routes>
            </te-group>
          </te-groups>
        </destination>
        <destination from="in2" label="772">
          <te-groups>
            <te-group>
              <routes>
                <route to="eg0">
                  <actions>
                    <action type="pop"/>
                  </actions>
                </route>
              </routes>
            </te-group>
          </te-groups>
        </destination>
        <destination from="in2" label="881">
          <te-groups>
            <te-group>
              <routes>
                <route to="eg0">
                  <actions>
                    <action type="pop"/>
                  </actions>
                </route>
              </routes>
            </te-group>
          </te-groups>
        </destination>
        <destination from="in2" label="982">
          <te-groups>
            <te-group>
              <routes>
                <route to="eg0">
                  <actions>
                    <action type="pop"/>
                  </actions>
                </route>
              </routes>
            </te-group>
          </te-groups>
        </destination>
        <destination from="in2" label="1075">
          <te-groups>
            <te-group>
              <routes>
                <route to="eg0">
                  <actions>
                    <action type="pop"/>
                  </actions>
                </route>
              </routes>
            </te-group>
          </te-groups>
        </destination>
        <destination from="in2" label="1163">
          <te-groups>
            <te-group>
              <routes>
                <route to="eg0">
                  <actions>
                    <action type="pop"/>
                  </actions>
                </route>
              </routes>
            </te-group>
          </te-groups>
        </destination>
        <destination from="in2" label="1270">
          <te-groups>
            <te-group>
              <routes>
                <route to="eg0">
                  <actions>
                    <action type="pop"/>
                  </actions>
                </route>
              </routes>
            </te-group>
          </te-groups>
        </destination>
        <destination from="in2" label="1375">
          <te-groups>
            <te-group>
              <routes>
                <route to="eg0">
                  <actions>
                    <action type="pop"/>
                  </actions>
                </route>
              </routes>
            </te-group>
          </te-groups>
        </destination>
        <destination from="in2" label="1484">
          <te-groups>
            <te-group>
              <routes>
                <route to="eg0">
                  <actions>
                    <action type="pop"/>
                  </actions>
                </route>
              </routes>
            </te-group>
          </te-groups>
        </destination>
        <destination from="in2" label="1598">
          <te-groups>
            <te-group>
              <routes>
                <route to="eg0">
                  <actions>
                    <action type="pop"/>
                  </actions>
                </route>
              </routes>
            </te-group>
          </te-groups>
        </destination>
        <destination from="in2" label="1972">
          <te-groups>
            <te-group>
              <routes>
                <route to="eg0">
                  <actions>
                    <action type="pop"/>
                  </actions>
                </route>
              </routes>
            </te-group>
          </te-groups>
        </destination>
        <destination from="in2" label="2110">
          <te-groups>
            <te-group>
              <routes>
                <route to="eg0">
                  <actions>
                    <action type="pop"/>
                  </actions>
                </route>
              </routes>
            </te-group>
          </te-groups>
        </destination>
        <destination from="in2" label="2210">
          <te-groups>
            <te-group>
              <routes>
                <route to="eg0">
                  <actions>
                    <action type="pop"/>
                  </actions>
                </route>
              </routes>
            </te-group>
          </te-groups>
        </destination>
        <destination from="in2" label="2320">
          <te-groups>
            <te-group>
              <routes>
                <route to="eg0">
                  <actions>
                    <action type="pop"/>
                  </actions>
                </route>
              </routes>
            </te-group>
          </te-groups>
        </destination>
        <destination from="in2" label="2437">
          <te-groups>
            <te-group>
              <routes>
                <route to="eg0">
                  <actions>
                    <action type="pop"/>
                  </actions>
                </route>
              </routes>
            </te-group>
          </te-groups>
        </destination>
        <destination from="in2" label="2554">
          <te-groups>
            <te-group>
              <routes>
                <route to="eg0">
                  <actions>
                    <action type="pop"/>
                  </actions>
                </route>
              </routes>
            </te-group>
          </te-groups>
        </destination>
        <destination from="in2" label="2646">
          <te-groups>
            <te-group>
              <routes>
                <route to="eg0">
                  <actions>
                    <action type="pop"/>
                  </actions>
                </route>
              </routes>
            </te-group>
          </te-groups>
        </destination>
        <destination from="in2" label="2742">
          <te-groups>
            <te-group>
              <routes>
                <route to="eg0">
                  <actions>
                    <action type="pop"/>
                  </actions>
                </route>
              </routes>
            </te-group>
          </te-groups>
        </destination>
        <destination from="in2" label="2774">
          <te-groups>
            <te-group>
              <routes>
                <route to="in0">
                  <actions>
                    <action type="pop"/>
                  </actions>
                </route>
              </routes>
            </te-group>
            <te-group>
              <routes>
                <route to="in2">
                  <actions>
                    <action arg="2838" type="swap"/>
                  </actions>
                </route>
              </routes>
            </te-group>
          </te-groups>
        </destination>
        <destination from="in2" label="2776">
          <te-groups>
            <te-group>
              <routes>
                <route to="in2">
                  <actions>
                    <action type="pop"/>
                  </actions>
                </route>
              </routes>
            </te-group>
          </te-groups>
        </destination>
        <destination from="in2" label="2779">
          <te-groups>
            <te-group>
              <routes>
                <route to="in2">
                  <actions>
                    <action arg="2778" type="swap"/>
                  </actions>
                </route>
              </routes>
            </te-group>
          </te-groups>
        </destination>
        <destination from="in2" label="2784">
          <te-groups>
            <te-group>
              <routes>
                <route to="in2">
                  <actions>
                    <action arg="2783" type="swap"/>
                  </actions>
                </route>
              </routes>
            </te-group>
          </te-groups>
        </destination>
        <destination from="in2" label="2887">
          <te-groups>
            <te-group>
              <routes>
                <route to="in0">
                  <actions>
                    <action arg="2886" type="swap"/>
                  </actions>
                </route>
              </routes>
            </te-group>
          </te-groups>
        </destination>
        <destination from="in2" label="$119">
          <te-groups>
            <te-group>
              <routes>
                <route to="in1">
                  <actions>
                    <action arg="120" type="swap"/>
                  </actions>
                </route>
              </routes>
            </te-group>
          </te-groups>
        </destination>
        <destination from="in2" label="$239">
          <te-groups>
            <te-group>
              <routes>
                <route to="in1">
                  <actions>
                    <action arg="240" type="swap"/>
                  </actions>
                </route>
              </routes>
            </te-group>
          </te-groups>
        </destination>
        <destination from="in2" label="$360">
          <te-groups>
            <te-group>
              <routes>
                <route to="in1">
                  <actions>
                    <action arg="361" type="swap"/>
                  </actions>
                </route>
              </routes>
            </te-group>
          </te-groups>
        </destination>
        <destination from="in2" label="$462">
          <te-groups>
            <te-group>
              <routes>
                <route to="in1">
                  <actions>
                    <action arg="463" type="swap"/>
                  </actions>
                </route>
              </routes>
            </te-group>
          </te-groups>
        </destination>
        <destination from="in2" label="$494">
          <te-groups>
            <te-group>
              <routes>
                <route to="in2">
                  <actions>
                    <action arg="495" type="swap"/>
                  </actions>
                </route>
              </routes>
            </te-group>
          </te-groups>
        </destination>
        <destination from="in2" label="$498">
          <te-groups>
            <te-group>
              <routes>
                <route to="in2">
                  <actions>
                    <action arg="499" type="swap"/>
                  </actions>
                </route>
              </routes>
            </te-group>
          </te-groups>
        </destination>
        <destination from="in2" label="$501">
          <te-groups>
            <te-group>
              <routes>
                <route to="in2">
                  <actions>
                    <action arg="502" type="swap"/>
                  </actions>
                </route>
              </routes>
            </te-group>
          </te-groups>
        </destination>
        <destination from="in2" label="$574">
          <te-groups>
            <te-group>
              <routes>
                <route to="in1">
                  <actions>
                    <action arg="575" type="swap"/>
                  </actions>
                </route>
              </routes>
            </te-group>
          </te-groups>
        </destination>
        <destination from="in2" label="$678">
          <te-groups>
            <te-group>
              <routes>
                <route to="in1">
                  <actions>
                    <action arg="679" type="swap"/>
                  </actions>
                </route>
              </routes>
            </te-group>
          </te-groups>
        </destination>
        <destination from="in2" label="$777">
          <te-groups>
            <te-group>
              <routes>
                <route to="in1">
                  <actions>
                    <action arg="778" type="swap"/>
                  </actions>
                </route>
              </routes>
            </te-group>
          </te-groups>
        </destination>
        <destination from="in2" label="$887">
          <te-groups>
            <te-group>
              <routes>
                <route to="in1">
                  <actions>
                    <action arg="888" type="swap"/>
                  </actions>
                </route>
              </routes>
            </te-group>
          </te-groups>
        </destination>
        <destination from="in2" label="$987">
          <te-groups>
            <te-group>
              <routes>
                <route to="in1">
                  <actions>
                    <action arg="988" type="swap"/>
                  </actions>
                </route>
              </routes>
            </te-group>
          </te-groups>
        </destination>
        <destination from="in2" label="$1079">
          <te-groups>
            <te-group>
              <routes>
                <route to="in1">
                  <actions>
                    <action arg="1080" type="swap"/>
                  </actions>
                </route>
              </routes>
            </te-group>
          </te-groups>
        </destination>
        <destination from="in2" label="$1168">
          <te-groups>
            <te-group>
              <routes>
                <route to="in1">
                  <actions>
                    <action arg="1169" type="swap"/>
                  </actions>
                </route>
              </routes>
            </te-group>
          </te-groups>
        </destination>
        <destination from="in2" label="$1276">
          <te-groups>
            <te-group>
              <routes>
                <route to="in1">
                  <actions>
                    <action arg="1277" type="swap"/>
                  </actions>
                </route>
              </routes>
            </te-group>
          </te-groups>
        </destination>
        <destination from="in2" label="$1380">
          <te-groups>
            <te-group>
              <routes>
                <route to="in1">
                  <actions>
                    <action arg="1381" type="swap"/>
                  </actions>
                </route>
              </routes>
            </te-group>
          </te-groups>
        </destination>
        <destination from="in2" label="$1490">
          <te-groups>
            <te-group>
              <routes>
                <route to="in1">
                  <actions>
                    <action arg="1491" type="swap"/>
                  </actions>
                </route>
              </routes>
            </te-group>
          </te-groups>
        </destination>
        <destination from="in2" label="$1604">
          <te-groups>
            <te-group>
              <routes>
                <route to="in1">
                  <actions>
                    <action arg="1605" type="swap"/>
                  </actions>
                </route>
              </routes>
            </te-group>
          </te-groups>
        </destination>
        <destination from="in2" label="$1980">
          <te-groups>
            <te-group>
              <routes>
                <route to="in1">
                  <actions>
                    <action arg="1981" type="swap"/>
                  </actions>
                </route>
              </routes>
            </te-group>
          </te-groups>
        </destination>
        <destination from="in2" label="$2118">
          <te-groups>
            <te-group>
              <routes>
                <route to="in1">
                  <actions>
                    <action arg="2119" type="swap"/>
                  </actions>
                </route>
              </routes>
            </te-group>
          </te-groups>
        </destination>
        <destination from="in2" label="$2217">
          <te-groups>
            <te-group>
              <routes>
                <route to="in1">
                  <actions>
                    <action arg="2218" type="swap"/>
                  </actions>
                </route>
              </routes>
            </te-group>
          </te-groups>
        </destination>
        <destination from="in2" label="$2328">
          <te-groups>
            <te-group>
              <routes>
                <route to="in1">
                  <actions>
                    <action arg="2329" type="swap"/>
                  </actions>
                </route>
              </routes>
            </te-group>
          </te-groups>
        </destination>
        <destination from="in2" label="$2445">
          <te-groups>
            <te-group>
              <routes>
                <route to="in1">
                  <actions>
                    <action arg="2446" type="swap"/>
                  </actions>
                </route>
              </routes>
            </te-group>
          </te-groups>
        </destination>
        <destination from="in2" label="$2557">
          <te-groups>
            <te-group>
              <routes>
                <route to="in1">
                  <actions>
                    <action arg="2558" type="swap"/>
                  </actions>
                </route>
              </routes>
            </te-group>
          </te-groups>
        </destination>
        <destination from="in2" label="$2648">
          <te-groups>
            <te-group>
              <routes>
                <route to="in1">
                  <actions>
                    <action arg="2649" type="swap"/>
                  </actions>
                </route>
              </routes>
            </te-group>
          </te-groups>
        </destination>
        <destination from="in2" label="$2745">
          <te-groups>
            <te-group>
              <routes>
                <route to="in1">
                  <actions>
                    <action arg="2746" type="swap"/>
                  </actions>
                </route>
              </routes>
            </te-group>
          </te-groups>
        </destination>
      </destinations>
    </routing>
    <routing for="Boston">
      <destinations>
        <destination from="eg0" ip="ip">
          <te-groups>
            <te-group>
              <routes>
                <route to="in0">
                  <actions>
                    <action arg="1825" type="push"/>
                  </actions>
                </route>
                <route to="in0">
                  <actions>
                    <action arg="1897" type="push"/>
                  </actions>
                </route>
                <route to="in0">
                  <actions>
                    <action arg="1894" type="push"/>
                  </actions>
                </route>
                <route to="in0">
                  <actions>
                    <action arg="1890" type="push"/>
                  </actions>
                </route>
                <route to="in0">
                  <actions>
                    <action arg="1881" type="push"/>
                  </actions>
                </route>
                <route to="in0">
                  <actions>
                    <action arg="1872" type="push"/>
                  </actions>
                </route>
                <route to="in0">
                  <actions>
                    <action arg="1864" type="push"/>
                  </actions>
                </route>
                <route to="in0">
                  <actions>
                    <action arg="1855" type="push"/>
                  </actions>
                </route>
                <route to="in0">
                  <actions>
                    <action arg="1847" type="push"/>
                  </actions>
                </route>
                <route to="in0">
                  <actions>
                    <action arg="1845" type="push"/>
                  </actions>
                </route>
                <route to="in0">
                  <actions>
                    <action arg="1838" type="push"/>
                  </actions>
                </route>
                <route to="in0">
                  <actions>
                    <action arg="1831" type="push"/>
                  </actions>
                </route>
                <route to="in0">
                  <actions>
                    <action arg="1752" type="push"/>
                  </actions>
                </route>
                <route to="in0">
                  <actions>
                    <action arg="1818" type="push"/>
                  </actions>
                </route>
                <route to="in0">
                  <actions>
                    <action arg="1812" type="push"/>
                  </actions>
                </route>
                <route to="in0">
                  <actions>
                    <action arg="1807" type="push"/>
                  </actions>
                </route>
                <route to="in0">
                  <actions>
                    <action arg="1801" type="push"/>
                  </actions>
                </route>
                <route to="in0">
                  <actions>
                    <action arg="1794" type="push"/>
                  </actions>
                </route>
                <route to="in0">
                  <actions>
                    <action arg="1788" type="push"/>
                  </actions>
                </route>
                <route to="in0">
                  <actions>
                    <action arg="1781" type="push"/>
                  </actions>
                </route>
                <route to="in0">
                  <actions>
                    <action arg="1774" type="push"/>
                  </actions>
                </route>
                <route to="in0">
                  <actions>
                    <action arg="1769" type="push"/>
                  </actions>
                </route>
                <route to="in0">
                  <actions>
                    <action arg="1765" type="push"/>
                  </actions>
                </route>
                <route to="in0">
                  <actions>
                    <action arg="1758" type="push"/>
                  </actions>
                </route>
              </routes>
            </te-group>
          </te-groups>
        </destination>
        <destination from="in0" label="120">
          <te-groups>
            <te-group>
              <routes>
                <route to="eg0">
                  <actions>
                    <action type="pop"/>
                  </actions>
                </route>
              </routes>
            </te-group>
          </te-groups>
        </destination>
        <destination from="in0" label="240">
          <te-groups>
            <te-group>
              <routes>
                <route to="eg0">
                  <actions>
                    <action type="pop"/>
                  </actions>
                </route>
              </routes>
            </te-group>
          </te-groups>
        </destination>
        <destination from="in0" label="361">
          <te-groups>
            <te-group>
              <routes>
                <route to="eg0">
                  <actions>
                    <action type="pop"/>
                  </actions>
                </route>
              </routes>
            </te-group>
          </te-groups>
        </destination>
        <destination from="in0" label="463">
          <te-groups>
            <te-group>
              <routes>
                <route to="eg0">
                  <actions>
                    <action type="pop"/>
                  </actions>
                </route>
              </routes>
            </te-group>
          </te-groups>
        </destination>
        <destination from="in0" label="575">
          <te-groups>
            <te-group>
              <routes>
                <route to="eg0">
                  <actions>
                    <action type="pop"/>
                  </actions>
                </route>
              </routes>
            </te-group>
          </te-groups>
        </destination>
        <destination from="in0" label="679">
          <te-groups>
            <te-group>
              <routes>
                <route to="eg0">
                  <actions>
                    <action type="pop"/>
                  </actions>
                </route>
              </routes>
            </te-group>
          </te-groups>
        </destination>
        <destination from="in0" label="778">
          <te-groups>
            <te-group>
              <routes>
                <route to="eg0">
                  <actions>
                    <action type="pop"/>
                  </actions>
                </route>
              </routes>
            </te-group>
          </te-groups>
        </destination>
        <destination from="in0" label="888">
          <te-groups>
            <te-group>
              <routes>
                <route to="eg0">
                  <actions>
                    <action type="pop"/>
                  </actions>
                </route>
              </routes>
            </te-group>
          </te-groups>
        </destination>
        <destination from="in0" label="988">
          <te-groups>
            <te-group>
              <routes>
                <route to="eg0">
                  <actions>
                    <action type="pop"/>
                  </actions>
                </route>
              </routes>
            </te-group>
          </te-groups>
        </destination>
        <destination from="in0" label="1080">
          <te-groups>
            <te-group>
              <routes>
                <route to="eg0">
                  <actions>
                    <action type="pop"/>
                  </actions>
                </route>
              </routes>
            </te-group>
          </te-groups>
        </destination>
        <destination from="in0" label="1169">
          <te-groups>
            <te-group>
              <routes>
                <route to="eg0">
                  <actions>
                    <action type="pop"/>
                  </actions>
                </route>
              </routes>
            </te-group>
          </te-groups>
        </destination>
        <destination from="in0" label="1277">
          <te-groups>
            <te-group>
              <routes>
                <route to="eg0">
                  <actions>
                    <action type="pop"/>
                  </actions>
                </route>
              </routes>
            </te-group>
          </te-groups>
        </destination>
        <destination from="in0" label="1381">
          <te-groups>
            <te-group>
              <routes>
                <route to="eg0">
                  <actions>
                    <action type="pop"/>
                  </actions>
                </route>
              </routes>
            </te-group>
          </te-groups>
        </destination>
        <destination from="in0" label="1491">
          <te-groups>
            <te-group>
              <routes>
                <route to="eg0">
                  <actions>
                    <action type="pop"/>
                  </actions>
                </route>
              </routes>
            </te-group>
          </te-groups>
        </destination>
        <destination from="in0" label="1605">
          <te-groups>
            <te-group>
              <routes>
                <route to="eg0">
                  <actions>
                    <action type="pop"/>
                  </actions>
                </route>
              </routes>
            </te-group>
          </te-groups>
        </destination>
        <destination from="in0" label="1708">
          <te-groups>
            <te-group>
              <routes>
                <route to="eg0">
                  <actions>
                    <action type="pop"/>
                  </actions>
                </route>
              </routes>
            </te-group>
          </te-groups>
        </destination>
        <destination from="in0" label="1981">
          <te-groups>
            <te-group>
              <routes>
                <route to="eg0">
                  <actions>
                    <action type="pop"/>
                  </actions>
                </route>
              </routes>
            </te-group>
          </te-groups>
        </destination>
        <destination from="in0" label="2119">
          <te-groups>
            <te-group>
              <routes>
                <route to="eg0">
                  <actions>
                    <action type="pop"/>
                  </actions>
                </route>
              </routes>
            </te-group>
          </te-groups>
        </destination>
        <destination from="in0" label="2218">
          <te-groups>
            <te-group>
              <routes>
                <route to="eg0">
                  <actions>
                    <action type="pop"/>
                  </actions>
                </route>
              </routes>
            </te-group>
          </te-groups>
        </destination>
        <destination from="in0" label="2329">
          <te-groups>
            <te-group>
              <routes>
                <route to="eg0">
                  <actions>
                    <action type="pop"/>
                  </actions>
                </route>
              </routes>
            </te-group>
          </te-groups>
        </destination>
        <destination from="in0" label="2446">
          <te-groups>
            <te-group>
              <routes>
                <route to="eg0">
                  <actions>
                    <action type="pop"/>
                  </actions>
                </route>
              </routes>
            </te-group>
          </te-groups>
        </destination>
        <destination from="in0" label="2558">
          <te-groups>
            <te-group>
              <routes>
                <route to="eg0">
                  <actions>
                    <action type="pop"/>
                  </actions>
                </route>
              </routes>
            </te-group>
          </te-groups>
        </destination>
        <destination from="in0" label="2649">
          <te-groups>
            <te-group>
              <routes>
                <route to="eg0">
                  <actions>
                    <action type="pop"/>
                  </actions>
                </route>
              </routes>
            </te-group>
          </te-groups>
        </destination>
        <destination from="in0" label="2746">
          <te-groups>
            <te-group>
              <routes>
                <route to="eg0">
                  <actions>
                    <action type="pop"/>
                  </actions>
                </route>
              </routes>
            </te-group>
          </te-groups>
        </destination>
      </destinations>
    </routing>
    <routing for="Seattle">
      <destinations>
        <destination from="eg0" ip="ip">
          <te-groups>
            <te-group>
              <routes>
                <route to="in2">
                  <actions>
                    <action arg="1907" type="push"/>
                  </actions>
                </route>
                <route to="in2">
                  <actions>
                    <action arg="1901" type="push"/>
                  </actions>
                </route>
                <route to="in2">
                  <actions>
                    <action arg="2004" type="push"/>
                  </actions>
                </route>
                <route to="in2">
                  <actions>
                    <action arg="1997" type="push"/>
                  </actions>
                </route>
                <route to="in2">
                  <actions>
                    <action arg="1993" type="push"/>
                  </actions>
                </route>
                <route to="in2">
                  <actions>
                    <action arg="1990" type="push"/>
                  </actions>
                </route>
                <route to="in2">
                  <actions>
                    <action arg="1987" type="push"/>
                  </actions>
                </route>
                <route to="in2">
                  <actions>
                    <action arg="1985" type="push"/>
                  </actions>
                </route>
                <route to="in1">
                  <actions>
                    <action arg="1983" type="push"/>
                  </actions>
                </route>
                <route to="in2">
                  <actions>
                    <action arg="1974" type="push"/>
                  </actions>
                </route>
                <route to="in2">
                  <actions>
                    <action arg="1966" type="push"/>
                  </actions>
                </route>
                <route to="in0">
                  <actions>
                    <action arg="1964" type="push"/>
                  </actions>
                </route>
                <route to="in0">
                  <actions>
                    <action arg="1960" type="push"/>
                  </actions>
                </route>
                <route to="in0">
                  <actions>
                    <action arg="1952" type="push"/>
                  </actions>
                </route>
                <route to="in0">
                  <actions>
                    <action arg="1956" type="push"/>
                  </actions>
                </route>
                <route to="in2">
                  <actions>
                    <action arg="1912" type="push"/>
                  </actions>
                </route>
                <route to="in2">
                  <actions>
                    <action arg="1918" type="push"/>
                  </actions>
                </route>
                <route to="in2">
                  <actions>
                    <action arg="1923" type="push"/>
                  </actions>
                </route>
                <route to="in0">
                  <actions>
                    <action arg="1928" type="push"/>
                  </actions>
                </route>
                <route to="in2">
                  <actions>
                    <action arg="1933" type="push"/>
                  </actions>
                </route>
                <route to="in2">
                  <actions>
                    <action arg="1937" type="push"/>
                  </actions>
                </route>
                <route to="in0">
                  <actions>
                    <action arg="1940" type="push"/>
                  </actions>
                </route>
                <route to="in0">
                  <actions>
                    <action arg="1945" type="push"/>
                  </actions>
                </route>
                <route to="in0">
                  <actions>
                    <action arg="1949" type="push"/>
                  </actions>
                </route>
              </routes>
            </te-group>
            <te-group>
              <routes>
                <route to="in0">
                  <actions>
                    <action arg="1923" type="push"/>
                    <action arg="2846" type="push"/>
                  </actions>
                </route>
                <route to="in0">
                  <actions>
                    <action arg="1933" type="push"/>
                    <action arg="2846" type="push"/>
                  </actions>
                </route>
                <route to="in0">
                  <actions>
                    <action arg="1937" type="push"/>
                    <action arg="2846" type="push"/>
                  </actions>
                </route>
                <route to="in0">
                  <actions>
                    <action arg="1966" type="push"/>
                    <action arg="2846" type="push"/>
                  </actions>
                </route>
                <route to="in0">
                  <actions>
                    <action arg="1974" type="push"/>
                    <action arg="2846" type="push"/>
                  </actions>
                </route>
                <route to="in0">
                  <actions>
                    <action arg="1985" type="push"/>
                    <action arg="2846" type="push"/>
                  </actions>
                </route>
                <route to="in0">
                  <actions>
                    <action arg="1987" type="push"/>
                    <action arg="2846" type="push"/>
                  </actions>
                </route>
                <route to="in0">
                  <actions>
                    <action arg="1990" type="push"/>
                    <action arg="2846" type="push"/>
                  </actions>
                </route>
                <route to="in2">
                  <actions>
                    <action arg="1949" type="push"/>
                    <action arg="2843" type="push"/>
                  </actions>
                </route>
                <route to="in0">
                  <actions>
                    <action arg="1993" type="push"/>
                    <action arg="2846" type="push"/>
                  </actions>
                </route>
                <route to="in0">
                  <actions>
                    <action arg="1997" type="push"/>
                    <action arg="2846" type="push"/>
                  </actions>
                </route>
                <route to="in0">
                  <actions>
                    <action arg="2004" type="push"/>
                    <action arg="2846" type="push"/>
                  </actions>
                </route>
                <route to="in0">
                  <actions>
                    <action arg="1912" type="push"/>
                    <action arg="2846" type="push"/>
                  </actions>
                </route>
                <route to="in2">
                  <actions>
                    <action arg="1928" type="push"/>
                    <action arg="2843" type="push"/>
                  </actions>
                </route>
                <route to="in2">
                  <actions>
                    <action arg="1940" type="push"/>
                    <action arg="2843" type="push"/>
                  </actions>
                </route>
                <route to="in2">
                  <actions>
                    <action arg="1945" type="push"/>
                    <action arg="2843" type="push"/>
                  </actions>
                </route>
                <route to="in2">
                  <actions>
                    <action arg="1952" type="push"/>
                    <action arg="2843" type="push"/>
                  </actions>
                </route>
                <route to="in2">
                  <actions>
                    <action arg="1956" type="push"/>
                    <action arg="2843" type="push"/>
                  </actions>
                </route>
                <route to="in2">
                  <actions>
                    <action arg="1960" type="push"/>
                    <action arg="2843" type="push"/>
                  </actions>
                </route>
                <route to="in2">
                  <actions>
                    <action arg="1964" type="push"/>
                    <action arg="2843" type="push"/>
                  </actions>
                </route>
                <route to="in0">
                  <actions>
                    <action arg="1901" type="push"/>
                    <action arg="2846" type="push"/>
                  </actions>
                </route>
                <route to="in0">
                  <actions>
                    <action arg="1907" type="push"/>
                    <action arg="2846" type="push"/>
                  </actions>
                </route>
                <route to="in0">
                  <actions>
                    <action arg="1918" type="push"/>
                    <action arg="2846" type="push"/>
                  </actions>
                </route>
              </routes>
            </te-group>
            <te-group>
              <routes>
                <route to="in0">
                  <actions>
                    <action arg="1928" type="push"/>
                    <action arg="2843" type="push"/>
                    <action arg="2846" type="push"/>
                  </actions>
                </route>
                <route to="in0">
                  <actions>
                    <action arg="1940" type="push"/>
                    <action arg="2843" type="push"/>
                    <action arg="2846" type="push"/>
                  </actions>
                </route>
                <route to="in0">
                  <actions>
                    <action arg="1945" type="push"/>
                    <action arg="2843" type="push"/>
                    <action arg="2846" type="push"/>
                  </actions>
                </route>
                <route to="in0">
                  <actions>
                    <action arg="1949" type="push"/>
                    <action arg="2843" type="push"/>
                    <action arg="2846" type="push"/>
                  </actions>
                </route>
                <route to="in0">
                  <actions>
                    <action arg="1952" type="push"/>
                    <action arg="2843" type="push"/>
                    <action arg="2846" type="push"/>
                  </actions>
                </route>
                <route to="in0">
                  <actions>
                    <action arg="1956" type="push"/>
                    <action arg="2843" type="push"/>
                    <action arg="2846" type="push"/>
                  </actions>
                </route>
                <route to="in0">
                  <actions>
                    <action arg="1960" type="push"/>
                    <action arg="2843" type="push"/>
                    <action arg="2846" type="push"/>
                  </actions>
                </route>
                <route to="in0">
                  <actions>
                    <action arg="1964" type="push"/>
                    <action arg="2843" type="push"/>
                    <action arg="2846" type="push"/>
                  </actions>
                </route>
              </routes>
            </te-group>
          </te-groups>
        </destination>
        <destination from="in0" label="128">
          <te-groups>
            <te-group>
              <routes>
                <route to="eg0">
                  <actions>
                    <action type="pop"/>
                  </actions>
                </route>
              </routes>
            </te-group>
          </te-groups>
        </destination>
        <destination from="in0" label="247">
          <te-groups>
            <te-group>
              <routes>
                <route to="eg0">
                  <actions>
                    <action type="pop"/>
                  </actions>
                </route>
              </routes>
            </te-group>
          </te-groups>
        </destination>
        <destination from="in0" label="369">
          <te-groups>
            <te-group>
              <routes>
                <route to="eg0">
                  <actions>
                    <action type="pop"/>
                  </actions>
                </route>
              </routes>
            </te-group>
          </te-groups>
        </destination>
        <destination from="in0" label="470">
          <te-groups>
            <te-group>
              <routes>
                <route to="eg0">
                  <actions>
                    <action type="pop"/>
                  </actions>
                </route>
              </routes>
            </te-group>
          </te-groups>
        </destination>
        <destination from="in0" label="582">
          <te-groups>
            <te-group>
              <routes>
                <route to="eg0">
                  <actions>
                    <action type="pop"/>
                  </actions>
                </route>
              </routes>
            </te-group>
          </te-groups>
        </destination>
        <destination from="in0" label="684">
          <te-groups>
            <te-group>
              <routes>
                <route to="eg0">
                  <actions>
                    <action type="pop"/>
                  </actions>
                </route>
              </routes>
            </te-group>
          </te-groups>
        </destination>
        <destination from="in0" label="784">
          <te-groups>
            <te-group>
              <routes>
                <route to="eg0">
                  <actions>
                    <action type="pop"/>
                  </actions>
                </route>
              </routes>
            </te-group>
          </te-groups>
        </destination>
        <destination from="in0" label="891">
          <te-groups>
            <te-group>
              <routes>
                <route to="eg0">
                  <actions>
                    <action type="pop"/>
                  </actions>
                </route>
              </routes>
            </te-group>
          </te-groups>
        </destination>
        <destination from="in0" label="993">
          <te-groups>
            <te-group>
              <routes>
                <route to="eg0">
                  <actions>
                    <action type="pop"/>
                  </actions>
                </route>
              </routes>
            </te-group>
          </te-groups>
        </destination>
        <destination from="in0" label="1084">
          <te-groups>
            <te-group>
              <routes>
                <route to="eg0">
                  <actions>
                    <action type="pop"/>
                  </actions>
                </route>
              </routes>
            </te-group>
          </te-groups>
        </destination>
        <destination from="in0" label="1172">
          <te-groups>
            <te-group>
              <routes>
                <route to="eg0">
                  <actions>
                    <action type="pop"/>
                  </actions>
                </route>
              </routes>
            </te-group>
          </te-groups>
        </destination>
        <destination from="in0" label="1281">
          <te-groups>
            <te-group>
              <routes>
                <route to="eg0">
                  <actions>
                    <action type="pop"/>
                  </actions>
                </route>
              </routes>
            </te-group>
          </te-groups>
        </destination>
        <destination from="in0" label="1385">
          <te-groups>
            <te-group>
              <routes>
                <route to="eg0">
                  <actions>
                    <action type="pop"/>
                  </actions>
                </route>
              </routes>
            </te-group>
          </te-groups>
        </destination>
        <destination from="in0" label="1495">
          <te-groups>
            <te-group>
              <routes>
                <route to="eg0">
                  <actions>
                    <action type="pop"/>
                  </actions>
                </route>
              </routes>
            </te-group>
          </te-groups>
        </destination>
        <destination from="in0" label="1607">
          <te-groups>
            <te-group>
              <routes>
                <route to="eg0">
                  <actions>
                    <action type="pop"/>
                  </actions>
                </route>
              </routes>
            </te-group>
          </te-groups>
        </destination>
        <destination from="in0" label="1716">
          <te-groups>
            <te-group>
              <routes>
                <route to="eg0">
                  <actions>
                    <action type="pop"/>
                  </actions>
                </route>
              </routes>
            </te-group>
          </te-groups>
        </destination>
        <destination from="in0" label="1853">
          <te-groups>
            <te-group>
              <routes>
                <route to="eg0">
                  <actions>
                    <action type="pop"/>
                  </actions>
                </route>
              </routes>
            </te-group>
          </te-groups>
        </destination>
        <destination from="in0" label="2220">
          <te-groups>
            <te-group>
              <routes>
                <route to="eg0">
                  <actions>
                    <action type="pop"/>
                  </actions>
                </route>
              </routes>
            </te-group>
          </te-groups>
        </destination>
        <destination from="in0" label="2332">
          <te-groups>
            <te-group>
              <routes>
                <route to="eg0">
                  <actions>
                    <action type="pop"/>
                  </actions>
                </route>
              </routes>
            </te-group>
          </te-groups>
        </destination>
        <destination from="in0" label="2449">
          <te-groups>
            <te-group>
              <routes>
                <route to="eg0">
                  <actions>
                    <action type="pop"/>
                  </actions>
                </route>
              </routes>
            </te-group>
          </te-groups>
        </destination>
        <destination from="in0" label="2562">
          <te-groups>
            <te-group>
              <routes>
                <route to="eg0">
                  <actions>
                    <action type="pop"/>
                  </actions>
                </route>
              </routes>
            </te-group>
          </te-groups>
        </destination>
        <destination from="in0" label="2655">
          <te-groups>
            <te-group>
              <routes>
                <route to="eg0">
                  <actions>
                    <action type="pop"/>
                  </actions>
                </route>
              </routes>
            </te-group>
          </te-groups>
        </destination>
        <destination from="in0" label="2751">
          <te-groups>
            <te-group>
              <routes>
                <route to="eg0">
                  <actions>
                    <action type="pop"/>
                  </actions>
                </route>
              </routes>
            </te-group>
          </te-groups>
        </destination>
        <destination from="in0" label="2826">
          <te-groups>
            <te-group>
              <routes>
                <route to="in0">
                  <actions>
                    <action type="pop"/>
                  </actions>
                </route>
              </routes>
            </te-group>
            <te-group>
              <routes>
                <route to="in2">
                  <actions>
                    <action arg="2843" type="swap"/>
                  </actions>
                </route>
              </routes>
            </te-group>
          </te-groups>
        </destination>
        <destination from="in0" label="2833">
          <te-groups>
            <te-group>
              <routes>
                <route to="in2">
                  <actions>
                    <action arg="2832" type="swap"/>
                  </actions>
                </route>
              </routes>
            </te-group>
            <te-group>
              <routes>
                <route to="in0">
                  <actions>
                    <action arg="2832" type="swap"/>
                    <action arg="2846" type="push"/>
                  </actions>
                </route>
              </routes>
            </te-group>
          </te-groups>
        </destination>
        <destination from="in0" label="2852">
          <te-groups>
            <te-group>
              <routes>
                <route to="in0">
                  <actions>
                    <action arg="2851" type="swap"/>
                  </actions>
                </route>
              </routes>
            </te-group>
          </te-groups>
        </destination>
        <destination from="in0" label="$136">
          <te-groups>
            <te-group>
              <routes>
                <route to="in1">
                  <actions>
                    <action arg="137" type="swap"/>
                  </actions>
                </route>
              </routes>
            </te-group>
          </te-groups>
        </destination>
        <destination from="in0" label="$254">
          <te-groups>
            <te-group>
              <routes>
                <route to="in1">
                  <actions>
                    <action arg="255" type="swap"/>
                  </actions>
                </route>
              </routes>
            </te-group>
          </te-groups>
        </destination>
        <destination from="in0" label="$377">
          <te-groups>
            <te-group>
              <routes>
                <route to="in1">
                  <actions>
                    <action arg="378" type="swap"/>
                  </actions>
                </route>
              </routes>
            </te-group>
          </te-groups>
        </destination>
        <destination from="in0" label="$477">
          <te-groups>
            <te-group>
              <routes>
                <route to="in1">
                  <actions>
                    <action arg="478" type="swap"/>
                  </actions>
                </route>
              </routes>
            </te-group>
          </te-groups>
        </destination>
        <destination from="in0" label="$589">
          <te-groups>
            <te-group>
              <routes>
                <route to="in1">
                  <actions>
                    <action arg="590" type="swap"/>
                  </actions>
                </route>
              </routes>
            </te-group>
          </te-groups>
        </destination>
        <destination from="in0" label="$689">
          <te-groups>
            <te-group>
              <routes>
                <route to="in1">
                  <actions>
                    <action arg="690" type="swap"/>
                  </actions>
                </route>
              </routes>
            </te-group>
          </te-groups>
        </destination>
        <destination from="in0" label="$790">
          <te-groups>
            <te-group>
              <routes>
                <route to="in1">
                  <actions>
                    <action arg="791" type="swap"/>
                  </actions>
                </route>
              </routes>
            </te-group>
          </te-groups>
        </destination>
        <destination from="in0" label="$894">
          <te-groups>
            <te-group>
              <routes>
                <route to="in1">
                  <actions>
                    <action arg="895" type="swap"/>
                  </actions>
                </route>
              </routes>
            </te-group>
          </te-groups>
        </destination>
        <destination from="in0" label="$998">
          <te-groups>
            <te-group>
              <routes>
                <route to="in1">
                  <actions>
                    <action arg="999" type="swap"/>
                  </actions>
                </route>
              </routes>
            </te-group>
          </te-groups>
        </destination>
        <destination from="in0" label="$1088">
          <te-groups>
            <te-group>
              <routes>
                <route to="in1">
                  <actions>
                    <action arg="1089" type="swap"/>
                  </actions>
                </route>
              </routes>
            </te-group>
          </te-groups>
        </destination>
        <destination from="in0" label="$1175">
          <te-groups>
            <te-group>
              <routes>
                <route to="in1">
                  <actions>
                    <action arg="1176" type="swap"/>
                  </actions>
                </route>
              </routes>
            </te-group>
          </te-groups>
        </destination>
        <destination from="in0" label="$1285">
          <te-groups>
            <te-group>
              <routes>
                <route to="in1">
                  <actions>
                    <action arg="1286" type="swap"/>
                  </actions>
                </route>
              </routes>
            </te-group>
          </te-groups>
        </destination>
        <destination from="in0" label="$1389">
          <te-groups>
            <te-group>
              <routes>
                <route to="in1">
                  <actions>
                    <action arg="1390" type="swap"/>
                  </actions>
                </route>
              </routes>
            </te-group>
          </te-groups>
        </destination>
        <destination from="in0" label="$1499">
          <te-groups>
            <te-group>
              <routes>
                <route to="in1">
                  <actions>
                    <action arg="1500" type="swap"/>
                  </actions>
                </route>
              </routes>
            </te-group>
          </te-groups>
        </destination>
        <destination from="in0" label="$1572">
          <te-groups>
            <te-group>
              <routes>
                <route to="in2">
                  <actions>
                    <action arg="1573" type="swap"/>
                  </actions>
                </route>
              </routes>
            </te-group>
            <te-group>
              <routes>
                <route to="in0">
                  <actions>
                    <action arg="1573" type="swap"/>
                    <action arg="2846" type="push"/>
                  </actions>
                </route>
              </routes>
            </te-group>
          </te-groups>
        </destination>
        <destination from="in0" label="$1609">
          <te-groups>
            <te-group>
              <routes>
                <route to="in1">
                  <actions>
                    <action arg="1610" type="swap"/>
                  </actions>
                </route>
              </routes>
            </te-group>
          </te-groups>
        </destination>
        <destination from="in0" label="$1612">
          <te-groups>
            <te-group>
              <routes>
                <route to="in2">
                  <actions>
                    <action arg="1613" type="swap"/>
                  </actions>
                </route>
              </routes>
            </te-group>
            <te-group>
              <routes>
                <route to="in0">
                  <actions>
                    <action arg="1613" type="swap"/>
                    <action arg="2846" type="push"/>
                  </actions>
                </route>
              </routes>
            </te-group>
          </te-groups>
        </destination>
        <destination from="in0" label="$1615">
          <te-groups>
            <te-group>
              <routes>
                <route to="in2">
                  <actions>
                    <action arg="1616" type="swap"/>
                  </actions>
                </route>
              </routes>
            </te-group>
            <te-group>
              <routes>
                <route to="in0">
                  <actions>
                    <action arg="1616" type="swap"/>
                    <action arg="2846" type="push"/>
                  </actions>
                </route>
              </routes>
            </te-group>
          </te-groups>
        </destination>
        <destination from="in0" label="$1619">
          <te-groups>
            <te-group>
              <routes>
                <route to="in2">
                  <actions>
                    <action arg="1620" type="swap"/>
                  </actions>
                </route>
              </routes>
            </te-group>
            <te-group>
              <routes>
                <route to="in0">
                  <actions>
                    <action arg="1620" type="swap"/>
                    <action arg="2846" type="push"/>
                  </actions>
                </route>
              </routes>
            </te-group>
          </te-groups>
        </destination>
        <destination from="in0" label="$1623">
          <te-groups>
            <te-group>
              <routes>
                <route to="in2">
                  <actions>
                    <action arg="1624" type="swap"/>
                  </actions>
                </route>
              </routes>
            </te-group>
            <te-group>
              <routes>
                <route to="in0">
                  <actions>
                    <action arg="1624" type="swap"/>
                    <action arg="2846" type="push"/>
                  </actions>
                </route>
              </routes>
            </te-group>
          </te-groups>
        </destination>
        <destination from="in0" label="$1724">
          <te-groups>
            <te-group>
              <routes>
                <route to="in1">
                  <actions>
                    <action arg="1725" type="swap"/>
                  </actions>
                </route>
              </routes>
            </te-group>
          </te-groups>
        </destination>
        <destination from="in0" label="$1861">
          <te-groups>
            <te-group>
              <routes>
                <route to="in1">
                  <actions>
                    <action arg="1862" type="swap"/>
                  </actions>
                </route>
              </routes>
            </te-group>
          </te-groups>
        </destination>
        <destination from="in0" label="$2222">
          <te-groups>
            <te-group>
              <routes>
                <route to="in1">
                  <actions>
                    <action arg="2223" type="swap"/>
                  </actions>
                </route>
              </routes>
            </te-group>
          </te-groups>
        </destination>
        <destination from="in0" label="$2335">
          <te-groups>
            <te-group>
              <routes>
                <route to="in1">
                  <actions>
                    <action arg="2336" type="swap"/>
                  </actions>
                </route>
              </routes>
            </te-group>
          </te-groups>
        </destination>
        <destination from="in0" label="$2452">
          <te-groups>
            <te-group>
              <routes>
                <route to="in1">
                  <actions>
                    <action arg="2453" type="swap"/>
                  </actions>
                </route>
              </routes>
            </te-group>
          </te-groups>
        </destination>
        <destination from="in0" label="$2566">
          <te-groups>
            <te-group>
              <routes>
                <route to="in1">
                  <actions>
                    <action arg="2567" type="swap"/>
                  </actions>
                </route>
              </routes>
            </te-group>
          </te-groups>
        </destination>
        <destination from="in0" label="$2661">
          <te-groups>
            <te-group>
              <routes>
                <route to="in1">
                  <actions>
                    <action arg="2662" type="swap"/>
                  </actions>
                </route>
              </routes>
            </te-group>
          </te-groups>
        </destination>
        <destination from="in0" label="$2756">
          <te-groups>
            <te-group>
              <routes>
                <route to="in1">
                  <actions>
                    <action arg="2757" type="swap"/>
                  </actions>
                </route>
              </routes>
            </te-group>
          </te-groups>
        </destination>
        <destination from="in1" label="2121">
          <te-groups>
            <te-group>
              <routes>
                <route to="eg0">
                  <actions>
                    <action type="pop"/>
                  </actions>
                </route>
              </routes>
            </te-group>
          </te-groups>
        </destination>
        <destination from="in1" label="$2012">
          <te-groups>
            <te-group>
              <routes>
                <route to="in0">
                  <actions>
                    <action arg="2013" type="swap"/>
                  </actions>
                </route>
              </routes>
            </te-group>
            <te-group>
              <routes>
                <route to="in2">
                  <actions>
                    <action arg="2013" type="swap"/>
                    <action arg="2843" type="push"/>
                  </actions>
                </route>
              </routes>
            </te-group>
            <te-group>
              <routes>
                <route to="in0">
                  <actions>
                    <action arg="2013" type="swap"/>
                    <action arg="2843" type="push"/>
                    <action arg="2846" type="push"/>
                  </actions>
                </route>
              </routes>
            </te-group>
          </te-groups>
        </destination>
        <destination from="in1" label="$2021">
          <te-groups>
            <te-group>
              <routes>
                <route to="in0">
                  <actions>
                    <action arg="2022" type="swap"/>
                  </actions>
                </route>
              </routes>
            </te-group>
            <te-group>
              <routes>
                <route to="in2">
                  <actions>
                    <action arg="2022" type="swap"/>
                    <action arg="2843" type="push"/>
                  </actions>
                </route>
              </routes>
            </te-group>
            <te-group>
              <routes>
                <route to="in0">
                  <actions>
                    <action arg="2022" type="swap"/>
                    <action arg="2843" type="push"/>
                    <action arg="2846" type="push"/>
                  </actions>
                </route>
              </routes>
            </te-group>
          </te-groups>
        </destination>
        <destination from="in1" label="$2029">
          <te-groups>
            <te-group>
              <routes>
                <route to="in0">
                  <actions>
                    <action arg="2030" type="swap"/>
                  </actions>
                </route>
              </routes>
            </te-group>
            <te-group>
              <routes>
                <route to="in2">
                  <actions>
                    <action arg="2030" type="swap"/>
                    <action arg="2843" type="push"/>
                  </actions>
                </route>
              </routes>
            </te-group>
            <te-group>
              <routes>
                <route to="in0">
                  <actions>
                    <action arg="2030" type="swap"/>
                    <action arg="2843" type="push"/>
                    <action arg="2846" type="push"/>
                  </actions>
                </route>
              </routes>
            </te-group>
          </te-groups>
        </destination>
        <destination from="in1" label="$2038">
          <te-groups>
            <te-group>
              <routes>
                <route to="in0">
                  <actions>
                    <action arg="2039" type="swap"/>
                  </actions>
                </route>
              </routes>
            </te-group>
            <te-group>
              <routes>
                <route to="in2">
                  <actions>
                    <action arg="2039" type="swap"/>
                    <action arg="2843" type="push"/>
                  </actions>
                </route>
              </routes>
            </te-group>
            <te-group>
              <routes>
                <route to="in0">
                  <actions>
                    <action arg="2039" type="swap"/>
                    <action arg="2843" type="push"/>
                    <action arg="2846" type="push"/>
                  </actions>
                </route>
              </routes>
            </te-group>
          </te-groups>
        </destination>
        <destination from="in1" label="$2046">
          <te-groups>
            <te-group>
              <routes>
                <route to="in0">
                  <actions>
                    <action arg="2047" type="swap"/>
                  </actions>
                </route>
              </routes>
            </te-group>
            <te-group>
              <routes>
                <route to="in2">
                  <actions>
                    <action arg="2047" type="swap"/>
                    <action arg="2843" type="push"/>
                  </actions>
                </route>
              </routes>
            </te-group>
            <te-group>
              <routes>
                <route to="in0">
                  <actions>
                    <action arg="2047" type="swap"/>
                    <action arg="2843" type="push"/>
                    <action arg="2846" type="push"/>
                  </actions>
                </route>
              </routes>
            </te-group>
          </te-groups>
        </destination>
        <destination from="in1" label="$2054">
          <te-groups>
            <te-group>
              <routes>
                <route to="in0">
                  <actions>
                    <action arg="2055" type="swap"/>
                  </actions>
                </route>
              </routes>
            </te-group>
            <te-group>
              <routes>
                <route to="in2">
                  <actions>
                    <action arg="2055" type="swap"/>
                    <action arg="2843" type="push"/>
                  </actions>
                </route>
              </routes>
            </te-group>
            <te-group>
              <routes>
                <route to="in0">
                  <actions>
                    <action arg="2055" type="swap"/>
                    <action arg="2843" type="push"/>
                    <action arg="2846" type="push"/>
                  </actions>
                </route>
              </routes>
            </te-group>
          </te-groups>
        </destination>
        <destination from="in1" label="$2060">
          <te-groups>
            <te-group>
              <routes>
                <route to="in0">
                  <actions>
                    <action arg="2061" type="swap"/>
                  </actions>
                </route>
              </routes>
            </te-group>
            <te-group>
              <routes>
                <route to="in2">
                  <actions>
                    <action arg="2061" type="swap"/>
                    <action arg="2843" type="push"/>
                  </actions>
                </route>
              </routes>
            </te-group>
            <te-group>
              <routes>
                <route to="in0">
                  <actions>
                    <action arg="2061" type="swap"/>
                    <action arg="2843" type="push"/>
                    <action arg="2846" type="push"/>
                  </actions>
                </route>
              </routes>
            </te-group>
          </te-groups>
        </destination>
        <destination from="in1" label="$2067">
          <te-groups>
            <te-group>
              <routes>
                <route to="in2">
                  <actions>
                    <action arg="2068" type="swap"/>
                  </actions>
                </route>
              </routes>
            </te-group>
            <te-group>
              <routes>
                <route to="in0">
                  <actions>
                    <action arg="2068" type="swap"/>
                    <action arg="2846" type="push"/>
                  </actions>
                </route>
              </routes>
            </te-group>
          </te-groups>
        </destination>
        <destination from="in1" label="$2071">
          <te-groups>
            <te-group>
              <routes>
                <route to="in0">
                  <actions>
                    <action arg="2072" type="swap"/>
                  </actions>
                </route>
              </routes>
            </te-group>
            <te-group>
              <routes>
                <route to="in2">
                  <actions>
                    <action arg="2072" type="swap"/>
                    <action arg="2843" type="push"/>
                  </actions>
                </route>
              </routes>
            </te-group>
            <te-group>
              <routes>
                <route to="in0">
                  <actions>
                    <action arg="2072" type="swap"/>
                    <action arg="2843" type="push"/>
                    <action arg="2846" type="push"/>
                  </actions>
                </route>
              </routes>
            </te-group>
          </te-groups>
        </destination>
        <destination from="in1" label="$2077">
          <te-groups>
            <te-group>
              <routes>
                <route to="in0">
                  <actions>
                    <action arg="2078" type="swap"/>
                  </actions>
                </route>
              </routes>
            </te-group>
            <te-group>
              <routes>
                <route to="in2">
                  <actions>
                    <action arg="2078" type="swap"/>
                    <action arg="2843" type="push"/>
                  </actions>
                </route>
              </routes>
            </te-group>
            <te-group>
              <routes>
                <route to="in0">
                  <actions>
                    <action arg="2078" type="swap"/>
                    <action arg="2843" type="push"/>
                    <action arg="2846" type="push"/>
                  </actions>
                </route>
              </routes>
            </te-group>
          </te-groups>
        </destination>
        <destination from="in1" label="$2082">
          <te-groups>
            <te-group>
              <routes>
                <route to="in0">
                  <actions>
                    <action arg="2083" type="swap"/>
                  </actions>
                </route>
              </routes>
            </te-group>
            <te-group>
              <routes>
                <route to="in2">
                  <actions>
                    <action arg="2083" type="swap"/>
                    <action arg="2843" type="push"/>
                  </actions>
                </route>
              </routes>
            </te-group>
            <te-group>
              <routes>
                <route to="in0">
                  <actions>
                    <action arg="2083" type="swap"/>
                    <action arg="2843" type="push"/>
                    <action arg="2846" type="push"/>
                  </actions>
                </route>
              </routes>
            </te-group>
          </te-groups>
        </destination>
        <destination from="in1" label="$2086">
          <te-groups>
            <te-group>
              <routes>
                <route to="in0">
                  <actions>
                    <action arg="2087" type="swap"/>
                  </actions>
                </route>
              </routes>
            </te-group>
            <te-group>
              <routes>
                <route to="in2">
                  <actions>
                    <action arg="2087" type="swap"/>
                    <action arg="2843" type="push"/>
                  </actions>
                </route>
              </routes>
            </te-group>
            <te-group>
              <routes>
                <route to="in0">
                  <actions>
                    <action arg="2087" type="swap"/>
                    <action arg="2843" type="push"/>
                    <action arg="2846" type="push"/>
                  </actions>
                </route>
              </routes>
            </te-group>
          </te-groups>
        </destination>
        <destination from="in1" label="$2091">
          <te-groups>
            <te-group>
              <routes>
                <route to="in0">
                  <actions>
                    <action arg="2092" type="swap"/>
                  </actions>
                </route>
              </routes>
            </te-group>
            <te-group>
              <routes>
                <route to="in2">
                  <actions>
                    <action arg="2092" type="swap"/>
                    <action arg="2843" type="push"/>
                  </actions>
                </route>
              </routes>
            </te-group>
            <te-group>
              <routes>
                <route to="in0">
                  <actions>
                    <action arg="2092" type="swap"/>
                    <action arg="2843" type="push"/>
                    <action arg="2846" type="push"/>
                  </actions>
                </route>
              </routes>
            </te-group>
          </te-groups>
        </destination>
        <destination from="in1" label="$2096">
          <te-groups>
            <te-group>
              <routes>
                <route to="in0">
                  <actions>
                    <action arg="2097" type="swap"/>
                  </actions>
                </route>
              </routes>
            </te-group>
            <te-group>
              <routes>
                <route to="in2">
                  <actions>
                    <action arg="2097" type="swap"/>
                    <action arg="2843" type="push"/>
                  </actions>
                </route>
              </routes>
            </te-group>
            <te-group>
              <routes>
                <route to="in0">
                  <actions>
                    <action arg="2097" type="swap"/>
                    <action arg="2843" type="push"/>
                    <action arg="2846" type="push"/>
                  </actions>
                </route>
              </routes>
            </te-group>
          </te-groups>
        </destination>
        <destination from="in1" label="$2101">
          <te-groups>
            <te-group>
              <routes>
                <route to="in0">
                  <actions>
                    <action arg="2102" type="swap"/>
                  </actions>
                </route>
              </routes>
            </te-group>
            <te-group>
              <routes>
                <route to="in2">
                  <actions>
                    <action arg="2102" type="swap"/>
                    <action arg="2843" type="push"/>
                  </actions>
                </route>
              </routes>
            </te-group>
            <te-group>
              <routes>
                <route to="in0">
                  <actions>
                    <action arg="2102" type="swap"/>
                    <action arg="2843" type="push"/>
                    <action arg="2846" type="push"/>
                  </actions>
                </route>
              </routes>
            </te-group>
          </te-groups>
        </destination>
        <destination from="in1" label="$2104">
          <te-groups>
            <te-group>
              <routes>
                <route to="in0">
                  <actions>
                    <action arg="2105" type="swap"/>
                  </actions>
                </route>
              </routes>
            </te-group>
            <te-group>
              <routes>
                <route to="in2">
                  <actions>
                    <action arg="2105" type="swap"/>
                    <action arg="2843" type="push"/>
                  </actions>
                </route>
              </routes>
            </te-group>
            <te-group>
              <routes>
                <route to="in0">
                  <actions>
                    <action arg="2105" type="swap"/>
                    <action arg="2843" type="push"/>
                    <action arg="2846" type="push"/>
                  </actions>
                </route>
              </routes>
            </te-group>
          </te-groups>
        </destination>
        <destination from="in1" label="$2112">
          <te-groups>
            <te-group>
              <routes>
                <route to="in0">
                  <actions>
                    <action arg="2113" type="swap"/>
                  </actions>
                </route>
              </routes>
            </te-group>
            <te-group>
              <routes>
                <route to="in2">
                  <actions>
                    <action arg="2113" type="swap"/>
                    <action arg="2843" type="push"/>
                  </actions>
                </route>
              </routes>
            </te-group>
            <te-group>
              <routes>
                <route to="in0">
                  <actions>
                    <action arg="2113" type="swap"/>
                    <action arg="2843" type="push"/>
                    <action arg="2846" type="push"/>
                  </actions>
                </route>
              </routes>
            </te-group>
          </te-groups>
        </destination>
        <destination from="in1" label="$2123">
          <te-groups>
            <te-group>
              <routes>
                <route to="in2">
                  <actions>
                    <action arg="2124" type="swap"/>
                  </actions>
                </route>
              </routes>
            </te-group>
            <te-group>
              <routes>
                <route to="in0">
                  <actions>
                    <action arg="2124" type="swap"/>
                    <action arg="2846" type="push"/>
                  </actions>
                </route>
              </routes>
            </te-group>
          </te-groups>
        </destination>
        <destination from="in1" label="$2126">
          <te-groups>
            <te-group>
              <routes>
                <route to="in2">
                  <actions>
                    <action arg="2127" type="swap"/>
                  </actions>
                </route>
              </routes>
            </te-group>
            <te-group>
              <routes>
                <route to="in0">
                  <actions>
                    <action arg="2127" type="swap"/>
                    <action arg="2846" type="push"/>
                  </actions>
                </route>
              </routes>
            </te-group>
          </te-groups>
        </destination>
        <destination from="in1" label="$2130">
          <te-groups>
            <te-group>
              <routes>
                <route to="in2">
                  <actions>
                    <action arg="2131" type="swap"/>
                  </actions>
                </route>
              </routes>
            </te-group>
            <te-group>
              <routes>
                <route to="in0">
                  <actions>
                    <action arg="2131" type="swap"/>
                    <action arg="2846" type="push"/>
                  </actions>
                </route>
              </routes>
            </te-group>
          </te-groups>
        </destination>
        <destination from="in1" label="$2134">
          <te-groups>
            <te-group>
              <routes>
                <route to="in2">
                  <actions>
                    <action arg="2135" type="swap"/>
                  </actions>
                </route>
              </routes>
            </te-group>
            <te-group>
              <routes>
                <route to="in0">
                  <actions>
                    <action arg="2135" type="swap"/>
                    <action arg="2846" type="push"/>
                  </actions>
                </route>
              </routes>
            </te-group>
          </te-groups>
        </destination>
        <destination from="in1" label="$2139">
          <te-groups>
            <te-group>
              <routes>
                <route to="in0">
                  <actions>
                    <action arg="2140" type="swap"/>
                  </actions>
                </route>
              </routes>
            </te-group>
            <te-group>
              <routes>
                <route to="in2">
                  <actions>
                    <action arg="2140" type="swap"/>
                    <action arg="2843" type="push"/>
                  </actions>
                </route>
              </routes>
            </te-group>
            <te-group>
              <routes>
                <route to="in0">
                  <actions>
                    <action arg="2140" type="swap"/>
                    <action arg="2843" type="push"/>
                    <action arg="2846" type="push"/>
                  </actions>
                </route>
              </routes>
            </te-group>
          </te-groups>
        </destination>
        <destination from="in1" label="$2146">
          <te-groups>
            <te-group>
              <routes>
                <route to="in0">
                  <actions>
                    <action arg="2147" type="swap"/>
                  </actions>
                </route>
              </routes>
            </te-group>
            <te-group>
              <routes>
                <route to="in2">
                  <actions>
                    <action arg="2147" type="swap"/>
                    <action arg="2843" type="push"/>
                  </actions>
                </route>
              </routes>
            </te-group>
            <te-group>
              <routes>
                <route to="in0">
                  <actions>
                    <action arg="2147" type="swap"/>
                    <action arg="2843" type="push"/>
                    <action arg="2846" type="push"/>
                  </actions>
                </route>
              </routes>
            </te-group>
          </te-groups>
        </destination>
        <destination from="in2" label="128">
          <te-groups>
            <te-group>
              <routes>
                <route to="eg0">
                  <actions>
                    <action type="pop"/>
                  </actions>
                </route>
              </routes>
            </te-group>
          </te-groups>
        </destination>
        <destination from="in2" label="247">
          <te-groups>
            <te-group>
              <routes>
                <route to="eg0">
                  <actions>
                    <action type="pop"/>
                  </actions>
                </route>
              </routes>
            </te-group>
          </te-groups>
        </destination>
        <destination from="in2" label="369">
          <te-groups>
            <te-group>
              <routes>
                <route to="eg0">
                  <actions>
                    <action type="pop"/>
                  </actions>
                </route>
              </routes>
            </te-group>
          </te-groups>
        </destination>
        <destination from="in2" label="470">
          <te-groups>
            <te-group>
              <routes>
                <route to="eg0">
                  <actions>
                    <action type="pop"/>
                  </actions>
                </route>
              </routes>
            </te-group>
          </te-groups>
        </destination>
        <destination from="in2" label="582">
          <te-groups>
            <te-group>
              <routes>
                <route to="eg0">
                  <actions>
                    <action type="pop"/>
                  </actions>
                </route>
              </routes>
            </te-group>
          </te-groups>
        </destination>
        <destination from="in2" label="684">
          <te-groups>
            <te-group>
              <routes>
                <route to="eg0">
                  <actions>
                    <action type="pop"/>
                  </actions>
                </route>
              </routes>
            </te-group>
          </te-groups>
        </destination>
        <destination from="in2" label="784">
          <te-groups>
            <te-group>
              <routes>
                <route to="eg0">
                  <actions>
                    <action type="pop"/>
                  </actions>
                </route>
              </routes>
            </te-group>
          </te-groups>
        </destination>
        <destination from="in2" label="891">
          <te-groups>
            <te-group>
              <routes>
                <route to="eg0">
                  <actions>
                    <action type="pop"/>
                  </actions>
                </route>
              </routes>
            </te-group>
          </te-groups>
        </destination>
        <destination from="in2" label="993">
          <te-groups>
            <te-group>
              <routes>
                <route to="eg0">
                  <actions>
                    <action type="pop"/>
                  </actions>
                </route>
              </routes>
            </te-group>
          </te-groups>
        </destination>
        <destination from="in2" label="1084">
          <te-groups>
            <te-group>
              <routes>
                <route to="eg0">
                  <actions>
                    <action type="pop"/>
                  </actions>
                </route>
              </routes>
            </te-group>
          </te-groups>
        </destination>
        <destination from="in2" label="1172">
          <te-groups>
            <te-group>
              <routes>
                <route to="eg0">
                  <actions>
                    <action type="pop"/>
                  </actions>
                </route>
              </routes>
            </te-group>
          </te-groups>
        </destination>
        <destination from="in2" label="1281">
          <te-groups>
            <te-group>
              <routes>
                <route to="eg0">
                  <actions>
                    <action type="pop"/>
                  </actions>
                </route>
              </routes>
            </te-group>
          </te-groups>
        </destination>
        <destination from="in2" label="1385">
          <te-groups>
            <te-group>
              <routes>
                <route to="eg0">
                  <actions>
                    <action type="pop"/>
                  </actions>
                </route>
              </routes>
            </te-group>
          </te-groups>
        </destination>
        <destination from="in2" label="1495">
          <te-groups>
            <te-group>
              <routes>
                <route to="eg0">
                  <actions>
                    <action type="pop"/>
                  </actions>
                </route>
              </routes>
            </te-group>
          </te-groups>
        </destination>
        <destination from="in2" label="1607">
          <te-groups>
            <te-group>
              <routes>
                <route to="eg0">
                  <actions>
                    <action type="pop"/>
                  </actions>
                </route>
              </routes>
            </te-group>
          </te-groups>
        </destination>
        <destination from="in2" label="1716">
          <te-groups>
            <te-group>
              <routes>
                <route to="eg0">
                  <actions>
                    <action type="pop"/>
                  </actions>
                </route>
              </routes>
            </te-group>
          </te-groups>
        </destination>
        <destination from="in2" label="1853">
          <te-groups>
            <te-group>
              <routes>
                <route to="eg0">
                  <actions>
                    <action type="pop"/>
                  </actions>
                </route>
              </routes>
            </te-group>
          </te-groups>
        </destination>
        <destination from="in2" label="2220">
          <te-groups>
            <te-group>
              <routes>
                <route to="eg0">
                  <actions>
                    <action type="pop"/>
                  </actions>
                </route>
              </routes>
            </te-group>
          </te-groups>
        </destination>
        <destination from="in2" label="2332">
          <te-groups>
            <te-group>
              <routes>
                <route to="eg0">
                  <actions>
                    <action type="pop"/>
                  </actions>
                </route>
              </routes>
            </te-group>
          </te-groups>
        </destination>
        <destination from="in2" label="2449">
          <te-groups>
            <te-group>
              <routes>
                <route to="eg0">
                  <actions>
                    <action type="pop"/>
                  </actions>
                </route>
              </routes>
            </te-group>
          </te-groups>
        </destination>
        <destination from="in2" label="2562">
          <te-groups>
            <te-group>
              <routes>
                <route to="eg0">
                  <actions>
                    <action type="pop"/>
                  </actions>
                </route>
              </routes>
            </te-group>
          </te-groups>
        </destination>
        <destination from="in2" label="2655">
          <te-groups>
            <te-group>
              <routes>
                <route to="eg0">
                  <actions>
                    <action type="pop"/>
                  </actions>
                </route>
              </routes>
            </te-group>
          </te-groups>
        </destination>
        <destination from="in2" label="2751">
          <te-groups>
            <te-group>
              <routes>
                <route to="eg0">
                  <actions>
                    <action type="pop"/>
                  </actions>
                </route>
              </routes>
            </te-group>
          </te-groups>
        </destination>
        <destination from="in2" label="2826">
          <te-groups>
            <te-group>
              <routes>
                <route to="in0">
                  <actions>
                    <action type="pop"/>
                  </actions>
                </route>
              </routes>
            </te-group>
            <te-group>
              <routes>
                <route to="in2">
                  <actions>
                    <action arg="2843" type="swap"/>
                  </actions>
                </route>
              </routes>
            </te-group>
          </te-groups>
        </destination>
        <destination from="in2" label="2833">
          <te-groups>
            <te-group>
              <routes>
                <route to="in2">
                  <actions>
                    <action arg="2832" type="swap"/>
                  </actions>
                </route>
              </routes>
            </te-group>
          </te-groups>
        </destination>
        <destination from="in2" label="2852">
          <te-groups>
            <te-group>
              <routes>
                <route to="in0">
                  <actions>
                    <action arg="2851" type="swap"/>
                  </actions>
                </route>
              </routes>
            </te-group>
          </te-groups>
        </destination>
        <destination from="in2" label="$136">
          <te-groups>
            <te-group>
              <routes>
                <route to="in1">
                  <actions>
                    <action arg="137" type="swap"/>
                  </actions>
                </route>
              </routes>
            </te-group>
          </te-groups>
        </destination>
        <destination from="in2" label="$254">
          <te-groups>
            <te-group>
              <routes>
                <route to="in1">
                  <actions>
                    <action arg="255" type="swap"/>
                  </actions>
                </route>
              </routes>
            </te-group>
          </te-groups>
        </destination>
        <destination from="in2" label="$377">
          <te-groups>
            <te-group>
              <routes>
                <route to="in1">
                  <actions>
                    <action arg="378" type="swap"/>
                  </actions>
                </route>
              </routes>
            </te-group>
          </te-groups>
        </destination>
        <destination from="in2" label="$477">
          <te-groups>
            <te-group>
              <routes>
                <route to="in1">
                  <actions>
                    <action arg="478" type="swap"/>
                  </actions>
                </route>
              </routes>
            </te-group>
          </te-groups>
        </destination>
        <destination from="in2" label="$589">
          <te-groups>
            <te-group>
              <routes>
                <route to="in1">
                  <actions>
                    <action arg="590" type="swap"/>
                  </actions>
                </route>
              </routes>
            </te-group>
          </te-groups>
        </destination>
        <destination from="in2" label="$689">
          <te-groups>
            <te-group>
              <routes>
                <route to="in1">
                  <actions>
                    <action arg="690" type="swap"/>
                  </actions>
                </route>
              </routes>
            </te-group>
          </te-groups>
        </destination>
        <destination from="in2" label="$790">
          <te-groups>
            <te-group>
              <routes>
                <route to="in1">
                  <actions>
                    <action arg="791" type="swap"/>
                  </actions>
                </route>
              </routes>
            </te-group>
          </te-groups>
        </destination>
        <destination from="in2" label="$894">
          <te-groups>
            <te-group>
              <routes>
                <route to="in1">
                  <actions>
                    <action arg="895" type="swap"/>
                  </actions>
                </route>
              </routes>
            </te-group>
          </te-groups>
        </destination>
        <destination from="in2" label="$998">
          <te-groups>
            <te-group>
              <routes>
                <route to="in1">
                  <actions>
                    <action arg="999" type="swap"/>
                  </actions>
                </route>
              </routes>
            </te-group>
          </te-groups>
        </destination>
        <destination from="in2" label="$1088">
          <te-groups>
            <te-group>
              <routes>
                <route to="in1">
                  <actions>
                    <action arg="1089" type="swap"/>
                  </actions>
                </route>
              </routes>
            </te-group>
          </te-groups>
        </destination>
        <destination from="in2" label="$1175">
          <te-groups>
            <te-group>
              <routes>
                <route to="in1">
                  <actions>
                    <action arg="1176" type="swap"/>
                  </actions>
                </route>
              </routes>
            </te-group>
          </te-groups>
        </destination>
        <destination from="in2" label="$1285">
          <te-groups>
            <te-group>
              <routes>
                <route to="in1">
                  <actions>
                    <action arg="1286" type="swap"/>
                  </actions>
                </route>
              </routes>
            </te-group>
          </te-groups>
        </destination>
        <destination from="in2" label="$1389">
          <te-groups>
            <te-group>
              <routes>
                <route to="in1">
                  <actions>
                    <action arg="1390" type="swap"/>
                  </actions>
                </route>
              </routes>
            </te-group>
          </te-groups>
        </destination>
        <destination from="in2" label="$1499">
          <te-groups>
            <te-group>
              <routes>
                <route to="in1">
                  <actions>
                    <action arg="1500" type="swap"/>
                  </actions>
                </route>
              </routes>
            </te-group>
          </te-groups>
        </destination>
        <destination from="in2" label="$1572">
          <te-groups>
            <te-group>
              <routes>
                <route to="in2">
                  <actions>
                    <action arg="1573" type="swap"/>
                  </actions>
                </route>
              </routes>
            </te-group>
          </te-groups>
        </destination>
        <destination from="in2" label="$1609">
          <te-groups>
            <te-group>
              <routes>
                <route to="in1">
                  <actions>
                    <action arg="1610" type="swap"/>
                  </actions>
                </route>
              </routes>
            </te-group>
          </te-groups>
        </destination>
        <destination from="in2" label="$1612">
          <te-groups>
            <te-group>
              <routes>
                <route to="in2">
                  <actions>
                    <action arg="1613" type="swap"/>
                  </actions>
                </route>
              </routes>
            </te-group>
          </te-groups>
        </destination>
        <destination from="in2" label="$1615">
          <te-groups>
            <te-group>
              <routes>
                <route to="in2">
                  <actions>
                    <action arg="1616" type="swap"/>
                  </actions>
                </route>
              </routes>
            </te-group>
          </te-groups>
        </destination>
        <destination from="in2" label="$1619">
          <te-groups>
            <te-group>
              <routes>
                <route to="in2">
                  <actions>
                    <action arg="1620" type="swap"/>
                  </actions>
                </route>
              </routes>
            </te-group>
          </te-groups>
        </destination>
        <destination from="in2" label="$1623">
          <te-groups>
            <te-group>
              <routes>
                <route to="in2">
                  <actions>
                    <action arg="1624" type="swap"/>
                  </actions>
                </route>
              </routes>
            </te-group>
          </te-groups>
        </destination>
        <destination from="in2" label="$1724">
          <te-groups>
            <te-group>
              <routes>
                <route to="in1">
                  <actions>
                    <action arg="1725" type="swap"/>
                  </actions>
                </route>
              </routes>
            </te-group>
          </te-groups>
        </destination>
        <destination from="in2" label="$1861">
          <te-groups>
            <te-group>
              <routes>
                <route to="in1">
                  <actions>
                    <action arg="1862" type="swap"/>
                  </actions>
                </route>
              </routes>
            </te-group>
          </te-groups>
        </destination>
        <destination from="in2" label="$2222">
          <te-groups>
            <te-group>
              <routes>
                <route to="in1">
                  <actions>
                    <action arg="2223" type="swap"/>
                  </actions>
                </route>
              </routes>
            </te-group>
          </te-groups>
        </destination>
        <destination from="in2" label="$2335">
          <te-groups>
            <te-group>
              <routes>
                <route to="in1">
                  <actions>
                    <action arg="2336" type="swap"/>
                  </actions>
                </route>
              </routes>
            </te-group>
          </te-groups>
        </destination>
        <destination from="in2" label="$2452">
          <te-groups>
            <te-group>
              <routes>
                <route to="in1">
                  <actions>
                    <action arg="2453" type="swap"/>
                  </actions>
                </route>
              </routes>
            </te-group>
          </te-groups>
        </destination>
        <destination from="in2" label="$2566">
          <te-groups>
            <te-group>
              <routes>
                <route to="in1">
                  <actions>
                    <action arg="2567" type="swap"/>
                  </actions>
                </route>
              </routes>
            </te-group>
          </te-groups>
        </destination>
        <destination from="in2" label="$2661">
          <te-groups>
            <te-group>
              <routes>
                <route to="in1">
                  <actions>
                    <action arg="2662" type="swap"/>
                  </actions>
                </route>
              </routes>
            </te-group>
          </te-groups>
        </destination>
        <destination from="in2" label="$2756">
          <te-groups>
            <te-group>
              <routes>
                <route to="in1">
                  <actions>
                    <action arg="2757" type="swap"/>
                  </actions>
                </route>
              </routes>
            </te-group>
          </te-groups>
        </destination>
      </destinations>
    </routing>
    <routing for="Salt_Lake_City">
      <destinations>
        <destination from="eg0" ip="ip">
          <te-groups>
            <te-group>
              <routes>
                <route to="in0">
                  <actions>
                    <action arg="2091" type="push"/>
                  </actions>
                </route>
                <route to="in0">
                  <actions>
                    <action arg="2146" type="push"/>
                  </actions>
                </route>
                <route to="in0">
                  <actions>
                    <action arg="2139" type="push"/>
                  </actions>
                </route>
                <route to="in0">
                  <actions>
                    <action arg="2134" type="push"/>
                  </actions>
                </route>
                <route to="in0">
                  <actions>
                    <action arg="2130" type="push"/>
                  </actions>
                </route>
                <route to="in0">
                  <actions>
                    <action arg="2126" type="push"/>
                  </actions>
                </route>
                <route to="in0">
                  <actions>
                    <action arg="2123" type="push"/>
                  </actions>
                </route>
                <route to="in0">
                  <actions>
                    <action arg="2121" type="push"/>
                  </actions>
                </route>
                <route to="in0">
                  <actions>
                    <action arg="2112" type="push"/>
                  </actions>
                </route>
                <route to="in0">
                  <actions>
                    <action arg="2104" type="push"/>
                  </actions>
                </route>
                <route to="in0">
                  <actions>
                    <action arg="2101" type="push"/>
                  </actions>
                </route>
                <route to="in0">
                  <actions>
                    <action arg="2096" type="push"/>
                  </actions>
                </route>
                <route to="in0">
                  <actions>
                    <action arg="2012" type="push"/>
                  </actions>
                </route>
                <route to="in0">
                  <actions>
                    <action arg="2086" type="push"/>
                  </actions>
                </route>
                <route to="in0">
                  <actions>
                    <action arg="2082" type="push"/>
                  </actions>
                </route>
                <route to="in0">
                  <actions>
                    <action arg="2077" type="push"/>
                  </actions>
                </route>
                <route to="in0">
                  <actions>
                    <action arg="2071" type="push"/>
                  </actions>
                </route>
                <route to="in0">
                  <actions>
                    <action arg="2067" type="push"/>
                  </actions>
                </route>
                <route to="in0">
                  <actions>
                    <action arg="2060" type="push"/>
                  </actions>
                </route>
                <route to="in0">
                  <actions>
                    <action arg="2054" type="push"/>
                  </actions>
                </route>
                <route to="in0">
                  <actions>
                    <action arg="2046" type="push"/>
                  </actions>
                </route>
                <route to="in0">
                  <actions>
                    <action arg="2038" type="push"/>
                  </actions>
                </route>
                <route to="in0">
                  <actions>
                    <action arg="2029" type="push"/>
                  </actions>
                </route>
                <route to="in0">
                  <actions>
                    <action arg="2021" type="push"/>
                  </actions>
                </route>
              </routes>
            </te-group>
          </te-groups>
        </destination>
        <destination from="in0" label="137">
          <te-groups>
            <te-group>
              <routes>
                <route to="eg0">
                  <actions>
                    <action type="pop"/>
                  </actions>
                </route>
              </routes>
            </te-group>
          </te-groups>
        </destination>
        <destination from="in0" label="255">
          <te-groups>
            <te-group>
              <routes>
                <route to="eg0">
                  <actions>
                    <action type="pop"/>
                  </actions>
                </route>
              </routes>
            </te-group>
          </te-groups>
        </destination>
        <destination from="in0" label="378">
          <te-groups>
            <te-group>
              <routes>
                <route to="eg0">
                  <actions>
                    <action type="pop"/>
                  </actions>
                </route>
              </routes>
            </te-group>
          </te-groups>
        </destination>
        <destination from="in0" label="478">
          <te-groups>
            <te-group>
              <routes>
                <route to="eg0">
                  <actions>
                    <action type="pop"/>
                  </actions>
                </route>
              </routes>
            </te-group>
          </te-groups>
        </destination>
        <destination from="in0" label="590">
          <te-groups>
            <te-group>
              <routes>
                <route to="eg0">
                  <actions>
                    <action type="pop"/>
                  </actions>
                </route>
              </routes>
            </te-group>
          </te-groups>
        </destination>
        <destination from="in0" label="690">
          <te-groups>
            <te-group>
              <routes>
                <route to="eg0">
                  <actions>
                    <action type="pop"/>
                  </actions>
                </route>
              </routes>
            </te-group>
          </te-groups>
        </destination>
        <destination from="in0" label="791">
          <te-groups>
            <te-group>
              <routes>
                <route to="eg0">
                  <actions>
                    <action type="pop"/>
                  </actions>
                </route>
              </routes>
            </te-group>
          </te-groups>
        </destination>
        <destination from="in0" label="895">
          <te-groups>
            <te-group>
              <routes>
                <route to="eg0">
                  <actions>
                    <action type="pop"/>
                  </actions>
                </route>
              </routes>
            </te-group>
          </te-groups>
        </destination>
        <destination from="in0" label="999">
          <te-groups>
            <te-group>
              <routes>
                <route to="eg0">
                  <actions>
                    <action type="pop"/>
                  </actions>
                </route>
              </routes>
            </te-group>
          </te-groups>
        </destination>
        <destination from="in0" label="1089">
          <te-groups>
            <te-group>
              <routes>
                <route to="eg0">
                  <actions>
                    <action type="pop"/>
                  </actions>
                </route>
              </routes>
            </te-group>
          </te-groups>
        </destination>
        <destination from="in0" label="1176">
          <te-groups>
            <te-group>
              <routes>
                <route to="eg0">
                  <actions>
                    <action type="pop"/>
                  </actions>
                </route>
              </routes>
            </te-group>
          </te-groups>
        </destination>
        <destination from="in0" label="1286">
          <te-groups>
            <te-group>
              <routes>
                <route to="eg0">
                  <actions>
                    <action type="pop"/>
                  </actions>
                </route>
              </routes>
            </te-group>
          </te-groups>
        </destination>
        <destination from="in0" label="1390">
          <te-groups>
            <te-group>
              <routes>
                <route to="eg0">
                  <actions>
                    <action type="pop"/>
                  </actions>
                </route>
              </routes>
            </te-group>
          </te-groups>
        </destination>
        <destination from="in0" label="1500">
          <te-groups>
            <te-group>
              <routes>
                <route to="eg0">
                  <actions>
                    <action type="pop"/>
                  </actions>
                </route>
              </routes>
            </te-group>
          </te-groups>
        </destination>
        <destination from="in0" label="1610">
          <te-groups>
            <te-group>
              <routes>
                <route to="eg0">
                  <actions>
                    <action type="pop"/>
                  </actions>
                </route>
              </routes>
            </te-group>
          </te-groups>
        </destination>
        <destination from="in0" label="1725">
          <te-groups>
            <te-group>
              <routes>
                <route to="eg0">
                  <actions>
                    <action type="pop"/>
                  </actions>
                </route>
              </routes>
            </te-group>
          </te-groups>
        </destination>
        <destination from="in0" label="1862">
          <te-groups>
            <te-group>
              <routes>
                <route to="eg0">
                  <actions>
                    <action type="pop"/>
                  </actions>
                </route>
              </routes>
            </te-group>
          </te-groups>
        </destination>
        <destination from="in0" label="1983">
          <te-groups>
            <te-group>
              <routes>
                <route to="eg0">
                  <actions>
                    <action type="pop"/>
                  </actions>
                </route>
              </routes>
            </te-group>
          </te-groups>
        </destination>
        <destination from="in0" label="2223">
          <te-groups>
            <te-group>
              <routes>
                <route to="eg0">
                  <actions>
                    <action type="pop"/>
                  </actions>
                </route>
              </routes>
            </te-group>
          </te-groups>
        </destination>
        <destination from="in0" label="2336">
          <te-groups>
            <te-group>
              <routes>
                <route to="eg0">
                  <actions>
                    <action type="pop"/>
                  </actions>
                </route>
              </routes>
            </te-group>
          </te-groups>
        </destination>
        <destination from="in0" label="2453">
          <te-groups>
            <te-group>
              <routes>
                <route to="eg0">
                  <actions>
                    <action type="pop"/>
                  </actions>
                </route>
              </routes>
            </te-group>
          </te-groups>
        </destination>
        <destination from="in0" label="2567">
          <te-groups>
            <te-group>
              <routes>
                <route to="eg0">
                  <actions>
                    <action type="pop"/>
                  </actions>
                </route>
              </routes>
            </te-group>
          </te-groups>
        </destination>
        <destination from="in0" label="2662">
          <te-groups>
            <te-group>
              <routes>
                <route to="eg0">
                  <actions>
                    <action type="pop"/>
                  </actions>
                </route>
              </routes>
            </te-group>
          </te-groups>
        </destination>
        <destination from="in0" label="2757">
          <te-groups>
            <te-group>
              <routes>
                <route to="eg0">
                  <actions>
                    <action type="pop"/>
                  </actions>
                </route>
              </routes>
            </te-group>
          </te-groups>
        </destination>
      </destinations>
    </routing>
    <routing for="Chicago">
      <destinations>
        <destination from="eg0" ip="ip">
          <te-groups>
            <te-group>
              <routes>
                <route to="in0">
                  <actions>
                    <action arg="2157" type="push"/>
                  </actions>
                </route>
                <route to="in0">
                  <actions>
                    <action arg="2152" type="push"/>
                  </actions>
                </route>
                <route to="in0">
                  <actions>
                    <action arg="2238" type="push"/>
                  </actions>
                </route>
                <route to="in0">
                  <actions>
                    <action arg="2232" type="push"/>
                  </actions>
                </route>
                <route to="in4">
                  <actions>
                    <action arg="2229" type="push"/>
                  </actions>
                </route>
                <route to="in4">
                  <actions>
                    <action arg="2227" type="push"/>
                  </actions>
                </route>
                <route to="in3">
                  <actions>
                    <action arg="2225" type="push"/>
                  </actions>
                </route>
                <route to="in2">
                  <actions>
                    <action arg="2222" type="push"/>
                  </actions>
                </route>
                <route to="in2">
                  <actions>
                    <action arg="2220" type="push"/>
                  </actions>
                </route>
                <route to="in0">
                  <actions>
                    <action arg="2212" type="push"/>
                  </actions>
                </route>
                <route to="in0">
                  <actions>
                    <action arg="2205" type="push"/>
                  </actions>
                </route>
                <route to="in1">
                  <actions>
                    <action arg="2201" type="push"/>
                  </actions>
                </route>
                <route to="in1">
                  <actions>
                    <action arg="2197" type="push"/>
                  </actions>
                </route>
                <route to="in1">
                  <actions>
                    <action arg="2190" type="push"/>
                  </actions>
                </route>
                <route to="in1">
                  <actions>
                    <action arg="2187" type="push"/>
                  </actions>
                </route>
                <route to="in1">
                  <actions>
                    <action arg="2185" type="push"/>
                  </actions>
                </route>
                <route to="in1">
                  <actions>
                    <action arg="2182" type="push"/>
                  </actions>
                </route>
                <route to="in0">
                  <actions>
                    <action arg="2180" type="push"/>
                  </actions>
                </route>
                <route to="in0">
                  <actions>
                    <action arg="2177" type="push"/>
                  </actions>
                </route>
                <route to="in1">
                  <actions>
                    <action arg="2174" type="push"/>
                  </actions>
                </route>
                <route to="in0">
                  <actions>
                    <action arg="2170" type="push"/>
                  </actions>
                </route>
                <route to="in0">
                  <actions>
                    <action arg="2166" type="push"/>
                  </actions>
                </route>
                <route to="in0">
                  <actions>
                    <action arg="2161" type="push"/>
                  </actions>
                </route>
                <route to="in1">
                  <actions>
                    <action arg="2194" type="push"/>
                  </actions>
                </route>
              </routes>
            </te-group>
            <te-group>
              <routes>
                <route to="in2">
                  <actions>
                    <action arg="2182" type="push"/>
                    <action arg="2852" type="push"/>
                  </actions>
                </route>
                <route to="in2">
                  <actions>
                    <action arg="2185" type="push"/>
                    <action arg="2852" type="push"/>
                  </actions>
                </route>
                <route to="in2">
                  <actions>
                    <action arg="2187" type="push"/>
                    <action arg="2852" type="push"/>
                  </actions>
                </route>
                <route to="in2">
                  <actions>
                    <action arg="2190" type="push"/>
                    <action arg="2852" type="push"/>
                  </actions>
                </route>
                <route to="in2">
                  <actions>
                    <action arg="2194" type="push"/>
                    <action arg="2852" type="push"/>
                  </actions>
                </route>
                <route to="in2">
                  <actions>
                    <action arg="2197" type="push"/>
                    <action arg="2852" type="push"/>
                  </actions>
                </route>
                <route to="in2">
                  <actions>
                    <action arg="2201" type="push"/>
                    <action arg="2852" type="push"/>
                  </actions>
                </route>
                <route to="in1">
                  <actions>
                    <action arg="2220" type="push"/>
                    <action arg="2855" type="push"/>
                  </actions>
                </route>
                <route to="in1">
                  <actions>
                    <action arg="2222" type="push"/>
                    <action arg="2855" type="push"/>
                  </actions>
                </route>
                <route to="in0">
                  <actions>
                    <action arg="2227" type="push"/>
                    <action arg="2861" type="push"/>
                  </actions>
                </route>
                <route to="in0">
                  <actions>
                    <action arg="2229" type="push"/>
                    <action arg="2861" type="push"/>
                  </actions>
                </route>
                <route to="in1">
                  <actions>
                    <action arg="2238" type="push"/>
                    <action arg="2849" type="push"/>
                  </actions>
                </route>
                <route to="in1">
                  <actions>
                    <action arg="2152" type="push"/>
                    <action arg="2849" type="push"/>
                  </actions>
                </route>
                <route to="in1">
                  <actions>
                    <action arg="2157" type="push"/>
                    <action arg="2849" type="push"/>
                  </actions>
                </route>
                <route to="in1">
                  <actions>
                    <action arg="2161" type="push"/>
                    <action arg="2849" type="push"/>
                  </actions>
                </route>
                <route to="in1">
                  <actions>
                    <action arg="2166" type="push"/>
                    <action arg="2849" type="push"/>
                  </actions>
                </route>
                <route to="in1">
                  <actions>
                    <action arg="2170" type="push"/>
                    <action arg="2849" type="push"/>
                  </actions>
                </route>
                <route to="in1">
                  <actions>
                    <action arg="2180" type="push"/>
                    <action arg="2849" type="push"/>
                  </actions>
                </route>
                <route to="in2">
                  <actions>
                    <action arg="2174" type="push"/>
                    <action arg="2852" type="push"/>
                  </actions>
                </route>
                <route to="in1">
                  <actions>
                    <action arg="2232" type="push"/>
                    <action arg="2849" type="push"/>
                  </actions>
                </route>
                <route to="in1">
                  <actions>
                    <action arg="2212" type="push"/>
                    <action arg="2849" type="push"/>
                  </actions>
                </route>
                <route to="in1">
                  <actions>
                    <action arg="2205" type="push"/>
                    <action arg="2849" type="push"/>
                  </actions>
                </route>
                <route to="in1">
                  <actions>
                    <action arg="2177" type="push"/>
                    <action arg="2849" type="push"/>
                  </actions>
                </route>
              </routes>
            </te-group>
            <te-group>
              <routes>
                <route to="in1">
                  <actions>
                    <action arg="2194" type="push"/>
                    <action arg="2852" type="push"/>
                    <action arg="2855" type="push"/>
                  </actions>
                </route>
                <route to="in2">
                  <actions>
                    <action arg="2152" type="push"/>
                    <action arg="2849" type="push"/>
                    <action arg="2852" type="push"/>
                  </actions>
                </route>
                <route to="in1">
                  <actions>
                    <action arg="2201" type="push"/>
                    <action arg="2852" type="push"/>
                    <action arg="2855" type="push"/>
                  </actions>
                </route>
                <route to="in1">
                  <actions>
                    <action arg="2197" type="push"/>
                    <action arg="2852" type="push"/>
                    <action arg="2855" type="push"/>
                  </actions>
                </route>
                <route to="in2">
                  <actions>
                    <action arg="2166" type="push"/>
                    <action arg="2849" type="push"/>
                    <action arg="2852" type="push"/>
                  </actions>
                </route>
                <route to="in1">
                  <actions>
                    <action arg="2190" type="push"/>
                    <action arg="2852" type="push"/>
                    <action arg="2855" type="push"/>
                  </actions>
                </route>
                <route to="in1">
                  <actions>
                    <action arg="2187" type="push"/>
                    <action arg="2852" type="push"/>
                    <action arg="2855" type="push"/>
                  </actions>
                </route>
                <route to="in1">
                  <actions>
                    <action arg="2185" type="push"/>
                    <action arg="2852" type="push"/>
                    <action arg="2855" type="push"/>
                  </actions>
                </route>
                <route to="in1">
                  <actions>
                    <action arg="2182" type="push"/>
                    <action arg="2852" type="push"/>
                    <action arg="2855" type="push"/>
                  </actions>
                </route>
                <route to="in2">
                  <actions>
                    <action arg="2157" type="push"/>
                    <action arg="2849" type="push"/>
                    <action arg="2852" type="push"/>
                  </actions>
                </route>
                <route to="in2">
                  <actions>
                    <action arg="2170" type="push"/>
                    <action arg="2849" type="push"/>
                    <action arg="2852" type="push"/>
                  </actions>
                </route>
                <route to="in2">
                  <actions>
                    <action arg="2177" type="push"/>
                    <action arg="2849" type="push"/>
                    <action arg="2852" type="push"/>
                  </actions>
                </route>
                <route to="in2">
                  <actions>
                    <action arg="2180" type="push"/>
                    <action arg="2849" type="push"/>
                    <action arg="2852" type="push"/>
                  </actions>
                </route>
                <route to="in2">
                  <actions>
                    <action arg="2205" type="push"/>
                    <action arg="2849" type="push"/>
                    <action arg="2852" type="push"/>
                  </actions>
                </route>
                <route to="in2">
                  <actions>
                    <action arg="2212" type="push"/>
                    <action arg="2849" type="push"/>
                    <action arg="2852" type="push"/>
                  </actions>
                </route>
                <route to="in2">
                  <actions>
                    <action arg="2232" type="push"/>
                    <action arg="2849" type="push"/>
                    <action arg="2852" type="push"/>
                  </actions>
                </route>
                <route to="in2">
                  <actions>
                    <action arg="2238" type="push"/>
                    <action arg="2849" type="push"/>
                    <action arg="2852" type="push"/>
                  </actions>
                </route>
                <route to="in2">
                  <actions>
                    <action arg="2161" type="push"/>
                    <action arg="2849" type="push"/>
                    <action arg="2852" type="push"/>
                  </actions>
                </route>
                <route to="in1">
                  <actions>
                    <action arg="2174" type="push"/>
                    <action arg="2852" type="push"/>
                    <action arg="2855" type="push"/>
                  </actions>
                </route>
              </routes>
            </te-group>
            <te-group>
              <routes>
                <route to="in1">
                  <actions>
                    <action arg="2152" type="push"/>
                    <action arg="2849" type="push"/>
                    <action arg="2852" type="push"/>
                    <action arg="2855" type="push"/>
                  </actions>
                </route>
                <route to="in1">
                  <actions>
                    <action arg="2157" type="push"/>
                    <action arg="2849" type="push"/>
                    <action arg="2852" type="push"/>
                    <action arg="2855" type="push"/>
                  </actions>
                </route>
                <route to="in1">
                  <actions>
                    <action arg="2161" type="push"/>
                    <action arg="2849" type="push"/>
                    <action arg="2852" type="push"/>
                    <action arg="2855" type="push"/>
                  </actions>
                </route>
                <route to="in1">
                  <actions>
                    <action arg="2166" type="push"/>
                    <action arg="2849" type="push"/>
                    <action arg="2852" type="push"/>
                    <action arg="2855" type="push"/>
                  </actions>
                </route>
                <route to="in1">
                  <actions>
                    <action arg="2170" type="push"/>
                    <action arg="2849" type="push"/>
                    <action arg="2852" type="push"/>
                    <action arg="2855" type="push"/>
                  </actions>
                </route>
                <route to="in1">
                  <actions>
                    <action arg="2177" type="push"/>
                    <action arg="2849" type="push"/>
                    <action arg="2852" type="push"/>
                    <action arg="2855" type="push"/>
                  </actions>
                </route>
                <route to="in1">
                  <actions>
                    <action arg="2180" type="push"/>
                    <action arg="2849" type="push"/>
                    <action arg="2852" type="push"/>
                    <action arg="2855" type="push"/>
                  </actions>
                </route>
                <route to="in1">
                  <actions>
                    <action arg="2205" type="push"/>
                    <action arg="2849" type="push"/>
                    <action arg="2852" type="push"/>
                    <action arg="2855" type="push"/>
                  </actions>
                </route>
                <route to="in1">
                  <actions>
                    <action arg="2212" type="push"/>
                    <action arg="2849" type="push"/>
                    <action arg="2852" type="push"/>
                    <action arg="2855" type="push"/>
                  </actions>
                </route>
                <route to="in1">
                  <actions>
                    <action arg="2232" type="push"/>
                    <action arg="2849" type="push"/>
                    <action arg="2852" type="push"/>
                    <action arg="2855" type="push"/>
                  </actions>
                </route>
                <route to="in1">
                  <actions>
                    <action arg="2238" type="push"/>
                    <action arg="2849" type="push"/>
                    <action arg="2852" type="push"/>
                    <action arg="2855" type="push"/>
                  </actions>
                </route>
              </routes>
            </te-group>
          </te-groups>
        </destination>
        <destination from="in0" label="142">
          <te-groups>
            <te-group>
              <routes>
                <route to="eg0">
                  <actions>
                    <action type="pop"/>
                  </actions>
                </route>
              </routes>
            </te-group>
          </te-groups>
        </destination>
        <destination from="in0" label="259">
          <te-groups>
            <te-group>
              <routes>
                <route to="eg0">
                  <actions>
                    <action type="pop"/>
                  </actions>
                </route>
              </routes>
            </te-group>
          </te-groups>
        </destination>
        <destination from="in0" label="383">
          <te-groups>
            <te-group>
              <routes>
                <route to="eg0">
                  <actions>
                    <action type="pop"/>
                  </actions>
                </route>
              </routes>
            </te-group>
          </te-groups>
        </destination>
        <destination from="in0" label="482">
          <te-groups>
            <te-group>
              <routes>
                <route to="eg0">
                  <actions>
                    <action type="pop"/>
                  </actions>
                </route>
              </routes>
            </te-group>
          </te-groups>
        </destination>
        <destination from="in0" label="594">
          <te-groups>
            <te-group>
              <routes>
                <route to="eg0">
                  <actions>
                    <action type="pop"/>
                  </actions>
                </route>
              </routes>
            </te-group>
          </te-groups>
        </destination>
        <destination from="in0" label="694">
          <te-groups>
            <te-group>
              <routes>
                <route to="eg0">
                  <actions>
                    <action type="pop"/>
                  </actions>
                </route>
              </routes>
            </te-group>
          </te-groups>
        </destination>
        <destination from="in0" label="794">
          <te-groups>
            <te-group>
              <routes>
                <route to="eg0">
                  <actions>
                    <action type="pop"/>
                  </actions>
                </route>
              </routes>
            </te-group>
          </te-groups>
        </destination>
        <destination from="in0" label="897">
          <te-groups>
            <te-group>
              <routes>
                <route to="eg0">
                  <actions>
                    <action type="pop"/>
                  </actions>
                </route>
              </routes>
            </te-group>
          </te-groups>
        </destination>
        <destination from="in0" label="1002">
          <te-groups>
            <te-group>
              <routes>
                <route to="eg0">
                  <actions>
                    <action type="pop"/>
                  </actions>
                </route>
              </routes>
            </te-group>
          </te-groups>
        </destination>
        <destination from="in0" label="1091">
          <te-groups>
            <te-group>
              <routes>
                <route to="eg0">
                  <actions>
                    <action type="pop"/>
                  </actions>
                </route>
              </routes>
            </te-group>
          </te-groups>
        </destination>
        <destination from="in0" label="1179">
          <te-groups>
            <te-group>
              <routes>
                <route to="eg0">
                  <actions>
                    <action type="pop"/>
                  </actions>
                </route>
              </routes>
            </te-group>
          </te-groups>
        </destination>
        <destination from="in0" label="1290">
          <te-groups>
            <te-group>
              <routes>
                <route to="eg0">
                  <actions>
                    <action type="pop"/>
                  </actions>
                </route>
              </routes>
            </te-group>
          </te-groups>
        </destination>
        <destination from="in0" label="1393">
          <te-groups>
            <te-group>
              <routes>
                <route to="eg0">
                  <actions>
                    <action type="pop"/>
                  </actions>
                </route>
              </routes>
            </te-group>
          </te-groups>
        </destination>
        <destination from="in0" label="1504">
          <te-groups>
            <te-group>
              <routes>
                <route to="eg0">
                  <actions>
                    <action type="pop"/>
                  </actions>
                </route>
              </routes>
            </te-group>
          </te-groups>
        </destination>
        <destination from="in0" label="1730">
          <te-groups>
            <te-group>
              <routes>
                <route to="eg0">
                  <actions>
                    <action type="pop"/>
                  </actions>
                </route>
              </routes>
            </te-group>
          </te-groups>
        </destination>
        <destination from="in0" label="1870">
          <te-groups>
            <te-group>
              <routes>
                <route to="eg0">
                  <actions>
                    <action type="pop"/>
                  </actions>
                </route>
              </routes>
            </te-group>
          </te-groups>
        </destination>
        <destination from="in0" label="2455">
          <te-groups>
            <te-group>
              <routes>
                <route to="eg0">
                  <actions>
                    <action type="pop"/>
                  </actions>
                </route>
              </routes>
            </te-group>
          </te-groups>
        </destination>
        <destination from="in0" label="2570">
          <te-groups>
            <te-group>
              <routes>
                <route to="eg0">
                  <actions>
                    <action type="pop"/>
                  </actions>
                </route>
              </routes>
            </te-group>
          </te-groups>
        </destination>
        <destination from="in0" label="2668">
          <te-groups>
            <te-group>
              <routes>
                <route to="eg0">
                  <actions>
                    <action type="pop"/>
                  </actions>
                </route>
              </routes>
            </te-group>
          </te-groups>
        </destination>
        <destination from="in0" label="2760">
          <te-groups>
            <te-group>
              <routes>
                <route to="eg0">
                  <actions>
                    <action type="pop"/>
                  </actions>
                </route>
              </routes>
            </te-group>
          </te-groups>
        </destination>
        <destination from="in0" label="2787">
          <te-groups>
            <te-group>
              <routes>
                <route to="in1">
                  <actions>
                    <action type="pop"/>
                  </actions>
                </route>
              </routes>
            </te-group>
            <te-group>
              <routes>
                <route to="in2">
                  <actions>
                    <action arg="2852" type="swap"/>
                  </actions>
                </route>
              </routes>
            </te-group>
            <te-group>
              <routes>
                <route to="in1">
                  <actions>
                    <action arg="2852" type="swap"/>
                    <action arg="2855" type="push"/>
                  </actions>
                </route>
              </routes>
            </te-group>
          </te-groups>
        </destination>
        <destination from="in0" label="2791">
          <te-groups>
            <te-group>
              <routes>
                <route to="in0">
                  <actions>
                    <action arg="2790" type="swap"/>
                  </actions>
                </route>
              </routes>
            </te-group>
          </te-groups>
        </destination>
        <destination from="in0" label="2799">
          <te-groups>
            <te-group>
              <routes>
                <route to="in1">
                  <actions>
                    <action arg="2798" type="swap"/>
                  </actions>
                </route>
              </routes>
            </te-group>
            <te-group>
              <routes>
                <route to="in2">
                  <actions>
                    <action arg="2798" type="swap"/>
                    <action arg="2852" type="push"/>
                  </actions>
                </route>
              </routes>
            </te-group>
            <te-group>
              <routes>
                <route to="in1">
                  <actions>
                    <action arg="2798" type="swap"/>
                    <action arg="2852" type="push"/>
                    <action arg="2855" type="push"/>
                  </actions>
                </route>
              </routes>
            </te-group>
          </te-groups>
        </destination>
        <destination from="in0" label="2801">
          <te-groups>
            <te-group>
              <routes>
                <route to="in0">
                  <actions>
                    <action type="pop"/>
                  </actions>
                </route>
              </routes>
            </te-group>
          </te-groups>
        </destination>
        <destination from="in0" label="2806">
          <te-groups>
            <te-group>
              <routes>
                <route to="in1">
                  <actions>
                    <action arg="2805" type="swap"/>
                  </actions>
                </route>
              </routes>
            </te-group>
            <te-group>
              <routes>
                <route to="in2">
                  <actions>
                    <action arg="2805" type="swap"/>
                    <action arg="2852" type="push"/>
                  </actions>
                </route>
              </routes>
            </te-group>
            <te-group>
              <routes>
                <route to="in1">
                  <actions>
                    <action arg="2805" type="swap"/>
                    <action arg="2852" type="push"/>
                    <action arg="2855" type="push"/>
                  </actions>
                </route>
              </routes>
            </te-group>
          </te-groups>
        </destination>
        <destination from="in0" label="2812">
          <te-groups>
            <te-group>
              <routes>
                <route to="in0">
                  <actions>
                    <action arg="2811" type="swap"/>
                  </actions>
                </route>
              </routes>
            </te-group>
          </te-groups>
        </destination>
        <destination from="in0" label="2874">
          <te-groups>
            <te-group>
              <routes>
                <route to="in4">
                  <actions>
                    <action type="pop"/>
                  </actions>
                </route>
              </routes>
            </te-group>
          </te-groups>
        </destination>
        <destination from="in0" label="2891">
          <te-groups>
            <te-group>
              <routes>
                <route to="in4">
                  <actions>
                    <action arg="2890" type="swap"/>
                  </actions>
                </route>
              </routes>
            </te-group>
          </te-groups>
        </destination>
        <destination from="in0" label="$147">
          <te-groups>
            <te-group>
              <routes>
                <route to="in3">
                  <actions>
                    <action arg="148" type="swap"/>
                  </actions>
                </route>
              </routes>
            </te-group>
          </te-groups>
        </destination>
        <destination from="in0" label="$153">
          <te-groups>
            <te-group>
              <routes>
                <route to="in4">
                  <actions>
                    <action arg="154" type="swap"/>
                  </actions>
                </route>
              </routes>
            </te-group>
            <te-group>
              <routes>
                <route to="in0">
                  <actions>
                    <action arg="154" type="swap"/>
                    <action arg="2861" type="push"/>
                  </actions>
                </route>
              </routes>
            </te-group>
          </te-groups>
        </destination>
        <destination from="in0" label="$263">
          <te-groups>
            <te-group>
              <routes>
                <route to="in3">
                  <actions>
                    <action arg="264" type="swap"/>
                  </actions>
                </route>
              </routes>
            </te-group>
          </te-groups>
        </destination>
        <destination from="in0" label="$268">
          <te-groups>
            <te-group>
              <routes>
                <route to="in4">
                  <actions>
                    <action arg="269" type="swap"/>
                  </actions>
                </route>
              </routes>
            </te-group>
            <te-group>
              <routes>
                <route to="in0">
                  <actions>
                    <action arg="269" type="swap"/>
                    <action arg="2861" type="push"/>
                  </actions>
                </route>
              </routes>
            </te-group>
          </te-groups>
        </destination>
        <destination from="in0" label="$273">
          <te-groups>
            <te-group>
              <routes>
                <route to="in4">
                  <actions>
                    <action arg="274" type="swap"/>
                  </actions>
                </route>
              </routes>
            </te-group>
            <te-group>
              <routes>
                <route to="in0">
                  <actions>
                    <action arg="274" type="swap"/>
                    <action arg="2861" type="push"/>
                  </actions>
                </route>
              </routes>
            </te-group>
          </te-groups>
        </destination>
        <destination from="in0" label="$388">
          <te-groups>
            <te-group>
              <routes>
                <route to="in3">
                  <actions>
                    <action arg="389" type="swap"/>
                  </actions>
                </route>
              </routes>
            </te-group>
          </te-groups>
        </destination>
        <destination from="in0" label="$394">
          <te-groups>
            <te-group>
              <routes>
                <route to="in4">
                  <actions>
                    <action arg="395" type="swap"/>
                  </actions>
                </route>
              </routes>
            </te-group>
            <te-group>
              <routes>
                <route to="in0">
                  <actions>
                    <action arg="395" type="swap"/>
                    <action arg="2861" type="push"/>
                  </actions>
                </route>
              </routes>
            </te-group>
          </te-groups>
        </destination>
        <destination from="in0" label="$486">
          <te-groups>
            <te-group>
              <routes>
                <route to="in3">
                  <actions>
                    <action arg="487" type="swap"/>
                  </actions>
                </route>
              </routes>
            </te-group>
          </te-groups>
        </destination>
        <destination from="in0" label="$491">
          <te-groups>
            <te-group>
              <routes>
                <route to="in4">
                  <actions>
                    <action arg="492" type="swap"/>
                  </actions>
                </route>
              </routes>
            </te-group>
            <te-group>
              <routes>
                <route to="in0">
                  <actions>
                    <action arg="492" type="swap"/>
                    <action arg="2861" type="push"/>
                  </actions>
                </route>
              </routes>
            </te-group>
          </te-groups>
        </destination>
        <destination from="in0" label="$598">
          <te-groups>
            <te-group>
              <routes>
                <route to="in3">
                  <actions>
                    <action arg="599" type="swap"/>
                  </actions>
                </route>
              </routes>
            </te-group>
          </te-groups>
        </destination>
        <destination from="in0" label="$603">
          <te-groups>
            <te-group>
              <routes>
                <route to="in4">
                  <actions>
                    <action arg="604" type="swap"/>
                  </actions>
                </route>
              </routes>
            </te-group>
            <te-group>
              <routes>
                <route to="in0">
                  <actions>
                    <action arg="604" type="swap"/>
                    <action arg="2861" type="push"/>
                  </actions>
                </route>
              </routes>
            </te-group>
          </te-groups>
        </destination>
        <destination from="in0" label="$608">
          <te-groups>
            <te-group>
              <routes>
                <route to="in4">
                  <actions>
                    <action arg="609" type="swap"/>
                  </actions>
                </route>
              </routes>
            </te-group>
            <te-group>
              <routes>
                <route to="in0">
                  <actions>
                    <action arg="609" type="swap"/>
                    <action arg="2861" type="push"/>
                  </actions>
                </route>
              </routes>
            </te-group>
          </te-groups>
        </destination>
        <destination from="in0" label="$698">
          <te-groups>
            <te-group>
              <routes>
                <route to="in3">
                  <actions>
                    <action arg="699" type="swap"/>
                  </actions>
                </route>
              </routes>
            </te-group>
          </te-groups>
        </destination>
        <destination from="in0" label="$703">
          <te-groups>
            <te-group>
              <routes>
                <route to="in4">
                  <actions>
                    <action arg="704" type="swap"/>
                  </actions>
                </route>
              </routes>
            </te-group>
            <te-group>
              <routes>
                <route to="in0">
                  <actions>
                    <action arg="704" type="swap"/>
                    <action arg="2861" type="push"/>
                  </actions>
                </route>
              </routes>
            </te-group>
          </te-groups>
        </destination>
        <destination from="in0" label="$708">
          <te-groups>
            <te-group>
              <routes>
                <route to="in4">
                  <actions>
                    <action arg="709" type="swap"/>
                  </actions>
                </route>
              </routes>
            </te-group>
            <te-group>
              <routes>
                <route to="in0">
                  <actions>
                    <action arg="709" type="swap"/>
                    <action arg="2861" type="push"/>
                  </actions>
                </route>
              </routes>
            </te-group>
          </te-groups>
        </destination>
        <destination from="in0" label="$797">
          <te-groups>
            <te-group>
              <routes>
                <route to="in3">
                  <actions>
                    <action arg="798" type="swap"/>
                  </actions>
                </route>
              </routes>
            </te-group>
          </te-groups>
        </destination>
        <destination from="in0" label="$801">
          <te-groups>
            <te-group>
              <routes>
                <route to="in4">
                  <actions>
                    <action arg="802" type="swap"/>
                  </actions>
                </route>
              </routes>
            </te-group>
            <te-group>
              <routes>
                <route to="in0">
                  <actions>
                    <action arg="802" type="swap"/>
                    <action arg="2861" type="push"/>
                  </actions>
                </route>
              </routes>
            </te-group>
          </te-groups>
        </destination>
        <destination from="in0" label="$805">
          <te-groups>
            <te-group>
              <routes>
                <route to="in4">
                  <actions>
                    <action arg="806" type="swap"/>
                  </actions>
                </route>
              </routes>
            </te-group>
            <te-group>
              <routes>
                <route to="in0">
                  <actions>
                    <action arg="806" type="swap"/>
                    <action arg="2861" type="push"/>
                  </actions>
                </route>
              </routes>
            </te-group>
          </te-groups>
        </destination>
        <destination from="in0" label="$890">
          <te-groups>
            <te-group>
              <routes>
                <route to="in2">
                  <actions>
                    <action arg="891" type="swap"/>
                  </actions>
                </route>
              </routes>
            </te-group>
            <te-group>
              <routes>
                <route to="in1">
                  <actions>
                    <action arg="891" type="swap"/>
                    <action arg="2855" type="push"/>
                  </actions>
                </route>
              </routes>
            </te-group>
          </te-groups>
        </destination>
        <destination from="in0" label="$893">
          <te-groups>
            <te-group>
              <routes>
                <route to="in2">
                  <actions>
                    <action arg="894" type="swap"/>
                  </actions>
                </route>
              </routes>
            </te-group>
            <te-group>
              <routes>
                <route to="in1">
                  <actions>
                    <action arg="894" type="swap"/>
                    <action arg="2855" type="push"/>
                  </actions>
                </route>
              </routes>
            </te-group>
          </te-groups>
        </destination>
        <destination from="in0" label="$899">
          <te-groups>
            <te-group>
              <routes>
                <route to="in3">
                  <actions>
                    <action arg="900" type="swap"/>
                  </actions>
                </route>
              </routes>
            </te-group>
          </te-groups>
        </destination>
        <destination from="in0" label="$902">
          <te-groups>
            <te-group>
              <routes>
                <route to="in4">
                  <actions>
                    <action arg="903" type="swap"/>
                  </actions>
                </route>
              </routes>
            </te-group>
            <te-group>
              <routes>
                <route to="in0">
                  <actions>
                    <action arg="903" type="swap"/>
                    <action arg="2861" type="push"/>
                  </actions>
                </route>
              </routes>
            </te-group>
          </te-groups>
        </destination>
        <destination from="in0" label="$905">
          <te-groups>
            <te-group>
              <routes>
                <route to="in4">
                  <actions>
                    <action arg="906" type="swap"/>
                  </actions>
                </route>
              </routes>
            </te-group>
            <te-group>
              <routes>
                <route to="in0">
                  <actions>
                    <action arg="906" type="swap"/>
                    <action arg="2861" type="push"/>
                  </actions>
                </route>
              </routes>
            </te-group>
          </te-groups>
        </destination>
        <destination from="in0" label="$1005">
          <te-groups>
            <te-group>
              <routes>
                <route to="in3">
                  <actions>
                    <action arg="1006" type="swap"/>
                  </actions>
                </route>
              </routes>
            </te-group>
          </te-groups>
        </destination>
        <destination from="in0" label="$1009">
          <te-groups>
            <te-group>
              <routes>
                <route to="in4">
                  <actions>
                    <action arg="1010" type="swap"/>
                  </actions>
                </route>
              </routes>
            </te-group>
            <te-group>
              <routes>
                <route to="in0">
                  <actions>
                    <action arg="1010" type="swap"/>
                    <action arg="2861" type="push"/>
                  </actions>
                </route>
              </routes>
            </te-group>
          </te-groups>
        </destination>
        <destination from="in0" label="$1013">
          <te-groups>
            <te-group>
              <routes>
                <route to="in4">
                  <actions>
                    <action arg="1014" type="swap"/>
                  </actions>
                </route>
              </routes>
            </te-group>
            <te-group>
              <routes>
                <route to="in0">
                  <actions>
                    <action arg="1014" type="swap"/>
                    <action arg="2861" type="push"/>
                  </actions>
                </route>
              </routes>
            </te-group>
          </te-groups>
        </destination>
        <destination from="in0" label="$1030">
          <te-groups>
            <te-group>
              <routes>
                <route to="in0">
                  <actions>
                    <action arg="1031" type="swap"/>
                  </actions>
                </route>
              </routes>
            </te-group>
          </te-groups>
        </destination>
        <destination from="in0" label="$1044">
          <te-groups>
            <te-group>
              <routes>
                <route to="in0">
                  <actions>
                    <action arg="1045" type="swap"/>
                  </actions>
                </route>
              </routes>
            </te-group>
          </te-groups>
        </destination>
        <destination from="in0" label="$1051">
          <te-groups>
            <te-group>
              <routes>
                <route to="in0">
                  <actions>
                    <action arg="1052" type="swap"/>
                  </actions>
                </route>
              </routes>
            </te-group>
          </te-groups>
        </destination>
        <destination from="in0" label="$1055">
          <te-groups>
            <te-group>
              <routes>
                <route to="in0">
                  <actions>
                    <action arg="1056" type="swap"/>
                  </actions>
                </route>
              </routes>
            </te-group>
          </te-groups>
        </destination>
        <destination from="in0" label="$1093">
          <te-groups>
            <te-group>
              <routes>
                <route to="in3">
                  <actions>
                    <action arg="1094" type="swap"/>
                  </actions>
                </route>
              </routes>
            </te-group>
          </te-groups>
        </destination>
        <destination from="in0" label="$1096">
          <te-groups>
            <te-group>
              <routes>
                <route to="in4">
                  <actions>
                    <action arg="1097" type="swap"/>
                  </actions>
                </route>
              </routes>
            </te-group>
            <te-group>
              <routes>
                <route to="in0">
                  <actions>
                    <action arg="1097" type="swap"/>
                    <action arg="2861" type="push"/>
                  </actions>
                </route>
              </routes>
            </te-group>
          </te-groups>
        </destination>
        <destination from="in0" label="$1099">
          <te-groups>
            <te-group>
              <routes>
                <route to="in4">
                  <actions>
                    <action arg="1100" type="swap"/>
                  </actions>
                </route>
              </routes>
            </te-group>
            <te-group>
              <routes>
                <route to="in0">
                  <actions>
                    <action arg="1100" type="swap"/>
                    <action arg="2861" type="push"/>
                  </actions>
                </route>
              </routes>
            </te-group>
          </te-groups>
        </destination>
        <destination from="in0" label="$1182">
          <te-groups>
            <te-group>
              <routes>
                <route to="in3">
                  <actions>
                    <action arg="1183" type="swap"/>
                  </actions>
                </route>
              </routes>
            </te-group>
          </te-groups>
        </destination>
        <destination from="in0" label="$1186">
          <te-groups>
            <te-group>
              <routes>
                <route to="in4">
                  <actions>
                    <action arg="1187" type="swap"/>
                  </actions>
                </route>
              </routes>
            </te-group>
            <te-group>
              <routes>
                <route to="in0">
                  <actions>
                    <action arg="1187" type="swap"/>
                    <action arg="2861" type="push"/>
                  </actions>
                </route>
              </routes>
            </te-group>
          </te-groups>
        </destination>
        <destination from="in0" label="$1190">
          <te-groups>
            <te-group>
              <routes>
                <route to="in4">
                  <actions>
                    <action arg="1191" type="swap"/>
                  </actions>
                </route>
              </routes>
            </te-group>
            <te-group>
              <routes>
                <route to="in0">
                  <actions>
                    <action arg="1191" type="swap"/>
                    <action arg="2861" type="push"/>
                  </actions>
                </route>
              </routes>
            </te-group>
          </te-groups>
        </destination>
        <destination from="in0" label="$1294">
          <te-groups>
            <te-group>
              <routes>
                <route to="in3">
                  <actions>
                    <action arg="1295" type="swap"/>
                  </actions>
                </route>
              </routes>
            </te-group>
          </te-groups>
        </destination>
        <destination from="in0" label="$1299">
          <te-groups>
            <te-group>
              <routes>
                <route to="in4">
                  <actions>
                    <action arg="1300" type="swap"/>
                  </actions>
                </route>
              </routes>
            </te-group>
            <te-group>
              <routes>
                <route to="in0">
                  <actions>
                    <action arg="1300" type="swap"/>
                    <action arg="2861" type="push"/>
                  </actions>
                </route>
              </routes>
            </te-group>
          </te-groups>
        </destination>
        <destination from="in0" label="$1304">
          <te-groups>
            <te-group>
              <routes>
                <route to="in4">
                  <actions>
                    <action arg="1305" type="swap"/>
                  </actions>
                </route>
              </routes>
            </te-group>
            <te-group>
              <routes>
                <route to="in0">
                  <actions>
                    <action arg="1305" type="swap"/>
                    <action arg="2861" type="push"/>
                  </actions>
                </route>
              </routes>
            </te-group>
          </te-groups>
        </destination>
        <destination from="in0" label="$1396">
          <te-groups>
            <te-group>
              <routes>
                <route to="in3">
                  <actions>
                    <action arg="1397" type="swap"/>
                  </actions>
                </route>
              </routes>
            </te-group>
          </te-groups>
        </destination>
        <destination from="in0" label="$1400">
          <te-groups>
            <te-group>
              <routes>
                <route to="in4">
                  <actions>
                    <action arg="1401" type="swap"/>
                  </actions>
                </route>
              </routes>
            </te-group>
            <te-group>
              <routes>
                <route to="in0">
                  <actions>
                    <action arg="1401" type="swap"/>
                    <action arg="2861" type="push"/>
                  </actions>
                </route>
              </routes>
            </te-group>
          </te-groups>
        </destination>
        <destination from="in0" label="$1404">
          <te-groups>
            <te-group>
              <routes>
                <route to="in4">
                  <actions>
                    <action arg="1405" type="swap"/>
                  </actions>
                </route>
              </routes>
            </te-group>
            <te-group>
              <routes>
                <route to="in0">
                  <actions>
                    <action arg="1405" type="swap"/>
                    <action arg="2861" type="push"/>
                  </actions>
                </route>
              </routes>
            </te-group>
          </te-groups>
        </destination>
        <destination from="in0" label="$1508">
          <te-groups>
            <te-group>
              <routes>
                <route to="in3">
                  <actions>
                    <action arg="1509" type="swap"/>
                  </actions>
                </route>
              </routes>
            </te-group>
          </te-groups>
        </destination>
        <destination from="in0" label="$1513">
          <te-groups>
            <te-group>
              <routes>
                <route to="in4">
                  <actions>
                    <action arg="1514" type="swap"/>
                  </actions>
                </route>
              </routes>
            </te-group>
            <te-group>
              <routes>
                <route to="in0">
                  <actions>
                    <action arg="1514" type="swap"/>
                    <action arg="2861" type="push"/>
                  </actions>
                </route>
              </routes>
            </te-group>
          </te-groups>
        </destination>
        <destination from="in0" label="$1518">
          <te-groups>
            <te-group>
              <routes>
                <route to="in4">
                  <actions>
                    <action arg="1519" type="swap"/>
                  </actions>
                </route>
              </routes>
            </te-group>
            <te-group>
              <routes>
                <route to="in0">
                  <actions>
                    <action arg="1519" type="swap"/>
                    <action arg="2861" type="push"/>
                  </actions>
                </route>
              </routes>
            </te-group>
          </te-groups>
        </destination>
        <destination from="in0" label="$1735">
          <te-groups>
            <te-group>
              <routes>
                <route to="in3">
                  <actions>
                    <action arg="1736" type="swap"/>
                  </actions>
                </route>
              </routes>
            </te-group>
          </te-groups>
        </destination>
        <destination from="in0" label="$1741">
          <te-groups>
            <te-group>
              <routes>
                <route to="in4">
                  <actions>
                    <action arg="1742" type="swap"/>
                  </actions>
                </route>
              </routes>
            </te-group>
            <te-group>
              <routes>
                <route to="in0">
                  <actions>
                    <action arg="1742" type="swap"/>
                    <action arg="2861" type="push"/>
                  </actions>
                </route>
              </routes>
            </te-group>
          </te-groups>
        </destination>
        <destination from="in0" label="$1878">
          <te-groups>
            <te-group>
              <routes>
                <route to="in3">
                  <actions>
                    <action arg="1879" type="swap"/>
                  </actions>
                </route>
              </routes>
            </te-group>
          </te-groups>
        </destination>
        <destination from="in0" label="$1887">
          <te-groups>
            <te-group>
              <routes>
                <route to="in4">
                  <actions>
                    <action arg="1888" type="swap"/>
                  </actions>
                </route>
              </routes>
            </te-group>
            <te-group>
              <routes>
                <route to="in0">
                  <actions>
                    <action arg="1888" type="swap"/>
                    <action arg="2861" type="push"/>
                  </actions>
                </route>
              </routes>
            </te-group>
          </te-groups>
        </destination>
        <destination from="in0" label="$2362">
          <te-groups>
            <te-group>
              <routes>
                <route to="in0">
                  <actions>
                    <action arg="2363" type="swap"/>
                  </actions>
                </route>
              </routes>
            </te-group>
            <te-group>
              <routes>
                <route to="in1">
                  <actions>
                    <action arg="2363" type="swap"/>
                    <action arg="2849" type="push"/>
                  </actions>
                </route>
              </routes>
            </te-group>
            <te-group>
              <routes>
                <route to="in2">
                  <actions>
                    <action arg="2363" type="swap"/>
                    <action arg="2849" type="push"/>
                    <action arg="2852" type="push"/>
                  </actions>
                </route>
              </routes>
            </te-group>
            <te-group>
              <routes>
                <route to="in1">
                  <actions>
                    <action arg="2363" type="swap"/>
                    <action arg="2849" type="push"/>
                    <action arg="2852" type="push"/>
                    <action arg="2855" type="push"/>
                  </actions>
                </route>
              </routes>
            </te-group>
          </te-groups>
        </destination>
        <destination from="in0" label="$2368">
          <te-groups>
            <te-group>
              <routes>
                <route to="in0">
                  <actions>
                    <action arg="2369" type="swap"/>
                  </actions>
                </route>
              </routes>
            </te-group>
            <te-group>
              <routes>
                <route to="in1">
                  <actions>
                    <action arg="2369" type="swap"/>
                    <action arg="2849" type="push"/>
                  </actions>
                </route>
              </routes>
            </te-group>
            <te-group>
              <routes>
                <route to="in2">
                  <actions>
                    <action arg="2369" type="swap"/>
                    <action arg="2849" type="push"/>
                    <action arg="2852" type="push"/>
                  </actions>
                </route>
              </routes>
            </te-group>
            <te-group>
              <routes>
                <route to="in1">
                  <actions>
                    <action arg="2369" type="swap"/>
                    <action arg="2849" type="push"/>
                    <action arg="2852" type="push"/>
                    <action arg="2855" type="push"/>
                  </actions>
                </route>
              </routes>
            </te-group>
          </te-groups>
        </destination>
        <destination from="in0" label="$2373">
          <te-groups>
            <te-group>
              <routes>
                <route to="in0">
                  <actions>
                    <action arg="2374" type="swap"/>
                  </actions>
                </route>
              </routes>
            </te-group>
            <te-group>
              <routes>
                <route to="in1">
                  <actions>
                    <action arg="2374" type="swap"/>
                    <action arg="2849" type="push"/>
                  </actions>
                </route>
              </routes>
            </te-group>
            <te-group>
              <routes>
                <route to="in2">
                  <actions>
                    <action arg="2374" type="swap"/>
                    <action arg="2849" type="push"/>
                    <action arg="2852" type="push"/>
                  </actions>
                </route>
              </routes>
            </te-group>
            <te-group>
              <routes>
                <route to="in1">
                  <actions>
                    <action arg="2374" type="swap"/>
                    <action arg="2849" type="push"/>
                    <action arg="2852" type="push"/>
                    <action arg="2855" type="push"/>
                  </actions>
                </route>
              </routes>
            </te-group>
          </te-groups>
        </destination>
        <destination from="in0" label="$2379">
          <te-groups>
            <te-group>
              <routes>
                <route to="in0">
                  <actions>
                    <action arg="2380" type="swap"/>
                  </actions>
                </route>
              </routes>
            </te-group>
            <te-group>
              <routes>
                <route to="in1">
                  <actions>
                    <action arg="2380" type="swap"/>
                    <action arg="2849" type="push"/>
                  </actions>
                </route>
              </routes>
            </te-group>
            <te-group>
              <routes>
                <route to="in2">
                  <actions>
                    <action arg="2380" type="swap"/>
                    <action arg="2849" type="push"/>
                    <action arg="2852" type="push"/>
                  </actions>
                </route>
              </routes>
            </te-group>
            <te-group>
              <routes>
                <route to="in1">
                  <actions>
                    <action arg="2380" type="swap"/>
                    <action arg="2849" type="push"/>
                    <action arg="2852" type="push"/>
                    <action arg="2855" type="push"/>
                  </actions>
                </route>
              </routes>
            </te-group>
          </te-groups>
        </destination>
        <destination from="in0" label="$2384">
          <te-groups>
            <te-group>
              <routes>
                <route to="in0">
                  <actions>
                    <action arg="2385" type="swap"/>
                  </actions>
                </route>
              </routes>
            </te-group>
            <te-group>
              <routes>
                <route to="in1">
                  <actions>
                    <action arg="2385" type="swap"/>
                    <action arg="2849" type="push"/>
                  </actions>
                </route>
              </routes>
            </te-group>
            <te-group>
              <routes>
                <route to="in2">
                  <actions>
                    <action arg="2385" type="swap"/>
                    <action arg="2849" type="push"/>
                    <action arg="2852" type="push"/>
                  </actions>
                </route>
              </routes>
            </te-group>
            <te-group>
              <routes>
                <route to="in1">
                  <actions>
                    <action arg="2385" type="swap"/>
                    <action arg="2849" type="push"/>
                    <action arg="2852" type="push"/>
                    <action arg="2855" type="push"/>
                  </actions>
                </route>
              </routes>
            </te-group>
          </te-groups>
        </destination>
        <destination from="in0" label="$2389">
          <te-groups>
            <te-group>
              <routes>
                <route to="in0">
                  <actions>
                    <action arg="2390" type="swap"/>
                  </actions>
                </route>
              </routes>
            </te-group>
            <te-group>
              <routes>
                <route to="in1">
                  <actions>
                    <action arg="2390" type="swap"/>
                    <action arg="2849" type="push"/>
                  </actions>
                </route>
              </routes>
            </te-group>
            <te-group>
              <routes>
                <route to="in2">
                  <actions>
                    <action arg="2390" type="swap"/>
                    <action arg="2849" type="push"/>
                    <action arg="2852" type="push"/>
                  </actions>
                </route>
              </routes>
            </te-group>
            <te-group>
              <routes>
                <route to="in1">
                  <actions>
                    <action arg="2390" type="swap"/>
                    <action arg="2849" type="push"/>
                    <action arg="2852" type="push"/>
                    <action arg="2855" type="push"/>
                  </actions>
                </route>
              </routes>
            </te-group>
          </te-groups>
        </destination>
        <destination from="in0" label="$2394">
          <te-groups>
            <te-group>
              <routes>
                <route to="in0">
                  <actions>
                    <action arg="2395" type="swap"/>
                  </actions>
                </route>
              </routes>
            </te-group>
            <te-group>
              <routes>
                <route to="in1">
                  <actions>
                    <action arg="2395" type="swap"/>
                    <action arg="2849" type="push"/>
                  </actions>
                </route>
              </routes>
            </te-group>
            <te-group>
              <routes>
                <route to="in2">
                  <actions>
                    <action arg="2395" type="swap"/>
                    <action arg="2849" type="push"/>
                    <action arg="2852" type="push"/>
                  </actions>
                </route>
              </routes>
            </te-group>
            <te-group>
              <routes>
                <route to="in1">
                  <actions>
                    <action arg="2395" type="swap"/>
                    <action arg="2849" type="push"/>
                    <action arg="2852" type="push"/>
                    <action arg="2855" type="push"/>
                  </actions>
                </route>
              </routes>
            </te-group>
          </te-groups>
        </destination>
        <destination from="in0" label="$2398">
          <te-groups>
            <te-group>
              <routes>
                <route to="in0">
                  <actions>
                    <action arg="2399" type="swap"/>
                  </actions>
                </route>
              </routes>
            </te-group>
            <te-group>
              <routes>
                <route to="in1">
                  <actions>
                    <action arg="2399" type="swap"/>
                    <action arg="2849" type="push"/>
                  </actions>
                </route>
              </routes>
            </te-group>
            <te-group>
              <routes>
                <route to="in2">
                  <actions>
                    <action arg="2399" type="swap"/>
                    <action arg="2849" type="push"/>
                    <action arg="2852" type="push"/>
                  </actions>
                </route>
              </routes>
            </te-group>
            <te-group>
              <routes>
                <route to="in1">
                  <actions>
                    <action arg="2399" type="swap"/>
                    <action arg="2849" type="push"/>
                    <action arg="2852" type="push"/>
                    <action arg="2855" type="push"/>
                  </actions>
                </route>
              </routes>
            </te-group>
          </te-groups>
        </destination>
        <destination from="in0" label="$2401">
          <te-groups>
            <te-group>
              <routes>
                <route to="in1">
                  <actions>
                    <action arg="2402" type="swap"/>
                  </actions>
                </route>
              </routes>
            </te-group>
            <te-group>
              <routes>
                <route to="in2">
                  <actions>
                    <action arg="2402" type="swap"/>
                    <action arg="2852" type="push"/>
                  </actions>
                </route>
              </routes>
            </te-group>
            <te-group>
              <routes>
                <route to="in1">
                  <actions>
                    <action arg="2402" type="swap"/>
                    <action arg="2852" type="push"/>
                    <action arg="2855" type="push"/>
                  </actions>
                </route>
              </routes>
            </te-group>
          </te-groups>
        </destination>
        <destination from="in0" label="$2405">
          <te-groups>
            <te-group>
              <routes>
                <route to="in1">
                  <actions>
                    <action arg="2406" type="swap"/>
                  </actions>
                </route>
              </routes>
            </te-group>
            <te-group>
              <routes>
                <route to="in2">
                  <actions>
                    <action arg="2406" type="swap"/>
                    <action arg="2852" type="push"/>
                  </actions>
                </route>
              </routes>
            </te-group>
            <te-group>
              <routes>
                <route to="in1">
                  <actions>
                    <action arg="2406" type="swap"/>
                    <action arg="2852" type="push"/>
                    <action arg="2855" type="push"/>
                  </actions>
                </route>
              </routes>
            </te-group>
          </te-groups>
        </destination>
        <destination from="in0" label="$2408">
          <te-groups>
            <te-group>
              <routes>
                <route to="in1">
                  <actions>
                    <action arg="2409" type="swap"/>
                  </actions>
                </route>
              </routes>
            </te-group>
            <te-group>
              <routes>
                <route to="in2">
                  <actions>
                    <action arg="2409" type="swap"/>
                    <action arg="2852" type="push"/>
                  </actions>
                </route>
              </routes>
            </te-group>
            <te-group>
              <routes>
                <route to="in1">
                  <actions>
                    <action arg="2409" type="swap"/>
                    <action arg="2852" type="push"/>
                    <action arg="2855" type="push"/>
                  </actions>
                </route>
              </routes>
            </te-group>
          </te-groups>
        </destination>
        <destination from="in0" label="$2412">
          <te-groups>
            <te-group>
              <routes>
                <route to="in1">
                  <actions>
                    <action arg="2413" type="swap"/>
                  </actions>
                </route>
              </routes>
            </te-group>
            <te-group>
              <routes>
                <route to="in2">
                  <actions>
                    <action arg="2413" type="swap"/>
                    <action arg="2852" type="push"/>
                  </actions>
                </route>
              </routes>
            </te-group>
            <te-group>
              <routes>
                <route to="in1">
                  <actions>
                    <action arg="2413" type="swap"/>
                    <action arg="2852" type="push"/>
                    <action arg="2855" type="push"/>
                  </actions>
                </route>
              </routes>
            </te-group>
          </te-groups>
        </destination>
        <destination from="in0" label="$2417">
          <te-groups>
            <te-group>
              <routes>
                <route to="in1">
                  <actions>
                    <action arg="2418" type="swap"/>
                  </actions>
                </route>
              </routes>
            </te-group>
            <te-group>
              <routes>
                <route to="in2">
                  <actions>
                    <action arg="2418" type="swap"/>
                    <action arg="2852" type="push"/>
                  </actions>
                </route>
              </routes>
            </te-group>
            <te-group>
              <routes>
                <route to="in1">
                  <actions>
                    <action arg="2418" type="swap"/>
                    <action arg="2852" type="push"/>
                    <action arg="2855" type="push"/>
                  </actions>
                </route>
              </routes>
            </te-group>
          </te-groups>
        </destination>
        <destination from="in0" label="$2421">
          <te-groups>
            <te-group>
              <routes>
                <route to="in1">
                  <actions>
                    <action arg="2422" type="swap"/>
                  </actions>
                </route>
              </routes>
            </te-group>
            <te-group>
              <routes>
                <route to="in2">
                  <actions>
                    <action arg="2422" type="swap"/>
                    <action arg="2852" type="push"/>
                  </actions>
                </route>
              </routes>
            </te-group>
            <te-group>
              <routes>
                <route to="in1">
                  <actions>
                    <action arg="2422" type="swap"/>
                    <action arg="2852" type="push"/>
                    <action arg="2855" type="push"/>
                  </actions>
                </route>
              </routes>
            </te-group>
          </te-groups>
        </destination>
        <destination from="in0" label="$2426">
          <te-groups>
            <te-group>
              <routes>
                <route to="in1">
                  <actions>
                    <action arg="2427" type="swap"/>
                  </actions>
                </route>
              </routes>
            </te-group>
            <te-group>
              <routes>
                <route to="in2">
                  <actions>
                    <action arg="2427" type="swap"/>
                    <action arg="2852" type="push"/>
                  </actions>
                </route>
              </routes>
            </te-group>
            <te-group>
              <routes>
                <route to="in1">
                  <actions>
                    <action arg="2427" type="swap"/>
                    <action arg="2852" type="push"/>
                    <action arg="2855" type="push"/>
                  </actions>
                </route>
              </routes>
            </te-group>
          </te-groups>
        </destination>
        <destination from="in0" label="$2431">
          <te-groups>
            <te-group>
              <routes>
                <route to="in0">
                  <actions>
                    <action arg="2432" type="swap"/>
                  </actions>
                </route>
              </routes>
            </te-group>
            <te-group>
              <routes>
                <route to="in1">
                  <actions>
                    <action arg="2432" type="swap"/>
                    <action arg="2849" type="push"/>
                  </actions>
                </route>
              </routes>
            </te-group>
            <te-group>
              <routes>
                <route to="in2">
                  <actions>
                    <action arg="2432" type="swap"/>
                    <action arg="2849" type="push"/>
                    <action arg="2852" type="push"/>
                  </actions>
                </route>
              </routes>
            </te-group>
            <te-group>
              <routes>
                <route to="in1">
                  <actions>
                    <action arg="2432" type="swap"/>
                    <action arg="2849" type="push"/>
                    <action arg="2852" type="push"/>
                    <action arg="2855" type="push"/>
                  </actions>
                </route>
              </routes>
            </te-group>
          </te-groups>
        </destination>
        <destination from="in0" label="$2439">
          <te-groups>
            <te-group>
              <routes>
                <route to="in0">
                  <actions>
                    <action arg="2440" type="swap"/>
                  </actions>
                </route>
              </routes>
            </te-group>
            <te-group>
              <routes>
                <route to="in1">
                  <actions>
                    <action arg="2440" type="swap"/>
                    <action arg="2849" type="push"/>
                  </actions>
                </route>
              </routes>
            </te-group>
            <te-group>
              <routes>
                <route to="in2">
                  <actions>
                    <action arg="2440" type="swap"/>
                    <action arg="2849" type="push"/>
                    <action arg="2852" type="push"/>
                  </actions>
                </route>
              </routes>
            </te-group>
            <te-group>
              <routes>
                <route to="in1">
                  <actions>
                    <action arg="2440" type="swap"/>
                    <action arg="2849" type="push"/>
                    <action arg="2852" type="push"/>
                    <action arg="2855" type="push"/>
                  </actions>
                </route>
              </routes>
            </te-group>
          </te-groups>
        </destination>
        <destination from="in0" label="$2448">
          <te-groups>
            <te-group>
              <routes>
                <route to="in2">
                  <actions>
                    <action arg="2449" type="swap"/>
                  </actions>
                </route>
              </routes>
            </te-group>
            <te-group>
              <routes>
                <route to="in1">
                  <actions>
                    <action arg="2449" type="swap"/>
                    <action arg="2855" type="push"/>
                  </actions>
                </route>
              </routes>
            </te-group>
          </te-groups>
        </destination>
        <destination from="in0" label="$2451">
          <te-groups>
            <te-group>
              <routes>
                <route to="in2">
                  <actions>
                    <action arg="2452" type="swap"/>
                  </actions>
                </route>
              </routes>
            </te-group>
            <te-group>
              <routes>
                <route to="in1">
                  <actions>
                    <action arg="2452" type="swap"/>
                    <action arg="2855" type="push"/>
                  </actions>
                </route>
              </routes>
            </te-group>
          </te-groups>
        </destination>
        <destination from="in0" label="$2457">
          <te-groups>
            <te-group>
              <routes>
                <route to="in3">
                  <actions>
                    <action arg="2458" type="swap"/>
                  </actions>
                </route>
              </routes>
            </te-group>
          </te-groups>
        </destination>
        <destination from="in0" label="$2462">
          <te-groups>
            <te-group>
              <routes>
                <route to="in0">
                  <actions>
                    <action arg="2463" type="swap"/>
                  </actions>
                </route>
              </routes>
            </te-group>
            <te-group>
              <routes>
                <route to="in1">
                  <actions>
                    <action arg="2463" type="swap"/>
                    <action arg="2849" type="push"/>
                  </actions>
                </route>
              </routes>
            </te-group>
            <te-group>
              <routes>
                <route to="in2">
                  <actions>
                    <action arg="2463" type="swap"/>
                    <action arg="2849" type="push"/>
                    <action arg="2852" type="push"/>
                  </actions>
                </route>
              </routes>
            </te-group>
            <te-group>
              <routes>
                <route to="in1">
                  <actions>
                    <action arg="2463" type="swap"/>
                    <action arg="2849" type="push"/>
                    <action arg="2852" type="push"/>
                    <action arg="2855" type="push"/>
                  </actions>
                </route>
              </routes>
            </te-group>
          </te-groups>
        </destination>
        <destination from="in0" label="$2469">
          <te-groups>
            <te-group>
              <routes>
                <route to="in0">
                  <actions>
                    <action arg="2470" type="swap"/>
                  </actions>
                </route>
              </routes>
            </te-group>
            <te-group>
              <routes>
                <route to="in1">
                  <actions>
                    <action arg="2470" type="swap"/>
                    <action arg="2849" type="push"/>
                  </actions>
                </route>
              </routes>
            </te-group>
            <te-group>
              <routes>
                <route to="in2">
                  <actions>
                    <action arg="2470" type="swap"/>
                    <action arg="2849" type="push"/>
                    <action arg="2852" type="push"/>
                  </actions>
                </route>
              </routes>
            </te-group>
            <te-group>
              <routes>
                <route to="in1">
                  <actions>
                    <action arg="2470" type="swap"/>
                    <action arg="2849" type="push"/>
                    <action arg="2852" type="push"/>
                    <action arg="2855" type="push"/>
                  </actions>
                </route>
              </routes>
            </te-group>
          </te-groups>
        </destination>
        <destination from="in0" label="$2483">
          <te-groups>
            <te-group>
              <routes>
                <route to="in0">
                  <actions>
                    <action arg="2484" type="swap"/>
                  </actions>
                </route>
              </routes>
            </te-group>
            <te-group>
              <routes>
                <route to="in1">
                  <actions>
                    <action arg="2484" type="swap"/>
                    <action arg="2849" type="push"/>
                  </actions>
                </route>
              </routes>
            </te-group>
            <te-group>
              <routes>
                <route to="in2">
                  <actions>
                    <action arg="2484" type="swap"/>
                    <action arg="2849" type="push"/>
                    <action arg="2852" type="push"/>
                  </actions>
                </route>
              </routes>
            </te-group>
            <te-group>
              <routes>
                <route to="in1">
                  <actions>
                    <action arg="2484" type="swap"/>
                    <action arg="2849" type="push"/>
                    <action arg="2852" type="push"/>
                    <action arg="2855" type="push"/>
                  </actions>
                </route>
              </routes>
            </te-group>
          </te-groups>
        </destination>
        <destination from="in0" label="$2496">
          <te-groups>
            <te-group>
              <routes>
                <route to="in0">
                  <actions>
                    <action arg="2497" type="swap"/>
                  </actions>
                </route>
              </routes>
            </te-group>
            <te-group>
              <routes>
                <route to="in1">
                  <actions>
                    <action arg="2497" type="swap"/>
                    <action arg="2849" type="push"/>
                  </actions>
                </route>
              </routes>
            </te-group>
            <te-group>
              <routes>
                <route to="in2">
                  <actions>
                    <action arg="2497" type="swap"/>
                    <action arg="2849" type="push"/>
                    <action arg="2852" type="push"/>
                  </actions>
                </route>
              </routes>
            </te-group>
            <te-group>
              <routes>
                <route to="in1">
                  <actions>
                    <action arg="2497" type="swap"/>
                    <action arg="2849" type="push"/>
                    <action arg="2852" type="push"/>
                    <action arg="2855" type="push"/>
                  </actions>
                </route>
              </routes>
            </te-group>
          </te-groups>
        </destination>
        <destination from="in0" label="$2502">
          <te-groups>
            <te-group>
              <routes>
                <route to="in0">
                  <actions>
                    <action arg="2503" type="swap"/>
                  </actions>
                </route>
              </routes>
            </te-group>
            <te-group>
              <routes>
                <route to="in1">
                  <actions>
                    <action arg="2503" type="swap"/>
                    <action arg="2849" type="push"/>
                  </actions>
                </route>
              </routes>
            </te-group>
            <te-group>
              <routes>
                <route to="in2">
                  <actions>
                    <action arg="2503" type="swap"/>
                    <action arg="2849" type="push"/>
                    <action arg="2852" type="push"/>
                  </actions>
                </route>
              </routes>
            </te-group>
            <te-group>
              <routes>
                <route to="in1">
                  <actions>
                    <action arg="2503" type="swap"/>
                    <action arg="2849" type="push"/>
                    <action arg="2852" type="push"/>
                    <action arg="2855" type="push"/>
                  </actions>
                </route>
              </routes>
            </te-group>
          </te-groups>
        </destination>
        <destination from="in0" label="$2508">
          <te-groups>
            <te-group>
              <routes>
                <route to="in0">
                  <actions>
                    <action arg="2509" type="swap"/>
                  </actions>
                </route>
              </routes>
            </te-group>
            <te-group>
              <routes>
                <route to="in1">
                  <actions>
                    <action arg="2509" type="swap"/>
                    <action arg="2849" type="push"/>
                  </actions>
                </route>
              </routes>
            </te-group>
            <te-group>
              <routes>
                <route to="in2">
                  <actions>
                    <action arg="2509" type="swap"/>
                    <action arg="2849" type="push"/>
                    <action arg="2852" type="push"/>
                  </actions>
                </route>
              </routes>
            </te-group>
            <te-group>
              <routes>
                <route to="in1">
                  <actions>
                    <action arg="2509" type="swap"/>
                    <action arg="2849" type="push"/>
                    <action arg="2852" type="push"/>
                    <action arg="2855" type="push"/>
                  </actions>
                </route>
              </routes>
            </te-group>
          </te-groups>
        </destination>
        <destination from="in0" label="$2513">
          <te-groups>
            <te-group>
              <routes>
                <route to="in0">
                  <actions>
                    <action arg="2514" type="swap"/>
                  </actions>
                </route>
              </routes>
            </te-group>
            <te-group>
              <routes>
                <route to="in1">
                  <actions>
                    <action arg="2514" type="swap"/>
                    <action arg="2849" type="push"/>
                  </actions>
                </route>
              </routes>
            </te-group>
            <te-group>
              <routes>
                <route to="in2">
                  <actions>
                    <action arg="2514" type="swap"/>
                    <action arg="2849" type="push"/>
                    <action arg="2852" type="push"/>
                  </actions>
                </route>
              </routes>
            </te-group>
            <te-group>
              <routes>
                <route to="in1">
                  <actions>
                    <action arg="2514" type="swap"/>
                    <action arg="2849" type="push"/>
                    <action arg="2852" type="push"/>
                    <action arg="2855" type="push"/>
                  </actions>
                </route>
              </routes>
            </te-group>
          </te-groups>
        </destination>
        <destination from="in0" label="$2517">
          <te-groups>
            <te-group>
              <routes>
                <route to="in1">
                  <actions>
                    <action arg="2518" type="swap"/>
                  </actions>
                </route>
              </routes>
            </te-group>
            <te-group>
              <routes>
                <route to="in2">
                  <actions>
                    <action arg="2518" type="swap"/>
                    <action arg="2852" type="push"/>
                  </actions>
                </route>
              </routes>
            </te-group>
            <te-group>
              <routes>
                <route to="in1">
                  <actions>
                    <action arg="2518" type="swap"/>
                    <action arg="2852" type="push"/>
                    <action arg="2855" type="push"/>
                  </actions>
                </route>
              </routes>
            </te-group>
          </te-groups>
        </destination>
        <destination from="in0" label="$2522">
          <te-groups>
            <te-group>
              <routes>
                <route to="in1">
                  <actions>
                    <action arg="2523" type="swap"/>
                  </actions>
                </route>
              </routes>
            </te-group>
            <te-group>
              <routes>
                <route to="in2">
                  <actions>
                    <action arg="2523" type="swap"/>
                    <action arg="2852" type="push"/>
                  </actions>
                </route>
              </routes>
            </te-group>
            <te-group>
              <routes>
                <route to="in1">
                  <actions>
                    <action arg="2523" type="swap"/>
                    <action arg="2852" type="push"/>
                    <action arg="2855" type="push"/>
                  </actions>
                </route>
              </routes>
            </te-group>
          </te-groups>
        </destination>
        <destination from="in0" label="$2526">
          <te-groups>
            <te-group>
              <routes>
                <route to="in1">
                  <actions>
                    <action arg="2527" type="swap"/>
                  </actions>
                </route>
              </routes>
            </te-group>
            <te-group>
              <routes>
                <route to="in2">
                  <actions>
                    <action arg="2527" type="swap"/>
                    <action arg="2852" type="push"/>
                  </actions>
                </route>
              </routes>
            </te-group>
            <te-group>
              <routes>
                <route to="in1">
                  <actions>
                    <action arg="2527" type="swap"/>
                    <action arg="2852" type="push"/>
                    <action arg="2855" type="push"/>
                  </actions>
                </route>
              </routes>
            </te-group>
          </te-groups>
        </destination>
        <destination from="in0" label="$2531">
          <te-groups>
            <te-group>
              <routes>
                <route to="in1">
                  <actions>
                    <action arg="2532" type="swap"/>
                  </actions>
                </route>
              </routes>
            </te-group>
            <te-group>
              <routes>
                <route to="in2">
                  <actions>
                    <action arg="2532" type="swap"/>
                    <action arg="2852" type="push"/>
                  </actions>
                </route>
              </routes>
            </te-group>
            <te-group>
              <routes>
                <route to="in1">
                  <actions>
                    <action arg="2532" type="swap"/>
                    <action arg="2852" type="push"/>
                    <action arg="2855" type="push"/>
                  </actions>
                </route>
              </routes>
            </te-group>
          </te-groups>
        </destination>
        <destination from="in0" label="$2537">
          <te-groups>
            <te-group>
              <routes>
                <route to="in1">
                  <actions>
                    <action arg="2538" type="swap"/>
                  </actions>
                </route>
              </routes>
            </te-group>
            <te-group>
              <routes>
                <route to="in2">
                  <actions>
                    <action arg="2538" type="swap"/>
                    <action arg="2852" type="push"/>
                  </actions>
                </route>
              </routes>
            </te-group>
            <te-group>
              <routes>
                <route to="in1">
                  <actions>
                    <action arg="2538" type="swap"/>
                    <action arg="2852" type="push"/>
                    <action arg="2855" type="push"/>
                  </actions>
                </route>
              </routes>
            </te-group>
          </te-groups>
        </destination>
        <destination from="in0" label="$2542">
          <te-groups>
            <te-group>
              <routes>
                <route to="in1">
                  <actions>
                    <action arg="2543" type="swap"/>
                  </actions>
                </route>
              </routes>
            </te-group>
            <te-group>
              <routes>
                <route to="in2">
                  <actions>
                    <action arg="2543" type="swap"/>
                    <action arg="2852" type="push"/>
                  </actions>
                </route>
              </routes>
            </te-group>
            <te-group>
              <routes>
                <route to="in1">
                  <actions>
                    <action arg="2543" type="swap"/>
                    <action arg="2852" type="push"/>
                    <action arg="2855" type="push"/>
                  </actions>
                </route>
              </routes>
            </te-group>
          </te-groups>
        </destination>
        <destination from="in0" label="$2548">
          <te-groups>
            <te-group>
              <routes>
                <route to="in1">
                  <actions>
                    <action arg="2549" type="swap"/>
                  </actions>
                </route>
              </routes>
            </te-group>
            <te-group>
              <routes>
                <route to="in2">
                  <actions>
                    <action arg="2549" type="swap"/>
                    <action arg="2852" type="push"/>
                  </actions>
                </route>
              </routes>
            </te-group>
            <te-group>
              <routes>
                <route to="in1">
                  <actions>
                    <action arg="2549" type="swap"/>
                    <action arg="2852" type="push"/>
                    <action arg="2855" type="push"/>
                  </actions>
                </route>
              </routes>
            </te-group>
          </te-groups>
        </destination>
        <destination from="in0" label="$2561">
          <te-groups>
            <te-group>
              <routes>
                <route to="in2">
                  <actions>
                    <action arg="2562" type="swap"/>
                  </actions>
                </route>
              </routes>
            </te-group>
            <te-group>
              <routes>
                <route to="in1">
                  <actions>
                    <action arg="2562" type="swap"/>
                    <action arg="2855" type="push"/>
                  </actions>
                </route>
              </routes>
            </te-group>
          </te-groups>
        </destination>
        <destination from="in0" label="$2565">
          <te-groups>
            <te-group>
              <routes>
                <route to="in2">
                  <actions>
                    <action arg="2566" type="swap"/>
                  </actions>
                </route>
              </routes>
            </te-group>
            <te-group>
              <routes>
                <route to="in1">
                  <actions>
                    <action arg="2566" type="swap"/>
                    <action arg="2855" type="push"/>
                  </actions>
                </route>
              </routes>
            </te-group>
          </te-groups>
        </destination>
        <destination from="in0" label="$2573">
          <te-groups>
            <te-group>
              <routes>
                <route to="in3">
                  <actions>
                    <action arg="2574" type="swap"/>
                  </actions>
                </route>
              </routes>
            </te-group>
          </te-groups>
        </destination>
        <destination from="in0" label="$2674">
          <te-groups>
            <te-group>
              <routes>
                <route to="in3">
                  <actions>
                    <action arg="2675" type="swap"/>
                  </actions>
                </route>
              </routes>
            </te-group>
          </te-groups>
        </destination>
        <destination from="in0" label="$2763">
          <te-groups>
            <te-group>
              <routes>
                <route to="in3">
                  <actions>
                    <action arg="2764" type="swap"/>
                  </actions>
                </route>
              </routes>
            </te-group>
          </te-groups>
        </destination>
        <destination from="in0" label="$2767">
          <te-groups>
            <te-group>
              <routes>
                <route to="in4">
                  <actions>
                    <action arg="2768" type="swap"/>
                  </actions>
                </route>
              </routes>
            </te-group>
            <te-group>
              <routes>
                <route to="in0">
                  <actions>
                    <action arg="2768" type="swap"/>
                    <action arg="2861" type="push"/>
                  </actions>
                </route>
              </routes>
            </te-group>
          </te-groups>
        </destination>
        <destination from="in1" label="142">
          <te-groups>
            <te-group>
              <routes>
                <route to="eg0">
                  <actions>
                    <action type="pop"/>
                  </actions>
                </route>
              </routes>
            </te-group>
          </te-groups>
        </destination>
        <destination from="in1" label="259">
          <te-groups>
            <te-group>
              <routes>
                <route to="eg0">
                  <actions>
                    <action type="pop"/>
                  </actions>
                </route>
              </routes>
            </te-group>
          </te-groups>
        </destination>
        <destination from="in1" label="383">
          <te-groups>
            <te-group>
              <routes>
                <route to="eg0">
                  <actions>
                    <action type="pop"/>
                  </actions>
                </route>
              </routes>
            </te-group>
          </te-groups>
        </destination>
        <destination from="in1" label="482">
          <te-groups>
            <te-group>
              <routes>
                <route to="eg0">
                  <actions>
                    <action type="pop"/>
                  </actions>
                </route>
              </routes>
            </te-group>
          </te-groups>
        </destination>
        <destination from="in1" label="594">
          <te-groups>
            <te-group>
              <routes>
                <route to="eg0">
                  <actions>
                    <action type="pop"/>
                  </actions>
                </route>
              </routes>
            </te-group>
          </te-groups>
        </destination>
        <destination from="in1" label="694">
          <te-groups>
            <te-group>
              <routes>
                <route to="eg0">
                  <actions>
                    <action type="pop"/>
                  </actions>
                </route>
              </routes>
            </te-group>
          </te-groups>
        </destination>
        <destination from="in1" label="794">
          <te-groups>
            <te-group>
              <routes>
                <route to="eg0">
                  <actions>
                    <action type="pop"/>
                  </actions>
                </route>
              </routes>
            </te-group>
          </te-groups>
        </destination>
        <destination from="in1" label="897">
          <te-groups>
            <te-group>
              <routes>
                <route to="eg0">
                  <actions>
                    <action type="pop"/>
                  </actions>
                </route>
              </routes>
            </te-group>
          </te-groups>
        </destination>
        <destination from="in1" label="1002">
          <te-groups>
            <te-group>
              <routes>
                <route to="eg0">
                  <actions>
                    <action type="pop"/>
                  </actions>
                </route>
              </routes>
            </te-group>
          </te-groups>
        </destination>
        <destination from="in1" label="1091">
          <te-groups>
            <te-group>
              <routes>
                <route to="eg0">
                  <actions>
                    <action type="pop"/>
                  </actions>
                </route>
              </routes>
            </te-group>
          </te-groups>
        </destination>
        <destination from="in1" label="1179">
          <te-groups>
            <te-group>
              <routes>
                <route to="eg0">
                  <actions>
                    <action type="pop"/>
                  </actions>
                </route>
              </routes>
            </te-group>
          </te-groups>
        </destination>
        <destination from="in1" label="1290">
          <te-groups>
            <te-group>
              <routes>
                <route to="eg0">
                  <actions>
                    <action type="pop"/>
                  </actions>
                </route>
              </routes>
            </te-group>
          </te-groups>
        </destination>
        <destination from="in1" label="1393">
          <te-groups>
            <te-group>
              <routes>
                <route to="eg0">
                  <actions>
                    <action type="pop"/>
                  </actions>
                </route>
              </routes>
            </te-group>
          </te-groups>
        </destination>
        <destination from="in1" label="1504">
          <te-groups>
            <te-group>
              <routes>
                <route to="eg0">
                  <actions>
                    <action type="pop"/>
                  </actions>
                </route>
              </routes>
            </te-group>
          </te-groups>
        </destination>
        <destination from="in1" label="1613">
          <te-groups>
            <te-group>
              <routes>
                <route to="eg0">
                  <actions>
                    <action type="pop"/>
                  </actions>
                </route>
              </routes>
            </te-group>
          </te-groups>
        </destination>
        <destination from="in1" label="1730">
          <te-groups>
            <te-group>
              <routes>
                <route to="eg0">
                  <actions>
                    <action type="pop"/>
                  </actions>
                </route>
              </routes>
            </te-group>
          </te-groups>
        </destination>
        <destination from="in1" label="1870">
          <te-groups>
            <te-group>
              <routes>
                <route to="eg0">
                  <actions>
                    <action type="pop"/>
                  </actions>
                </route>
              </routes>
            </te-group>
          </te-groups>
        </destination>
        <destination from="in1" label="1985">
          <te-groups>
            <te-group>
              <routes>
                <route to="eg0">
                  <actions>
                    <action type="pop"/>
                  </actions>
                </route>
              </routes>
            </te-group>
          </te-groups>
        </destination>
        <destination from="in1" label="2124">
          <te-groups>
            <te-group>
              <routes>
                <route to="eg0">
                  <actions>
                    <action type="pop"/>
                  </actions>
                </route>
              </routes>
            </te-group>
          </te-groups>
        </destination>
        <destination from="in1" label="2668">
          <te-groups>
            <te-group>
              <routes>
                <route to="eg0">
                  <actions>
                    <action type="pop"/>
                  </actions>
                </route>
              </routes>
            </te-group>
          </te-groups>
        </destination>
        <destination from="in1" label="2760">
          <te-groups>
            <te-group>
              <routes>
                <route to="eg0">
                  <actions>
                    <action type="pop"/>
                  </actions>
                </route>
              </routes>
            </te-group>
          </te-groups>
        </destination>
        <destination from="in1" label="2787">
          <te-groups>
            <te-group>
              <routes>
                <route to="in1">
                  <actions>
                    <action type="pop"/>
                  </actions>
                </route>
              </routes>
            </te-group>
          </te-groups>
        </destination>
        <destination from="in1" label="2791">
          <te-groups>
            <te-group>
              <routes>
                <route to="in0">
                  <actions>
                    <action arg="2790" type="swap"/>
                  </actions>
                </route>
              </routes>
            </te-group>
            <te-group>
              <routes>
                <route to="in1">
                  <actions>
                    <action arg="2790" type="swap"/>
                    <action arg="2849" type="push"/>
                  </actions>
                </route>
              </routes>
            </te-group>
          </te-groups>
        </destination>
        <destination from="in1" label="2799">
          <te-groups>
            <te-group>
              <routes>
                <route to="in1">
                  <actions>
                    <action arg="2798" type="swap"/>
                  </actions>
                </route>
              </routes>
            </te-group>
          </te-groups>
        </destination>
        <destination from="in1" label="2801">
          <te-groups>
            <te-group>
              <routes>
                <route to="in0">
                  <actions>
                    <action type="pop"/>
                  </actions>
                </route>
              </routes>
            </te-group>
            <te-group>
              <routes>
                <route to="in1">
                  <actions>
                    <action arg="2849" type="swap"/>
                  </actions>
                </route>
              </routes>
            </te-group>
          </te-groups>
        </destination>
        <destination from="in1" label="2806">
          <te-groups>
            <te-group>
              <routes>
                <route to="in1">
                  <actions>
                    <action arg="2805" type="swap"/>
                  </actions>
                </route>
              </routes>
            </te-group>
          </te-groups>
        </destination>
        <destination from="in1" label="2812">
          <te-groups>
            <te-group>
              <routes>
                <route to="in0">
                  <actions>
                    <action arg="2811" type="swap"/>
                  </actions>
                </route>
              </routes>
            </te-group>
            <te-group>
              <routes>
                <route to="in1">
                  <actions>
                    <action arg="2811" type="swap"/>
                    <action arg="2849" type="push"/>
                  </actions>
                </route>
              </routes>
            </te-group>
          </te-groups>
        </destination>
        <destination from="in1" label="2823">
          <te-groups>
            <te-group>
              <routes>
                <route to="in0">
                  <actions>
                    <action arg="2822" type="swap"/>
                  </actions>
                </route>
              </routes>
            </te-group>
            <te-group>
              <routes>
                <route to="in1">
                  <actions>
                    <action arg="2822" type="swap"/>
                    <action arg="2849" type="push"/>
                  </actions>
                </route>
              </routes>
            </te-group>
          </te-groups>
        </destination>
        <destination from="in1" label="2827">
          <te-groups>
            <te-group>
              <routes>
                <route to="in2">
                  <actions>
                    <action arg="2826" type="swap"/>
                  </actions>
                </route>
              </routes>
            </te-group>
            <te-group>
              <routes>
                <route to="in1">
                  <actions>
                    <action arg="2826" type="swap"/>
                    <action arg="2855" type="push"/>
                  </actions>
                </route>
              </routes>
            </te-group>
          </te-groups>
        </destination>
        <destination from="in1" label="2832">
          <te-groups>
            <te-group>
              <routes>
                <route to="in1">
                  <actions>
                    <action arg="2831" type="swap"/>
                  </actions>
                </route>
              </routes>
            </te-group>
          </te-groups>
        </destination>
        <destination from="in1" label="2834">
          <te-groups>
            <te-group>
              <routes>
                <route to="in2">
                  <actions>
                    <action type="pop"/>
                  </actions>
                </route>
              </routes>
            </te-group>
            <te-group>
              <routes>
                <route to="in1">
                  <actions>
                    <action arg="2855" type="swap"/>
                  </actions>
                </route>
              </routes>
            </te-group>
          </te-groups>
        </destination>
        <destination from="in1" label="2843">
          <te-groups>
            <te-group>
              <routes>
                <route to="in1">
                  <actions>
                    <action arg="2842" type="swap"/>
                  </actions>
                </route>
              </routes>
            </te-group>
          </te-groups>
        </destination>
        <destination from="in1" label="$147">
          <te-groups>
            <te-group>
              <routes>
                <route to="in3">
                  <actions>
                    <action arg="148" type="swap"/>
                  </actions>
                </route>
              </routes>
            </te-group>
          </te-groups>
        </destination>
        <destination from="in1" label="$153">
          <te-groups>
            <te-group>
              <routes>
                <route to="in4">
                  <actions>
                    <action arg="154" type="swap"/>
                  </actions>
                </route>
              </routes>
            </te-group>
            <te-group>
              <routes>
                <route to="in0">
                  <actions>
                    <action arg="154" type="swap"/>
                    <action arg="2861" type="push"/>
                  </actions>
                </route>
              </routes>
            </te-group>
          </te-groups>
        </destination>
        <destination from="in1" label="$263">
          <te-groups>
            <te-group>
              <routes>
                <route to="in3">
                  <actions>
                    <action arg="264" type="swap"/>
                  </actions>
                </route>
              </routes>
            </te-group>
          </te-groups>
        </destination>
        <destination from="in1" label="$268">
          <te-groups>
            <te-group>
              <routes>
                <route to="in4">
                  <actions>
                    <action arg="269" type="swap"/>
                  </actions>
                </route>
              </routes>
            </te-group>
            <te-group>
              <routes>
                <route to="in0">
                  <actions>
                    <action arg="269" type="swap"/>
                    <action arg="2861" type="push"/>
                  </actions>
                </route>
              </routes>
            </te-group>
          </te-groups>
        </destination>
        <destination from="in1" label="$273">
          <te-groups>
            <te-group>
              <routes>
                <route to="in4">
                  <actions>
                    <action arg="274" type="swap"/>
                  </actions>
                </route>
              </routes>
            </te-group>
            <te-group>
              <routes>
                <route to="in0">
                  <actions>
                    <action arg="274" type="swap"/>
                    <action arg="2861" type="push"/>
                  </actions>
                </route>
              </routes>
            </te-group>
          </te-groups>
        </destination>
        <destination from="in1" label="$388">
          <te-groups>
            <te-group>
              <routes>
                <route to="in3">
                  <actions>
                    <action arg="389" type="swap"/>
                  </actions>
                </route>
              </routes>
            </te-group>
          </te-groups>
        </destination>
        <destination from="in1" label="$394">
          <te-groups>
            <te-group>
              <routes>
                <route to="in4">
                  <actions>
                    <action arg="395" type="swap"/>
                  </actions>
                </route>
              </routes>
            </te-group>
            <te-group>
              <routes>
                <route to="in0">
                  <actions>
                    <action arg="395" type="swap"/>
                    <action arg="2861" type="push"/>
                  </actions>
                </route>
              </routes>
            </te-group>
          </te-groups>
        </destination>
        <destination from="in1" label="$486">
          <te-groups>
            <te-group>
              <routes>
                <route to="in3">
                  <actions>
                    <action arg="487" type="swap"/>
                  </actions>
                </route>
              </routes>
            </te-group>
          </te-groups>
        </destination>
        <destination from="in1" label="$491">
          <te-groups>
            <te-group>
              <routes>
                <route to="in4">
                  <actions>
                    <action arg="492" type="swap"/>
                  </actions>
                </route>
              </routes>
            </te-group>
            <te-group>
              <routes>
                <route to="in0">
                  <actions>
                    <action arg="492" type="swap"/>
                    <action arg="2861" type="push"/>
                  </actions>
                </route>
              </routes>
            </te-group>
          </te-groups>
        </destination>
        <destination from="in1" label="$598">
          <te-groups>
            <te-group>
              <routes>
                <route to="in3">
                  <actions>
                    <action arg="599" type="swap"/>
                  </actions>
                </route>
              </routes>
            </te-group>
          </te-groups>
        </destination>
        <destination from="in1" label="$603">
          <te-groups>
            <te-group>
              <routes>
                <route to="in4">
                  <actions>
                    <action arg="604" type="swap"/>
                  </actions>
                </route>
              </routes>
            </te-group>
            <te-group>
              <routes>
                <route to="in0">
                  <actions>
                    <action arg="604" type="swap"/>
                    <action arg="2861" type="push"/>
                  </actions>
                </route>
              </routes>
            </te-group>
          </te-groups>
        </destination>
        <destination from="in1" label="$608">
          <te-groups>
            <te-group>
              <routes>
                <route to="in4">
                  <actions>
                    <action arg="609" type="swap"/>
                  </actions>
                </route>
              </routes>
            </te-group>
            <te-group>
              <routes>
                <route to="in0">
                  <actions>
                    <action arg="609" type="swap"/>
                    <action arg="2861" type="push"/>
                  </actions>
                </route>
              </routes>
            </te-group>
          </te-groups>
        </destination>
        <destination from="in1" label="$698">
          <te-groups>
            <te-group>
              <routes>
                <route to="in3">
                  <actions>
                    <action arg="699" type="swap"/>
                  </actions>
                </route>
              </routes>
            </te-group>
          </te-groups>
        </destination>
        <destination from="in1" label="$703">
          <te-groups>
            <te-group>
              <routes>
                <route to="in4">
                  <actions>
                    <action arg="704" type="swap"/>
                  </actions>
                </route>
              </routes>
            </te-group>
            <te-group>
              <routes>
                <route to="in0">
                  <actions>
                    <action arg="704" type="swap"/>
                    <action arg="2861" type="push"/>
                  </actions>
                </route>
              </routes>
            </te-group>
          </te-groups>
        </destination>
        <destination from="in1" label="$708">
          <te-groups>
            <te-group>
              <routes>
                <route to="in4">
                  <actions>
                    <action arg="709" type="swap"/>
                  </actions>
                </route>
              </routes>
            </te-group>
            <te-group>
              <routes>
                <route to="in0">
                  <actions>
                    <action arg="709" type="swap"/>
                    <action arg="2861" type="push"/>
                  </actions>
                </route>
              </routes>
            </te-group>
          </te-groups>
        </destination>
        <destination from="in1" label="$797">
          <te-groups>
            <te-group>
              <routes>
                <route to="in3">
                  <actions>
                    <action arg="798" type="swap"/>
                  </actions>
                </route>
              </routes>
            </te-group>
          </te-groups>
        </destination>
        <destination from="in1" label="$801">
          <te-groups>
            <te-group>
              <routes>
                <route to="in4">
                  <actions>
                    <action arg="802" type="swap"/>
                  </actions>
                </route>
              </routes>
            </te-group>
            <te-group>
              <routes>
                <route to="in0">
                  <actions>
                    <action arg="802" type="swap"/>
                    <action arg="2861" type="push"/>
                  </actions>
                </route>
              </routes>
            </te-group>
          </te-groups>
        </destination>
        <destination from="in1" label="$805">
          <te-groups>
            <te-group>
              <routes>
                <route to="in4">
                  <actions>
                    <action arg="806" type="swap"/>
                  </actions>
                </route>
              </routes>
            </te-group>
            <te-group>
              <routes>
                <route to="in0">
                  <actions>
                    <action arg="806" type="swap"/>
                    <action arg="2861" type="push"/>
                  </actions>
                </route>
              </routes>
            </te-group>
          </te-groups>
        </destination>
        <destination from="in1" label="$890">
          <te-groups>
            <te-group>
              <routes>
                <route to="in2">
                  <actions>
                    <action arg="891" type="swap"/>
                  </actions>
                </route>
              </routes>
            </te-group>
            <te-group>
              <routes>
                <route to="in1">
                  <actions>
                    <action arg="891" type="swap"/>
                    <action arg="2855" type="push"/>
                  </actions>
                </route>
              </routes>
            </te-group>
          </te-groups>
        </destination>
        <destination from="in1" label="$893">
          <te-groups>
            <te-group>
              <routes>
                <route to="in2">
                  <actions>
                    <action arg="894" type="swap"/>
                  </actions>
                </route>
              </routes>
            </te-group>
            <te-group>
              <routes>
                <route to="in1">
                  <actions>
                    <action arg="894" type="swap"/>
                    <action arg="2855" type="push"/>
                  </actions>
                </route>
              </routes>
            </te-group>
          </te-groups>
        </destination>
        <destination from="in1" label="$899">
          <te-groups>
            <te-group>
              <routes>
                <route to="in3">
                  <actions>
                    <action arg="900" type="swap"/>
                  </actions>
                </route>
              </routes>
            </te-group>
          </te-groups>
        </destination>
        <destination from="in1" label="$902">
          <te-groups>
            <te-group>
              <routes>
                <route to="in4">
                  <actions>
                    <action arg="903" type="swap"/>
                  </actions>
                </route>
              </routes>
            </te-group>
            <te-group>
              <routes>
                <route to="in0">
                  <actions>
                    <action arg="903" type="swap"/>
                    <action arg="2861" type="push"/>
                  </actions>
                </route>
              </routes>
            </te-group>
          </te-groups>
        </destination>
        <destination from="in1" label="$905">
          <te-groups>
            <te-group>
              <routes>
                <route to="in4">
                  <actions>
                    <action arg="906" type="swap"/>
                  </actions>
                </route>
              </routes>
            </te-group>
            <te-group>
              <routes>
                <route to="in0">
                  <actions>
                    <action arg="906" type="swap"/>
                    <action arg="2861" type="push"/>
                  </actions>
                </route>
              </routes>
            </te-group>
          </te-groups>
        </destination>
        <destination from="in1" label="$1005">
          <te-groups>
            <te-group>
              <routes>
                <route to="in3">
                  <actions>
                    <action arg="1006" type="swap"/>
                  </actions>
                </route>
              </routes>
            </te-group>
          </te-groups>
        </destination>
        <destination from="in1" label="$1009">
          <te-groups>
            <te-group>
              <routes>
                <route to="in4">
                  <actions>
                    <action arg="1010" type="swap"/>
                  </actions>
                </route>
              </routes>
            </te-group>
            <te-group>
              <routes>
                <route to="in0">
                  <actions>
                    <action arg="1010" type="swap"/>
                    <action arg="2861" type="push"/>
                  </actions>
                </route>
              </routes>
            </te-group>
          </te-groups>
        </destination>
        <destination from="in1" label="$1013">
          <te-groups>
            <te-group>
              <routes>
                <route to="in4">
                  <actions>
                    <action arg="1014" type="swap"/>
                  </actions>
                </route>
              </routes>
            </te-group>
            <te-group>
              <routes>
                <route to="in0">
                  <actions>
                    <action arg="1014" type="swap"/>
                    <action arg="2861" type="push"/>
                  </actions>
                </route>
              </routes>
            </te-group>
          </te-groups>
        </destination>
        <destination from="in1" label="$1030">
          <te-groups>
            <te-group>
              <routes>
                <route to="in0">
                  <actions>
                    <action arg="1031" type="swap"/>
                  </actions>
                </route>
              </routes>
            </te-group>
            <te-group>
              <routes>
                <route to="in1">
                  <actions>
                    <action arg="1031" type="swap"/>
                    <action arg="2849" type="push"/>
                  </actions>
                </route>
              </routes>
            </te-group>
          </te-groups>
        </destination>
        <destination from="in1" label="$1044">
          <te-groups>
            <te-group>
              <routes>
                <route to="in0">
                  <actions>
                    <action arg="1045" type="swap"/>
                  </actions>
                </route>
              </routes>
            </te-group>
            <te-group>
              <routes>
                <route to="in1">
                  <actions>
                    <action arg="1045" type="swap"/>
                    <action arg="2849" type="push"/>
                  </actions>
                </route>
              </routes>
            </te-group>
          </te-groups>
        </destination>
        <destination from="in1" label="$1051">
          <te-groups>
            <te-group>
              <routes>
                <route to="in0">
                  <actions>
                    <action arg="1052" type="swap"/>
                  </actions>
                </route>
              </routes>
            </te-group>
            <te-group>
              <routes>
                <route to="in1">
                  <actions>
                    <action arg="1052" type="swap"/>
                    <action arg="2849" type="push"/>
                  </actions>
                </route>
              </routes>
            </te-group>
          </te-groups>
        </destination>
        <destination from="in1" label="$1055">
          <te-groups>
            <te-group>
              <routes>
                <route to="in0">
                  <actions>
                    <action arg="1056" type="swap"/>
                  </actions>
                </route>
              </routes>
            </te-group>
            <te-group>
              <routes>
                <route to="in1">
                  <actions>
                    <action arg="1056" type="swap"/>
                    <action arg="2849" type="push"/>
                  </actions>
                </route>
              </routes>
            </te-group>
          </te-groups>
        </destination>
        <destination from="in1" label="$1093">
          <te-groups>
            <te-group>
              <routes>
                <route to="in3">
                  <actions>
                    <action arg="1094" type="swap"/>
                  </actions>
                </route>
              </routes>
            </te-group>
          </te-groups>
        </destination>
        <destination from="in1" label="$1096">
          <te-groups>
            <te-group>
              <routes>
                <route to="in4">
                  <actions>
                    <action arg="1097" type="swap"/>
                  </actions>
                </route>
              </routes>
            </te-group>
            <te-group>
              <routes>
                <route to="in0">
                  <actions>
                    <action arg="1097" type="swap"/>
                    <action arg="2861" type="push"/>
                  </actions>
                </route>
              </routes>
            </te-group>
          </te-groups>
        </destination>
        <destination from="in1" label="$1099">
          <te-groups>
            <te-group>
              <routes>
                <route to="in4">
                  <actions>
                    <action arg="1100" type="swap"/>
                  </actions>
                </route>
              </routes>
            </te-group>
            <te-group>
              <routes>
                <route to="in0">
                  <actions>
                    <action arg="1100" type="swap"/>
                    <action arg="2861" type="push"/>
                  </actions>
                </route>
              </routes>
            </te-group>
          </te-groups>
        </destination>
        <destination from="in1" label="$1182">
          <te-groups>
            <te-group>
              <routes>
                <route to="in3">
                  <actions>
                    <action arg="1183" type="swap"/>
                  </actions>
                </route>
              </routes>
            </te-group>
          </te-groups>
        </destination>
        <destination from="in1" label="$1186">
          <te-groups>
            <te-group>
              <routes>
                <route to="in4">
                  <actions>
                    <action arg="1187" type="swap"/>
                  </actions>
                </route>
              </routes>
            </te-group>
            <te-group>
              <routes>
                <route to="in0">
                  <actions>
                    <action arg="1187" type="swap"/>
                    <action arg="2861" type="push"/>
                  </actions>
                </route>
              </routes>
            </te-group>
          </te-groups>
        </destination>
        <destination from="in1" label="$1190">
          <te-groups>
            <te-group>
              <routes>
                <route to="in4">
                  <actions>
                    <action arg="1191" type="swap"/>
                  </actions>
                </route>
              </routes>
            </te-group>
            <te-group>
              <routes>
                <route to="in0">
                  <actions>
                    <action arg="1191" type="swap"/>
                    <action arg="2861" type="push"/>
                  </actions>
                </route>
              </routes>
            </te-group>
          </te-groups>
        </destination>
        <destination from="in1" label="$1294">
          <te-groups>
            <te-group>
              <routes>
                <route to="in3">
                  <actions>
                    <action arg="1295" type="swap"/>
                  </actions>
                </route>
              </routes>
            </te-group>
          </te-groups>
        </destination>
        <destination from="in1" label="$1299">
          <te-groups>
            <te-group>
              <routes>
                <route to="in4">
                  <actions>
                    <action arg="1300" type="swap"/>
                  </actions>
                </route>
              </routes>
            </te-group>
            <te-group>
              <routes>
                <route to="in0">
                  <actions>
                    <action arg="1300" type="swap"/>
                    <action arg="2861" type="push"/>
                  </actions>
                </route>
              </routes>
            </te-group>
          </te-groups>
        </destination>
        <destination from="in1" label="$1304">
          <te-groups>
            <te-group>
              <routes>
                <route to="in4">
                  <actions>
                    <action arg="1305" type="swap"/>
                  </actions>
                </route>
              </routes>
            </te-group>
            <te-group>
              <routes>
                <route to="in0">
                  <actions>
                    <action arg="1305" type="swap"/>
                    <action arg="2861" type="push"/>
                  </actions>
                </route>
              </routes>
            </te-group>
          </te-groups>
        </destination>
        <destination from="in1" label="$1396">
          <te-groups>
            <te-group>
              <routes>
                <route to="in3">
                  <actions>
                    <action arg="1397" type="swap"/>
                  </actions>
                </route>
              </routes>
            </te-group>
          </te-groups>
        </destination>
        <destination from="in1" label="$1400">
          <te-groups>
            <te-group>
              <routes>
                <route to="in4">
                  <actions>
                    <action arg="1401" type="swap"/>
                  </actions>
                </route>
              </routes>
            </te-group>
            <te-group>
              <routes>
                <route to="in0">
                  <actions>
                    <action arg="1401" type="swap"/>
                    <action arg="2861" type="push"/>
                  </actions>
                </route>
              </routes>
            </te-group>
          </te-groups>
        </destination>
        <destination from="in1" label="$1404">
          <te-groups>
            <te-group>
              <routes>
                <route to="in4">
                  <actions>
                    <action arg="1405" type="swap"/>
                  </actions>
                </route>
              </routes>
            </te-group>
            <te-group>
              <routes>
                <route to="in0">
                  <actions>
                    <action arg="1405" type="swap"/>
                    <action arg="2861" type="push"/>
                  </actions>
                </route>
              </routes>
            </te-group>
          </te-groups>
        </destination>
        <destination from="in1" label="$1508">
          <te-groups>
            <te-group>
              <routes>
                <route to="in3">
                  <actions>
                    <action arg="1509" type="swap"/>
                  </actions>
                </route>
              </routes>
            </te-group>
          </te-groups>
        </destination>
        <destination from="in1" label="$1513">
          <te-groups>
            <te-group>
              <routes>
                <route to="in4">
                  <actions>
                    <action arg="1514" type="swap"/>
                  </actions>
                </route>
              </routes>
            </te-group>
            <te-group>
              <routes>
                <route to="in0">
                  <actions>
                    <action arg="1514" type="swap"/>
                    <action arg="2861" type="push"/>
                  </actions>
                </route>
              </routes>
            </te-group>
          </te-groups>
        </destination>
        <destination from="in1" label="$1518">
          <te-groups>
            <te-group>
              <routes>
                <route to="in4">
                  <actions>
                    <action arg="1519" type="swap"/>
                  </actions>
                </route>
              </routes>
            </te-group>
            <te-group>
              <routes>
                <route to="in0">
                  <actions>
                    <action arg="1519" type="swap"/>
                    <action arg="2861" type="push"/>
                  </actions>
                </route>
              </routes>
            </te-group>
          </te-groups>
        </destination>
        <destination from="in1" label="$1573">
          <te-groups>
            <te-group>
              <routes>
                <route to="in0">
                  <actions>
                    <action arg="1574" type="swap"/>
                  </actions>
                </route>
              </routes>
            </te-group>
            <te-group>
              <routes>
                <route to="in1">
                  <actions>
                    <action arg="1574" type="swap"/>
                    <action arg="2849" type="push"/>
                  </actions>
                </route>
              </routes>
            </te-group>
          </te-groups>
        </destination>
        <destination from="in1" label="$1616">
          <te-groups>
            <te-group>
              <routes>
                <route to="in3">
                  <actions>
                    <action arg="1617" type="swap"/>
                  </actions>
                </route>
              </routes>
            </te-group>
          </te-groups>
        </destination>
        <destination from="in1" label="$1620">
          <te-groups>
            <te-group>
              <routes>
                <route to="in4">
                  <actions>
                    <action arg="1621" type="swap"/>
                  </actions>
                </route>
              </routes>
            </te-group>
            <te-group>
              <routes>
                <route to="in0">
                  <actions>
                    <action arg="1621" type="swap"/>
                    <action arg="2861" type="push"/>
                  </actions>
                </route>
              </routes>
            </te-group>
          </te-groups>
        </destination>
        <destination from="in1" label="$1624">
          <te-groups>
            <te-group>
              <routes>
                <route to="in4">
                  <actions>
                    <action arg="1625" type="swap"/>
                  </actions>
                </route>
              </routes>
            </te-group>
            <te-group>
              <routes>
                <route to="in0">
                  <actions>
                    <action arg="1625" type="swap"/>
                    <action arg="2861" type="push"/>
                  </actions>
                </route>
              </routes>
            </te-group>
          </te-groups>
        </destination>
        <destination from="in1" label="$1735">
          <te-groups>
            <te-group>
              <routes>
                <route to="in3">
                  <actions>
                    <action arg="1736" type="swap"/>
                  </actions>
                </route>
              </routes>
            </te-group>
          </te-groups>
        </destination>
        <destination from="in1" label="$1741">
          <te-groups>
            <te-group>
              <routes>
                <route to="in4">
                  <actions>
                    <action arg="1742" type="swap"/>
                  </actions>
                </route>
              </routes>
            </te-group>
            <te-group>
              <routes>
                <route to="in0">
                  <actions>
                    <action arg="1742" type="swap"/>
                    <action arg="2861" type="push"/>
                  </actions>
                </route>
              </routes>
            </te-group>
          </te-groups>
        </destination>
        <destination from="in1" label="$1878">
          <te-groups>
            <te-group>
              <routes>
                <route to="in3">
                  <actions>
                    <action arg="1879" type="swap"/>
                  </actions>
                </route>
              </routes>
            </te-group>
          </te-groups>
        </destination>
        <destination from="in1" label="$1887">
          <te-groups>
            <te-group>
              <routes>
                <route to="in4">
                  <actions>
                    <action arg="1888" type="swap"/>
                  </actions>
                </route>
              </routes>
            </te-group>
            <te-group>
              <routes>
                <route to="in0">
                  <actions>
                    <action arg="1888" type="swap"/>
                    <action arg="2861" type="push"/>
                  </actions>
                </route>
              </routes>
            </te-group>
          </te-groups>
        </destination>
        <destination from="in1" label="$1901">
          <te-groups>
            <te-group>
              <routes>
                <route to="in0">
                  <actions>
                    <action arg="1902" type="swap"/>
                  </actions>
                </route>
              </routes>
            </te-group>
            <te-group>
              <routes>
                <route to="in1">
                  <actions>
                    <action arg="1902" type="swap"/>
                    <action arg="2849" type="push"/>
                  </actions>
                </route>
              </routes>
            </te-group>
          </te-groups>
        </destination>
        <destination from="in1" label="$1907">
          <te-groups>
            <te-group>
              <routes>
                <route to="in0">
                  <actions>
                    <action arg="1908" type="swap"/>
                  </actions>
                </route>
              </routes>
            </te-group>
            <te-group>
              <routes>
                <route to="in1">
                  <actions>
                    <action arg="1908" type="swap"/>
                    <action arg="2849" type="push"/>
                  </actions>
                </route>
              </routes>
            </te-group>
          </te-groups>
        </destination>
        <destination from="in1" label="$1912">
          <te-groups>
            <te-group>
              <routes>
                <route to="in0">
                  <actions>
                    <action arg="1913" type="swap"/>
                  </actions>
                </route>
              </routes>
            </te-group>
            <te-group>
              <routes>
                <route to="in1">
                  <actions>
                    <action arg="1913" type="swap"/>
                    <action arg="2849" type="push"/>
                  </actions>
                </route>
              </routes>
            </te-group>
          </te-groups>
        </destination>
        <destination from="in1" label="$1918">
          <te-groups>
            <te-group>
              <routes>
                <route to="in0">
                  <actions>
                    <action arg="1919" type="swap"/>
                  </actions>
                </route>
              </routes>
            </te-group>
            <te-group>
              <routes>
                <route to="in1">
                  <actions>
                    <action arg="1919" type="swap"/>
                    <action arg="2849" type="push"/>
                  </actions>
                </route>
              </routes>
            </te-group>
          </te-groups>
        </destination>
        <destination from="in1" label="$1923">
          <te-groups>
            <te-group>
              <routes>
                <route to="in0">
                  <actions>
                    <action arg="1924" type="swap"/>
                  </actions>
                </route>
              </routes>
            </te-group>
            <te-group>
              <routes>
                <route to="in1">
                  <actions>
                    <action arg="1924" type="swap"/>
                    <action arg="2849" type="push"/>
                  </actions>
                </route>
              </routes>
            </te-group>
          </te-groups>
        </destination>
        <destination from="in1" label="$1933">
          <te-groups>
            <te-group>
              <routes>
                <route to="in0">
                  <actions>
                    <action arg="1934" type="swap"/>
                  </actions>
                </route>
              </routes>
            </te-group>
            <te-group>
              <routes>
                <route to="in1">
                  <actions>
                    <action arg="1934" type="swap"/>
                    <action arg="2849" type="push"/>
                  </actions>
                </route>
              </routes>
            </te-group>
          </te-groups>
        </destination>
        <destination from="in1" label="$1937">
          <te-groups>
            <te-group>
              <routes>
                <route to="in0">
                  <actions>
                    <action arg="1938" type="swap"/>
                  </actions>
                </route>
              </routes>
            </te-group>
            <te-group>
              <routes>
                <route to="in1">
                  <actions>
                    <action arg="1938" type="swap"/>
                    <action arg="2849" type="push"/>
                  </actions>
                </route>
              </routes>
            </te-group>
          </te-groups>
        </destination>
        <destination from="in1" label="$1966">
          <te-groups>
            <te-group>
              <routes>
                <route to="in0">
                  <actions>
                    <action arg="1967" type="swap"/>
                  </actions>
                </route>
              </routes>
            </te-group>
            <te-group>
              <routes>
                <route to="in1">
                  <actions>
                    <action arg="1967" type="swap"/>
                    <action arg="2849" type="push"/>
                  </actions>
                </route>
              </routes>
            </te-group>
          </te-groups>
        </destination>
        <destination from="in1" label="$1974">
          <te-groups>
            <te-group>
              <routes>
                <route to="in0">
                  <actions>
                    <action arg="1975" type="swap"/>
                  </actions>
                </route>
              </routes>
            </te-group>
            <te-group>
              <routes>
                <route to="in1">
                  <actions>
                    <action arg="1975" type="swap"/>
                    <action arg="2849" type="push"/>
                  </actions>
                </route>
              </routes>
            </te-group>
          </te-groups>
        </destination>
        <destination from="in1" label="$1987">
          <te-groups>
            <te-group>
              <routes>
                <route to="in3">
                  <actions>
                    <action arg="1988" type="swap"/>
                  </actions>
                </route>
              </routes>
            </te-group>
          </te-groups>
        </destination>
        <destination from="in1" label="$1990">
          <te-groups>
            <te-group>
              <routes>
                <route to="in4">
                  <actions>
                    <action arg="1991" type="swap"/>
                  </actions>
                </route>
              </routes>
            </te-group>
            <te-group>
              <routes>
                <route to="in0">
                  <actions>
                    <action arg="1991" type="swap"/>
                    <action arg="2861" type="push"/>
                  </actions>
                </route>
              </routes>
            </te-group>
          </te-groups>
        </destination>
        <destination from="in1" label="$1993">
          <te-groups>
            <te-group>
              <routes>
                <route to="in4">
                  <actions>
                    <action arg="1994" type="swap"/>
                  </actions>
                </route>
              </routes>
            </te-group>
            <te-group>
              <routes>
                <route to="in0">
                  <actions>
                    <action arg="1994" type="swap"/>
                    <action arg="2861" type="push"/>
                  </actions>
                </route>
              </routes>
            </te-group>
          </te-groups>
        </destination>
        <destination from="in1" label="$1997">
          <te-groups>
            <te-group>
              <routes>
                <route to="in0">
                  <actions>
                    <action arg="1998" type="swap"/>
                  </actions>
                </route>
              </routes>
            </te-group>
            <te-group>
              <routes>
                <route to="in1">
                  <actions>
                    <action arg="1998" type="swap"/>
                    <action arg="2849" type="push"/>
                  </actions>
                </route>
              </routes>
            </te-group>
          </te-groups>
        </destination>
        <destination from="in1" label="$2004">
          <te-groups>
            <te-group>
              <routes>
                <route to="in0">
                  <actions>
                    <action arg="2005" type="swap"/>
                  </actions>
                </route>
              </routes>
            </te-group>
            <te-group>
              <routes>
                <route to="in1">
                  <actions>
                    <action arg="2005" type="swap"/>
                    <action arg="2849" type="push"/>
                  </actions>
                </route>
              </routes>
            </te-group>
          </te-groups>
        </destination>
        <destination from="in1" label="$2068">
          <te-groups>
            <te-group>
              <routes>
                <route to="in0">
                  <actions>
                    <action arg="2069" type="swap"/>
                  </actions>
                </route>
              </routes>
            </te-group>
            <te-group>
              <routes>
                <route to="in1">
                  <actions>
                    <action arg="2069" type="swap"/>
                    <action arg="2849" type="push"/>
                  </actions>
                </route>
              </routes>
            </te-group>
          </te-groups>
        </destination>
        <destination from="in1" label="$2127">
          <te-groups>
            <te-group>
              <routes>
                <route to="in3">
                  <actions>
                    <action arg="2128" type="swap"/>
                  </actions>
                </route>
              </routes>
            </te-group>
          </te-groups>
        </destination>
        <destination from="in1" label="$2131">
          <te-groups>
            <te-group>
              <routes>
                <route to="in4">
                  <actions>
                    <action arg="2132" type="swap"/>
                  </actions>
                </route>
              </routes>
            </te-group>
            <te-group>
              <routes>
                <route to="in0">
                  <actions>
                    <action arg="2132" type="swap"/>
                    <action arg="2861" type="push"/>
                  </actions>
                </route>
              </routes>
            </te-group>
          </te-groups>
        </destination>
        <destination from="in1" label="$2135">
          <te-groups>
            <te-group>
              <routes>
                <route to="in4">
                  <actions>
                    <action arg="2136" type="swap"/>
                  </actions>
                </route>
              </routes>
            </te-group>
            <te-group>
              <routes>
                <route to="in0">
                  <actions>
                    <action arg="2136" type="swap"/>
                    <action arg="2861" type="push"/>
                  </actions>
                </route>
              </routes>
            </te-group>
          </te-groups>
        </destination>
        <destination from="in1" label="$2674">
          <te-groups>
            <te-group>
              <routes>
                <route to="in3">
                  <actions>
                    <action arg="2675" type="swap"/>
                  </actions>
                </route>
              </routes>
            </te-group>
          </te-groups>
        </destination>
        <destination from="in1" label="$2763">
          <te-groups>
            <te-group>
              <routes>
                <route to="in3">
                  <actions>
                    <action arg="2764" type="swap"/>
                  </actions>
                </route>
              </routes>
            </te-group>
          </te-groups>
        </destination>
        <destination from="in1" label="$2767">
          <te-groups>
            <te-group>
              <routes>
                <route to="in4">
                  <actions>
                    <action arg="2768" type="swap"/>
                  </actions>
                </route>
              </routes>
            </te-group>
            <te-group>
              <routes>
                <route to="in0">
                  <actions>
                    <action arg="2768" type="swap"/>
                    <action arg="2861" type="push"/>
                  </actions>
                </route>
              </routes>
            </te-group>
          </te-groups>
        </destination>
        <destination from="in2" label="1613">
          <te-groups>
            <te-group>
              <routes>
                <route to="eg0">
                  <actions>
                    <action type="pop"/>
                  </actions>
                </route>
              </routes>
            </te-group>
          </te-groups>
        </destination>
        <destination from="in2" label="1985">
          <te-groups>
            <te-group>
              <routes>
                <route to="eg0">
                  <actions>
                    <action type="pop"/>
                  </actions>
                </route>
              </routes>
            </te-group>
          </te-groups>
        </destination>
        <destination from="in2" label="2124">
          <te-groups>
            <te-group>
              <routes>
                <route to="eg0">
                  <actions>
                    <action type="pop"/>
                  </actions>
                </route>
              </routes>
            </te-group>
          </te-groups>
        </destination>
        <destination from="in2" label="2832">
          <te-groups>
            <te-group>
              <routes>
                <route to="in1">
                  <actions>
                    <action arg="2831" type="swap"/>
                  </actions>
                </route>
              </routes>
            </te-group>
            <te-group>
              <routes>
                <route to="in2">
                  <actions>
                    <action arg="2831" type="swap"/>
                    <action arg="2852" type="push"/>
                  </actions>
                </route>
              </routes>
            </te-group>
          </te-groups>
        </destination>
        <destination from="in2" label="2843">
          <te-groups>
            <te-group>
              <routes>
                <route to="in1">
                  <actions>
                    <action arg="2842" type="swap"/>
                  </actions>
                </route>
              </routes>
            </te-group>
            <te-group>
              <routes>
                <route to="in2">
                  <actions>
                    <action arg="2842" type="swap"/>
                    <action arg="2852" type="push"/>
                  </actions>
                </route>
              </routes>
            </te-group>
          </te-groups>
        </destination>
        <destination from="in2" label="$1573">
          <te-groups>
            <te-group>
              <routes>
                <route to="in0">
                  <actions>
                    <action arg="1574" type="swap"/>
                  </actions>
                </route>
              </routes>
            </te-group>
            <te-group>
              <routes>
                <route to="in1">
                  <actions>
                    <action arg="1574" type="swap"/>
                    <action arg="2849" type="push"/>
                  </actions>
                </route>
              </routes>
            </te-group>
            <te-group>
              <routes>
                <route to="in2">
                  <actions>
                    <action arg="1574" type="swap"/>
                    <action arg="2849" type="push"/>
                    <action arg="2852" type="push"/>
                  </actions>
                </route>
              </routes>
            </te-group>
          </te-groups>
        </destination>
        <destination from="in2" label="$1616">
          <te-groups>
            <te-group>
              <routes>
                <route to="in3">
                  <actions>
                    <action arg="1617" type="swap"/>
                  </actions>
                </route>
              </routes>
            </te-group>
          </te-groups>
        </destination>
        <destination from="in2" label="$1620">
          <te-groups>
            <te-group>
              <routes>
                <route to="in4">
                  <actions>
                    <action arg="1621" type="swap"/>
                  </actions>
                </route>
              </routes>
            </te-group>
            <te-group>
              <routes>
                <route to="in0">
                  <actions>
                    <action arg="1621" type="swap"/>
                    <action arg="2861" type="push"/>
                  </actions>
                </route>
              </routes>
            </te-group>
          </te-groups>
        </destination>
        <destination from="in2" label="$1624">
          <te-groups>
            <te-group>
              <routes>
                <route to="in4">
                  <actions>
                    <action arg="1625" type="swap"/>
                  </actions>
                </route>
              </routes>
            </te-group>
            <te-group>
              <routes>
                <route to="in0">
                  <actions>
                    <action arg="1625" type="swap"/>
                    <action arg="2861" type="push"/>
                  </actions>
                </route>
              </routes>
            </te-group>
          </te-groups>
        </destination>
        <destination from="in2" label="$1901">
          <te-groups>
            <te-group>
              <routes>
                <route to="in0">
                  <actions>
                    <action arg="1902" type="swap"/>
                  </actions>
                </route>
              </routes>
            </te-group>
            <te-group>
              <routes>
                <route to="in1">
                  <actions>
                    <action arg="1902" type="swap"/>
                    <action arg="2849" type="push"/>
                  </actions>
                </route>
              </routes>
            </te-group>
            <te-group>
              <routes>
                <route to="in2">
                  <actions>
                    <action arg="1902" type="swap"/>
                    <action arg="2849" type="push"/>
                    <action arg="2852" type="push"/>
                  </actions>
                </route>
              </routes>
            </te-group>
          </te-groups>
        </destination>
        <destination from="in2" label="$1907">
          <te-groups>
            <te-group>
              <routes>
                <route to="in0">
                  <actions>
                    <action arg="1908" type="swap"/>
                  </actions>
                </route>
              </routes>
            </te-group>
            <te-group>
              <routes>
                <route to="in1">
                  <actions>
                    <action arg="1908" type="swap"/>
                    <action arg="2849" type="push"/>
                  </actions>
                </route>
              </routes>
            </te-group>
            <te-group>
              <routes>
                <route to="in2">
                  <actions>
                    <action arg="1908" type="swap"/>
                    <action arg="2849" type="push"/>
                    <action arg="2852" type="push"/>
                  </actions>
                </route>
              </routes>
            </te-group>
          </te-groups>
        </destination>
        <destination from="in2" label="$1912">
          <te-groups>
            <te-group>
              <routes>
                <route to="in0">
                  <actions>
                    <action arg="1913" type="swap"/>
                  </actions>
                </route>
              </routes>
            </te-group>
            <te-group>
              <routes>
                <route to="in1">
                  <actions>
                    <action arg="1913" type="swap"/>
                    <action arg="2849" type="push"/>
                  </actions>
                </route>
              </routes>
            </te-group>
            <te-group>
              <routes>
                <route to="in2">
                  <actions>
                    <action arg="1913" type="swap"/>
                    <action arg="2849" type="push"/>
                    <action arg="2852" type="push"/>
                  </actions>
                </route>
              </routes>
            </te-group>
          </te-groups>
        </destination>
        <destination from="in2" label="$1918">
          <te-groups>
            <te-group>
              <routes>
                <route to="in0">
                  <actions>
                    <action arg="1919" type="swap"/>
                  </actions>
                </route>
              </routes>
            </te-group>
            <te-group>
              <routes>
                <route to="in1">
                  <actions>
                    <action arg="1919" type="swap"/>
                    <action arg="2849" type="push"/>
                  </actions>
                </route>
              </routes>
            </te-group>
            <te-group>
              <routes>
                <route to="in2">
                  <actions>
                    <action arg="1919" type="swap"/>
                    <action arg="2849" type="push"/>
                    <action arg="2852" type="push"/>
                  </actions>
                </route>
              </routes>
            </te-group>
          </te-groups>
        </destination>
        <destination from="in2" label="$1923">
          <te-groups>
            <te-group>
              <routes>
                <route to="in0">
                  <actions>
                    <action arg="1924" type="swap"/>
                  </actions>
                </route>
              </routes>
            </te-group>
            <te-group>
              <routes>
                <route to="in1">
                  <actions>
                    <action arg="1924" type="swap"/>
                    <action arg="2849" type="push"/>
                  </actions>
                </route>
              </routes>
            </te-group>
            <te-group>
              <routes>
                <route to="in2">
                  <actions>
                    <action arg="1924" type="swap"/>
                    <action arg="2849" type="push"/>
                    <action arg="2852" type="push"/>
                  </actions>
                </route>
              </routes>
            </te-group>
          </te-groups>
        </destination>
        <destination from="in2" label="$1933">
          <te-groups>
            <te-group>
              <routes>
                <route to="in0">
                  <actions>
                    <action arg="1934" type="swap"/>
                  </actions>
                </route>
              </routes>
            </te-group>
            <te-group>
              <routes>
                <route to="in1">
                  <actions>
                    <action arg="1934" type="swap"/>
                    <action arg="2849" type="push"/>
                  </actions>
                </route>
              </routes>
            </te-group>
            <te-group>
              <routes>
                <route to="in2">
                  <actions>
                    <action arg="1934" type="swap"/>
                    <action arg="2849" type="push"/>
                    <action arg="2852" type="push"/>
                  </actions>
                </route>
              </routes>
            </te-group>
          </te-groups>
        </destination>
        <destination from="in2" label="$1937">
          <te-groups>
            <te-group>
              <routes>
                <route to="in0">
                  <actions>
                    <action arg="1938" type="swap"/>
                  </actions>
                </route>
              </routes>
            </te-group>
            <te-group>
              <routes>
                <route to="in1">
                  <actions>
                    <action arg="1938" type="swap"/>
                    <action arg="2849" type="push"/>
                  </actions>
                </route>
              </routes>
            </te-group>
            <te-group>
              <routes>
                <route to="in2">
                  <actions>
                    <action arg="1938" type="swap"/>
                    <action arg="2849" type="push"/>
                    <action arg="2852" type="push"/>
                  </actions>
                </route>
              </routes>
            </te-group>
          </te-groups>
        </destination>
        <destination from="in2" label="$1966">
          <te-groups>
            <te-group>
              <routes>
                <route to="in0">
                  <actions>
                    <action arg="1967" type="swap"/>
                  </actions>
                </route>
              </routes>
            </te-group>
            <te-group>
              <routes>
                <route to="in1">
                  <actions>
                    <action arg="1967" type="swap"/>
                    <action arg="2849" type="push"/>
                  </actions>
                </route>
              </routes>
            </te-group>
            <te-group>
              <routes>
                <route to="in2">
                  <actions>
                    <action arg="1967" type="swap"/>
                    <action arg="2849" type="push"/>
                    <action arg="2852" type="push"/>
                  </actions>
                </route>
              </routes>
            </te-group>
          </te-groups>
        </destination>
        <destination from="in2" label="$1974">
          <te-groups>
            <te-group>
              <routes>
                <route to="in0">
                  <actions>
                    <action arg="1975" type="swap"/>
                  </actions>
                </route>
              </routes>
            </te-group>
            <te-group>
              <routes>
                <route to="in1">
                  <actions>
                    <action arg="1975" type="swap"/>
                    <action arg="2849" type="push"/>
                  </actions>
                </route>
              </routes>
            </te-group>
            <te-group>
              <routes>
                <route to="in2">
                  <actions>
                    <action arg="1975" type="swap"/>
                    <action arg="2849" type="push"/>
                    <action arg="2852" type="push"/>
                  </actions>
                </route>
              </routes>
            </te-group>
          </te-groups>
        </destination>
        <destination from="in2" label="$1987">
          <te-groups>
            <te-group>
              <routes>
                <route to="in3">
                  <actions>
                    <action arg="1988" type="swap"/>
                  </actions>
                </route>
              </routes>
            </te-group>
          </te-groups>
        </destination>
        <destination from="in2" label="$1990">
          <te-groups>
            <te-group>
              <routes>
                <route to="in4">
                  <actions>
                    <action arg="1991" type="swap"/>
                  </actions>
                </route>
              </routes>
            </te-group>
            <te-group>
              <routes>
                <route to="in0">
                  <actions>
                    <action arg="1991" type="swap"/>
                    <action arg="2861" type="push"/>
                  </actions>
                </route>
              </routes>
            </te-group>
          </te-groups>
        </destination>
        <destination from="in2" label="$1993">
          <te-groups>
            <te-group>
              <routes>
                <route to="in4">
                  <actions>
                    <action arg="1994" type="swap"/>
                  </actions>
                </route>
              </routes>
            </te-group>
            <te-group>
              <routes>
                <route to="in0">
                  <actions>
                    <action arg="1994" type="swap"/>
                    <action arg="2861" type="push"/>
                  </actions>
                </route>
              </routes>
            </te-group>
          </te-groups>
        </destination>
        <destination from="in2" label="$1997">
          <te-groups>
            <te-group>
              <routes>
                <route to="in0">
                  <actions>
                    <action arg="1998" type="swap"/>
                  </actions>
                </route>
              </routes>
            </te-group>
            <te-group>
              <routes>
                <route to="in1">
                  <actions>
                    <action arg="1998" type="swap"/>
                    <action arg="2849" type="push"/>
                  </actions>
                </route>
              </routes>
            </te-group>
            <te-group>
              <routes>
                <route to="in2">
                  <actions>
                    <action arg="1998" type="swap"/>
                    <action arg="2849" type="push"/>
                    <action arg="2852" type="push"/>
                  </actions>
                </route>
              </routes>
            </te-group>
          </te-groups>
        </destination>
        <destination from="in2" label="$2004">
          <te-groups>
            <te-group>
              <routes>
                <route to="in0">
                  <actions>
                    <action arg="2005" type="swap"/>
                  </actions>
                </route>
              </routes>
            </te-group>
            <te-group>
              <routes>
                <route to="in1">
                  <actions>
                    <action arg="2005" type="swap"/>
                    <action arg="2849" type="push"/>
                  </actions>
                </route>
              </routes>
            </te-group>
            <te-group>
              <routes>
                <route to="in2">
                  <actions>
                    <action arg="2005" type="swap"/>
                    <action arg="2849" type="push"/>
                    <action arg="2852" type="push"/>
                  </actions>
                </route>
              </routes>
            </te-group>
          </te-groups>
        </destination>
        <destination from="in2" label="$2068">
          <te-groups>
            <te-group>
              <routes>
                <route to="in0">
                  <actions>
                    <action arg="2069" type="swap"/>
                  </actions>
                </route>
              </routes>
            </te-group>
            <te-group>
              <routes>
                <route to="in1">
                  <actions>
                    <action arg="2069" type="swap"/>
                    <action arg="2849" type="push"/>
                  </actions>
                </route>
              </routes>
            </te-group>
            <te-group>
              <routes>
                <route to="in2">
                  <actions>
                    <action arg="2069" type="swap"/>
                    <action arg="2849" type="push"/>
                    <action arg="2852" type="push"/>
                  </actions>
                </route>
              </routes>
            </te-group>
          </te-groups>
        </destination>
        <destination from="in2" label="$2127">
          <te-groups>
            <te-group>
              <routes>
                <route to="in3">
                  <actions>
                    <action arg="2128" type="swap"/>
                  </actions>
                </route>
              </routes>
            </te-group>
          </te-groups>
        </destination>
        <destination from="in2" label="$2131">
          <te-groups>
            <te-group>
              <routes>
                <route to="in4">
                  <actions>
                    <action arg="2132" type="swap"/>
                  </actions>
                </route>
              </routes>
            </te-group>
            <te-group>
              <routes>
                <route to="in0">
                  <actions>
                    <action arg="2132" type="swap"/>
                    <action arg="2861" type="push"/>
                  </actions>
                </route>
              </routes>
            </te-group>
          </te-groups>
        </destination>
        <destination from="in2" label="$2135">
          <te-groups>
            <te-group>
              <routes>
                <route to="in4">
                  <actions>
                    <action arg="2136" type="swap"/>
                  </actions>
                </route>
              </routes>
            </te-group>
            <te-group>
              <routes>
                <route to="in0">
                  <actions>
                    <action arg="2136" type="swap"/>
                    <action arg="2861" type="push"/>
                  </actions>
                </route>
              </routes>
            </te-group>
          </te-groups>
        </destination>
        <destination from="in3" label="2338">
          <te-groups>
            <te-group>
              <routes>
                <route to="eg0">
                  <actions>
                    <action type="pop"/>
                  </actions>
                </route>
              </routes>
            </te-group>
          </te-groups>
        </destination>
        <destination from="in3" label="$2245">
          <te-groups>
            <te-group>
              <routes>
                <route to="in0">
                  <actions>
                    <action arg="2246" type="swap"/>
                  </actions>
                </route>
              </routes>
            </te-group>
            <te-group>
              <routes>
                <route to="in1">
                  <actions>
                    <action arg="2246" type="swap"/>
                    <action arg="2849" type="push"/>
                  </actions>
                </route>
              </routes>
            </te-group>
            <te-group>
              <routes>
                <route to="in2">
                  <actions>
                    <action arg="2246" type="swap"/>
                    <action arg="2849" type="push"/>
                    <action arg="2852" type="push"/>
                  </actions>
                </route>
              </routes>
            </te-group>
            <te-group>
              <routes>
                <route to="in1">
                  <actions>
                    <action arg="2246" type="swap"/>
                    <action arg="2849" type="push"/>
                    <action arg="2852" type="push"/>
                    <action arg="2855" type="push"/>
                  </actions>
                </route>
              </routes>
            </te-group>
          </te-groups>
        </destination>
        <destination from="in3" label="$2251">
          <te-groups>
            <te-group>
              <routes>
                <route to="in0">
                  <actions>
                    <action arg="2252" type="swap"/>
                  </actions>
                </route>
              </routes>
            </te-group>
            <te-group>
              <routes>
                <route to="in1">
                  <actions>
                    <action arg="2252" type="swap"/>
                    <action arg="2849" type="push"/>
                  </actions>
                </route>
              </routes>
            </te-group>
            <te-group>
              <routes>
                <route to="in2">
                  <actions>
                    <action arg="2252" type="swap"/>
                    <action arg="2849" type="push"/>
                    <action arg="2852" type="push"/>
                  </actions>
                </route>
              </routes>
            </te-group>
            <te-group>
              <routes>
                <route to="in1">
                  <actions>
                    <action arg="2252" type="swap"/>
                    <action arg="2849" type="push"/>
                    <action arg="2852" type="push"/>
                    <action arg="2855" type="push"/>
                  </actions>
                </route>
              </routes>
            </te-group>
          </te-groups>
        </destination>
        <destination from="in3" label="$2256">
          <te-groups>
            <te-group>
              <routes>
                <route to="in0">
                  <actions>
                    <action arg="2257" type="swap"/>
                  </actions>
                </route>
              </routes>
            </te-group>
            <te-group>
              <routes>
                <route to="in1">
                  <actions>
                    <action arg="2257" type="swap"/>
                    <action arg="2849" type="push"/>
                  </actions>
                </route>
              </routes>
            </te-group>
            <te-group>
              <routes>
                <route to="in2">
                  <actions>
                    <action arg="2257" type="swap"/>
                    <action arg="2849" type="push"/>
                    <action arg="2852" type="push"/>
                  </actions>
                </route>
              </routes>
            </te-group>
            <te-group>
              <routes>
                <route to="in1">
                  <actions>
                    <action arg="2257" type="swap"/>
                    <action arg="2849" type="push"/>
                    <action arg="2852" type="push"/>
                    <action arg="2855" type="push"/>
                  </actions>
                </route>
              </routes>
            </te-group>
          </te-groups>
        </destination>
        <destination from="in3" label="$2262">
          <te-groups>
            <te-group>
              <routes>
                <route to="in0">
                  <actions>
                    <action arg="2263" type="swap"/>
                  </actions>
                </route>
              </routes>
            </te-group>
            <te-group>
              <routes>
                <route to="in1">
                  <actions>
                    <action arg="2263" type="swap"/>
                    <action arg="2849" type="push"/>
                  </actions>
                </route>
              </routes>
            </te-group>
            <te-group>
              <routes>
                <route to="in2">
                  <actions>
                    <action arg="2263" type="swap"/>
                    <action arg="2849" type="push"/>
                    <action arg="2852" type="push"/>
                  </actions>
                </route>
              </routes>
            </te-group>
            <te-group>
              <routes>
                <route to="in1">
                  <actions>
                    <action arg="2263" type="swap"/>
                    <action arg="2849" type="push"/>
                    <action arg="2852" type="push"/>
                    <action arg="2855" type="push"/>
                  </actions>
                </route>
              </routes>
            </te-group>
          </te-groups>
        </destination>
        <destination from="in3" label="$2267">
          <te-groups>
            <te-group>
              <routes>
                <route to="in0">
                  <actions>
                    <action arg="2268" type="swap"/>
                  </actions>
                </route>
              </routes>
            </te-group>
            <te-group>
              <routes>
                <route to="in1">
                  <actions>
                    <action arg="2268" type="swap"/>
                    <action arg="2849" type="push"/>
                  </actions>
                </route>
              </routes>
            </te-group>
            <te-group>
              <routes>
                <route to="in2">
                  <actions>
                    <action arg="2268" type="swap"/>
                    <action arg="2849" type="push"/>
                    <action arg="2852" type="push"/>
                  </actions>
                </route>
              </routes>
            </te-group>
            <te-group>
              <routes>
                <route to="in1">
                  <actions>
                    <action arg="2268" type="swap"/>
                    <action arg="2849" type="push"/>
                    <action arg="2852" type="push"/>
                    <action arg="2855" type="push"/>
                  </actions>
                </route>
              </routes>
            </te-group>
          </te-groups>
        </destination>
        <destination from="in3" label="$2272">
          <te-groups>
            <te-group>
              <routes>
                <route to="in0">
                  <actions>
                    <action arg="2273" type="swap"/>
                  </actions>
                </route>
              </routes>
            </te-group>
            <te-group>
              <routes>
                <route to="in1">
                  <actions>
                    <action arg="2273" type="swap"/>
                    <action arg="2849" type="push"/>
                  </actions>
                </route>
              </routes>
            </te-group>
            <te-group>
              <routes>
                <route to="in2">
                  <actions>
                    <action arg="2273" type="swap"/>
                    <action arg="2849" type="push"/>
                    <action arg="2852" type="push"/>
                  </actions>
                </route>
              </routes>
            </te-group>
            <te-group>
              <routes>
                <route to="in1">
                  <actions>
                    <action arg="2273" type="swap"/>
                    <action arg="2849" type="push"/>
                    <action arg="2852" type="push"/>
                    <action arg="2855" type="push"/>
                  </actions>
                </route>
              </routes>
            </te-group>
          </te-groups>
        </destination>
        <destination from="in3" label="$2277">
          <te-groups>
            <te-group>
              <routes>
                <route to="in0">
                  <actions>
                    <action arg="2278" type="swap"/>
                  </actions>
                </route>
              </routes>
            </te-group>
            <te-group>
              <routes>
                <route to="in1">
                  <actions>
                    <action arg="2278" type="swap"/>
                    <action arg="2849" type="push"/>
                  </actions>
                </route>
              </routes>
            </te-group>
            <te-group>
              <routes>
                <route to="in2">
                  <actions>
                    <action arg="2278" type="swap"/>
                    <action arg="2849" type="push"/>
                    <action arg="2852" type="push"/>
                  </actions>
                </route>
              </routes>
            </te-group>
            <te-group>
              <routes>
                <route to="in1">
                  <actions>
                    <action arg="2278" type="swap"/>
                    <action arg="2849" type="push"/>
                    <action arg="2852" type="push"/>
                    <action arg="2855" type="push"/>
                  </actions>
                </route>
              </routes>
            </te-group>
          </te-groups>
        </destination>
        <destination from="in3" label="$2281">
          <te-groups>
            <te-group>
              <routes>
                <route to="in0">
                  <actions>
                    <action arg="2282" type="swap"/>
                  </actions>
                </route>
              </routes>
            </te-group>
            <te-group>
              <routes>
                <route to="in1">
                  <actions>
                    <action arg="2282" type="swap"/>
                    <action arg="2849" type="push"/>
                  </actions>
                </route>
              </routes>
            </te-group>
            <te-group>
              <routes>
                <route to="in2">
                  <actions>
                    <action arg="2282" type="swap"/>
                    <action arg="2849" type="push"/>
                    <action arg="2852" type="push"/>
                  </actions>
                </route>
              </routes>
            </te-group>
            <te-group>
              <routes>
                <route to="in1">
                  <actions>
                    <action arg="2282" type="swap"/>
                    <action arg="2849" type="push"/>
                    <action arg="2852" type="push"/>
                    <action arg="2855" type="push"/>
                  </actions>
                </route>
              </routes>
            </te-group>
          </te-groups>
        </destination>
        <destination from="in3" label="$2284">
          <te-groups>
            <te-group>
              <routes>
                <route to="in1">
                  <actions>
                    <action arg="2285" type="swap"/>
                  </actions>
                </route>
              </routes>
            </te-group>
            <te-group>
              <routes>
                <route to="in2">
                  <actions>
                    <action arg="2285" type="swap"/>
                    <action arg="2852" type="push"/>
                  </actions>
                </route>
              </routes>
            </te-group>
            <te-group>
              <routes>
                <route to="in1">
                  <actions>
                    <action arg="2285" type="swap"/>
                    <action arg="2852" type="push"/>
                    <action arg="2855" type="push"/>
                  </actions>
                </route>
              </routes>
            </te-group>
          </te-groups>
        </destination>
        <destination from="in3" label="$2288">
          <te-groups>
            <te-group>
              <routes>
                <route to="in1">
                  <actions>
                    <action arg="2289" type="swap"/>
                  </actions>
                </route>
              </routes>
            </te-group>
            <te-group>
              <routes>
                <route to="in2">
                  <actions>
                    <action arg="2289" type="swap"/>
                    <action arg="2852" type="push"/>
                  </actions>
                </route>
              </routes>
            </te-group>
            <te-group>
              <routes>
                <route to="in1">
                  <actions>
                    <action arg="2289" type="swap"/>
                    <action arg="2852" type="push"/>
                    <action arg="2855" type="push"/>
                  </actions>
                </route>
              </routes>
            </te-group>
          </te-groups>
        </destination>
        <destination from="in3" label="$2291">
          <te-groups>
            <te-group>
              <routes>
                <route to="in1">
                  <actions>
                    <action arg="2292" type="swap"/>
                  </actions>
                </route>
              </routes>
            </te-group>
            <te-group>
              <routes>
                <route to="in2">
                  <actions>
                    <action arg="2292" type="swap"/>
                    <action arg="2852" type="push"/>
                  </actions>
                </route>
              </routes>
            </te-group>
            <te-group>
              <routes>
                <route to="in1">
                  <actions>
                    <action arg="2292" type="swap"/>
                    <action arg="2852" type="push"/>
                    <action arg="2855" type="push"/>
                  </actions>
                </route>
              </routes>
            </te-group>
          </te-groups>
        </destination>
        <destination from="in3" label="$2295">
          <te-groups>
            <te-group>
              <routes>
                <route to="in1">
                  <actions>
                    <action arg="2296" type="swap"/>
                  </actions>
                </route>
              </routes>
            </te-group>
            <te-group>
              <routes>
                <route to="in2">
                  <actions>
                    <action arg="2296" type="swap"/>
                    <action arg="2852" type="push"/>
                  </actions>
                </route>
              </routes>
            </te-group>
            <te-group>
              <routes>
                <route to="in1">
                  <actions>
                    <action arg="2296" type="swap"/>
                    <action arg="2852" type="push"/>
                    <action arg="2855" type="push"/>
                  </actions>
                </route>
              </routes>
            </te-group>
          </te-groups>
        </destination>
        <destination from="in3" label="$2300">
          <te-groups>
            <te-group>
              <routes>
                <route to="in1">
                  <actions>
                    <action arg="2301" type="swap"/>
                  </actions>
                </route>
              </routes>
            </te-group>
            <te-group>
              <routes>
                <route to="in2">
                  <actions>
                    <action arg="2301" type="swap"/>
                    <action arg="2852" type="push"/>
                  </actions>
                </route>
              </routes>
            </te-group>
            <te-group>
              <routes>
                <route to="in1">
                  <actions>
                    <action arg="2301" type="swap"/>
                    <action arg="2852" type="push"/>
                    <action arg="2855" type="push"/>
                  </actions>
                </route>
              </routes>
            </te-group>
          </te-groups>
        </destination>
        <destination from="in3" label="$2304">
          <te-groups>
            <te-group>
              <routes>
                <route to="in1">
                  <actions>
                    <action arg="2305" type="swap"/>
                  </actions>
                </route>
              </routes>
            </te-group>
            <te-group>
              <routes>
                <route to="in2">
                  <actions>
                    <action arg="2305" type="swap"/>
                    <action arg="2852" type="push"/>
                  </actions>
                </route>
              </routes>
            </te-group>
            <te-group>
              <routes>
                <route to="in1">
                  <actions>
                    <action arg="2305" type="swap"/>
                    <action arg="2852" type="push"/>
                    <action arg="2855" type="push"/>
                  </actions>
                </route>
              </routes>
            </te-group>
          </te-groups>
        </destination>
        <destination from="in3" label="$2309">
          <te-groups>
            <te-group>
              <routes>
                <route to="in1">
                  <actions>
                    <action arg="2310" type="swap"/>
                  </actions>
                </route>
              </routes>
            </te-group>
            <te-group>
              <routes>
                <route to="in2">
                  <actions>
                    <action arg="2310" type="swap"/>
                    <action arg="2852" type="push"/>
                  </actions>
                </route>
              </routes>
            </te-group>
            <te-group>
              <routes>
                <route to="in1">
                  <actions>
                    <action arg="2310" type="swap"/>
                    <action arg="2852" type="push"/>
                    <action arg="2855" type="push"/>
                  </actions>
                </route>
              </routes>
            </te-group>
          </te-groups>
        </destination>
        <destination from="in3" label="$2314">
          <te-groups>
            <te-group>
              <routes>
                <route to="in0">
                  <actions>
                    <action arg="2315" type="swap"/>
                  </actions>
                </route>
              </routes>
            </te-group>
            <te-group>
              <routes>
                <route to="in1">
                  <actions>
                    <action arg="2315" type="swap"/>
                    <action arg="2849" type="push"/>
                  </actions>
                </route>
              </routes>
            </te-group>
            <te-group>
              <routes>
                <route to="in2">
                  <actions>
                    <action arg="2315" type="swap"/>
                    <action arg="2849" type="push"/>
                    <action arg="2852" type="push"/>
                  </actions>
                </route>
              </routes>
            </te-group>
            <te-group>
              <routes>
                <route to="in1">
                  <actions>
                    <action arg="2315" type="swap"/>
                    <action arg="2849" type="push"/>
                    <action arg="2852" type="push"/>
                    <action arg="2855" type="push"/>
                  </actions>
                </route>
              </routes>
            </te-group>
          </te-groups>
        </destination>
        <destination from="in3" label="$2322">
          <te-groups>
            <te-group>
              <routes>
                <route to="in0">
                  <actions>
                    <action arg="2323" type="swap"/>
                  </actions>
                </route>
              </routes>
            </te-group>
            <te-group>
              <routes>
                <route to="in1">
                  <actions>
                    <action arg="2323" type="swap"/>
                    <action arg="2849" type="push"/>
                  </actions>
                </route>
              </routes>
            </te-group>
            <te-group>
              <routes>
                <route to="in2">
                  <actions>
                    <action arg="2323" type="swap"/>
                    <action arg="2849" type="push"/>
                    <action arg="2852" type="push"/>
                  </actions>
                </route>
              </routes>
            </te-group>
            <te-group>
              <routes>
                <route to="in1">
                  <actions>
                    <action arg="2323" type="swap"/>
                    <action arg="2849" type="push"/>
                    <action arg="2852" type="push"/>
                    <action arg="2855" type="push"/>
                  </actions>
                </route>
              </routes>
            </te-group>
          </te-groups>
        </destination>
        <destination from="in3" label="$2331">
          <te-groups>
            <te-group>
              <routes>
                <route to="in2">
                  <actions>
                    <action arg="2332" type="swap"/>
                  </actions>
                </route>
              </routes>
            </te-group>
            <te-group>
              <routes>
                <route to="in1">
                  <actions>
                    <action arg="2332" type="swap"/>
                    <action arg="2855" type="push"/>
                  </actions>
                </route>
              </routes>
            </te-group>
          </te-groups>
        </destination>
        <destination from="in3" label="$2334">
          <te-groups>
            <te-group>
              <routes>
                <route to="in2">
                  <actions>
                    <action arg="2335" type="swap"/>
                  </actions>
                </route>
              </routes>
            </te-group>
            <te-group>
              <routes>
                <route to="in1">
                  <actions>
                    <action arg="2335" type="swap"/>
                    <action arg="2855" type="push"/>
                  </actions>
                </route>
              </routes>
            </te-group>
          </te-groups>
        </destination>
        <destination from="in3" label="$2340">
          <te-groups>
            <te-group>
              <routes>
                <route to="in4">
                  <actions>
                    <action arg="2341" type="swap"/>
                  </actions>
                </route>
              </routes>
            </te-group>
            <te-group>
              <routes>
                <route to="in0">
                  <actions>
                    <action arg="2341" type="swap"/>
                    <action arg="2861" type="push"/>
                  </actions>
                </route>
              </routes>
            </te-group>
          </te-groups>
        </destination>
        <destination from="in3" label="$2343">
          <te-groups>
            <te-group>
              <routes>
                <route to="in4">
                  <actions>
                    <action arg="2344" type="swap"/>
                  </actions>
                </route>
              </routes>
            </te-group>
            <te-group>
              <routes>
                <route to="in0">
                  <actions>
                    <action arg="2344" type="swap"/>
                    <action arg="2861" type="push"/>
                  </actions>
                </route>
              </routes>
            </te-group>
          </te-groups>
        </destination>
        <destination from="in3" label="$2347">
          <te-groups>
            <te-group>
              <routes>
                <route to="in0">
                  <actions>
                    <action arg="2348" type="swap"/>
                  </actions>
                </route>
              </routes>
            </te-group>
            <te-group>
              <routes>
                <route to="in1">
                  <actions>
                    <action arg="2348" type="swap"/>
                    <action arg="2849" type="push"/>
                  </actions>
                </route>
              </routes>
            </te-group>
            <te-group>
              <routes>
                <route to="in2">
                  <actions>
                    <action arg="2348" type="swap"/>
                    <action arg="2849" type="push"/>
                    <action arg="2852" type="push"/>
                  </actions>
                </route>
              </routes>
            </te-group>
            <te-group>
              <routes>
                <route to="in1">
                  <actions>
                    <action arg="2348" type="swap"/>
                    <action arg="2849" type="push"/>
                    <action arg="2852" type="push"/>
                    <action arg="2855" type="push"/>
                  </actions>
                </route>
              </routes>
            </te-group>
          </te-groups>
        </destination>
        <destination from="in3" label="$2354">
          <te-groups>
            <te-group>
              <routes>
                <route to="in0">
                  <actions>
                    <action arg="2355" type="swap"/>
                  </actions>
                </route>
              </routes>
            </te-group>
            <te-group>
              <routes>
                <route to="in1">
                  <actions>
                    <action arg="2355" type="swap"/>
                    <action arg="2849" type="push"/>
                  </actions>
                </route>
              </routes>
            </te-group>
            <te-group>
              <routes>
                <route to="in2">
                  <actions>
                    <action arg="2355" type="swap"/>
                    <action arg="2849" type="push"/>
                    <action arg="2852" type="push"/>
                  </actions>
                </route>
              </routes>
            </te-group>
            <te-group>
              <routes>
                <route to="in1">
                  <actions>
                    <action arg="2355" type="swap"/>
                    <action arg="2849" type="push"/>
                    <action arg="2852" type="push"/>
                    <action arg="2855" type="push"/>
                  </actions>
                </route>
              </routes>
            </te-group>
          </te-groups>
        </destination>
        <destination from="in4" label="2455">
          <te-groups>
            <te-group>
              <routes>
                <route to="eg0">
                  <actions>
                    <action type="pop"/>
                  </actions>
                </route>
              </routes>
            </te-group>
          </te-groups>
        </destination>
        <destination from="in4" label="2570">
          <te-groups>
            <te-group>
              <routes>
                <route to="eg0">
                  <actions>
                    <action type="pop"/>
                  </actions>
                </route>
              </routes>
            </te-group>
          </te-groups>
        </destination>
        <destination from="in4" label="2873">
          <te-groups>
            <te-group>
              <routes>
                <route to="in0">
                  <actions>
                    <action arg="2872" type="swap"/>
                  </actions>
                </route>
              </routes>
            </te-group>
          </te-groups>
        </destination>
        <destination from="in4" label="2884">
          <te-groups>
            <te-group>
              <routes>
                <route to="in0">
                  <actions>
                    <action arg="2883" type="swap"/>
                  </actions>
                </route>
              </routes>
            </te-group>
          </te-groups>
        </destination>
        <destination from="in4" label="$2362">
          <te-groups>
            <te-group>
              <routes>
                <route to="in0">
                  <actions>
                    <action arg="2363" type="swap"/>
                  </actions>
                </route>
              </routes>
            </te-group>
            <te-group>
              <routes>
                <route to="in1">
                  <actions>
                    <action arg="2363" type="swap"/>
                    <action arg="2849" type="push"/>
                  </actions>
                </route>
              </routes>
            </te-group>
            <te-group>
              <routes>
                <route to="in2">
                  <actions>
                    <action arg="2363" type="swap"/>
                    <action arg="2849" type="push"/>
                    <action arg="2852" type="push"/>
                  </actions>
                </route>
              </routes>
            </te-group>
            <te-group>
              <routes>
                <route to="in1">
                  <actions>
                    <action arg="2363" type="swap"/>
                    <action arg="2849" type="push"/>
                    <action arg="2852" type="push"/>
                    <action arg="2855" type="push"/>
                  </actions>
                </route>
              </routes>
            </te-group>
          </te-groups>
        </destination>
        <destination from="in4" label="$2368">
          <te-groups>
            <te-group>
              <routes>
                <route to="in0">
                  <actions>
                    <action arg="2369" type="swap"/>
                  </actions>
                </route>
              </routes>
            </te-group>
            <te-group>
              <routes>
                <route to="in1">
                  <actions>
                    <action arg="2369" type="swap"/>
                    <action arg="2849" type="push"/>
                  </actions>
                </route>
              </routes>
            </te-group>
            <te-group>
              <routes>
                <route to="in2">
                  <actions>
                    <action arg="2369" type="swap"/>
                    <action arg="2849" type="push"/>
                    <action arg="2852" type="push"/>
                  </actions>
                </route>
              </routes>
            </te-group>
            <te-group>
              <routes>
                <route to="in1">
                  <actions>
                    <action arg="2369" type="swap"/>
                    <action arg="2849" type="push"/>
                    <action arg="2852" type="push"/>
                    <action arg="2855" type="push"/>
                  </actions>
                </route>
              </routes>
            </te-group>
          </te-groups>
        </destination>
        <destination from="in4" label="$2373">
          <te-groups>
            <te-group>
              <routes>
                <route to="in0">
                  <actions>
                    <action arg="2374" type="swap"/>
                  </actions>
                </route>
              </routes>
            </te-group>
            <te-group>
              <routes>
                <route to="in1">
                  <actions>
                    <action arg="2374" type="swap"/>
                    <action arg="2849" type="push"/>
                  </actions>
                </route>
              </routes>
            </te-group>
            <te-group>
              <routes>
                <route to="in2">
                  <actions>
                    <action arg="2374" type="swap"/>
                    <action arg="2849" type="push"/>
                    <action arg="2852" type="push"/>
                  </actions>
                </route>
              </routes>
            </te-group>
            <te-group>
              <routes>
                <route to="in1">
                  <actions>
                    <action arg="2374" type="swap"/>
                    <action arg="2849" type="push"/>
                    <action arg="2852" type="push"/>
                    <action arg="2855" type="push"/>
                  </actions>
                </route>
              </routes>
            </te-group>
          </te-groups>
        </destination>
        <destination from="in4" label="$2379">
          <te-groups>
            <te-group>
              <routes>
                <route to="in0">
                  <actions>
                    <action arg="2380" type="swap"/>
                  </actions>
                </route>
              </routes>
            </te-group>
            <te-group>
              <routes>
                <route to="in1">
                  <actions>
                    <action arg="2380" type="swap"/>
                    <action arg="2849" type="push"/>
                  </actions>
                </route>
              </routes>
            </te-group>
            <te-group>
              <routes>
                <route to="in2">
                  <actions>
                    <action arg="2380" type="swap"/>
                    <action arg="2849" type="push"/>
                    <action arg="2852" type="push"/>
                  </actions>
                </route>
              </routes>
            </te-group>
            <te-group>
              <routes>
                <route to="in1">
                  <actions>
                    <action arg="2380" type="swap"/>
                    <action arg="2849" type="push"/>
                    <action arg="2852" type="push"/>
                    <action arg="2855" type="push"/>
                  </actions>
                </route>
              </routes>
            </te-group>
          </te-groups>
        </destination>
        <destination from="in4" label="$2384">
          <te-groups>
            <te-group>
              <routes>
                <route to="in0">
                  <actions>
                    <action arg="2385" type="swap"/>
                  </actions>
                </route>
              </routes>
            </te-group>
            <te-group>
              <routes>
                <route to="in1">
                  <actions>
                    <action arg="2385" type="swap"/>
                    <action arg="2849" type="push"/>
                  </actions>
                </route>
              </routes>
            </te-group>
            <te-group>
              <routes>
                <route to="in2">
                  <actions>
                    <action arg="2385" type="swap"/>
                    <action arg="2849" type="push"/>
                    <action arg="2852" type="push"/>
                  </actions>
                </route>
              </routes>
            </te-group>
            <te-group>
              <routes>
                <route to="in1">
                  <actions>
                    <action arg="2385" type="swap"/>
                    <action arg="2849" type="push"/>
                    <action arg="2852" type="push"/>
                    <action arg="2855" type="push"/>
                  </actions>
                </route>
              </routes>
            </te-group>
          </te-groups>
        </destination>
        <destination from="in4" label="$2389">
          <te-groups>
            <te-group>
              <routes>
                <route to="in0">
                  <actions>
                    <action arg="2390" type="swap"/>
                  </actions>
                </route>
              </routes>
            </te-group>
            <te-group>
              <routes>
                <route to="in1">
                  <actions>
                    <action arg="2390" type="swap"/>
                    <action arg="2849" type="push"/>
                  </actions>
                </route>
              </routes>
            </te-group>
            <te-group>
              <routes>
                <route to="in2">
                  <actions>
                    <action arg="2390" type="swap"/>
                    <action arg="2849" type="push"/>
                    <action arg="2852" type="push"/>
                  </actions>
                </route>
              </routes>
            </te-group>
            <te-group>
              <routes>
                <route to="in1">
                  <actions>
                    <action arg="2390" type="swap"/>
                    <action arg="2849" type="push"/>
                    <action arg="2852" type="push"/>
                    <action arg="2855" type="push"/>
                  </actions>
                </route>
              </routes>
            </te-group>
          </te-groups>
        </destination>
        <destination from="in4" label="$2394">
          <te-groups>
            <te-group>
              <routes>
                <route to="in0">
                  <actions>
                    <action arg="2395" type="swap"/>
                  </actions>
                </route>
              </routes>
            </te-group>
            <te-group>
              <routes>
                <route to="in1">
                  <actions>
                    <action arg="2395" type="swap"/>
                    <action arg="2849" type="push"/>
                  </actions>
                </route>
              </routes>
            </te-group>
            <te-group>
              <routes>
                <route to="in2">
                  <actions>
                    <action arg="2395" type="swap"/>
                    <action arg="2849" type="push"/>
                    <action arg="2852" type="push"/>
                  </actions>
                </route>
              </routes>
            </te-group>
            <te-group>
              <routes>
                <route to="in1">
                  <actions>
                    <action arg="2395" type="swap"/>
                    <action arg="2849" type="push"/>
                    <action arg="2852" type="push"/>
                    <action arg="2855" type="push"/>
                  </actions>
                </route>
              </routes>
            </te-group>
          </te-groups>
        </destination>
        <destination from="in4" label="$2398">
          <te-groups>
            <te-group>
              <routes>
                <route to="in0">
                  <actions>
                    <action arg="2399" type="swap"/>
                  </actions>
                </route>
              </routes>
            </te-group>
            <te-group>
              <routes>
                <route to="in1">
                  <actions>
                    <action arg="2399" type="swap"/>
                    <action arg="2849" type="push"/>
                  </actions>
                </route>
              </routes>
            </te-group>
            <te-group>
              <routes>
                <route to="in2">
                  <actions>
                    <action arg="2399" type="swap"/>
                    <action arg="2849" type="push"/>
                    <action arg="2852" type="push"/>
                  </actions>
                </route>
              </routes>
            </te-group>
            <te-group>
              <routes>
                <route to="in1">
                  <actions>
                    <action arg="2399" type="swap"/>
                    <action arg="2849" type="push"/>
                    <action arg="2852" type="push"/>
                    <action arg="2855" type="push"/>
                  </actions>
                </route>
              </routes>
            </te-group>
          </te-groups>
        </destination>
        <destination from="in4" label="$2401">
          <te-groups>
            <te-group>
              <routes>
                <route to="in1">
                  <actions>
                    <action arg="2402" type="swap"/>
                  </actions>
                </route>
              </routes>
            </te-group>
            <te-group>
              <routes>
                <route to="in2">
                  <actions>
                    <action arg="2402" type="swap"/>
                    <action arg="2852" type="push"/>
                  </actions>
                </route>
              </routes>
            </te-group>
            <te-group>
              <routes>
                <route to="in1">
                  <actions>
                    <action arg="2402" type="swap"/>
                    <action arg="2852" type="push"/>
                    <action arg="2855" type="push"/>
                  </actions>
                </route>
              </routes>
            </te-group>
          </te-groups>
        </destination>
        <destination from="in4" label="$2405">
          <te-groups>
            <te-group>
              <routes>
                <route to="in1">
                  <actions>
                    <action arg="2406" type="swap"/>
                  </actions>
                </route>
              </routes>
            </te-group>
            <te-group>
              <routes>
                <route to="in2">
                  <actions>
                    <action arg="2406" type="swap"/>
                    <action arg="2852" type="push"/>
                  </actions>
                </route>
              </routes>
            </te-group>
            <te-group>
              <routes>
                <route to="in1">
                  <actions>
                    <action arg="2406" type="swap"/>
                    <action arg="2852" type="push"/>
                    <action arg="2855" type="push"/>
                  </actions>
                </route>
              </routes>
            </te-group>
          </te-groups>
        </destination>
        <destination from="in4" label="$2408">
          <te-groups>
            <te-group>
              <routes>
                <route to="in1">
                  <actions>
                    <action arg="2409" type="swap"/>
                  </actions>
                </route>
              </routes>
            </te-group>
            <te-group>
              <routes>
                <route to="in2">
                  <actions>
                    <action arg="2409" type="swap"/>
                    <action arg="2852" type="push"/>
                  </actions>
                </route>
              </routes>
            </te-group>
            <te-group>
              <routes>
                <route to="in1">
                  <actions>
                    <action arg="2409" type="swap"/>
                    <action arg="2852" type="push"/>
                    <action arg="2855" type="push"/>
                  </actions>
                </route>
              </routes>
            </te-group>
          </te-groups>
        </destination>
        <destination from="in4" label="$2412">
          <te-groups>
            <te-group>
              <routes>
                <route to="in1">
                  <actions>
                    <action arg="2413" type="swap"/>
                  </actions>
                </route>
              </routes>
            </te-group>
            <te-group>
              <routes>
                <route to="in2">
                  <actions>
                    <action arg="2413" type="swap"/>
                    <action arg="2852" type="push"/>
                  </actions>
                </route>
              </routes>
            </te-group>
            <te-group>
              <routes>
                <route to="in1">
                  <actions>
                    <action arg="2413" type="swap"/>
                    <action arg="2852" type="push"/>
                    <action arg="2855" type="push"/>
                  </actions>
                </route>
              </routes>
            </te-group>
          </te-groups>
        </destination>
        <destination from="in4" label="$2417">
          <te-groups>
            <te-group>
              <routes>
                <route to="in1">
                  <actions>
                    <action arg="2418" type="swap"/>
                  </actions>
                </route>
              </routes>
            </te-group>
            <te-group>
              <routes>
                <route to="in2">
                  <actions>
                    <action arg="2418" type="swap"/>
                    <action arg="2852" type="push"/>
                  </actions>
                </route>
              </routes>
            </te-group>
            <te-group>
              <routes>
                <route to="in1">
                  <actions>
                    <action arg="2418" type="swap"/>
                    <action arg="2852" type="push"/>
                    <action arg="2855" type="push"/>
                  </actions>
                </route>
              </routes>
            </te-group>
          </te-groups>
        </destination>
        <destination from="in4" label="$2421">
          <te-groups>
            <te-group>
              <routes>
                <route to="in1">
                  <actions>
                    <action arg="2422" type="swap"/>
                  </actions>
                </route>
              </routes>
            </te-group>
            <te-group>
              <routes>
                <route to="in2">
                  <actions>
                    <action arg="2422" type="swap"/>
                    <action arg="2852" type="push"/>
                  </actions>
                </route>
              </routes>
            </te-group>
            <te-group>
              <routes>
                <route to="in1">
                  <actions>
                    <action arg="2422" type="swap"/>
                    <action arg="2852" type="push"/>
                    <action arg="2855" type="push"/>
                  </actions>
                </route>
              </routes>
            </te-group>
          </te-groups>
        </destination>
        <destination from="in4" label="$2426">
          <te-groups>
            <te-group>
              <routes>
                <route to="in1">
                  <actions>
                    <action arg="2427" type="swap"/>
                  </actions>
                </route>
              </routes>
            </te-group>
            <te-group>
              <routes>
                <route to="in2">
                  <actions>
                    <action arg="2427" type="swap"/>
                    <action arg="2852" type="push"/>
                  </actions>
                </route>
              </routes>
            </te-group>
            <te-group>
              <routes>
                <route to="in1">
                  <actions>
                    <action arg="2427" type="swap"/>
                    <action arg="2852" type="push"/>
                    <action arg="2855" type="push"/>
                  </actions>
                </route>
              </routes>
            </te-group>
          </te-groups>
        </destination>
        <destination from="in4" label="$2431">
          <te-groups>
            <te-group>
              <routes>
                <route to="in0">
                  <actions>
                    <action arg="2432" type="swap"/>
                  </actions>
                </route>
              </routes>
            </te-group>
            <te-group>
              <routes>
                <route to="in1">
                  <actions>
                    <action arg="2432" type="swap"/>
                    <action arg="2849" type="push"/>
                  </actions>
                </route>
              </routes>
            </te-group>
            <te-group>
              <routes>
                <route to="in2">
                  <actions>
                    <action arg="2432" type="swap"/>
                    <action arg="2849" type="push"/>
                    <action arg="2852" type="push"/>
                  </actions>
                </route>
              </routes>
            </te-group>
            <te-group>
              <routes>
                <route to="in1">
                  <actions>
                    <action arg="2432" type="swap"/>
                    <action arg="2849" type="push"/>
                    <action arg="2852" type="push"/>
                    <action arg="2855" type="push"/>
                  </actions>
                </route>
              </routes>
            </te-group>
          </te-groups>
        </destination>
        <destination from="in4" label="$2439">
          <te-groups>
            <te-group>
              <routes>
                <route to="in0">
                  <actions>
                    <action arg="2440" type="swap"/>
                  </actions>
                </route>
              </routes>
            </te-group>
            <te-group>
              <routes>
                <route to="in1">
                  <actions>
                    <action arg="2440" type="swap"/>
                    <action arg="2849" type="push"/>
                  </actions>
                </route>
              </routes>
            </te-group>
            <te-group>
              <routes>
                <route to="in2">
                  <actions>
                    <action arg="2440" type="swap"/>
                    <action arg="2849" type="push"/>
                    <action arg="2852" type="push"/>
                  </actions>
                </route>
              </routes>
            </te-group>
            <te-group>
              <routes>
                <route to="in1">
                  <actions>
                    <action arg="2440" type="swap"/>
                    <action arg="2849" type="push"/>
                    <action arg="2852" type="push"/>
                    <action arg="2855" type="push"/>
                  </actions>
                </route>
              </routes>
            </te-group>
          </te-groups>
        </destination>
        <destination from="in4" label="$2448">
          <te-groups>
            <te-group>
              <routes>
                <route to="in2">
                  <actions>
                    <action arg="2449" type="swap"/>
                  </actions>
                </route>
              </routes>
            </te-group>
            <te-group>
              <routes>
                <route to="in1">
                  <actions>
                    <action arg="2449" type="swap"/>
                    <action arg="2855" type="push"/>
                  </actions>
                </route>
              </routes>
            </te-group>
          </te-groups>
        </destination>
        <destination from="in4" label="$2451">
          <te-groups>
            <te-group>
              <routes>
                <route to="in2">
                  <actions>
                    <action arg="2452" type="swap"/>
                  </actions>
                </route>
              </routes>
            </te-group>
            <te-group>
              <routes>
                <route to="in1">
                  <actions>
                    <action arg="2452" type="swap"/>
                    <action arg="2855" type="push"/>
                  </actions>
                </route>
              </routes>
            </te-group>
          </te-groups>
        </destination>
        <destination from="in4" label="$2457">
          <te-groups>
            <te-group>
              <routes>
                <route to="in3">
                  <actions>
                    <action arg="2458" type="swap"/>
                  </actions>
                </route>
              </routes>
            </te-group>
          </te-groups>
        </destination>
        <destination from="in4" label="$2462">
          <te-groups>
            <te-group>
              <routes>
                <route to="in0">
                  <actions>
                    <action arg="2463" type="swap"/>
                  </actions>
                </route>
              </routes>
            </te-group>
            <te-group>
              <routes>
                <route to="in1">
                  <actions>
                    <action arg="2463" type="swap"/>
                    <action arg="2849" type="push"/>
                  </actions>
                </route>
              </routes>
            </te-group>
            <te-group>
              <routes>
                <route to="in2">
                  <actions>
                    <action arg="2463" type="swap"/>
                    <action arg="2849" type="push"/>
                    <action arg="2852" type="push"/>
                  </actions>
                </route>
              </routes>
            </te-group>
            <te-group>
              <routes>
                <route to="in1">
                  <actions>
                    <action arg="2463" type="swap"/>
                    <action arg="2849" type="push"/>
                    <action arg="2852" type="push"/>
                    <action arg="2855" type="push"/>
                  </actions>
                </route>
              </routes>
            </te-group>
          </te-groups>
        </destination>
        <destination from="in4" label="$2469">
          <te-groups>
            <te-group>
              <routes>
                <route to="in0">
                  <actions>
                    <action arg="2470" type="swap"/>
                  </actions>
                </route>
              </routes>
            </te-group>
            <te-group>
              <routes>
                <route to="in1">
                  <actions>
                    <action arg="2470" type="swap"/>
                    <action arg="2849" type="push"/>
                  </actions>
                </route>
              </routes>
            </te-group>
            <te-group>
              <routes>
                <route to="in2">
                  <actions>
                    <action arg="2470" type="swap"/>
                    <action arg="2849" type="push"/>
                    <action arg="2852" type="push"/>
                  </actions>
                </route>
              </routes>
            </te-group>
            <te-group>
              <routes>
                <route to="in1">
                  <actions>
                    <action arg="2470" type="swap"/>
                    <action arg="2849" type="push"/>
                    <action arg="2852" type="push"/>
                    <action arg="2855" type="push"/>
                  </actions>
                </route>
              </routes>
            </te-group>
          </te-groups>
        </destination>
        <destination from="in4" label="$2483">
          <te-groups>
            <te-group>
              <routes>
                <route to="in0">
                  <actions>
                    <action arg="2484" type="swap"/>
                  </actions>
                </route>
              </routes>
            </te-group>
            <te-group>
              <routes>
                <route to="in1">
                  <actions>
                    <action arg="2484" type="swap"/>
                    <action arg="2849" type="push"/>
                  </actions>
                </route>
              </routes>
            </te-group>
            <te-group>
              <routes>
                <route to="in2">
                  <actions>
                    <action arg="2484" type="swap"/>
                    <action arg="2849" type="push"/>
                    <action arg="2852" type="push"/>
                  </actions>
                </route>
              </routes>
            </te-group>
            <te-group>
              <routes>
                <route to="in1">
                  <actions>
                    <action arg="2484" type="swap"/>
                    <action arg="2849" type="push"/>
                    <action arg="2852" type="push"/>
                    <action arg="2855" type="push"/>
                  </actions>
                </route>
              </routes>
            </te-group>
          </te-groups>
        </destination>
        <destination from="in4" label="$2496">
          <te-groups>
            <te-group>
              <routes>
                <route to="in0">
                  <actions>
                    <action arg="2497" type="swap"/>
                  </actions>
                </route>
              </routes>
            </te-group>
            <te-group>
              <routes>
                <route to="in1">
                  <actions>
                    <action arg="2497" type="swap"/>
                    <action arg="2849" type="push"/>
                  </actions>
                </route>
              </routes>
            </te-group>
            <te-group>
              <routes>
                <route to="in2">
                  <actions>
                    <action arg="2497" type="swap"/>
                    <action arg="2849" type="push"/>
                    <action arg="2852" type="push"/>
                  </actions>
                </route>
              </routes>
            </te-group>
            <te-group>
              <routes>
                <route to="in1">
                  <actions>
                    <action arg="2497" type="swap"/>
                    <action arg="2849" type="push"/>
                    <action arg="2852" type="push"/>
                    <action arg="2855" type="push"/>
                  </actions>
                </route>
              </routes>
            </te-group>
          </te-groups>
        </destination>
        <destination from="in4" label="$2502">
          <te-groups>
            <te-group>
              <routes>
                <route to="in0">
                  <actions>
                    <action arg="2503" type="swap"/>
                  </actions>
                </route>
              </routes>
            </te-group>
            <te-group>
              <routes>
                <route to="in1">
                  <actions>
                    <action arg="2503" type="swap"/>
                    <action arg="2849" type="push"/>
                  </actions>
                </route>
              </routes>
            </te-group>
            <te-group>
              <routes>
                <route to="in2">
                  <actions>
                    <action arg="2503" type="swap"/>
                    <action arg="2849" type="push"/>
                    <action arg="2852" type="push"/>
                  </actions>
                </route>
              </routes>
            </te-group>
            <te-group>
              <routes>
                <route to="in1">
                  <actions>
                    <action arg="2503" type="swap"/>
                    <action arg="2849" type="push"/>
                    <action arg="2852" type="push"/>
                    <action arg="2855" type="push"/>
                  </actions>
                </route>
              </routes>
            </te-group>
          </te-groups>
        </destination>
        <destination from="in4" label="$2508">
          <te-groups>
            <te-group>
              <routes>
                <route to="in0">
                  <actions>
                    <action arg="2509" type="swap"/>
                  </actions>
                </route>
              </routes>
            </te-group>
            <te-group>
              <routes>
                <route to="in1">
                  <actions>
                    <action arg="2509" type="swap"/>
                    <action arg="2849" type="push"/>
                  </actions>
                </route>
              </routes>
            </te-group>
            <te-group>
              <routes>
                <route to="in2">
                  <actions>
                    <action arg="2509" type="swap"/>
                    <action arg="2849" type="push"/>
                    <action arg="2852" type="push"/>
                  </actions>
                </route>
              </routes>
            </te-group>
            <te-group>
              <routes>
                <route to="in1">
                  <actions>
                    <action arg="2509" type="swap"/>
                    <action arg="2849" type="push"/>
                    <action arg="2852" type="push"/>
                    <action arg="2855" type="push"/>
                  </actions>
                </route>
              </routes>
            </te-group>
          </te-groups>
        </destination>
        <destination from="in4" label="$2513">
          <te-groups>
            <te-group>
              <routes>
                <route to="in0">
                  <actions>
                    <action arg="2514" type="swap"/>
                  </actions>
                </route>
              </routes>
            </te-group>
            <te-group>
              <routes>
                <route to="in1">
                  <actions>
                    <action arg="2514" type="swap"/>
                    <action arg="2849" type="push"/>
                  </actions>
                </route>
              </routes>
            </te-group>
            <te-group>
              <routes>
                <route to="in2">
                  <actions>
                    <action arg="2514" type="swap"/>
                    <action arg="2849" type="push"/>
                    <action arg="2852" type="push"/>
                  </actions>
                </route>
              </routes>
            </te-group>
            <te-group>
              <routes>
                <route to="in1">
                  <actions>
                    <action arg="2514" type="swap"/>
                    <action arg="2849" type="push"/>
                    <action arg="2852" type="push"/>
                    <action arg="2855" type="push"/>
                  </actions>
                </route>
              </routes>
            </te-group>
          </te-groups>
        </destination>
        <destination from="in4" label="$2517">
          <te-groups>
            <te-group>
              <routes>
                <route to="in1">
                  <actions>
                    <action arg="2518" type="swap"/>
                  </actions>
                </route>
              </routes>
            </te-group>
            <te-group>
              <routes>
                <route to="in2">
                  <actions>
                    <action arg="2518" type="swap"/>
                    <action arg="2852" type="push"/>
                  </actions>
                </route>
              </routes>
            </te-group>
            <te-group>
              <routes>
                <route to="in1">
                  <actions>
                    <action arg="2518" type="swap"/>
                    <action arg="2852" type="push"/>
                    <action arg="2855" type="push"/>
                  </actions>
                </route>
              </routes>
            </te-group>
          </te-groups>
        </destination>
        <destination from="in4" label="$2522">
          <te-groups>
            <te-group>
              <routes>
                <route to="in1">
                  <actions>
                    <action arg="2523" type="swap"/>
                  </actions>
                </route>
              </routes>
            </te-group>
            <te-group>
              <routes>
                <route to="in2">
                  <actions>
                    <action arg="2523" type="swap"/>
                    <action arg="2852" type="push"/>
                  </actions>
                </route>
              </routes>
            </te-group>
            <te-group>
              <routes>
                <route to="in1">
                  <actions>
                    <action arg="2523" type="swap"/>
                    <action arg="2852" type="push"/>
                    <action arg="2855" type="push"/>
                  </actions>
                </route>
              </routes>
            </te-group>
          </te-groups>
        </destination>
        <destination from="in4" label="$2526">
          <te-groups>
            <te-group>
              <routes>
                <route to="in1">
                  <actions>
                    <action arg="2527" type="swap"/>
                  </actions>
                </route>
              </routes>
            </te-group>
            <te-group>
              <routes>
                <route to="in2">
                  <actions>
                    <action arg="2527" type="swap"/>
                    <action arg="2852" type="push"/>
                  </actions>
                </route>
              </routes>
            </te-group>
            <te-group>
              <routes>
                <route to="in1">
                  <actions>
                    <action arg="2527" type="swap"/>
                    <action arg="2852" type="push"/>
                    <action arg="2855" type="push"/>
                  </actions>
                </route>
              </routes>
            </te-group>
          </te-groups>
        </destination>
        <destination from="in4" label="$2531">
          <te-groups>
            <te-group>
              <routes>
                <route to="in1">
                  <actions>
                    <action arg="2532" type="swap"/>
                  </actions>
                </route>
              </routes>
            </te-group>
            <te-group>
              <routes>
                <route to="in2">
                  <actions>
                    <action arg="2532" type="swap"/>
                    <action arg="2852" type="push"/>
                  </actions>
                </route>
              </routes>
            </te-group>
            <te-group>
              <routes>
                <route to="in1">
                  <actions>
                    <action arg="2532" type="swap"/>
                    <action arg="2852" type="push"/>
                    <action arg="2855" type="push"/>
                  </actions>
                </route>
              </routes>
            </te-group>
          </te-groups>
        </destination>
        <destination from="in4" label="$2537">
          <te-groups>
            <te-group>
              <routes>
                <route to="in1">
                  <actions>
                    <action arg="2538" type="swap"/>
                  </actions>
                </route>
              </routes>
            </te-group>
            <te-group>
              <routes>
                <route to="in2">
                  <actions>
                    <action arg="2538" type="swap"/>
                    <action arg="2852" type="push"/>
                  </actions>
                </route>
              </routes>
            </te-group>
            <te-group>
              <routes>
                <route to="in1">
                  <actions>
                    <action arg="2538" type="swap"/>
                    <action arg="2852" type="push"/>
                    <action arg="2855" type="push"/>
                  </actions>
                </route>
              </routes>
            </te-group>
          </te-groups>
        </destination>
        <destination from="in4" label="$2542">
          <te-groups>
            <te-group>
              <routes>
                <route to="in1">
                  <actions>
                    <action arg="2543" type="swap"/>
                  </actions>
                </route>
              </routes>
            </te-group>
            <te-group>
              <routes>
                <route to="in2">
                  <actions>
                    <action arg="2543" type="swap"/>
                    <action arg="2852" type="push"/>
                  </actions>
                </route>
              </routes>
            </te-group>
            <te-group>
              <routes>
                <route to="in1">
                  <actions>
                    <action arg="2543" type="swap"/>
                    <action arg="2852" type="push"/>
                    <action arg="2855" type="push"/>
                  </actions>
                </route>
              </routes>
            </te-group>
          </te-groups>
        </destination>
        <destination from="in4" label="$2548">
          <te-groups>
            <te-group>
              <routes>
                <route to="in1">
                  <actions>
                    <action arg="2549" type="swap"/>
                  </actions>
                </route>
              </routes>
            </te-group>
            <te-group>
              <routes>
                <route to="in2">
                  <actions>
                    <action arg="2549" type="swap"/>
                    <action arg="2852" type="push"/>
                  </actions>
                </route>
              </routes>
            </te-group>
            <te-group>
              <routes>
                <route to="in1">
                  <actions>
                    <action arg="2549" type="swap"/>
                    <action arg="2852" type="push"/>
                    <action arg="2855" type="push"/>
                  </actions>
                </route>
              </routes>
            </te-group>
          </te-groups>
        </destination>
        <destination from="in4" label="$2561">
          <te-groups>
            <te-group>
              <routes>
                <route to="in2">
                  <actions>
                    <action arg="2562" type="swap"/>
                  </actions>
                </route>
              </routes>
            </te-group>
            <te-group>
              <routes>
                <route to="in1">
                  <actions>
                    <action arg="2562" type="swap"/>
                    <action arg="2855" type="push"/>
                  </actions>
                </route>
              </routes>
            </te-group>
          </te-groups>
        </destination>
        <destination from="in4" label="$2565">
          <te-groups>
            <te-group>
              <routes>
                <route to="in2">
                  <actions>
                    <action arg="2566" type="swap"/>
                  </actions>
                </route>
              </routes>
            </te-group>
            <te-group>
              <routes>
                <route to="in1">
                  <actions>
                    <action arg="2566" type="swap"/>
                    <action arg="2855" type="push"/>
                  </actions>
                </route>
              </routes>
            </te-group>
          </te-groups>
        </destination>
        <destination from="in4" label="$2573">
          <te-groups>
            <te-group>
              <routes>
                <route to="in3">
                  <actions>
                    <action arg="2574" type="swap"/>
                  </actions>
                </route>
              </routes>
            </te-group>
          </te-groups>
        </destination>
      </destinations>
    </routing>
    <routing for="Minneapolis">
      <destinations>
        <destination from="eg0" ip="ip">
          <te-groups>
            <te-group>
              <routes>
                <route to="in0">
                  <actions>
                    <action arg="2300" type="push"/>
                  </actions>
                </route>
                <route to="in0">
                  <actions>
                    <action arg="2354" type="push"/>
                  </actions>
                </route>
                <route to="in0">
                  <actions>
                    <action arg="2347" type="push"/>
                  </actions>
                </route>
                <route to="in0">
                  <actions>
                    <action arg="2343" type="push"/>
                  </actions>
                </route>
                <route to="in0">
                  <actions>
                    <action arg="2340" type="push"/>
                  </actions>
                </route>
                <route to="in0">
                  <actions>
                    <action arg="2338" type="push"/>
                  </actions>
                </route>
                <route to="in0">
                  <actions>
                    <action arg="2334" type="push"/>
                  </actions>
                </route>
                <route to="in0">
                  <actions>
                    <action arg="2331" type="push"/>
                  </actions>
                </route>
                <route to="in0">
                  <actions>
                    <action arg="2322" type="push"/>
                  </actions>
                </route>
                <route to="in0">
                  <actions>
                    <action arg="2314" type="push"/>
                  </actions>
                </route>
                <route to="in0">
                  <actions>
                    <action arg="2309" type="push"/>
                  </actions>
                </route>
                <route to="in0">
                  <actions>
                    <action arg="2304" type="push"/>
                  </actions>
                </route>
                <route to="in0">
                  <actions>
                    <action arg="2245" type="push"/>
                  </actions>
                </route>
                <route to="in0">
                  <actions>
                    <action arg="2295" type="push"/>
                  </actions>
                </route>
                <route to="in0">
                  <actions>
                    <action arg="2291" type="push"/>
                  </actions>
                </route>
                <route to="in0">
                  <actions>
                    <action arg="2288" type="push"/>
                  </actions>
                </route>
                <route to="in0">
                  <actions>
                    <action arg="2284" type="push"/>
                  </actions>
                </route>
                <route to="in0">
                  <actions>
                    <action arg="2281" type="push"/>
                  </actions>
                </route>
                <route to="in0">
                  <actions>
                    <action arg="2277" type="push"/>
                  </actions>
                </route>
                <route to="in0">
                  <actions>
                    <action arg="2272" type="push"/>
                  </actions>
                </route>
                <route to="in0">
                  <actions>
                    <action arg="2267" type="push"/>
                  </actions>
                </route>
                <route to="in0">
                  <actions>
                    <action arg="2262" type="push"/>
                  </actions>
                </route>
                <route to="in0">
                  <actions>
                    <action arg="2256" type="push"/>
                  </actions>
                </route>
                <route to="in0">
                  <actions>
                    <action arg="2251" type="push"/>
                  </actions>
                </route>
              </routes>
            </te-group>
          </te-groups>
        </destination>
        <destination from="in0" label="148">
          <te-groups>
            <te-group>
              <routes>
                <route to="eg0">
                  <actions>
                    <action type="pop"/>
                  </actions>
                </route>
              </routes>
            </te-group>
          </te-groups>
        </destination>
        <destination from="in0" label="264">
          <te-groups>
            <te-group>
              <routes>
                <route to="eg0">
                  <actions>
                    <action type="pop"/>
                  </actions>
                </route>
              </routes>
            </te-group>
          </te-groups>
        </destination>
        <destination from="in0" label="389">
          <te-groups>
            <te-group>
              <routes>
                <route to="eg0">
                  <actions>
                    <action type="pop"/>
                  </actions>
                </route>
              </routes>
            </te-group>
          </te-groups>
        </destination>
        <destination from="in0" label="487">
          <te-groups>
            <te-group>
              <routes>
                <route to="eg0">
                  <actions>
                    <action type="pop"/>
                  </actions>
                </route>
              </routes>
            </te-group>
          </te-groups>
        </destination>
        <destination from="in0" label="599">
          <te-groups>
            <te-group>
              <routes>
                <route to="eg0">
                  <actions>
                    <action type="pop"/>
                  </actions>
                </route>
              </routes>
            </te-group>
          </te-groups>
        </destination>
        <destination from="in0" label="699">
          <te-groups>
            <te-group>
              <routes>
                <route to="eg0">
                  <actions>
                    <action type="pop"/>
                  </actions>
                </route>
              </routes>
            </te-group>
          </te-groups>
        </destination>
        <destination from="in0" label="798">
          <te-groups>
            <te-group>
              <routes>
                <route to="eg0">
                  <actions>
                    <action type="pop"/>
                  </actions>
                </route>
              </routes>
            </te-group>
          </te-groups>
        </destination>
        <destination from="in0" label="900">
          <te-groups>
            <te-group>
              <routes>
                <route to="eg0">
                  <actions>
                    <action type="pop"/>
                  </actions>
                </route>
              </routes>
            </te-group>
          </te-groups>
        </destination>
        <destination from="in0" label="1006">
          <te-groups>
            <te-group>
              <routes>
                <route to="eg0">
                  <actions>
                    <action type="pop"/>
                  </actions>
                </route>
              </routes>
            </te-group>
          </te-groups>
        </destination>
        <destination from="in0" label="1094">
          <te-groups>
            <te-group>
              <routes>
                <route to="eg0">
                  <actions>
                    <action type="pop"/>
                  </actions>
                </route>
              </routes>
            </te-group>
          </te-groups>
        </destination>
        <destination from="in0" label="1183">
          <te-groups>
            <te-group>
              <routes>
                <route to="eg0">
                  <actions>
                    <action type="pop"/>
                  </actions>
                </route>
              </routes>
            </te-group>
          </te-groups>
        </destination>
        <destination from="in0" label="1295">
          <te-groups>
            <te-group>
              <routes>
                <route to="eg0">
                  <actions>
                    <action type="pop"/>
                  </actions>
                </route>
              </routes>
            </te-group>
          </te-groups>
        </destination>
        <destination from="in0" label="1397">
          <te-groups>
            <te-group>
              <routes>
                <route to="eg0">
                  <actions>
                    <action type="pop"/>
                  </actions>
                </route>
              </routes>
            </te-group>
          </te-groups>
        </destination>
        <destination from="in0" label="1509">
          <te-groups>
            <te-group>
              <routes>
                <route to="eg0">
                  <actions>
                    <action type="pop"/>
                  </actions>
                </route>
              </routes>
            </te-group>
          </te-groups>
        </destination>
        <destination from="in0" label="1617">
          <te-groups>
            <te-group>
              <routes>
                <route to="eg0">
                  <actions>
                    <action type="pop"/>
                  </actions>
                </route>
              </routes>
            </te-group>
          </te-groups>
        </destination>
        <destination from="in0" label="1736">
          <te-groups>
            <te-group>
              <routes>
                <route to="eg0">
                  <actions>
                    <action type="pop"/>
                  </actions>
                </route>
              </routes>
            </te-group>
          </te-groups>
        </destination>
        <destination from="in0" label="1879">
          <te-groups>
            <te-group>
              <routes>
                <route to="eg0">
                  <actions>
                    <action type="pop"/>
                  </actions>
                </route>
              </routes>
            </te-group>
          </te-groups>
        </destination>
        <destination from="in0" label="1988">
          <te-groups>
            <te-group>
              <routes>
                <route to="eg0">
                  <actions>
                    <action type="pop"/>
                  </actions>
                </route>
              </routes>
            </te-group>
          </te-groups>
        </destination>
        <destination from="in0" label="2128">
          <te-groups>
            <te-group>
              <routes>
                <route to="eg0">
                  <actions>
                    <action type="pop"/>
                  </actions>
                </route>
              </routes>
            </te-group>
          </te-groups>
        </destination>
        <destination from="in0" label="2225">
          <te-groups>
            <te-group>
              <routes>
                <route to="eg0">
                  <actions>
                    <action type="pop"/>
                  </actions>
                </route>
              </routes>
            </te-group>
          </te-groups>
        </destination>
        <destination from="in0" label="2458">
          <te-groups>
            <te-group>
              <routes>
                <route to="eg0">
                  <actions>
                    <action type="pop"/>
                  </actions>
                </route>
              </routes>
            </te-group>
          </te-groups>
        </destination>
        <destination from="in0" label="2574">
          <te-groups>
            <te-group>
              <routes>
                <route to="eg0">
                  <actions>
                    <action type="pop"/>
                  </actions>
                </route>
              </routes>
            </te-group>
          </te-groups>
        </destination>
        <destination from="in0" label="2675">
          <te-groups>
            <te-group>
              <routes>
                <route to="eg0">
                  <actions>
                    <action type="pop"/>
                  </actions>
                </route>
              </routes>
            </te-group>
          </te-groups>
        </destination>
        <destination from="in0" label="2764">
          <te-groups>
            <te-group>
              <routes>
                <route to="eg0">
                  <actions>
                    <action type="pop"/>
                  </actions>
                </route>
              </routes>
            </te-group>
          </te-groups>
        </destination>
      </destinations>
    </routing>
    <routing for="Detroit">
      <destinations>
        <destination from="eg0" ip="ip">
          <te-groups>
            <te-group>
              <routes>
                <route to="in0">
                  <actions>
                    <action arg="2451" type="push"/>
                  </actions>
                </route>
                <route to="in0">
                  <actions>
                    <action arg="2362" type="push"/>
                  </actions>
                </route>
                <route to="in0">
                  <actions>
                    <action arg="2469" type="push"/>
                  </actions>
                </route>
                <route to="in0">
                  <actions>
                    <action arg="2462" type="push"/>
                  </actions>
                </route>
                <route to="in1">
                  <actions>
                    <action arg="2460" type="push"/>
                  </actions>
                </route>
                <route to="in0">
                  <actions>
                    <action arg="2457" type="push"/>
                  </actions>
                </route>
                <route to="in0">
                  <actions>
                    <action arg="2455" type="push"/>
                  </actions>
                </route>
                <route to="in0">
                  <actions>
                    <action arg="2448" type="push"/>
                  </actions>
                </route>
                <route to="in0">
                  <actions>
                    <action arg="2439" type="push"/>
                  </actions>
                </route>
                <route to="in0">
                  <actions>
                    <action arg="2431" type="push"/>
                  </actions>
                </route>
                <route to="in0">
                  <actions>
                    <action arg="2426" type="push"/>
                  </actions>
                </route>
                <route to="in0">
                  <actions>
                    <action arg="2421" type="push"/>
                  </actions>
                </route>
                <route to="in0">
                  <actions>
                    <action arg="2412" type="push"/>
                  </actions>
                </route>
                <route to="in0">
                  <actions>
                    <action arg="2368" type="push"/>
                  </actions>
                </route>
                <route to="in0">
                  <actions>
                    <action arg="2373" type="push"/>
                  </actions>
                </route>
                <route to="in0">
                  <actions>
                    <action arg="2379" type="push"/>
                  </actions>
                </route>
                <route to="in0">
                  <actions>
                    <action arg="2384" type="push"/>
                  </actions>
                </route>
                <route to="in0">
                  <actions>
                    <action arg="2389" type="push"/>
                  </actions>
                </route>
                <route to="in0">
                  <actions>
                    <action arg="2394" type="push"/>
                  </actions>
                </route>
                <route to="in0">
                  <actions>
                    <action arg="2398" type="push"/>
                  </actions>
                </route>
                <route to="in0">
                  <actions>
                    <action arg="2417" type="push"/>
                  </actions>
                </route>
                <route to="in0">
                  <actions>
                    <action arg="2408" type="push"/>
                  </actions>
                </route>
                <route to="in0">
                  <actions>
                    <action arg="2405" type="push"/>
                  </actions>
                </route>
                <route to="in0">
                  <actions>
                    <action arg="2401" type="push"/>
                  </actions>
                </route>
              </routes>
            </te-group>
            <te-group>
              <routes>
                <route to="in0">
                  <actions>
                    <action arg="2460" type="push"/>
                    <action arg="2873" type="push"/>
                  </actions>
                </route>
                <route to="in1">
                  <actions>
                    <action arg="2469" type="push"/>
                    <action arg="2867" type="push"/>
                  </actions>
                </route>
                <route to="in1">
                  <actions>
                    <action arg="2462" type="push"/>
                    <action arg="2867" type="push"/>
                  </actions>
                </route>
                <route to="in1">
                  <actions>
                    <action arg="2457" type="push"/>
                    <action arg="2867" type="push"/>
                  </actions>
                </route>
                <route to="in1">
                  <actions>
                    <action arg="2455" type="push"/>
                    <action arg="2867" type="push"/>
                  </actions>
                </route>
                <route to="in1">
                  <actions>
                    <action arg="2451" type="push"/>
                    <action arg="2867" type="push"/>
                  </actions>
                </route>
                <route to="in1">
                  <actions>
                    <action arg="2448" type="push"/>
                    <action arg="2867" type="push"/>
                  </actions>
                </route>
                <route to="in1">
                  <actions>
                    <action arg="2439" type="push"/>
                    <action arg="2867" type="push"/>
                  </actions>
                </route>
                <route to="in1">
                  <actions>
                    <action arg="2431" type="push"/>
                    <action arg="2867" type="push"/>
                  </actions>
                </route>
                <route to="in1">
                  <actions>
                    <action arg="2426" type="push"/>
                    <action arg="2867" type="push"/>
                  </actions>
                </route>
                <route to="in1">
                  <actions>
                    <action arg="2421" type="push"/>
                    <action arg="2867" type="push"/>
                  </actions>
                </route>
                <route to="in1">
                  <actions>
                    <action arg="2412" type="push"/>
                    <action arg="2867" type="push"/>
                  </actions>
                </route>
                <route to="in1">
                  <actions>
                    <action arg="2408" type="push"/>
                    <action arg="2867" type="push"/>
                  </actions>
                </route>
                <route to="in1">
                  <actions>
                    <action arg="2417" type="push"/>
                    <action arg="2867" type="push"/>
                  </actions>
                </route>
                <route to="in1">
                  <actions>
                    <action arg="2362" type="push"/>
                    <action arg="2867" type="push"/>
                  </actions>
                </route>
                <route to="in1">
                  <actions>
                    <action arg="2368" type="push"/>
                    <action arg="2867" type="push"/>
                  </actions>
                </route>
                <route to="in1">
                  <actions>
                    <action arg="2373" type="push"/>
                    <action arg="2867" type="push"/>
                  </actions>
                </route>
                <route to="in1">
                  <actions>
                    <action arg="2379" type="push"/>
                    <action arg="2867" type="push"/>
                  </actions>
                </route>
                <route to="in1">
                  <actions>
                    <action arg="2384" type="push"/>
                    <action arg="2867" type="push"/>
                  </actions>
                </route>
                <route to="in1">
                  <actions>
                    <action arg="2389" type="push"/>
                    <action arg="2867" type="push"/>
                  </actions>
                </route>
                <route to="in1">
                  <actions>
                    <action arg="2394" type="push"/>
                    <action arg="2867" type="push"/>
                  </actions>
                </route>
                <route to="in1">
                  <actions>
                    <action arg="2398" type="push"/>
                    <action arg="2867" type="push"/>
                  </actions>
                </route>
                <route to="in1">
                  <actions>
                    <action arg="2401" type="push"/>
                    <action arg="2867" type="push"/>
                  </actions>
                </route>
                <route to="in1">
                  <actions>
                    <action arg="2405" type="push"/>
                    <action arg="2867" type="push"/>
                  </actions>
                </route>
              </routes>
            </te-group>
            <te-group>
              <routes>
                <route to="in0">
                  <actions>
                    <action arg="2469" type="push"/>
                    <action arg="2867" type="push"/>
                    <action arg="2873" type="push"/>
                  </actions>
                </route>
                <route to="in0">
                  <actions>
                    <action arg="2462" type="push"/>
                    <action arg="2867" type="push"/>
                    <action arg="2873" type="push"/>
                  </actions>
                </route>
                <route to="in0">
                  <actions>
                    <action arg="2457" type="push"/>
                    <action arg="2867" type="push"/>
                    <action arg="2873" type="push"/>
                  </actions>
                </route>
                <route to="in0">
                  <actions>
                    <action arg="2455" type="push"/>
                    <action arg="2867" type="push"/>
                    <action arg="2873" type="push"/>
                  </actions>
                </route>
                <route to="in0">
                  <actions>
                    <action arg="2451" type="push"/>
                    <action arg="2867" type="push"/>
                    <action arg="2873" type="push"/>
                  </actions>
                </route>
                <route to="in0">
                  <actions>
                    <action arg="2448" type="push"/>
                    <action arg="2867" type="push"/>
                    <action arg="2873" type="push"/>
                  </actions>
                </route>
                <route to="in0">
                  <actions>
                    <action arg="2439" type="push"/>
                    <action arg="2867" type="push"/>
                    <action arg="2873" type="push"/>
                  </actions>
                </route>
                <route to="in0">
                  <actions>
                    <action arg="2431" type="push"/>
                    <action arg="2867" type="push"/>
                    <action arg="2873" type="push"/>
                  </actions>
                </route>
                <route to="in0">
                  <actions>
                    <action arg="2426" type="push"/>
                    <action arg="2867" type="push"/>
                    <action arg="2873" type="push"/>
                  </actions>
                </route>
                <route to="in0">
                  <actions>
                    <action arg="2421" type="push"/>
                    <action arg="2867" type="push"/>
                    <action arg="2873" type="push"/>
                  </actions>
                </route>
                <route to="in0">
                  <actions>
                    <action arg="2417" type="push"/>
                    <action arg="2867" type="push"/>
                    <action arg="2873" type="push"/>
                  </actions>
                </route>
                <route to="in0">
                  <actions>
                    <action arg="2412" type="push"/>
                    <action arg="2867" type="push"/>
                    <action arg="2873" type="push"/>
                  </actions>
                </route>
                <route to="in0">
                  <actions>
                    <action arg="2408" type="push"/>
                    <action arg="2867" type="push"/>
                    <action arg="2873" type="push"/>
                  </actions>
                </route>
                <route to="in0">
                  <actions>
                    <action arg="2405" type="push"/>
                    <action arg="2867" type="push"/>
                    <action arg="2873" type="push"/>
                  </actions>
                </route>
                <route to="in0">
                  <actions>
                    <action arg="2401" type="push"/>
                    <action arg="2867" type="push"/>
                    <action arg="2873" type="push"/>
                  </actions>
                </route>
                <route to="in0">
                  <actions>
                    <action arg="2398" type="push"/>
                    <action arg="2867" type="push"/>
                    <action arg="2873" type="push"/>
                  </actions>
                </route>
                <route to="in0">
                  <actions>
                    <action arg="2394" type="push"/>
                    <action arg="2867" type="push"/>
                    <action arg="2873" type="push"/>
                  </actions>
                </route>
                <route to="in0">
                  <actions>
                    <action arg="2389" type="push"/>
                    <action arg="2867" type="push"/>
                    <action arg="2873" type="push"/>
                  </actions>
                </route>
                <route to="in0">
                  <actions>
                    <action arg="2384" type="push"/>
                    <action arg="2867" type="push"/>
                    <action arg="2873" type="push"/>
                  </actions>
                </route>
                <route to="in0">
                  <actions>
                    <action arg="2379" type="push"/>
                    <action arg="2867" type="push"/>
                    <action arg="2873" type="push"/>
                  </actions>
                </route>
                <route to="in0">
                  <actions>
                    <action arg="2373" type="push"/>
                    <action arg="2867" type="push"/>
                    <action arg="2873" type="push"/>
                  </actions>
                </route>
                <route to="in0">
                  <actions>
                    <action arg="2368" type="push"/>
                    <action arg="2867" type="push"/>
                    <action arg="2873" type="push"/>
                  </actions>
                </route>
                <route to="in0">
                  <actions>
                    <action arg="2362" type="push"/>
                    <action arg="2867" type="push"/>
                    <action arg="2873" type="push"/>
                  </actions>
                </route>
              </routes>
            </te-group>
          </te-groups>
        </destination>
        <destination from="in0" label="154">
          <te-groups>
            <te-group>
              <routes>
                <route to="eg0">
                  <actions>
                    <action type="pop"/>
                  </actions>
                </route>
              </routes>
            </te-group>
          </te-groups>
        </destination>
        <destination from="in0" label="269">
          <te-groups>
            <te-group>
              <routes>
                <route to="eg0">
                  <actions>
                    <action type="pop"/>
                  </actions>
                </route>
              </routes>
            </te-group>
          </te-groups>
        </destination>
        <destination from="in0" label="395">
          <te-groups>
            <te-group>
              <routes>
                <route to="eg0">
                  <actions>
                    <action type="pop"/>
                  </actions>
                </route>
              </routes>
            </te-group>
          </te-groups>
        </destination>
        <destination from="in0" label="492">
          <te-groups>
            <te-group>
              <routes>
                <route to="eg0">
                  <actions>
                    <action type="pop"/>
                  </actions>
                </route>
              </routes>
            </te-group>
          </te-groups>
        </destination>
        <destination from="in0" label="604">
          <te-groups>
            <te-group>
              <routes>
                <route to="eg0">
                  <actions>
                    <action type="pop"/>
                  </actions>
                </route>
              </routes>
            </te-group>
          </te-groups>
        </destination>
        <destination from="in0" label="704">
          <te-groups>
            <te-group>
              <routes>
                <route to="eg0">
                  <actions>
                    <action type="pop"/>
                  </actions>
                </route>
              </routes>
            </te-group>
          </te-groups>
        </destination>
        <destination from="in0" label="802">
          <te-groups>
            <te-group>
              <routes>
                <route to="eg0">
                  <actions>
                    <action type="pop"/>
                  </actions>
                </route>
              </routes>
            </te-group>
          </te-groups>
        </destination>
        <destination from="in0" label="903">
          <te-groups>
            <te-group>
              <routes>
                <route to="eg0">
                  <actions>
                    <action type="pop"/>
                  </actions>
                </route>
              </routes>
            </te-group>
          </te-groups>
        </destination>
        <destination from="in0" label="1010">
          <te-groups>
            <te-group>
              <routes>
                <route to="eg0">
                  <actions>
                    <action type="pop"/>
                  </actions>
                </route>
              </routes>
            </te-group>
          </te-groups>
        </destination>
        <destination from="in0" label="1097">
          <te-groups>
            <te-group>
              <routes>
                <route to="eg0">
                  <actions>
                    <action type="pop"/>
                  </actions>
                </route>
              </routes>
            </te-group>
          </te-groups>
        </destination>
        <destination from="in0" label="1187">
          <te-groups>
            <te-group>
              <routes>
                <route to="eg0">
                  <actions>
                    <action type="pop"/>
                  </actions>
                </route>
              </routes>
            </te-group>
          </te-groups>
        </destination>
        <destination from="in0" label="1300">
          <te-groups>
            <te-group>
              <routes>
                <route to="eg0">
                  <actions>
                    <action type="pop"/>
                  </actions>
                </route>
              </routes>
            </te-group>
          </te-groups>
        </destination>
        <destination from="in0" label="1401">
          <te-groups>
            <te-group>
              <routes>
                <route to="eg0">
                  <actions>
                    <action type="pop"/>
                  </actions>
                </route>
              </routes>
            </te-group>
          </te-groups>
        </destination>
        <destination from="in0" label="1514">
          <te-groups>
            <te-group>
              <routes>
                <route to="eg0">
                  <actions>
                    <action type="pop"/>
                  </actions>
                </route>
              </routes>
            </te-group>
          </te-groups>
        </destination>
        <destination from="in0" label="1621">
          <te-groups>
            <te-group>
              <routes>
                <route to="eg0">
                  <actions>
                    <action type="pop"/>
                  </actions>
                </route>
              </routes>
            </te-group>
          </te-groups>
        </destination>
        <destination from="in0" label="1742">
          <te-groups>
            <te-group>
              <routes>
                <route to="eg0">
                  <actions>
                    <action type="pop"/>
                  </actions>
                </route>
              </routes>
            </te-group>
          </te-groups>
        </destination>
        <destination from="in0" label="1888">
          <te-groups>
            <te-group>
              <routes>
                <route to="eg0">
                  <actions>
                    <action type="pop"/>
                  </actions>
                </route>
              </routes>
            </te-group>
          </te-groups>
        </destination>
        <destination from="in0" label="1991">
          <te-groups>
            <te-group>
              <routes>
                <route to="eg0">
                  <actions>
                    <action type="pop"/>
                  </actions>
                </route>
              </routes>
            </te-group>
          </te-groups>
        </destination>
        <destination from="in0" label="2132">
          <te-groups>
            <te-group>
              <routes>
                <route to="eg0">
                  <actions>
                    <action type="pop"/>
                  </actions>
                </route>
              </routes>
            </te-group>
          </te-groups>
        </destination>
        <destination from="in0" label="2227">
          <te-groups>
            <te-group>
              <routes>
                <route to="eg0">
                  <actions>
                    <action type="pop"/>
                  </actions>
                </route>
              </routes>
            </te-group>
          </te-groups>
        </destination>
        <destination from="in0" label="2341">
          <te-groups>
            <te-group>
              <routes>
                <route to="eg0">
                  <actions>
                    <action type="pop"/>
                  </actions>
                </route>
              </routes>
            </te-group>
          </te-groups>
        </destination>
        <destination from="in0" label="2576">
          <te-groups>
            <te-group>
              <routes>
                <route to="eg0">
                  <actions>
                    <action type="pop"/>
                  </actions>
                </route>
              </routes>
            </te-group>
          </te-groups>
        </destination>
        <destination from="in0" label="2678">
          <te-groups>
            <te-group>
              <routes>
                <route to="eg0">
                  <actions>
                    <action type="pop"/>
                  </actions>
                </route>
              </routes>
            </te-group>
          </te-groups>
        </destination>
        <destination from="in0" label="2768">
          <te-groups>
            <te-group>
              <routes>
                <route to="eg0">
                  <actions>
                    <action type="pop"/>
                  </actions>
                </route>
              </routes>
            </te-group>
          </te-groups>
        </destination>
        <destination from="in0" label="2890">
          <te-groups>
            <te-group>
              <routes>
                <route to="in1">
                  <actions>
                    <action type="pop"/>
                  </actions>
                </route>
              </routes>
            </te-group>
          </te-groups>
        </destination>
        <destination from="in0" label="$274">
          <te-groups>
            <te-group>
              <routes>
                <route to="in1">
                  <actions>
                    <action arg="275" type="swap"/>
                  </actions>
                </route>
              </routes>
            </te-group>
            <te-group>
              <routes>
                <route to="in0">
                  <actions>
                    <action arg="275" type="swap"/>
                    <action arg="2873" type="push"/>
                  </actions>
                </route>
              </routes>
            </te-group>
          </te-groups>
        </destination>
        <destination from="in0" label="$609">
          <te-groups>
            <te-group>
              <routes>
                <route to="in1">
                  <actions>
                    <action arg="610" type="swap"/>
                  </actions>
                </route>
              </routes>
            </te-group>
            <te-group>
              <routes>
                <route to="in0">
                  <actions>
                    <action arg="610" type="swap"/>
                    <action arg="2873" type="push"/>
                  </actions>
                </route>
              </routes>
            </te-group>
          </te-groups>
        </destination>
        <destination from="in0" label="$709">
          <te-groups>
            <te-group>
              <routes>
                <route to="in1">
                  <actions>
                    <action arg="710" type="swap"/>
                  </actions>
                </route>
              </routes>
            </te-group>
            <te-group>
              <routes>
                <route to="in0">
                  <actions>
                    <action arg="710" type="swap"/>
                    <action arg="2873" type="push"/>
                  </actions>
                </route>
              </routes>
            </te-group>
          </te-groups>
        </destination>
        <destination from="in0" label="$806">
          <te-groups>
            <te-group>
              <routes>
                <route to="in1">
                  <actions>
                    <action arg="807" type="swap"/>
                  </actions>
                </route>
              </routes>
            </te-group>
            <te-group>
              <routes>
                <route to="in0">
                  <actions>
                    <action arg="807" type="swap"/>
                    <action arg="2873" type="push"/>
                  </actions>
                </route>
              </routes>
            </te-group>
          </te-groups>
        </destination>
        <destination from="in0" label="$906">
          <te-groups>
            <te-group>
              <routes>
                <route to="in1">
                  <actions>
                    <action arg="907" type="swap"/>
                  </actions>
                </route>
              </routes>
            </te-group>
            <te-group>
              <routes>
                <route to="in0">
                  <actions>
                    <action arg="907" type="swap"/>
                    <action arg="2873" type="push"/>
                  </actions>
                </route>
              </routes>
            </te-group>
          </te-groups>
        </destination>
        <destination from="in0" label="$1014">
          <te-groups>
            <te-group>
              <routes>
                <route to="in1">
                  <actions>
                    <action arg="1015" type="swap"/>
                  </actions>
                </route>
              </routes>
            </te-group>
            <te-group>
              <routes>
                <route to="in0">
                  <actions>
                    <action arg="1015" type="swap"/>
                    <action arg="2873" type="push"/>
                  </actions>
                </route>
              </routes>
            </te-group>
          </te-groups>
        </destination>
        <destination from="in0" label="$1100">
          <te-groups>
            <te-group>
              <routes>
                <route to="in1">
                  <actions>
                    <action arg="1101" type="swap"/>
                  </actions>
                </route>
              </routes>
            </te-group>
            <te-group>
              <routes>
                <route to="in0">
                  <actions>
                    <action arg="1101" type="swap"/>
                    <action arg="2873" type="push"/>
                  </actions>
                </route>
              </routes>
            </te-group>
          </te-groups>
        </destination>
        <destination from="in0" label="$1191">
          <te-groups>
            <te-group>
              <routes>
                <route to="in1">
                  <actions>
                    <action arg="1192" type="swap"/>
                  </actions>
                </route>
              </routes>
            </te-group>
            <te-group>
              <routes>
                <route to="in0">
                  <actions>
                    <action arg="1192" type="swap"/>
                    <action arg="2873" type="push"/>
                  </actions>
                </route>
              </routes>
            </te-group>
          </te-groups>
        </destination>
        <destination from="in0" label="$1305">
          <te-groups>
            <te-group>
              <routes>
                <route to="in1">
                  <actions>
                    <action arg="1306" type="swap"/>
                  </actions>
                </route>
              </routes>
            </te-group>
            <te-group>
              <routes>
                <route to="in0">
                  <actions>
                    <action arg="1306" type="swap"/>
                    <action arg="2873" type="push"/>
                  </actions>
                </route>
              </routes>
            </te-group>
          </te-groups>
        </destination>
        <destination from="in0" label="$1405">
          <te-groups>
            <te-group>
              <routes>
                <route to="in1">
                  <actions>
                    <action arg="1406" type="swap"/>
                  </actions>
                </route>
              </routes>
            </te-group>
            <te-group>
              <routes>
                <route to="in0">
                  <actions>
                    <action arg="1406" type="swap"/>
                    <action arg="2873" type="push"/>
                  </actions>
                </route>
              </routes>
            </te-group>
          </te-groups>
        </destination>
        <destination from="in0" label="$1519">
          <te-groups>
            <te-group>
              <routes>
                <route to="in1">
                  <actions>
                    <action arg="1520" type="swap"/>
                  </actions>
                </route>
              </routes>
            </te-group>
            <te-group>
              <routes>
                <route to="in0">
                  <actions>
                    <action arg="1520" type="swap"/>
                    <action arg="2873" type="push"/>
                  </actions>
                </route>
              </routes>
            </te-group>
          </te-groups>
        </destination>
        <destination from="in0" label="$1625">
          <te-groups>
            <te-group>
              <routes>
                <route to="in1">
                  <actions>
                    <action arg="1626" type="swap"/>
                  </actions>
                </route>
              </routes>
            </te-group>
            <te-group>
              <routes>
                <route to="in0">
                  <actions>
                    <action arg="1626" type="swap"/>
                    <action arg="2873" type="push"/>
                  </actions>
                </route>
              </routes>
            </te-group>
          </te-groups>
        </destination>
        <destination from="in0" label="$1994">
          <te-groups>
            <te-group>
              <routes>
                <route to="in1">
                  <actions>
                    <action arg="1995" type="swap"/>
                  </actions>
                </route>
              </routes>
            </te-group>
            <te-group>
              <routes>
                <route to="in0">
                  <actions>
                    <action arg="1995" type="swap"/>
                    <action arg="2873" type="push"/>
                  </actions>
                </route>
              </routes>
            </te-group>
          </te-groups>
        </destination>
        <destination from="in0" label="$2136">
          <te-groups>
            <te-group>
              <routes>
                <route to="in1">
                  <actions>
                    <action arg="2137" type="swap"/>
                  </actions>
                </route>
              </routes>
            </te-group>
            <te-group>
              <routes>
                <route to="in0">
                  <actions>
                    <action arg="2137" type="swap"/>
                    <action arg="2873" type="push"/>
                  </actions>
                </route>
              </routes>
            </te-group>
          </te-groups>
        </destination>
        <destination from="in0" label="$2229">
          <te-groups>
            <te-group>
              <routes>
                <route to="in1">
                  <actions>
                    <action arg="2230" type="swap"/>
                  </actions>
                </route>
              </routes>
            </te-group>
            <te-group>
              <routes>
                <route to="in0">
                  <actions>
                    <action arg="2230" type="swap"/>
                    <action arg="2873" type="push"/>
                  </actions>
                </route>
              </routes>
            </te-group>
          </te-groups>
        </destination>
        <destination from="in0" label="$2344">
          <te-groups>
            <te-group>
              <routes>
                <route to="in1">
                  <actions>
                    <action arg="2345" type="swap"/>
                  </actions>
                </route>
              </routes>
            </te-group>
            <te-group>
              <routes>
                <route to="in0">
                  <actions>
                    <action arg="2345" type="swap"/>
                    <action arg="2873" type="push"/>
                  </actions>
                </route>
              </routes>
            </te-group>
          </te-groups>
        </destination>
        <destination from="in0" label="$2482">
          <te-groups>
            <te-group>
              <routes>
                <route to="in0">
                  <actions>
                    <action arg="2483" type="swap"/>
                  </actions>
                </route>
              </routes>
            </te-group>
            <te-group>
              <routes>
                <route to="in1">
                  <actions>
                    <action arg="2483" type="swap"/>
                    <action arg="2867" type="push"/>
                  </actions>
                </route>
              </routes>
            </te-group>
          </te-groups>
        </destination>
        <destination from="in0" label="$2495">
          <te-groups>
            <te-group>
              <routes>
                <route to="in0">
                  <actions>
                    <action arg="2496" type="swap"/>
                  </actions>
                </route>
              </routes>
            </te-group>
            <te-group>
              <routes>
                <route to="in1">
                  <actions>
                    <action arg="2496" type="swap"/>
                    <action arg="2867" type="push"/>
                  </actions>
                </route>
              </routes>
            </te-group>
          </te-groups>
        </destination>
        <destination from="in0" label="$2501">
          <te-groups>
            <te-group>
              <routes>
                <route to="in0">
                  <actions>
                    <action arg="2502" type="swap"/>
                  </actions>
                </route>
              </routes>
            </te-group>
            <te-group>
              <routes>
                <route to="in1">
                  <actions>
                    <action arg="2502" type="swap"/>
                    <action arg="2867" type="push"/>
                  </actions>
                </route>
              </routes>
            </te-group>
          </te-groups>
        </destination>
        <destination from="in0" label="$2507">
          <te-groups>
            <te-group>
              <routes>
                <route to="in0">
                  <actions>
                    <action arg="2508" type="swap"/>
                  </actions>
                </route>
              </routes>
            </te-group>
            <te-group>
              <routes>
                <route to="in1">
                  <actions>
                    <action arg="2508" type="swap"/>
                    <action arg="2867" type="push"/>
                  </actions>
                </route>
              </routes>
            </te-group>
          </te-groups>
        </destination>
        <destination from="in0" label="$2512">
          <te-groups>
            <te-group>
              <routes>
                <route to="in0">
                  <actions>
                    <action arg="2513" type="swap"/>
                  </actions>
                </route>
              </routes>
            </te-group>
            <te-group>
              <routes>
                <route to="in1">
                  <actions>
                    <action arg="2513" type="swap"/>
                    <action arg="2867" type="push"/>
                  </actions>
                </route>
              </routes>
            </te-group>
          </te-groups>
        </destination>
        <destination from="in0" label="$2516">
          <te-groups>
            <te-group>
              <routes>
                <route to="in0">
                  <actions>
                    <action arg="2517" type="swap"/>
                  </actions>
                </route>
              </routes>
            </te-group>
            <te-group>
              <routes>
                <route to="in1">
                  <actions>
                    <action arg="2517" type="swap"/>
                    <action arg="2867" type="push"/>
                  </actions>
                </route>
              </routes>
            </te-group>
          </te-groups>
        </destination>
        <destination from="in0" label="$2521">
          <te-groups>
            <te-group>
              <routes>
                <route to="in0">
                  <actions>
                    <action arg="2522" type="swap"/>
                  </actions>
                </route>
              </routes>
            </te-group>
            <te-group>
              <routes>
                <route to="in1">
                  <actions>
                    <action arg="2522" type="swap"/>
                    <action arg="2867" type="push"/>
                  </actions>
                </route>
              </routes>
            </te-group>
          </te-groups>
        </destination>
        <destination from="in0" label="$2525">
          <te-groups>
            <te-group>
              <routes>
                <route to="in0">
                  <actions>
                    <action arg="2526" type="swap"/>
                  </actions>
                </route>
              </routes>
            </te-group>
            <te-group>
              <routes>
                <route to="in1">
                  <actions>
                    <action arg="2526" type="swap"/>
                    <action arg="2867" type="push"/>
                  </actions>
                </route>
              </routes>
            </te-group>
          </te-groups>
        </destination>
        <destination from="in0" label="$2530">
          <te-groups>
            <te-group>
              <routes>
                <route to="in0">
                  <actions>
                    <action arg="2531" type="swap"/>
                  </actions>
                </route>
              </routes>
            </te-group>
            <te-group>
              <routes>
                <route to="in1">
                  <actions>
                    <action arg="2531" type="swap"/>
                    <action arg="2867" type="push"/>
                  </actions>
                </route>
              </routes>
            </te-group>
          </te-groups>
        </destination>
        <destination from="in0" label="$2536">
          <te-groups>
            <te-group>
              <routes>
                <route to="in0">
                  <actions>
                    <action arg="2537" type="swap"/>
                  </actions>
                </route>
              </routes>
            </te-group>
            <te-group>
              <routes>
                <route to="in1">
                  <actions>
                    <action arg="2537" type="swap"/>
                    <action arg="2867" type="push"/>
                  </actions>
                </route>
              </routes>
            </te-group>
          </te-groups>
        </destination>
        <destination from="in0" label="$2541">
          <te-groups>
            <te-group>
              <routes>
                <route to="in0">
                  <actions>
                    <action arg="2542" type="swap"/>
                  </actions>
                </route>
              </routes>
            </te-group>
            <te-group>
              <routes>
                <route to="in1">
                  <actions>
                    <action arg="2542" type="swap"/>
                    <action arg="2867" type="push"/>
                  </actions>
                </route>
              </routes>
            </te-group>
          </te-groups>
        </destination>
        <destination from="in0" label="$2547">
          <te-groups>
            <te-group>
              <routes>
                <route to="in0">
                  <actions>
                    <action arg="2548" type="swap"/>
                  </actions>
                </route>
              </routes>
            </te-group>
            <te-group>
              <routes>
                <route to="in1">
                  <actions>
                    <action arg="2548" type="swap"/>
                    <action arg="2867" type="push"/>
                  </actions>
                </route>
              </routes>
            </te-group>
          </te-groups>
        </destination>
        <destination from="in0" label="$2560">
          <te-groups>
            <te-group>
              <routes>
                <route to="in0">
                  <actions>
                    <action arg="2561" type="swap"/>
                  </actions>
                </route>
              </routes>
            </te-group>
            <te-group>
              <routes>
                <route to="in1">
                  <actions>
                    <action arg="2561" type="swap"/>
                    <action arg="2867" type="push"/>
                  </actions>
                </route>
              </routes>
            </te-group>
          </te-groups>
        </destination>
        <destination from="in0" label="$2564">
          <te-groups>
            <te-group>
              <routes>
                <route to="in0">
                  <actions>
                    <action arg="2565" type="swap"/>
                  </actions>
                </route>
              </routes>
            </te-group>
            <te-group>
              <routes>
                <route to="in1">
                  <actions>
                    <action arg="2565" type="swap"/>
                    <action arg="2867" type="push"/>
                  </actions>
                </route>
              </routes>
            </te-group>
          </te-groups>
        </destination>
        <destination from="in0" label="$2569">
          <te-groups>
            <te-group>
              <routes>
                <route to="in0">
                  <actions>
                    <action arg="2570" type="swap"/>
                  </actions>
                </route>
              </routes>
            </te-group>
            <te-group>
              <routes>
                <route to="in1">
                  <actions>
                    <action arg="2570" type="swap"/>
                    <action arg="2867" type="push"/>
                  </actions>
                </route>
              </routes>
            </te-group>
          </te-groups>
        </destination>
        <destination from="in0" label="$2572">
          <te-groups>
            <te-group>
              <routes>
                <route to="in0">
                  <actions>
                    <action arg="2573" type="swap"/>
                  </actions>
                </route>
              </routes>
            </te-group>
            <te-group>
              <routes>
                <route to="in1">
                  <actions>
                    <action arg="2573" type="swap"/>
                    <action arg="2867" type="push"/>
                  </actions>
                </route>
              </routes>
            </te-group>
          </te-groups>
        </destination>
        <destination from="in1" label="154">
          <te-groups>
            <te-group>
              <routes>
                <route to="eg0">
                  <actions>
                    <action type="pop"/>
                  </actions>
                </route>
              </routes>
            </te-group>
          </te-groups>
        </destination>
        <destination from="in1" label="269">
          <te-groups>
            <te-group>
              <routes>
                <route to="eg0">
                  <actions>
                    <action type="pop"/>
                  </actions>
                </route>
              </routes>
            </te-group>
          </te-groups>
        </destination>
        <destination from="in1" label="395">
          <te-groups>
            <te-group>
              <routes>
                <route to="eg0">
                  <actions>
                    <action type="pop"/>
                  </actions>
                </route>
              </routes>
            </te-group>
          </te-groups>
        </destination>
        <destination from="in1" label="492">
          <te-groups>
            <te-group>
              <routes>
                <route to="eg0">
                  <actions>
                    <action type="pop"/>
                  </actions>
                </route>
              </routes>
            </te-group>
          </te-groups>
        </destination>
        <destination from="in1" label="604">
          <te-groups>
            <te-group>
              <routes>
                <route to="eg0">
                  <actions>
                    <action type="pop"/>
                  </actions>
                </route>
              </routes>
            </te-group>
          </te-groups>
        </destination>
        <destination from="in1" label="704">
          <te-groups>
            <te-group>
              <routes>
                <route to="eg0">
                  <actions>
                    <action type="pop"/>
                  </actions>
                </route>
              </routes>
            </te-group>
          </te-groups>
        </destination>
        <destination from="in1" label="802">
          <te-groups>
            <te-group>
              <routes>
                <route to="eg0">
                  <actions>
                    <action type="pop"/>
                  </actions>
                </route>
              </routes>
            </te-group>
          </te-groups>
        </destination>
        <destination from="in1" label="903">
          <te-groups>
            <te-group>
              <routes>
                <route to="eg0">
                  <actions>
                    <action type="pop"/>
                  </actions>
                </route>
              </routes>
            </te-group>
          </te-groups>
        </destination>
        <destination from="in1" label="1010">
          <te-groups>
            <te-group>
              <routes>
                <route to="eg0">
                  <actions>
                    <action type="pop"/>
                  </actions>
                </route>
              </routes>
            </te-group>
          </te-groups>
        </destination>
        <destination from="in1" label="1097">
          <te-groups>
            <te-group>
              <routes>
                <route to="eg0">
                  <actions>
                    <action type="pop"/>
                  </actions>
                </route>
              </routes>
            </te-group>
          </te-groups>
        </destination>
        <destination from="in1" label="1187">
          <te-groups>
            <te-group>
              <routes>
                <route to="eg0">
                  <actions>
                    <action type="pop"/>
                  </actions>
                </route>
              </routes>
            </te-group>
          </te-groups>
        </destination>
        <destination from="in1" label="1300">
          <te-groups>
            <te-group>
              <routes>
                <route to="eg0">
                  <actions>
                    <action type="pop"/>
                  </actions>
                </route>
              </routes>
            </te-group>
          </te-groups>
        </destination>
        <destination from="in1" label="1401">
          <te-groups>
            <te-group>
              <routes>
                <route to="eg0">
                  <actions>
                    <action type="pop"/>
                  </actions>
                </route>
              </routes>
            </te-group>
          </te-groups>
        </destination>
        <destination from="in1" label="1514">
          <te-groups>
            <te-group>
              <routes>
                <route to="eg0">
                  <actions>
                    <action type="pop"/>
                  </actions>
                </route>
              </routes>
            </te-group>
          </te-groups>
        </destination>
        <destination from="in1" label="1621">
          <te-groups>
            <te-group>
              <routes>
                <route to="eg0">
                  <actions>
                    <action type="pop"/>
                  </actions>
                </route>
              </routes>
            </te-group>
          </te-groups>
        </destination>
        <destination from="in1" label="1742">
          <te-groups>
            <te-group>
              <routes>
                <route to="eg0">
                  <actions>
                    <action type="pop"/>
                  </actions>
                </route>
              </routes>
            </te-group>
          </te-groups>
        </destination>
        <destination from="in1" label="1888">
          <te-groups>
            <te-group>
              <routes>
                <route to="eg0">
                  <actions>
                    <action type="pop"/>
                  </actions>
                </route>
              </routes>
            </te-group>
          </te-groups>
        </destination>
        <destination from="in1" label="1991">
          <te-groups>
            <te-group>
              <routes>
                <route to="eg0">
                  <actions>
                    <action type="pop"/>
                  </actions>
                </route>
              </routes>
            </te-group>
          </te-groups>
        </destination>
        <destination from="in1" label="2132">
          <te-groups>
            <te-group>
              <routes>
                <route to="eg0">
                  <actions>
                    <action type="pop"/>
                  </actions>
                </route>
              </routes>
            </te-group>
          </te-groups>
        </destination>
        <destination from="in1" label="2227">
          <te-groups>
            <te-group>
              <routes>
                <route to="eg0">
                  <actions>
                    <action type="pop"/>
                  </actions>
                </route>
              </routes>
            </te-group>
          </te-groups>
        </destination>
        <destination from="in1" label="2341">
          <te-groups>
            <te-group>
              <routes>
                <route to="eg0">
                  <actions>
                    <action type="pop"/>
                  </actions>
                </route>
              </routes>
            </te-group>
          </te-groups>
        </destination>
        <destination from="in1" label="2576">
          <te-groups>
            <te-group>
              <routes>
                <route to="eg0">
                  <actions>
                    <action type="pop"/>
                  </actions>
                </route>
              </routes>
            </te-group>
          </te-groups>
        </destination>
        <destination from="in1" label="2678">
          <te-groups>
            <te-group>
              <routes>
                <route to="eg0">
                  <actions>
                    <action type="pop"/>
                  </actions>
                </route>
              </routes>
            </te-group>
          </te-groups>
        </destination>
        <destination from="in1" label="2768">
          <te-groups>
            <te-group>
              <routes>
                <route to="eg0">
                  <actions>
                    <action type="pop"/>
                  </actions>
                </route>
              </routes>
            </te-group>
          </te-groups>
        </destination>
        <destination from="in1" label="2885">
          <te-groups>
            <te-group>
              <routes>
                <route to="in0">
                  <actions>
                    <action arg="2884" type="swap"/>
                  </actions>
                </route>
              </routes>
            </te-group>
          </te-groups>
        </destination>
        <destination from="in1" label="$274">
          <te-groups>
            <te-group>
              <routes>
                <route to="in1">
                  <actions>
                    <action arg="275" type="swap"/>
                  </actions>
                </route>
              </routes>
            </te-group>
          </te-groups>
        </destination>
        <destination from="in1" label="$609">
          <te-groups>
            <te-group>
              <routes>
                <route to="in1">
                  <actions>
                    <action arg="610" type="swap"/>
                  </actions>
                </route>
              </routes>
            </te-group>
          </te-groups>
        </destination>
        <destination from="in1" label="$709">
          <te-groups>
            <te-group>
              <routes>
                <route to="in1">
                  <actions>
                    <action arg="710" type="swap"/>
                  </actions>
                </route>
              </routes>
            </te-group>
          </te-groups>
        </destination>
        <destination from="in1" label="$806">
          <te-groups>
            <te-group>
              <routes>
                <route to="in1">
                  <actions>
                    <action arg="807" type="swap"/>
                  </actions>
                </route>
              </routes>
            </te-group>
          </te-groups>
        </destination>
        <destination from="in1" label="$906">
          <te-groups>
            <te-group>
              <routes>
                <route to="in1">
                  <actions>
                    <action arg="907" type="swap"/>
                  </actions>
                </route>
              </routes>
            </te-group>
          </te-groups>
        </destination>
        <destination from="in1" label="$1014">
          <te-groups>
            <te-group>
              <routes>
                <route to="in1">
                  <actions>
                    <action arg="1015" type="swap"/>
                  </actions>
                </route>
              </routes>
            </te-group>
          </te-groups>
        </destination>
        <destination from="in1" label="$1100">
          <te-groups>
            <te-group>
              <routes>
                <route to="in1">
                  <actions>
                    <action arg="1101" type="swap"/>
                  </actions>
                </route>
              </routes>
            </te-group>
          </te-groups>
        </destination>
        <destination from="in1" label="$1191">
          <te-groups>
            <te-group>
              <routes>
                <route to="in1">
                  <actions>
                    <action arg="1192" type="swap"/>
                  </actions>
                </route>
              </routes>
            </te-group>
          </te-groups>
        </destination>
        <destination from="in1" label="$1305">
          <te-groups>
            <te-group>
              <routes>
                <route to="in1">
                  <actions>
                    <action arg="1306" type="swap"/>
                  </actions>
                </route>
              </routes>
            </te-group>
          </te-groups>
        </destination>
        <destination from="in1" label="$1405">
          <te-groups>
            <te-group>
              <routes>
                <route to="in1">
                  <actions>
                    <action arg="1406" type="swap"/>
                  </actions>
                </route>
              </routes>
            </te-group>
          </te-groups>
        </destination>
        <destination from="in1" label="$1519">
          <te-groups>
            <te-group>
              <routes>
                <route to="in1">
                  <actions>
                    <action arg="1520" type="swap"/>
                  </actions>
                </route>
              </routes>
            </te-group>
          </te-groups>
        </destination>
        <destination from="in1" label="$1625">
          <te-groups>
            <te-group>
              <routes>
                <route to="in1">
                  <actions>
                    <action arg="1626" type="swap"/>
                  </actions>
                </route>
              </routes>
            </te-group>
          </te-groups>
        </destination>
        <destination from="in1" label="$1994">
          <te-groups>
            <te-group>
              <routes>
                <route to="in1">
                  <actions>
                    <action arg="1995" type="swap"/>
                  </actions>
                </route>
              </routes>
            </te-group>
          </te-groups>
        </destination>
        <destination from="in1" label="$2136">
          <te-groups>
            <te-group>
              <routes>
                <route to="in1">
                  <actions>
                    <action arg="2137" type="swap"/>
                  </actions>
                </route>
              </routes>
            </te-group>
          </te-groups>
        </destination>
        <destination from="in1" label="$2229">
          <te-groups>
            <te-group>
              <routes>
                <route to="in1">
                  <actions>
                    <action arg="2230" type="swap"/>
                  </actions>
                </route>
              </routes>
            </te-group>
          </te-groups>
        </destination>
        <destination from="in1" label="$2344">
          <te-groups>
            <te-group>
              <routes>
                <route to="in1">
                  <actions>
                    <action arg="2345" type="swap"/>
                  </actions>
                </route>
              </routes>
            </te-group>
          </te-groups>
        </destination>
        <destination from="in1" label="$2482">
          <te-groups>
            <te-group>
              <routes>
                <route to="in0">
                  <actions>
                    <action arg="2483" type="swap"/>
                  </actions>
                </route>
              </routes>
            </te-group>
            <te-group>
              <routes>
                <route to="in1">
                  <actions>
                    <action arg="2483" type="swap"/>
                    <action arg="2867" type="push"/>
                  </actions>
                </route>
              </routes>
            </te-group>
          </te-groups>
        </destination>
        <destination from="in1" label="$2495">
          <te-groups>
            <te-group>
              <routes>
                <route to="in0">
                  <actions>
                    <action arg="2496" type="swap"/>
                  </actions>
                </route>
              </routes>
            </te-group>
            <te-group>
              <routes>
                <route to="in1">
                  <actions>
                    <action arg="2496" type="swap"/>
                    <action arg="2867" type="push"/>
                  </actions>
                </route>
              </routes>
            </te-group>
          </te-groups>
        </destination>
        <destination from="in1" label="$2501">
          <te-groups>
            <te-group>
              <routes>
                <route to="in0">
                  <actions>
                    <action arg="2502" type="swap"/>
                  </actions>
                </route>
              </routes>
            </te-group>
            <te-group>
              <routes>
                <route to="in1">
                  <actions>
                    <action arg="2502" type="swap"/>
                    <action arg="2867" type="push"/>
                  </actions>
                </route>
              </routes>
            </te-group>
          </te-groups>
        </destination>
        <destination from="in1" label="$2507">
          <te-groups>
            <te-group>
              <routes>
                <route to="in0">
                  <actions>
                    <action arg="2508" type="swap"/>
                  </actions>
                </route>
              </routes>
            </te-group>
            <te-group>
              <routes>
                <route to="in1">
                  <actions>
                    <action arg="2508" type="swap"/>
                    <action arg="2867" type="push"/>
                  </actions>
                </route>
              </routes>
            </te-group>
          </te-groups>
        </destination>
        <destination from="in1" label="$2512">
          <te-groups>
            <te-group>
              <routes>
                <route to="in0">
                  <actions>
                    <action arg="2513" type="swap"/>
                  </actions>
                </route>
              </routes>
            </te-group>
            <te-group>
              <routes>
                <route to="in1">
                  <actions>
                    <action arg="2513" type="swap"/>
                    <action arg="2867" type="push"/>
                  </actions>
                </route>
              </routes>
            </te-group>
          </te-groups>
        </destination>
        <destination from="in1" label="$2516">
          <te-groups>
            <te-group>
              <routes>
                <route to="in0">
                  <actions>
                    <action arg="2517" type="swap"/>
                  </actions>
                </route>
              </routes>
            </te-group>
            <te-group>
              <routes>
                <route to="in1">
                  <actions>
                    <action arg="2517" type="swap"/>
                    <action arg="2867" type="push"/>
                  </actions>
                </route>
              </routes>
            </te-group>
          </te-groups>
        </destination>
        <destination from="in1" label="$2521">
          <te-groups>
            <te-group>
              <routes>
                <route to="in0">
                  <actions>
                    <action arg="2522" type="swap"/>
                  </actions>
                </route>
              </routes>
            </te-group>
            <te-group>
              <routes>
                <route to="in1">
                  <actions>
                    <action arg="2522" type="swap"/>
                    <action arg="2867" type="push"/>
                  </actions>
                </route>
              </routes>
            </te-group>
          </te-groups>
        </destination>
        <destination from="in1" label="$2525">
          <te-groups>
            <te-group>
              <routes>
                <route to="in0">
                  <actions>
                    <action arg="2526" type="swap"/>
                  </actions>
                </route>
              </routes>
            </te-group>
            <te-group>
              <routes>
                <route to="in1">
                  <actions>
                    <action arg="2526" type="swap"/>
                    <action arg="2867" type="push"/>
                  </actions>
                </route>
              </routes>
            </te-group>
          </te-groups>
        </destination>
        <destination from="in1" label="$2530">
          <te-groups>
            <te-group>
              <routes>
                <route to="in0">
                  <actions>
                    <action arg="2531" type="swap"/>
                  </actions>
                </route>
              </routes>
            </te-group>
            <te-group>
              <routes>
                <route to="in1">
                  <actions>
                    <action arg="2531" type="swap"/>
                    <action arg="2867" type="push"/>
                  </actions>
                </route>
              </routes>
            </te-group>
          </te-groups>
        </destination>
        <destination from="in1" label="$2536">
          <te-groups>
            <te-group>
              <routes>
                <route to="in0">
                  <actions>
                    <action arg="2537" type="swap"/>
                  </actions>
                </route>
              </routes>
            </te-group>
            <te-group>
              <routes>
                <route to="in1">
                  <actions>
                    <action arg="2537" type="swap"/>
                    <action arg="2867" type="push"/>
                  </actions>
                </route>
              </routes>
            </te-group>
          </te-groups>
        </destination>
        <destination from="in1" label="$2541">
          <te-groups>
            <te-group>
              <routes>
                <route to="in0">
                  <actions>
                    <action arg="2542" type="swap"/>
                  </actions>
                </route>
              </routes>
            </te-group>
            <te-group>
              <routes>
                <route to="in1">
                  <actions>
                    <action arg="2542" type="swap"/>
                    <action arg="2867" type="push"/>
                  </actions>
                </route>
              </routes>
            </te-group>
          </te-groups>
        </destination>
        <destination from="in1" label="$2547">
          <te-groups>
            <te-group>
              <routes>
                <route to="in0">
                  <actions>
                    <action arg="2548" type="swap"/>
                  </actions>
                </route>
              </routes>
            </te-group>
            <te-group>
              <routes>
                <route to="in1">
                  <actions>
                    <action arg="2548" type="swap"/>
                    <action arg="2867" type="push"/>
                  </actions>
                </route>
              </routes>
            </te-group>
          </te-groups>
        </destination>
        <destination from="in1" label="$2560">
          <te-groups>
            <te-group>
              <routes>
                <route to="in0">
                  <actions>
                    <action arg="2561" type="swap"/>
                  </actions>
                </route>
              </routes>
            </te-group>
            <te-group>
              <routes>
                <route to="in1">
                  <actions>
                    <action arg="2561" type="swap"/>
                    <action arg="2867" type="push"/>
                  </actions>
                </route>
              </routes>
            </te-group>
          </te-groups>
        </destination>
        <destination from="in1" label="$2564">
          <te-groups>
            <te-group>
              <routes>
                <route to="in0">
                  <actions>
                    <action arg="2565" type="swap"/>
                  </actions>
                </route>
              </routes>
            </te-group>
            <te-group>
              <routes>
                <route to="in1">
                  <actions>
                    <action arg="2565" type="swap"/>
                    <action arg="2867" type="push"/>
                  </actions>
                </route>
              </routes>
            </te-group>
          </te-groups>
        </destination>
        <destination from="in1" label="$2569">
          <te-groups>
            <te-group>
              <routes>
                <route to="in0">
                  <actions>
                    <action arg="2570" type="swap"/>
                  </actions>
                </route>
              </routes>
            </te-group>
            <te-group>
              <routes>
                <route to="in1">
                  <actions>
                    <action arg="2570" type="swap"/>
                    <action arg="2867" type="push"/>
                  </actions>
                </route>
              </routes>
            </te-group>
          </te-groups>
        </destination>
        <destination from="in1" label="$2572">
          <te-groups>
            <te-group>
              <routes>
                <route to="in0">
                  <actions>
                    <action arg="2573" type="swap"/>
                  </actions>
                </route>
              </routes>
            </te-group>
            <te-group>
              <routes>
                <route to="in1">
                  <actions>
                    <action arg="2573" type="swap"/>
                    <action arg="2867" type="push"/>
                  </actions>
                </route>
              </routes>
            </te-group>
          </te-groups>
        </destination>
      </destinations>
    </routing>
    <routing for="Pittsburg">
      <destinations>
        <destination from="eg0" ip="ip">
          <te-groups>
            <te-group>
              <routes>
                <route to="in0">
                  <actions>
                    <action arg="2482" type="push"/>
                  </actions>
                </route>
                <route to="in1">
                  <actions>
                    <action arg="2477" type="push"/>
                  </actions>
                </route>
                <route to="in1">
                  <actions>
                    <action arg="2580" type="push"/>
                  </actions>
                </route>
                <route to="in1">
                  <actions>
                    <action arg="2578" type="push"/>
                  </actions>
                </route>
                <route to="in0">
                  <actions>
                    <action arg="2576" type="push"/>
                  </actions>
                </route>
                <route to="in0">
                  <actions>
                    <action arg="2572" type="push"/>
                  </actions>
                </route>
                <route to="in0">
                  <actions>
                    <action arg="2569" type="push"/>
                  </actions>
                </route>
                <route to="in0">
                  <actions>
                    <action arg="2564" type="push"/>
                  </actions>
                </route>
                <route to="in0">
                  <actions>
                    <action arg="2560" type="push"/>
                  </actions>
                </route>
                <route to="in1">
                  <actions>
                    <action arg="2556" type="push"/>
                  </actions>
                </route>
                <route to="in1">
                  <actions>
                    <action arg="2553" type="push"/>
                  </actions>
                </route>
                <route to="in0">
                  <actions>
                    <action arg="2547" type="push"/>
                  </actions>
                </route>
                <route to="in0">
                  <actions>
                    <action arg="2541" type="push"/>
                  </actions>
                </route>
                <route to="in0">
                  <actions>
                    <action arg="2530" type="push"/>
                  </actions>
                </route>
                <route to="in0">
                  <actions>
                    <action arg="2536" type="push"/>
                  </actions>
                </route>
                <route to="in1">
                  <actions>
                    <action arg="2488" type="push"/>
                  </actions>
                </route>
                <route to="in1">
                  <actions>
                    <action arg="2491" type="push"/>
                  </actions>
                </route>
                <route to="in0">
                  <actions>
                    <action arg="2495" type="push"/>
                  </actions>
                </route>
                <route to="in0">
                  <actions>
                    <action arg="2501" type="push"/>
                  </actions>
                </route>
                <route to="in0">
                  <actions>
                    <action arg="2507" type="push"/>
                  </actions>
                </route>
                <route to="in0">
                  <actions>
                    <action arg="2512" type="push"/>
                  </actions>
                </route>
                <route to="in0">
                  <actions>
                    <action arg="2516" type="push"/>
                  </actions>
                </route>
                <route to="in0">
                  <actions>
                    <action arg="2521" type="push"/>
                  </actions>
                </route>
                <route to="in0">
                  <actions>
                    <action arg="2525" type="push"/>
                  </actions>
                </route>
              </routes>
            </te-group>
            <te-group>
              <routes>
                <route to="in1">
                  <actions>
                    <action arg="2564" type="push"/>
                    <action arg="2879" type="push"/>
                  </actions>
                </route>
                <route to="in1">
                  <actions>
                    <action arg="2569" type="push"/>
                    <action arg="2879" type="push"/>
                  </actions>
                </route>
                <route to="in1">
                  <actions>
                    <action arg="2572" type="push"/>
                    <action arg="2879" type="push"/>
                  </actions>
                </route>
                <route to="in1">
                  <actions>
                    <action arg="2530" type="push"/>
                    <action arg="2879" type="push"/>
                  </actions>
                </route>
                <route to="in1">
                  <actions>
                    <action arg="2576" type="push"/>
                    <action arg="2879" type="push"/>
                  </actions>
                </route>
                <route to="in0">
                  <actions>
                    <action arg="2477" type="push"/>
                    <action arg="2885" type="push"/>
                  </actions>
                </route>
                <route to="in0">
                  <actions>
                    <action arg="2488" type="push"/>
                    <action arg="2885" type="push"/>
                  </actions>
                </route>
                <route to="in0">
                  <actions>
                    <action arg="2491" type="push"/>
                    <action arg="2885" type="push"/>
                  </actions>
                </route>
                <route to="in0">
                  <actions>
                    <action arg="2553" type="push"/>
                    <action arg="2885" type="push"/>
                  </actions>
                </route>
                <route to="in0">
                  <actions>
                    <action arg="2556" type="push"/>
                    <action arg="2885" type="push"/>
                  </actions>
                </route>
                <route to="in0">
                  <actions>
                    <action arg="2578" type="push"/>
                    <action arg="2885" type="push"/>
                  </actions>
                </route>
                <route to="in0">
                  <actions>
                    <action arg="2580" type="push"/>
                    <action arg="2885" type="push"/>
                  </actions>
                </route>
                <route to="in1">
                  <actions>
                    <action arg="2547" type="push"/>
                    <action arg="2879" type="push"/>
                  </actions>
                </route>
                <route to="in1">
                  <actions>
                    <action arg="2560" type="push"/>
                    <action arg="2879" type="push"/>
                  </actions>
                </route>
                <route to="in1">
                  <actions>
                    <action arg="2482" type="push"/>
                    <action arg="2879" type="push"/>
                  </actions>
                </route>
                <route to="in1">
                  <actions>
                    <action arg="2495" type="push"/>
                    <action arg="2879" type="push"/>
                  </actions>
                </route>
                <route to="in1">
                  <actions>
                    <action arg="2501" type="push"/>
                    <action arg="2879" type="push"/>
                  </actions>
                </route>
                <route to="in1">
                  <actions>
                    <action arg="2507" type="push"/>
                    <action arg="2879" type="push"/>
                  </actions>
                </route>
                <route to="in1">
                  <actions>
                    <action arg="2512" type="push"/>
                    <action arg="2879" type="push"/>
                  </actions>
                </route>
                <route to="in1">
                  <actions>
                    <action arg="2516" type="push"/>
                    <action arg="2879" type="push"/>
                  </actions>
                </route>
                <route to="in1">
                  <actions>
                    <action arg="2521" type="push"/>
                    <action arg="2879" type="push"/>
                  </actions>
                </route>
                <route to="in1">
                  <actions>
                    <action arg="2525" type="push"/>
                    <action arg="2879" type="push"/>
                  </actions>
                </route>
                <route to="in1">
                  <actions>
                    <action arg="2536" type="push"/>
                    <action arg="2879" type="push"/>
                  </actions>
                </route>
                <route to="in1">
                  <actions>
                    <action arg="2541" type="push"/>
                    <action arg="2879" type="push"/>
                  </actions>
                </route>
              </routes>
            </te-group>
            <te-group>
              <routes>
                <route to="in0">
                  <actions>
                    <action arg="2576" type="push"/>
                    <action arg="2879" type="push"/>
                    <action arg="2885" type="push"/>
                  </actions>
                </route>
                <route to="in0">
                  <actions>
                    <action arg="2572" type="push"/>
                    <action arg="2879" type="push"/>
                    <action arg="2885" type="push"/>
                  </actions>
                </route>
                <route to="in0">
                  <actions>
                    <action arg="2569" type="push"/>
                    <action arg="2879" type="push"/>
                    <action arg="2885" type="push"/>
                  </actions>
                </route>
                <route to="in0">
                  <actions>
                    <action arg="2564" type="push"/>
                    <action arg="2879" type="push"/>
                    <action arg="2885" type="push"/>
                  </actions>
                </route>
                <route to="in0">
                  <actions>
                    <action arg="2560" type="push"/>
                    <action arg="2879" type="push"/>
                    <action arg="2885" type="push"/>
                  </actions>
                </route>
                <route to="in0">
                  <actions>
                    <action arg="2547" type="push"/>
                    <action arg="2879" type="push"/>
                    <action arg="2885" type="push"/>
                  </actions>
                </route>
                <route to="in0">
                  <actions>
                    <action arg="2541" type="push"/>
                    <action arg="2879" type="push"/>
                    <action arg="2885" type="push"/>
                  </actions>
                </route>
                <route to="in0">
                  <actions>
                    <action arg="2536" type="push"/>
                    <action arg="2879" type="push"/>
                    <action arg="2885" type="push"/>
                  </actions>
                </route>
                <route to="in0">
                  <actions>
                    <action arg="2530" type="push"/>
                    <action arg="2879" type="push"/>
                    <action arg="2885" type="push"/>
                  </actions>
                </route>
                <route to="in0">
                  <actions>
                    <action arg="2525" type="push"/>
                    <action arg="2879" type="push"/>
                    <action arg="2885" type="push"/>
                  </actions>
                </route>
                <route to="in0">
                  <actions>
                    <action arg="2521" type="push"/>
                    <action arg="2879" type="push"/>
                    <action arg="2885" type="push"/>
                  </actions>
                </route>
                <route to="in0">
                  <actions>
                    <action arg="2516" type="push"/>
                    <action arg="2879" type="push"/>
                    <action arg="2885" type="push"/>
                  </actions>
                </route>
                <route to="in0">
                  <actions>
                    <action arg="2512" type="push"/>
                    <action arg="2879" type="push"/>
                    <action arg="2885" type="push"/>
                  </actions>
                </route>
                <route to="in0">
                  <actions>
                    <action arg="2507" type="push"/>
                    <action arg="2879" type="push"/>
                    <action arg="2885" type="push"/>
                  </actions>
                </route>
                <route to="in0">
                  <actions>
                    <action arg="2501" type="push"/>
                    <action arg="2879" type="push"/>
                    <action arg="2885" type="push"/>
                  </actions>
                </route>
                <route to="in0">
                  <actions>
                    <action arg="2495" type="push"/>
                    <action arg="2879" type="push"/>
                    <action arg="2885" type="push"/>
                  </actions>
                </route>
                <route to="in0">
                  <actions>
                    <action arg="2482" type="push"/>
                    <action arg="2879" type="push"/>
                    <action arg="2885" type="push"/>
                  </actions>
                </route>
              </routes>
            </te-group>
          </te-groups>
        </destination>
        <destination from="in0" label="159">
          <te-groups>
            <te-group>
              <routes>
                <route to="eg0">
                  <actions>
                    <action type="pop"/>
                  </actions>
                </route>
              </routes>
            </te-group>
          </te-groups>
        </destination>
        <destination from="in0" label="275">
          <te-groups>
            <te-group>
              <routes>
                <route to="eg0">
                  <actions>
                    <action type="pop"/>
                  </actions>
                </route>
              </routes>
            </te-group>
          </te-groups>
        </destination>
        <destination from="in0" label="398">
          <te-groups>
            <te-group>
              <routes>
                <route to="eg0">
                  <actions>
                    <action type="pop"/>
                  </actions>
                </route>
              </routes>
            </te-group>
          </te-groups>
        </destination>
        <destination from="in0" label="496">
          <te-groups>
            <te-group>
              <routes>
                <route to="eg0">
                  <actions>
                    <action type="pop"/>
                  </actions>
                </route>
              </routes>
            </te-group>
          </te-groups>
        </destination>
        <destination from="in0" label="610">
          <te-groups>
            <te-group>
              <routes>
                <route to="eg0">
                  <actions>
                    <action type="pop"/>
                  </actions>
                </route>
              </routes>
            </te-group>
          </te-groups>
        </destination>
        <destination from="in0" label="710">
          <te-groups>
            <te-group>
              <routes>
                <route to="eg0">
                  <actions>
                    <action type="pop"/>
                  </actions>
                </route>
              </routes>
            </te-group>
          </te-groups>
        </destination>
        <destination from="in0" label="807">
          <te-groups>
            <te-group>
              <routes>
                <route to="eg0">
                  <actions>
                    <action type="pop"/>
                  </actions>
                </route>
              </routes>
            </te-group>
          </te-groups>
        </destination>
        <destination from="in0" label="907">
          <te-groups>
            <te-group>
              <routes>
                <route to="eg0">
                  <actions>
                    <action type="pop"/>
                  </actions>
                </route>
              </routes>
            </te-group>
          </te-groups>
        </destination>
        <destination from="in0" label="1015">
          <te-groups>
            <te-group>
              <routes>
                <route to="eg0">
                  <actions>
                    <action type="pop"/>
                  </actions>
                </route>
              </routes>
            </te-group>
          </te-groups>
        </destination>
        <destination from="in0" label="1101">
          <te-groups>
            <te-group>
              <routes>
                <route to="eg0">
                  <actions>
                    <action type="pop"/>
                  </actions>
                </route>
              </routes>
            </te-group>
          </te-groups>
        </destination>
        <destination from="in0" label="1192">
          <te-groups>
            <te-group>
              <routes>
                <route to="eg0">
                  <actions>
                    <action type="pop"/>
                  </actions>
                </route>
              </routes>
            </te-group>
          </te-groups>
        </destination>
        <destination from="in0" label="1306">
          <te-groups>
            <te-group>
              <routes>
                <route to="eg0">
                  <actions>
                    <action type="pop"/>
                  </actions>
                </route>
              </routes>
            </te-group>
          </te-groups>
        </destination>
        <destination from="in0" label="1406">
          <te-groups>
            <te-group>
              <routes>
                <route to="eg0">
                  <actions>
                    <action type="pop"/>
                  </actions>
                </route>
              </routes>
            </te-group>
          </te-groups>
        </destination>
        <destination from="in0" label="1520">
          <te-groups>
            <te-group>
              <routes>
                <route to="eg0">
                  <actions>
                    <action type="pop"/>
                  </actions>
                </route>
              </routes>
            </te-group>
          </te-groups>
        </destination>
        <destination from="in0" label="1626">
          <te-groups>
            <te-group>
              <routes>
                <route to="eg0">
                  <actions>
                    <action type="pop"/>
                  </actions>
                </route>
              </routes>
            </te-group>
          </te-groups>
        </destination>
        <destination from="in0" label="1745">
          <te-groups>
            <te-group>
              <routes>
                <route to="eg0">
                  <actions>
                    <action type="pop"/>
                  </actions>
                </route>
              </routes>
            </te-group>
          </te-groups>
        </destination>
        <destination from="in0" label="1892">
          <te-groups>
            <te-group>
              <routes>
                <route to="eg0">
                  <actions>
                    <action type="pop"/>
                  </actions>
                </route>
              </routes>
            </te-group>
          </te-groups>
        </destination>
        <destination from="in0" label="1995">
          <te-groups>
            <te-group>
              <routes>
                <route to="eg0">
                  <actions>
                    <action type="pop"/>
                  </actions>
                </route>
              </routes>
            </te-group>
          </te-groups>
        </destination>
        <destination from="in0" label="2137">
          <te-groups>
            <te-group>
              <routes>
                <route to="eg0">
                  <actions>
                    <action type="pop"/>
                  </actions>
                </route>
              </routes>
            </te-group>
          </te-groups>
        </destination>
        <destination from="in0" label="2230">
          <te-groups>
            <te-group>
              <routes>
                <route to="eg0">
                  <actions>
                    <action type="pop"/>
                  </actions>
                </route>
              </routes>
            </te-group>
          </te-groups>
        </destination>
        <destination from="in0" label="2345">
          <te-groups>
            <te-group>
              <routes>
                <route to="eg0">
                  <actions>
                    <action type="pop"/>
                  </actions>
                </route>
              </routes>
            </te-group>
          </te-groups>
        </destination>
        <destination from="in0" label="2460">
          <te-groups>
            <te-group>
              <routes>
                <route to="eg0">
                  <actions>
                    <action type="pop"/>
                  </actions>
                </route>
              </routes>
            </te-group>
          </te-groups>
        </destination>
        <destination from="in0" label="2680">
          <te-groups>
            <te-group>
              <routes>
                <route to="eg0">
                  <actions>
                    <action type="pop"/>
                  </actions>
                </route>
              </routes>
            </te-group>
          </te-groups>
        </destination>
        <destination from="in0" label="2771">
          <te-groups>
            <te-group>
              <routes>
                <route to="eg0">
                  <actions>
                    <action type="pop"/>
                  </actions>
                </route>
              </routes>
            </te-group>
          </te-groups>
        </destination>
        <destination from="in0" label="2856">
          <te-groups>
            <te-group>
              <routes>
                <route to="in0">
                  <actions>
                    <action type="pop"/>
                  </actions>
                </route>
              </routes>
            </te-group>
            <te-group>
              <routes>
                <route to="in1">
                  <actions>
                    <action arg="2879" type="swap"/>
                  </actions>
                </route>
              </routes>
            </te-group>
          </te-groups>
        </destination>
        <destination from="in0" label="2867">
          <te-groups>
            <te-group>
              <routes>
                <route to="in1">
                  <actions>
                    <action arg="2866" type="swap"/>
                  </actions>
                </route>
              </routes>
            </te-group>
            <te-group>
              <routes>
                <route to="in0">
                  <actions>
                    <action arg="2866" type="swap"/>
                    <action arg="2885" type="push"/>
                  </actions>
                </route>
              </routes>
            </te-group>
          </te-groups>
        </destination>
        <destination from="in0" label="$2677">
          <te-groups>
            <te-group>
              <routes>
                <route to="in0">
                  <actions>
                    <action arg="2678" type="swap"/>
                  </actions>
                </route>
              </routes>
            </te-group>
            <te-group>
              <routes>
                <route to="in1">
                  <actions>
                    <action arg="2678" type="swap"/>
                    <action arg="2879" type="push"/>
                  </actions>
                </route>
              </routes>
            </te-group>
          </te-groups>
        </destination>
        <destination from="in1" label="159">
          <te-groups>
            <te-group>
              <routes>
                <route to="eg0">
                  <actions>
                    <action type="pop"/>
                  </actions>
                </route>
              </routes>
            </te-group>
          </te-groups>
        </destination>
        <destination from="in1" label="275">
          <te-groups>
            <te-group>
              <routes>
                <route to="eg0">
                  <actions>
                    <action type="pop"/>
                  </actions>
                </route>
              </routes>
            </te-group>
          </te-groups>
        </destination>
        <destination from="in1" label="398">
          <te-groups>
            <te-group>
              <routes>
                <route to="eg0">
                  <actions>
                    <action type="pop"/>
                  </actions>
                </route>
              </routes>
            </te-group>
          </te-groups>
        </destination>
        <destination from="in1" label="496">
          <te-groups>
            <te-group>
              <routes>
                <route to="eg0">
                  <actions>
                    <action type="pop"/>
                  </actions>
                </route>
              </routes>
            </te-group>
          </te-groups>
        </destination>
        <destination from="in1" label="610">
          <te-groups>
            <te-group>
              <routes>
                <route to="eg0">
                  <actions>
                    <action type="pop"/>
                  </actions>
                </route>
              </routes>
            </te-group>
          </te-groups>
        </destination>
        <destination from="in1" label="710">
          <te-groups>
            <te-group>
              <routes>
                <route to="eg0">
                  <actions>
                    <action type="pop"/>
                  </actions>
                </route>
              </routes>
            </te-group>
          </te-groups>
        </destination>
        <destination from="in1" label="807">
          <te-groups>
            <te-group>
              <routes>
                <route to="eg0">
                  <actions>
                    <action type="pop"/>
                  </actions>
                </route>
              </routes>
            </te-group>
          </te-groups>
        </destination>
        <destination from="in1" label="907">
          <te-groups>
            <te-group>
              <routes>
                <route to="eg0">
                  <actions>
                    <action type="pop"/>
                  </actions>
                </route>
              </routes>
            </te-group>
          </te-groups>
        </destination>
        <destination from="in1" label="1015">
          <te-groups>
            <te-group>
              <routes>
                <route to="eg0">
                  <actions>
                    <action type="pop"/>
                  </actions>
                </route>
              </routes>
            </te-group>
          </te-groups>
        </destination>
        <destination from="in1" label="1101">
          <te-groups>
            <te-group>
              <routes>
                <route to="eg0">
                  <actions>
                    <action type="pop"/>
                  </actions>
                </route>
              </routes>
            </te-group>
          </te-groups>
        </destination>
        <destination from="in1" label="1192">
          <te-groups>
            <te-group>
              <routes>
                <route to="eg0">
                  <actions>
                    <action type="pop"/>
                  </actions>
                </route>
              </routes>
            </te-group>
          </te-groups>
        </destination>
        <destination from="in1" label="1306">
          <te-groups>
            <te-group>
              <routes>
                <route to="eg0">
                  <actions>
                    <action type="pop"/>
                  </actions>
                </route>
              </routes>
            </te-group>
          </te-groups>
        </destination>
        <destination from="in1" label="1406">
          <te-groups>
            <te-group>
              <routes>
                <route to="eg0">
                  <actions>
                    <action type="pop"/>
                  </actions>
                </route>
              </routes>
            </te-group>
          </te-groups>
        </destination>
        <destination from="in1" label="1520">
          <te-groups>
            <te-group>
              <routes>
                <route to="eg0">
                  <actions>
                    <action type="pop"/>
                  </actions>
                </route>
              </routes>
            </te-group>
          </te-groups>
        </destination>
        <destination from="in1" label="1626">
          <te-groups>
            <te-group>
              <routes>
                <route to="eg0">
                  <actions>
                    <action type="pop"/>
                  </actions>
                </route>
              </routes>
            </te-group>
          </te-groups>
        </destination>
        <destination from="in1" label="1745">
          <te-groups>
            <te-group>
              <routes>
                <route to="eg0">
                  <actions>
                    <action type="pop"/>
                  </actions>
                </route>
              </routes>
            </te-group>
          </te-groups>
        </destination>
        <destination from="in1" label="1892">
          <te-groups>
            <te-group>
              <routes>
                <route to="eg0">
                  <actions>
                    <action type="pop"/>
                  </actions>
                </route>
              </routes>
            </te-group>
          </te-groups>
        </destination>
        <destination from="in1" label="1995">
          <te-groups>
            <te-group>
              <routes>
                <route to="eg0">
                  <actions>
                    <action type="pop"/>
                  </actions>
                </route>
              </routes>
            </te-group>
          </te-groups>
        </destination>
        <destination from="in1" label="2137">
          <te-groups>
            <te-group>
              <routes>
                <route to="eg0">
                  <actions>
                    <action type="pop"/>
                  </actions>
                </route>
              </routes>
            </te-group>
          </te-groups>
        </destination>
        <destination from="in1" label="2230">
          <te-groups>
            <te-group>
              <routes>
                <route to="eg0">
                  <actions>
                    <action type="pop"/>
                  </actions>
                </route>
              </routes>
            </te-group>
          </te-groups>
        </destination>
        <destination from="in1" label="2345">
          <te-groups>
            <te-group>
              <routes>
                <route to="eg0">
                  <actions>
                    <action type="pop"/>
                  </actions>
                </route>
              </routes>
            </te-group>
          </te-groups>
        </destination>
        <destination from="in1" label="2460">
          <te-groups>
            <te-group>
              <routes>
                <route to="eg0">
                  <actions>
                    <action type="pop"/>
                  </actions>
                </route>
              </routes>
            </te-group>
          </te-groups>
        </destination>
        <destination from="in1" label="2680">
          <te-groups>
            <te-group>
              <routes>
                <route to="eg0">
                  <actions>
                    <action type="pop"/>
                  </actions>
                </route>
              </routes>
            </te-group>
          </te-groups>
        </destination>
        <destination from="in1" label="2771">
          <te-groups>
            <te-group>
              <routes>
                <route to="eg0">
                  <actions>
                    <action type="pop"/>
                  </actions>
                </route>
              </routes>
            </te-group>
          </te-groups>
        </destination>
        <destination from="in1" label="2856">
          <te-groups>
            <te-group>
              <routes>
                <route to="in0">
                  <actions>
                    <action type="pop"/>
                  </actions>
                </route>
              </routes>
            </te-group>
            <te-group>
              <routes>
                <route to="in1">
                  <actions>
                    <action arg="2879" type="swap"/>
                  </actions>
                </route>
              </routes>
            </te-group>
          </te-groups>
        </destination>
        <destination from="in1" label="2867">
          <te-groups>
            <te-group>
              <routes>
                <route to="in1">
                  <actions>
                    <action arg="2866" type="swap"/>
                  </actions>
                </route>
              </routes>
            </te-group>
          </te-groups>
        </destination>
        <destination from="in1" label="$2677">
          <te-groups>
            <te-group>
              <routes>
                <route to="in0">
                  <actions>
                    <action arg="2678" type="swap"/>
                  </actions>
                </route>
              </routes>
            </te-group>
            <te-group>
              <routes>
                <route to="in1">
                  <actions>
                    <action arg="2678" type="swap"/>
                    <action arg="2879" type="push"/>
                  </actions>
                </route>
              </routes>
            </te-group>
          </te-groups>
        </destination>
      </destinations>
    </routing>
    <routing for="Philadelphia">
      <destinations>
        <destination from="eg0" ip="ip">
          <te-groups>
            <te-group>
              <routes>
                <route to="in0">
                  <actions>
                    <action arg="2587" type="push"/>
                  </actions>
                </route>
                <route to="in0">
                  <actions>
                    <action arg="2583" type="push"/>
                  </actions>
                </route>
                <route to="in3">
                  <actions>
                    <action arg="2682" type="push"/>
                  </actions>
                </route>
                <route to="in2">
                  <actions>
                    <action arg="2680" type="push"/>
                  </actions>
                </route>
                <route to="in2">
                  <actions>
                    <action arg="2677" type="push"/>
                  </actions>
                </route>
                <route to="in0">
                  <actions>
                    <action arg="2670" type="push"/>
                  </actions>
                </route>
                <route to="in0">
                  <actions>
                    <action arg="2664" type="push"/>
                  </actions>
                </route>
                <route to="in3">
                  <actions>
                    <action arg="2657" type="push"/>
                  </actions>
                </route>
                <route to="in3">
                  <actions>
                    <action arg="2651" type="push"/>
                  </actions>
                </route>
                <route to="in1">
                  <actions>
                    <action arg="2648" type="push"/>
                  </actions>
                </route>
                <route to="in1">
                  <actions>
                    <action arg="2646" type="push"/>
                  </actions>
                </route>
                <route to="in3">
                  <actions>
                    <action arg="2641" type="push"/>
                  </actions>
                </route>
                <route to="in3">
                  <actions>
                    <action arg="2636" type="push"/>
                  </actions>
                </route>
                <route to="in3">
                  <actions>
                    <action arg="2627" type="push"/>
                  </actions>
                </route>
                <route to="in3">
                  <actions>
                    <action arg="2632" type="push"/>
                  </actions>
                </route>
                <route to="in0">
                  <actions>
                    <action arg="2592" type="push"/>
                  </actions>
                </route>
                <route to="in0">
                  <actions>
                    <action arg="2594" type="push"/>
                  </actions>
                </route>
                <route to="in0">
                  <actions>
                    <action arg="2597" type="push"/>
                  </actions>
                </route>
                <route to="in0">
                  <actions>
                    <action arg="2602" type="push"/>
                  </actions>
                </route>
                <route to="in0">
                  <actions>
                    <action arg="2607" type="push"/>
                  </actions>
                </route>
                <route to="in0">
                  <actions>
                    <action arg="2611" type="push"/>
                  </actions>
                </route>
                <route to="in3">
                  <actions>
                    <action arg="2616" type="push"/>
                  </actions>
                </route>
                <route to="in3">
                  <actions>
                    <action arg="2620" type="push"/>
                  </actions>
                </route>
                <route to="in3">
                  <actions>
                    <action arg="2623" type="push"/>
                  </actions>
                </route>
              </routes>
            </te-group>
            <te-group>
              <routes>
                <route to="in0">
                  <actions>
                    <action arg="2677" type="push"/>
                    <action arg="2895" type="push"/>
                  </actions>
                </route>
                <route to="in0">
                  <actions>
                    <action arg="2680" type="push"/>
                    <action arg="2895" type="push"/>
                  </actions>
                </route>
                <route to="in0">
                  <actions>
                    <action arg="2616" type="push"/>
                    <action arg="2900" type="push"/>
                  </actions>
                </route>
                <route to="in0">
                  <actions>
                    <action arg="2620" type="push"/>
                    <action arg="2900" type="push"/>
                  </actions>
                </route>
                <route to="in0">
                  <actions>
                    <action arg="2623" type="push"/>
                    <action arg="2900" type="push"/>
                  </actions>
                </route>
                <route to="in0">
                  <actions>
                    <action arg="2627" type="push"/>
                    <action arg="2900" type="push"/>
                  </actions>
                </route>
                <route to="in0">
                  <actions>
                    <action arg="2632" type="push"/>
                    <action arg="2900" type="push"/>
                  </actions>
                </route>
                <route to="in0">
                  <actions>
                    <action arg="2636" type="push"/>
                    <action arg="2900" type="push"/>
                  </actions>
                </route>
                <route to="in0">
                  <actions>
                    <action arg="2641" type="push"/>
                    <action arg="2900" type="push"/>
                  </actions>
                </route>
                <route to="in0">
                  <actions>
                    <action arg="2651" type="push"/>
                    <action arg="2900" type="push"/>
                  </actions>
                </route>
                <route to="in0">
                  <actions>
                    <action arg="2657" type="push"/>
                    <action arg="2900" type="push"/>
                  </actions>
                </route>
                <route to="in0">
                  <actions>
                    <action arg="2682" type="push"/>
                    <action arg="2900" type="push"/>
                  </actions>
                </route>
                <route to="in0">
                  <actions>
                    <action arg="2646" type="push"/>
                    <action arg="2889" type="push"/>
                  </actions>
                </route>
                <route to="in1">
                  <actions>
                    <action arg="2583" type="push"/>
                    <action arg="2887" type="push"/>
                  </actions>
                </route>
                <route to="in1">
                  <actions>
                    <action arg="2587" type="push"/>
                    <action arg="2887" type="push"/>
                  </actions>
                </route>
                <route to="in1">
                  <actions>
                    <action arg="2592" type="push"/>
                    <action arg="2887" type="push"/>
                  </actions>
                </route>
                <route to="in1">
                  <actions>
                    <action arg="2594" type="push"/>
                    <action arg="2887" type="push"/>
                  </actions>
                </route>
                <route to="in1">
                  <actions>
                    <action arg="2597" type="push"/>
                    <action arg="2887" type="push"/>
                  </actions>
                </route>
                <route to="in1">
                  <actions>
                    <action arg="2602" type="push"/>
                    <action arg="2887" type="push"/>
                  </actions>
                </route>
                <route to="in1">
                  <actions>
                    <action arg="2607" type="push"/>
                    <action arg="2887" type="push"/>
                  </actions>
                </route>
                <route to="in1">
                  <actions>
                    <action arg="2611" type="push"/>
                    <action arg="2887" type="push"/>
                  </actions>
                </route>
                <route to="in1">
                  <actions>
                    <action arg="2664" type="push"/>
                    <action arg="2887" type="push"/>
                  </actions>
                </route>
                <route to="in1">
                  <actions>
                    <action arg="2670" type="push"/>
                    <action arg="2887" type="push"/>
                  </actions>
                </route>
                <route to="in0">
                  <actions>
                    <action arg="2648" type="push"/>
                    <action arg="2889" type="push"/>
                  </actions>
                </route>
              </routes>
            </te-group>
            <te-group>
              <routes>
                <route to="in0">
                  <actions>
                    <action arg="2583" type="push"/>
                    <action arg="2887" type="push"/>
                    <action arg="2889" type="push"/>
                  </actions>
                </route>
                <route to="in0">
                  <actions>
                    <action arg="2670" type="push"/>
                    <action arg="2887" type="push"/>
                    <action arg="2889" type="push"/>
                  </actions>
                </route>
                <route to="in0">
                  <actions>
                    <action arg="2664" type="push"/>
                    <action arg="2887" type="push"/>
                    <action arg="2889" type="push"/>
                  </actions>
                </route>
                <route to="in0">
                  <actions>
                    <action arg="2611" type="push"/>
                    <action arg="2887" type="push"/>
                    <action arg="2889" type="push"/>
                  </actions>
                </route>
                <route to="in0">
                  <actions>
                    <action arg="2607" type="push"/>
                    <action arg="2887" type="push"/>
                    <action arg="2889" type="push"/>
                  </actions>
                </route>
                <route to="in0">
                  <actions>
                    <action arg="2602" type="push"/>
                    <action arg="2887" type="push"/>
                    <action arg="2889" type="push"/>
                  </actions>
                </route>
                <route to="in0">
                  <actions>
                    <action arg="2597" type="push"/>
                    <action arg="2887" type="push"/>
                    <action arg="2889" type="push"/>
                  </actions>
                </route>
                <route to="in0">
                  <actions>
                    <action arg="2594" type="push"/>
                    <action arg="2887" type="push"/>
                    <action arg="2889" type="push"/>
                  </actions>
                </route>
                <route to="in0">
                  <actions>
                    <action arg="2592" type="push"/>
                    <action arg="2887" type="push"/>
                    <action arg="2889" type="push"/>
                  </actions>
                </route>
                <route to="in0">
                  <actions>
                    <action arg="2587" type="push"/>
                    <action arg="2887" type="push"/>
                    <action arg="2889" type="push"/>
                  </actions>
                </route>
              </routes>
            </te-group>
          </te-groups>
        </destination>
        <destination from="in0" label="163">
          <te-groups>
            <te-group>
              <routes>
                <route to="eg0">
                  <actions>
                    <action type="pop"/>
                  </actions>
                </route>
              </routes>
            </te-group>
          </te-groups>
        </destination>
        <destination from="in0" label="280">
          <te-groups>
            <te-group>
              <routes>
                <route to="eg0">
                  <actions>
                    <action type="pop"/>
                  </actions>
                </route>
              </routes>
            </te-group>
          </te-groups>
        </destination>
        <destination from="in0" label="400">
          <te-groups>
            <te-group>
              <routes>
                <route to="eg0">
                  <actions>
                    <action type="pop"/>
                  </actions>
                </route>
              </routes>
            </te-group>
          </te-groups>
        </destination>
        <destination from="in0" label="499">
          <te-groups>
            <te-group>
              <routes>
                <route to="eg0">
                  <actions>
                    <action type="pop"/>
                  </actions>
                </route>
              </routes>
            </te-group>
          </te-groups>
        </destination>
        <destination from="in0" label="615">
          <te-groups>
            <te-group>
              <routes>
                <route to="eg0">
                  <actions>
                    <action type="pop"/>
                  </actions>
                </route>
              </routes>
            </te-group>
          </te-groups>
        </destination>
        <destination from="in0" label="715">
          <te-groups>
            <te-group>
              <routes>
                <route to="eg0">
                  <actions>
                    <action type="pop"/>
                  </actions>
                </route>
              </routes>
            </te-group>
          </te-groups>
        </destination>
        <destination from="in0" label="811">
          <te-groups>
            <te-group>
              <routes>
                <route to="eg0">
                  <actions>
                    <action type="pop"/>
                  </actions>
                </route>
              </routes>
            </te-group>
          </te-groups>
        </destination>
        <destination from="in0" label="912">
          <te-groups>
            <te-group>
              <routes>
                <route to="eg0">
                  <actions>
                    <action type="pop"/>
                  </actions>
                </route>
              </routes>
            </te-group>
          </te-groups>
        </destination>
        <destination from="in0" label="1019">
          <te-groups>
            <te-group>
              <routes>
                <route to="eg0">
                  <actions>
                    <action type="pop"/>
                  </actions>
                </route>
              </routes>
            </te-group>
          </te-groups>
        </destination>
        <destination from="in0" label="1104">
          <te-groups>
            <te-group>
              <routes>
                <route to="eg0">
                  <actions>
                    <action type="pop"/>
                  </actions>
                </route>
              </routes>
            </te-group>
          </te-groups>
        </destination>
        <destination from="in0" label="1196">
          <te-groups>
            <te-group>
              <routes>
                <route to="eg0">
                  <actions>
                    <action type="pop"/>
                  </actions>
                </route>
              </routes>
            </te-group>
          </te-groups>
        </destination>
        <destination from="in0" label="1311">
          <te-groups>
            <te-group>
              <routes>
                <route to="eg0">
                  <actions>
                    <action type="pop"/>
                  </actions>
                </route>
              </routes>
            </te-group>
          </te-groups>
        </destination>
        <destination from="in0" label="1410">
          <te-groups>
            <te-group>
              <routes>
                <route to="eg0">
                  <actions>
                    <action type="pop"/>
                  </actions>
                </route>
              </routes>
            </te-group>
          </te-groups>
        </destination>
        <destination from="in0" label="1525">
          <te-groups>
            <te-group>
              <routes>
                <route to="eg0">
                  <actions>
                    <action type="pop"/>
                  </actions>
                </route>
              </routes>
            </te-group>
          </te-groups>
        </destination>
        <destination from="in0" label="1631">
          <te-groups>
            <te-group>
              <routes>
                <route to="eg0">
                  <actions>
                    <action type="pop"/>
                  </actions>
                </route>
              </routes>
            </te-group>
          </te-groups>
        </destination>
        <destination from="in0" label="1747">
          <te-groups>
            <te-group>
              <routes>
                <route to="eg0">
                  <actions>
                    <action type="pop"/>
                  </actions>
                </route>
              </routes>
            </te-group>
          </te-groups>
        </destination>
        <destination from="in0" label="1895">
          <te-groups>
            <te-group>
              <routes>
                <route to="eg0">
                  <actions>
                    <action type="pop"/>
                  </actions>
                </route>
              </routes>
            </te-group>
          </te-groups>
        </destination>
        <destination from="in0" label="2002">
          <te-groups>
            <te-group>
              <routes>
                <route to="eg0">
                  <actions>
                    <action type="pop"/>
                  </actions>
                </route>
              </routes>
            </te-group>
          </te-groups>
        </destination>
        <destination from="in0" label="2144">
          <te-groups>
            <te-group>
              <routes>
                <route to="eg0">
                  <actions>
                    <action type="pop"/>
                  </actions>
                </route>
              </routes>
            </te-group>
          </te-groups>
        </destination>
        <destination from="in0" label="2236">
          <te-groups>
            <te-group>
              <routes>
                <route to="eg0">
                  <actions>
                    <action type="pop"/>
                  </actions>
                </route>
              </routes>
            </te-group>
          </te-groups>
        </destination>
        <destination from="in0" label="2352">
          <te-groups>
            <te-group>
              <routes>
                <route to="eg0">
                  <actions>
                    <action type="pop"/>
                  </actions>
                </route>
              </routes>
            </te-group>
          </te-groups>
        </destination>
        <destination from="in0" label="2467">
          <te-groups>
            <te-group>
              <routes>
                <route to="eg0">
                  <actions>
                    <action type="pop"/>
                  </actions>
                </route>
              </routes>
            </te-group>
          </te-groups>
        </destination>
        <destination from="in0" label="2578">
          <te-groups>
            <te-group>
              <routes>
                <route to="eg0">
                  <actions>
                    <action type="pop"/>
                  </actions>
                </route>
              </routes>
            </te-group>
          </te-groups>
        </destination>
        <destination from="in0" label="2773">
          <te-groups>
            <te-group>
              <routes>
                <route to="eg0">
                  <actions>
                    <action type="pop"/>
                  </actions>
                </route>
              </routes>
            </te-group>
          </te-groups>
        </destination>
        <destination from="in0" label="2775">
          <te-groups>
            <te-group>
              <routes>
                <route to="in1">
                  <actions>
                    <action arg="2774" type="swap"/>
                  </actions>
                </route>
              </routes>
            </te-group>
            <te-group>
              <routes>
                <route to="in0">
                  <actions>
                    <action arg="2774" type="swap"/>
                    <action arg="2889" type="push"/>
                  </actions>
                </route>
              </routes>
            </te-group>
          </te-groups>
        </destination>
        <destination from="in0" label="2778">
          <te-groups>
            <te-group>
              <routes>
                <route to="in0">
                  <actions>
                    <action type="pop"/>
                  </actions>
                </route>
              </routes>
            </te-group>
          </te-groups>
        </destination>
        <destination from="in0" label="2783">
          <te-groups>
            <te-group>
              <routes>
                <route to="in3">
                  <actions>
                    <action arg="2782" type="swap"/>
                  </actions>
                </route>
              </routes>
            </te-group>
            <te-group>
              <routes>
                <route to="in0">
                  <actions>
                    <action arg="2782" type="swap"/>
                    <action arg="2900" type="push"/>
                  </actions>
                </route>
              </routes>
            </te-group>
          </te-groups>
        </destination>
        <destination from="in0" label="2785">
          <te-groups>
            <te-group>
              <routes>
                <route to="in1">
                  <actions>
                    <action type="pop"/>
                  </actions>
                </route>
              </routes>
            </te-group>
            <te-group>
              <routes>
                <route to="in0">
                  <actions>
                    <action arg="2889" type="swap"/>
                  </actions>
                </route>
              </routes>
            </te-group>
          </te-groups>
        </destination>
        <destination from="in0" label="2794">
          <te-groups>
            <te-group>
              <routes>
                <route to="in0">
                  <actions>
                    <action arg="2793" type="swap"/>
                  </actions>
                </route>
              </routes>
            </te-group>
            <te-group>
              <routes>
                <route to="in1">
                  <actions>
                    <action arg="2793" type="swap"/>
                    <action arg="2887" type="push"/>
                  </actions>
                </route>
              </routes>
            </te-group>
            <te-group>
              <routes>
                <route to="in0">
                  <actions>
                    <action arg="2793" type="swap"/>
                    <action arg="2887" type="push"/>
                    <action arg="2889" type="push"/>
                  </actions>
                </route>
              </routes>
            </te-group>
          </te-groups>
        </destination>
        <destination from="in0" label="2818">
          <te-groups>
            <te-group>
              <routes>
                <route to="in3">
                  <actions>
                    <action type="pop"/>
                  </actions>
                </route>
              </routes>
            </te-group>
            <te-group>
              <routes>
                <route to="in0">
                  <actions>
                    <action arg="2900" type="swap"/>
                  </actions>
                </route>
              </routes>
            </te-group>
          </te-groups>
        </destination>
        <destination from="in0" label="2838">
          <te-groups>
            <te-group>
              <routes>
                <route to="in0">
                  <actions>
                    <action arg="2837" type="swap"/>
                  </actions>
                </route>
              </routes>
            </te-group>
          </te-groups>
        </destination>
        <destination from="in0" label="2857">
          <te-groups>
            <te-group>
              <routes>
                <route to="in2">
                  <actions>
                    <action arg="2856" type="swap"/>
                  </actions>
                </route>
              </routes>
            </te-group>
            <te-group>
              <routes>
                <route to="in0">
                  <actions>
                    <action arg="2856" type="swap"/>
                    <action arg="2895" type="push"/>
                  </actions>
                </route>
              </routes>
            </te-group>
          </te-groups>
        </destination>
        <destination from="in0" label="2866">
          <te-groups>
            <te-group>
              <routes>
                <route to="in0">
                  <actions>
                    <action arg="2865" type="swap"/>
                  </actions>
                </route>
              </routes>
            </te-group>
          </te-groups>
        </destination>
        <destination from="in0" label="2868">
          <te-groups>
            <te-group>
              <routes>
                <route to="in2">
                  <actions>
                    <action type="pop"/>
                  </actions>
                </route>
              </routes>
            </te-group>
            <te-group>
              <routes>
                <route to="in0">
                  <actions>
                    <action arg="2895" type="swap"/>
                  </actions>
                </route>
              </routes>
            </te-group>
          </te-groups>
        </destination>
        <destination from="in0" label="2879">
          <te-groups>
            <te-group>
              <routes>
                <route to="in0">
                  <actions>
                    <action arg="2878" type="swap"/>
                  </actions>
                </route>
              </routes>
            </te-group>
          </te-groups>
        </destination>
        <destination from="in0" label="2905">
          <te-groups>
            <te-group>
              <routes>
                <route to="in0">
                  <actions>
                    <action arg="2904" type="swap"/>
                  </actions>
                </route>
              </routes>
            </te-group>
          </te-groups>
        </destination>
        <destination from="in0" label="$113">
          <te-groups>
            <te-group>
              <routes>
                <route to="in1">
                  <actions>
                    <action arg="114" type="swap"/>
                  </actions>
                </route>
              </routes>
            </te-group>
            <te-group>
              <routes>
                <route to="in0">
                  <actions>
                    <action arg="114" type="swap"/>
                    <action arg="2889" type="push"/>
                  </actions>
                </route>
              </routes>
            </te-group>
          </te-groups>
        </destination>
        <destination from="in0" label="$118">
          <te-groups>
            <te-group>
              <routes>
                <route to="in1">
                  <actions>
                    <action arg="119" type="swap"/>
                  </actions>
                </route>
              </routes>
            </te-group>
            <te-group>
              <routes>
                <route to="in0">
                  <actions>
                    <action arg="119" type="swap"/>
                    <action arg="2889" type="push"/>
                  </actions>
                </route>
              </routes>
            </te-group>
          </te-groups>
        </destination>
        <destination from="in0" label="$158">
          <te-groups>
            <te-group>
              <routes>
                <route to="in2">
                  <actions>
                    <action arg="159" type="swap"/>
                  </actions>
                </route>
              </routes>
            </te-group>
            <te-group>
              <routes>
                <route to="in0">
                  <actions>
                    <action arg="159" type="swap"/>
                    <action arg="2895" type="push"/>
                  </actions>
                </route>
              </routes>
            </te-group>
          </te-groups>
        </destination>
        <destination from="in0" label="$167">
          <te-groups>
            <te-group>
              <routes>
                <route to="in3">
                  <actions>
                    <action arg="168" type="swap"/>
                  </actions>
                </route>
              </routes>
            </te-group>
            <te-group>
              <routes>
                <route to="in0">
                  <actions>
                    <action arg="168" type="swap"/>
                    <action arg="2900" type="push"/>
                  </actions>
                </route>
              </routes>
            </te-group>
          </te-groups>
        </destination>
        <destination from="in0" label="$232">
          <te-groups>
            <te-group>
              <routes>
                <route to="in1">
                  <actions>
                    <action arg="233" type="swap"/>
                  </actions>
                </route>
              </routes>
            </te-group>
            <te-group>
              <routes>
                <route to="in0">
                  <actions>
                    <action arg="233" type="swap"/>
                    <action arg="2889" type="push"/>
                  </actions>
                </route>
              </routes>
            </te-group>
          </te-groups>
        </destination>
        <destination from="in0" label="$238">
          <te-groups>
            <te-group>
              <routes>
                <route to="in1">
                  <actions>
                    <action arg="239" type="swap"/>
                  </actions>
                </route>
              </routes>
            </te-group>
            <te-group>
              <routes>
                <route to="in0">
                  <actions>
                    <action arg="239" type="swap"/>
                    <action arg="2889" type="push"/>
                  </actions>
                </route>
              </routes>
            </te-group>
          </te-groups>
        </destination>
        <destination from="in0" label="$285">
          <te-groups>
            <te-group>
              <routes>
                <route to="in3">
                  <actions>
                    <action arg="286" type="swap"/>
                  </actions>
                </route>
              </routes>
            </te-group>
            <te-group>
              <routes>
                <route to="in0">
                  <actions>
                    <action arg="286" type="swap"/>
                    <action arg="2900" type="push"/>
                  </actions>
                </route>
              </routes>
            </te-group>
          </te-groups>
        </destination>
        <destination from="in0" label="$356">
          <te-groups>
            <te-group>
              <routes>
                <route to="in1">
                  <actions>
                    <action arg="357" type="swap"/>
                  </actions>
                </route>
              </routes>
            </te-group>
            <te-group>
              <routes>
                <route to="in0">
                  <actions>
                    <action arg="357" type="swap"/>
                    <action arg="2889" type="push"/>
                  </actions>
                </route>
              </routes>
            </te-group>
          </te-groups>
        </destination>
        <destination from="in0" label="$359">
          <te-groups>
            <te-group>
              <routes>
                <route to="in1">
                  <actions>
                    <action arg="360" type="swap"/>
                  </actions>
                </route>
              </routes>
            </te-group>
            <te-group>
              <routes>
                <route to="in0">
                  <actions>
                    <action arg="360" type="swap"/>
                    <action arg="2889" type="push"/>
                  </actions>
                </route>
              </routes>
            </te-group>
          </te-groups>
        </destination>
        <destination from="in0" label="$397">
          <te-groups>
            <te-group>
              <routes>
                <route to="in2">
                  <actions>
                    <action arg="398" type="swap"/>
                  </actions>
                </route>
              </routes>
            </te-group>
            <te-group>
              <routes>
                <route to="in0">
                  <actions>
                    <action arg="398" type="swap"/>
                    <action arg="2895" type="push"/>
                  </actions>
                </route>
              </routes>
            </te-group>
          </te-groups>
        </destination>
        <destination from="in0" label="$402">
          <te-groups>
            <te-group>
              <routes>
                <route to="in3">
                  <actions>
                    <action arg="403" type="swap"/>
                  </actions>
                </route>
              </routes>
            </te-group>
            <te-group>
              <routes>
                <route to="in0">
                  <actions>
                    <action arg="403" type="swap"/>
                    <action arg="2900" type="push"/>
                  </actions>
                </route>
              </routes>
            </te-group>
          </te-groups>
        </destination>
        <destination from="in0" label="$495">
          <te-groups>
            <te-group>
              <routes>
                <route to="in2">
                  <actions>
                    <action arg="496" type="swap"/>
                  </actions>
                </route>
              </routes>
            </te-group>
            <te-group>
              <routes>
                <route to="in0">
                  <actions>
                    <action arg="496" type="swap"/>
                    <action arg="2895" type="push"/>
                  </actions>
                </route>
              </routes>
            </te-group>
          </te-groups>
        </destination>
        <destination from="in0" label="$502">
          <te-groups>
            <te-group>
              <routes>
                <route to="in3">
                  <actions>
                    <action arg="503" type="swap"/>
                  </actions>
                </route>
              </routes>
            </te-group>
            <te-group>
              <routes>
                <route to="in0">
                  <actions>
                    <action arg="503" type="swap"/>
                    <action arg="2900" type="push"/>
                  </actions>
                </route>
              </routes>
            </te-group>
          </te-groups>
        </destination>
        <destination from="in0" label="$567">
          <te-groups>
            <te-group>
              <routes>
                <route to="in1">
                  <actions>
                    <action arg="568" type="swap"/>
                  </actions>
                </route>
              </routes>
            </te-group>
            <te-group>
              <routes>
                <route to="in0">
                  <actions>
                    <action arg="568" type="swap"/>
                    <action arg="2889" type="push"/>
                  </actions>
                </route>
              </routes>
            </te-group>
          </te-groups>
        </destination>
        <destination from="in0" label="$573">
          <te-groups>
            <te-group>
              <routes>
                <route to="in1">
                  <actions>
                    <action arg="574" type="swap"/>
                  </actions>
                </route>
              </routes>
            </te-group>
            <te-group>
              <routes>
                <route to="in0">
                  <actions>
                    <action arg="574" type="swap"/>
                    <action arg="2889" type="push"/>
                  </actions>
                </route>
              </routes>
            </te-group>
          </te-groups>
        </destination>
        <destination from="in0" label="$620">
          <te-groups>
            <te-group>
              <routes>
                <route to="in3">
                  <actions>
                    <action arg="621" type="swap"/>
                  </actions>
                </route>
              </routes>
            </te-group>
            <te-group>
              <routes>
                <route to="in0">
                  <actions>
                    <action arg="621" type="swap"/>
                    <action arg="2900" type="push"/>
                  </actions>
                </route>
              </routes>
            </te-group>
          </te-groups>
        </destination>
        <destination from="in0" label="$671">
          <te-groups>
            <te-group>
              <routes>
                <route to="in1">
                  <actions>
                    <action arg="672" type="swap"/>
                  </actions>
                </route>
              </routes>
            </te-group>
            <te-group>
              <routes>
                <route to="in0">
                  <actions>
                    <action arg="672" type="swap"/>
                    <action arg="2889" type="push"/>
                  </actions>
                </route>
              </routes>
            </te-group>
          </te-groups>
        </destination>
        <destination from="in0" label="$677">
          <te-groups>
            <te-group>
              <routes>
                <route to="in1">
                  <actions>
                    <action arg="678" type="swap"/>
                  </actions>
                </route>
              </routes>
            </te-group>
            <te-group>
              <routes>
                <route to="in0">
                  <actions>
                    <action arg="678" type="swap"/>
                    <action arg="2889" type="push"/>
                  </actions>
                </route>
              </routes>
            </te-group>
          </te-groups>
        </destination>
        <destination from="in0" label="$720">
          <te-groups>
            <te-group>
              <routes>
                <route to="in3">
                  <actions>
                    <action arg="721" type="swap"/>
                  </actions>
                </route>
              </routes>
            </te-group>
            <te-group>
              <routes>
                <route to="in0">
                  <actions>
                    <action arg="721" type="swap"/>
                    <action arg="2900" type="push"/>
                  </actions>
                </route>
              </routes>
            </te-group>
          </te-groups>
        </destination>
        <destination from="in0" label="$771">
          <te-groups>
            <te-group>
              <routes>
                <route to="in1">
                  <actions>
                    <action arg="772" type="swap"/>
                  </actions>
                </route>
              </routes>
            </te-group>
            <te-group>
              <routes>
                <route to="in0">
                  <actions>
                    <action arg="772" type="swap"/>
                    <action arg="2889" type="push"/>
                  </actions>
                </route>
              </routes>
            </te-group>
          </te-groups>
        </destination>
        <destination from="in0" label="$776">
          <te-groups>
            <te-group>
              <routes>
                <route to="in1">
                  <actions>
                    <action arg="777" type="swap"/>
                  </actions>
                </route>
              </routes>
            </te-group>
            <te-group>
              <routes>
                <route to="in0">
                  <actions>
                    <action arg="777" type="swap"/>
                    <action arg="2889" type="push"/>
                  </actions>
                </route>
              </routes>
            </te-group>
          </te-groups>
        </destination>
        <destination from="in0" label="$815">
          <te-groups>
            <te-group>
              <routes>
                <route to="in3">
                  <actions>
                    <action arg="816" type="swap"/>
                  </actions>
                </route>
              </routes>
            </te-group>
            <te-group>
              <routes>
                <route to="in0">
                  <actions>
                    <action arg="816" type="swap"/>
                    <action arg="2900" type="push"/>
                  </actions>
                </route>
              </routes>
            </te-group>
          </te-groups>
        </destination>
        <destination from="in0" label="$880">
          <te-groups>
            <te-group>
              <routes>
                <route to="in1">
                  <actions>
                    <action arg="881" type="swap"/>
                  </actions>
                </route>
              </routes>
            </te-group>
            <te-group>
              <routes>
                <route to="in0">
                  <actions>
                    <action arg="881" type="swap"/>
                    <action arg="2889" type="push"/>
                  </actions>
                </route>
              </routes>
            </te-group>
          </te-groups>
        </destination>
        <destination from="in0" label="$886">
          <te-groups>
            <te-group>
              <routes>
                <route to="in1">
                  <actions>
                    <action arg="887" type="swap"/>
                  </actions>
                </route>
              </routes>
            </te-group>
            <te-group>
              <routes>
                <route to="in0">
                  <actions>
                    <action arg="887" type="swap"/>
                    <action arg="2889" type="push"/>
                  </actions>
                </route>
              </routes>
            </te-group>
          </te-groups>
        </destination>
        <destination from="in0" label="$917">
          <te-groups>
            <te-group>
              <routes>
                <route to="in3">
                  <actions>
                    <action arg="918" type="swap"/>
                  </actions>
                </route>
              </routes>
            </te-group>
            <te-group>
              <routes>
                <route to="in0">
                  <actions>
                    <action arg="918" type="swap"/>
                    <action arg="2900" type="push"/>
                  </actions>
                </route>
              </routes>
            </te-group>
          </te-groups>
        </destination>
        <destination from="in0" label="$981">
          <te-groups>
            <te-group>
              <routes>
                <route to="in1">
                  <actions>
                    <action arg="982" type="swap"/>
                  </actions>
                </route>
              </routes>
            </te-group>
            <te-group>
              <routes>
                <route to="in0">
                  <actions>
                    <action arg="982" type="swap"/>
                    <action arg="2889" type="push"/>
                  </actions>
                </route>
              </routes>
            </te-group>
          </te-groups>
        </destination>
        <destination from="in0" label="$986">
          <te-groups>
            <te-group>
              <routes>
                <route to="in1">
                  <actions>
                    <action arg="987" type="swap"/>
                  </actions>
                </route>
              </routes>
            </te-group>
            <te-group>
              <routes>
                <route to="in0">
                  <actions>
                    <action arg="987" type="swap"/>
                    <action arg="2889" type="push"/>
                  </actions>
                </route>
              </routes>
            </te-group>
          </te-groups>
        </destination>
        <destination from="in0" label="$1025">
          <te-groups>
            <te-group>
              <routes>
                <route to="in0">
                  <actions>
                    <action arg="1026" type="swap"/>
                  </actions>
                </route>
              </routes>
            </te-group>
            <te-group>
              <routes>
                <route to="in1">
                  <actions>
                    <action arg="1026" type="swap"/>
                    <action arg="2887" type="push"/>
                  </actions>
                </route>
              </routes>
            </te-group>
            <te-group>
              <routes>
                <route to="in0">
                  <actions>
                    <action arg="1026" type="swap"/>
                    <action arg="2887" type="push"/>
                    <action arg="2889" type="push"/>
                  </actions>
                </route>
              </routes>
            </te-group>
          </te-groups>
        </destination>
        <destination from="in0" label="$1036">
          <te-groups>
            <te-group>
              <routes>
                <route to="in0">
                  <actions>
                    <action arg="1037" type="swap"/>
                  </actions>
                </route>
              </routes>
            </te-group>
            <te-group>
              <routes>
                <route to="in1">
                  <actions>
                    <action arg="1037" type="swap"/>
                    <action arg="2887" type="push"/>
                  </actions>
                </route>
              </routes>
            </te-group>
            <te-group>
              <routes>
                <route to="in0">
                  <actions>
                    <action arg="1037" type="swap"/>
                    <action arg="2887" type="push"/>
                    <action arg="2889" type="push"/>
                  </actions>
                </route>
              </routes>
            </te-group>
          </te-groups>
        </destination>
        <destination from="in0" label="$1040">
          <te-groups>
            <te-group>
              <routes>
                <route to="in0">
                  <actions>
                    <action arg="1041" type="swap"/>
                  </actions>
                </route>
              </routes>
            </te-group>
            <te-group>
              <routes>
                <route to="in1">
                  <actions>
                    <action arg="1041" type="swap"/>
                    <action arg="2887" type="push"/>
                  </actions>
                </route>
              </routes>
            </te-group>
            <te-group>
              <routes>
                <route to="in0">
                  <actions>
                    <action arg="1041" type="swap"/>
                    <action arg="2887" type="push"/>
                    <action arg="2889" type="push"/>
                  </actions>
                </route>
              </routes>
            </te-group>
          </te-groups>
        </destination>
        <destination from="in0" label="$1074">
          <te-groups>
            <te-group>
              <routes>
                <route to="in1">
                  <actions>
                    <action arg="1075" type="swap"/>
                  </actions>
                </route>
              </routes>
            </te-group>
            <te-group>
              <routes>
                <route to="in0">
                  <actions>
                    <action arg="1075" type="swap"/>
                    <action arg="2889" type="push"/>
                  </actions>
                </route>
              </routes>
            </te-group>
          </te-groups>
        </destination>
        <destination from="in0" label="$1078">
          <te-groups>
            <te-group>
              <routes>
                <route to="in1">
                  <actions>
                    <action arg="1079" type="swap"/>
                  </actions>
                </route>
              </routes>
            </te-group>
            <te-group>
              <routes>
                <route to="in0">
                  <actions>
                    <action arg="1079" type="swap"/>
                    <action arg="2889" type="push"/>
                  </actions>
                </route>
              </routes>
            </te-group>
          </te-groups>
        </destination>
        <destination from="in0" label="$1162">
          <te-groups>
            <te-group>
              <routes>
                <route to="in1">
                  <actions>
                    <action arg="1163" type="swap"/>
                  </actions>
                </route>
              </routes>
            </te-group>
            <te-group>
              <routes>
                <route to="in0">
                  <actions>
                    <action arg="1163" type="swap"/>
                    <action arg="2889" type="push"/>
                  </actions>
                </route>
              </routes>
            </te-group>
          </te-groups>
        </destination>
        <destination from="in0" label="$1167">
          <te-groups>
            <te-group>
              <routes>
                <route to="in1">
                  <actions>
                    <action arg="1168" type="swap"/>
                  </actions>
                </route>
              </routes>
            </te-group>
            <te-group>
              <routes>
                <route to="in0">
                  <actions>
                    <action arg="1168" type="swap"/>
                    <action arg="2889" type="push"/>
                  </actions>
                </route>
              </routes>
            </te-group>
          </te-groups>
        </destination>
        <destination from="in0" label="$1269">
          <te-groups>
            <te-group>
              <routes>
                <route to="in1">
                  <actions>
                    <action arg="1270" type="swap"/>
                  </actions>
                </route>
              </routes>
            </te-group>
            <te-group>
              <routes>
                <route to="in0">
                  <actions>
                    <action arg="1270" type="swap"/>
                    <action arg="2889" type="push"/>
                  </actions>
                </route>
              </routes>
            </te-group>
          </te-groups>
        </destination>
        <destination from="in0" label="$1275">
          <te-groups>
            <te-group>
              <routes>
                <route to="in1">
                  <actions>
                    <action arg="1276" type="swap"/>
                  </actions>
                </route>
              </routes>
            </te-group>
            <te-group>
              <routes>
                <route to="in0">
                  <actions>
                    <action arg="1276" type="swap"/>
                    <action arg="2889" type="push"/>
                  </actions>
                </route>
              </routes>
            </te-group>
          </te-groups>
        </destination>
        <destination from="in0" label="$1374">
          <te-groups>
            <te-group>
              <routes>
                <route to="in1">
                  <actions>
                    <action arg="1375" type="swap"/>
                  </actions>
                </route>
              </routes>
            </te-group>
            <te-group>
              <routes>
                <route to="in0">
                  <actions>
                    <action arg="1375" type="swap"/>
                    <action arg="2889" type="push"/>
                  </actions>
                </route>
              </routes>
            </te-group>
          </te-groups>
        </destination>
        <destination from="in0" label="$1379">
          <te-groups>
            <te-group>
              <routes>
                <route to="in1">
                  <actions>
                    <action arg="1380" type="swap"/>
                  </actions>
                </route>
              </routes>
            </te-group>
            <te-group>
              <routes>
                <route to="in0">
                  <actions>
                    <action arg="1380" type="swap"/>
                    <action arg="2889" type="push"/>
                  </actions>
                </route>
              </routes>
            </te-group>
          </te-groups>
        </destination>
        <destination from="in0" label="$1483">
          <te-groups>
            <te-group>
              <routes>
                <route to="in1">
                  <actions>
                    <action arg="1484" type="swap"/>
                  </actions>
                </route>
              </routes>
            </te-group>
            <te-group>
              <routes>
                <route to="in0">
                  <actions>
                    <action arg="1484" type="swap"/>
                    <action arg="2889" type="push"/>
                  </actions>
                </route>
              </routes>
            </te-group>
          </te-groups>
        </destination>
        <destination from="in0" label="$1489">
          <te-groups>
            <te-group>
              <routes>
                <route to="in1">
                  <actions>
                    <action arg="1490" type="swap"/>
                  </actions>
                </route>
              </routes>
            </te-group>
            <te-group>
              <routes>
                <route to="in0">
                  <actions>
                    <action arg="1490" type="swap"/>
                    <action arg="2889" type="push"/>
                  </actions>
                </route>
              </routes>
            </te-group>
          </te-groups>
        </destination>
        <destination from="in0" label="$1597">
          <te-groups>
            <te-group>
              <routes>
                <route to="in1">
                  <actions>
                    <action arg="1598" type="swap"/>
                  </actions>
                </route>
              </routes>
            </te-group>
            <te-group>
              <routes>
                <route to="in0">
                  <actions>
                    <action arg="1598" type="swap"/>
                    <action arg="2889" type="push"/>
                  </actions>
                </route>
              </routes>
            </te-group>
          </te-groups>
        </destination>
        <destination from="in0" label="$1603">
          <te-groups>
            <te-group>
              <routes>
                <route to="in1">
                  <actions>
                    <action arg="1604" type="swap"/>
                  </actions>
                </route>
              </routes>
            </te-group>
            <te-group>
              <routes>
                <route to="in0">
                  <actions>
                    <action arg="1604" type="swap"/>
                    <action arg="2889" type="push"/>
                  </actions>
                </route>
              </routes>
            </te-group>
          </te-groups>
        </destination>
        <destination from="in0" label="$1644">
          <te-groups>
            <te-group>
              <routes>
                <route to="in0">
                  <actions>
                    <action arg="1645" type="swap"/>
                  </actions>
                </route>
              </routes>
            </te-group>
          </te-groups>
        </destination>
        <destination from="in0" label="$1744">
          <te-groups>
            <te-group>
              <routes>
                <route to="in2">
                  <actions>
                    <action arg="1745" type="swap"/>
                  </actions>
                </route>
              </routes>
            </te-group>
            <te-group>
              <routes>
                <route to="in0">
                  <actions>
                    <action arg="1745" type="swap"/>
                    <action arg="2895" type="push"/>
                  </actions>
                </route>
              </routes>
            </te-group>
          </te-groups>
        </destination>
        <destination from="in0" label="$1749">
          <te-groups>
            <te-group>
              <routes>
                <route to="in3">
                  <actions>
                    <action arg="1750" type="swap"/>
                  </actions>
                </route>
              </routes>
            </te-group>
            <te-group>
              <routes>
                <route to="in0">
                  <actions>
                    <action arg="1750" type="swap"/>
                    <action arg="2900" type="push"/>
                  </actions>
                </route>
              </routes>
            </te-group>
          </te-groups>
        </destination>
        <destination from="in0" label="$1753">
          <te-groups>
            <te-group>
              <routes>
                <route to="in0">
                  <actions>
                    <action arg="1754" type="swap"/>
                  </actions>
                </route>
              </routes>
            </te-group>
          </te-groups>
        </destination>
        <destination from="in0" label="$1759">
          <te-groups>
            <te-group>
              <routes>
                <route to="in0">
                  <actions>
                    <action arg="1760" type="swap"/>
                  </actions>
                </route>
              </routes>
            </te-group>
          </te-groups>
        </destination>
        <destination from="in0" label="$1766">
          <te-groups>
            <te-group>
              <routes>
                <route to="in0">
                  <actions>
                    <action arg="1767" type="swap"/>
                  </actions>
                </route>
              </routes>
            </te-group>
          </te-groups>
        </destination>
        <destination from="in0" label="$1770">
          <te-groups>
            <te-group>
              <routes>
                <route to="in0">
                  <actions>
                    <action arg="1771" type="swap"/>
                  </actions>
                </route>
              </routes>
            </te-group>
          </te-groups>
        </destination>
        <destination from="in0" label="$1775">
          <te-groups>
            <te-group>
              <routes>
                <route to="in0">
                  <actions>
                    <action arg="1776" type="swap"/>
                  </actions>
                </route>
              </routes>
            </te-group>
          </te-groups>
        </destination>
        <destination from="in0" label="$1782">
          <te-groups>
            <te-group>
              <routes>
                <route to="in0">
                  <actions>
                    <action arg="1783" type="swap"/>
                  </actions>
                </route>
              </routes>
            </te-group>
          </te-groups>
        </destination>
        <destination from="in0" label="$1789">
          <te-groups>
            <te-group>
              <routes>
                <route to="in0">
                  <actions>
                    <action arg="1790" type="swap"/>
                  </actions>
                </route>
              </routes>
            </te-group>
          </te-groups>
        </destination>
        <destination from="in0" label="$1795">
          <te-groups>
            <te-group>
              <routes>
                <route to="in0">
                  <actions>
                    <action arg="1796" type="swap"/>
                  </actions>
                </route>
              </routes>
            </te-group>
          </te-groups>
        </destination>
        <destination from="in0" label="$1802">
          <te-groups>
            <te-group>
              <routes>
                <route to="in3">
                  <actions>
                    <action arg="1803" type="swap"/>
                  </actions>
                </route>
              </routes>
            </te-group>
            <te-group>
              <routes>
                <route to="in0">
                  <actions>
                    <action arg="1803" type="swap"/>
                    <action arg="2900" type="push"/>
                  </actions>
                </route>
              </routes>
            </te-group>
          </te-groups>
        </destination>
        <destination from="in0" label="$1808">
          <te-groups>
            <te-group>
              <routes>
                <route to="in3">
                  <actions>
                    <action arg="1809" type="swap"/>
                  </actions>
                </route>
              </routes>
            </te-group>
            <te-group>
              <routes>
                <route to="in0">
                  <actions>
                    <action arg="1809" type="swap"/>
                    <action arg="2900" type="push"/>
                  </actions>
                </route>
              </routes>
            </te-group>
          </te-groups>
        </destination>
        <destination from="in0" label="$1813">
          <te-groups>
            <te-group>
              <routes>
                <route to="in3">
                  <actions>
                    <action arg="1814" type="swap"/>
                  </actions>
                </route>
              </routes>
            </te-group>
            <te-group>
              <routes>
                <route to="in0">
                  <actions>
                    <action arg="1814" type="swap"/>
                    <action arg="2900" type="push"/>
                  </actions>
                </route>
              </routes>
            </te-group>
          </te-groups>
        </destination>
        <destination from="in0" label="$1819">
          <te-groups>
            <te-group>
              <routes>
                <route to="in3">
                  <actions>
                    <action arg="1820" type="swap"/>
                  </actions>
                </route>
              </routes>
            </te-group>
            <te-group>
              <routes>
                <route to="in0">
                  <actions>
                    <action arg="1820" type="swap"/>
                    <action arg="2900" type="push"/>
                  </actions>
                </route>
              </routes>
            </te-group>
          </te-groups>
        </destination>
        <destination from="in0" label="$1826">
          <te-groups>
            <te-group>
              <routes>
                <route to="in3">
                  <actions>
                    <action arg="1827" type="swap"/>
                  </actions>
                </route>
              </routes>
            </te-group>
            <te-group>
              <routes>
                <route to="in0">
                  <actions>
                    <action arg="1827" type="swap"/>
                    <action arg="2900" type="push"/>
                  </actions>
                </route>
              </routes>
            </te-group>
          </te-groups>
        </destination>
        <destination from="in0" label="$1832">
          <te-groups>
            <te-group>
              <routes>
                <route to="in3">
                  <actions>
                    <action arg="1833" type="swap"/>
                  </actions>
                </route>
              </routes>
            </te-group>
            <te-group>
              <routes>
                <route to="in0">
                  <actions>
                    <action arg="1833" type="swap"/>
                    <action arg="2900" type="push"/>
                  </actions>
                </route>
              </routes>
            </te-group>
          </te-groups>
        </destination>
        <destination from="in0" label="$1839">
          <te-groups>
            <te-group>
              <routes>
                <route to="in3">
                  <actions>
                    <action arg="1840" type="swap"/>
                  </actions>
                </route>
              </routes>
            </te-group>
            <te-group>
              <routes>
                <route to="in0">
                  <actions>
                    <action arg="1840" type="swap"/>
                    <action arg="2900" type="push"/>
                  </actions>
                </route>
              </routes>
            </te-group>
          </te-groups>
        </destination>
        <destination from="in0" label="$1848">
          <te-groups>
            <te-group>
              <routes>
                <route to="in3">
                  <actions>
                    <action arg="1849" type="swap"/>
                  </actions>
                </route>
              </routes>
            </te-group>
            <te-group>
              <routes>
                <route to="in0">
                  <actions>
                    <action arg="1849" type="swap"/>
                    <action arg="2900" type="push"/>
                  </actions>
                </route>
              </routes>
            </te-group>
          </te-groups>
        </destination>
        <destination from="in0" label="$1856">
          <te-groups>
            <te-group>
              <routes>
                <route to="in3">
                  <actions>
                    <action arg="1857" type="swap"/>
                  </actions>
                </route>
              </routes>
            </te-group>
            <te-group>
              <routes>
                <route to="in0">
                  <actions>
                    <action arg="1857" type="swap"/>
                    <action arg="2900" type="push"/>
                  </actions>
                </route>
              </routes>
            </te-group>
          </te-groups>
        </destination>
        <destination from="in0" label="$1865">
          <te-groups>
            <te-group>
              <routes>
                <route to="in0">
                  <actions>
                    <action arg="1866" type="swap"/>
                  </actions>
                </route>
              </routes>
            </te-group>
          </te-groups>
        </destination>
        <destination from="in0" label="$1873">
          <te-groups>
            <te-group>
              <routes>
                <route to="in0">
                  <actions>
                    <action arg="1874" type="swap"/>
                  </actions>
                </route>
              </routes>
            </te-group>
          </te-groups>
        </destination>
        <destination from="in0" label="$1882">
          <te-groups>
            <te-group>
              <routes>
                <route to="in0">
                  <actions>
                    <action arg="1883" type="swap"/>
                  </actions>
                </route>
              </routes>
            </te-group>
          </te-groups>
        </destination>
        <destination from="in0" label="$1891">
          <te-groups>
            <te-group>
              <routes>
                <route to="in2">
                  <actions>
                    <action arg="1892" type="swap"/>
                  </actions>
                </route>
              </routes>
            </te-group>
            <te-group>
              <routes>
                <route to="in0">
                  <actions>
                    <action arg="1892" type="swap"/>
                    <action arg="2895" type="push"/>
                  </actions>
                </route>
              </routes>
            </te-group>
          </te-groups>
        </destination>
        <destination from="in0" label="$1898">
          <te-groups>
            <te-group>
              <routes>
                <route to="in3">
                  <actions>
                    <action arg="1899" type="swap"/>
                  </actions>
                </route>
              </routes>
            </te-group>
            <te-group>
              <routes>
                <route to="in0">
                  <actions>
                    <action arg="1899" type="swap"/>
                    <action arg="2900" type="push"/>
                  </actions>
                </route>
              </routes>
            </te-group>
          </te-groups>
        </destination>
        <destination from="in0" label="$1971">
          <te-groups>
            <te-group>
              <routes>
                <route to="in1">
                  <actions>
                    <action arg="1972" type="swap"/>
                  </actions>
                </route>
              </routes>
            </te-group>
            <te-group>
              <routes>
                <route to="in0">
                  <actions>
                    <action arg="1972" type="swap"/>
                    <action arg="2889" type="push"/>
                  </actions>
                </route>
              </routes>
            </te-group>
          </te-groups>
        </destination>
        <destination from="in0" label="$1979">
          <te-groups>
            <te-group>
              <routes>
                <route to="in1">
                  <actions>
                    <action arg="1980" type="swap"/>
                  </actions>
                </route>
              </routes>
            </te-group>
            <te-group>
              <routes>
                <route to="in0">
                  <actions>
                    <action arg="1980" type="swap"/>
                    <action arg="2889" type="push"/>
                  </actions>
                </route>
              </routes>
            </te-group>
          </te-groups>
        </destination>
        <destination from="in0" label="$2009">
          <te-groups>
            <te-group>
              <routes>
                <route to="in3">
                  <actions>
                    <action arg="2010" type="swap"/>
                  </actions>
                </route>
              </routes>
            </te-group>
            <te-group>
              <routes>
                <route to="in0">
                  <actions>
                    <action arg="2010" type="swap"/>
                    <action arg="2900" type="push"/>
                  </actions>
                </route>
              </routes>
            </te-group>
          </te-groups>
        </destination>
        <destination from="in0" label="$2109">
          <te-groups>
            <te-group>
              <routes>
                <route to="in1">
                  <actions>
                    <action arg="2110" type="swap"/>
                  </actions>
                </route>
              </routes>
            </te-group>
            <te-group>
              <routes>
                <route to="in0">
                  <actions>
                    <action arg="2110" type="swap"/>
                    <action arg="2889" type="push"/>
                  </actions>
                </route>
              </routes>
            </te-group>
          </te-groups>
        </destination>
        <destination from="in0" label="$2117">
          <te-groups>
            <te-group>
              <routes>
                <route to="in1">
                  <actions>
                    <action arg="2118" type="swap"/>
                  </actions>
                </route>
              </routes>
            </te-group>
            <te-group>
              <routes>
                <route to="in0">
                  <actions>
                    <action arg="2118" type="swap"/>
                    <action arg="2889" type="push"/>
                  </actions>
                </route>
              </routes>
            </te-group>
          </te-groups>
        </destination>
        <destination from="in0" label="$2209">
          <te-groups>
            <te-group>
              <routes>
                <route to="in1">
                  <actions>
                    <action arg="2210" type="swap"/>
                  </actions>
                </route>
              </routes>
            </te-group>
            <te-group>
              <routes>
                <route to="in0">
                  <actions>
                    <action arg="2210" type="swap"/>
                    <action arg="2889" type="push"/>
                  </actions>
                </route>
              </routes>
            </te-group>
          </te-groups>
        </destination>
        <destination from="in0" label="$2216">
          <te-groups>
            <te-group>
              <routes>
                <route to="in1">
                  <actions>
                    <action arg="2217" type="swap"/>
                  </actions>
                </route>
              </routes>
            </te-group>
            <te-group>
              <routes>
                <route to="in0">
                  <actions>
                    <action arg="2217" type="swap"/>
                    <action arg="2889" type="push"/>
                  </actions>
                </route>
              </routes>
            </te-group>
          </te-groups>
        </destination>
        <destination from="in0" label="$2242">
          <te-groups>
            <te-group>
              <routes>
                <route to="in3">
                  <actions>
                    <action arg="2243" type="swap"/>
                  </actions>
                </route>
              </routes>
            </te-group>
            <te-group>
              <routes>
                <route to="in0">
                  <actions>
                    <action arg="2243" type="swap"/>
                    <action arg="2900" type="push"/>
                  </actions>
                </route>
              </routes>
            </te-group>
          </te-groups>
        </destination>
        <destination from="in0" label="$2319">
          <te-groups>
            <te-group>
              <routes>
                <route to="in1">
                  <actions>
                    <action arg="2320" type="swap"/>
                  </actions>
                </route>
              </routes>
            </te-group>
            <te-group>
              <routes>
                <route to="in0">
                  <actions>
                    <action arg="2320" type="swap"/>
                    <action arg="2889" type="push"/>
                  </actions>
                </route>
              </routes>
            </te-group>
          </te-groups>
        </destination>
        <destination from="in0" label="$2327">
          <te-groups>
            <te-group>
              <routes>
                <route to="in1">
                  <actions>
                    <action arg="2328" type="swap"/>
                  </actions>
                </route>
              </routes>
            </te-group>
            <te-group>
              <routes>
                <route to="in0">
                  <actions>
                    <action arg="2328" type="swap"/>
                    <action arg="2889" type="push"/>
                  </actions>
                </route>
              </routes>
            </te-group>
          </te-groups>
        </destination>
        <destination from="in0" label="$2359">
          <te-groups>
            <te-group>
              <routes>
                <route to="in3">
                  <actions>
                    <action arg="2360" type="swap"/>
                  </actions>
                </route>
              </routes>
            </te-group>
            <te-group>
              <routes>
                <route to="in0">
                  <actions>
                    <action arg="2360" type="swap"/>
                    <action arg="2900" type="push"/>
                  </actions>
                </route>
              </routes>
            </te-group>
          </te-groups>
        </destination>
        <destination from="in0" label="$2436">
          <te-groups>
            <te-group>
              <routes>
                <route to="in1">
                  <actions>
                    <action arg="2437" type="swap"/>
                  </actions>
                </route>
              </routes>
            </te-group>
            <te-group>
              <routes>
                <route to="in0">
                  <actions>
                    <action arg="2437" type="swap"/>
                    <action arg="2889" type="push"/>
                  </actions>
                </route>
              </routes>
            </te-group>
          </te-groups>
        </destination>
        <destination from="in0" label="$2444">
          <te-groups>
            <te-group>
              <routes>
                <route to="in1">
                  <actions>
                    <action arg="2445" type="swap"/>
                  </actions>
                </route>
              </routes>
            </te-group>
            <te-group>
              <routes>
                <route to="in0">
                  <actions>
                    <action arg="2445" type="swap"/>
                    <action arg="2889" type="push"/>
                  </actions>
                </route>
              </routes>
            </te-group>
          </te-groups>
        </destination>
        <destination from="in0" label="$2474">
          <te-groups>
            <te-group>
              <routes>
                <route to="in3">
                  <actions>
                    <action arg="2475" type="swap"/>
                  </actions>
                </route>
              </routes>
            </te-group>
            <te-group>
              <routes>
                <route to="in0">
                  <actions>
                    <action arg="2475" type="swap"/>
                    <action arg="2900" type="push"/>
                  </actions>
                </route>
              </routes>
            </te-group>
          </te-groups>
        </destination>
        <destination from="in0" label="$2477">
          <te-groups>
            <te-group>
              <routes>
                <route to="in0">
                  <actions>
                    <action arg="2478" type="swap"/>
                  </actions>
                </route>
              </routes>
            </te-group>
          </te-groups>
        </destination>
        <destination from="in0" label="$2488">
          <te-groups>
            <te-group>
              <routes>
                <route to="in0">
                  <actions>
                    <action arg="2489" type="swap"/>
                  </actions>
                </route>
              </routes>
            </te-group>
          </te-groups>
        </destination>
        <destination from="in0" label="$2491">
          <te-groups>
            <te-group>
              <routes>
                <route to="in0">
                  <actions>
                    <action arg="2492" type="swap"/>
                  </actions>
                </route>
              </routes>
            </te-group>
          </te-groups>
        </destination>
        <destination from="in0" label="$2553">
          <te-groups>
            <te-group>
              <routes>
                <route to="in1">
                  <actions>
                    <action arg="2554" type="swap"/>
                  </actions>
                </route>
              </routes>
            </te-group>
            <te-group>
              <routes>
                <route to="in0">
                  <actions>
                    <action arg="2554" type="swap"/>
                    <action arg="2889" type="push"/>
                  </actions>
                </route>
              </routes>
            </te-group>
          </te-groups>
        </destination>
        <destination from="in0" label="$2556">
          <te-groups>
            <te-group>
              <routes>
                <route to="in1">
                  <actions>
                    <action arg="2557" type="swap"/>
                  </actions>
                </route>
              </routes>
            </te-group>
            <te-group>
              <routes>
                <route to="in0">
                  <actions>
                    <action arg="2557" type="swap"/>
                    <action arg="2889" type="push"/>
                  </actions>
                </route>
              </routes>
            </te-group>
          </te-groups>
        </destination>
        <destination from="in0" label="$2580">
          <te-groups>
            <te-group>
              <routes>
                <route to="in3">
                  <actions>
                    <action arg="2581" type="swap"/>
                  </actions>
                </route>
              </routes>
            </te-group>
            <te-group>
              <routes>
                <route to="in0">
                  <actions>
                    <action arg="2581" type="swap"/>
                    <action arg="2900" type="push"/>
                  </actions>
                </route>
              </routes>
            </te-group>
          </te-groups>
        </destination>
        <destination from="in0" label="$2684">
          <te-groups>
            <te-group>
              <routes>
                <route to="in0">
                  <actions>
                    <action arg="2685" type="swap"/>
                  </actions>
                </route>
              </routes>
            </te-group>
            <te-group>
              <routes>
                <route to="in1">
                  <actions>
                    <action arg="2685" type="swap"/>
                    <action arg="2887" type="push"/>
                  </actions>
                </route>
              </routes>
            </te-group>
            <te-group>
              <routes>
                <route to="in0">
                  <actions>
                    <action arg="2685" type="swap"/>
                    <action arg="2887" type="push"/>
                    <action arg="2889" type="push"/>
                  </actions>
                </route>
              </routes>
            </te-group>
          </te-groups>
        </destination>
        <destination from="in0" label="$2694">
          <te-groups>
            <te-group>
              <routes>
                <route to="in0">
                  <actions>
                    <action arg="2695" type="swap"/>
                  </actions>
                </route>
              </routes>
            </te-group>
            <te-group>
              <routes>
                <route to="in1">
                  <actions>
                    <action arg="2695" type="swap"/>
                    <action arg="2887" type="push"/>
                  </actions>
                </route>
              </routes>
            </te-group>
            <te-group>
              <routes>
                <route to="in0">
                  <actions>
                    <action arg="2695" type="swap"/>
                    <action arg="2887" type="push"/>
                    <action arg="2889" type="push"/>
                  </actions>
                </route>
              </routes>
            </te-group>
          </te-groups>
        </destination>
        <destination from="in0" label="$2697">
          <te-groups>
            <te-group>
              <routes>
                <route to="in0">
                  <actions>
                    <action arg="2698" type="swap"/>
                  </actions>
                </route>
              </routes>
            </te-group>
            <te-group>
              <routes>
                <route to="in1">
                  <actions>
                    <action arg="2698" type="swap"/>
                    <action arg="2887" type="push"/>
                  </actions>
                </route>
              </routes>
            </te-group>
            <te-group>
              <routes>
                <route to="in0">
                  <actions>
                    <action arg="2698" type="swap"/>
                    <action arg="2887" type="push"/>
                    <action arg="2889" type="push"/>
                  </actions>
                </route>
              </routes>
            </te-group>
          </te-groups>
        </destination>
        <destination from="in0" label="$2741">
          <te-groups>
            <te-group>
              <routes>
                <route to="in1">
                  <actions>
                    <action arg="2742" type="swap"/>
                  </actions>
                </route>
              </routes>
            </te-group>
            <te-group>
              <routes>
                <route to="in0">
                  <actions>
                    <action arg="2742" type="swap"/>
                    <action arg="2889" type="push"/>
                  </actions>
                </route>
              </routes>
            </te-group>
          </te-groups>
        </destination>
        <destination from="in0" label="$2744">
          <te-groups>
            <te-group>
              <routes>
                <route to="in1">
                  <actions>
                    <action arg="2745" type="swap"/>
                  </actions>
                </route>
              </routes>
            </te-group>
            <te-group>
              <routes>
                <route to="in0">
                  <actions>
                    <action arg="2745" type="swap"/>
                    <action arg="2889" type="push"/>
                  </actions>
                </route>
              </routes>
            </te-group>
          </te-groups>
        </destination>
        <destination from="in0" label="$2770">
          <te-groups>
            <te-group>
              <routes>
                <route to="in2">
                  <actions>
                    <action arg="2771" type="swap"/>
                  </actions>
                </route>
              </routes>
            </te-group>
            <te-group>
              <routes>
                <route to="in0">
                  <actions>
                    <action arg="2771" type="swap"/>
                    <action arg="2895" type="push"/>
                  </actions>
                </route>
              </routes>
            </te-group>
          </te-groups>
        </destination>
        <destination from="in1" label="163">
          <te-groups>
            <te-group>
              <routes>
                <route to="eg0">
                  <actions>
                    <action type="pop"/>
                  </actions>
                </route>
              </routes>
            </te-group>
          </te-groups>
        </destination>
        <destination from="in1" label="280">
          <te-groups>
            <te-group>
              <routes>
                <route to="eg0">
                  <actions>
                    <action type="pop"/>
                  </actions>
                </route>
              </routes>
            </te-group>
          </te-groups>
        </destination>
        <destination from="in1" label="400">
          <te-groups>
            <te-group>
              <routes>
                <route to="eg0">
                  <actions>
                    <action type="pop"/>
                  </actions>
                </route>
              </routes>
            </te-group>
          </te-groups>
        </destination>
        <destination from="in1" label="499">
          <te-groups>
            <te-group>
              <routes>
                <route to="eg0">
                  <actions>
                    <action type="pop"/>
                  </actions>
                </route>
              </routes>
            </te-group>
          </te-groups>
        </destination>
        <destination from="in1" label="615">
          <te-groups>
            <te-group>
              <routes>
                <route to="eg0">
                  <actions>
                    <action type="pop"/>
                  </actions>
                </route>
              </routes>
            </te-group>
          </te-groups>
        </destination>
        <destination from="in1" label="715">
          <te-groups>
            <te-group>
              <routes>
                <route to="eg0">
                  <actions>
                    <action type="pop"/>
                  </actions>
                </route>
              </routes>
            </te-group>
          </te-groups>
        </destination>
        <destination from="in1" label="811">
          <te-groups>
            <te-group>
              <routes>
                <route to="eg0">
                  <actions>
                    <action type="pop"/>
                  </actions>
                </route>
              </routes>
            </te-group>
          </te-groups>
        </destination>
        <destination from="in1" label="912">
          <te-groups>
            <te-group>
              <routes>
                <route to="eg0">
                  <actions>
                    <action type="pop"/>
                  </actions>
                </route>
              </routes>
            </te-group>
          </te-groups>
        </destination>
        <destination from="in1" label="1747">
          <te-groups>
            <te-group>
              <routes>
                <route to="eg0">
                  <actions>
                    <action type="pop"/>
                  </actions>
                </route>
              </routes>
            </te-group>
          </te-groups>
        </destination>
        <destination from="in1" label="1895">
          <te-groups>
            <te-group>
              <routes>
                <route to="eg0">
                  <actions>
                    <action type="pop"/>
                  </actions>
                </route>
              </routes>
            </te-group>
          </te-groups>
        </destination>
        <destination from="in1" label="2002">
          <te-groups>
            <te-group>
              <routes>
                <route to="eg0">
                  <actions>
                    <action type="pop"/>
                  </actions>
                </route>
              </routes>
            </te-group>
          </te-groups>
        </destination>
        <destination from="in1" label="2236">
          <te-groups>
            <te-group>
              <routes>
                <route to="eg0">
                  <actions>
                    <action type="pop"/>
                  </actions>
                </route>
              </routes>
            </te-group>
          </te-groups>
        </destination>
        <destination from="in1" label="2352">
          <te-groups>
            <te-group>
              <routes>
                <route to="eg0">
                  <actions>
                    <action type="pop"/>
                  </actions>
                </route>
              </routes>
            </te-group>
          </te-groups>
        </destination>
        <destination from="in1" label="2467">
          <te-groups>
            <te-group>
              <routes>
                <route to="eg0">
                  <actions>
                    <action type="pop"/>
                  </actions>
                </route>
              </routes>
            </te-group>
          </te-groups>
        </destination>
        <destination from="in1" label="2775">
          <te-groups>
            <te-group>
              <routes>
                <route to="in1">
                  <actions>
                    <action arg="2774" type="swap"/>
                  </actions>
                </route>
              </routes>
            </te-group>
          </te-groups>
        </destination>
        <destination from="in1" label="2778">
          <te-groups>
            <te-group>
              <routes>
                <route to="in0">
                  <actions>
                    <action type="pop"/>
                  </actions>
                </route>
              </routes>
            </te-group>
            <te-group>
              <routes>
                <route to="in1">
                  <actions>
                    <action arg="2887" type="swap"/>
                  </actions>
                </route>
              </routes>
            </te-group>
          </te-groups>
        </destination>
        <destination from="in1" label="2783">
          <te-groups>
            <te-group>
              <routes>
                <route to="in3">
                  <actions>
                    <action arg="2782" type="swap"/>
                  </actions>
                </route>
              </routes>
            </te-group>
            <te-group>
              <routes>
                <route to="in0">
                  <actions>
                    <action arg="2782" type="swap"/>
                    <action arg="2900" type="push"/>
                  </actions>
                </route>
              </routes>
            </te-group>
          </te-groups>
        </destination>
        <destination from="in1" label="2838">
          <te-groups>
            <te-group>
              <routes>
                <route to="in0">
                  <actions>
                    <action arg="2837" type="swap"/>
                  </actions>
                </route>
              </routes>
            </te-group>
            <te-group>
              <routes>
                <route to="in1">
                  <actions>
                    <action arg="2837" type="swap"/>
                    <action arg="2887" type="push"/>
                  </actions>
                </route>
              </routes>
            </te-group>
          </te-groups>
        </destination>
        <destination from="in1" label="$113">
          <te-groups>
            <te-group>
              <routes>
                <route to="in1">
                  <actions>
                    <action arg="114" type="swap"/>
                  </actions>
                </route>
              </routes>
            </te-group>
          </te-groups>
        </destination>
        <destination from="in1" label="$118">
          <te-groups>
            <te-group>
              <routes>
                <route to="in1">
                  <actions>
                    <action arg="119" type="swap"/>
                  </actions>
                </route>
              </routes>
            </te-group>
          </te-groups>
        </destination>
        <destination from="in1" label="$158">
          <te-groups>
            <te-group>
              <routes>
                <route to="in2">
                  <actions>
                    <action arg="159" type="swap"/>
                  </actions>
                </route>
              </routes>
            </te-group>
            <te-group>
              <routes>
                <route to="in0">
                  <actions>
                    <action arg="159" type="swap"/>
                    <action arg="2895" type="push"/>
                  </actions>
                </route>
              </routes>
            </te-group>
          </te-groups>
        </destination>
        <destination from="in1" label="$167">
          <te-groups>
            <te-group>
              <routes>
                <route to="in3">
                  <actions>
                    <action arg="168" type="swap"/>
                  </actions>
                </route>
              </routes>
            </te-group>
            <te-group>
              <routes>
                <route to="in0">
                  <actions>
                    <action arg="168" type="swap"/>
                    <action arg="2900" type="push"/>
                  </actions>
                </route>
              </routes>
            </te-group>
          </te-groups>
        </destination>
        <destination from="in1" label="$232">
          <te-groups>
            <te-group>
              <routes>
                <route to="in1">
                  <actions>
                    <action arg="233" type="swap"/>
                  </actions>
                </route>
              </routes>
            </te-group>
          </te-groups>
        </destination>
        <destination from="in1" label="$238">
          <te-groups>
            <te-group>
              <routes>
                <route to="in1">
                  <actions>
                    <action arg="239" type="swap"/>
                  </actions>
                </route>
              </routes>
            </te-group>
          </te-groups>
        </destination>
        <destination from="in1" label="$285">
          <te-groups>
            <te-group>
              <routes>
                <route to="in3">
                  <actions>
                    <action arg="286" type="swap"/>
                  </actions>
                </route>
              </routes>
            </te-group>
            <te-group>
              <routes>
                <route to="in0">
                  <actions>
                    <action arg="286" type="swap"/>
                    <action arg="2900" type="push"/>
                  </actions>
                </route>
              </routes>
            </te-group>
          </te-groups>
        </destination>
        <destination from="in1" label="$356">
          <te-groups>
            <te-group>
              <routes>
                <route to="in1">
                  <actions>
                    <action arg="357" type="swap"/>
                  </actions>
                </route>
              </routes>
            </te-group>
          </te-groups>
        </destination>
        <destination from="in1" label="$359">
          <te-groups>
            <te-group>
              <routes>
                <route to="in1">
                  <actions>
                    <action arg="360" type="swap"/>
                  </actions>
                </route>
              </routes>
            </te-group>
          </te-groups>
        </destination>
        <destination from="in1" label="$397">
          <te-groups>
            <te-group>
              <routes>
                <route to="in2">
                  <actions>
                    <action arg="398" type="swap"/>
                  </actions>
                </route>
              </routes>
            </te-group>
            <te-group>
              <routes>
                <route to="in0">
                  <actions>
                    <action arg="398" type="swap"/>
                    <action arg="2895" type="push"/>
                  </actions>
                </route>
              </routes>
            </te-group>
          </te-groups>
        </destination>
        <destination from="in1" label="$402">
          <te-groups>
            <te-group>
              <routes>
                <route to="in3">
                  <actions>
                    <action arg="403" type="swap"/>
                  </actions>
                </route>
              </routes>
            </te-group>
            <te-group>
              <routes>
                <route to="in0">
                  <actions>
                    <action arg="403" type="swap"/>
                    <action arg="2900" type="push"/>
                  </actions>
                </route>
              </routes>
            </te-group>
          </te-groups>
        </destination>
        <destination from="in1" label="$495">
          <te-groups>
            <te-group>
              <routes>
                <route to="in2">
                  <actions>
                    <action arg="496" type="swap"/>
                  </actions>
                </route>
              </routes>
            </te-group>
            <te-group>
              <routes>
                <route to="in0">
                  <actions>
                    <action arg="496" type="swap"/>
                    <action arg="2895" type="push"/>
                  </actions>
                </route>
              </routes>
            </te-group>
          </te-groups>
        </destination>
        <destination from="in1" label="$502">
          <te-groups>
            <te-group>
              <routes>
                <route to="in3">
                  <actions>
                    <action arg="503" type="swap"/>
                  </actions>
                </route>
              </routes>
            </te-group>
            <te-group>
              <routes>
                <route to="in0">
                  <actions>
                    <action arg="503" type="swap"/>
                    <action arg="2900" type="push"/>
                  </actions>
                </route>
              </routes>
            </te-group>
          </te-groups>
        </destination>
        <destination from="in1" label="$567">
          <te-groups>
            <te-group>
              <routes>
                <route to="in1">
                  <actions>
                    <action arg="568" type="swap"/>
                  </actions>
                </route>
              </routes>
            </te-group>
          </te-groups>
        </destination>
        <destination from="in1" label="$573">
          <te-groups>
            <te-group>
              <routes>
                <route to="in1">
                  <actions>
                    <action arg="574" type="swap"/>
                  </actions>
                </route>
              </routes>
            </te-group>
          </te-groups>
        </destination>
        <destination from="in1" label="$620">
          <te-groups>
            <te-group>
              <routes>
                <route to="in3">
                  <actions>
                    <action arg="621" type="swap"/>
                  </actions>
                </route>
              </routes>
            </te-group>
            <te-group>
              <routes>
                <route to="in0">
                  <actions>
                    <action arg="621" type="swap"/>
                    <action arg="2900" type="push"/>
                  </actions>
                </route>
              </routes>
            </te-group>
          </te-groups>
        </destination>
        <destination from="in1" label="$671">
          <te-groups>
            <te-group>
              <routes>
                <route to="in1">
                  <actions>
                    <action arg="672" type="swap"/>
                  </actions>
                </route>
              </routes>
            </te-group>
          </te-groups>
        </destination>
        <destination from="in1" label="$677">
          <te-groups>
            <te-group>
              <routes>
                <route to="in1">
                  <actions>
                    <action arg="678" type="swap"/>
                  </actions>
                </route>
              </routes>
            </te-group>
          </te-groups>
        </destination>
        <destination from="in1" label="$720">
          <te-groups>
            <te-group>
              <routes>
                <route to="in3">
                  <actions>
                    <action arg="721" type="swap"/>
                  </actions>
                </route>
              </routes>
            </te-group>
            <te-group>
              <routes>
                <route to="in0">
                  <actions>
                    <action arg="721" type="swap"/>
                    <action arg="2900" type="push"/>
                  </actions>
                </route>
              </routes>
            </te-group>
          </te-groups>
        </destination>
        <destination from="in1" label="$771">
          <te-groups>
            <te-group>
              <routes>
                <route to="in1">
                  <actions>
                    <action arg="772" type="swap"/>
                  </actions>
                </route>
              </routes>
            </te-group>
          </te-groups>
        </destination>
        <destination from="in1" label="$776">
          <te-groups>
            <te-group>
              <routes>
                <route to="in1">
                  <actions>
                    <action arg="777" type="swap"/>
                  </actions>
                </route>
              </routes>
            </te-group>
          </te-groups>
        </destination>
        <destination from="in1" label="$815">
          <te-groups>
            <te-group>
              <routes>
                <route to="in3">
                  <actions>
                    <action arg="816" type="swap"/>
                  </actions>
                </route>
              </routes>
            </te-group>
            <te-group>
              <routes>
                <route to="in0">
                  <actions>
                    <action arg="816" type="swap"/>
                    <action arg="2900" type="push"/>
                  </actions>
                </route>
              </routes>
            </te-group>
          </te-groups>
        </destination>
        <destination from="in1" label="$880">
          <te-groups>
            <te-group>
              <routes>
                <route to="in1">
                  <actions>
                    <action arg="881" type="swap"/>
                  </actions>
                </route>
              </routes>
            </te-group>
          </te-groups>
        </destination>
        <destination from="in1" label="$886">
          <te-groups>
            <te-group>
              <routes>
                <route to="in1">
                  <actions>
                    <action arg="887" type="swap"/>
                  </actions>
                </route>
              </routes>
            </te-group>
          </te-groups>
        </destination>
        <destination from="in1" label="$917">
          <te-groups>
            <te-group>
              <routes>
                <route to="in3">
                  <actions>
                    <action arg="918" type="swap"/>
                  </actions>
                </route>
              </routes>
            </te-group>
            <te-group>
              <routes>
                <route to="in0">
                  <actions>
                    <action arg="918" type="swap"/>
                    <action arg="2900" type="push"/>
                  </actions>
                </route>
              </routes>
            </te-group>
          </te-groups>
        </destination>
        <destination from="in1" label="$1644">
          <te-groups>
            <te-group>
              <routes>
                <route to="in0">
                  <actions>
                    <action arg="1645" type="swap"/>
                  </actions>
                </route>
              </routes>
            </te-group>
            <te-group>
              <routes>
                <route to="in1">
                  <actions>
                    <action arg="1645" type="swap"/>
                    <action arg="2887" type="push"/>
                  </actions>
                </route>
              </routes>
            </te-group>
          </te-groups>
        </destination>
        <destination from="in1" label="$1744">
          <te-groups>
            <te-group>
              <routes>
                <route to="in2">
                  <actions>
                    <action arg="1745" type="swap"/>
                  </actions>
                </route>
              </routes>
            </te-group>
            <te-group>
              <routes>
                <route to="in0">
                  <actions>
                    <action arg="1745" type="swap"/>
                    <action arg="2895" type="push"/>
                  </actions>
                </route>
              </routes>
            </te-group>
          </te-groups>
        </destination>
        <destination from="in1" label="$1749">
          <te-groups>
            <te-group>
              <routes>
                <route to="in3">
                  <actions>
                    <action arg="1750" type="swap"/>
                  </actions>
                </route>
              </routes>
            </te-group>
            <te-group>
              <routes>
                <route to="in0">
                  <actions>
                    <action arg="1750" type="swap"/>
                    <action arg="2900" type="push"/>
                  </actions>
                </route>
              </routes>
            </te-group>
          </te-groups>
        </destination>
        <destination from="in1" label="$1753">
          <te-groups>
            <te-group>
              <routes>
                <route to="in0">
                  <actions>
                    <action arg="1754" type="swap"/>
                  </actions>
                </route>
              </routes>
            </te-group>
            <te-group>
              <routes>
                <route to="in1">
                  <actions>
                    <action arg="1754" type="swap"/>
                    <action arg="2887" type="push"/>
                  </actions>
                </route>
              </routes>
            </te-group>
          </te-groups>
        </destination>
        <destination from="in1" label="$1759">
          <te-groups>
            <te-group>
              <routes>
                <route to="in0">
                  <actions>
                    <action arg="1760" type="swap"/>
                  </actions>
                </route>
              </routes>
            </te-group>
            <te-group>
              <routes>
                <route to="in1">
                  <actions>
                    <action arg="1760" type="swap"/>
                    <action arg="2887" type="push"/>
                  </actions>
                </route>
              </routes>
            </te-group>
          </te-groups>
        </destination>
        <destination from="in1" label="$1766">
          <te-groups>
            <te-group>
              <routes>
                <route to="in0">
                  <actions>
                    <action arg="1767" type="swap"/>
                  </actions>
                </route>
              </routes>
            </te-group>
            <te-group>
              <routes>
                <route to="in1">
                  <actions>
                    <action arg="1767" type="swap"/>
                    <action arg="2887" type="push"/>
                  </actions>
                </route>
              </routes>
            </te-group>
          </te-groups>
        </destination>
        <destination from="in1" label="$1770">
          <te-groups>
            <te-group>
              <routes>
                <route to="in0">
                  <actions>
                    <action arg="1771" type="swap"/>
                  </actions>
                </route>
              </routes>
            </te-group>
            <te-group>
              <routes>
                <route to="in1">
                  <actions>
                    <action arg="1771" type="swap"/>
                    <action arg="2887" type="push"/>
                  </actions>
                </route>
              </routes>
            </te-group>
          </te-groups>
        </destination>
        <destination from="in1" label="$1775">
          <te-groups>
            <te-group>
              <routes>
                <route to="in0">
                  <actions>
                    <action arg="1776" type="swap"/>
                  </actions>
                </route>
              </routes>
            </te-group>
            <te-group>
              <routes>
                <route to="in1">
                  <actions>
                    <action arg="1776" type="swap"/>
                    <action arg="2887" type="push"/>
                  </actions>
                </route>
              </routes>
            </te-group>
          </te-groups>
        </destination>
        <destination from="in1" label="$1782">
          <te-groups>
            <te-group>
              <routes>
                <route to="in0">
                  <actions>
                    <action arg="1783" type="swap"/>
                  </actions>
                </route>
              </routes>
            </te-group>
            <te-group>
              <routes>
                <route to="in1">
                  <actions>
                    <action arg="1783" type="swap"/>
                    <action arg="2887" type="push"/>
                  </actions>
                </route>
              </routes>
            </te-group>
          </te-groups>
        </destination>
        <destination from="in1" label="$1789">
          <te-groups>
            <te-group>
              <routes>
                <route to="in0">
                  <actions>
                    <action arg="1790" type="swap"/>
                  </actions>
                </route>
              </routes>
            </te-group>
            <te-group>
              <routes>
                <route to="in1">
                  <actions>
                    <action arg="1790" type="swap"/>
                    <action arg="2887" type="push"/>
                  </actions>
                </route>
              </routes>
            </te-group>
          </te-groups>
        </destination>
        <destination from="in1" label="$1795">
          <te-groups>
            <te-group>
              <routes>
                <route to="in0">
                  <actions>
                    <action arg="1796" type="swap"/>
                  </actions>
                </route>
              </routes>
            </te-group>
            <te-group>
              <routes>
                <route to="in1">
                  <actions>
                    <action arg="1796" type="swap"/>
                    <action arg="2887" type="push"/>
                  </actions>
                </route>
              </routes>
            </te-group>
          </te-groups>
        </destination>
        <destination from="in1" label="$1802">
          <te-groups>
            <te-group>
              <routes>
                <route to="in3">
                  <actions>
                    <action arg="1803" type="swap"/>
                  </actions>
                </route>
              </routes>
            </te-group>
            <te-group>
              <routes>
                <route to="in0">
                  <actions>
                    <action arg="1803" type="swap"/>
                    <action arg="2900" type="push"/>
                  </actions>
                </route>
              </routes>
            </te-group>
          </te-groups>
        </destination>
        <destination from="in1" label="$1808">
          <te-groups>
            <te-group>
              <routes>
                <route to="in3">
                  <actions>
                    <action arg="1809" type="swap"/>
                  </actions>
                </route>
              </routes>
            </te-group>
            <te-group>
              <routes>
                <route to="in0">
                  <actions>
                    <action arg="1809" type="swap"/>
                    <action arg="2900" type="push"/>
                  </actions>
                </route>
              </routes>
            </te-group>
          </te-groups>
        </destination>
        <destination from="in1" label="$1813">
          <te-groups>
            <te-group>
              <routes>
                <route to="in3">
                  <actions>
                    <action arg="1814" type="swap"/>
                  </actions>
                </route>
              </routes>
            </te-group>
            <te-group>
              <routes>
                <route to="in0">
                  <actions>
                    <action arg="1814" type="swap"/>
                    <action arg="2900" type="push"/>
                  </actions>
                </route>
              </routes>
            </te-group>
          </te-groups>
        </destination>
        <destination from="in1" label="$1819">
          <te-groups>
            <te-group>
              <routes>
                <route to="in3">
                  <actions>
                    <action arg="1820" type="swap"/>
                  </actions>
                </route>
              </routes>
            </te-group>
            <te-group>
              <routes>
                <route to="in0">
                  <actions>
                    <action arg="1820" type="swap"/>
                    <action arg="2900" type="push"/>
                  </actions>
                </route>
              </routes>
            </te-group>
          </te-groups>
        </destination>
        <destination from="in1" label="$1826">
          <te-groups>
            <te-group>
              <routes>
                <route to="in3">
                  <actions>
                    <action arg="1827" type="swap"/>
                  </actions>
                </route>
              </routes>
            </te-group>
            <te-group>
              <routes>
                <route to="in0">
                  <actions>
                    <action arg="1827" type="swap"/>
                    <action arg="2900" type="push"/>
                  </actions>
                </route>
              </routes>
            </te-group>
          </te-groups>
        </destination>
        <destination from="in1" label="$1832">
          <te-groups>
            <te-group>
              <routes>
                <route to="in3">
                  <actions>
                    <action arg="1833" type="swap"/>
                  </actions>
                </route>
              </routes>
            </te-group>
            <te-group>
              <routes>
                <route to="in0">
                  <actions>
                    <action arg="1833" type="swap"/>
                    <action arg="2900" type="push"/>
                  </actions>
                </route>
              </routes>
            </te-group>
          </te-groups>
        </destination>
        <destination from="in1" label="$1839">
          <te-groups>
            <te-group>
              <routes>
                <route to="in3">
                  <actions>
                    <action arg="1840" type="swap"/>
                  </actions>
                </route>
              </routes>
            </te-group>
            <te-group>
              <routes>
                <route to="in0">
                  <actions>
                    <action arg="1840" type="swap"/>
                    <action arg="2900" type="push"/>
                  </actions>
                </route>
              </routes>
            </te-group>
          </te-groups>
        </destination>
        <destination from="in1" label="$1848">
          <te-groups>
            <te-group>
              <routes>
                <route to="in3">
                  <actions>
                    <action arg="1849" type="swap"/>
                  </actions>
                </route>
              </routes>
            </te-group>
            <te-group>
              <routes>
                <route to="in0">
                  <actions>
                    <action arg="1849" type="swap"/>
                    <action arg="2900" type="push"/>
                  </actions>
                </route>
              </routes>
            </te-group>
          </te-groups>
        </destination>
        <destination from="in1" label="$1856">
          <te-groups>
            <te-group>
              <routes>
                <route to="in3">
                  <actions>
                    <action arg="1857" type="swap"/>
                  </actions>
                </route>
              </routes>
            </te-group>
            <te-group>
              <routes>
                <route to="in0">
                  <actions>
                    <action arg="1857" type="swap"/>
                    <action arg="2900" type="push"/>
                  </actions>
                </route>
              </routes>
            </te-group>
          </te-groups>
        </destination>
        <destination from="in1" label="$1865">
          <te-groups>
            <te-group>
              <routes>
                <route to="in0">
                  <actions>
                    <action arg="1866" type="swap"/>
                  </actions>
                </route>
              </routes>
            </te-group>
            <te-group>
              <routes>
                <route to="in1">
                  <actions>
                    <action arg="1866" type="swap"/>
                    <action arg="2887" type="push"/>
                  </actions>
                </route>
              </routes>
            </te-group>
          </te-groups>
        </destination>
        <destination from="in1" label="$1873">
          <te-groups>
            <te-group>
              <routes>
                <route to="in0">
                  <actions>
                    <action arg="1874" type="swap"/>
                  </actions>
                </route>
              </routes>
            </te-group>
            <te-group>
              <routes>
                <route to="in1">
                  <actions>
                    <action arg="1874" type="swap"/>
                    <action arg="2887" type="push"/>
                  </actions>
                </route>
              </routes>
            </te-group>
          </te-groups>
        </destination>
        <destination from="in1" label="$1882">
          <te-groups>
            <te-group>
              <routes>
                <route to="in0">
                  <actions>
                    <action arg="1883" type="swap"/>
                  </actions>
                </route>
              </routes>
            </te-group>
            <te-group>
              <routes>
                <route to="in1">
                  <actions>
                    <action arg="1883" type="swap"/>
                    <action arg="2887" type="push"/>
                  </actions>
                </route>
              </routes>
            </te-group>
          </te-groups>
        </destination>
        <destination from="in1" label="$1891">
          <te-groups>
            <te-group>
              <routes>
                <route to="in2">
                  <actions>
                    <action arg="1892" type="swap"/>
                  </actions>
                </route>
              </routes>
            </te-group>
            <te-group>
              <routes>
                <route to="in0">
                  <actions>
                    <action arg="1892" type="swap"/>
                    <action arg="2895" type="push"/>
                  </actions>
                </route>
              </routes>
            </te-group>
          </te-groups>
        </destination>
        <destination from="in1" label="$1898">
          <te-groups>
            <te-group>
              <routes>
                <route to="in3">
                  <actions>
                    <action arg="1899" type="swap"/>
                  </actions>
                </route>
              </routes>
            </te-group>
            <te-group>
              <routes>
                <route to="in0">
                  <actions>
                    <action arg="1899" type="swap"/>
                    <action arg="2900" type="push"/>
                  </actions>
                </route>
              </routes>
            </te-group>
          </te-groups>
        </destination>
        <destination from="in1" label="$1971">
          <te-groups>
            <te-group>
              <routes>
                <route to="in1">
                  <actions>
                    <action arg="1972" type="swap"/>
                  </actions>
                </route>
              </routes>
            </te-group>
          </te-groups>
        </destination>
        <destination from="in1" label="$1979">
          <te-groups>
            <te-group>
              <routes>
                <route to="in1">
                  <actions>
                    <action arg="1980" type="swap"/>
                  </actions>
                </route>
              </routes>
            </te-group>
          </te-groups>
        </destination>
        <destination from="in1" label="$2009">
          <te-groups>
            <te-group>
              <routes>
                <route to="in3">
                  <actions>
                    <action arg="2010" type="swap"/>
                  </actions>
                </route>
              </routes>
            </te-group>
            <te-group>
              <routes>
                <route to="in0">
                  <actions>
                    <action arg="2010" type="swap"/>
                    <action arg="2900" type="push"/>
                  </actions>
                </route>
              </routes>
            </te-group>
          </te-groups>
        </destination>
        <destination from="in1" label="$2209">
          <te-groups>
            <te-group>
              <routes>
                <route to="in1">
                  <actions>
                    <action arg="2210" type="swap"/>
                  </actions>
                </route>
              </routes>
            </te-group>
          </te-groups>
        </destination>
        <destination from="in1" label="$2216">
          <te-groups>
            <te-group>
              <routes>
                <route to="in1">
                  <actions>
                    <action arg="2217" type="swap"/>
                  </actions>
                </route>
              </routes>
            </te-group>
          </te-groups>
        </destination>
        <destination from="in1" label="$2242">
          <te-groups>
            <te-group>
              <routes>
                <route to="in3">
                  <actions>
                    <action arg="2243" type="swap"/>
                  </actions>
                </route>
              </routes>
            </te-group>
            <te-group>
              <routes>
                <route to="in0">
                  <actions>
                    <action arg="2243" type="swap"/>
                    <action arg="2900" type="push"/>
                  </actions>
                </route>
              </routes>
            </te-group>
          </te-groups>
        </destination>
        <destination from="in1" label="$2319">
          <te-groups>
            <te-group>
              <routes>
                <route to="in1">
                  <actions>
                    <action arg="2320" type="swap"/>
                  </actions>
                </route>
              </routes>
            </te-group>
          </te-groups>
        </destination>
        <destination from="in1" label="$2327">
          <te-groups>
            <te-group>
              <routes>
                <route to="in1">
                  <actions>
                    <action arg="2328" type="swap"/>
                  </actions>
                </route>
              </routes>
            </te-group>
          </te-groups>
        </destination>
        <destination from="in1" label="$2359">
          <te-groups>
            <te-group>
              <routes>
                <route to="in3">
                  <actions>
                    <action arg="2360" type="swap"/>
                  </actions>
                </route>
              </routes>
            </te-group>
            <te-group>
              <routes>
                <route to="in0">
                  <actions>
                    <action arg="2360" type="swap"/>
                    <action arg="2900" type="push"/>
                  </actions>
                </route>
              </routes>
            </te-group>
          </te-groups>
        </destination>
        <destination from="in1" label="$2436">
          <te-groups>
            <te-group>
              <routes>
                <route to="in1">
                  <actions>
                    <action arg="2437" type="swap"/>
                  </actions>
                </route>
              </routes>
            </te-group>
          </te-groups>
        </destination>
        <destination from="in1" label="$2444">
          <te-groups>
            <te-group>
              <routes>
                <route to="in1">
                  <actions>
                    <action arg="2445" type="swap"/>
                  </actions>
                </route>
              </routes>
            </te-group>
          </te-groups>
        </destination>
        <destination from="in1" label="$2474">
          <te-groups>
            <te-group>
              <routes>
                <route to="in3">
                  <actions>
                    <action arg="2475" type="swap"/>
                  </actions>
                </route>
              </routes>
            </te-group>
            <te-group>
              <routes>
                <route to="in0">
                  <actions>
                    <action arg="2475" type="swap"/>
                    <action arg="2900" type="push"/>
                  </actions>
                </route>
              </routes>
            </te-group>
          </te-groups>
        </destination>
        <destination from="in2" label="2578">
          <te-groups>
            <te-group>
              <routes>
                <route to="eg0">
                  <actions>
                    <action type="pop"/>
                  </actions>
                </route>
              </routes>
            </te-group>
          </te-groups>
        </destination>
        <destination from="in2" label="2866">
          <te-groups>
            <te-group>
              <routes>
                <route to="in0">
                  <actions>
                    <action arg="2865" type="swap"/>
                  </actions>
                </route>
              </routes>
            </te-group>
            <te-group>
              <routes>
                <route to="in1">
                  <actions>
                    <action arg="2865" type="swap"/>
                    <action arg="2887" type="push"/>
                  </actions>
                </route>
              </routes>
            </te-group>
            <te-group>
              <routes>
                <route to="in0">
                  <actions>
                    <action arg="2865" type="swap"/>
                    <action arg="2887" type="push"/>
                    <action arg="2889" type="push"/>
                  </actions>
                </route>
              </routes>
            </te-group>
          </te-groups>
        </destination>
        <destination from="in2" label="2879">
          <te-groups>
            <te-group>
              <routes>
                <route to="in0">
                  <actions>
                    <action arg="2878" type="swap"/>
                  </actions>
                </route>
              </routes>
            </te-group>
            <te-group>
              <routes>
                <route to="in1">
                  <actions>
                    <action arg="2878" type="swap"/>
                    <action arg="2887" type="push"/>
                  </actions>
                </route>
              </routes>
            </te-group>
            <te-group>
              <routes>
                <route to="in0">
                  <actions>
                    <action arg="2878" type="swap"/>
                    <action arg="2887" type="push"/>
                    <action arg="2889" type="push"/>
                  </actions>
                </route>
              </routes>
            </te-group>
          </te-groups>
        </destination>
        <destination from="in2" label="$2477">
          <te-groups>
            <te-group>
              <routes>
                <route to="in0">
                  <actions>
                    <action arg="2478" type="swap"/>
                  </actions>
                </route>
              </routes>
            </te-group>
            <te-group>
              <routes>
                <route to="in1">
                  <actions>
                    <action arg="2478" type="swap"/>
                    <action arg="2887" type="push"/>
                  </actions>
                </route>
              </routes>
            </te-group>
            <te-group>
              <routes>
                <route to="in0">
                  <actions>
                    <action arg="2478" type="swap"/>
                    <action arg="2887" type="push"/>
                    <action arg="2889" type="push"/>
                  </actions>
                </route>
              </routes>
            </te-group>
          </te-groups>
        </destination>
        <destination from="in2" label="$2488">
          <te-groups>
            <te-group>
              <routes>
                <route to="in0">
                  <actions>
                    <action arg="2489" type="swap"/>
                  </actions>
                </route>
              </routes>
            </te-group>
            <te-group>
              <routes>
                <route to="in1">
                  <actions>
                    <action arg="2489" type="swap"/>
                    <action arg="2887" type="push"/>
                  </actions>
                </route>
              </routes>
            </te-group>
            <te-group>
              <routes>
                <route to="in0">
                  <actions>
                    <action arg="2489" type="swap"/>
                    <action arg="2887" type="push"/>
                    <action arg="2889" type="push"/>
                  </actions>
                </route>
              </routes>
            </te-group>
          </te-groups>
        </destination>
        <destination from="in2" label="$2491">
          <te-groups>
            <te-group>
              <routes>
                <route to="in0">
                  <actions>
                    <action arg="2492" type="swap"/>
                  </actions>
                </route>
              </routes>
            </te-group>
            <te-group>
              <routes>
                <route to="in1">
                  <actions>
                    <action arg="2492" type="swap"/>
                    <action arg="2887" type="push"/>
                  </actions>
                </route>
              </routes>
            </te-group>
            <te-group>
              <routes>
                <route to="in0">
                  <actions>
                    <action arg="2492" type="swap"/>
                    <action arg="2887" type="push"/>
                    <action arg="2889" type="push"/>
                  </actions>
                </route>
              </routes>
            </te-group>
          </te-groups>
        </destination>
        <destination from="in2" label="$2553">
          <te-groups>
            <te-group>
              <routes>
                <route to="in1">
                  <actions>
                    <action arg="2554" type="swap"/>
                  </actions>
                </route>
              </routes>
            </te-group>
            <te-group>
              <routes>
                <route to="in0">
                  <actions>
                    <action arg="2554" type="swap"/>
                    <action arg="2889" type="push"/>
                  </actions>
                </route>
              </routes>
            </te-group>
          </te-groups>
        </destination>
        <destination from="in2" label="$2556">
          <te-groups>
            <te-group>
              <routes>
                <route to="in1">
                  <actions>
                    <action arg="2557" type="swap"/>
                  </actions>
                </route>
              </routes>
            </te-group>
            <te-group>
              <routes>
                <route to="in0">
                  <actions>
                    <action arg="2557" type="swap"/>
                    <action arg="2889" type="push"/>
                  </actions>
                </route>
              </routes>
            </te-group>
          </te-groups>
        </destination>
        <destination from="in2" label="$2580">
          <te-groups>
            <te-group>
              <routes>
                <route to="in3">
                  <actions>
                    <action arg="2581" type="swap"/>
                  </actions>
                </route>
              </routes>
            </te-group>
            <te-group>
              <routes>
                <route to="in0">
                  <actions>
                    <action arg="2581" type="swap"/>
                    <action arg="2900" type="push"/>
                  </actions>
                </route>
              </routes>
            </te-group>
          </te-groups>
        </destination>
        <destination from="in3" label="1019">
          <te-groups>
            <te-group>
              <routes>
                <route to="eg0">
                  <actions>
                    <action type="pop"/>
                  </actions>
                </route>
              </routes>
            </te-group>
          </te-groups>
        </destination>
        <destination from="in3" label="1104">
          <te-groups>
            <te-group>
              <routes>
                <route to="eg0">
                  <actions>
                    <action type="pop"/>
                  </actions>
                </route>
              </routes>
            </te-group>
          </te-groups>
        </destination>
        <destination from="in3" label="1196">
          <te-groups>
            <te-group>
              <routes>
                <route to="eg0">
                  <actions>
                    <action type="pop"/>
                  </actions>
                </route>
              </routes>
            </te-group>
          </te-groups>
        </destination>
        <destination from="in3" label="1311">
          <te-groups>
            <te-group>
              <routes>
                <route to="eg0">
                  <actions>
                    <action type="pop"/>
                  </actions>
                </route>
              </routes>
            </te-group>
          </te-groups>
        </destination>
        <destination from="in3" label="1410">
          <te-groups>
            <te-group>
              <routes>
                <route to="eg0">
                  <actions>
                    <action type="pop"/>
                  </actions>
                </route>
              </routes>
            </te-group>
          </te-groups>
        </destination>
        <destination from="in3" label="1525">
          <te-groups>
            <te-group>
              <routes>
                <route to="eg0">
                  <actions>
                    <action type="pop"/>
                  </actions>
                </route>
              </routes>
            </te-group>
          </te-groups>
        </destination>
        <destination from="in3" label="1631">
          <te-groups>
            <te-group>
              <routes>
                <route to="eg0">
                  <actions>
                    <action type="pop"/>
                  </actions>
                </route>
              </routes>
            </te-group>
          </te-groups>
        </destination>
        <destination from="in3" label="2144">
          <te-groups>
            <te-group>
              <routes>
                <route to="eg0">
                  <actions>
                    <action type="pop"/>
                  </actions>
                </route>
              </routes>
            </te-group>
          </te-groups>
        </destination>
        <destination from="in3" label="2773">
          <te-groups>
            <te-group>
              <routes>
                <route to="eg0">
                  <actions>
                    <action type="pop"/>
                  </actions>
                </route>
              </routes>
            </te-group>
          </te-groups>
        </destination>
        <destination from="in3" label="2794">
          <te-groups>
            <te-group>
              <routes>
                <route to="in0">
                  <actions>
                    <action arg="2793" type="swap"/>
                  </actions>
                </route>
              </routes>
            </te-group>
            <te-group>
              <routes>
                <route to="in1">
                  <actions>
                    <action arg="2793" type="swap"/>
                    <action arg="2887" type="push"/>
                  </actions>
                </route>
              </routes>
            </te-group>
            <te-group>
              <routes>
                <route to="in0">
                  <actions>
                    <action arg="2793" type="swap"/>
                    <action arg="2887" type="push"/>
                    <action arg="2889" type="push"/>
                  </actions>
                </route>
              </routes>
            </te-group>
          </te-groups>
        </destination>
        <destination from="in3" label="2905">
          <te-groups>
            <te-group>
              <routes>
                <route to="in0">
                  <actions>
                    <action arg="2904" type="swap"/>
                  </actions>
                </route>
              </routes>
            </te-group>
          </te-groups>
        </destination>
        <destination from="in3" label="$981">
          <te-groups>
            <te-group>
              <routes>
                <route to="in1">
                  <actions>
                    <action arg="982" type="swap"/>
                  </actions>
                </route>
              </routes>
            </te-group>
            <te-group>
              <routes>
                <route to="in0">
                  <actions>
                    <action arg="982" type="swap"/>
                    <action arg="2889" type="push"/>
                  </actions>
                </route>
              </routes>
            </te-group>
          </te-groups>
        </destination>
        <destination from="in3" label="$986">
          <te-groups>
            <te-group>
              <routes>
                <route to="in1">
                  <actions>
                    <action arg="987" type="swap"/>
                  </actions>
                </route>
              </routes>
            </te-group>
            <te-group>
              <routes>
                <route to="in0">
                  <actions>
                    <action arg="987" type="swap"/>
                    <action arg="2889" type="push"/>
                  </actions>
                </route>
              </routes>
            </te-group>
          </te-groups>
        </destination>
        <destination from="in3" label="$1025">
          <te-groups>
            <te-group>
              <routes>
                <route to="in0">
                  <actions>
                    <action arg="1026" type="swap"/>
                  </actions>
                </route>
              </routes>
            </te-group>
            <te-group>
              <routes>
                <route to="in1">
                  <actions>
                    <action arg="1026" type="swap"/>
                    <action arg="2887" type="push"/>
                  </actions>
                </route>
              </routes>
            </te-group>
            <te-group>
              <routes>
                <route to="in0">
                  <actions>
                    <action arg="1026" type="swap"/>
                    <action arg="2887" type="push"/>
                    <action arg="2889" type="push"/>
                  </actions>
                </route>
              </routes>
            </te-group>
          </te-groups>
        </destination>
        <destination from="in3" label="$1036">
          <te-groups>
            <te-group>
              <routes>
                <route to="in0">
                  <actions>
                    <action arg="1037" type="swap"/>
                  </actions>
                </route>
              </routes>
            </te-group>
            <te-group>
              <routes>
                <route to="in1">
                  <actions>
                    <action arg="1037" type="swap"/>
                    <action arg="2887" type="push"/>
                  </actions>
                </route>
              </routes>
            </te-group>
            <te-group>
              <routes>
                <route to="in0">
                  <actions>
                    <action arg="1037" type="swap"/>
                    <action arg="2887" type="push"/>
                    <action arg="2889" type="push"/>
                  </actions>
                </route>
              </routes>
            </te-group>
          </te-groups>
        </destination>
        <destination from="in3" label="$1040">
          <te-groups>
            <te-group>
              <routes>
                <route to="in0">
                  <actions>
                    <action arg="1041" type="swap"/>
                  </actions>
                </route>
              </routes>
            </te-group>
            <te-group>
              <routes>
                <route to="in1">
                  <actions>
                    <action arg="1041" type="swap"/>
                    <action arg="2887" type="push"/>
                  </actions>
                </route>
              </routes>
            </te-group>
            <te-group>
              <routes>
                <route to="in0">
                  <actions>
                    <action arg="1041" type="swap"/>
                    <action arg="2887" type="push"/>
                    <action arg="2889" type="push"/>
                  </actions>
                </route>
              </routes>
            </te-group>
          </te-groups>
        </destination>
        <destination from="in3" label="$1074">
          <te-groups>
            <te-group>
              <routes>
                <route to="in1">
                  <actions>
                    <action arg="1075" type="swap"/>
                  </actions>
                </route>
              </routes>
            </te-group>
            <te-group>
              <routes>
                <route to="in0">
                  <actions>
                    <action arg="1075" type="swap"/>
                    <action arg="2889" type="push"/>
                  </actions>
                </route>
              </routes>
            </te-group>
          </te-groups>
        </destination>
        <destination from="in3" label="$1078">
          <te-groups>
            <te-group>
              <routes>
                <route to="in1">
                  <actions>
                    <action arg="1079" type="swap"/>
                  </actions>
                </route>
              </routes>
            </te-group>
            <te-group>
              <routes>
                <route to="in0">
                  <actions>
                    <action arg="1079" type="swap"/>
                    <action arg="2889" type="push"/>
                  </actions>
                </route>
              </routes>
            </te-group>
          </te-groups>
        </destination>
        <destination from="in3" label="$1162">
          <te-groups>
            <te-group>
              <routes>
                <route to="in1">
                  <actions>
                    <action arg="1163" type="swap"/>
                  </actions>
                </route>
              </routes>
            </te-group>
            <te-group>
              <routes>
                <route to="in0">
                  <actions>
                    <action arg="1163" type="swap"/>
                    <action arg="2889" type="push"/>
                  </actions>
                </route>
              </routes>
            </te-group>
          </te-groups>
        </destination>
        <destination from="in3" label="$1167">
          <te-groups>
            <te-group>
              <routes>
                <route to="in1">
                  <actions>
                    <action arg="1168" type="swap"/>
                  </actions>
                </route>
              </routes>
            </te-group>
            <te-group>
              <routes>
                <route to="in0">
                  <actions>
                    <action arg="1168" type="swap"/>
                    <action arg="2889" type="push"/>
                  </actions>
                </route>
              </routes>
            </te-group>
          </te-groups>
        </destination>
        <destination from="in3" label="$1269">
          <te-groups>
            <te-group>
              <routes>
                <route to="in1">
                  <actions>
                    <action arg="1270" type="swap"/>
                  </actions>
                </route>
              </routes>
            </te-group>
            <te-group>
              <routes>
                <route to="in0">
                  <actions>
                    <action arg="1270" type="swap"/>
                    <action arg="2889" type="push"/>
                  </actions>
                </route>
              </routes>
            </te-group>
          </te-groups>
        </destination>
        <destination from="in3" label="$1275">
          <te-groups>
            <te-group>
              <routes>
                <route to="in1">
                  <actions>
                    <action arg="1276" type="swap"/>
                  </actions>
                </route>
              </routes>
            </te-group>
            <te-group>
              <routes>
                <route to="in0">
                  <actions>
                    <action arg="1276" type="swap"/>
                    <action arg="2889" type="push"/>
                  </actions>
                </route>
              </routes>
            </te-group>
          </te-groups>
        </destination>
        <destination from="in3" label="$1374">
          <te-groups>
            <te-group>
              <routes>
                <route to="in1">
                  <actions>
                    <action arg="1375" type="swap"/>
                  </actions>
                </route>
              </routes>
            </te-group>
            <te-group>
              <routes>
                <route to="in0">
                  <actions>
                    <action arg="1375" type="swap"/>
                    <action arg="2889" type="push"/>
                  </actions>
                </route>
              </routes>
            </te-group>
          </te-groups>
        </destination>
        <destination from="in3" label="$1379">
          <te-groups>
            <te-group>
              <routes>
                <route to="in1">
                  <actions>
                    <action arg="1380" type="swap"/>
                  </actions>
                </route>
              </routes>
            </te-group>
            <te-group>
              <routes>
                <route to="in0">
                  <actions>
                    <action arg="1380" type="swap"/>
                    <action arg="2889" type="push"/>
                  </actions>
                </route>
              </routes>
            </te-group>
          </te-groups>
        </destination>
        <destination from="in3" label="$1483">
          <te-groups>
            <te-group>
              <routes>
                <route to="in1">
                  <actions>
                    <action arg="1484" type="swap"/>
                  </actions>
                </route>
              </routes>
            </te-group>
            <te-group>
              <routes>
                <route to="in0">
                  <actions>
                    <action arg="1484" type="swap"/>
                    <action arg="2889" type="push"/>
                  </actions>
                </route>
              </routes>
            </te-group>
          </te-groups>
        </destination>
        <destination from="in3" label="$1489">
          <te-groups>
            <te-group>
              <routes>
                <route to="in1">
                  <actions>
                    <action arg="1490" type="swap"/>
                  </actions>
                </route>
              </routes>
            </te-group>
            <te-group>
              <routes>
                <route to="in0">
                  <actions>
                    <action arg="1490" type="swap"/>
                    <action arg="2889" type="push"/>
                  </actions>
                </route>
              </routes>
            </te-group>
          </te-groups>
        </destination>
        <destination from="in3" label="$1597">
          <te-groups>
            <te-group>
              <routes>
                <route to="in1">
                  <actions>
                    <action arg="1598" type="swap"/>
                  </actions>
                </route>
              </routes>
            </te-group>
            <te-group>
              <routes>
                <route to="in0">
                  <actions>
                    <action arg="1598" type="swap"/>
                    <action arg="2889" type="push"/>
                  </actions>
                </route>
              </routes>
            </te-group>
          </te-groups>
        </destination>
        <destination from="in3" label="$1603">
          <te-groups>
            <te-group>
              <routes>
                <route to="in1">
                  <actions>
                    <action arg="1604" type="swap"/>
                  </actions>
                </route>
              </routes>
            </te-group>
            <te-group>
              <routes>
                <route to="in0">
                  <actions>
                    <action arg="1604" type="swap"/>
                    <action arg="2889" type="push"/>
                  </actions>
                </route>
              </routes>
            </te-group>
          </te-groups>
        </destination>
        <destination from="in3" label="$2109">
          <te-groups>
            <te-group>
              <routes>
                <route to="in1">
                  <actions>
                    <action arg="2110" type="swap"/>
                  </actions>
                </route>
              </routes>
            </te-group>
            <te-group>
              <routes>
                <route to="in0">
                  <actions>
                    <action arg="2110" type="swap"/>
                    <action arg="2889" type="push"/>
                  </actions>
                </route>
              </routes>
            </te-group>
          </te-groups>
        </destination>
        <destination from="in3" label="$2117">
          <te-groups>
            <te-group>
              <routes>
                <route to="in1">
                  <actions>
                    <action arg="2118" type="swap"/>
                  </actions>
                </route>
              </routes>
            </te-group>
            <te-group>
              <routes>
                <route to="in0">
                  <actions>
                    <action arg="2118" type="swap"/>
                    <action arg="2889" type="push"/>
                  </actions>
                </route>
              </routes>
            </te-group>
          </te-groups>
        </destination>
        <destination from="in3" label="$2684">
          <te-groups>
            <te-group>
              <routes>
                <route to="in0">
                  <actions>
                    <action arg="2685" type="swap"/>
                  </actions>
                </route>
              </routes>
            </te-group>
            <te-group>
              <routes>
                <route to="in1">
                  <actions>
                    <action arg="2685" type="swap"/>
                    <action arg="2887" type="push"/>
                  </actions>
                </route>
              </routes>
            </te-group>
            <te-group>
              <routes>
                <route to="in0">
                  <actions>
                    <action arg="2685" type="swap"/>
                    <action arg="2887" type="push"/>
                    <action arg="2889" type="push"/>
                  </actions>
                </route>
              </routes>
            </te-group>
          </te-groups>
        </destination>
        <destination from="in3" label="$2694">
          <te-groups>
            <te-group>
              <routes>
                <route to="in0">
                  <actions>
                    <action arg="2695" type="swap"/>
                  </actions>
                </route>
              </routes>
            </te-group>
            <te-group>
              <routes>
                <route to="in1">
                  <actions>
                    <action arg="2695" type="swap"/>
                    <action arg="2887" type="push"/>
                  </actions>
                </route>
              </routes>
            </te-group>
            <te-group>
              <routes>
                <route to="in0">
                  <actions>
                    <action arg="2695" type="swap"/>
                    <action arg="2887" type="push"/>
                    <action arg="2889" type="push"/>
                  </actions>
                </route>
              </routes>
            </te-group>
          </te-groups>
        </destination>
        <destination from="in3" label="$2697">
          <te-groups>
            <te-group>
              <routes>
                <route to="in0">
                  <actions>
                    <action arg="2698" type="swap"/>
                  </actions>
                </route>
              </routes>
            </te-group>
            <te-group>
              <routes>
                <route to="in1">
                  <actions>
                    <action arg="2698" type="swap"/>
                    <action arg="2887" type="push"/>
                  </actions>
                </route>
              </routes>
            </te-group>
            <te-group>
              <routes>
                <route to="in0">
                  <actions>
                    <action arg="2698" type="swap"/>
                    <action arg="2887" type="push"/>
                    <action arg="2889" type="push"/>
                  </actions>
                </route>
              </routes>
            </te-group>
          </te-groups>
        </destination>
        <destination from="in3" label="$2741">
          <te-groups>
            <te-group>
              <routes>
                <route to="in1">
                  <actions>
                    <action arg="2742" type="swap"/>
                  </actions>
                </route>
              </routes>
            </te-group>
            <te-group>
              <routes>
                <route to="in0">
                  <actions>
                    <action arg="2742" type="swap"/>
                    <action arg="2889" type="push"/>
                  </actions>
                </route>
              </routes>
            </te-group>
          </te-groups>
        </destination>
        <destination from="in3" label="$2744">
          <te-groups>
            <te-group>
              <routes>
                <route to="in1">
                  <actions>
                    <action arg="2745" type="swap"/>
                  </actions>
                </route>
              </routes>
            </te-group>
            <te-group>
              <routes>
                <route to="in0">
                  <actions>
                    <action arg="2745" type="swap"/>
                    <action arg="2889" type="push"/>
                  </actions>
                </route>
              </routes>
            </te-group>
          </te-groups>
        </destination>
        <destination from="in3" label="$2770">
          <te-groups>
            <te-group>
              <routes>
                <route to="in2">
                  <actions>
                    <action arg="2771" type="swap"/>
                  </actions>
                </route>
              </routes>
            </te-group>
            <te-group>
              <routes>
                <route to="in0">
                  <actions>
                    <action arg="2771" type="swap"/>
                    <action arg="2895" type="push"/>
                  </actions>
                </route>
              </routes>
            </te-group>
          </te-groups>
        </destination>
      </destinations>
    </routing>
    <routing for="Pennsauken">
      <destinations>
        <destination from="eg0" ip="ip">
          <te-groups>
            <te-group>
              <routes>
                <route to="in0">
                  <actions>
                    <action arg="2689" type="push"/>
                  </actions>
                </route>
                <route to="in1">
                  <actions>
                    <action arg="2684" type="push"/>
                  </actions>
                </route>
                <route to="in1">
                  <actions>
                    <action arg="2773" type="push"/>
                  </actions>
                </route>
                <route to="in1">
                  <actions>
                    <action arg="2770" type="push"/>
                  </actions>
                </route>
                <route to="in0">
                  <actions>
                    <action arg="2766" type="push"/>
                  </actions>
                </route>
                <route to="in0">
                  <actions>
                    <action arg="2762" type="push"/>
                  </actions>
                </route>
                <route to="in0">
                  <actions>
                    <action arg="2759" type="push"/>
                  </actions>
                </route>
                <route to="in0">
                  <actions>
                    <action arg="2753" type="push"/>
                  </actions>
                </route>
                <route to="in0">
                  <actions>
                    <action arg="2748" type="push"/>
                  </actions>
                </route>
                <route to="in1">
                  <actions>
                    <action arg="2744" type="push"/>
                  </actions>
                </route>
                <route to="in1">
                  <actions>
                    <action arg="2741" type="push"/>
                  </actions>
                </route>
                <route to="in0">
                  <actions>
                    <action arg="2737" type="push"/>
                  </actions>
                </route>
                <route to="in0">
                  <actions>
                    <action arg="2733" type="push"/>
                  </actions>
                </route>
                <route to="in0">
                  <actions>
                    <action arg="2726" type="push"/>
                  </actions>
                </route>
                <route to="in0">
                  <actions>
                    <action arg="2730" type="push"/>
                  </actions>
                </route>
                <route to="in1">
                  <actions>
                    <action arg="2694" type="push"/>
                  </actions>
                </route>
                <route to="in1">
                  <actions>
                    <action arg="2697" type="push"/>
                  </actions>
                </route>
                <route to="in0">
                  <actions>
                    <action arg="2701" type="push"/>
                  </actions>
                </route>
                <route to="in0">
                  <actions>
                    <action arg="2706" type="push"/>
                  </actions>
                </route>
                <route to="in0">
                  <actions>
                    <action arg="2709" type="push"/>
                  </actions>
                </route>
                <route to="in0">
                  <actions>
                    <action arg="2713" type="push"/>
                  </actions>
                </route>
                <route to="in0">
                  <actions>
                    <action arg="2718" type="push"/>
                  </actions>
                </route>
                <route to="in0">
                  <actions>
                    <action arg="2721" type="push"/>
                  </actions>
                </route>
                <route to="in0">
                  <actions>
                    <action arg="2723" type="push"/>
                  </actions>
                </route>
              </routes>
            </te-group>
            <te-group>
              <routes>
                <route to="in1">
                  <actions>
                    <action arg="2753" type="push"/>
                    <action arg="2905" type="push"/>
                  </actions>
                </route>
                <route to="in1">
                  <actions>
                    <action arg="2759" type="push"/>
                    <action arg="2905" type="push"/>
                  </actions>
                </route>
                <route to="in1">
                  <actions>
                    <action arg="2762" type="push"/>
                    <action arg="2905" type="push"/>
                  </actions>
                </route>
                <route to="in1">
                  <actions>
                    <action arg="2726" type="push"/>
                    <action arg="2905" type="push"/>
                  </actions>
                </route>
                <route to="in1">
                  <actions>
                    <action arg="2766" type="push"/>
                    <action arg="2905" type="push"/>
                  </actions>
                </route>
                <route to="in0">
                  <actions>
                    <action arg="2684" type="push"/>
                    <action arg="2910" type="push"/>
                  </actions>
                </route>
                <route to="in0">
                  <actions>
                    <action arg="2694" type="push"/>
                    <action arg="2910" type="push"/>
                  </actions>
                </route>
                <route to="in0">
                  <actions>
                    <action arg="2697" type="push"/>
                    <action arg="2910" type="push"/>
                  </actions>
                </route>
                <route to="in0">
                  <actions>
                    <action arg="2741" type="push"/>
                    <action arg="2910" type="push"/>
                  </actions>
                </route>
                <route to="in0">
                  <actions>
                    <action arg="2744" type="push"/>
                    <action arg="2910" type="push"/>
                  </actions>
                </route>
                <route to="in0">
                  <actions>
                    <action arg="2770" type="push"/>
                    <action arg="2910" type="push"/>
                  </actions>
                </route>
                <route to="in0">
                  <actions>
                    <action arg="2773" type="push"/>
                    <action arg="2910" type="push"/>
                  </actions>
                </route>
                <route to="in1">
                  <actions>
                    <action arg="2737" type="push"/>
                    <action arg="2905" type="push"/>
                  </actions>
                </route>
                <route to="in1">
                  <actions>
                    <action arg="2748" type="push"/>
                    <action arg="2905" type="push"/>
                  </actions>
                </route>
                <route to="in1">
                  <actions>
                    <action arg="2689" type="push"/>
                    <action arg="2905" type="push"/>
                  </actions>
                </route>
                <route to="in1">
                  <actions>
                    <action arg="2701" type="push"/>
                    <action arg="2905" type="push"/>
                  </actions>
                </route>
                <route to="in1">
                  <actions>
                    <action arg="2706" type="push"/>
                    <action arg="2905" type="push"/>
                  </actions>
                </route>
                <route to="in1">
                  <actions>
                    <action arg="2709" type="push"/>
                    <action arg="2905" type="push"/>
                  </actions>
                </route>
                <route to="in1">
                  <actions>
                    <action arg="2713" type="push"/>
                    <action arg="2905" type="push"/>
                  </actions>
                </route>
                <route to="in1">
                  <actions>
                    <action arg="2718" type="push"/>
                    <action arg="2905" type="push"/>
                  </actions>
                </route>
                <route to="in1">
                  <actions>
                    <action arg="2721" type="push"/>
                    <action arg="2905" type="push"/>
                  </actions>
                </route>
                <route to="in1">
                  <actions>
                    <action arg="2723" type="push"/>
                    <action arg="2905" type="push"/>
                  </actions>
                </route>
                <route to="in1">
                  <actions>
                    <action arg="2730" type="push"/>
                    <action arg="2905" type="push"/>
                  </actions>
                </route>
                <route to="in1">
                  <actions>
                    <action arg="2733" type="push"/>
                    <action arg="2905" type="push"/>
                  </actions>
                </route>
              </routes>
            </te-group>
            <te-group>
              <routes>
                <route to="in0">
                  <actions>
                    <action arg="2766" type="push"/>
                    <action arg="2905" type="push"/>
                    <action arg="2910" type="push"/>
                  </actions>
                </route>
                <route to="in0">
                  <actions>
                    <action arg="2762" type="push"/>
                    <action arg="2905" type="push"/>
                    <action arg="2910" type="push"/>
                  </actions>
                </route>
                <route to="in0">
                  <actions>
                    <action arg="2759" type="push"/>
                    <action arg="2905" type="push"/>
                    <action arg="2910" type="push"/>
                  </actions>
                </route>
                <route to="in0">
                  <actions>
                    <action arg="2753" type="push"/>
                    <action arg="2905" type="push"/>
                    <action arg="2910" type="push"/>
                  </actions>
                </route>
                <route to="in0">
                  <actions>
                    <action arg="2748" type="push"/>
                    <action arg="2905" type="push"/>
                    <action arg="2910" type="push"/>
                  </actions>
                </route>
                <route to="in0">
                  <actions>
                    <action arg="2737" type="push"/>
                    <action arg="2905" type="push"/>
                    <action arg="2910" type="push"/>
                  </actions>
                </route>
                <route to="in0">
                  <actions>
                    <action arg="2733" type="push"/>
                    <action arg="2905" type="push"/>
                    <action arg="2910" type="push"/>
                  </actions>
                </route>
                <route to="in0">
                  <actions>
                    <action arg="2730" type="push"/>
                    <action arg="2905" type="push"/>
                    <action arg="2910" type="push"/>
                  </actions>
                </route>
                <route to="in0">
                  <actions>
                    <action arg="2726" type="push"/>
                    <action arg="2905" type="push"/>
                    <action arg="2910" type="push"/>
                  </actions>
                </route>
                <route to="in0">
                  <actions>
                    <action arg="2723" type="push"/>
                    <action arg="2905" type="push"/>
                    <action arg="2910" type="push"/>
                  </actions>
                </route>
                <route to="in0">
                  <actions>
                    <action arg="2721" type="push"/>
                    <action arg="2905" type="push"/>
                    <action arg="2910" type="push"/>
                  </actions>
                </route>
                <route to="in0">
                  <actions>
                    <action arg="2718" type="push"/>
                    <action arg="2905" type="push"/>
                    <action arg="2910" type="push"/>
                  </actions>
                </route>
                <route to="in0">
                  <actions>
                    <action arg="2713" type="push"/>
                    <action arg="2905" type="push"/>
                    <action arg="2910" type="push"/>
                  </actions>
                </route>
                <route to="in0">
                  <actions>
                    <action arg="2709" type="push"/>
                    <action arg="2905" type="push"/>
                    <action arg="2910" type="push"/>
                  </actions>
                </route>
                <route to="in0">
                  <actions>
                    <action arg="2706" type="push"/>
                    <action arg="2905" type="push"/>
                    <action arg="2910" type="push"/>
                  </actions>
                </route>
                <route to="in0">
                  <actions>
                    <action arg="2701" type="push"/>
                    <action arg="2905" type="push"/>
                    <action arg="2910" type="push"/>
                  </actions>
                </route>
                <route to="in0">
                  <actions>
                    <action arg="2689" type="push"/>
                    <action arg="2905" type="push"/>
                    <action arg="2910" type="push"/>
                  </actions>
                </route>
              </routes>
            </te-group>
          </te-groups>
        </destination>
        <destination from="in0" label="168">
          <te-groups>
            <te-group>
              <routes>
                <route to="eg0">
                  <actions>
                    <action type="pop"/>
                  </actions>
                </route>
              </routes>
            </te-group>
          </te-groups>
        </destination>
        <destination from="in0" label="286">
          <te-groups>
            <te-group>
              <routes>
                <route to="eg0">
                  <actions>
                    <action type="pop"/>
                  </actions>
                </route>
              </routes>
            </te-group>
          </te-groups>
        </destination>
        <destination from="in0" label="403">
          <te-groups>
            <te-group>
              <routes>
                <route to="eg0">
                  <actions>
                    <action type="pop"/>
                  </actions>
                </route>
              </routes>
            </te-group>
          </te-groups>
        </destination>
        <destination from="in0" label="503">
          <te-groups>
            <te-group>
              <routes>
                <route to="eg0">
                  <actions>
                    <action type="pop"/>
                  </actions>
                </route>
              </routes>
            </te-group>
          </te-groups>
        </destination>
        <destination from="in0" label="621">
          <te-groups>
            <te-group>
              <routes>
                <route to="eg0">
                  <actions>
                    <action type="pop"/>
                  </actions>
                </route>
              </routes>
            </te-group>
          </te-groups>
        </destination>
        <destination from="in0" label="721">
          <te-groups>
            <te-group>
              <routes>
                <route to="eg0">
                  <actions>
                    <action type="pop"/>
                  </actions>
                </route>
              </routes>
            </te-group>
          </te-groups>
        </destination>
        <destination from="in0" label="816">
          <te-groups>
            <te-group>
              <routes>
                <route to="eg0">
                  <actions>
                    <action type="pop"/>
                  </actions>
                </route>
              </routes>
            </te-group>
          </te-groups>
        </destination>
        <destination from="in0" label="918">
          <te-groups>
            <te-group>
              <routes>
                <route to="eg0">
                  <actions>
                    <action type="pop"/>
                  </actions>
                </route>
              </routes>
            </te-group>
          </te-groups>
        </destination>
        <destination from="in0" label="1022">
          <te-groups>
            <te-group>
              <routes>
                <route to="eg0">
                  <actions>
                    <action type="pop"/>
                  </actions>
                </route>
              </routes>
            </te-group>
          </te-groups>
        </destination>
        <destination from="in0" label="1106">
          <te-groups>
            <te-group>
              <routes>
                <route to="eg0">
                  <actions>
                    <action type="pop"/>
                  </actions>
                </route>
              </routes>
            </te-group>
          </te-groups>
        </destination>
        <destination from="in0" label="1199">
          <te-groups>
            <te-group>
              <routes>
                <route to="eg0">
                  <actions>
                    <action type="pop"/>
                  </actions>
                </route>
              </routes>
            </te-group>
          </te-groups>
        </destination>
        <destination from="in0" label="1315">
          <te-groups>
            <te-group>
              <routes>
                <route to="eg0">
                  <actions>
                    <action type="pop"/>
                  </actions>
                </route>
              </routes>
            </te-group>
          </te-groups>
        </destination>
        <destination from="in0" label="1413">
          <te-groups>
            <te-group>
              <routes>
                <route to="eg0">
                  <actions>
                    <action type="pop"/>
                  </actions>
                </route>
              </routes>
            </te-group>
          </te-groups>
        </destination>
        <destination from="in0" label="1529">
          <te-groups>
            <te-group>
              <routes>
                <route to="eg0">
                  <actions>
                    <action type="pop"/>
                  </actions>
                </route>
              </routes>
            </te-group>
          </te-groups>
        </destination>
        <destination from="in0" label="1635">
          <te-groups>
            <te-group>
              <routes>
                <route to="eg0">
                  <actions>
                    <action type="pop"/>
                  </actions>
                </route>
              </routes>
            </te-group>
          </te-groups>
        </destination>
        <destination from="in0" label="1750">
          <te-groups>
            <te-group>
              <routes>
                <route to="eg0">
                  <actions>
                    <action type="pop"/>
                  </actions>
                </route>
              </routes>
            </te-group>
          </te-groups>
        </destination>
        <destination from="in0" label="1899">
          <te-groups>
            <te-group>
              <routes>
                <route to="eg0">
                  <actions>
                    <action type="pop"/>
                  </actions>
                </route>
              </routes>
            </te-group>
          </te-groups>
        </destination>
        <destination from="in0" label="2010">
          <te-groups>
            <te-group>
              <routes>
                <route to="eg0">
                  <actions>
                    <action type="pop"/>
                  </actions>
                </route>
              </routes>
            </te-group>
          </te-groups>
        </destination>
        <destination from="in0" label="2150">
          <te-groups>
            <te-group>
              <routes>
                <route to="eg0">
                  <actions>
                    <action type="pop"/>
                  </actions>
                </route>
              </routes>
            </te-group>
          </te-groups>
        </destination>
        <destination from="in0" label="2243">
          <te-groups>
            <te-group>
              <routes>
                <route to="eg0">
                  <actions>
                    <action type="pop"/>
                  </actions>
                </route>
              </routes>
            </te-group>
          </te-groups>
        </destination>
        <destination from="in0" label="2360">
          <te-groups>
            <te-group>
              <routes>
                <route to="eg0">
                  <actions>
                    <action type="pop"/>
                  </actions>
                </route>
              </routes>
            </te-group>
          </te-groups>
        </destination>
        <destination from="in0" label="2475">
          <te-groups>
            <te-group>
              <routes>
                <route to="eg0">
                  <actions>
                    <action type="pop"/>
                  </actions>
                </route>
              </routes>
            </te-group>
          </te-groups>
        </destination>
        <destination from="in0" label="2581">
          <te-groups>
            <te-group>
              <routes>
                <route to="eg0">
                  <actions>
                    <action type="pop"/>
                  </actions>
                </route>
              </routes>
            </te-group>
          </te-groups>
        </destination>
        <destination from="in0" label="2682">
          <te-groups>
            <te-group>
              <routes>
                <route to="eg0">
                  <actions>
                    <action type="pop"/>
                  </actions>
                </route>
              </routes>
            </te-group>
          </te-groups>
        </destination>
        <destination from="in0" label="2782">
          <te-groups>
            <te-group>
              <routes>
                <route to="in0">
                  <actions>
                    <action arg="2781" type="swap"/>
                  </actions>
                </route>
              </routes>
            </te-group>
          </te-groups>
        </destination>
        <destination from="in0" label="2795">
          <te-groups>
            <te-group>
              <routes>
                <route to="in1">
                  <actions>
                    <action arg="2794" type="swap"/>
                  </actions>
                </route>
              </routes>
            </te-group>
            <te-group>
              <routes>
                <route to="in0">
                  <actions>
                    <action arg="2794" type="swap"/>
                    <action arg="2910" type="push"/>
                  </actions>
                </route>
              </routes>
            </te-group>
          </te-groups>
        </destination>
        <destination from="in0" label="$980">
          <te-groups>
            <te-group>
              <routes>
                <route to="in1">
                  <actions>
                    <action arg="981" type="swap"/>
                  </actions>
                </route>
              </routes>
            </te-group>
            <te-group>
              <routes>
                <route to="in0">
                  <actions>
                    <action arg="981" type="swap"/>
                    <action arg="2910" type="push"/>
                  </actions>
                </route>
              </routes>
            </te-group>
          </te-groups>
        </destination>
        <destination from="in0" label="$985">
          <te-groups>
            <te-group>
              <routes>
                <route to="in1">
                  <actions>
                    <action arg="986" type="swap"/>
                  </actions>
                </route>
              </routes>
            </te-group>
            <te-group>
              <routes>
                <route to="in0">
                  <actions>
                    <action arg="986" type="swap"/>
                    <action arg="2910" type="push"/>
                  </actions>
                </route>
              </routes>
            </te-group>
          </te-groups>
        </destination>
        <destination from="in0" label="$1018">
          <te-groups>
            <te-group>
              <routes>
                <route to="in1">
                  <actions>
                    <action arg="1019" type="swap"/>
                  </actions>
                </route>
              </routes>
            </te-group>
            <te-group>
              <routes>
                <route to="in0">
                  <actions>
                    <action arg="1019" type="swap"/>
                    <action arg="2910" type="push"/>
                  </actions>
                </route>
              </routes>
            </te-group>
          </te-groups>
        </destination>
        <destination from="in0" label="$1024">
          <te-groups>
            <te-group>
              <routes>
                <route to="in1">
                  <actions>
                    <action arg="1025" type="swap"/>
                  </actions>
                </route>
              </routes>
            </te-group>
            <te-group>
              <routes>
                <route to="in0">
                  <actions>
                    <action arg="1025" type="swap"/>
                    <action arg="2910" type="push"/>
                  </actions>
                </route>
              </routes>
            </te-group>
          </te-groups>
        </destination>
        <destination from="in0" label="$1035">
          <te-groups>
            <te-group>
              <routes>
                <route to="in1">
                  <actions>
                    <action arg="1036" type="swap"/>
                  </actions>
                </route>
              </routes>
            </te-group>
            <te-group>
              <routes>
                <route to="in0">
                  <actions>
                    <action arg="1036" type="swap"/>
                    <action arg="2910" type="push"/>
                  </actions>
                </route>
              </routes>
            </te-group>
          </te-groups>
        </destination>
        <destination from="in0" label="$1039">
          <te-groups>
            <te-group>
              <routes>
                <route to="in1">
                  <actions>
                    <action arg="1040" type="swap"/>
                  </actions>
                </route>
              </routes>
            </te-group>
            <te-group>
              <routes>
                <route to="in0">
                  <actions>
                    <action arg="1040" type="swap"/>
                    <action arg="2910" type="push"/>
                  </actions>
                </route>
              </routes>
            </te-group>
          </te-groups>
        </destination>
        <destination from="in0" label="$1073">
          <te-groups>
            <te-group>
              <routes>
                <route to="in1">
                  <actions>
                    <action arg="1074" type="swap"/>
                  </actions>
                </route>
              </routes>
            </te-group>
            <te-group>
              <routes>
                <route to="in0">
                  <actions>
                    <action arg="1074" type="swap"/>
                    <action arg="2910" type="push"/>
                  </actions>
                </route>
              </routes>
            </te-group>
          </te-groups>
        </destination>
        <destination from="in0" label="$1077">
          <te-groups>
            <te-group>
              <routes>
                <route to="in1">
                  <actions>
                    <action arg="1078" type="swap"/>
                  </actions>
                </route>
              </routes>
            </te-group>
            <te-group>
              <routes>
                <route to="in0">
                  <actions>
                    <action arg="1078" type="swap"/>
                    <action arg="2910" type="push"/>
                  </actions>
                </route>
              </routes>
            </te-group>
          </te-groups>
        </destination>
        <destination from="in0" label="$1103">
          <te-groups>
            <te-group>
              <routes>
                <route to="in1">
                  <actions>
                    <action arg="1104" type="swap"/>
                  </actions>
                </route>
              </routes>
            </te-group>
            <te-group>
              <routes>
                <route to="in0">
                  <actions>
                    <action arg="1104" type="swap"/>
                    <action arg="2910" type="push"/>
                  </actions>
                </route>
              </routes>
            </te-group>
          </te-groups>
        </destination>
        <destination from="in0" label="$1161">
          <te-groups>
            <te-group>
              <routes>
                <route to="in1">
                  <actions>
                    <action arg="1162" type="swap"/>
                  </actions>
                </route>
              </routes>
            </te-group>
            <te-group>
              <routes>
                <route to="in0">
                  <actions>
                    <action arg="1162" type="swap"/>
                    <action arg="2910" type="push"/>
                  </actions>
                </route>
              </routes>
            </te-group>
          </te-groups>
        </destination>
        <destination from="in0" label="$1166">
          <te-groups>
            <te-group>
              <routes>
                <route to="in1">
                  <actions>
                    <action arg="1167" type="swap"/>
                  </actions>
                </route>
              </routes>
            </te-group>
            <te-group>
              <routes>
                <route to="in0">
                  <actions>
                    <action arg="1167" type="swap"/>
                    <action arg="2910" type="push"/>
                  </actions>
                </route>
              </routes>
            </te-group>
          </te-groups>
        </destination>
        <destination from="in0" label="$1195">
          <te-groups>
            <te-group>
              <routes>
                <route to="in1">
                  <actions>
                    <action arg="1196" type="swap"/>
                  </actions>
                </route>
              </routes>
            </te-group>
            <te-group>
              <routes>
                <route to="in0">
                  <actions>
                    <action arg="1196" type="swap"/>
                    <action arg="2910" type="push"/>
                  </actions>
                </route>
              </routes>
            </te-group>
          </te-groups>
        </destination>
        <destination from="in0" label="$1268">
          <te-groups>
            <te-group>
              <routes>
                <route to="in1">
                  <actions>
                    <action arg="1269" type="swap"/>
                  </actions>
                </route>
              </routes>
            </te-group>
            <te-group>
              <routes>
                <route to="in0">
                  <actions>
                    <action arg="1269" type="swap"/>
                    <action arg="2910" type="push"/>
                  </actions>
                </route>
              </routes>
            </te-group>
          </te-groups>
        </destination>
        <destination from="in0" label="$1274">
          <te-groups>
            <te-group>
              <routes>
                <route to="in1">
                  <actions>
                    <action arg="1275" type="swap"/>
                  </actions>
                </route>
              </routes>
            </te-group>
            <te-group>
              <routes>
                <route to="in0">
                  <actions>
                    <action arg="1275" type="swap"/>
                    <action arg="2910" type="push"/>
                  </actions>
                </route>
              </routes>
            </te-group>
          </te-groups>
        </destination>
        <destination from="in0" label="$1310">
          <te-groups>
            <te-group>
              <routes>
                <route to="in1">
                  <actions>
                    <action arg="1311" type="swap"/>
                  </actions>
                </route>
              </routes>
            </te-group>
            <te-group>
              <routes>
                <route to="in0">
                  <actions>
                    <action arg="1311" type="swap"/>
                    <action arg="2910" type="push"/>
                  </actions>
                </route>
              </routes>
            </te-group>
          </te-groups>
        </destination>
        <destination from="in0" label="$1373">
          <te-groups>
            <te-group>
              <routes>
                <route to="in1">
                  <actions>
                    <action arg="1374" type="swap"/>
                  </actions>
                </route>
              </routes>
            </te-group>
            <te-group>
              <routes>
                <route to="in0">
                  <actions>
                    <action arg="1374" type="swap"/>
                    <action arg="2910" type="push"/>
                  </actions>
                </route>
              </routes>
            </te-group>
          </te-groups>
        </destination>
        <destination from="in0" label="$1378">
          <te-groups>
            <te-group>
              <routes>
                <route to="in1">
                  <actions>
                    <action arg="1379" type="swap"/>
                  </actions>
                </route>
              </routes>
            </te-group>
            <te-group>
              <routes>
                <route to="in0">
                  <actions>
                    <action arg="1379" type="swap"/>
                    <action arg="2910" type="push"/>
                  </actions>
                </route>
              </routes>
            </te-group>
          </te-groups>
        </destination>
        <destination from="in0" label="$1409">
          <te-groups>
            <te-group>
              <routes>
                <route to="in1">
                  <actions>
                    <action arg="1410" type="swap"/>
                  </actions>
                </route>
              </routes>
            </te-group>
            <te-group>
              <routes>
                <route to="in0">
                  <actions>
                    <action arg="1410" type="swap"/>
                    <action arg="2910" type="push"/>
                  </actions>
                </route>
              </routes>
            </te-group>
          </te-groups>
        </destination>
        <destination from="in0" label="$1482">
          <te-groups>
            <te-group>
              <routes>
                <route to="in1">
                  <actions>
                    <action arg="1483" type="swap"/>
                  </actions>
                </route>
              </routes>
            </te-group>
            <te-group>
              <routes>
                <route to="in0">
                  <actions>
                    <action arg="1483" type="swap"/>
                    <action arg="2910" type="push"/>
                  </actions>
                </route>
              </routes>
            </te-group>
          </te-groups>
        </destination>
        <destination from="in0" label="$1488">
          <te-groups>
            <te-group>
              <routes>
                <route to="in1">
                  <actions>
                    <action arg="1489" type="swap"/>
                  </actions>
                </route>
              </routes>
            </te-group>
            <te-group>
              <routes>
                <route to="in0">
                  <actions>
                    <action arg="1489" type="swap"/>
                    <action arg="2910" type="push"/>
                  </actions>
                </route>
              </routes>
            </te-group>
          </te-groups>
        </destination>
        <destination from="in0" label="$1524">
          <te-groups>
            <te-group>
              <routes>
                <route to="in1">
                  <actions>
                    <action arg="1525" type="swap"/>
                  </actions>
                </route>
              </routes>
            </te-group>
            <te-group>
              <routes>
                <route to="in0">
                  <actions>
                    <action arg="1525" type="swap"/>
                    <action arg="2910" type="push"/>
                  </actions>
                </route>
              </routes>
            </te-group>
          </te-groups>
        </destination>
        <destination from="in0" label="$1596">
          <te-groups>
            <te-group>
              <routes>
                <route to="in1">
                  <actions>
                    <action arg="1597" type="swap"/>
                  </actions>
                </route>
              </routes>
            </te-group>
            <te-group>
              <routes>
                <route to="in0">
                  <actions>
                    <action arg="1597" type="swap"/>
                    <action arg="2910" type="push"/>
                  </actions>
                </route>
              </routes>
            </te-group>
          </te-groups>
        </destination>
        <destination from="in0" label="$1602">
          <te-groups>
            <te-group>
              <routes>
                <route to="in1">
                  <actions>
                    <action arg="1603" type="swap"/>
                  </actions>
                </route>
              </routes>
            </te-group>
            <te-group>
              <routes>
                <route to="in0">
                  <actions>
                    <action arg="1603" type="swap"/>
                    <action arg="2910" type="push"/>
                  </actions>
                </route>
              </routes>
            </te-group>
          </te-groups>
        </destination>
        <destination from="in0" label="$1630">
          <te-groups>
            <te-group>
              <routes>
                <route to="in1">
                  <actions>
                    <action arg="1631" type="swap"/>
                  </actions>
                </route>
              </routes>
            </te-group>
            <te-group>
              <routes>
                <route to="in0">
                  <actions>
                    <action arg="1631" type="swap"/>
                    <action arg="2910" type="push"/>
                  </actions>
                </route>
              </routes>
            </te-group>
          </te-groups>
        </destination>
        <destination from="in0" label="$1803">
          <te-groups>
            <te-group>
              <routes>
                <route to="in0">
                  <actions>
                    <action arg="1804" type="swap"/>
                  </actions>
                </route>
              </routes>
            </te-group>
          </te-groups>
        </destination>
        <destination from="in0" label="$1809">
          <te-groups>
            <te-group>
              <routes>
                <route to="in0">
                  <actions>
                    <action arg="1810" type="swap"/>
                  </actions>
                </route>
              </routes>
            </te-group>
          </te-groups>
        </destination>
        <destination from="in0" label="$1814">
          <te-groups>
            <te-group>
              <routes>
                <route to="in0">
                  <actions>
                    <action arg="1815" type="swap"/>
                  </actions>
                </route>
              </routes>
            </te-group>
          </te-groups>
        </destination>
        <destination from="in0" label="$1820">
          <te-groups>
            <te-group>
              <routes>
                <route to="in0">
                  <actions>
                    <action arg="1821" type="swap"/>
                  </actions>
                </route>
              </routes>
            </te-group>
          </te-groups>
        </destination>
        <destination from="in0" label="$1827">
          <te-groups>
            <te-group>
              <routes>
                <route to="in0">
                  <actions>
                    <action arg="1828" type="swap"/>
                  </actions>
                </route>
              </routes>
            </te-group>
          </te-groups>
        </destination>
        <destination from="in0" label="$1833">
          <te-groups>
            <te-group>
              <routes>
                <route to="in0">
                  <actions>
                    <action arg="1834" type="swap"/>
                  </actions>
                </route>
              </routes>
            </te-group>
          </te-groups>
        </destination>
        <destination from="in0" label="$1840">
          <te-groups>
            <te-group>
              <routes>
                <route to="in0">
                  <actions>
                    <action arg="1841" type="swap"/>
                  </actions>
                </route>
              </routes>
            </te-group>
          </te-groups>
        </destination>
        <destination from="in0" label="$1849">
          <te-groups>
            <te-group>
              <routes>
                <route to="in0">
                  <actions>
                    <action arg="1850" type="swap"/>
                  </actions>
                </route>
              </routes>
            </te-group>
          </te-groups>
        </destination>
        <destination from="in0" label="$1857">
          <te-groups>
            <te-group>
              <routes>
                <route to="in0">
                  <actions>
                    <action arg="1858" type="swap"/>
                  </actions>
                </route>
              </routes>
            </te-group>
          </te-groups>
        </destination>
        <destination from="in0" label="$2108">
          <te-groups>
            <te-group>
              <routes>
                <route to="in1">
                  <actions>
                    <action arg="2109" type="swap"/>
                  </actions>
                </route>
              </routes>
            </te-group>
            <te-group>
              <routes>
                <route to="in0">
                  <actions>
                    <action arg="2109" type="swap"/>
                    <action arg="2910" type="push"/>
                  </actions>
                </route>
              </routes>
            </te-group>
          </te-groups>
        </destination>
        <destination from="in0" label="$2116">
          <te-groups>
            <te-group>
              <routes>
                <route to="in1">
                  <actions>
                    <action arg="2117" type="swap"/>
                  </actions>
                </route>
              </routes>
            </te-group>
            <te-group>
              <routes>
                <route to="in0">
                  <actions>
                    <action arg="2117" type="swap"/>
                    <action arg="2910" type="push"/>
                  </actions>
                </route>
              </routes>
            </te-group>
          </te-groups>
        </destination>
        <destination from="in0" label="$2143">
          <te-groups>
            <te-group>
              <routes>
                <route to="in1">
                  <actions>
                    <action arg="2144" type="swap"/>
                  </actions>
                </route>
              </routes>
            </te-group>
            <te-group>
              <routes>
                <route to="in0">
                  <actions>
                    <action arg="2144" type="swap"/>
                    <action arg="2910" type="push"/>
                  </actions>
                </route>
              </routes>
            </te-group>
          </te-groups>
        </destination>
        <destination from="in0" label="$2616">
          <te-groups>
            <te-group>
              <routes>
                <route to="in0">
                  <actions>
                    <action arg="2617" type="swap"/>
                  </actions>
                </route>
              </routes>
            </te-group>
          </te-groups>
        </destination>
        <destination from="in0" label="$2620">
          <te-groups>
            <te-group>
              <routes>
                <route to="in0">
                  <actions>
                    <action arg="2621" type="swap"/>
                  </actions>
                </route>
              </routes>
            </te-group>
          </te-groups>
        </destination>
        <destination from="in0" label="$2623">
          <te-groups>
            <te-group>
              <routes>
                <route to="in0">
                  <actions>
                    <action arg="2624" type="swap"/>
                  </actions>
                </route>
              </routes>
            </te-group>
          </te-groups>
        </destination>
        <destination from="in0" label="$2627">
          <te-groups>
            <te-group>
              <routes>
                <route to="in0">
                  <actions>
                    <action arg="2628" type="swap"/>
                  </actions>
                </route>
              </routes>
            </te-group>
          </te-groups>
        </destination>
        <destination from="in0" label="$2632">
          <te-groups>
            <te-group>
              <routes>
                <route to="in0">
                  <actions>
                    <action arg="2633" type="swap"/>
                  </actions>
                </route>
              </routes>
            </te-group>
          </te-groups>
        </destination>
        <destination from="in0" label="$2636">
          <te-groups>
            <te-group>
              <routes>
                <route to="in0">
                  <actions>
                    <action arg="2637" type="swap"/>
                  </actions>
                </route>
              </routes>
            </te-group>
          </te-groups>
        </destination>
        <destination from="in0" label="$2641">
          <te-groups>
            <te-group>
              <routes>
                <route to="in0">
                  <actions>
                    <action arg="2642" type="swap"/>
                  </actions>
                </route>
              </routes>
            </te-group>
          </te-groups>
        </destination>
        <destination from="in0" label="$2651">
          <te-groups>
            <te-group>
              <routes>
                <route to="in0">
                  <actions>
                    <action arg="2652" type="swap"/>
                  </actions>
                </route>
              </routes>
            </te-group>
          </te-groups>
        </destination>
        <destination from="in0" label="$2657">
          <te-groups>
            <te-group>
              <routes>
                <route to="in0">
                  <actions>
                    <action arg="2658" type="swap"/>
                  </actions>
                </route>
              </routes>
            </te-group>
          </te-groups>
        </destination>
        <destination from="in1" label="168">
          <te-groups>
            <te-group>
              <routes>
                <route to="eg0">
                  <actions>
                    <action type="pop"/>
                  </actions>
                </route>
              </routes>
            </te-group>
          </te-groups>
        </destination>
        <destination from="in1" label="286">
          <te-groups>
            <te-group>
              <routes>
                <route to="eg0">
                  <actions>
                    <action type="pop"/>
                  </actions>
                </route>
              </routes>
            </te-group>
          </te-groups>
        </destination>
        <destination from="in1" label="403">
          <te-groups>
            <te-group>
              <routes>
                <route to="eg0">
                  <actions>
                    <action type="pop"/>
                  </actions>
                </route>
              </routes>
            </te-group>
          </te-groups>
        </destination>
        <destination from="in1" label="503">
          <te-groups>
            <te-group>
              <routes>
                <route to="eg0">
                  <actions>
                    <action type="pop"/>
                  </actions>
                </route>
              </routes>
            </te-group>
          </te-groups>
        </destination>
        <destination from="in1" label="621">
          <te-groups>
            <te-group>
              <routes>
                <route to="eg0">
                  <actions>
                    <action type="pop"/>
                  </actions>
                </route>
              </routes>
            </te-group>
          </te-groups>
        </destination>
        <destination from="in1" label="721">
          <te-groups>
            <te-group>
              <routes>
                <route to="eg0">
                  <actions>
                    <action type="pop"/>
                  </actions>
                </route>
              </routes>
            </te-group>
          </te-groups>
        </destination>
        <destination from="in1" label="816">
          <te-groups>
            <te-group>
              <routes>
                <route to="eg0">
                  <actions>
                    <action type="pop"/>
                  </actions>
                </route>
              </routes>
            </te-group>
          </te-groups>
        </destination>
        <destination from="in1" label="918">
          <te-groups>
            <te-group>
              <routes>
                <route to="eg0">
                  <actions>
                    <action type="pop"/>
                  </actions>
                </route>
              </routes>
            </te-group>
          </te-groups>
        </destination>
        <destination from="in1" label="1022">
          <te-groups>
            <te-group>
              <routes>
                <route to="eg0">
                  <actions>
                    <action type="pop"/>
                  </actions>
                </route>
              </routes>
            </te-group>
          </te-groups>
        </destination>
        <destination from="in1" label="1106">
          <te-groups>
            <te-group>
              <routes>
                <route to="eg0">
                  <actions>
                    <action type="pop"/>
                  </actions>
                </route>
              </routes>
            </te-group>
          </te-groups>
        </destination>
        <destination from="in1" label="1199">
          <te-groups>
            <te-group>
              <routes>
                <route to="eg0">
                  <actions>
                    <action type="pop"/>
                  </actions>
                </route>
              </routes>
            </te-group>
          </te-groups>
        </destination>
        <destination from="in1" label="1315">
          <te-groups>
            <te-group>
              <routes>
                <route to="eg0">
                  <actions>
                    <action type="pop"/>
                  </actions>
                </route>
              </routes>
            </te-group>
          </te-groups>
        </destination>
        <destination from="in1" label="1413">
          <te-groups>
            <te-group>
              <routes>
                <route to="eg0">
                  <actions>
                    <action type="pop"/>
                  </actions>
                </route>
              </routes>
            </te-group>
          </te-groups>
        </destination>
        <destination from="in1" label="1529">
          <te-groups>
            <te-group>
              <routes>
                <route to="eg0">
                  <actions>
                    <action type="pop"/>
                  </actions>
                </route>
              </routes>
            </te-group>
          </te-groups>
        </destination>
        <destination from="in1" label="1635">
          <te-groups>
            <te-group>
              <routes>
                <route to="eg0">
                  <actions>
                    <action type="pop"/>
                  </actions>
                </route>
              </routes>
            </te-group>
          </te-groups>
        </destination>
        <destination from="in1" label="1750">
          <te-groups>
            <te-group>
              <routes>
                <route to="eg0">
                  <actions>
                    <action type="pop"/>
                  </actions>
                </route>
              </routes>
            </te-group>
          </te-groups>
        </destination>
        <destination from="in1" label="1899">
          <te-groups>
            <te-group>
              <routes>
                <route to="eg0">
                  <actions>
                    <action type="pop"/>
                  </actions>
                </route>
              </routes>
            </te-group>
          </te-groups>
        </destination>
        <destination from="in1" label="2010">
          <te-groups>
            <te-group>
              <routes>
                <route to="eg0">
                  <actions>
                    <action type="pop"/>
                  </actions>
                </route>
              </routes>
            </te-group>
          </te-groups>
        </destination>
        <destination from="in1" label="2150">
          <te-groups>
            <te-group>
              <routes>
                <route to="eg0">
                  <actions>
                    <action type="pop"/>
                  </actions>
                </route>
              </routes>
            </te-group>
          </te-groups>
        </destination>
        <destination from="in1" label="2243">
          <te-groups>
            <te-group>
              <routes>
                <route to="eg0">
                  <actions>
                    <action type="pop"/>
                  </actions>
                </route>
              </routes>
            </te-group>
          </te-groups>
        </destination>
        <destination from="in1" label="2360">
          <te-groups>
            <te-group>
              <routes>
                <route to="eg0">
                  <actions>
                    <action type="pop"/>
                  </actions>
                </route>
              </routes>
            </te-group>
          </te-groups>
        </destination>
        <destination from="in1" label="2475">
          <te-groups>
            <te-group>
              <routes>
                <route to="eg0">
                  <actions>
                    <action type="pop"/>
                  </actions>
                </route>
              </routes>
            </te-group>
          </te-groups>
        </destination>
        <destination from="in1" label="2581">
          <te-groups>
            <te-group>
              <routes>
                <route to="eg0">
                  <actions>
                    <action type="pop"/>
                  </actions>
                </route>
              </routes>
            </te-group>
          </te-groups>
        </destination>
        <destination from="in1" label="2682">
          <te-groups>
            <te-group>
              <routes>
                <route to="eg0">
                  <actions>
                    <action type="pop"/>
                  </actions>
                </route>
              </routes>
            </te-group>
          </te-groups>
        </destination>
        <destination from="in1" label="2782">
          <te-groups>
            <te-group>
              <routes>
                <route to="in0">
                  <actions>
                    <action arg="2781" type="swap"/>
                  </actions>
                </route>
              </routes>
            </te-group>
            <te-group>
              <routes>
                <route to="in1">
                  <actions>
                    <action arg="2781" type="swap"/>
                    <action arg="2905" type="push"/>
                  </actions>
                </route>
              </routes>
            </te-group>
          </te-groups>
        </destination>
        <destination from="in1" label="2795">
          <te-groups>
            <te-group>
              <routes>
                <route to="in1">
                  <actions>
                    <action arg="2794" type="swap"/>
                  </actions>
                </route>
              </routes>
            </te-group>
          </te-groups>
        </destination>
        <destination from="in1" label="$980">
          <te-groups>
            <te-group>
              <routes>
                <route to="in1">
                  <actions>
                    <action arg="981" type="swap"/>
                  </actions>
                </route>
              </routes>
            </te-group>
          </te-groups>
        </destination>
        <destination from="in1" label="$985">
          <te-groups>
            <te-group>
              <routes>
                <route to="in1">
                  <actions>
                    <action arg="986" type="swap"/>
                  </actions>
                </route>
              </routes>
            </te-group>
          </te-groups>
        </destination>
        <destination from="in1" label="$1018">
          <te-groups>
            <te-group>
              <routes>
                <route to="in1">
                  <actions>
                    <action arg="1019" type="swap"/>
                  </actions>
                </route>
              </routes>
            </te-group>
          </te-groups>
        </destination>
        <destination from="in1" label="$1024">
          <te-groups>
            <te-group>
              <routes>
                <route to="in1">
                  <actions>
                    <action arg="1025" type="swap"/>
                  </actions>
                </route>
              </routes>
            </te-group>
          </te-groups>
        </destination>
        <destination from="in1" label="$1035">
          <te-groups>
            <te-group>
              <routes>
                <route to="in1">
                  <actions>
                    <action arg="1036" type="swap"/>
                  </actions>
                </route>
              </routes>
            </te-group>
          </te-groups>
        </destination>
        <destination from="in1" label="$1039">
          <te-groups>
            <te-group>
              <routes>
                <route to="in1">
                  <actions>
                    <action arg="1040" type="swap"/>
                  </actions>
                </route>
              </routes>
            </te-group>
          </te-groups>
        </destination>
        <destination from="in1" label="$1073">
          <te-groups>
            <te-group>
              <routes>
                <route to="in1">
                  <actions>
                    <action arg="1074" type="swap"/>
                  </actions>
                </route>
              </routes>
            </te-group>
          </te-groups>
        </destination>
        <destination from="in1" label="$1077">
          <te-groups>
            <te-group>
              <routes>
                <route to="in1">
                  <actions>
                    <action arg="1078" type="swap"/>
                  </actions>
                </route>
              </routes>
            </te-group>
          </te-groups>
        </destination>
        <destination from="in1" label="$1103">
          <te-groups>
            <te-group>
              <routes>
                <route to="in1">
                  <actions>
                    <action arg="1104" type="swap"/>
                  </actions>
                </route>
              </routes>
            </te-group>
          </te-groups>
        </destination>
        <destination from="in1" label="$1161">
          <te-groups>
            <te-group>
              <routes>
                <route to="in1">
                  <actions>
                    <action arg="1162" type="swap"/>
                  </actions>
                </route>
              </routes>
            </te-group>
          </te-groups>
        </destination>
        <destination from="in1" label="$1166">
          <te-groups>
            <te-group>
              <routes>
                <route to="in1">
                  <actions>
                    <action arg="1167" type="swap"/>
                  </actions>
                </route>
              </routes>
            </te-group>
          </te-groups>
        </destination>
        <destination from="in1" label="$1195">
          <te-groups>
            <te-group>
              <routes>
                <route to="in1">
                  <actions>
                    <action arg="1196" type="swap"/>
                  </actions>
                </route>
              </routes>
            </te-group>
          </te-groups>
        </destination>
        <destination from="in1" label="$1268">
          <te-groups>
            <te-group>
              <routes>
                <route to="in1">
                  <actions>
                    <action arg="1269" type="swap"/>
                  </actions>
                </route>
              </routes>
            </te-group>
          </te-groups>
        </destination>
        <destination from="in1" label="$1274">
          <te-groups>
            <te-group>
              <routes>
                <route to="in1">
                  <actions>
                    <action arg="1275" type="swap"/>
                  </actions>
                </route>
              </routes>
            </te-group>
          </te-groups>
        </destination>
        <destination from="in1" label="$1310">
          <te-groups>
            <te-group>
              <routes>
                <route to="in1">
                  <actions>
                    <action arg="1311" type="swap"/>
                  </actions>
                </route>
              </routes>
            </te-group>
          </te-groups>
        </destination>
        <destination from="in1" label="$1373">
          <te-groups>
            <te-group>
              <routes>
                <route to="in1">
                  <actions>
                    <action arg="1374" type="swap"/>
                  </actions>
                </route>
              </routes>
            </te-group>
          </te-groups>
        </destination>
        <destination from="in1" label="$1378">
          <te-groups>
            <te-group>
              <routes>
                <route to="in1">
                  <actions>
                    <action arg="1379" type="swap"/>
                  </actions>
                </route>
              </routes>
            </te-group>
          </te-groups>
        </destination>
        <destination from="in1" label="$1409">
          <te-groups>
            <te-group>
              <routes>
                <route to="in1">
                  <actions>
                    <action arg="1410" type="swap"/>
                  </actions>
                </route>
              </routes>
            </te-group>
          </te-groups>
        </destination>
        <destination from="in1" label="$1482">
          <te-groups>
            <te-group>
              <routes>
                <route to="in1">
                  <actions>
                    <action arg="1483" type="swap"/>
                  </actions>
                </route>
              </routes>
            </te-group>
          </te-groups>
        </destination>
        <destination from="in1" label="$1488">
          <te-groups>
            <te-group>
              <routes>
                <route to="in1">
                  <actions>
                    <action arg="1489" type="swap"/>
                  </actions>
                </route>
              </routes>
            </te-group>
          </te-groups>
        </destination>
        <destination from="in1" label="$1524">
          <te-groups>
            <te-group>
              <routes>
                <route to="in1">
                  <actions>
                    <action arg="1525" type="swap"/>
                  </actions>
                </route>
              </routes>
            </te-group>
          </te-groups>
        </destination>
        <destination from="in1" label="$1596">
          <te-groups>
            <te-group>
              <routes>
                <route to="in1">
                  <actions>
                    <action arg="1597" type="swap"/>
                  </actions>
                </route>
              </routes>
            </te-group>
          </te-groups>
        </destination>
        <destination from="in1" label="$1602">
          <te-groups>
            <te-group>
              <routes>
                <route to="in1">
                  <actions>
                    <action arg="1603" type="swap"/>
                  </actions>
                </route>
              </routes>
            </te-group>
          </te-groups>
        </destination>
        <destination from="in1" label="$1630">
          <te-groups>
            <te-group>
              <routes>
                <route to="in1">
                  <actions>
                    <action arg="1631" type="swap"/>
                  </actions>
                </route>
              </routes>
            </te-group>
          </te-groups>
        </destination>
        <destination from="in1" label="$1803">
          <te-groups>
            <te-group>
              <routes>
                <route to="in0">
                  <actions>
                    <action arg="1804" type="swap"/>
                  </actions>
                </route>
              </routes>
            </te-group>
            <te-group>
              <routes>
                <route to="in1">
                  <actions>
                    <action arg="1804" type="swap"/>
                    <action arg="2905" type="push"/>
                  </actions>
                </route>
              </routes>
            </te-group>
          </te-groups>
        </destination>
        <destination from="in1" label="$1809">
          <te-groups>
            <te-group>
              <routes>
                <route to="in0">
                  <actions>
                    <action arg="1810" type="swap"/>
                  </actions>
                </route>
              </routes>
            </te-group>
            <te-group>
              <routes>
                <route to="in1">
                  <actions>
                    <action arg="1810" type="swap"/>
                    <action arg="2905" type="push"/>
                  </actions>
                </route>
              </routes>
            </te-group>
          </te-groups>
        </destination>
        <destination from="in1" label="$1814">
          <te-groups>
            <te-group>
              <routes>
                <route to="in0">
                  <actions>
                    <action arg="1815" type="swap"/>
                  </actions>
                </route>
              </routes>
            </te-group>
            <te-group>
              <routes>
                <route to="in1">
                  <actions>
                    <action arg="1815" type="swap"/>
                    <action arg="2905" type="push"/>
                  </actions>
                </route>
              </routes>
            </te-group>
          </te-groups>
        </destination>
        <destination from="in1" label="$1820">
          <te-groups>
            <te-group>
              <routes>
                <route to="in0">
                  <actions>
                    <action arg="1821" type="swap"/>
                  </actions>
                </route>
              </routes>
            </te-group>
            <te-group>
              <routes>
                <route to="in1">
                  <actions>
                    <action arg="1821" type="swap"/>
                    <action arg="2905" type="push"/>
                  </actions>
                </route>
              </routes>
            </te-group>
          </te-groups>
        </destination>
        <destination from="in1" label="$1827">
          <te-groups>
            <te-group>
              <routes>
                <route to="in0">
                  <actions>
                    <action arg="1828" type="swap"/>
                  </actions>
                </route>
              </routes>
            </te-group>
            <te-group>
              <routes>
                <route to="in1">
                  <actions>
                    <action arg="1828" type="swap"/>
                    <action arg="2905" type="push"/>
                  </actions>
                </route>
              </routes>
            </te-group>
          </te-groups>
        </destination>
        <destination from="in1" label="$1833">
          <te-groups>
            <te-group>
              <routes>
                <route to="in0">
                  <actions>
                    <action arg="1834" type="swap"/>
                  </actions>
                </route>
              </routes>
            </te-group>
            <te-group>
              <routes>
                <route to="in1">
                  <actions>
                    <action arg="1834" type="swap"/>
                    <action arg="2905" type="push"/>
                  </actions>
                </route>
              </routes>
            </te-group>
          </te-groups>
        </destination>
        <destination from="in1" label="$1840">
          <te-groups>
            <te-group>
              <routes>
                <route to="in0">
                  <actions>
                    <action arg="1841" type="swap"/>
                  </actions>
                </route>
              </routes>
            </te-group>
            <te-group>
              <routes>
                <route to="in1">
                  <actions>
                    <action arg="1841" type="swap"/>
                    <action arg="2905" type="push"/>
                  </actions>
                </route>
              </routes>
            </te-group>
          </te-groups>
        </destination>
        <destination from="in1" label="$1849">
          <te-groups>
            <te-group>
              <routes>
                <route to="in0">
                  <actions>
                    <action arg="1850" type="swap"/>
                  </actions>
                </route>
              </routes>
            </te-group>
            <te-group>
              <routes>
                <route to="in1">
                  <actions>
                    <action arg="1850" type="swap"/>
                    <action arg="2905" type="push"/>
                  </actions>
                </route>
              </routes>
            </te-group>
          </te-groups>
        </destination>
        <destination from="in1" label="$1857">
          <te-groups>
            <te-group>
              <routes>
                <route to="in0">
                  <actions>
                    <action arg="1858" type="swap"/>
                  </actions>
                </route>
              </routes>
            </te-group>
            <te-group>
              <routes>
                <route to="in1">
                  <actions>
                    <action arg="1858" type="swap"/>
                    <action arg="2905" type="push"/>
                  </actions>
                </route>
              </routes>
            </te-group>
          </te-groups>
        </destination>
        <destination from="in1" label="$2108">
          <te-groups>
            <te-group>
              <routes>
                <route to="in1">
                  <actions>
                    <action arg="2109" type="swap"/>
                  </actions>
                </route>
              </routes>
            </te-group>
          </te-groups>
        </destination>
        <destination from="in1" label="$2116">
          <te-groups>
            <te-group>
              <routes>
                <route to="in1">
                  <actions>
                    <action arg="2117" type="swap"/>
                  </actions>
                </route>
              </routes>
            </te-group>
          </te-groups>
        </destination>
        <destination from="in1" label="$2143">
          <te-groups>
            <te-group>
              <routes>
                <route to="in1">
                  <actions>
                    <action arg="2144" type="swap"/>
                  </actions>
                </route>
              </routes>
            </te-group>
          </te-groups>
        </destination>
        <destination from="in1" label="$2616">
          <te-groups>
            <te-group>
              <routes>
                <route to="in0">
                  <actions>
                    <action arg="2617" type="swap"/>
                  </actions>
                </route>
              </routes>
            </te-group>
            <te-group>
              <routes>
                <route to="in1">
                  <actions>
                    <action arg="2617" type="swap"/>
                    <action arg="2905" type="push"/>
                  </actions>
                </route>
              </routes>
            </te-group>
          </te-groups>
        </destination>
        <destination from="in1" label="$2620">
          <te-groups>
            <te-group>
              <routes>
                <route to="in0">
                  <actions>
                    <action arg="2621" type="swap"/>
                  </actions>
                </route>
              </routes>
            </te-group>
            <te-group>
              <routes>
                <route to="in1">
                  <actions>
                    <action arg="2621" type="swap"/>
                    <action arg="2905" type="push"/>
                  </actions>
                </route>
              </routes>
            </te-group>
          </te-groups>
        </destination>
        <destination from="in1" label="$2623">
          <te-groups>
            <te-group>
              <routes>
                <route to="in0">
                  <actions>
                    <action arg="2624" type="swap"/>
                  </actions>
                </route>
              </routes>
            </te-group>
            <te-group>
              <routes>
                <route to="in1">
                  <actions>
                    <action arg="2624" type="swap"/>
                    <action arg="2905" type="push"/>
                  </actions>
                </route>
              </routes>
            </te-group>
          </te-groups>
        </destination>
        <destination from="in1" label="$2627">
          <te-groups>
            <te-group>
              <routes>
                <route to="in0">
                  <actions>
                    <action arg="2628" type="swap"/>
                  </actions>
                </route>
              </routes>
            </te-group>
            <te-group>
              <routes>
                <route to="in1">
                  <actions>
                    <action arg="2628" type="swap"/>
                    <action arg="2905" type="push"/>
                  </actions>
                </route>
              </routes>
            </te-group>
          </te-groups>
        </destination>
        <destination from="in1" label="$2632">
          <te-groups>
            <te-group>
              <routes>
                <route to="in0">
                  <actions>
                    <action arg="2633" type="swap"/>
                  </actions>
                </route>
              </routes>
            </te-group>
            <te-group>
              <routes>
                <route to="in1">
                  <actions>
                    <action arg="2633" type="swap"/>
                    <action arg="2905" type="push"/>
                  </actions>
                </route>
              </routes>
            </te-group>
          </te-groups>
        </destination>
        <destination from="in1" label="$2636">
          <te-groups>
            <te-group>
              <routes>
                <route to="in0">
                  <actions>
                    <action arg="2637" type="swap"/>
                  </actions>
                </route>
              </routes>
            </te-group>
            <te-group>
              <routes>
                <route to="in1">
                  <actions>
                    <action arg="2637" type="swap"/>
                    <action arg="2905" type="push"/>
                  </actions>
                </route>
              </routes>
            </te-group>
          </te-groups>
        </destination>
        <destination from="in1" label="$2641">
          <te-groups>
            <te-group>
              <routes>
                <route to="in0">
                  <actions>
                    <action arg="2642" type="swap"/>
                  </actions>
                </route>
              </routes>
            </te-group>
            <te-group>
              <routes>
                <route to="in1">
                  <actions>
                    <action arg="2642" type="swap"/>
                    <action arg="2905" type="push"/>
                  </actions>
                </route>
              </routes>
            </te-group>
          </te-groups>
        </destination>
        <destination from="in1" label="$2651">
          <te-groups>
            <te-group>
              <routes>
                <route to="in0">
                  <actions>
                    <action arg="2652" type="swap"/>
                  </actions>
                </route>
              </routes>
            </te-group>
            <te-group>
              <routes>
                <route to="in1">
                  <actions>
                    <action arg="2652" type="swap"/>
                    <action arg="2905" type="push"/>
                  </actions>
                </route>
              </routes>
            </te-group>
          </te-groups>
        </destination>
        <destination from="in1" label="$2657">
          <te-groups>
            <te-group>
              <routes>
                <route to="in0">
                  <actions>
                    <action arg="2658" type="swap"/>
                  </actions>
                </route>
              </routes>
            </te-group>
            <te-group>
              <routes>
                <route to="in1">
                  <actions>
                    <action arg="2658" type="swap"/>
                    <action arg="2905" type="push"/>
                  </actions>
                </route>
              </routes>
            </te-group>
          </te-groups>
        </destination>
      </destinations>
    </routing>
  </routings>
</routes>
