<network>
  <routers>
    <router name="Miami" latitude="25.7743" longitude="-80.1937" >
      <interfaces>
        <interface name="eg0"/>
        <interface name="in0"/>
      </interfaces>
    </router>
    <router name="Houston" latitude="29.7633" longitude="-95.3633" >
      <interfaces>
        <interface name="eg0"/>
        <interface name="in0"/>
      </interfaces>
    </router>
    <router name="Washington_DC" latitude="38.8951" longitude="-77.0364" >
      <interfaces>
        <interface name="eg0"/>
        <interface name="in0"/>
        <interface name="in1"/>
      </interfaces>
    </router>
    <router name="Atlanta" latitude="33.749" longitude="-84.388" >
      <interfaces>
        <interface name="eg0"/>
        <interface name="in0"/>
        <interface name="in1"/>
        <interface name="in2"/>
        <interface name="in3"/>
      </interfaces>
    </router>
    <router name="Mexico_City" latitude="35.0845" longitude="-106.651" >
      <interfaces>
        <interface name="eg0"/>
        <interface name="in0"/>
      </interfaces>
    </router>
    <router name="Phoenix" latitude="33.4484" longitude="-112.074" >
      <interfaces>
        <interface name="eg0"/>
        <interface name="in0"/>
        <interface name="in1"/>
      </interfaces>
    </router>
    <router name="Dallas" latitude="32.7831" longitude="-96.8067" >
      <interfaces>
        <interface name="eg0"/>
        <interface name="in0"/>
        <interface name="in1"/>
        <interface name="in2"/>
        <interface name="in3"/>
        <interface name="in4"/>
      </interfaces>
    </router>
    <router name="St_Louis" latitude="38.6273" longitude="-90.1979" >
      <interfaces>
        <interface name="eg0"/>
        <interface name="in0"/>
        <interface name="in1"/>
      </interfaces>
    </router>
    <router name="San_Diego" latitude="32.7153" longitude="-117.157" >
      <interfaces>
        <interface name="eg0"/>
        <interface name="in0"/>
      </interfaces>
    </router>
    <router name="Los_Angeles" latitude="34.0522" longitude="-118.244" >
      <interfaces>
        <interface name="eg0"/>
        <interface name="in0"/>
        <interface name="in1"/>
        <interface name="in2"/>
        <interface name="in3"/>
        <interface name="in4"/>
        <interface name="in5"/>
      </interfaces>
    </router>
    <router name="Santa_Clara" latitude="37.3541" longitude="-121.955" >
      <interfaces>
        <interface name="eg0"/>
        <interface name="in0"/>
        <interface name="in1"/>
        <interface name="in2"/>
        <interface name="in3"/>
        <interface name="in4"/>
      </interfaces>
    </router>
    <router name="Stockton" latitude="37.9577" longitude="-121.291" >
      <interfaces>
        <interface name="eg0"/>
        <interface name="in0"/>
      </interfaces>
    </router>
    <router name="Sacramento" latitude="38.5816" longitude="-121.494" >
      <interfaces>
        <interface name="eg0"/>
        <interface name="in0"/>
        <interface name="in1"/>
      </interfaces>
    </router>
    <router name="Fresno" latitude="36.7477" longitude="-119.772" >
      <interfaces>
        <interface name="eg0"/>
        <interface name="in0"/>
      </interfaces>
    </router>
    <router name="San_Francisco" latitude="37.7749" longitude="-122.419" >
      <interfaces>
        <interface name="eg0"/>
        <interface name="in0"/>
        <interface name="in1"/>
      </interfaces>
    </router>
    <router name="New_York" latitude="40.7143" longitude="-74.006" >
      <interfaces>
        <interface name="eg0"/>
        <interface name="in0"/>
        <interface name="in1"/>
        <interface name="in2"/>
      </interfaces>
    </router>
    <router name="Boston" latitude="42.3584" longitude="-71.0598" >
      <interfaces>
        <interface name="eg0"/>
        <interface name="in0"/>
      </interfaces>
    </router>
    <router name="Seattle" latitude="47.6062" longitude="-122.332" >
      <interfaces>
        <interface name="eg0"/>
        <interface name="in0"/>
        <interface name="in1"/>
        <interface name="in2"/>
      </interfaces>
    </router>
    <router name="Salt_Lake_City" latitude="40.7608" longitude="-111.891" >
      <interfaces>
        <interface name="eg0"/>
        <interface name="in0"/>
      </interfaces>
    </router>
    <router name="Chicago" latitude="41.85" longitude="-87.65" >
      <interfaces>
        <interface name="eg0"/>
        <interface name="in0"/>
        <interface name="in1"/>
        <interface name="in2"/>
        <interface name="in3"/>
        <interface name="in4"/>
      </interfaces>
    </router>
    <router name="Minneapolis" latitude="44.98" longitude="-93.2638" >
      <interfaces>
        <interface name="eg0"/>
        <interface name="in0"/>
      </interfaces>
    </router>
    <router name="Detroit" latitude="42.3314" longitude="-83.0457" >
      <interfaces>
        <interface name="eg0"/>
        <interface name="in0"/>
        <interface name="in1"/>
      </interfaces>
    </router>
    <router name="Pittsburg" latitude="38.028" longitude="-121.885" >
      <interfaces>
        <interface name="eg0"/>
        <interface name="in0"/>
        <interface name="in1"/>
      </interfaces>
    </router>
    <router name="Philadelphia" latitude="39.9523" longitude="-75.1638" >
      <interfaces>
        <interface name="eg0"/>
        <interface name="in0"/>
        <interface name="in1"/>
        <interface name="in2"/>
        <interface name="in3"/>
      </interfaces>
    </router>
    <router name="Pennsauken" latitude="39.9562" longitude="-75.058" >
      <interfaces>
        <interface name="eg0"/>
        <interface name="in0"/>
        <interface name="in1"/>
      </interfaces>
    </router>
  </routers>
  <links>
    <link>
      <sides>
        <shared_interface interface="in0" router="Miami"/>
        <shared_interface interface="in0" router="Atlanta"/>
      </sides>
    </link>
    <link>
      <sides>
        <shared_interface interface="in0" router="Houston"/>
        <shared_interface interface="in0" router="Dallas"/>
      </sides>
    </link>
    <link>
      <sides>
        <shared_interface interface="in0" router="Washington_DC"/>
        <shared_interface interface="in1" router="Atlanta"/>
      </sides>
    </link>
    <link>
      <sides>
        <shared_interface interface="in1" router="Washington_DC"/>
        <shared_interface interface="in0" router="Philadelphia"/>
      </sides>
    </link>
    <link>
      <sides>
        <shared_interface interface="in2" router="Atlanta"/>
        <shared_interface interface="in1" router="Dallas"/>
      </sides>
    </link>
    <link>
      <sides>
        <shared_interface interface="in3" router="Atlanta"/>
        <shared_interface interface="in0" router="New_York"/>
      </sides>
    </link>
    <link>
      <sides>
        <shared_interface interface="in0" router="Mexico_City"/>
        <shared_interface interface="in2" router="Dallas"/>
      </sides>
    </link>
    <link>
      <sides>
        <shared_interface interface="in0" router="Phoenix"/>
        <shared_interface interface="in0" router="Los_Angeles"/>
      </sides>
    </link>
    <link>
      <sides>
        <shared_interface interface="in1" router="Phoenix"/>
        <shared_interface interface="in3" router="Dallas"/>
      </sides>
    </link>
    <link>
      <sides>
        <shared_interface interface="in4" router="Dallas"/>
        <shared_interface interface="in0" router="St_Louis"/>
      </sides>
    </link>
    <link>
      <sides>
        <shared_interface interface="in1" router="St_Louis"/>
        <shared_interface interface="in0" router="Chicago"/>
      </sides>
    </link>
    <link>
      <sides>
        <shared_interface interface="in0" router="San_Diego"/>
        <shared_interface interface="in1" router="Los_Angeles"/>
      </sides>
    </link>
    <link>
      <sides>
        <shared_interface interface="in2" router="Los_Angeles"/>
        <shared_interface interface="in0" router="Santa_Clara"/>
      </sides>
    </link>
    <link>
      <sides>
        <shared_interface interface="in3" router="Los_Angeles"/>
        <shared_interface interface="in0" router="Sacramento"/>
      </sides>
    </link>
    <link>
      <sides>
        <shared_interface interface="in4" router="Los_Angeles"/>
        <shared_interface interface="in1" router="Chicago"/>
      </sides>
    </link>
    <link>
      <sides>
        <shared_interface interface="in5" router="Los_Angeles"/>
        <shared_interface interface="in0" router="Pennsauken"/>
      </sides>
    </link>
    <link>
      <sides>
        <shared_interface interface="in1" router="Santa_Clara"/>
        <shared_interface interface="in0" router="Stockton"/>
      </sides>
    </link>
    <link>
      <sides>
        <shared_interface interface="in2" router="Santa_Clara"/>
        <shared_interface interface="in1" router="Sacramento"/>
      </sides>
    </link>
    <link>
      <sides>
        <shared_interface interface="in3" router="Santa_Clara"/>
        <shared_interface interface="in0" router="Fresno"/>
      </sides>
    </link>
    <link>
      <sides>
        <shared_interface interface="in4" router="Santa_Clara"/>
        <shared_interface interface="in0" router="San_Francisco"/>
      </sides>
    </link>
    <link>
      <sides>
        <shared_interface interface="in1" router="San_Francisco"/>
        <shared_interface interface="in0" router="Seattle"/>
      </sides>
    </link>
    <link>
      <sides>
        <shared_interface interface="in1" router="New_York"/>
        <shared_interface interface="in0" router="Boston"/>
      </sides>
    </link>
    <link>
      <sides>
        <shared_interface interface="in2" router="New_York"/>
        <shared_interface interface="in1" router="Philadelphia"/>
      </sides>
    </link>
    <link>
      <sides>
        <shared_interface interface="in1" router="Seattle"/>
        <shared_interface interface="in0" router="Salt_Lake_City"/>
      </sides>
    </link>
    <link>
      <sides>
        <shared_interface interface="in2" router="Seattle"/>
        <shared_interface interface="in2" router="Chicago"/>
      </sides>
    </link>
    <link>
      <sides>
        <shared_interface interface="in3" router="Chicago"/>
        <shared_interface interface="in0" router="Minneapolis"/>
      </sides>
    </link>
    <link>
      <sides>
        <shared_interface interface="in4" router="Chicago"/>
        <shared_interface interface="in0" router="Detroit"/>
      </sides>
    </link>
    <link>
      <sides>
        <shared_interface interface="in1" router="Detroit"/>
        <shared_interface interface="in0" router="Pittsburg"/>
      </sides>
    </link>
    <link>
      <sides>
        <shared_interface interface="in1" router="Pittsburg"/>
        <shared_interface interface="in2" router="Philadelphia"/>
      </sides>
    </link>
    <link>
      <sides>
        <shared_interface interface="in3" router="Philadelphia"/>
        <shared_interface interface="in1" router="Pennsauken"/>
      </sides>
    </link>
  </links>
</network>
